#
# There is insufficient memory for the Java Runtime Environment to continue.
# Native memory allocation (malloc) failed to allocate 1974384 bytes for Chunk::new
# Possible reasons:
#   The system is out of physical RAM or swap space
#   The process is running with CompressedOops enabled, and the Java Heap may be blocking the growth of the native heap
# Possible solutions:
#   Reduce memory load on the system
#   Increase physical memory or swap space
#   Check if swap backing store is full
#   Decrease Java heap size (-Xmx/-Xms)
#   Decrease number of Java threads
#   Decrease Java thread stack sizes (-Xss)
#   Set larger code cache with -XX:ReservedCodeCacheSize=
#   JVM is running with Zero Based Compressed Oops mode in which the Java heap is
#     placed in the first 32GB address space. The Java Heap base address is the
#     maximum limit for the native heap growth. Please use -XX:HeapBaseMinAddress
#     to set the Java Heap base and to place the Java Heap above 32GB virtual address.
# This output file may be truncated or incomplete.
#
#  Out of Memory Error (arena.cpp:184), pid=27960, tid=5980
#
# JRE version: Java(TM) SE Runtime Environment (19.0.2+7) (build 19.0.2+7-44)
# Java VM: Java HotSpot(TM) 64-Bit Server VM (19.0.2+7-44, mixed mode, sharing, tiered, compressed oops, compressed class ptrs, g1 gc, windows-amd64)
# No core dump will be written. Minidumps are not enabled by default on client versions of Windows
#

---------------  S U M M A R Y ------------

Command Line: -Dmaven.multiModuleProjectDirectory=D:\unitedStates duplicates original -Dmaven.home=C:\Users\99293\.m2\wrapper\dists\apache-maven-3.8.6-bin\1ks0nkde5v1pk9vtc31i9d0lcd\apache-maven-3.8.6 -Dclassworlds.conf=C:\Users\99293\.m2\wrapper\dists\apache-maven-3.8.6-bin\1ks0nkde5v1pk9vtc31i9d0lcd\apache-maven-3.8.6\bin\m2.conf -Dmaven.ext.class.path=C:\Program Files\JetBrains\IntelliJ IDEA 2022.1.2\plugins\maven\lib\maven-event-listener.jar -javaagent:C:\Program Files\JetBrains\IntelliJ IDEA 2022.1.2\lib\idea_rt.jar=60436:C:\Program Files\JetBrains\IntelliJ IDEA 2022.1.2\bin -Dfile.encoding=UTF-8 org.codehaus.classworlds.Launcher -Didea.version=2022.1.2 package

Host: 12th Gen Intel(R) Core(TM) i7-12650H, 16 cores, 15G,  Windows 11 , 64 bit Build 22621 (10.0.22621.3672)
Time: Wed Jul  3 14:23:31 2024  Windows 11 , 64 bit Build 22621 (10.0.22621.3672) elapsed time: 6.489450 seconds (0d 0h 0m 6s)

---------------  T H R E A D  ---------------

Current thread (0x000002493c756610):  JavaThread "C2 CompilerThread3" daemon [_thread_in_native, id=5980, stack(0x000000c268d00000,0x000000c268e00000)]


Current CompileTask:
C2:   6489 11502       4       lombok.javac.JavacAST::buildStatementOrExpression (104 bytes)

Stack: [0x000000c268d00000,0x000000c268e00000]
Native frames: (J=compiled Java code, j=interpreted, Vv=VM code, C=native code)
V  [jvm.dll+0x6ee21a]
V  [jvm.dll+0x85765e]
V  [jvm.dll+0x85904e]
V  [jvm.dll+0x859703]
V  [jvm.dll+0x28298f]
V  [jvm.dll+0xc9adf]
V  [jvm.dll+0xc9e65]
V  [jvm.dll+0x3bca4c]
V  [jvm.dll+0x1ee29a]
V  [jvm.dll+0x24c52b]
V  [jvm.dll+0x24b781]
V  [jvm.dll+0x1d6ce1]
V  [jvm.dll+0x25b25a]
V  [jvm.dll+0x2596e8]
V  [jvm.dll+0x807588]
V  [jvm.dll+0x80125a]
V  [jvm.dll+0x6ecf0b]
C  [ucrtbase.dll+0x29333]
C  [KERNEL32.DLL+0x1257d]
C  [ntdll.dll+0x5af28]


---------------  P R O C E S S  ---------------

Threads class SMR info:
_java_thread_list=0x000002493f679c10, length=20, elements={
0x0000024913840040, 0x0000024937482600, 0x00000249374833f0, 0x00000249374861f0,
0x000002493748bd50, 0x0000024937491af0, 0x0000024937492420, 0x0000024937493300,
0x0000024937497170, 0x000002493749db10, 0x000002493b89d0d0, 0x000002493b8afa40,
0x000002493b9104a0, 0x000002493b9e7130, 0x000002493b9cd3a0, 0x000002493bb03ee0,
0x000002493b9acd40, 0x000002493c014890, 0x000002493c756610, 0x000002493d77b200
}

Java Threads: ( => current thread )
  0x0000024913840040 JavaThread "main" [_thread_in_Java, id=15500, stack(0x000000c267400000,0x000000c267500000)]
  0x0000024937482600 JavaThread "Reference Handler" daemon [_thread_blocked, id=21572, stack(0x000000c267b00000,0x000000c267c00000)]
  0x00000249374833f0 JavaThread "Finalizer" daemon [_thread_blocked, id=17292, stack(0x000000c267c00000,0x000000c267d00000)]
  0x00000249374861f0 JavaThread "Signal Dispatcher" daemon [_thread_blocked, id=15952, stack(0x000000c267d00000,0x000000c267e00000)]
  0x000002493748bd50 JavaThread "Attach Listener" daemon [_thread_blocked, id=24832, stack(0x000000c267e00000,0x000000c267f00000)]
  0x0000024937491af0 JavaThread "Service Thread" daemon [_thread_blocked, id=2908, stack(0x000000c267f00000,0x000000c268000000)]
  0x0000024937492420 JavaThread "Monitor Deflation Thread" daemon [_thread_blocked, id=8400, stack(0x000000c268000000,0x000000c268100000)]
  0x0000024937493300 JavaThread "C2 CompilerThread0" daemon [_thread_in_native, id=13096, stack(0x000000c268100000,0x000000c268200000)]
  0x0000024937497170 JavaThread "C1 CompilerThread0" daemon [_thread_blocked, id=28088, stack(0x000000c268200000,0x000000c268300000)]
  0x000002493749db10 JavaThread "Sweeper thread" daemon [_thread_blocked, id=23948, stack(0x000000c268300000,0x000000c268400000)]
  0x000002493b89d0d0 JavaThread "C1 CompilerThread1" daemon [_thread_blocked, id=19376, stack(0x000000c268400000,0x000000c268500000)]
  0x000002493b8afa40 JavaThread "C1 CompilerThread2" daemon [_thread_blocked, id=17504, stack(0x000000c268500000,0x000000c268600000)]
  0x000002493b9104a0 JavaThread "Common-Cleaner" daemon [_thread_blocked, id=28956, stack(0x000000c268600000,0x000000c268700000)]
  0x000002493b9e7130 JavaThread "Monitor Ctrl-Break" daemon [_thread_in_native, id=22156, stack(0x000000c268700000,0x000000c268800000)]
  0x000002493b9cd3a0 JavaThread "Notification Thread" daemon [_thread_blocked, id=26684, stack(0x000000c268800000,0x000000c268900000)]
  0x000002493bb03ee0 JavaThread "C2 CompilerThread1" daemon [_thread_in_native, id=19084, stack(0x000000c268a00000,0x000000c268b00000)]
  0x000002493b9acd40 JavaThread "C1 CompilerThread3" daemon [_thread_blocked, id=14500, stack(0x000000c268b00000,0x000000c268c00000)]
  0x000002493c014890 JavaThread "C2 CompilerThread2" daemon [_thread_in_native, id=15868, stack(0x000000c268c00000,0x000000c268d00000)]
=>0x000002493c756610 JavaThread "C2 CompilerThread3" daemon [_thread_in_native, id=5980, stack(0x000000c268d00000,0x000000c268e00000)]
  0x000002493d77b200 JavaThread "C2 CompilerThread4" daemon [_thread_in_native, id=9064, stack(0x000000c269c00000,0x000000c269d00000)]

Other Threads:
  0x00000249374685c0 VMThread "VM Thread" [stack: 0x000000c267a00000,0x000000c267b00000] [id=10584]
  0x000002493b9aba80 WatcherThread "VM Periodic Task Thread" [stack: 0x000000c268900000,0x000000c268a00000] [id=21952]
  0x00000249138b1bf0 WorkerThread "GC Thread#0" [stack: 0x000000c267500000,0x000000c267600000] [id=11620]
  0x000002493bd20940 WorkerThread "GC Thread#1" [stack: 0x000000c269000000,0x000000c269100000] [id=22776]
  0x000002493bd200d0 WorkerThread "GC Thread#2" [stack: 0x000000c269100000,0x000000c269200000] [id=25760]
  0x000002493bd20c10 WorkerThread "GC Thread#3" [stack: 0x000000c269200000,0x000000c269300000] [id=14016]
  0x000002493bd211b0 WorkerThread "GC Thread#4" [stack: 0x000000c269300000,0x000000c269400000] [id=17040]
  0x000002493bd20ee0 WorkerThread "GC Thread#5" [stack: 0x000000c269400000,0x000000c269500000] [id=14180]
  0x000002493bd203a0 WorkerThread "GC Thread#6" [stack: 0x000000c269500000,0x000000c269600000] [id=3084]
  0x000002493bd21750 WorkerThread "GC Thread#7" [stack: 0x000000c269600000,0x000000c269700000] [id=24720]
  0x000002493cf0df20 WorkerThread "GC Thread#8" [stack: 0x000000c269700000,0x000000c269800000] [id=24836]
  0x000002493cf0b4f0 WorkerThread "GC Thread#9" [stack: 0x000000c269800000,0x000000c269900000] [id=20208]
  0x000002493cf0c300 WorkerThread "GC Thread#10" [stack: 0x000000c269900000,0x000000c269a00000] [id=13812]
  0x000002493cf0d6b0 WorkerThread "GC Thread#11" [stack: 0x000000c268e00000,0x000000c268f00000] [id=13272]
  0x000002493cf0d980 WorkerThread "GC Thread#12" [stack: 0x000000c268f00000,0x000000c269000000] [id=17100]
  0x00000249138c2560 ConcurrentGCThread "G1 Main Marker" [stack: 0x000000c267600000,0x000000c267700000] [id=17464]
  0x00000249138c2f90 WorkerThread "G1 Conc#0" [stack: 0x000000c267700000,0x000000c267800000] [id=7452]
  0x000002493cf0d3e0 WorkerThread "G1 Conc#1" [stack: 0x000000c269a00000,0x000000c269b00000] [id=20740]
  0x000002493cf0ce40 WorkerThread "G1 Conc#2" [stack: 0x000000c269b00000,0x000000c269c00000] [id=2560]
  0x00000249373248c0 ConcurrentGCThread "G1 Refine#0" [stack: 0x000000c267800000,0x000000c267900000] [id=29192]
  0x0000024937326320 ConcurrentGCThread "G1 Service" [stack: 0x000000c267900000,0x000000c267a00000] [id=5876]

Threads with active compile tasks:
C2 CompilerThread0     6499 11536       4       lombok.core.AST::buildWithCollection (128 bytes)
C1 CompilerThread1     6499 11677       3       com.sun.tools.javac.code.Lint$AugmentVisitor::augment (64 bytes)
C2 CompilerThread1     6499 11506   !   4       lombok.core.AST::buildWithField0 (121 bytes)
C2 CompilerThread2     6499 11503       4       lombok.core.AST::buildWithField (21 bytes)
C2 CompilerThread3     6499 11502       4       lombok.javac.JavacAST::buildStatementOrExpression (104 bytes)
C2 CompilerThread4     6499 11507   !   4       lombok.javac.JavacAST::drill (146 bytes)

VM state: not at safepoint (normal execution)

VM Mutex/Monitor currently owned by a thread:  ([mutex/lock_event])
[0x000002491383c1a0] MethodCompileQueue_lock - owner thread: 0x000002493b89d0d0
[0x000002491383bb70] CodeCache_lock - owner thread: 0x000002493b89d0d0
[0x000002491383c230] Compile_lock - owner thread: 0x000002493b89d0d0

Heap address: 0x0000000705e00000, size: 4002 MB, Compressed Oops mode: Zero based, Oop shift amount: 3

CDS archive(s) mapped at: [0x0000000800000000-0x0000000800c40000-0x0000000800c40000), size 12845056, SharedBaseAddress: 0x0000000800000000, ArchiveRelocationMode: 0.
Compressed class space mapped at: 0x0000000801000000-0x0000000841000000, reserved size: 1073741824
Narrow klass base: 0x0000000800000000, Narrow klass shift: 0, Narrow klass range: 0x100000000

GC Precious Log:
 CardTable entry size: 512
 Card Set container configuration: InlinePtr #cards 4 size 8 Array Of Cards #cards 16 size 48 Howl #buckets 8 coarsen threshold 3686 Howl Bitmap #cards 512 size 80 coarsen threshold 460 Card regions per heap region 1 cards per card region 4096
 CPUs: 16 total, 16 available
 Memory: 16005M
 Large Page Support: Disabled
 NUMA Support: Disabled
 Compressed Oops: Enabled (Zero based)
 Heap Region Size: 2M
 Heap Min Capacity: 8M
 Heap Initial Capacity: 252M
 Heap Max Capacity: 4002M
 Pre-touch: Disabled
 Parallel Workers: 13
 Concurrent Workers: 3
 Concurrent Refinement Workers: 13
 Periodic GC: Disabled

Heap:
 garbage-first heap   total 212992K, used 99609K [0x0000000705e00000, 0x0000000800000000)
  region size 2048K, 6 young (12288K), 1 survivors (2048K)
 Metaspace       used 33804K, committed 34432K, reserved 1114112K
  class space    used 3451K, committed 3776K, reserved 1048576K

Heap Regions: E=young(eden), S=young(survivor), O=old, HS=humongous(starts), HC=humongous(continues), CS=collection set, F=free, OA=open archive, CA=closed archive, TAMS=top-at-mark-start (previous, next)
|   0|0x0000000705e00000, 0x0000000706000000, 0x0000000706000000|100%| O|  |TAMS 0x0000000706000000, 0x0000000705e00000| Untracked 
|   1|0x0000000706000000, 0x0000000706200000, 0x0000000706200000|100%| O|  |TAMS 0x0000000706000000, 0x0000000706000000| Untracked 
|   2|0x0000000706200000, 0x0000000706400000, 0x0000000706400000|100%| O|  |TAMS 0x0000000706200000, 0x0000000706200000| Untracked 
|   3|0x0000000706400000, 0x0000000706600000, 0x0000000706600000|100%| O|  |TAMS 0x0000000706400000, 0x0000000706400000| Untracked 
|   4|0x0000000706600000, 0x0000000706800000, 0x0000000706800000|100%| O|  |TAMS 0x0000000706600000, 0x0000000706600000| Untracked 
|   5|0x0000000706800000, 0x0000000706a00000, 0x0000000706a00000|100%| O|  |TAMS 0x0000000706800000, 0x0000000706800000| Untracked 
|   6|0x0000000706a00000, 0x0000000706c00000, 0x0000000706c00000|100%| O|  |TAMS 0x0000000706a00000, 0x0000000706a00000| Untracked 
|   7|0x0000000706c00000, 0x0000000706e00000, 0x0000000706e00000|100%| O|  |TAMS 0x0000000706c00000, 0x0000000706c00000| Untracked 
|   8|0x0000000706e00000, 0x0000000707000000, 0x0000000707000000|100%| O|  |TAMS 0x0000000706e00000, 0x0000000706e00000| Untracked 
|   9|0x0000000707000000, 0x0000000707200000, 0x0000000707200000|100%| O|  |TAMS 0x0000000707000000, 0x0000000707000000| Untracked 
|  10|0x0000000707200000, 0x0000000707400000, 0x0000000707400000|100%| O|  |TAMS 0x0000000707200000, 0x0000000707200000| Untracked 
|  11|0x0000000707400000, 0x0000000707600000, 0x0000000707600000|100%| O|  |TAMS 0x0000000707400000, 0x0000000707400000| Untracked 
|  12|0x0000000707600000, 0x0000000707800000, 0x0000000707800000|100%| O|  |TAMS 0x0000000707600000, 0x0000000707600000| Untracked 
|  13|0x0000000707800000, 0x0000000707a00000, 0x0000000707a00000|100%| O|  |TAMS 0x0000000707800000, 0x0000000707800000| Untracked 
|  14|0x0000000707a00000, 0x0000000707c00000, 0x0000000707c00000|100%| O|  |TAMS 0x0000000707a00000, 0x0000000707a00000| Untracked 
|  15|0x0000000707c00000, 0x0000000707e00000, 0x0000000707e00000|100%| O|  |TAMS 0x0000000707c00000, 0x0000000707c00000| Untracked 
|  16|0x0000000707e00000, 0x0000000708000000, 0x0000000708000000|100%| O|  |TAMS 0x0000000707e00000, 0x0000000707e00000| Untracked 
|  17|0x0000000708000000, 0x0000000708200000, 0x0000000708200000|100%| O|  |TAMS 0x0000000708000000, 0x0000000708000000| Untracked 
|  18|0x0000000708200000, 0x0000000708400000, 0x0000000708400000|100%| O|  |TAMS 0x0000000708200000, 0x0000000708200000| Untracked 
|  19|0x0000000708400000, 0x0000000708600000, 0x0000000708600000|100%| O|  |TAMS 0x0000000708400000, 0x0000000708400000| Untracked 
|  20|0x0000000708600000, 0x0000000708800000, 0x0000000708800000|100%| O|  |TAMS 0x0000000708600000, 0x0000000708600000| Untracked 
|  21|0x0000000708800000, 0x0000000708a00000, 0x0000000708a00000|100%|HS|  |TAMS 0x0000000708800000, 0x0000000708800000| Complete 
|  22|0x0000000708a00000, 0x0000000708c00000, 0x0000000708c00000|100%|HC|  |TAMS 0x0000000708a00000, 0x0000000708a00000| Complete 
|  23|0x0000000708c00000, 0x0000000708e00000, 0x0000000708e00000|100%| O|  |TAMS 0x0000000708c00000, 0x0000000708c00000| Untracked 
|  24|0x0000000708e00000, 0x0000000709000000, 0x0000000709000000|100%| O|  |TAMS 0x0000000708e00000, 0x0000000708e00000| Untracked 
|  25|0x0000000709000000, 0x0000000709200000, 0x0000000709200000|100%| O|  |TAMS 0x0000000709000000, 0x0000000709000000| Untracked 
|  26|0x0000000709200000, 0x0000000709400000, 0x0000000709400000|100%| O|  |TAMS 0x0000000709200000, 0x0000000709200000| Untracked 
|  27|0x0000000709400000, 0x0000000709600000, 0x0000000709600000|100%| O|  |TAMS 0x0000000709400000, 0x0000000709400000| Untracked 
|  28|0x0000000709600000, 0x0000000709800000, 0x0000000709800000|100%| O|  |TAMS 0x0000000709600000, 0x0000000709600000| Untracked 
|  29|0x0000000709800000, 0x0000000709a00000, 0x0000000709a00000|100%| O|  |TAMS 0x0000000709800000, 0x0000000709800000| Untracked 
|  30|0x0000000709a00000, 0x0000000709c00000, 0x0000000709c00000|100%| O|  |TAMS 0x0000000709a00000, 0x0000000709a00000| Untracked 
|  31|0x0000000709c00000, 0x0000000709e00000, 0x0000000709e00000|100%| O|  |TAMS 0x0000000709c00000, 0x0000000709c00000| Untracked 
|  32|0x0000000709e00000, 0x000000070a000000, 0x000000070a000000|100%| O|  |TAMS 0x0000000709e00000, 0x0000000709e00000| Untracked 
|  33|0x000000070a000000, 0x000000070a200000, 0x000000070a200000|100%| O|  |TAMS 0x000000070a000000, 0x000000070a000000| Untracked 
|  34|0x000000070a200000, 0x000000070a400000, 0x000000070a400000|100%| O|  |TAMS 0x000000070a200000, 0x000000070a200000| Untracked 
|  35|0x000000070a400000, 0x000000070a400000, 0x000000070a600000|  0%| F|  |TAMS 0x000000070a400000, 0x000000070a400000| Untracked 
|  36|0x000000070a600000, 0x000000070a800000, 0x000000070a800000|100%| O|  |TAMS 0x000000070a600000, 0x000000070a600000| Untracked 
|  37|0x000000070a800000, 0x000000070aa00000, 0x000000070aa00000|100%| O|  |TAMS 0x000000070a800000, 0x000000070a800000| Untracked 
|  38|0x000000070aa00000, 0x000000070ac00000, 0x000000070ac00000|100%| O|  |TAMS 0x000000070aa00000, 0x000000070aa00000| Untracked 
|  39|0x000000070ac00000, 0x000000070ac00000, 0x000000070ae00000|  0%| F|  |TAMS 0x000000070ac00000, 0x000000070ac00000| Untracked 
|  40|0x000000070ae00000, 0x000000070ae00000, 0x000000070b000000|  0%| F|  |TAMS 0x000000070ae00000, 0x000000070ae00000| Untracked 
|  41|0x000000070b000000, 0x000000070b200000, 0x000000070b200000|100%| O|  |TAMS 0x000000070b000000, 0x000000070b000000| Untracked 
|  42|0x000000070b200000, 0x000000070b200000, 0x000000070b400000|  0%| F|  |TAMS 0x000000070b200000, 0x000000070b200000| Untracked 
|  43|0x000000070b400000, 0x000000070b400000, 0x000000070b600000|  0%| F|  |TAMS 0x000000070b400000, 0x000000070b400000| Untracked 
|  44|0x000000070b600000, 0x000000070b600000, 0x000000070b800000|  0%| F|  |TAMS 0x000000070b600000, 0x000000070b600000| Untracked 
|  45|0x000000070b800000, 0x000000070b800000, 0x000000070ba00000|  0%| F|  |TAMS 0x000000070b800000, 0x000000070b800000| Untracked 
|  46|0x000000070ba00000, 0x000000070ba00000, 0x000000070bc00000|  0%| F|  |TAMS 0x000000070ba00000, 0x000000070ba00000| Untracked 
|  47|0x000000070bc00000, 0x000000070bc00000, 0x000000070be00000|  0%| F|  |TAMS 0x000000070bc00000, 0x000000070bc00000| Untracked 
|  48|0x000000070be00000, 0x000000070be00000, 0x000000070c000000|  0%| F|  |TAMS 0x000000070be00000, 0x000000070be00000| Untracked 
|  49|0x000000070c000000, 0x000000070c000000, 0x000000070c200000|  0%| F|  |TAMS 0x000000070c000000, 0x000000070c000000| Untracked 
|  50|0x000000070c200000, 0x000000070c200000, 0x000000070c400000|  0%| F|  |TAMS 0x000000070c200000, 0x000000070c200000| Untracked 
|  51|0x000000070c400000, 0x000000070c400000, 0x000000070c600000|  0%| F|  |TAMS 0x000000070c400000, 0x000000070c400000| Untracked 
|  52|0x000000070c600000, 0x000000070c600000, 0x000000070c800000|  0%| F|  |TAMS 0x000000070c600000, 0x000000070c600000| Untracked 
|  53|0x000000070c800000, 0x000000070c800000, 0x000000070ca00000|  0%| F|  |TAMS 0x000000070c800000, 0x000000070c800000| Untracked 
|  54|0x000000070ca00000, 0x000000070ca00000, 0x000000070cc00000|  0%| F|  |TAMS 0x000000070ca00000, 0x000000070ca00000| Untracked 
|  55|0x000000070cc00000, 0x000000070cc00000, 0x000000070ce00000|  0%| F|  |TAMS 0x000000070cc00000, 0x000000070cc00000| Untracked 
|  56|0x000000070ce00000, 0x000000070ce00000, 0x000000070d000000|  0%| F|  |TAMS 0x000000070ce00000, 0x000000070ce00000| Untracked 
|  57|0x000000070d000000, 0x000000070d000000, 0x000000070d200000|  0%| F|  |TAMS 0x000000070d000000, 0x000000070d000000| Untracked 
|  58|0x000000070d200000, 0x000000070d200000, 0x000000070d400000|  0%| F|  |TAMS 0x000000070d200000, 0x000000070d200000| Untracked 
|  59|0x000000070d400000, 0x000000070d400000, 0x000000070d600000|  0%| F|  |TAMS 0x000000070d400000, 0x000000070d400000| Untracked 
|  60|0x000000070d600000, 0x000000070d600000, 0x000000070d800000|  0%| F|  |TAMS 0x000000070d600000, 0x000000070d600000| Untracked 
|  61|0x000000070d800000, 0x000000070d800000, 0x000000070da00000|  0%| F|  |TAMS 0x000000070d800000, 0x000000070d800000| Untracked 
|  62|0x000000070da00000, 0x000000070da00000, 0x000000070dc00000|  0%| F|  |TAMS 0x000000070da00000, 0x000000070da00000| Untracked 
|  63|0x000000070dc00000, 0x000000070dc00000, 0x000000070de00000|  0%| F|  |TAMS 0x000000070dc00000, 0x000000070dc00000| Untracked 
|  64|0x000000070de00000, 0x000000070de00000, 0x000000070e000000|  0%| F|  |TAMS 0x000000070de00000, 0x000000070de00000| Untracked 
|  65|0x000000070e000000, 0x000000070e000000, 0x000000070e200000|  0%| F|  |TAMS 0x000000070e000000, 0x000000070e000000| Untracked 
|  66|0x000000070e200000, 0x000000070e346400, 0x000000070e400000| 63%| S|CS|TAMS 0x000000070e200000, 0x000000070e200000| Complete 
|  67|0x000000070e400000, 0x000000070e400000, 0x000000070e600000|  0%| F|  |TAMS 0x000000070e400000, 0x000000070e400000| Untracked 
|  68|0x000000070e600000, 0x000000070e600000, 0x000000070e800000|  0%| F|  |TAMS 0x000000070e600000, 0x000000070e600000| Untracked 
|  69|0x000000070e800000, 0x000000070e800000, 0x000000070ea00000|  0%| F|  |TAMS 0x000000070e800000, 0x000000070e800000| Untracked 
|  70|0x000000070ea00000, 0x000000070ea00000, 0x000000070ec00000|  0%| F|  |TAMS 0x000000070ea00000, 0x000000070ea00000| Untracked 
|  71|0x000000070ec00000, 0x000000070ec00000, 0x000000070ee00000|  0%| F|  |TAMS 0x000000070ec00000, 0x000000070ec00000| Untracked 
|  72|0x000000070ee00000, 0x000000070ee00000, 0x000000070f000000|  0%| F|  |TAMS 0x000000070ee00000, 0x000000070ee00000| Untracked 
|  73|0x000000070f000000, 0x000000070f000000, 0x000000070f200000|  0%| F|  |TAMS 0x000000070f000000, 0x000000070f000000| Untracked 
|  74|0x000000070f200000, 0x000000070f200000, 0x000000070f400000|  0%| F|  |TAMS 0x000000070f200000, 0x000000070f200000| Untracked 
|  75|0x000000070f400000, 0x000000070f400000, 0x000000070f600000|  0%| F|  |TAMS 0x000000070f400000, 0x000000070f400000| Untracked 
|  76|0x000000070f600000, 0x000000070f600000, 0x000000070f800000|  0%| F|  |TAMS 0x000000070f600000, 0x000000070f600000| Untracked 
|  77|0x000000070f800000, 0x000000070f800000, 0x000000070fa00000|  0%| F|  |TAMS 0x000000070f800000, 0x000000070f800000| Untracked 
|  78|0x000000070fa00000, 0x000000070fa00000, 0x000000070fc00000|  0%| F|  |TAMS 0x000000070fa00000, 0x000000070fa00000| Untracked 
|  79|0x000000070fc00000, 0x000000070fc00000, 0x000000070fe00000|  0%| F|  |TAMS 0x000000070fc00000, 0x000000070fc00000| Untracked 
|  80|0x000000070fe00000, 0x000000070fe00000, 0x0000000710000000|  0%| F|  |TAMS 0x000000070fe00000, 0x000000070fe00000| Untracked 
|  81|0x0000000710000000, 0x0000000710000000, 0x0000000710200000|  0%| F|  |TAMS 0x0000000710000000, 0x0000000710000000| Untracked 
|  82|0x0000000710200000, 0x0000000710200000, 0x0000000710400000|  0%| F|  |TAMS 0x0000000710200000, 0x0000000710200000| Untracked 
|  83|0x0000000710400000, 0x0000000710400000, 0x0000000710600000|  0%| F|  |TAMS 0x0000000710400000, 0x0000000710400000| Untracked 
|  84|0x0000000710600000, 0x0000000710600000, 0x0000000710800000|  0%| F|  |TAMS 0x0000000710600000, 0x0000000710600000| Untracked 
|  85|0x0000000710800000, 0x0000000710800000, 0x0000000710a00000|  0%| F|  |TAMS 0x0000000710800000, 0x0000000710800000| Untracked 
|  86|0x0000000710a00000, 0x0000000710a00000, 0x0000000710c00000|  0%| F|  |TAMS 0x0000000710a00000, 0x0000000710a00000| Untracked 
|  87|0x0000000710c00000, 0x0000000710c00000, 0x0000000710e00000|  0%| F|  |TAMS 0x0000000710c00000, 0x0000000710c00000| Untracked 
|  88|0x0000000710e00000, 0x0000000710e00000, 0x0000000711000000|  0%| F|  |TAMS 0x0000000710e00000, 0x0000000710e00000| Untracked 
|  89|0x0000000711000000, 0x0000000711000000, 0x0000000711200000|  0%| F|  |TAMS 0x0000000711000000, 0x0000000711000000| Untracked 
|  90|0x0000000711200000, 0x0000000711200000, 0x0000000711400000|  0%| F|  |TAMS 0x0000000711200000, 0x0000000711200000| Untracked 
|  91|0x0000000711400000, 0x0000000711400000, 0x0000000711600000|  0%| F|  |TAMS 0x0000000711400000, 0x0000000711400000| Untracked 
|  92|0x0000000711600000, 0x0000000711600000, 0x0000000711800000|  0%| F|  |TAMS 0x0000000711600000, 0x0000000711600000| Untracked 
|  93|0x0000000711800000, 0x0000000711900800, 0x0000000711a00000| 50%| E|  |TAMS 0x0000000711800000, 0x0000000711800000| Complete 
|  94|0x0000000711a00000, 0x0000000711c00000, 0x0000000711c00000|100%| E|CS|TAMS 0x0000000711a00000, 0x0000000711a00000| Complete 
|  95|0x0000000711c00000, 0x0000000711e00000, 0x0000000711e00000|100%| E|CS|TAMS 0x0000000711c00000, 0x0000000711c00000| Complete 
|  96|0x0000000711e00000, 0x0000000712000000, 0x0000000712000000|100%| E|CS|TAMS 0x0000000711e00000, 0x0000000711e00000| Complete 
|  97|0x0000000712000000, 0x0000000712200000, 0x0000000712200000|100%| E|CS|TAMS 0x0000000712000000, 0x0000000712000000| Complete 
| 125|0x0000000715800000, 0x0000000715a00000, 0x0000000715a00000|100%| E|CS|TAMS 0x0000000715800000, 0x0000000715800000| Complete 
|1996|0x00000007ff600000, 0x00000007ff800000, 0x00000007ff800000|100%| O|  |TAMS 0x00000007ff600000, 0x00000007ff600000| Untracked 
|1997|0x00000007ff800000, 0x00000007ffa00000, 0x00000007ffa00000|100%| O|  |TAMS 0x00000007ff800000, 0x00000007ff800000| Untracked 
|1998|0x00000007ffa00000, 0x00000007ffc00000, 0x00000007ffc00000|100%| O|  |TAMS 0x00000007ffa00000, 0x00000007ffa00000| Untracked 
|1999|0x00000007ffc00000, 0x00000007ffe00000, 0x00000007ffe00000|100%| O|  |TAMS 0x00000007ffc00000, 0x00000007ffc00000| Untracked 
|2000|0x00000007ffe00000, 0x0000000800000000, 0x0000000800000000|100%| O|  |TAMS 0x00000007ffe00000, 0x00000007ffe00000| Untracked 

Card table byte_map: [0x000002492b800000,0x000002492bfe0000] _byte_map_base: 0x0000024927fd1000

Marking Bits (Prev, Next): (CMBitMap*) 0x00000249138b2260, (CMBitMap*) 0x00000249138b2220
 Prev Bits: [0x0000024930650000, 0x00000249344d8000)
 Next Bits: [0x000002492c7c0000, 0x0000024930648000)

Polling page: 0x00000249117c0000

Metaspace:

Usage:
  Non-class:     29.64 MB used.
      Class:      3.37 MB used.
       Both:     33.01 MB used.

Virtual space:
  Non-class space:       64.00 MB reserved,      29.94 MB ( 47%) committed,  1 nodes.
      Class space:        1.00 GB reserved,       3.69 MB ( <1%) committed,  1 nodes.
             Both:        1.06 GB reserved,      33.62 MB (  3%) committed. 

Chunk freelists:
   Non-Class:  1.73 MB
       Class:  295.00 KB
        Both:  2.02 MB

MaxMetaspaceSize: unlimited
CompressedClassSpaceSize: 1.00 GB
Initial GC threshold: 21.00 MB
Current GC threshold: 35.25 MB
CDS: on
MetaspaceReclaimPolicy: balanced
 - commit_granule_bytes: 65536.
 - commit_granule_words: 8192.
 - virtual_space_node_default_size: 8388608.
 - enlarge_chunks_in_place: 1.
 - new_chunks_are_fully_committed: 0.
 - uncommit_free_chunks: 1.
 - use_allocation_guard: 0.


Internal statistics:

num_allocs_failed_limit: 3.
num_arena_births: 756.
num_arena_deaths: 0.
num_vsnodes_births: 2.
num_vsnodes_deaths: 0.
num_space_committed: 538.
num_space_uncommitted: 0.
num_chunks_returned_to_freelist: 3.
num_chunks_taken_from_freelist: 2087.
num_chunk_merges: 3.
num_chunk_splits: 1453.
num_chunks_enlarged: 1019.
num_inconsistent_stats: 0.

CodeHeap 'non-profiled nmethods': size=119168Kb used=7120Kb max_used=7120Kb free=112047Kb
 bounds [0x0000024923340000, 0x0000024923a40000, 0x000002492a7a0000]
CodeHeap 'profiled nmethods': size=119104Kb used=21423Kb max_used=21974Kb free=97680Kb
 bounds [0x000002491b7a0000, 0x000002491cd80000, 0x0000024922bf0000]
CodeHeap 'non-nmethods': size=7488Kb used=3013Kb max_used=3136Kb free=4474Kb
 bounds [0x0000024922bf0000, 0x0000024922f10000, 0x0000024923340000]
 total_blobs=9924 nmethods=9375 adapters=455
 compilation: enabled
              stopped_count=0, restarted_count=0
 full_count=0

Compilation events (20 events):
Event: 6.473 Thread 0x000002493b8afa40 11656       3       java.util.EnumSet::of (22 bytes)
Event: 6.473 Thread 0x000002493b8afa40 nmethod 11656 0x000002491c7e2510 code [0x000002491c7e2700, 0x000002491c7e2af8]
Event: 6.474 Thread 0x000002493b8afa40 11658       3       com.sun.tools.javac.jvm.ClassReader$4::read (35 bytes)
Event: 6.474 Thread 0x0000024937497170 11659       3       com.sun.tools.javac.jvm.ClassReader::setFlagIfAttributeTrue (106 bytes)
Event: 6.474 Thread 0x000002493b8afa40 nmethod 11658 0x000002491c79d710 code [0x000002491c79d8c0, 0x000002491c79da58]
Event: 6.475 Thread 0x0000024937497170 nmethod 11659 0x000002491c449490 code [0x000002491c4496c0, 0x000002491c44a358]
Event: 6.475 Thread 0x000002493b8afa40 11660       3       com.sun.tools.javac.code.Types::rank (269 bytes)
Event: 6.476 Thread 0x000002493b8afa40 nmethod 11660 0x000002491c120d90 code [0x000002491c121120, 0x000002491c122e68]
Event: 6.478 Thread 0x000002493b8afa40 11665       3       com.sun.tools.javac.code.Symbol$TypeSymbol::precedes (132 bytes)
Event: 6.479 Thread 0x000002493b8afa40 nmethod 11665 0x000002491c6e0c10 code [0x000002491c6e0ee0, 0x000002491c6e2018]
Event: 6.479 Thread 0x000002493b8afa40 11667       3       com.sun.tools.javac.util.JCDiagnostic$DiagnosticInfo::of (109 bytes)
Event: 6.479 Thread 0x000002493b8afa40 nmethod 11667 0x000002491b947b90 code [0x000002491b947e40, 0x000002491b9489e8]
Event: 6.481 Thread 0x000002493b89d0d0 11670   !   2       com.sun.tools.javac.comp.Flow$AssignAnalyzer::analyzeTree (383 bytes)
Event: 6.482 Thread 0x000002493b89d0d0 nmethod 11670 0x000002491c395090 code [0x000002491c395360, 0x000002491c396c08]
Event: 6.484 Thread 0x000002493b9acd40 11671       1       java.util.ArrayList$ArrayListSpliterator::characteristics (4 bytes)
Event: 6.484 Thread 0x000002493b9acd40 nmethod 11671 0x00000249238d4d90 code [0x00000249238d4f20, 0x00000249238d4ff8]
Event: 6.485 Thread 0x000002493b9acd40 11672       2       com.sun.tools.javac.jvm.PoolConstant$Dynamic$BsmKey::equals (46 bytes)
Event: 6.485 Thread 0x000002493b89d0d0 11673       2       com.sun.tools.javac.util.List::equals (79 bytes)
Event: 6.485 Thread 0x000002493b89d0d0 nmethod 11673 0x000002491c400210 code [0x000002491c4003c0, 0x000002491c400648]
Event: 6.486 Thread 0x000002493b9acd40 nmethod 11672 0x000002491cba0590 code [0x000002491cba0740, 0x000002491cba09f8]

GC Heap History (20 events):
Event: 3.928 GC heap before
{Heap before GC invocations=12 (full 0):
 garbage-first heap   total 143360K, used 112044K [0x0000000705e00000, 0x0000000800000000)
  region size 2048K, 30 young (61440K), 1 survivors (2048K)
 Metaspace       used 28598K, committed 29120K, reserved 1114112K
  class space    used 2974K, committed 3264K, reserved 1048576K
}
Event: 3.930 GC heap after
{Heap after GC invocations=13 (full 0):
 garbage-first heap   total 143360K, used 54301K [0x0000000705e00000, 0x0000000800000000)
  region size 2048K, 2 young (4096K), 2 survivors (4096K)
 Metaspace       used 28598K, committed 29120K, reserved 1114112K
  class space    used 2974K, committed 3264K, reserved 1048576K
}
Event: 3.997 GC heap before
{Heap before GC invocations=13 (full 0):
 garbage-first heap   total 143360K, used 113693K [0x0000000705e00000, 0x0000000800000000)
  region size 2048K, 31 young (63488K), 2 survivors (4096K)
 Metaspace       used 28627K, committed 29184K, reserved 1114112K
  class space    used 2975K, committed 3264K, reserved 1048576K
}
Event: 3.999 GC heap after
{Heap after GC invocations=14 (full 0):
 garbage-first heap   total 143360K, used 55296K [0x0000000705e00000, 0x0000000800000000)
  region size 2048K, 2 young (4096K), 2 survivors (4096K)
 Metaspace       used 28627K, committed 29184K, reserved 1114112K
  class space    used 2975K, committed 3264K, reserved 1048576K
}
Event: 4.102 GC heap before
{Heap before GC invocations=14 (full 0):
 garbage-first heap   total 143360K, used 114688K [0x0000000705e00000, 0x0000000800000000)
  region size 2048K, 31 young (63488K), 2 survivors (4096K)
 Metaspace       used 28716K, committed 29312K, reserved 1114112K
  class space    used 2977K, committed 3264K, reserved 1048576K
}
Event: 4.106 GC heap after
{Heap after GC invocations=15 (full 0):
 garbage-first heap   total 143360K, used 56000K [0x0000000705e00000, 0x0000000800000000)
  region size 2048K, 3 young (6144K), 3 survivors (6144K)
 Metaspace       used 28716K, committed 29312K, reserved 1114112K
  class space    used 2977K, committed 3264K, reserved 1048576K
}
Event: 4.191 GC heap before
{Heap before GC invocations=15 (full 0):
 garbage-first heap   total 143360K, used 115392K [0x0000000705e00000, 0x0000000800000000)
  region size 2048K, 32 young (65536K), 3 survivors (6144K)
 Metaspace       used 28814K, committed 29376K, reserved 1114112K
  class space    used 2977K, committed 3264K, reserved 1048576K
}
Event: 4.195 GC heap after
{Heap after GC invocations=16 (full 0):
 garbage-first heap   total 176128K, used 55817K [0x0000000705e00000, 0x0000000800000000)
  region size 2048K, 2 young (4096K), 2 survivors (4096K)
 Metaspace       used 28814K, committed 29376K, reserved 1114112K
  class space    used 2977K, committed 3264K, reserved 1048576K
}
Event: 4.666 GC heap before
{Heap before GC invocations=16 (full 0):
 garbage-first heap   total 176128K, used 143881K [0x0000000705e00000, 0x0000000800000000)
  region size 2048K, 45 young (92160K), 2 survivors (4096K)
 Metaspace       used 31058K, committed 31616K, reserved 1114112K
  class space    used 3222K, committed 3520K, reserved 1048576K
}
Event: 4.670 GC heap after
{Heap after GC invocations=17 (full 0):
 garbage-first heap   total 176128K, used 57153K [0x0000000705e00000, 0x0000000800000000)
  region size 2048K, 3 young (6144K), 3 survivors (6144K)
 Metaspace       used 31058K, committed 31616K, reserved 1114112K
  class space    used 3222K, committed 3520K, reserved 1048576K
}
Event: 5.092 GC heap before
{Heap before GC invocations=17 (full 0):
 garbage-first heap   total 176128K, used 145217K [0x0000000705e00000, 0x0000000800000000)
  region size 2048K, 46 young (94208K), 3 survivors (6144K)
 Metaspace       used 31649K, committed 32256K, reserved 1114112K
  class space    used 3239K, committed 3520K, reserved 1048576K
}
Event: 5.097 GC heap after
{Heap after GC invocations=18 (full 0):
 garbage-first heap   total 176128K, used 58816K [0x0000000705e00000, 0x0000000800000000)
  region size 2048K, 4 young (8192K), 4 survivors (8192K)
 Metaspace       used 31649K, committed 32256K, reserved 1114112K
  class space    used 3239K, committed 3520K, reserved 1048576K
}
Event: 5.431 GC heap before
{Heap before GC invocations=18 (full 0):
 garbage-first heap   total 176128K, used 148928K [0x0000000705e00000, 0x0000000800000000)
  region size 2048K, 46 young (94208K), 4 survivors (8192K)
 Metaspace       used 31880K, committed 32512K, reserved 1114112K
  class space    used 3248K, committed 3584K, reserved 1048576K
}
Event: 5.438 GC heap after
{Heap after GC invocations=19 (full 0):
 garbage-first heap   total 176128K, used 63381K [0x0000000705e00000, 0x0000000800000000)
  region size 2048K, 5 young (10240K), 5 survivors (10240K)
 Metaspace       used 31880K, committed 32512K, reserved 1114112K
  class space    used 3248K, committed 3584K, reserved 1048576K
}
Event: 5.886 GC heap before
{Heap before GC invocations=19 (full 0):
 garbage-first heap   total 176128K, used 143253K [0x0000000705e00000, 0x0000000800000000)
  region size 2048K, 45 young (92160K), 5 survivors (10240K)
 Metaspace       used 32082K, committed 32704K, reserved 1114112K
  class space    used 3259K, committed 3584K, reserved 1048576K
}
Event: 5.896 GC heap after
{Heap after GC invocations=20 (full 0):
 garbage-first heap   total 176128K, used 82349K [0x0000000705e00000, 0x0000000800000000)
  region size 2048K, 6 young (12288K), 6 survivors (12288K)
 Metaspace       used 32082K, committed 32704K, reserved 1114112K
  class space    used 3259K, committed 3584K, reserved 1048576K
}
Event: 6.225 GC heap before
{Heap before GC invocations=20 (full 0):
 garbage-first heap   total 176128K, used 131501K [0x0000000705e00000, 0x0000000800000000)
  region size 2048K, 30 young (61440K), 6 survivors (12288K)
 Metaspace       used 33157K, committed 33792K, reserved 1114112K
  class space    used 3382K, committed 3712K, reserved 1048576K
}
Event: 6.232 GC heap after
{Heap after GC invocations=21 (full 0):
 garbage-first heap   total 212992K, used 90087K [0x0000000705e00000, 0x0000000800000000)
  region size 2048K, 4 young (8192K), 4 survivors (8192K)
 Metaspace       used 33157K, committed 33792K, reserved 1114112K
  class space    used 3382K, committed 3712K, reserved 1048576K
}
Event: 6.459 GC heap before
{Heap before GC invocations=21 (full 0):
 garbage-first heap   total 212992K, used 155623K [0x0000000705e00000, 0x0000000800000000)
  region size 2048K, 36 young (73728K), 4 survivors (8192K)
 Metaspace       used 33730K, committed 34368K, reserved 1114112K
  class space    used 3443K, committed 3776K, reserved 1048576K
}
Event: 6.462 GC heap after
{Heap after GC invocations=22 (full 0):
 garbage-first heap   total 212992K, used 91417K [0x0000000705e00000, 0x0000000800000000)
  region size 2048K, 1 young (2048K), 1 survivors (2048K)
 Metaspace       used 33730K, committed 34368K, reserved 1114112K
  class space    used 3443K, committed 3776K, reserved 1048576K
}

Dll operation events (12 events):
Event: 0.005 Loaded shared library C:\Program Files\Java\jdk-19\bin\java.dll
Event: 0.010 Loaded shared library C:\Program Files\Java\jdk-19\bin\jsvml.dll
Event: 0.041 Loaded shared library C:\Program Files\Java\jdk-19\bin\zip.dll
Event: 0.043 Loaded shared library C:\Program Files\Java\jdk-19\bin\instrument.dll
Event: 0.046 Loaded shared library C:\Program Files\Java\jdk-19\bin\net.dll
Event: 0.047 Loaded shared library C:\Program Files\Java\jdk-19\bin\nio.dll
Event: 0.049 Loaded shared library C:\Program Files\Java\jdk-19\bin\zip.dll
Event: 0.059 Loaded shared library C:\Program Files\JetBrains\IntelliJ IDEA 2022.1.2\bin\breakgen64.dll
Event: 0.065 Loaded shared library C:\Program Files\Java\jdk-19\bin\extnet.dll
Event: 0.111 Loaded shared library C:\Program Files\Java\jdk-19\bin\jimage.dll
Event: 0.156 Loaded shared library C:\Users\99293\AppData\Local\Temp\jansi-2.4.0-d84201e357d79afe-jansi.dll
Event: 0.163 Loaded shared library C:\Program Files\Java\jdk-19\bin\verify.dll

Deoptimization events (20 events):
Event: 6.475 Thread 0x0000024913840040 DEOPT PACKING pc=0x000002492397f0f8 sp=0x000000c2674fc2e0
Event: 6.475 Thread 0x0000024913840040 DEOPT UNPACKING pc=0x0000024922c56da3 sp=0x000000c2674fc290 mode 2
Event: 6.475 Thread 0x0000024913840040 Uncommon trap: trap_request=0xffffffd6 fr.pc=0x000002492397f0f8 relative=0x00000000000001d8
Event: 6.475 Thread 0x0000024913840040 Uncommon trap: reason=array_check action=maybe_recompile pc=0x000002492397f0f8 method=java.util.stream.Nodes$FixedNodeBuilder.accept(Ljava/lang/Object;)V @ 28 c2
Event: 6.475 Thread 0x0000024913840040 DEOPT PACKING pc=0x000002492397f0f8 sp=0x000000c2674fc2e0
Event: 6.475 Thread 0x0000024913840040 DEOPT UNPACKING pc=0x0000024922c56da3 sp=0x000000c2674fc290 mode 2
Event: 6.476 Thread 0x0000024913840040 DEOPT PACKING pc=0x000002491b7f4287 sp=0x000000c2674fb9e0
Event: 6.476 Thread 0x0000024913840040 DEOPT UNPACKING pc=0x0000024922c57543 sp=0x000000c2674fae98 mode 0
Event: 6.479 Thread 0x0000024913840040 Uncommon trap: trap_request=0xffffffc6 fr.pc=0x00000249238dc0a8 relative=0x0000000000000528
Event: 6.479 Thread 0x0000024913840040 Uncommon trap: reason=bimorphic_or_optimized_type_check action=maybe_recompile pc=0x00000249238dc0a8 method=com.sun.tools.javac.code.Types$13.visitClassType(Lcom/sun/tools/javac/code/Type$ClassType;Lcom/sun/tools/javac/code/Symbol;)Lcom/sun/tools/javac/co
Event: 6.479 Thread 0x0000024913840040 DEOPT PACKING pc=0x00000249238dc0a8 sp=0x000000c2674fbb10
Event: 6.479 Thread 0x0000024913840040 DEOPT UNPACKING pc=0x0000024922c56da3 sp=0x000000c2674fba68 mode 2
Event: 6.479 Thread 0x0000024913840040 Uncommon trap: trap_request=0xffffffc6 fr.pc=0x00000249238dc0a8 relative=0x0000000000000528
Event: 6.479 Thread 0x0000024913840040 Uncommon trap: reason=bimorphic_or_optimized_type_check action=maybe_recompile pc=0x00000249238dc0a8 method=com.sun.tools.javac.code.Types$13.visitClassType(Lcom/sun/tools/javac/code/Type$ClassType;Lcom/sun/tools/javac/code/Symbol;)Lcom/sun/tools/javac/co
Event: 6.480 Thread 0x0000024913840040 DEOPT PACKING pc=0x00000249238dc0a8 sp=0x000000c2674fb900
Event: 6.480 Thread 0x0000024913840040 DEOPT UNPACKING pc=0x0000024922c56da3 sp=0x000000c2674fb858 mode 2
Event: 6.480 Thread 0x0000024913840040 Uncommon trap: trap_request=0xffffffc6 fr.pc=0x00000249238deb84 relative=0x0000000000000504
Event: 6.480 Thread 0x0000024913840040 Uncommon trap: reason=bimorphic_or_optimized_type_check action=maybe_recompile pc=0x00000249238deb84 method=com.sun.tools.javac.code.Types$13.visitClassType(Lcom/sun/tools/javac/code/Type$ClassType;Lcom/sun/tools/javac/code/Symbol;)Lcom/sun/tools/javac/co
Event: 6.480 Thread 0x0000024913840040 DEOPT PACKING pc=0x00000249238deb84 sp=0x000000c2674fba80
Event: 6.480 Thread 0x0000024913840040 DEOPT UNPACKING pc=0x0000024922c56da3 sp=0x000000c2674fba60 mode 2

Classes loaded (20 events):
Event: 4.552 Loading class java/util/stream/ReduceOps$2ReducingSink
Event: 4.552 Loading class java/util/stream/ReduceOps$2ReducingSink done
Event: 4.563 Loading class java/io/DataOutputStream
Event: 4.563 Loading class java/io/DataOutputStream done
Event: 4.573 Loading class java/lang/invoke/MethodHandleImpl$CountingWrapper
Event: 4.573 Loading class java/lang/invoke/MethodHandleImpl$CountingWrapper done
Event: 4.890 Loading class java/lang/invoke/MethodHandleImpl$CountingWrapper$1
Event: 4.890 Loading class java/lang/invoke/MethodHandleImpl$CountingWrapper$1 done
Event: 5.497 Loading class java/util/EnumMap$Values
Event: 5.497 Loading class java/util/EnumMap$Values done
Event: 5.497 Loading class java/util/EnumMap$ValueIterator
Event: 5.497 Loading class java/util/EnumMap$ValueIterator done
Event: 5.500 Loading class java/util/WeakHashMap$KeyIterator
Event: 5.500 Loading class java/util/WeakHashMap$KeyIterator done
Event: 5.502 Loading class java/text/MessageFormat$Field
Event: 5.502 Loading class java/text/MessageFormat$Field done
Event: 5.685 Loading class jdk/internal/math/FDBigInteger
Event: 5.685 Loading class jdk/internal/math/FDBigInteger done
Event: 6.018 Loading class jdk/internal/module/IllegalAccessLogger
Event: 6.018 Loading class jdk/internal/module/IllegalAccessLogger done

Classes unloaded (0 events):
No events

Classes redefined (0 events):
No events

Internal exceptions (20 events):
Event: 6.430 Thread 0x0000024913840040 Exception <a 'sun/nio/fs/WindowsException'{0x000000070f2a1a18}> (0x000000070f2a1a18) 
thrown [s\open\src\hotspot\share\prims\jni.cpp, line 517]
Event: 6.430 Thread 0x0000024913840040 Exception <a 'sun/nio/fs/WindowsException'{0x000000070f2a1cd8}> (0x000000070f2a1cd8) 
thrown [s\open\src\hotspot\share\prims\jni.cpp, line 517]
Event: 6.430 Thread 0x0000024913840040 Exception <a 'sun/nio/fs/WindowsException'{0x000000070f2a2c10}> (0x000000070f2a2c10) 
thrown [s\open\src\hotspot\share\prims\jni.cpp, line 517]
Event: 6.430 Thread 0x0000024913840040 Exception <a 'sun/nio/fs/WindowsException'{0x000000070f2a2f98}> (0x000000070f2a2f98) 
thrown [s\open\src\hotspot\share\prims\jni.cpp, line 517]
Event: 6.430 Thread 0x0000024913840040 Exception <a 'sun/nio/fs/WindowsException'{0x000000070f2a3f98}> (0x000000070f2a3f98) 
thrown [s\open\src\hotspot\share\prims\jni.cpp, line 517]
Event: 6.430 Thread 0x0000024913840040 Exception <a 'sun/nio/fs/WindowsException'{0x000000070f2a4288}> (0x000000070f2a4288) 
thrown [s\open\src\hotspot\share\prims\jni.cpp, line 517]
Event: 6.456 Thread 0x0000024913840040 Exception <a 'sun/nio/fs/WindowsException'{0x000000070e4e4e48}> (0x000000070e4e4e48) 
thrown [s\open\src\hotspot\share\prims\jni.cpp, line 517]
Event: 6.456 Thread 0x0000024913840040 Exception <a 'sun/nio/fs/WindowsException'{0x000000070e4e5108}> (0x000000070e4e5108) 
thrown [s\open\src\hotspot\share\prims\jni.cpp, line 517]
Event: 6.456 Thread 0x0000024913840040 Exception <a 'sun/nio/fs/WindowsException'{0x000000070e4e6040}> (0x000000070e4e6040) 
thrown [s\open\src\hotspot\share\prims\jni.cpp, line 517]
Event: 6.456 Thread 0x0000024913840040 Exception <a 'sun/nio/fs/WindowsException'{0x000000070e4e63c8}> (0x000000070e4e63c8) 
thrown [s\open\src\hotspot\share\prims\jni.cpp, line 517]
Event: 6.456 Thread 0x0000024913840040 Exception <a 'sun/nio/fs/WindowsException'{0x000000070e4e73c8}> (0x000000070e4e73c8) 
thrown [s\open\src\hotspot\share\prims\jni.cpp, line 517]
Event: 6.457 Thread 0x0000024913840040 Exception <a 'sun/nio/fs/WindowsException'{0x000000070e4e76b8}> (0x000000070e4e76b8) 
thrown [s\open\src\hotspot\share\prims\jni.cpp, line 517]
Event: 6.467 Thread 0x0000024913840040 Exception <a 'sun/nio/fs/WindowsException'{0x000000071206a8c0}> (0x000000071206a8c0) 
thrown [s\open\src\hotspot\share\prims\jni.cpp, line 517]
Event: 6.467 Thread 0x0000024913840040 Exception <a 'sun/nio/fs/WindowsException'{0x000000071206ab80}> (0x000000071206ab80) 
thrown [s\open\src\hotspot\share\prims\jni.cpp, line 517]
Event: 6.467 Thread 0x0000024913840040 Exception <a 'sun/nio/fs/WindowsException'{0x000000071206bab8}> (0x000000071206bab8) 
thrown [s\open\src\hotspot\share\prims\jni.cpp, line 517]
Event: 6.467 Thread 0x0000024913840040 Exception <a 'sun/nio/fs/WindowsException'{0x000000071206be40}> (0x000000071206be40) 
thrown [s\open\src\hotspot\share\prims\jni.cpp, line 517]
Event: 6.467 Thread 0x0000024913840040 Exception <a 'sun/nio/fs/WindowsException'{0x000000071206ce40}> (0x000000071206ce40) 
thrown [s\open\src\hotspot\share\prims\jni.cpp, line 517]
Event: 6.467 Thread 0x0000024913840040 Exception <a 'sun/nio/fs/WindowsException'{0x000000071206d130}> (0x000000071206d130) 
thrown [s\open\src\hotspot\share\prims\jni.cpp, line 517]
Event: 6.485 Thread 0x0000024913840040 Exception <a 'sun/nio/fs/WindowsException'{0x0000000711a84e98}> (0x0000000711a84e98) 
thrown [s\open\src\hotspot\share\prims\jni.cpp, line 517]
Event: 6.487 Thread 0x0000024913840040 Exception <a 'sun/nio/fs/WindowsException'{0x0000000711a99c50}> (0x0000000711a99c50) 
thrown [s\open\src\hotspot\share\prims\jni.cpp, line 517]

VM Operations (20 events):
Event: 5.443 Executing VM operation: HandshakeAllThreads
Event: 5.443 Executing VM operation: HandshakeAllThreads done
Event: 5.498 Executing VM operation: HandshakeAllThreads
Event: 5.498 Executing VM operation: HandshakeAllThreads done
Event: 5.537 Executing VM operation: ICBufferFull
Event: 5.537 Executing VM operation: ICBufferFull done
Event: 5.545 Executing VM operation: HandshakeAllThreads
Event: 5.545 Executing VM operation: HandshakeAllThreads done
Event: 5.580 Executing VM operation: HandshakeAllThreads
Event: 5.580 Executing VM operation: HandshakeAllThreads done
Event: 5.627 Executing VM operation: HandshakeAllThreads
Event: 5.627 Executing VM operation: HandshakeAllThreads done
Event: 5.700 Executing VM operation: ICBufferFull
Event: 5.700 Executing VM operation: ICBufferFull done
Event: 5.886 Executing VM operation: G1CollectForAllocation
Event: 5.896 Executing VM operation: G1CollectForAllocation done
Event: 6.225 Executing VM operation: G1CollectForAllocation
Event: 6.233 Executing VM operation: G1CollectForAllocation done
Event: 6.459 Executing VM operation: G1CollectForAllocation
Event: 6.462 Executing VM operation: G1CollectForAllocation done

Events (20 events):
Event: 5.640 Thread 0x000002493749db10 flushing nmethod 0x000002491caf8690
Event: 5.640 Thread 0x000002493749db10 flushing nmethod 0x000002491cb09f10
Event: 5.640 Thread 0x000002493749db10 flushing nmethod 0x000002491cb34110
Event: 5.640 Thread 0x000002493749db10 flushing nmethod 0x000002491cb62210
Event: 5.640 Thread 0x000002493749db10 flushing nmethod 0x000002491cb93090
Event: 5.640 Thread 0x000002493749db10 flushing nmethod 0x000002491cb9e890
Event: 5.640 Thread 0x000002493749db10 flushing nmethod 0x000002491cba0090
Event: 5.640 Thread 0x000002493749db10 flushing nmethod 0x000002491cbb1e10
Event: 5.640 Thread 0x000002493749db10 flushing nmethod 0x000002491cbcc710
Event: 5.640 Thread 0x000002493749db10 flushing nmethod 0x000002491cbe3590
Event: 5.640 Thread 0x000002493749db10 flushing nmethod 0x000002491cbe8290
Event: 5.640 Thread 0x000002493749db10 flushing nmethod 0x000002491cbf3e90
Event: 5.640 Thread 0x000002493749db10 flushing nmethod 0x000002491cbf4310
Event: 5.640 Thread 0x000002493749db10 flushing nmethod 0x000002491cbfef90
Event: 5.641 Thread 0x000002493749db10 flushing nmethod 0x000002491cc0c390
Event: 5.641 Thread 0x000002493749db10 flushing nmethod 0x000002491cc27610
Event: 5.641 Thread 0x000002493749db10 flushing nmethod 0x000002491cc4d390
Event: 5.641 Thread 0x000002493749db10 flushing nmethod 0x000002491ccb9710
Event: 5.641 Thread 0x000002493749db10 flushing nmethod 0x000002491ccba210
Event: 5.641 Thread 0x000002493749db10 flushing nmethod 0x000002491ccf1590


Dynamic libraries:
0x00007ff7a5270000 - 0x00007ff7a5280000 	C:\Program Files\Java\jdk-19\bin\java.exe
0x00007ff9c9a50000 - 0x00007ff9c9c67000 	C:\WINDOWS\SYSTEM32\ntdll.dll
0x00007ff9c84d0000 - 0x00007ff9c8594000 	C:\WINDOWS\System32\KERNEL32.DLL
0x00007ff9c6ed0000 - 0x00007ff9c727c000 	C:\WINDOWS\System32\KERNELBASE.dll
0x00007ff9c7320000 - 0x00007ff9c7431000 	C:\WINDOWS\System32\ucrtbase.dll
0x00007ff9b5890000 - 0x00007ff9b58a8000 	C:\Program Files\Java\jdk-19\bin\jli.dll
0x00007ff9bee00000 - 0x00007ff9bee1b000 	C:\Program Files\Java\jdk-19\bin\VCRUNTIME140.dll
0x00007ff9c7860000 - 0x00007ff9c7912000 	C:\WINDOWS\System32\ADVAPI32.dll
0x00007ff9c77b0000 - 0x00007ff9c7857000 	C:\WINDOWS\System32\msvcrt.dll
0x00007ff9c96a0000 - 0x00007ff9c974a000 	C:\WINDOWS\System32\sechost.dll
0x00007ff9c6ea0000 - 0x00007ff9c6ec8000 	C:\WINDOWS\System32\bcrypt.dll
0x00007ff9c85f0000 - 0x00007ff9c8705000 	C:\WINDOWS\System32\RPCRT4.dll
0x00007ff9c94f0000 - 0x00007ff9c969e000 	C:\WINDOWS\System32\USER32.dll
0x00007ff9c72f0000 - 0x00007ff9c7316000 	C:\WINDOWS\System32\win32u.dll
0x00007ff9c7bd0000 - 0x00007ff9c7bf9000 	C:\WINDOWS\System32\GDI32.dll
0x00007ff9b4600000 - 0x00007ff9b4893000 	C:\WINDOWS\WinSxS\amd64_microsoft.windows.common-controls_6595b64144ccf1df_6.0.22621.3672_none_2713b9d173822955\COMCTL32.dll
0x00007ff9c6d80000 - 0x00007ff9c6e99000 	C:\WINDOWS\System32\gdi32full.dll
0x00007ff9c76f0000 - 0x00007ff9c778a000 	C:\WINDOWS\System32\msvcp_win.dll
0x00007ff9be650000 - 0x00007ff9be65a000 	C:\WINDOWS\SYSTEM32\VERSION.dll
0x00007ff9c7a90000 - 0x00007ff9c7ac1000 	C:\WINDOWS\System32\IMM32.DLL
0x00007ff9beea0000 - 0x00007ff9beeac000 	C:\Program Files\Java\jdk-19\bin\vcruntime140_1.dll
0x00007ff97b3b0000 - 0x00007ff97b43e000 	C:\Program Files\Java\jdk-19\bin\msvcp140.dll
0x00007ff94a580000 - 0x00007ff94b240000 	C:\Program Files\Java\jdk-19\bin\server\jvm.dll
0x00007ff9bee20000 - 0x00007ff9bee54000 	C:\WINDOWS\SYSTEM32\WINMM.dll
0x00007ff9c1890000 - 0x00007ff9c1899000 	C:\WINDOWS\SYSTEM32\WSOCK32.dll
0x00007ff9c8aa0000 - 0x00007ff9c8b11000 	C:\WINDOWS\System32\WS2_32.dll
0x00007ff9c5ea0000 - 0x00007ff9c5eb8000 	C:\WINDOWS\SYSTEM32\kernel.appcore.dll
0x00007ff9bedf0000 - 0x00007ff9bedfa000 	C:\Program Files\Java\jdk-19\bin\jimage.dll
0x00007ff9c45e0000 - 0x00007ff9c4812000 	C:\WINDOWS\SYSTEM32\DBGHELP.DLL
0x00007ff9c8710000 - 0x00007ff9c8a98000 	C:\WINDOWS\System32\combase.dll
0x00007ff9c8b30000 - 0x00007ff9c8c07000 	C:\WINDOWS\System32\OLEAUT32.dll
0x00007ff9bbf40000 - 0x00007ff9bbf72000 	C:\WINDOWS\SYSTEM32\dbgcore.DLL
0x00007ff9c75b0000 - 0x00007ff9c762b000 	C:\WINDOWS\System32\bcryptPrimitives.dll
0x00007ff9a2c50000 - 0x00007ff9a2c5e000 	C:\Program Files\Java\jdk-19\bin\instrument.dll
0x00007ff9aded0000 - 0x00007ff9adef6000 	C:\Program Files\Java\jdk-19\bin\java.dll
0x00007ff97b2d0000 - 0x00007ff97b3a7000 	C:\Program Files\Java\jdk-19\bin\jsvml.dll
0x00007ff9c8c10000 - 0x00007ff9c946c000 	C:\WINDOWS\System32\SHELL32.dll
0x00007ff9c4ca0000 - 0x00007ff9c5597000 	C:\WINDOWS\SYSTEM32\windows.storage.dll
0x00007ff9c4b60000 - 0x00007ff9c4c9f000 	C:\WINDOWS\SYSTEM32\wintypes.dll
0x00007ff9c9750000 - 0x00007ff9c9844000 	C:\WINDOWS\System32\SHCORE.dll
0x00007ff9c7dc0000 - 0x00007ff9c7e1e000 	C:\WINDOWS\System32\shlwapi.dll
0x00007ff9c6cb0000 - 0x00007ff9c6cd1000 	C:\WINDOWS\SYSTEM32\profapi.dll
0x00007ff9a27f0000 - 0x00007ff9a2808000 	C:\Program Files\Java\jdk-19\bin\zip.dll
0x00007ff9ade50000 - 0x00007ff9ade63000 	C:\Program Files\Java\jdk-19\bin\net.dll
0x00007ff9c2580000 - 0x00007ff9c26b6000 	C:\WINDOWS\SYSTEM32\WINHTTP.dll
0x00007ff9c6310000 - 0x00007ff9c6379000 	C:\WINDOWS\system32\mswsock.dll
0x00007ff9ad200000 - 0x00007ff9ad216000 	C:\Program Files\Java\jdk-19\bin\nio.dll
0x00007ff992520000 - 0x00007ff99253a000 	C:\Program Files\JetBrains\IntelliJ IDEA 2022.1.2\bin\breakgen64.dll
0x00007ff9b62f0000 - 0x00007ff9b62f8000 	C:\Program Files\Java\jdk-19\bin\extnet.dll
0x0000000069ac0000 - 0x0000000069ae4000 	C:\Users\99293\AppData\Local\Temp\jansi-2.4.0-d84201e357d79afe-jansi.dll
0x00007ff9adec0000 - 0x00007ff9aded0000 	C:\Program Files\Java\jdk-19\bin\verify.dll

dbghelp: loaded successfully - version: 4.0.5 - missing functions: none
symbol engine: initialized successfully - sym options: 0x614 - pdb path: .;C:\Program Files\Java\jdk-19\bin;C:\WINDOWS\SYSTEM32;C:\WINDOWS\WinSxS\amd64_microsoft.windows.common-controls_6595b64144ccf1df_6.0.22621.3672_none_2713b9d173822955;C:\Program Files\Java\jdk-19\bin\server;C:\Program Files\JetBrains\IntelliJ IDEA 2022.1.2\bin;C:\Users\99293\AppData\Local\Temp

VM Arguments:
jvm_args: -Dmaven.multiModuleProjectDirectory=D:\unitedStates duplicates original -Dmaven.home=C:\Users\99293\.m2\wrapper\dists\apache-maven-3.8.6-bin\1ks0nkde5v1pk9vtc31i9d0lcd\apache-maven-3.8.6 -Dclassworlds.conf=C:\Users\99293\.m2\wrapper\dists\apache-maven-3.8.6-bin\1ks0nkde5v1pk9vtc31i9d0lcd\apache-maven-3.8.6\bin\m2.conf -Dmaven.ext.class.path=C:\Program Files\JetBrains\IntelliJ IDEA 2022.1.2\plugins\maven\lib\maven-event-listener.jar -javaagent:C:\Program Files\JetBrains\IntelliJ IDEA 2022.1.2\lib\idea_rt.jar=60436:C:\Program Files\JetBrains\IntelliJ IDEA 2022.1.2\bin -Dfile.encoding=UTF-8 
java_command: org.codehaus.classworlds.Launcher -Didea.version=2022.1.2 package
java_class_path (initial): C:\Users\99293\.m2\wrapper\dists\apache-maven-3.8.6-bin\1ks0nkde5v1pk9vtc31i9d0lcd\apache-maven-3.8.6\boot\plexus-classworlds-2.6.0.jar;C:\Users\99293\.m2\wrapper\dists\apache-maven-3.8.6-bin\1ks0nkde5v1pk9vtc31i9d0lcd\apache-maven-3.8.6\boot\plexus-classworlds.license
Launcher Type: SUN_STANDARD

[Global flags]
     intx CICompilerCount                          = 12                                        {product} {ergonomic}
     uint ConcGCThreads                            = 3                                         {product} {ergonomic}
     uint G1ConcRefinementThreads                  = 13                                        {product} {ergonomic}
   size_t G1HeapRegionSize                         = 2097152                                   {product} {ergonomic}
    uintx GCDrainStackTargetSize                   = 64                                        {product} {ergonomic}
   size_t InitialHeapSize                          = 264241152                                 {product} {ergonomic}
   size_t MarkStackSize                            = 4194304                                   {product} {ergonomic}
   size_t MaxHeapSize                              = 4196401152                                {product} {ergonomic}
   size_t MaxNewSize                               = 2516582400                                {product} {ergonomic}
   size_t MinHeapDeltaBytes                        = 2097152                                   {product} {ergonomic}
   size_t MinHeapSize                              = 8388608                                   {product} {ergonomic}
    uintx NonNMethodCodeHeapSize                   = 7602480                                {pd product} {ergonomic}
    uintx NonProfiledCodeHeapSize                  = 122027880                              {pd product} {ergonomic}
    uintx ProfiledCodeHeapSize                     = 122027880                              {pd product} {ergonomic}
    uintx ReservedCodeCacheSize                    = 251658240                              {pd product} {ergonomic}
     bool SegmentedCodeCache                       = true                                      {product} {ergonomic}
   size_t SoftMaxHeapSize                          = 4196401152                             {manageable} {ergonomic}
     bool UseCompressedClassPointers               = true                           {product lp64_product} {ergonomic}
     bool UseCompressedOops                        = true                           {product lp64_product} {ergonomic}
     bool UseG1GC                                  = true                                      {product} {ergonomic}
     bool UseLargePagesIndividualAllocation        = false                                  {pd product} {ergonomic}

Logging:
Log output configuration:
 #0: stdout all=warning uptime,level,tags foldmultilines=false
 #1: stderr all=off uptime,level,tags foldmultilines=false

Environment Variables:
JAVA_HOME=C:\Program Files\Java\jdk-19
PATH=C:\Program Files\Common Files\Oracle\Java\javapath;C:\Windows\system32;C:\Windows;C:\Windows\System32\Wbem;C:\Windows\System32\WindowsPowerShell\v1.0\;C:\Windows\System32\OpenSSH\;C:\Program Files (x86)\NVIDIA Corporation\PhysX\Common;C:\Program Files\NVIDIA Corporation\NVIDIA NvDLISR;C:\Program Files\Git\cmd;C:\Program Files (x86)\dotnet\;C:\WINDOWS\system32;C:\WINDOWS;C:\WINDOWS\System32\Wbem;C:\WINDOWS\System32\WindowsPowerShell\v1.0\;C:\WINDOWS\System32\OpenSSH\;C:\Program Files\Java\jdk-19\bin;C:\Users\99293\AppData\Local\Programs\Python\Python311\Scripts\;C:\Users\99293\AppData\Local\Programs\Python\Python311\;C:\Users\99293\AppData\Local\Microsoft\WindowsApps;;C:\Program Files\JetBrains\IntelliJ IDEA 2022.1.2\bin;;C:\Program Files\heroku\bin
USERNAME=ASUS
OS=Windows_NT
PROCESSOR_IDENTIFIER=Intel64 Family 6 Model 154 Stepping 3, GenuineIntel
TMP=C:\Users\99293\AppData\Local\Temp
TEMP=C:\Users\99293\AppData\Local\Temp



---------------  S Y S T E M  ---------------

OS:
 Windows 11 , 64 bit Build 22621 (10.0.22621.3672)
OS uptime: 5 days 18:36 hours
Hyper-V role detected

CPU: total 16 (initial active 16) (8 cores per cpu, 2 threads per core) family 6 model 154 stepping 3 microcode 0x41c, cx8, cmov, fxsr, ht, mmx, 3dnowpref, sse, sse2, sse3, ssse3, sse4.1, sse4.2, popcnt, lzcnt, tsc, tscinvbit, avx, avx2, aes, erms, clmul, bmi1, bmi2, adx, sha, fma, vzeroupper, clflush, clflushopt, clwb, hv, serialize, rdtscp, rdpid, fsrm

Memory: 4k page, system-wide physical 16005M (953M free)
TotalPageFile size 18053M (AvailPageFile size 6M)
current process WorkingSet (physical memory assigned to process): 452M, peak: 458M
current process commit charge ("private bytes"): 505M, peak: 508M

vm_info: Java HotSpot(TM) 64-Bit Server VM (19.0.2+7-44) for windows-amd64 JRE (19.0.2+7-44), built on 2022-11-30T18:02:09Z by "mach5one" with MS VC++ 17.1 (VS2022)

END.
