#
# There is insufficient memory for the Java Runtime Environment to continue.
# Native memory allocation (malloc) failed to allocate 1048576 bytes for AllocateHeap
# Possible reasons:
#   The system is out of physical RAM or swap space
#   The process is running with CompressedOops enabled, and the Java Heap may be blocking the growth of the native heap
# Possible solutions:
#   Reduce memory load on the system
#   Increase physical memory or swap space
#   Check if swap backing store is full
#   Decrease Java heap size (-Xmx/-Xms)
#   Decrease number of Java threads
#   Decrease Java thread stack sizes (-Xss)
#   Set larger code cache with -XX:ReservedCodeCacheSize=
#   JVM is running with Unscaled Compressed Oops mode in which the Java heap is
#     placed in the first 4GB address space. The Java Heap base address is the
#     maximum limit for the native heap growth. Please use -XX:HeapBaseMinAddress
#     to set the Java Heap base and to place the Java Heap above 4GB virtual address.
# This output file may be truncated or incomplete.
#
#  Out of Memory Error (allocation.cpp:44), pid=20824, tid=11504
#
# JRE version:  (19.0.2+7) (build )
# Java VM: Java HotSpot(TM) 64-Bit Server VM (19.0.2+7-44, mixed mode, sharing, tiered, compressed oops, compressed class ptrs, g1 gc, windows-amd64)
# No core dump will be written. Minidumps are not enabled by default on client versions of Windows
#

---------------  S U M M A R Y ------------

Command Line: C:\Users\99293\AppData\Local\Temp\surefire12276007588049464694\surefirebooter11581136024296452135.jar C:\Users\99293\AppData\Local\Temp\surefire12276007588049464694 2023-06-27T17-09-39_115-jvmRun1 surefire2893113990422337669tmp surefire_08097019450471318641tmp

Host: 12th Gen Intel(R) Core(TM) i7-12650H, 16 cores, 15G,  Windows 11 , 64 bit Build 22621 (10.0.22621.1635)
Time: Tue Jun 27 17:09:39 2023  Windows 11 , 64 bit Build 22621 (10.0.22621.1635) elapsed time: 0.005889 seconds (0d 0h 0m 0s)

---------------  T H R E A D  ---------------

Current thread (0x0000028f78fb7a60):  JavaThread "Unknown thread" [_thread_in_vm, id=11504, stack(0x0000009ceba00000,0x0000009cebb00000)]

Stack: [0x0000009ceba00000,0x0000009cebb00000]
Native frames: (J=compiled Java code, j=interpreted, Vv=VM code, C=native code)
V  [jvm.dll+0x6ee21a]
V  [jvm.dll+0x85765e]
V  [jvm.dll+0x85904e]
V  [jvm.dll+0x859703]
V  [jvm.dll+0x28298f]
V  [jvm.dll+0xc406b]
V  [jvm.dll+0x32a5d9]
V  [jvm.dll+0x82174b]
V  [jvm.dll+0x3c2661]
V  [jvm.dll+0x801f51]
V  [jvm.dll+0x44ae8f]
V  [jvm.dll+0x44c811]
C  [jli.dll+0x5287]
C  [ucrtbase.dll+0x29363]
C  [KERNEL32.DLL+0x126ad]
C  [ntdll.dll+0x5a9f8]


---------------  P R O C E S S  ---------------

Threads class SMR info:
_java_thread_list=0x00007fff113bd048, length=0, elements={
}

Java Threads: ( => current thread )

Other Threads:

=>0x0000028f78fb7a60 (exited) JavaThread "Unknown thread" [_thread_in_vm, id=11504, stack(0x0000009ceba00000,0x0000009cebb00000)]

Threads with active compile tasks:

VM state: not at safepoint (not fully initialized)

VM Mutex/Monitor currently owned by a thread: None

Heap address: 0x0000000000000000, size: 0 MB, Compressed Oops mode: 32-bit

CDS archive(s) mapped at: [0x0000000000000000-0x0000000000000000-0x0000000000000000), size 0, SharedBaseAddress: 0x0000000800000000, ArchiveRelocationMode: 0.
Narrow klass base: 0x0000000000000000, Narrow klass shift: 0, Narrow klass range: 0x0

GC Precious Log:
 CardTable entry size: 512
 Card Set container configuration: InlinePtr #cards 4 size 8 Array Of Cards #cards 16 size 48 Howl #buckets 8 coarsen threshold 3686 Howl Bitmap #cards 512 size 80 coarsen threshold 460 Card regions per heap region 1 cards per card region 4096

GC Heap History (0 events):
No events

Dll operation events (1 events):
Event: 0.004 Loaded shared library C:\Program Files\Java\jdk-19\bin\java.dll

Deoptimization events (0 events):
No events

Classes loaded (0 events):
No events

Classes unloaded (0 events):
No events

Classes redefined (0 events):
No events

Internal exceptions (0 events):
No events

VM Operations (0 events):
No events

Events (0 events):
No events


Dynamic libraries:
0x00007ff7b09d0000 - 0x00007ff7b09e0000 	C:\Program Files\Java\jdk-19\bin\java.exe
0x00007fff8ff70000 - 0x00007fff90184000 	C:\WINDOWS\SYSTEM32\ntdll.dll
0x00007fff8f410000 - 0x00007fff8f4d2000 	C:\WINDOWS\System32\KERNEL32.DLL
0x00007fff8d360000 - 0x00007fff8d703000 	C:\WINDOWS\System32\KERNELBASE.dll
0x00007fff8da40000 - 0x00007fff8db51000 	C:\WINDOWS\System32\ucrtbase.dll
0x00007fff85690000 - 0x00007fff856a8000 	C:\Program Files\Java\jdk-19\bin\jli.dll
0x00007fff8f8d0000 - 0x00007fff8f97e000 	C:\WINDOWS\System32\ADVAPI32.dll
0x00007fff8e1e0000 - 0x00007fff8e287000 	C:\WINDOWS\System32\msvcrt.dll
0x00007fff6cb30000 - 0x00007fff6cb4b000 	C:\Program Files\Java\jdk-19\bin\VCRUNTIME140.dll
0x00007fff8f0d0000 - 0x00007fff8f174000 	C:\WINDOWS\System32\sechost.dll
0x00007fff8df70000 - 0x00007fff8e087000 	C:\WINDOWS\System32\RPCRT4.dll
0x00007fff8ddc0000 - 0x00007fff8df6b000 	C:\WINDOWS\System32\USER32.dll
0x00007fff8d830000 - 0x00007fff8d856000 	C:\WINDOWS\System32\win32u.dll
0x00007fff8f1e0000 - 0x00007fff8f209000 	C:\WINDOWS\System32\GDI32.dll
0x00007fff8dc20000 - 0x00007fff8dd38000 	C:\WINDOWS\System32\gdi32full.dll
0x00007fff8d710000 - 0x00007fff8d7aa000 	C:\WINDOWS\System32\msvcp_win.dll
0x00007fff75000000 - 0x00007fff7528e000 	C:\WINDOWS\WinSxS\amd64_microsoft.windows.common-controls_6595b64144ccf1df_6.0.22621.1635_none_270f70857386168e\COMCTL32.dll
0x00007fff85320000 - 0x00007fff8532a000 	C:\WINDOWS\SYSTEM32\VERSION.dll
0x00007fff8f4e0000 - 0x00007fff8f511000 	C:\WINDOWS\System32\IMM32.DLL
0x00007fff885d0000 - 0x00007fff885dc000 	C:\Program Files\Java\jdk-19\bin\vcruntime140_1.dll
0x00007fff64dd0000 - 0x00007fff64e5e000 	C:\Program Files\Java\jdk-19\bin\msvcp140.dll
0x00007fff10840000 - 0x00007fff11500000 	C:\Program Files\Java\jdk-19\bin\server\jvm.dll
0x00007fff6db80000 - 0x00007fff6db89000 	C:\WINDOWS\SYSTEM32\WSOCK32.dll
0x00007fff85b70000 - 0x00007fff85ba4000 	C:\WINDOWS\SYSTEM32\WINMM.dll
0x00007fff8e2a0000 - 0x00007fff8e311000 	C:\WINDOWS\System32\WS2_32.dll
0x00007fff8c4a0000 - 0x00007fff8c4b8000 	C:\WINDOWS\SYSTEM32\kernel.appcore.dll
0x00007fff6db30000 - 0x00007fff6db3a000 	C:\Program Files\Java\jdk-19\bin\jimage.dll
0x00007fff8ac40000 - 0x00007fff8ae6e000 	C:\WINDOWS\SYSTEM32\DBGHELP.DLL
0x00007fff8eb20000 - 0x00007fff8eea9000 	C:\WINDOWS\System32\combase.dll
0x00007fff8e0f0000 - 0x00007fff8e1c7000 	C:\WINDOWS\System32\OLEAUT32.dll
0x00007fff83850000 - 0x00007fff83882000 	C:\WINDOWS\SYSTEM32\dbgcore.DLL
0x00007fff8d7b0000 - 0x00007fff8d82b000 	C:\WINDOWS\System32\bcryptPrimitives.dll
0x00007fff6c3b0000 - 0x00007fff6c3d6000 	C:\Program Files\Java\jdk-19\bin\java.dll

dbghelp: loaded successfully - version: 4.0.5 - missing functions: none
symbol engine: initialized successfully - sym options: 0x614 - pdb path: .;C:\Program Files\Java\jdk-19\bin;C:\WINDOWS\SYSTEM32;C:\WINDOWS\WinSxS\amd64_microsoft.windows.common-controls_6595b64144ccf1df_6.0.22621.1635_none_270f70857386168e;C:\Program Files\Java\jdk-19\bin\server

VM Arguments:
java_command: C:\Users\99293\AppData\Local\Temp\surefire12276007588049464694\surefirebooter11581136024296452135.jar C:\Users\99293\AppData\Local\Temp\surefire12276007588049464694 2023-06-27T17-09-39_115-jvmRun1 surefire2893113990422337669tmp surefire_08097019450471318641tmp
java_class_path (initial): C:\Users\99293\AppData\Local\Temp\surefire12276007588049464694\surefirebooter11581136024296452135.jar
Launcher Type: SUN_STANDARD

[Global flags]
     intx CICompilerCount                          = 12                                        {product} {ergonomic}
     uint ConcGCThreads                            = 3                                         {product} {ergonomic}
     uint G1ConcRefinementThreads                  = 13                                        {product} {ergonomic}
   size_t G1HeapRegionSize                         = 2097152                                   {product} {ergonomic}
    uintx GCDrainStackTargetSize                   = 64                                        {product} {ergonomic}
   size_t InitialHeapSize                          = 264241152                                 {product} {ergonomic}
   size_t MarkStackSize                            = 4194304                                   {product} {ergonomic}
   size_t MaxHeapSize                              = 4196401152                                {product} {ergonomic}
   size_t MinHeapDeltaBytes                        = 2097152                                   {product} {ergonomic}
   size_t MinHeapSize                              = 8388608                                   {product} {ergonomic}
    uintx NonNMethodCodeHeapSize                   = 7602480                                {pd product} {ergonomic}
    uintx NonProfiledCodeHeapSize                  = 122027880                              {pd product} {ergonomic}
    uintx ProfiledCodeHeapSize                     = 122027880                              {pd product} {ergonomic}
    uintx ReservedCodeCacheSize                    = 251658240                              {pd product} {ergonomic}
     bool SegmentedCodeCache                       = true                                      {product} {ergonomic}
   size_t SoftMaxHeapSize                          = 4196401152                             {manageable} {ergonomic}
     bool UseCompressedClassPointers               = true                           {product lp64_product} {ergonomic}
     bool UseCompressedOops                        = true                           {product lp64_product} {ergonomic}
     bool UseG1GC                                  = true                                      {product} {ergonomic}
     bool UseLargePagesIndividualAllocation        = false                                  {pd product} {ergonomic}

Logging:
Log output configuration:
 #0: stdout all=warning uptime,level,tags foldmultilines=false
 #1: stderr all=off uptime,level,tags foldmultilines=false

Environment Variables:
PATH=C:\Program Files\Common Files\Oracle\Java\javapath;C:\Windows\system32;C:\Windows;C:\Windows\System32\Wbem;C:\Windows\System32\WindowsPowerShell\v1.0\;C:\Windows\System32\OpenSSH\;C:\Program Files (x86)\NVIDIA Corporation\PhysX\Common;C:\Program Files\NVIDIA Corporation\NVIDIA NvDLISR;C:\Program Files\Git\cmd;C:\Program Files (x86)\dotnet\;%SystemRoot%\system32;%SystemRoot%;%SystemRoot%\System32\Wbem;%SYSTEMROOT%\System32\WindowsPowerShell\v1.0\;%SYSTEMROOT%\System32\OpenSSH\;C:\Users\99293\AppData\Local\Programs\Python\Python311\Scripts\;C:\Users\99293\AppData\Local\Programs\Python\Python311\;C:\Users\99293\AppData\Local\Microsoft\WindowsApps;;C:\Program Files\JetBrains\IntelliJ IDEA 2022.1.2\bin;;C:\Program Files\heroku\bin
USERNAME=ASUS
OS=Windows_NT
PROCESSOR_IDENTIFIER=Intel64 Family 6 Model 154 Stepping 3, GenuineIntel
TMP=C:\Users\99293\AppData\Local\Temp
TEMP=C:\Users\99293\AppData\Local\Temp



---------------  S Y S T E M  ---------------

OS:
 Windows 11 , 64 bit Build 22621 (10.0.22621.1635)
OS uptime: 2 days 17:17 hours
Hyper-V role detected

CPU: total 16 (initial active 16) (8 cores per cpu, 2 threads per core) family 6 model 154 stepping 3 microcode 0x41c, cx8, cmov, fxsr, ht, mmx, 3dnowpref, sse, sse2, sse3, ssse3, sse4.1, sse4.2, popcnt, lzcnt, tsc, tscinvbit, avx, avx2, aes, erms, clmul, bmi1, bmi2, adx, sha, fma, vzeroupper, clflush, clflushopt, clwb, hv, serialize, rdtscp, rdpid, fsrm

Memory: 4k page, system-wide physical 16005M (3178M free)
TotalPageFile size 18053M (AvailPageFile size 5M)
current process WorkingSet (physical memory assigned to process): 10M, peak: 10M
current process commit charge ("private bytes"): 13M, peak: 14M

vm_info: Java HotSpot(TM) 64-Bit Server VM (19.0.2+7-44) for windows-amd64 JRE (19.0.2+7-44), built on 2022-11-30T18:02:09Z by "mach5one" with MS VC++ 17.1 (VS2022)

END.
