#
# There is insufficient memory for the Java Runtime Environment to continue.
# Native memory allocation (mmap) failed to map 65536 bytes for Failed to commit metaspace.
# Possible reasons:
#   The system is out of physical RAM or swap space
#   The process is running with CompressedOops enabled, and the Java Heap may be blocking the growth of the native heap
# Possible solutions:
#   Reduce memory load on the system
#   Increase physical memory or swap space
#   Check if swap backing store is full
#   Decrease Java heap size (-Xmx/-Xms)
#   Decrease number of Java threads
#   Decrease Java thread stack sizes (-Xss)
#   Set larger code cache with -XX:ReservedCodeCacheSize=
#   JVM is running with Zero Based Compressed Oops mode in which the Java heap is
#     placed in the first 32GB address space. The Java Heap base address is the
#     maximum limit for the native heap growth. Please use -XX:HeapBaseMinAddress
#     to set the Java Heap base and to place the Java Heap above 32GB virtual address.
# This output file may be truncated or incomplete.
#
#  Out of Memory Error (virtualSpaceNode.cpp:110), pid=17776, tid=21660
#
# JRE version: Java(TM) SE Runtime Environment (19.0.2+7) (build 19.0.2+7-44)
# Java VM: Java HotSpot(TM) 64-Bit Server VM (19.0.2+7-44, mixed mode, sharing, tiered, compressed oops, compressed class ptrs, g1 gc, windows-amd64)
# No core dump will be written. Minidumps are not enabled by default on client versions of Windows
#

---------------  S U M M A R Y ------------

Command Line: -Dmaven.multiModuleProjectDirectory=D:\unitedStates duplicates original -Dmaven.home=C:\Users\99293\.m2\wrapper\dists\apache-maven-3.8.6-bin\1ks0nkde5v1pk9vtc31i9d0lcd\apache-maven-3.8.6 -Dclassworlds.conf=C:\Users\99293\.m2\wrapper\dists\apache-maven-3.8.6-bin\1ks0nkde5v1pk9vtc31i9d0lcd\apache-maven-3.8.6\bin\m2.conf -Dmaven.ext.class.path=C:\Program Files\JetBrains\IntelliJ IDEA 2022.1.2\plugins\maven\lib\maven-event-listener.jar -javaagent:C:\Program Files\JetBrains\IntelliJ IDEA 2022.1.2\lib\idea_rt.jar=63196:C:\Program Files\JetBrains\IntelliJ IDEA 2022.1.2\bin -Dfile.encoding=UTF-8 org.codehaus.classworlds.Launcher -Didea.version=2022.1.2 package

Host: 12th Gen Intel(R) Core(TM) i7-12650H, 16 cores, 15G,  Windows 11 , 64 bit Build 22621 (10.0.22621.2215)
Time: Tue Oct  3 20:24:25 2023  Windows 11 , 64 bit Build 22621 (10.0.22621.2215) elapsed time: 1.073270 seconds (0d 0h 0m 1s)

---------------  T H R E A D  ---------------

Current thread (0x00000139d409dbf0):  JavaThread "C1 CompilerThread1" daemon [_thread_in_vm, id=21660, stack(0x000000043fe00000,0x000000043ff00000)]


Current CompileTask:
C1:   1073 2772       3       java.lang.invoke.DirectMethodHandle$Holder::putReference (29 bytes)

Stack: [0x000000043fe00000,0x000000043ff00000]
Native frames: (J=compiled Java code, j=interpreted, Vv=VM code, C=native code)
V  [jvm.dll+0x6ee21a]
V  [jvm.dll+0x85765e]
V  [jvm.dll+0x85904e]
V  [jvm.dll+0x859703]
V  [jvm.dll+0x28298f]
V  [jvm.dll+0x8532db]
V  [jvm.dll+0x692cb6]
V  [jvm.dll+0x692d1a]
V  [jvm.dll+0x695613]
V  [jvm.dll+0x6954de]
V  [jvm.dll+0x6936de]
V  [jvm.dll+0x6a4f0a]
V  [jvm.dll+0x69df0a]
V  [jvm.dll+0x2002b0]
V  [jvm.dll+0x200498]
V  [jvm.dll+0x160eae]
V  [jvm.dll+0x161208]
V  [jvm.dll+0x160666]
V  [jvm.dll+0x16235d]
V  [jvm.dll+0x25b25a]
V  [jvm.dll+0x2596e8]
V  [jvm.dll+0x807588]
V  [jvm.dll+0x80125a]
V  [jvm.dll+0x6ecf0b]
C  [ucrtbase.dll+0x29363]
C  [KERNEL32.DLL+0x1257d]
C  [ntdll.dll+0x5aa68]


---------------  P R O C E S S  ---------------

Threads class SMR info:
_java_thread_list=0x00000139d60b80e0, length=22, elements={
0x00000139ac137cd0, 0x00000139cfe5b760, 0x00000139cfe5c550, 0x00000139cfe606c0,
0x00000139cfe64010, 0x00000139cfe64940, 0x00000139cfe65270, 0x00000139cfe65ed0,
0x00000139cfe66840, 0x00000139cfe6e1f0, 0x00000139cfe31700, 0x00000139d409dbf0,
0x00000139d40ae8c0, 0x00000139d40aee40, 0x00000139d4220f30, 0x00000139d41a5140,
0x00000139d455c0d0, 0x00000139d4b65f00, 0x00000139d45ee340, 0x00000139d4f71880,
0x00000139d47dabe0, 0x00000139d4fd5460
}

Java Threads: ( => current thread )
  0x00000139ac137cd0 JavaThread "main" [_thread_in_vm, id=2084, stack(0x000000043ed00000,0x000000043ee00000)]
  0x00000139cfe5b760 JavaThread "Reference Handler" daemon [_thread_blocked, id=396, stack(0x000000043f400000,0x000000043f500000)]
  0x00000139cfe5c550 JavaThread "Finalizer" daemon [_thread_blocked, id=17376, stack(0x000000043f500000,0x000000043f600000)]
  0x00000139cfe606c0 JavaThread "Signal Dispatcher" daemon [_thread_blocked, id=21128, stack(0x000000043f600000,0x000000043f700000)]
  0x00000139cfe64010 JavaThread "Attach Listener" daemon [_thread_blocked, id=15244, stack(0x000000043f700000,0x000000043f800000)]
  0x00000139cfe64940 JavaThread "Service Thread" daemon [_thread_blocked, id=8680, stack(0x000000043f800000,0x000000043f900000)]
  0x00000139cfe65270 JavaThread "Monitor Deflation Thread" daemon [_thread_blocked, id=17048, stack(0x000000043f900000,0x000000043fa00000)]
  0x00000139cfe65ed0 JavaThread "C2 CompilerThread0" daemon [_thread_blocked, id=10652, stack(0x000000043fa00000,0x000000043fb00000)]
  0x00000139cfe66840 JavaThread "C1 CompilerThread0" daemon [_thread_blocked, id=21712, stack(0x000000043fb00000,0x000000043fc00000)]
  0x00000139cfe6e1f0 JavaThread "Sweeper thread" daemon [_thread_blocked, id=19228, stack(0x000000043fc00000,0x000000043fd00000)]
  0x00000139cfe31700 JavaThread "Common-Cleaner" daemon [_thread_blocked, id=9644, stack(0x000000043fd00000,0x000000043fe00000)]
=>0x00000139d409dbf0 JavaThread "C1 CompilerThread1" daemon [_thread_in_vm, id=21660, stack(0x000000043fe00000,0x000000043ff00000)]
  0x00000139d40ae8c0 JavaThread "C1 CompilerThread2" daemon [_thread_blocked, id=10964, stack(0x000000043ff00000,0x0000000440000000)]
  0x00000139d40aee40 JavaThread "C1 CompilerThread3" daemon [_thread_blocked, id=7136, stack(0x0000000440000000,0x0000000440100000)]
  0x00000139d4220f30 JavaThread "Monitor Ctrl-Break" daemon [_thread_in_native, id=23120, stack(0x0000000440100000,0x0000000440200000)]
  0x00000139d41a5140 JavaThread "Notification Thread" daemon [_thread_blocked, id=12012, stack(0x0000000440200000,0x0000000440300000)]
  0x00000139d455c0d0 JavaThread "C2 CompilerThread1" daemon [_thread_blocked, id=19524, stack(0x0000000440400000,0x0000000440500000)]
  0x00000139d4b65f00 JavaThread "C2 CompilerThread2" daemon [_thread_blocked, id=22144, stack(0x0000000440500000,0x0000000440600000)]
  0x00000139d45ee340 JavaThread "C2 CompilerThread3" daemon [_thread_blocked, id=20212, stack(0x0000000440600000,0x0000000440700000)]
  0x00000139d4f71880 JavaThread "C2 CompilerThread4" daemon [_thread_blocked, id=21756, stack(0x0000000440700000,0x0000000440800000)]
  0x00000139d47dabe0 JavaThread "C2 CompilerThread5" daemon [_thread_blocked, id=7384, stack(0x0000000440800000,0x0000000440900000)]
  0x00000139d4fd5460 JavaThread "C2 CompilerThread6" daemon [_thread_blocked, id=5492, stack(0x0000000440900000,0x0000000440a00000)]

Other Threads:
  0x00000139cfe411e0 VMThread "VM Thread" [stack: 0x000000043f300000,0x000000043f400000] [id=20388]
  0x00000139d41a6310 WatcherThread "VM Periodic Task Thread" [stack: 0x0000000440300000,0x0000000440400000] [id=10112]
  0x00000139ac1aa6a0 WorkerThread "GC Thread#0" [stack: 0x000000043ee00000,0x000000043ef00000] [id=11956]
  0x00000139cfe41ff0 WorkerThread "GC Thread#1" [stack: 0x0000000440b00000,0x0000000440c00000] [id=3516]
  0x00000139cfe422c0 WorkerThread "GC Thread#2" [stack: 0x0000000440c00000,0x0000000440d00000] [id=22716]
  0x00000139cfe41780 WorkerThread "GC Thread#3" [stack: 0x0000000440d00000,0x0000000440e00000] [id=4116]
  0x00000139cfe41a50 WorkerThread "GC Thread#4" [stack: 0x0000000440e00000,0x0000000440f00000] [id=11856]
  0x00000139cfe41d20 WorkerThread "GC Thread#5" [stack: 0x0000000440f00000,0x0000000441000000] [id=12848]
  0x00000139cfe406a0 WorkerThread "GC Thread#6" [stack: 0x0000000441000000,0x0000000441100000] [id=8388]
  0x00000139d5d2cc70 WorkerThread "GC Thread#7" [stack: 0x0000000441100000,0x0000000441200000] [id=23180]
  0x00000139d5d2da80 WorkerThread "GC Thread#8" [stack: 0x0000000440a00000,0x0000000440b00000] [id=13792]
  0x00000139d5d2e020 WorkerThread "GC Thread#9" [stack: 0x0000000441200000,0x0000000441300000] [id=11800]
  0x00000139d5d2e2f0 WorkerThread "GC Thread#10" [stack: 0x0000000441300000,0x0000000441400000] [id=2192]
  0x00000139ac1bb010 ConcurrentGCThread "G1 Main Marker" [stack: 0x000000043ef00000,0x000000043f000000] [id=23524]
  0x00000139ac1bcbf0 WorkerThread "G1 Conc#0" [stack: 0x000000043f000000,0x000000043f100000] [id=13784]
  0x00000139cfcfe680 ConcurrentGCThread "G1 Refine#0" [stack: 0x000000043f100000,0x000000043f200000] [id=20272]
  0x00000139cfcff1c0 ConcurrentGCThread "G1 Service" [stack: 0x000000043f200000,0x000000043f300000] [id=18024]

Threads with active compile tasks:
C1 CompilerThread0     1090 2773       3       java.lang.reflect.AccessibleObject::checkPermission (16 bytes)
C1 CompilerThread1     1090 2772       3       java.lang.invoke.DirectMethodHandle$Holder::putReference (29 bytes)

VM state: not at safepoint (normal execution)

VM Mutex/Monitor currently owned by a thread:  ([mutex/lock_event])
[0x00000139ac131320] Metaspace_lock - owner thread: 0x00000139d409dbf0
[0x00000139ac132570] MethodData_lock - owner thread: 0x00000139d409dbf0

Heap address: 0x0000000705e00000, size: 4002 MB, Compressed Oops mode: Zero based, Oop shift amount: 3

CDS archive(s) mapped at: [0x0000000800000000-0x0000000800c40000-0x0000000800c40000), size 12845056, SharedBaseAddress: 0x0000000800000000, ArchiveRelocationMode: 0.
Compressed class space mapped at: 0x0000000801000000-0x0000000841000000, reserved size: 1073741824
Narrow klass base: 0x0000000800000000, Narrow klass shift: 0, Narrow klass range: 0x100000000

GC Precious Log:
 CardTable entry size: 512
 Card Set container configuration: InlinePtr #cards 4 size 8 Array Of Cards #cards 16 size 48 Howl #buckets 8 coarsen threshold 3686 Howl Bitmap #cards 512 size 80 coarsen threshold 460 Card regions per heap region 1 cards per card region 4096
 CPUs: 16 total, 16 available
 Memory: 16005M
 Large Page Support: Disabled
 NUMA Support: Disabled
 Compressed Oops: Enabled (Zero based)
 Heap Region Size: 2M
 Heap Min Capacity: 8M
 Heap Initial Capacity: 252M
 Heap Max Capacity: 4002M
 Pre-touch: Disabled
 Parallel Workers: 13
 Concurrent Workers: 3
 Concurrent Refinement Workers: 13
 Periodic GC: Disabled

Heap:
 garbage-first heap   total 258048K, used 16010K [0x0000000705e00000, 0x0000000800000000)
  region size 2048K, 8 young (16384K), 2 survivors (4096K)
 Metaspace       used 12962K, committed 13184K, reserved 1114112K
  class space    used 1460K, committed 1600K, reserved 1048576K

Heap Regions: E=young(eden), S=young(survivor), O=old, HS=humongous(starts), HC=humongous(continues), CS=collection set, F=free, OA=open archive, CA=closed archive, TAMS=top-at-mark-start (previous, next)
|   0|0x0000000705e00000, 0x0000000706000000, 0x0000000706000000|100%| O|  |TAMS 0x0000000705e00000, 0x0000000705e00000| Untracked 
|   1|0x0000000706000000, 0x0000000706159200, 0x0000000706200000| 67%| O|  |TAMS 0x0000000706000000, 0x0000000706000000| Untracked 
|   2|0x0000000706200000, 0x0000000706200000, 0x0000000706400000|  0%| F|  |TAMS 0x0000000706200000, 0x0000000706200000| Untracked 
|   3|0x0000000706400000, 0x0000000706400000, 0x0000000706600000|  0%| F|  |TAMS 0x0000000706400000, 0x0000000706400000| Untracked 
|   4|0x0000000706600000, 0x0000000706600000, 0x0000000706800000|  0%| F|  |TAMS 0x0000000706600000, 0x0000000706600000| Untracked 
|   5|0x0000000706800000, 0x0000000706800000, 0x0000000706a00000|  0%| F|  |TAMS 0x0000000706800000, 0x0000000706800000| Untracked 
|   6|0x0000000706a00000, 0x0000000706a00000, 0x0000000706c00000|  0%| F|  |TAMS 0x0000000706a00000, 0x0000000706a00000| Untracked 
|   7|0x0000000706c00000, 0x0000000706c00000, 0x0000000706e00000|  0%| F|  |TAMS 0x0000000706c00000, 0x0000000706c00000| Untracked 
|   8|0x0000000706e00000, 0x0000000706e00000, 0x0000000707000000|  0%| F|  |TAMS 0x0000000706e00000, 0x0000000706e00000| Untracked 
|   9|0x0000000707000000, 0x0000000707000000, 0x0000000707200000|  0%| F|  |TAMS 0x0000000707000000, 0x0000000707000000| Untracked 
|  10|0x0000000707200000, 0x0000000707200000, 0x0000000707400000|  0%| F|  |TAMS 0x0000000707200000, 0x0000000707200000| Untracked 
|  11|0x0000000707400000, 0x0000000707400000, 0x0000000707600000|  0%| F|  |TAMS 0x0000000707400000, 0x0000000707400000| Untracked 
|  12|0x0000000707600000, 0x0000000707600000, 0x0000000707800000|  0%| F|  |TAMS 0x0000000707600000, 0x0000000707600000| Untracked 
|  13|0x0000000707800000, 0x0000000707800000, 0x0000000707a00000|  0%| F|  |TAMS 0x0000000707800000, 0x0000000707800000| Untracked 
|  14|0x0000000707a00000, 0x0000000707a00000, 0x0000000707c00000|  0%| F|  |TAMS 0x0000000707a00000, 0x0000000707a00000| Untracked 
|  15|0x0000000707c00000, 0x0000000707c00000, 0x0000000707e00000|  0%| F|  |TAMS 0x0000000707c00000, 0x0000000707c00000| Untracked 
|  16|0x0000000707e00000, 0x0000000707e00000, 0x0000000708000000|  0%| F|  |TAMS 0x0000000707e00000, 0x0000000707e00000| Untracked 
|  17|0x0000000708000000, 0x0000000708000000, 0x0000000708200000|  0%| F|  |TAMS 0x0000000708000000, 0x0000000708000000| Untracked 
|  18|0x0000000708200000, 0x0000000708200000, 0x0000000708400000|  0%| F|  |TAMS 0x0000000708200000, 0x0000000708200000| Untracked 
|  19|0x0000000708400000, 0x0000000708400000, 0x0000000708600000|  0%| F|  |TAMS 0x0000000708400000, 0x0000000708400000| Untracked 
|  20|0x0000000708600000, 0x0000000708600000, 0x0000000708800000|  0%| F|  |TAMS 0x0000000708600000, 0x0000000708600000| Untracked 
|  21|0x0000000708800000, 0x0000000708800000, 0x0000000708a00000|  0%| F|  |TAMS 0x0000000708800000, 0x0000000708800000| Untracked 
|  22|0x0000000708a00000, 0x0000000708a00000, 0x0000000708c00000|  0%| F|  |TAMS 0x0000000708a00000, 0x0000000708a00000| Untracked 
|  23|0x0000000708c00000, 0x0000000708c00000, 0x0000000708e00000|  0%| F|  |TAMS 0x0000000708c00000, 0x0000000708c00000| Untracked 
|  24|0x0000000708e00000, 0x0000000708e00000, 0x0000000709000000|  0%| F|  |TAMS 0x0000000708e00000, 0x0000000708e00000| Untracked 
|  25|0x0000000709000000, 0x0000000709000000, 0x0000000709200000|  0%| F|  |TAMS 0x0000000709000000, 0x0000000709000000| Untracked 
|  26|0x0000000709200000, 0x0000000709200000, 0x0000000709400000|  0%| F|  |TAMS 0x0000000709200000, 0x0000000709200000| Untracked 
|  27|0x0000000709400000, 0x0000000709400000, 0x0000000709600000|  0%| F|  |TAMS 0x0000000709400000, 0x0000000709400000| Untracked 
|  28|0x0000000709600000, 0x0000000709600000, 0x0000000709800000|  0%| F|  |TAMS 0x0000000709600000, 0x0000000709600000| Untracked 
|  29|0x0000000709800000, 0x0000000709800000, 0x0000000709a00000|  0%| F|  |TAMS 0x0000000709800000, 0x0000000709800000| Untracked 
|  30|0x0000000709a00000, 0x0000000709a00000, 0x0000000709c00000|  0%| F|  |TAMS 0x0000000709a00000, 0x0000000709a00000| Untracked 
|  31|0x0000000709c00000, 0x0000000709c00000, 0x0000000709e00000|  0%| F|  |TAMS 0x0000000709c00000, 0x0000000709c00000| Untracked 
|  32|0x0000000709e00000, 0x0000000709e00000, 0x000000070a000000|  0%| F|  |TAMS 0x0000000709e00000, 0x0000000709e00000| Untracked 
|  33|0x000000070a000000, 0x000000070a000000, 0x000000070a200000|  0%| F|  |TAMS 0x000000070a000000, 0x000000070a000000| Untracked 
|  34|0x000000070a200000, 0x000000070a200000, 0x000000070a400000|  0%| F|  |TAMS 0x000000070a200000, 0x000000070a200000| Untracked 
|  35|0x000000070a400000, 0x000000070a400000, 0x000000070a600000|  0%| F|  |TAMS 0x000000070a400000, 0x000000070a400000| Untracked 
|  36|0x000000070a600000, 0x000000070a600000, 0x000000070a800000|  0%| F|  |TAMS 0x000000070a600000, 0x000000070a600000| Untracked 
|  37|0x000000070a800000, 0x000000070a800000, 0x000000070aa00000|  0%| F|  |TAMS 0x000000070a800000, 0x000000070a800000| Untracked 
|  38|0x000000070aa00000, 0x000000070aa00000, 0x000000070ac00000|  0%| F|  |TAMS 0x000000070aa00000, 0x000000070aa00000| Untracked 
|  39|0x000000070ac00000, 0x000000070ac00000, 0x000000070ae00000|  0%| F|  |TAMS 0x000000070ac00000, 0x000000070ac00000| Untracked 
|  40|0x000000070ae00000, 0x000000070ae00000, 0x000000070b000000|  0%| F|  |TAMS 0x000000070ae00000, 0x000000070ae00000| Untracked 
|  41|0x000000070b000000, 0x000000070b000000, 0x000000070b200000|  0%| F|  |TAMS 0x000000070b000000, 0x000000070b000000| Untracked 
|  42|0x000000070b200000, 0x000000070b200000, 0x000000070b400000|  0%| F|  |TAMS 0x000000070b200000, 0x000000070b200000| Untracked 
|  43|0x000000070b400000, 0x000000070b400000, 0x000000070b600000|  0%| F|  |TAMS 0x000000070b400000, 0x000000070b400000| Untracked 
|  44|0x000000070b600000, 0x000000070b600000, 0x000000070b800000|  0%| F|  |TAMS 0x000000070b600000, 0x000000070b600000| Untracked 
|  45|0x000000070b800000, 0x000000070b800000, 0x000000070ba00000|  0%| F|  |TAMS 0x000000070b800000, 0x000000070b800000| Untracked 
|  46|0x000000070ba00000, 0x000000070ba00000, 0x000000070bc00000|  0%| F|  |TAMS 0x000000070ba00000, 0x000000070ba00000| Untracked 
|  47|0x000000070bc00000, 0x000000070bc00000, 0x000000070be00000|  0%| F|  |TAMS 0x000000070bc00000, 0x000000070bc00000| Untracked 
|  48|0x000000070be00000, 0x000000070be00000, 0x000000070c000000|  0%| F|  |TAMS 0x000000070be00000, 0x000000070be00000| Untracked 
|  49|0x000000070c000000, 0x000000070c000000, 0x000000070c200000|  0%| F|  |TAMS 0x000000070c000000, 0x000000070c000000| Untracked 
|  50|0x000000070c200000, 0x000000070c200000, 0x000000070c400000|  0%| F|  |TAMS 0x000000070c200000, 0x000000070c200000| Untracked 
|  51|0x000000070c400000, 0x000000070c400000, 0x000000070c600000|  0%| F|  |TAMS 0x000000070c400000, 0x000000070c400000| Untracked 
|  52|0x000000070c600000, 0x000000070c600000, 0x000000070c800000|  0%| F|  |TAMS 0x000000070c600000, 0x000000070c600000| Untracked 
|  53|0x000000070c800000, 0x000000070c800000, 0x000000070ca00000|  0%| F|  |TAMS 0x000000070c800000, 0x000000070c800000| Untracked 
|  54|0x000000070ca00000, 0x000000070ca00000, 0x000000070cc00000|  0%| F|  |TAMS 0x000000070ca00000, 0x000000070ca00000| Untracked 
|  55|0x000000070cc00000, 0x000000070cc00000, 0x000000070ce00000|  0%| F|  |TAMS 0x000000070cc00000, 0x000000070cc00000| Untracked 
|  56|0x000000070ce00000, 0x000000070ce00000, 0x000000070d000000|  0%| F|  |TAMS 0x000000070ce00000, 0x000000070ce00000| Untracked 
|  57|0x000000070d000000, 0x000000070d000000, 0x000000070d200000|  0%| F|  |TAMS 0x000000070d000000, 0x000000070d000000| Untracked 
|  58|0x000000070d200000, 0x000000070d200000, 0x000000070d400000|  0%| F|  |TAMS 0x000000070d200000, 0x000000070d200000| Untracked 
|  59|0x000000070d400000, 0x000000070d400000, 0x000000070d600000|  0%| F|  |TAMS 0x000000070d400000, 0x000000070d400000| Untracked 
|  60|0x000000070d600000, 0x000000070d600000, 0x000000070d800000|  0%| F|  |TAMS 0x000000070d600000, 0x000000070d600000| Untracked 
|  61|0x000000070d800000, 0x000000070d800000, 0x000000070da00000|  0%| F|  |TAMS 0x000000070d800000, 0x000000070d800000| Untracked 
|  62|0x000000070da00000, 0x000000070da00000, 0x000000070dc00000|  0%| F|  |TAMS 0x000000070da00000, 0x000000070da00000| Untracked 
|  63|0x000000070dc00000, 0x000000070dc00000, 0x000000070de00000|  0%| F|  |TAMS 0x000000070dc00000, 0x000000070dc00000| Untracked 
|  64|0x000000070de00000, 0x000000070de00000, 0x000000070e000000|  0%| F|  |TAMS 0x000000070de00000, 0x000000070de00000| Untracked 
|  65|0x000000070e000000, 0x000000070e000000, 0x000000070e200000|  0%| F|  |TAMS 0x000000070e000000, 0x000000070e000000| Untracked 
|  66|0x000000070e200000, 0x000000070e200000, 0x000000070e400000|  0%| F|  |TAMS 0x000000070e200000, 0x000000070e200000| Untracked 
|  67|0x000000070e400000, 0x000000070e400000, 0x000000070e600000|  0%| F|  |TAMS 0x000000070e400000, 0x000000070e400000| Untracked 
|  68|0x000000070e600000, 0x000000070e600000, 0x000000070e800000|  0%| F|  |TAMS 0x000000070e600000, 0x000000070e600000| Untracked 
|  69|0x000000070e800000, 0x000000070e800000, 0x000000070ea00000|  0%| F|  |TAMS 0x000000070e800000, 0x000000070e800000| Untracked 
|  70|0x000000070ea00000, 0x000000070ea00000, 0x000000070ec00000|  0%| F|  |TAMS 0x000000070ea00000, 0x000000070ea00000| Untracked 
|  71|0x000000070ec00000, 0x000000070ec00000, 0x000000070ee00000|  0%| F|  |TAMS 0x000000070ec00000, 0x000000070ec00000| Untracked 
|  72|0x000000070ee00000, 0x000000070ee00000, 0x000000070f000000|  0%| F|  |TAMS 0x000000070ee00000, 0x000000070ee00000| Untracked 
|  73|0x000000070f000000, 0x000000070f000000, 0x000000070f200000|  0%| F|  |TAMS 0x000000070f000000, 0x000000070f000000| Untracked 
|  74|0x000000070f200000, 0x000000070f200000, 0x000000070f400000|  0%| F|  |TAMS 0x000000070f200000, 0x000000070f200000| Untracked 
|  75|0x000000070f400000, 0x000000070f400000, 0x000000070f600000|  0%| F|  |TAMS 0x000000070f400000, 0x000000070f400000| Untracked 
|  76|0x000000070f600000, 0x000000070f600000, 0x000000070f800000|  0%| F|  |TAMS 0x000000070f600000, 0x000000070f600000| Untracked 
|  77|0x000000070f800000, 0x000000070f800000, 0x000000070fa00000|  0%| F|  |TAMS 0x000000070f800000, 0x000000070f800000| Untracked 
|  78|0x000000070fa00000, 0x000000070fa00000, 0x000000070fc00000|  0%| F|  |TAMS 0x000000070fa00000, 0x000000070fa00000| Untracked 
|  79|0x000000070fc00000, 0x000000070fc00000, 0x000000070fe00000|  0%| F|  |TAMS 0x000000070fc00000, 0x000000070fc00000| Untracked 
|  80|0x000000070fe00000, 0x000000070fe00000, 0x0000000710000000|  0%| F|  |TAMS 0x000000070fe00000, 0x000000070fe00000| Untracked 
|  81|0x0000000710000000, 0x0000000710000000, 0x0000000710200000|  0%| F|  |TAMS 0x0000000710000000, 0x0000000710000000| Untracked 
|  82|0x0000000710200000, 0x0000000710200000, 0x0000000710400000|  0%| F|  |TAMS 0x0000000710200000, 0x0000000710200000| Untracked 
|  83|0x0000000710400000, 0x0000000710400000, 0x0000000710600000|  0%| F|  |TAMS 0x0000000710400000, 0x0000000710400000| Untracked 
|  84|0x0000000710600000, 0x0000000710600000, 0x0000000710800000|  0%| F|  |TAMS 0x0000000710600000, 0x0000000710600000| Untracked 
|  85|0x0000000710800000, 0x0000000710800000, 0x0000000710a00000|  0%| F|  |TAMS 0x0000000710800000, 0x0000000710800000| Untracked 
|  86|0x0000000710a00000, 0x0000000710a00000, 0x0000000710c00000|  0%| F|  |TAMS 0x0000000710a00000, 0x0000000710a00000| Untracked 
|  87|0x0000000710c00000, 0x0000000710c00000, 0x0000000710e00000|  0%| F|  |TAMS 0x0000000710c00000, 0x0000000710c00000| Untracked 
|  88|0x0000000710e00000, 0x0000000710e00000, 0x0000000711000000|  0%| F|  |TAMS 0x0000000710e00000, 0x0000000710e00000| Untracked 
|  89|0x0000000711000000, 0x0000000711000000, 0x0000000711200000|  0%| F|  |TAMS 0x0000000711000000, 0x0000000711000000| Untracked 
|  90|0x0000000711200000, 0x0000000711200000, 0x0000000711400000|  0%| F|  |TAMS 0x0000000711200000, 0x0000000711200000| Untracked 
|  91|0x0000000711400000, 0x0000000711400000, 0x0000000711600000|  0%| F|  |TAMS 0x0000000711400000, 0x0000000711400000| Untracked 
|  92|0x0000000711600000, 0x0000000711600000, 0x0000000711800000|  0%| F|  |TAMS 0x0000000711600000, 0x0000000711600000| Untracked 
|  93|0x0000000711800000, 0x0000000711800000, 0x0000000711a00000|  0%| F|  |TAMS 0x0000000711800000, 0x0000000711800000| Untracked 
|  94|0x0000000711a00000, 0x0000000711a00000, 0x0000000711c00000|  0%| F|  |TAMS 0x0000000711a00000, 0x0000000711a00000| Untracked 
|  95|0x0000000711c00000, 0x0000000711c00000, 0x0000000711e00000|  0%| F|  |TAMS 0x0000000711c00000, 0x0000000711c00000| Untracked 
|  96|0x0000000711e00000, 0x0000000711e00000, 0x0000000712000000|  0%| F|  |TAMS 0x0000000711e00000, 0x0000000711e00000| Untracked 
|  97|0x0000000712000000, 0x0000000712000000, 0x0000000712200000|  0%| F|  |TAMS 0x0000000712000000, 0x0000000712000000| Untracked 
|  98|0x0000000712200000, 0x0000000712200000, 0x0000000712400000|  0%| F|  |TAMS 0x0000000712200000, 0x0000000712200000| Untracked 
|  99|0x0000000712400000, 0x0000000712400000, 0x0000000712600000|  0%| F|  |TAMS 0x0000000712400000, 0x0000000712400000| Untracked 
| 100|0x0000000712600000, 0x0000000712600000, 0x0000000712800000|  0%| F|  |TAMS 0x0000000712600000, 0x0000000712600000| Untracked 
| 101|0x0000000712800000, 0x0000000712800000, 0x0000000712a00000|  0%| F|  |TAMS 0x0000000712800000, 0x0000000712800000| Untracked 
| 102|0x0000000712a00000, 0x0000000712a00000, 0x0000000712c00000|  0%| F|  |TAMS 0x0000000712a00000, 0x0000000712a00000| Untracked 
| 103|0x0000000712c00000, 0x0000000712c00000, 0x0000000712e00000|  0%| F|  |TAMS 0x0000000712c00000, 0x0000000712c00000| Untracked 
| 104|0x0000000712e00000, 0x0000000712e00000, 0x0000000713000000|  0%| F|  |TAMS 0x0000000712e00000, 0x0000000712e00000| Untracked 
| 105|0x0000000713000000, 0x0000000713049878, 0x0000000713200000| 14%| S|CS|TAMS 0x0000000713000000, 0x0000000713000000| Complete 
| 106|0x0000000713200000, 0x0000000713400000, 0x0000000713400000|100%| S|CS|TAMS 0x0000000713200000, 0x0000000713200000| Complete 
| 107|0x0000000713400000, 0x0000000713400000, 0x0000000713600000|  0%| F|  |TAMS 0x0000000713400000, 0x0000000713400000| Untracked 
| 108|0x0000000713600000, 0x0000000713600000, 0x0000000713800000|  0%| F|  |TAMS 0x0000000713600000, 0x0000000713600000| Untracked 
| 109|0x0000000713800000, 0x0000000713800000, 0x0000000713a00000|  0%| F|  |TAMS 0x0000000713800000, 0x0000000713800000| Untracked 
| 110|0x0000000713a00000, 0x0000000713a00000, 0x0000000713c00000|  0%| F|  |TAMS 0x0000000713a00000, 0x0000000713a00000| Untracked 
| 111|0x0000000713c00000, 0x0000000713c00000, 0x0000000713e00000|  0%| F|  |TAMS 0x0000000713c00000, 0x0000000713c00000| Untracked 
| 112|0x0000000713e00000, 0x0000000713e00000, 0x0000000714000000|  0%| F|  |TAMS 0x0000000713e00000, 0x0000000713e00000| Untracked 
| 113|0x0000000714000000, 0x0000000714000000, 0x0000000714200000|  0%| F|  |TAMS 0x0000000714000000, 0x0000000714000000| Untracked 
| 114|0x0000000714200000, 0x0000000714200000, 0x0000000714400000|  0%| F|  |TAMS 0x0000000714200000, 0x0000000714200000| Untracked 
| 115|0x0000000714400000, 0x0000000714400000, 0x0000000714600000|  0%| F|  |TAMS 0x0000000714400000, 0x0000000714400000| Untracked 
| 116|0x0000000714600000, 0x0000000714600000, 0x0000000714800000|  0%| F|  |TAMS 0x0000000714600000, 0x0000000714600000| Untracked 
| 117|0x0000000714800000, 0x0000000714800000, 0x0000000714a00000|  0%| F|  |TAMS 0x0000000714800000, 0x0000000714800000| Untracked 
| 118|0x0000000714a00000, 0x0000000714a00000, 0x0000000714c00000|  0%| F|  |TAMS 0x0000000714a00000, 0x0000000714a00000| Untracked 
| 119|0x0000000714c00000, 0x0000000714c00000, 0x0000000714e00000|  0%| F|  |TAMS 0x0000000714c00000, 0x0000000714c00000| Untracked 
| 120|0x0000000714e00000, 0x0000000715000000, 0x0000000715000000|100%| E|  |TAMS 0x0000000714e00000, 0x0000000714e00000| Complete 
| 121|0x0000000715000000, 0x0000000715200000, 0x0000000715200000|100%| E|CS|TAMS 0x0000000715000000, 0x0000000715000000| Complete 
| 122|0x0000000715200000, 0x0000000715400000, 0x0000000715400000|100%| E|CS|TAMS 0x0000000715200000, 0x0000000715200000| Complete 
| 123|0x0000000715400000, 0x0000000715600000, 0x0000000715600000|100%| E|CS|TAMS 0x0000000715400000, 0x0000000715400000| Complete 
| 124|0x0000000715600000, 0x0000000715800000, 0x0000000715800000|100%| E|CS|TAMS 0x0000000715600000, 0x0000000715600000| Complete 
| 125|0x0000000715800000, 0x0000000715a00000, 0x0000000715a00000|100%| E|CS|TAMS 0x0000000715800000, 0x0000000715800000| Complete 

Card table byte_map: [0x00000139c4100000,0x00000139c48e0000] _byte_map_base: 0x00000139c08d1000

Marking Bits (Prev, Next): (CMBitMap*) 0x00000139ac1aacd0, (CMBitMap*) 0x00000139ac1aad10
 Prev Bits: [0x00000139c50c0000, 0x00000139c8f48000)
 Next Bits: [0x00000139c8f50000, 0x00000139ccdd8000)

Polling page: 0x00000139ab900000

Metaspace:

Usage:
  Non-class:     11.23 MB used.
      Class:      1.43 MB used.
       Both:     12.66 MB used.

Virtual space:
  Non-class space:       64.00 MB reserved,      11.31 MB ( 18%) committed,  1 nodes.
      Class space:        1.00 GB reserved,       1.56 MB ( <1%) committed,  1 nodes.
             Both:        1.06 GB reserved,      12.88 MB (  1%) committed. 

Chunk freelists:
   Non-Class:  3.88 MB
       Class:  2.50 MB
        Both:  6.37 MB

MaxMetaspaceSize: unlimited
CompressedClassSpaceSize: 1.00 GB
Initial GC threshold: 21.00 MB
Current GC threshold: 21.00 MB
CDS: on
MetaspaceReclaimPolicy: balanced
 - commit_granule_bytes: 65536.
 - commit_granule_words: 8192.
 - virtual_space_node_default_size: 8388608.
 - enlarge_chunks_in_place: 1.
 - new_chunks_are_fully_committed: 0.
 - uncommit_free_chunks: 1.
 - use_allocation_guard: 0.


Internal statistics:

num_allocs_failed_limit: 0.
num_arena_births: 250.
num_arena_deaths: 0.
num_vsnodes_births: 2.
num_vsnodes_deaths: 0.
num_space_committed: 206.
num_space_uncommitted: 0.
num_chunks_returned_to_freelist: 0.
num_chunks_taken_from_freelist: 663.
num_chunk_merges: 0.
num_chunk_splits: 476.
num_chunks_enlarged: 354.
num_inconsistent_stats: 0.

CodeHeap 'non-profiled nmethods': size=119168Kb used=985Kb max_used=985Kb free=118182Kb
 bounds [0x00000139bbc40000, 0x00000139bbeb0000, 0x00000139c30a0000]
CodeHeap 'profiled nmethods': size=119104Kb used=5483Kb max_used=5483Kb free=113621Kb
 bounds [0x00000139b40a0000, 0x00000139b4600000, 0x00000139bb4f0000]
CodeHeap 'non-nmethods': size=7488Kb used=2963Kb max_used=2995Kb free=4524Kb
 bounds [0x00000139bb4f0000, 0x00000139bb7f0000, 0x00000139bbc40000]
 total_blobs=3251 nmethods=2765 adapters=393
 compilation: enabled
              stopped_count=0, restarted_count=0
 full_count=0

Compilation events (20 events):
Event: 1.062 Thread 0x00000139d40aee40 2756       3       org.eclipse.sisu.bean.BeanPropertyField::getType (11 bytes)
Event: 1.062 Thread 0x00000139d40aee40 nmethod 2756 0x00000139b45f5e90 code [0x00000139b45f61a0, 0x00000139b45f77c8]
Event: 1.064 Thread 0x00000139d455c0d0 nmethod 2663 0x00000139bbd2f810 code [0x00000139bbd2fb00, 0x00000139bbd32c80]
Event: 1.064 Thread 0x00000139d40aee40 2757       3       com.google.inject.Scopes::isCircularProxy (5 bytes)
Event: 1.064 Thread 0x00000139d40aee40 nmethod 2757 0x00000139b45f7e90 code [0x00000139b45f8040, 0x00000139b45f8258]
Event: 1.065 Thread 0x00000139d40aee40 2761       3       java.lang.invoke.MethodType::methodType (21 bytes)
Event: 1.065 Thread 0x00000139d40aee40 nmethod 2761 0x00000139b45f8310 code [0x00000139b45f84e0, 0x00000139b45f86b8]
Event: 1.065 Thread 0x00000139cfe66840 2762       3       java.lang.invoke.ClassSpecializer$Factory$1Var::isInHeap (13 bytes)
Event: 1.065 Thread 0x00000139cfe66840 nmethod 2762 0x00000139b45f8790 code [0x00000139b45f8920, 0x00000139b45f8a98]
Event: 1.069 Thread 0x00000139d455c0d0 2767       4       java.util.regex.Pattern$$Lambda$20/0x800000030::is (9 bytes)
Event: 1.069 Thread 0x00000139d4fd5460 2768       4       java.util.regex.Pattern$BitClass::is (22 bytes)
Event: 1.069 Thread 0x00000139d4fd5460 nmethod 2768 0x00000139bbd35610 code [0x00000139bbd357a0, 0x00000139bbd35878]
Event: 1.070 Thread 0x00000139d455c0d0 nmethod 2767 0x00000139bbd35990 code [0x00000139bbd35b40, 0x00000139bbd35df8]
Event: 1.070 Thread 0x00000139cfe66840 2769       3       java.lang.invoke.ClassSpecializer$SpeciesData::transformHelper (56 bytes)
Event: 1.070 Thread 0x00000139cfe66840 nmethod 2769 0x00000139b45f8b10 code [0x00000139b45f8dc0, 0x00000139b45f9d68]
Event: 1.071 Thread 0x00000139d409dbf0 2770       3       java.util.IdentityHashMap::init (11 bytes)
Event: 1.071 Thread 0x00000139d409dbf0 nmethod 2770 0x00000139b45fa190 code [0x00000139b45fa340, 0x00000139b45fa538]
Event: 1.071 Thread 0x00000139d455c0d0 2771   !   4       java.lang.ref.NativeReferenceQueue::poll (28 bytes)
Event: 1.071 Thread 0x00000139d409dbf0 2772       3       java.lang.invoke.DirectMethodHandle$Holder::putReference (29 bytes)
Event: 1.072 Thread 0x00000139cfe66840 2773       3       java.lang.reflect.AccessibleObject::checkPermission (16 bytes)

GC Heap History (4 events):
Event: 0.436 GC heap before
{Heap before GC invocations=0 (full 0):
 garbage-first heap   total 258048K, used 22528K [0x0000000705e00000, 0x0000000800000000)
  region size 2048K, 11 young (22528K), 0 survivors (0K)
 Metaspace       used 5302K, committed 5440K, reserved 1114112K
  class space    used 578K, committed 640K, reserved 1048576K
}
Event: 0.439 GC heap after
{Heap after GC invocations=1 (full 0):
 garbage-first heap   total 258048K, used 3880K [0x0000000705e00000, 0x0000000800000000)
  region size 2048K, 2 young (4096K), 2 survivors (4096K)
 Metaspace       used 5302K, committed 5440K, reserved 1114112K
  class space    used 578K, committed 640K, reserved 1048576K
}
Event: 0.903 GC heap before
{Heap before GC invocations=1 (full 0):
 garbage-first heap   total 258048K, used 38696K [0x0000000705e00000, 0x0000000800000000)
  region size 2048K, 19 young (38912K), 2 survivors (4096K)
 Metaspace       used 10603K, committed 10816K, reserved 1114112K
  class space    used 1234K, committed 1344K, reserved 1048576K
}
Event: 0.906 GC heap after
{Heap after GC invocations=2 (full 0):
 garbage-first heap   total 258048K, used 5770K [0x0000000705e00000, 0x0000000800000000)
  region size 2048K, 2 young (4096K), 2 survivors (4096K)
 Metaspace       used 10603K, committed 10816K, reserved 1114112K
  class space    used 1234K, committed 1344K, reserved 1048576K
}

Dll operation events (12 events):
Event: 0.007 Loaded shared library C:\Program Files\Java\jdk-19\bin\java.dll
Event: 0.013 Loaded shared library C:\Program Files\Java\jdk-19\bin\jsvml.dll
Event: 0.046 Loaded shared library C:\Program Files\Java\jdk-19\bin\zip.dll
Event: 0.048 Loaded shared library C:\Program Files\Java\jdk-19\bin\instrument.dll
Event: 0.051 Loaded shared library C:\Program Files\Java\jdk-19\bin\net.dll
Event: 0.052 Loaded shared library C:\Program Files\Java\jdk-19\bin\nio.dll
Event: 0.054 Loaded shared library C:\Program Files\Java\jdk-19\bin\zip.dll
Event: 0.063 Loaded shared library C:\Program Files\JetBrains\IntelliJ IDEA 2022.1.2\bin\breakgen64.dll
Event: 0.071 Loaded shared library C:\Program Files\Java\jdk-19\bin\extnet.dll
Event: 0.118 Loaded shared library C:\Program Files\Java\jdk-19\bin\jimage.dll
Event: 0.168 Loaded shared library C:\Users\99293\AppData\Local\Temp\jansi-2.4.0-b4c3b284d3bc0710-jansi.dll
Event: 0.175 Loaded shared library C:\Program Files\Java\jdk-19\bin\verify.dll

Deoptimization events (20 events):
Event: 1.020 Thread 0x00000139ac137cd0 Uncommon trap: trap_request=0xffffffc6 fr.pc=0x00000139bbd0b10c relative=0x000000000000086c
Event: 1.020 Thread 0x00000139ac137cd0 Uncommon trap: reason=bimorphic_or_optimized_type_check action=maybe_recompile pc=0x00000139bbd0b10c method=java.util.HashMap.putVal(ILjava/lang/Object;Ljava/lang/Object;ZZ)Ljava/lang/Object; @ 203 c2
Event: 1.020 Thread 0x00000139ac137cd0 DEOPT PACKING pc=0x00000139bbd0b10c sp=0x000000043edfe340
Event: 1.020 Thread 0x00000139ac137cd0 DEOPT UNPACKING pc=0x00000139bb556da3 sp=0x000000043edfe2d0 mode 2
Event: 1.026 Thread 0x00000139ac137cd0 Uncommon trap: trap_request=0xfffffff4 fr.pc=0x00000139bbcfede4 relative=0x0000000000000824
Event: 1.026 Thread 0x00000139ac137cd0 Uncommon trap: reason=null_check action=make_not_entrant pc=0x00000139bbcfede4 method=java.util.ArrayList.add(Ljava/lang/Object;[Ljava/lang/Object;I)V @ 14 c2
Event: 1.026 Thread 0x00000139ac137cd0 DEOPT PACKING pc=0x00000139bbcfede4 sp=0x000000043edfdb30
Event: 1.026 Thread 0x00000139ac137cd0 DEOPT UNPACKING pc=0x00000139bb556da3 sp=0x000000043edfda98 mode 2
Event: 1.027 Thread 0x00000139ac137cd0 Uncommon trap: trap_request=0xffffff45 fr.pc=0x00000139bbcbdd40 relative=0x0000000000000600
Event: 1.027 Thread 0x00000139ac137cd0 Uncommon trap: reason=unstable_if action=reinterpret pc=0x00000139bbcbdd40 method=java.lang.String.replace(CC)Ljava/lang/String; @ 2 c2
Event: 1.027 Thread 0x00000139ac137cd0 DEOPT PACKING pc=0x00000139bbcbdd40 sp=0x000000043edfe200
Event: 1.027 Thread 0x00000139ac137cd0 DEOPT UNPACKING pc=0x00000139bb556da3 sp=0x000000043edfe1b0 mode 2
Event: 1.028 Thread 0x00000139ac137cd0 DEOPT PACKING pc=0x00000139b45c3d7d sp=0x000000043edfdc30
Event: 1.028 Thread 0x00000139ac137cd0 DEOPT UNPACKING pc=0x00000139bb557543 sp=0x000000043edfd140 mode 0
Event: 1.039 Thread 0x00000139ac137cd0 DEOPT PACKING pc=0x00000139b45c3d9e sp=0x000000043edfdde0
Event: 1.039 Thread 0x00000139ac137cd0 DEOPT UNPACKING pc=0x00000139bb557543 sp=0x000000043edfd2f0 mode 0
Event: 1.040 Thread 0x00000139ac137cd0 Uncommon trap: trap_request=0xffffffc6 fr.pc=0x00000139bbd0b10c relative=0x000000000000086c
Event: 1.040 Thread 0x00000139ac137cd0 Uncommon trap: reason=bimorphic_or_optimized_type_check action=maybe_recompile pc=0x00000139bbd0b10c method=java.util.HashMap.putVal(ILjava/lang/Object;Ljava/lang/Object;ZZ)Ljava/lang/Object; @ 203 c2
Event: 1.040 Thread 0x00000139ac137cd0 DEOPT PACKING pc=0x00000139bbd0b10c sp=0x000000043edfdce0
Event: 1.040 Thread 0x00000139ac137cd0 DEOPT UNPACKING pc=0x00000139bb556da3 sp=0x000000043edfdc70 mode 2

Classes loaded (20 events):
Event: 1.003 Loading class java/net/URL$1
Event: 1.003 Loading class java/net/URL$1 done
Event: 1.003 Loading class java/net/spi/URLStreamHandlerProvider
Event: 1.003 Loading class java/net/spi/URLStreamHandlerProvider done
Event: 1.003 Loading class sun/net/www/protocol/https/Handler
Event: 1.003 Loading class sun/net/www/protocol/http/Handler
Event: 1.005 Loading class sun/net/www/protocol/http/Handler done
Event: 1.005 Loading class sun/net/www/protocol/https/Handler done
Event: 1.005 Loading class java/util/regex/Pattern$Pos
Event: 1.006 Loading class java/util/regex/Pattern$Pos done
Event: 1.059 Loading class java/math/BigDecimal
Event: 1.060 Loading class java/math/BigDecimal done
Event: 1.060 Loading class java/lang/Short$ShortCache
Event: 1.060 Loading class java/lang/Short$ShortCache done
Event: 1.061 Loading class java/lang/Byte$ByteCache
Event: 1.061 Loading class java/lang/Byte$ByteCache done
Event: 1.065 Loading class sun/invoke/util/ValueConversions$1
Event: 1.065 Loading class sun/invoke/util/ValueConversions$1 done
Event: 1.065 Loading class java/lang/invoke/BoundMethodHandle$Species_LI
Event: 1.065 Loading class java/lang/invoke/BoundMethodHandle$Species_LI done

Classes unloaded (0 events):
No events

Classes redefined (0 events):
No events

Internal exceptions (20 events):
Event: 0.864 Thread 0x00000139ac137cd0 Exception <a 'java/lang/NoSuchMethodError'{0x00000007134499a8}: 'void java.lang.invoke.Invokers$Holder.invokeExact_MT(java.lang.Object, java.lang.Object, java.lang.Object, java.lang.Object)'> (0x00000007134499a8) 
thrown [s\open\src\hotspot\share\interpreter\linkResolver.cpp, line 774]
Event: 0.876 Thread 0x00000139ac137cd0 Exception <a 'java/lang/NoClassDefFoundError'{0x00000007134cc2a0}: com/google/inject/servlet/ServletModuleTargetVisitor> (0x00000007134cc2a0) 
thrown [s\open\src\hotspot\share\classfile\systemDictionary.cpp, line 244]
Event: 0.899 Thread 0x00000139ac137cd0 Exception <a 'java/lang/NoSuchMethodError'{0x00000007135ad978}: 'java.lang.Object java.lang.invoke.DirectMethodHandle$Holder.invokeStatic(java.lang.Object, java.lang.Object, int)'> (0x00000007135ad978) 
thrown [s\open\src\hotspot\share\interpreter\linkResolver.cpp, line 774]
Event: 0.899 Thread 0x00000139ac137cd0 Exception <a 'java/lang/NoSuchMethodError'{0x00000007135b2c00}: 'void java.lang.invoke.DirectMethodHandle$Holder.invokeStatic(java.lang.Object, java.lang.Object, int, java.lang.Object)'> (0x00000007135b2c00) 
thrown [s\open\src\hotspot\share\interpreter\linkResolver.cpp, line 774]
Event: 0.899 Thread 0x00000139ac137cd0 Exception <a 'java/lang/NoSuchMethodError'{0x00000007135babc8}: 'void java.lang.invoke.DelegatingMethodHandle$Holder.delegate(java.lang.Object, java.lang.Object, int, java.lang.Object)'> (0x00000007135babc8) 
thrown [s\open\src\hotspot\share\interpreter\linkResolver.cpp, line 774]
Event: 0.900 Thread 0x00000139ac137cd0 Exception <a 'java/lang/NoSuchMethodError'{0x00000007135bf4a8}: 'int java.lang.invoke.DirectMethodHandle$Holder.invokeSpecial(java.lang.Object, java.lang.Object, java.lang.Object)'> (0x00000007135bf4a8) 
thrown [s\open\src\hotspot\share\interpreter\linkResolver.cpp, line 774]
Event: 0.919 Thread 0x00000139ac137cd0 Exception <a 'java/lang/NoSuchMethodError'{0x0000000715945460}: 'java.lang.Object java.lang.invoke.DirectMethodHandle$Holder.newInvokeSpecial(java.lang.Object, java.lang.Object, java.lang.Object, java.lang.Object, java.lang.Object, java.lang.Object, java.lang.Object)'> (0x0000000715945460) 
thrown [s\open\src\hotspot\share\interpreter\linkResolver.cpp, line 774]
Event: 0.925 Thread 0x00000139ac137cd0 Exception <a 'java/lang/NoSuchMethodError'{0x00000007156033a8}: 'java.lang.Object java.lang.invoke.DirectMethodHandle$Holder.newInvokeSpecial(java.lang.Object, java.lang.Object, java.lang.Object, java.lang.Object, java.lang.Object, java.lang.Object, java.lang.Object, java.lang.Object, java.lang.Object)'> (0x00000007156033a8) 
thrown [s\open\src\hotspot\share\interpreter\linkResolver.cpp, line 774]
Event: 0.938 Thread 0x00000139ac137cd0 Exception <a 'java/lang/NoSuchMethodError'{0x00000007156f0730}: 'java.lang.Object java.lang.invoke.DirectMethodHandle$Holder.newInvokeSpecial(java.lang.Object, java.lang.Object, java.lang.Object, java.lang.Object, java.lang.Object, java.lang.Object, java.lang.Object, java.lang.Object, java.lang.Object, java.lang.Object, java.lang.Object, java.lang.Object)'> (0x00000007156f0730) 
thrown [s\open\src\hotspot\share\interpreter\linkResolver.cpp, line 774]
Event: 0.941 Thread 0x00000139ac137cd0 Exception <a 'java/lang/NoSuchMethodError'{0x00000007157383e8}: 'java.lang.Object java.lang.invoke.DirectMethodHandle$Holder.invokeStatic(java.lang.Object, java.lang.Object, java.lang.Object, java.lang.Object, java.lang.Object, java.lang.Object, java.lang.Object, java.lang.Object, java.lang.Object, java.lang.Object, java.lang.Object, java.lang.Object, java.lang.Object)'> (0x00000007157383e8) 
thrown [s\open\src\hotspot\share\interpreter\linkResolver.cpp, line 774]
Event: 0.942 Thread 0x00000139ac137cd0 Exception <a 'java/lang/NoSuchMethodError'{0x0000000715757e88}: 'java.lang.Object java.lang.invoke.DirectMethodHandle$Holder.invokeStatic(java.lang.Object, java.lang.Object, java.lang.Object, java.lang.Object, java.lang.Object, java.lang.Object, java.lang.Object, java.lang.Object, java.lang.Object, java.lang.Object, java.lang.Object, java.lang.Object, java.lang.Object, java.lang.Object)'> (0x0000000715757e88) 
thrown [s\open\src\hotspot\share\interpreter\linkResolver.cpp, line 774]
Event: 0.943 Thread 0x00000139ac137cd0 Exception <a 'java/lang/NoSuchMethodError'{0x0000000715779310}: 'java.lang.Object java.lang.invoke.DirectMethodHandle$Holder.invokeStatic(java.lang.Object, java.lang.Object, java.lang.Object, java.lang.Object, java.lang.Object, java.lang.Object, java.lang.Object, java.lang.Object, java.lang.Object, java.lang.Object, java.lang.Object, java.lang.Object, java.lang.Object, java.lang.Object, java.lang.Object)'> (0x0000000715779310) 
thrown [s\open\src\hotspot\share\interpreter\linkResolver.cpp, line 774]
Event: 0.955 Thread 0x00000139ac137cd0 Exception <a 'java/lang/NoSuchMethodError'{0x00000007157f0f90}: 'java.lang.Object java.lang.invoke.DirectMethodHandle$Holder.invokeStaticInit(java.lang.Object, int, int, int, int)'> (0x00000007157f0f90) 
thrown [s\open\src\hotspot\share\interpreter\linkResolver.cpp, line 774]
Event: 1.017 Thread 0x00000139ac137cd0 Implicit null exception at 0x00000139bbd01672 to 0x00000139bbd01b70
Event: 1.017 Thread 0x00000139ac137cd0 Implicit null exception at 0x00000139bbc86cf2 to 0x00000139bbc871e4
Event: 1.026 Thread 0x00000139ac137cd0 Implicit null exception at 0x00000139bbcfe638 to 0x00000139bbcfedcc
Event: 1.065 Thread 0x00000139ac137cd0 Exception <a 'java/lang/NoSuchMethodError'{0x0000000714f4bd20}: 'void java.lang.invoke.DirectMethodHandle$Holder.invokeVirtual(java.lang.Object, java.lang.Object, int)'> (0x0000000714f4bd20) 
thrown [s\open\src\hotspot\share\interpreter\linkResolver.cpp, line 774]
Event: 1.065 Thread 0x00000139ac137cd0 Exception <a 'java/lang/NoSuchMethodError'{0x0000000714f50138}: 'int java.lang.invoke.DirectMethodHandle$Holder.invokeSpecial(java.lang.Object, java.lang.Object, java.lang.Object, int)'> (0x0000000714f50138) 
thrown [s\open\src\hotspot\share\interpreter\linkResolver.cpp, line 774]
Event: 1.066 Thread 0x00000139ac137cd0 Exception <a 'java/lang/NoSuchMethodError'{0x0000000714f60540}: 'java.lang.Object java.lang.invoke.DirectMethodHandle$Holder.invokeStatic(java.lang.Object, java.lang.Object, java.lang.Object, java.lang.Object, int)'> (0x0000000714f60540) 
thrown [s\open\src\hotspot\share\interpreter\linkResolver.cpp, line 774]
Event: 1.066 Thread 0x00000139ac137cd0 Exception <a 'java/lang/NoSuchMethodError'{0x0000000714f6be00}: 'void java.lang.invoke.DelegatingMethodHandle$Holder.reinvoke_L(java.lang.Object, java.lang.Object, int)'> (0x0000000714f6be00) 
thrown [s\open\src\hotspot\share\interpreter\linkResolver.cpp, line 774]

VM Operations (20 events):
Event: 0.813 Executing VM operation: HandshakeAllThreads
Event: 0.813 Executing VM operation: HandshakeAllThreads done
Event: 0.839 Executing VM operation: HandshakeAllThreads
Event: 0.839 Executing VM operation: HandshakeAllThreads done
Event: 0.860 Executing VM operation: HandshakeAllThreads
Event: 0.860 Executing VM operation: HandshakeAllThreads done
Event: 0.898 Executing VM operation: HandshakeAllThreads
Event: 0.898 Executing VM operation: HandshakeAllThreads done
Event: 0.903 Executing VM operation: G1CollectForAllocation
Event: 0.906 Executing VM operation: G1CollectForAllocation done
Event: 0.947 Executing VM operation: HandshakeAllThreads
Event: 0.947 Executing VM operation: HandshakeAllThreads done
Event: 0.964 Executing VM operation: HandshakeAllThreads
Event: 0.964 Executing VM operation: HandshakeAllThreads done
Event: 0.982 Executing VM operation: HandshakeAllThreads
Event: 0.982 Executing VM operation: HandshakeAllThreads done
Event: 1.003 Executing VM operation: HandshakeAllThreads
Event: 1.003 Executing VM operation: HandshakeAllThreads done
Event: 1.005 Executing VM operation: HandshakeAllThreads
Event: 1.005 Executing VM operation: HandshakeAllThreads done

Events (20 events):
Event: 0.021 Thread 0x00000139cfe64010 Thread added: 0x00000139cfe64010
Event: 0.021 Thread 0x00000139cfe64940 Thread added: 0x00000139cfe64940
Event: 0.021 Thread 0x00000139cfe65270 Thread added: 0x00000139cfe65270
Event: 0.021 Thread 0x00000139cfe65ed0 Thread added: 0x00000139cfe65ed0
Event: 0.021 Thread 0x00000139cfe66840 Thread added: 0x00000139cfe66840
Event: 0.021 Thread 0x00000139cfe6e1f0 Thread added: 0x00000139cfe6e1f0
Event: 0.035 Thread 0x00000139cfe31700 Thread added: 0x00000139cfe31700
Event: 0.039 Thread 0x00000139d409dbf0 Thread added: 0x00000139d409dbf0
Event: 0.039 Thread 0x00000139d40ae8c0 Thread added: 0x00000139d40ae8c0
Event: 0.039 Thread 0x00000139d40aee40 Thread added: 0x00000139d40aee40
Event: 0.064 Thread 0x00000139d4220f30 Thread added: 0x00000139d4220f30
Event: 0.064 Thread 0x00000139d41a5140 Thread added: 0x00000139d41a5140
Event: 0.222 Thread 0x00000139d455c0d0 Thread added: 0x00000139d455c0d0
Event: 0.413 Thread 0x00000139d4b65f00 Thread added: 0x00000139d4b65f00
Event: 0.421 Thread 0x00000139d45ee340 Thread added: 0x00000139d45ee340
Event: 0.421 Thread 0x00000139d4f71880 Thread added: 0x00000139d4f71880
Event: 0.427 Thread 0x00000139d47dabe0 Thread added: 0x00000139d47dabe0
Event: 0.427 Thread 0x00000139d4fd5460 Thread added: 0x00000139d4fd5460
Event: 0.427 Thread 0x00000139d4fd59e0 Thread added: 0x00000139d4fd59e0
Event: 0.736 Thread 0x00000139d4fd59e0 Thread exited: 0x00000139d4fd59e0


Dynamic libraries:
0x00007ff7ab890000 - 0x00007ff7ab8a0000 	C:\Program Files\Java\jdk-19\bin\java.exe
0x00007ff9cc270000 - 0x00007ff9cc484000 	C:\WINDOWS\SYSTEM32\ntdll.dll
0x00007ff9cba40000 - 0x00007ff9cbb04000 	C:\WINDOWS\System32\KERNEL32.DLL
0x00007ff9c9780000 - 0x00007ff9c9b24000 	C:\WINDOWS\System32\KERNELBASE.dll
0x00007ff9c9c80000 - 0x00007ff9c9d91000 	C:\WINDOWS\System32\ucrtbase.dll
0x00007ff9c04c0000 - 0x00007ff9c04d8000 	C:\Program Files\Java\jdk-19\bin\jli.dll
0x00007ff9ca0b0000 - 0x00007ff9ca160000 	C:\WINDOWS\System32\ADVAPI32.dll
0x00007ff9b7230000 - 0x00007ff9b724b000 	C:\Program Files\Java\jdk-19\bin\VCRUNTIME140.dll
0x00007ff9cb790000 - 0x00007ff9cb837000 	C:\WINDOWS\System32\msvcrt.dll
0x00007ff9ca880000 - 0x00007ff9ca926000 	C:\WINDOWS\System32\sechost.dll
0x00007ff9cbb90000 - 0x00007ff9cbca7000 	C:\WINDOWS\System32\RPCRT4.dll
0x00007ff9cb890000 - 0x00007ff9cba3e000 	C:\WINDOWS\System32\USER32.dll
0x00007ff9c9bb0000 - 0x00007ff9c9bd6000 	C:\WINDOWS\System32\win32u.dll
0x00007ff9b0840000 - 0x00007ff9b0ad3000 	C:\WINDOWS\WinSxS\amd64_microsoft.windows.common-controls_6595b64144ccf1df_6.0.22621.2215_none_270d72677387dfc3\COMCTL32.dll
0x00007ff9cbf40000 - 0x00007ff9cbf69000 	C:\WINDOWS\System32\GDI32.dll
0x00007ff9c95f0000 - 0x00007ff9c9708000 	C:\WINDOWS\System32\gdi32full.dll
0x00007ff9c9be0000 - 0x00007ff9c9c7a000 	C:\WINDOWS\System32\msvcp_win.dll
0x00007ff9c2230000 - 0x00007ff9c223a000 	C:\WINDOWS\SYSTEM32\VERSION.dll
0x00007ff9ca940000 - 0x00007ff9ca971000 	C:\WINDOWS\System32\IMM32.DLL
0x00007ff9c4810000 - 0x00007ff9c481c000 	C:\Program Files\Java\jdk-19\bin\vcruntime140_1.dll
0x00007ff9b4060000 - 0x00007ff9b40ee000 	C:\Program Files\Java\jdk-19\bin\msvcp140.dll
0x00007ff98b070000 - 0x00007ff98bd30000 	C:\Program Files\Java\jdk-19\bin\server\jvm.dll
0x00007ff9c45d0000 - 0x00007ff9c45d9000 	C:\WINDOWS\SYSTEM32\WSOCK32.dll
0x00007ff9ca9f0000 - 0x00007ff9caa61000 	C:\WINDOWS\System32\WS2_32.dll
0x00007ff9c22b0000 - 0x00007ff9c22e4000 	C:\WINDOWS\SYSTEM32\WINMM.dll
0x00007ff9c8730000 - 0x00007ff9c8748000 	C:\WINDOWS\SYSTEM32\kernel.appcore.dll
0x00007ff9c46b0000 - 0x00007ff9c46ba000 	C:\Program Files\Java\jdk-19\bin\jimage.dll
0x00007ff9c6930000 - 0x00007ff9c6b5e000 	C:\WINDOWS\SYSTEM32\DBGHELP.DLL
0x00007ff9ca160000 - 0x00007ff9ca4ea000 	C:\WINDOWS\System32\combase.dll
0x00007ff9c9fd0000 - 0x00007ff9ca0a7000 	C:\WINDOWS\System32\OLEAUT32.dll
0x00007ff9c01d0000 - 0x00007ff9c0202000 	C:\WINDOWS\SYSTEM32\dbgcore.DLL
0x00007ff9c9b30000 - 0x00007ff9c9baa000 	C:\WINDOWS\System32\bcryptPrimitives.dll
0x00007ff9b3900000 - 0x00007ff9b390e000 	C:\Program Files\Java\jdk-19\bin\instrument.dll
0x00007ff9b7110000 - 0x00007ff9b7136000 	C:\Program Files\Java\jdk-19\bin\java.dll
0x00007ff994500000 - 0x00007ff9945d7000 	C:\Program Files\Java\jdk-19\bin\jsvml.dll
0x00007ff9caa70000 - 0x00007ff9cb293000 	C:\WINDOWS\System32\SHELL32.dll
0x00007ff9c7550000 - 0x00007ff9c7e3a000 	C:\WINDOWS\SYSTEM32\windows.storage.dll
0x00007ff9c7410000 - 0x00007ff9c754e000 	C:\WINDOWS\SYSTEM32\wintypes.dll
0x00007ff9ca4f0000 - 0x00007ff9ca5e3000 	C:\WINDOWS\System32\SHCORE.dll
0x00007ff9cbe50000 - 0x00007ff9cbeae000 	C:\WINDOWS\System32\shlwapi.dll
0x00007ff9c9520000 - 0x00007ff9c9546000 	C:\WINDOWS\SYSTEM32\profapi.dll
0x00007ff9b3a00000 - 0x00007ff9b3a18000 	C:\Program Files\Java\jdk-19\bin\zip.dll
0x00007ff9b7210000 - 0x00007ff9b7223000 	C:\Program Files\Java\jdk-19\bin\net.dll
0x00007ff9c3c60000 - 0x00007ff9c3d97000 	C:\WINDOWS\SYSTEM32\WINHTTP.dll
0x00007ff9c8bb0000 - 0x00007ff9c8c19000 	C:\WINDOWS\system32\mswsock.dll
0x00007ff9b6ff0000 - 0x00007ff9b7006000 	C:\Program Files\Java\jdk-19\bin\nio.dll
0x00007ff9a3b20000 - 0x00007ff9a3b3a000 	C:\Program Files\JetBrains\IntelliJ IDEA 2022.1.2\bin\breakgen64.dll
0x00007ff9c4690000 - 0x00007ff9c4698000 	C:\Program Files\Java\jdk-19\bin\extnet.dll
0x0000000069ac0000 - 0x0000000069ae4000 	C:\Users\99293\AppData\Local\Temp\jansi-2.4.0-b4c3b284d3bc0710-jansi.dll
0x00007ff9c2350000 - 0x00007ff9c2360000 	C:\Program Files\Java\jdk-19\bin\verify.dll

dbghelp: loaded successfully - version: 4.0.5 - missing functions: none
symbol engine: initialized successfully - sym options: 0x614 - pdb path: .;C:\Program Files\Java\jdk-19\bin;C:\WINDOWS\SYSTEM32;C:\WINDOWS\WinSxS\amd64_microsoft.windows.common-controls_6595b64144ccf1df_6.0.22621.2215_none_270d72677387dfc3;C:\Program Files\Java\jdk-19\bin\server;C:\Program Files\JetBrains\IntelliJ IDEA 2022.1.2\bin;C:\Users\99293\AppData\Local\Temp

VM Arguments:
jvm_args: -Dmaven.multiModuleProjectDirectory=D:\unitedStates duplicates original -Dmaven.home=C:\Users\99293\.m2\wrapper\dists\apache-maven-3.8.6-bin\1ks0nkde5v1pk9vtc31i9d0lcd\apache-maven-3.8.6 -Dclassworlds.conf=C:\Users\99293\.m2\wrapper\dists\apache-maven-3.8.6-bin\1ks0nkde5v1pk9vtc31i9d0lcd\apache-maven-3.8.6\bin\m2.conf -Dmaven.ext.class.path=C:\Program Files\JetBrains\IntelliJ IDEA 2022.1.2\plugins\maven\lib\maven-event-listener.jar -javaagent:C:\Program Files\JetBrains\IntelliJ IDEA 2022.1.2\lib\idea_rt.jar=63196:C:\Program Files\JetBrains\IntelliJ IDEA 2022.1.2\bin -Dfile.encoding=UTF-8 
java_command: org.codehaus.classworlds.Launcher -Didea.version=2022.1.2 package
java_class_path (initial): C:\Users\99293\.m2\wrapper\dists\apache-maven-3.8.6-bin\1ks0nkde5v1pk9vtc31i9d0lcd\apache-maven-3.8.6\boot\plexus-classworlds-2.6.0.jar;C:\Users\99293\.m2\wrapper\dists\apache-maven-3.8.6-bin\1ks0nkde5v1pk9vtc31i9d0lcd\apache-maven-3.8.6\boot\plexus-classworlds.license
Launcher Type: SUN_STANDARD

[Global flags]
     intx CICompilerCount                          = 12                                        {product} {ergonomic}
     uint ConcGCThreads                            = 3                                         {product} {ergonomic}
     uint G1ConcRefinementThreads                  = 13                                        {product} {ergonomic}
   size_t G1HeapRegionSize                         = 2097152                                   {product} {ergonomic}
    uintx GCDrainStackTargetSize                   = 64                                        {product} {ergonomic}
   size_t InitialHeapSize                          = 264241152                                 {product} {ergonomic}
   size_t MarkStackSize                            = 4194304                                   {product} {ergonomic}
   size_t MaxHeapSize                              = 4196401152                                {product} {ergonomic}
   size_t MaxNewSize                               = 2516582400                                {product} {ergonomic}
   size_t MinHeapDeltaBytes                        = 2097152                                   {product} {ergonomic}
   size_t MinHeapSize                              = 8388608                                   {product} {ergonomic}
    uintx NonNMethodCodeHeapSize                   = 7602480                                {pd product} {ergonomic}
    uintx NonProfiledCodeHeapSize                  = 122027880                              {pd product} {ergonomic}
    uintx ProfiledCodeHeapSize                     = 122027880                              {pd product} {ergonomic}
    uintx ReservedCodeCacheSize                    = 251658240                              {pd product} {ergonomic}
     bool SegmentedCodeCache                       = true                                      {product} {ergonomic}
   size_t SoftMaxHeapSize                          = 4196401152                             {manageable} {ergonomic}
     bool UseCompressedClassPointers               = true                           {product lp64_product} {ergonomic}
     bool UseCompressedOops                        = true                           {product lp64_product} {ergonomic}
     bool UseG1GC                                  = true                                      {product} {ergonomic}
     bool UseLargePagesIndividualAllocation        = false                                  {pd product} {ergonomic}

Logging:
Log output configuration:
 #0: stdout all=warning uptime,level,tags foldmultilines=false
 #1: stderr all=off uptime,level,tags foldmultilines=false

Environment Variables:
PATH=C:\Program Files\Common Files\Oracle\Java\javapath;C:\Windows\system32;C:\Windows;C:\Windows\System32\Wbem;C:\Windows\System32\WindowsPowerShell\v1.0\;C:\Windows\System32\OpenSSH\;C:\Program Files (x86)\NVIDIA Corporation\PhysX\Common;C:\Program Files\NVIDIA Corporation\NVIDIA NvDLISR;C:\Program Files\Git\cmd;C:\Program Files (x86)\dotnet\;%SystemRoot%\system32;%SystemRoot%;%SystemRoot%\System32\Wbem;%SYSTEMROOT%\System32\WindowsPowerShell\v1.0\;%SYSTEMROOT%\System32\OpenSSH\;C:\Users\99293\AppData\Local\Programs\Python\Python311\Scripts\;C:\Users\99293\AppData\Local\Programs\Python\Python311\;C:\Users\99293\AppData\Local\Microsoft\WindowsApps;;C:\Program Files\JetBrains\IntelliJ IDEA 2022.1.2\bin;;C:\Program Files\heroku\bin
USERNAME=ASUS
OS=Windows_NT
PROCESSOR_IDENTIFIER=Intel64 Family 6 Model 154 Stepping 3, GenuineIntel
TMP=C:\Users\99293\AppData\Local\Temp
TEMP=C:\Users\99293\AppData\Local\Temp



---------------  S Y S T E M  ---------------

OS:
 Windows 11 , 64 bit Build 22621 (10.0.22621.2215)
OS uptime: 2 days 23:40 hours
Hyper-V role detected

CPU: total 16 (initial active 16) (8 cores per cpu, 2 threads per core) family 6 model 154 stepping 3 microcode 0x41c, cx8, cmov, fxsr, ht, mmx, 3dnowpref, sse, sse2, sse3, ssse3, sse4.1, sse4.2, popcnt, lzcnt, tsc, tscinvbit, avx, avx2, aes, erms, clmul, bmi1, bmi2, adx, sha, fma, vzeroupper, clflush, clflushopt, clwb, hv, serialize, rdtscp, rdpid, fsrm

Memory: 4k page, system-wide physical 16005M (1739M free)
TotalPageFile size 18053M (AvailPageFile size 4M)
current process WorkingSet (physical memory assigned to process): 145M, peak: 145M
current process commit charge ("private bytes"): 414M, peak: 415M

vm_info: Java HotSpot(TM) 64-Bit Server VM (19.0.2+7-44) for windows-amd64 JRE (19.0.2+7-44), built on 2022-11-30T18:02:09Z by "mach5one" with MS VC++ 17.1 (VS2022)

END.
