#
# There is insufficient memory for the Java Runtime Environment to continue.
# Native memory allocation (malloc) failed to allocate 1317904 bytes for Chunk::new
# Possible reasons:
#   The system is out of physical RAM or swap space
#   The process is running with CompressedOops enabled, and the Java Heap may be blocking the growth of the native heap
# Possible solutions:
#   Reduce memory load on the system
#   Increase physical memory or swap space
#   Check if swap backing store is full
#   Decrease Java heap size (-Xmx/-Xms)
#   Decrease number of Java threads
#   Decrease Java thread stack sizes (-Xss)
#   Set larger code cache with -XX:ReservedCodeCacheSize=
#   JVM is running with Zero Based Compressed Oops mode in which the Java heap is
#     placed in the first 32GB address space. The Java Heap base address is the
#     maximum limit for the native heap growth. Please use -XX:HeapBaseMinAddress
#     to set the Java Heap base and to place the Java Heap above 32GB virtual address.
# This output file may be truncated or incomplete.
#
#  Out of Memory Error (arena.cpp:184), pid=14484, tid=19616
#
# JRE version: Java(TM) SE Runtime Environment (19.0.2+7) (build 19.0.2+7-44)
# Java VM: Java HotSpot(TM) 64-Bit Server VM (19.0.2+7-44, mixed mode, sharing, tiered, compressed oops, compressed class ptrs, g1 gc, windows-amd64)
# No core dump will be written. Minidumps are not enabled by default on client versions of Windows
#

---------------  S U M M A R Y ------------

Command Line: -Dmaven.multiModuleProjectDirectory=D:\unitedStates duplicates original -Dmaven.home=C:\Users\99293\.m2\wrapper\dists\apache-maven-3.8.6-bin\1ks0nkde5v1pk9vtc31i9d0lcd\apache-maven-3.8.6 -Dclassworlds.conf=C:\Users\99293\.m2\wrapper\dists\apache-maven-3.8.6-bin\1ks0nkde5v1pk9vtc31i9d0lcd\apache-maven-3.8.6\bin\m2.conf -Dmaven.ext.class.path=C:\Program Files\JetBrains\IntelliJ IDEA 2022.1.2\plugins\maven\lib\maven-event-listener.jar -javaagent:C:\Program Files\JetBrains\IntelliJ IDEA 2022.1.2\lib\idea_rt.jar=52540:C:\Program Files\JetBrains\IntelliJ IDEA 2022.1.2\bin -Dfile.encoding=UTF-8 org.codehaus.classworlds.Launcher -Didea.version=2022.1.2 package

Host: 12th Gen Intel(R) Core(TM) i7-12650H, 16 cores, 15G,  Windows 11 , 64 bit Build 22621 (10.0.22621.3958)
Time: Tue Sep  3 22:42:23 2024  Windows 11 , 64 bit Build 22621 (10.0.22621.3958) elapsed time: 7.789696 seconds (0d 0h 0m 7s)

---------------  T H R E A D  ---------------

Current thread (0x0000021f96c6e1f0):  JavaThread "C2 CompilerThread5" daemon [_thread_in_native, id=19616, stack(0x000000cc7f400000,0x000000cc7f500000)]


Current CompileTask:
C2:   7789 9991   !   4       com.sun.tools.javac.comp.Resolve::selectBest (552 bytes)

Stack: [0x000000cc7f400000,0x000000cc7f500000]
Native frames: (J=compiled Java code, j=interpreted, Vv=VM code, C=native code)
V  [jvm.dll+0x6ee21a]
V  [jvm.dll+0x85765e]
V  [jvm.dll+0x85904e]
V  [jvm.dll+0x859703]
V  [jvm.dll+0x28298f]
V  [jvm.dll+0xc9adf]
V  [jvm.dll+0xc9e65]
V  [jvm.dll+0x3bca4c]
V  [jvm.dll+0x3860e1]
V  [jvm.dll+0x38555a]
V  [jvm.dll+0x24c3d9]
V  [jvm.dll+0x24b781]
V  [jvm.dll+0x1d6ce1]
V  [jvm.dll+0x25b25a]
V  [jvm.dll+0x2596e8]
V  [jvm.dll+0x807588]
V  [jvm.dll+0x80125a]
V  [jvm.dll+0x6ecf0b]
C  [ucrtbase.dll+0x29333]
C  [KERNEL32.DLL+0x1257d]
C  [ntdll.dll+0x5af28]


---------------  P R O C E S S  ---------------

Threads class SMR info:
_java_thread_list=0x0000021f9a275170, length=21, elements={
0x0000021fee1618e0, 0x0000021f91e8f400, 0x0000021f91e901f0, 0x0000021f91e92ff0,
0x0000021f91e95b40, 0x0000021f91e97480, 0x0000021f91e9abf0, 0x0000021f91e9c0f0,
0x0000021f91e9cc70, 0x0000021f91ea9890, 0x0000021f9609e260, 0x0000021f9612e430,
0x0000021f961365e0, 0x0000021f961e3700, 0x0000021f961a6df0, 0x0000021f96549c20,
0x0000021f96c6c620, 0x0000021f96c6d6d0, 0x0000021f96c6c090, 0x0000021f96c6ed10,
0x0000021f96c6e1f0
}

Java Threads: ( => current thread )
  0x0000021fee1618e0 JavaThread "main" [_thread_in_Java, id=9088, stack(0x000000cc7cb00000,0x000000cc7cc00000)]
  0x0000021f91e8f400 JavaThread "Reference Handler" daemon [_thread_blocked, id=18060, stack(0x000000cc7d200000,0x000000cc7d300000)]
  0x0000021f91e901f0 JavaThread "Finalizer" daemon [_thread_blocked, id=25300, stack(0x000000cc7d300000,0x000000cc7d400000)]
  0x0000021f91e92ff0 JavaThread "Signal Dispatcher" daemon [_thread_blocked, id=21544, stack(0x000000cc7d400000,0x000000cc7d500000)]
  0x0000021f91e95b40 JavaThread "Attach Listener" daemon [_thread_blocked, id=6888, stack(0x000000cc7d500000,0x000000cc7d600000)]
  0x0000021f91e97480 JavaThread "Service Thread" daemon [_thread_blocked, id=26292, stack(0x000000cc7d600000,0x000000cc7d700000)]
  0x0000021f91e9abf0 JavaThread "Monitor Deflation Thread" daemon [_thread_blocked, id=4776, stack(0x000000cc7d700000,0x000000cc7d800000)]
  0x0000021f91e9c0f0 JavaThread "C2 CompilerThread0" daemon [_thread_in_native, id=8280, stack(0x000000cc7d800000,0x000000cc7d900000)]
  0x0000021f91e9cc70 JavaThread "C1 CompilerThread0" daemon [_thread_blocked, id=26468, stack(0x000000cc7d900000,0x000000cc7da00000)]
  0x0000021f91ea9890 JavaThread "Sweeper thread" daemon [_thread_blocked, id=24836, stack(0x000000cc7da00000,0x000000cc7db00000)]
  0x0000021f9609e260 JavaThread "C1 CompilerThread1" daemon [_thread_blocked, id=22572, stack(0x000000cc7db00000,0x000000cc7dc00000)]
  0x0000021f9612e430 JavaThread "Common-Cleaner" daemon [_thread_blocked, id=24388, stack(0x000000cc7dc00000,0x000000cc7dd00000)]
  0x0000021f961365e0 JavaThread "C1 CompilerThread2" daemon [_thread_blocked, id=14440, stack(0x000000cc7dd00000,0x000000cc7de00000)]
  0x0000021f961e3700 JavaThread "Monitor Ctrl-Break" daemon [_thread_in_native, id=13648, stack(0x000000cc7de00000,0x000000cc7df00000)]
  0x0000021f961a6df0 JavaThread "Notification Thread" daemon [_thread_blocked, id=17692, stack(0x000000cc7df00000,0x000000cc7e000000)]
  0x0000021f96549c20 JavaThread "C1 CompilerThread3" daemon [_thread_blocked, id=12824, stack(0x000000cc7e200000,0x000000cc7e300000)]
  0x0000021f96c6c620 JavaThread "C2 CompilerThread1" daemon [_thread_in_native, id=25656, stack(0x000000cc7e600000,0x000000cc7e700000)]
  0x0000021f96c6d6d0 JavaThread "C2 CompilerThread2" daemon [_thread_in_native, id=9780, stack(0x000000cc7e700000,0x000000cc7e800000)]
  0x0000021f96c6c090 JavaThread "C2 CompilerThread3" daemon [_thread_in_native, id=3404, stack(0x000000cc7e800000,0x000000cc7e900000)]
  0x0000021f96c6ed10 JavaThread "C2 CompilerThread4" daemon [_thread_in_native, id=9936, stack(0x000000cc7f300000,0x000000cc7f400000)]
=>0x0000021f96c6e1f0 JavaThread "C2 CompilerThread5" daemon [_thread_in_native, id=19616, stack(0x000000cc7f400000,0x000000cc7f500000)]

Other Threads:
  0x0000021f91e74850 VMThread "VM Thread" [stack: 0x000000cc7d100000,0x000000cc7d200000] [id=15480]
  0x0000021f961a9c10 WatcherThread "VM Periodic Task Thread" [stack: 0x000000cc7e000000,0x000000cc7e100000] [id=21104]
  0x0000021fee1d3030 WorkerThread "GC Thread#0" [stack: 0x000000cc7cc00000,0x000000cc7cd00000] [id=15500]
  0x0000021f96581700 WorkerThread "GC Thread#1" [stack: 0x000000cc7e900000,0x000000cc7ea00000] [id=9548]
  0x0000021f9657fdb0 WorkerThread "GC Thread#2" [stack: 0x000000cc7ea00000,0x000000cc7eb00000] [id=21540]
  0x0000021f96580080 WorkerThread "GC Thread#3" [stack: 0x000000cc7eb00000,0x000000cc7ec00000] [id=22472]
  0x0000021f96580350 WorkerThread "GC Thread#4" [stack: 0x000000cc7ec00000,0x000000cc7ed00000] [id=20416]
  0x0000021f96580620 WorkerThread "GC Thread#5" [stack: 0x000000cc7ed00000,0x000000cc7ee00000] [id=14204]
  0x0000021f96580bc0 WorkerThread "GC Thread#6" [stack: 0x000000cc7ee00000,0x000000cc7ef00000] [id=9908]
  0x0000021f96581160 WorkerThread "GC Thread#7" [stack: 0x000000cc7ef00000,0x000000cc7f000000] [id=25648]
  0x0000021f978eea40 WorkerThread "GC Thread#8" [stack: 0x000000cc7f000000,0x000000cc7f100000] [id=20124]
  0x0000021f978ec010 WorkerThread "GC Thread#9" [stack: 0x000000cc7f100000,0x000000cc7f200000] [id=23172]
  0x0000021f978eefe0 WorkerThread "GC Thread#10" [stack: 0x000000cc7f200000,0x000000cc7f300000] [id=8916]
  0x0000021f978ec5b0 WorkerThread "GC Thread#11" [stack: 0x000000cc7e100000,0x000000cc7e200000] [id=24892]
  0x0000021f978eba70 WorkerThread "GC Thread#12" [stack: 0x000000cc7e300000,0x000000cc7e400000] [id=20756]
  0x0000021fee1e3b40 ConcurrentGCThread "G1 Main Marker" [stack: 0x000000cc7cd00000,0x000000cc7ce00000] [id=9364]
  0x0000021fee1e4570 WorkerThread "G1 Conc#0" [stack: 0x000000cc7ce00000,0x000000cc7cf00000] [id=7780]
  0x0000021f978edf00 WorkerThread "G1 Conc#1" [stack: 0x000000cc7e400000,0x000000cc7e500000] [id=23304]
  0x0000021f978ec880 WorkerThread "G1 Conc#2" [stack: 0x000000cc7e500000,0x000000cc7e600000] [id=23916]
  0x0000021f91d31190 ConcurrentGCThread "G1 Refine#0" [stack: 0x000000cc7cf00000,0x000000cc7d000000] [id=22768]
  0x0000021f91d31cd0 ConcurrentGCThread "G1 Service" [stack: 0x000000cc7d000000,0x000000cc7d100000] [id=7828]

Threads with active compile tasks:
C2 CompilerThread0     7807 10050       4       com.sun.tools.javac.comp.Resolve$4::argumentsAcceptable (69 bytes)
C2 CompilerThread1     7807 10039       4       com.sun.tools.javac.code.Types::isSubtypeUnchecked (25 bytes)
C2 CompilerThread2     7807 10049       4       com.sun.tools.javac.comp.Attr$ResultInfo::check (21 bytes)
C2 CompilerThread3     7807 10047       4       com.sun.tools.javac.code.Type$UndetVar::getBounds (60 bytes)
C2 CompilerThread4     7807 9784       4       com.sun.tools.javac.comp.Resolve::rawInstantiate (508 bytes)
C2 CompilerThread5     7807 9991   !   4       com.sun.tools.javac.comp.Resolve::selectBest (552 bytes)

VM state: not at safepoint (normal execution)

VM Mutex/Monitor currently owned by a thread:  ([mutex/lock_event])
[0x0000021fee15b710] CompiledIC_lock - owner thread: 0x0000021f91ea9890
[0x0000021fee15c640] CodeCache_lock - owner thread: 0x0000021f91ea9890

Heap address: 0x0000000705e00000, size: 4002 MB, Compressed Oops mode: Zero based, Oop shift amount: 3

CDS archive(s) mapped at: [0x0000000800000000-0x0000000800c40000-0x0000000800c40000), size 12845056, SharedBaseAddress: 0x0000000800000000, ArchiveRelocationMode: 0.
Compressed class space mapped at: 0x0000000801000000-0x0000000841000000, reserved size: 1073741824
Narrow klass base: 0x0000000800000000, Narrow klass shift: 0, Narrow klass range: 0x100000000

GC Precious Log:
 CardTable entry size: 512
 Card Set container configuration: InlinePtr #cards 4 size 8 Array Of Cards #cards 16 size 48 Howl #buckets 8 coarsen threshold 3686 Howl Bitmap #cards 512 size 80 coarsen threshold 460 Card regions per heap region 1 cards per card region 4096
 CPUs: 16 total, 16 available
 Memory: 16005M
 Large Page Support: Disabled
 NUMA Support: Disabled
 Compressed Oops: Enabled (Zero based)
 Heap Region Size: 2M
 Heap Min Capacity: 8M
 Heap Initial Capacity: 252M
 Heap Max Capacity: 4002M
 Pre-touch: Disabled
 Parallel Workers: 13
 Concurrent Workers: 3
 Concurrent Refinement Workers: 13
 Periodic GC: Disabled

Heap:
 garbage-first heap   total 270336K, used 167225K [0x0000000705e00000, 0x0000000800000000)
  region size 2048K, 57 young (116736K), 2 survivors (4096K)
 Metaspace       used 31197K, committed 31808K, reserved 1114112K
  class space    used 3227K, committed 3520K, reserved 1048576K

Heap Regions: E=young(eden), S=young(survivor), O=old, HS=humongous(starts), HC=humongous(continues), CS=collection set, F=free, OA=open archive, CA=closed archive, TAMS=top-at-mark-start (previous, next)
|   0|0x0000000705e00000, 0x0000000706000000, 0x0000000706000000|100%| O|  |TAMS 0x0000000706000000, 0x0000000705e00000| Untracked 
|   1|0x0000000706000000, 0x0000000706200000, 0x0000000706200000|100%| O|  |TAMS 0x0000000706200000, 0x0000000706000000| Untracked 
|   2|0x0000000706200000, 0x0000000706400000, 0x0000000706400000|100%| O|  |TAMS 0x0000000706400000, 0x0000000706200000| Untracked 
|   3|0x0000000706400000, 0x0000000706600000, 0x0000000706600000|100%| O|  |TAMS 0x0000000706600000, 0x0000000706400000| Untracked 
|   4|0x0000000706600000, 0x0000000706800000, 0x0000000706800000|100%|HS|  |TAMS 0x0000000706600000, 0x0000000706600000| Complete 
|   5|0x0000000706800000, 0x0000000706a00000, 0x0000000706a00000|100%| O|  |TAMS 0x0000000706a00000, 0x0000000706800000| Untracked 
|   6|0x0000000706a00000, 0x0000000706c00000, 0x0000000706c00000|100%| O|  |TAMS 0x0000000706c00000, 0x0000000706a00000| Untracked 
|   7|0x0000000706c00000, 0x0000000706e00000, 0x0000000706e00000|100%| O|  |TAMS 0x0000000706e00000, 0x0000000706c00000| Untracked 
|   8|0x0000000706e00000, 0x0000000707000000, 0x0000000707000000|100%| O|  |TAMS 0x0000000707000000, 0x0000000706e00000| Untracked 
|   9|0x0000000707000000, 0x0000000707200000, 0x0000000707200000|100%| O|  |TAMS 0x0000000707200000, 0x0000000707000000| Untracked 
|  10|0x0000000707200000, 0x0000000707400000, 0x0000000707400000|100%| O|  |TAMS 0x0000000707400000, 0x0000000707200000| Untracked 
|  11|0x0000000707400000, 0x0000000707600000, 0x0000000707600000|100%| O|  |TAMS 0x0000000707400000, 0x0000000707400000| Untracked 
|  12|0x0000000707600000, 0x0000000707800000, 0x0000000707800000|100%| O|  |TAMS 0x0000000707600000, 0x0000000707600000| Untracked 
|  13|0x0000000707800000, 0x0000000707a00000, 0x0000000707a00000|100%| O|  |TAMS 0x0000000707800000, 0x0000000707800000| Untracked 
|  14|0x0000000707a00000, 0x0000000707c00000, 0x0000000707c00000|100%| O|  |TAMS 0x0000000707a00000, 0x0000000707a00000| Untracked 
|  15|0x0000000707c00000, 0x0000000707e00000, 0x0000000707e00000|100%| O|  |TAMS 0x0000000707c00000, 0x0000000707c00000| Untracked 
|  16|0x0000000707e00000, 0x0000000708000000, 0x0000000708000000|100%| O|  |TAMS 0x0000000707e00000, 0x0000000707e00000| Untracked 
|  17|0x0000000708000000, 0x0000000708200000, 0x0000000708200000|100%| O|  |TAMS 0x0000000708000000, 0x0000000708000000| Untracked 
|  18|0x0000000708200000, 0x000000070834e600, 0x0000000708400000| 65%| O|  |TAMS 0x0000000708200000, 0x0000000708200000| Untracked 
|  19|0x0000000708400000, 0x0000000708400000, 0x0000000708600000|  0%| F|  |TAMS 0x0000000708400000, 0x0000000708400000| Untracked 
|  20|0x0000000708600000, 0x0000000708600000, 0x0000000708800000|  0%| F|  |TAMS 0x0000000708600000, 0x0000000708600000| Untracked 
|  21|0x0000000708800000, 0x0000000708800000, 0x0000000708a00000|  0%| F|  |TAMS 0x0000000708800000, 0x0000000708800000| Untracked 
|  22|0x0000000708a00000, 0x0000000708a00000, 0x0000000708c00000|  0%| F|  |TAMS 0x0000000708a00000, 0x0000000708a00000| Untracked 
|  23|0x0000000708c00000, 0x0000000708c00000, 0x0000000708e00000|  0%| F|  |TAMS 0x0000000708c00000, 0x0000000708c00000| Untracked 
|  24|0x0000000708e00000, 0x0000000708e00000, 0x0000000709000000|  0%| F|  |TAMS 0x0000000708e00000, 0x0000000708e00000| Untracked 
|  25|0x0000000709000000, 0x0000000709000000, 0x0000000709200000|  0%| F|  |TAMS 0x0000000709000000, 0x0000000709000000| Untracked 
|  26|0x0000000709200000, 0x0000000709200000, 0x0000000709400000|  0%| F|  |TAMS 0x0000000709200000, 0x0000000709200000| Untracked 
|  27|0x0000000709400000, 0x0000000709400000, 0x0000000709600000|  0%| F|  |TAMS 0x0000000709400000, 0x0000000709400000| Untracked 
|  28|0x0000000709600000, 0x0000000709600000, 0x0000000709800000|  0%| F|  |TAMS 0x0000000709600000, 0x0000000709600000| Untracked 
|  29|0x0000000709800000, 0x0000000709800000, 0x0000000709a00000|  0%| F|  |TAMS 0x0000000709800000, 0x0000000709800000| Untracked 
|  30|0x0000000709a00000, 0x0000000709a00000, 0x0000000709c00000|  0%| F|  |TAMS 0x0000000709a00000, 0x0000000709a00000| Untracked 
|  31|0x0000000709c00000, 0x0000000709c00000, 0x0000000709e00000|  0%| F|  |TAMS 0x0000000709c00000, 0x0000000709c00000| Untracked 
|  32|0x0000000709e00000, 0x0000000709e00000, 0x000000070a000000|  0%| F|  |TAMS 0x0000000709e00000, 0x0000000709e00000| Untracked 
|  33|0x000000070a000000, 0x000000070a000000, 0x000000070a200000|  0%| F|  |TAMS 0x000000070a000000, 0x000000070a000000| Untracked 
|  34|0x000000070a200000, 0x000000070a400000, 0x000000070a400000|100%| S|CS|TAMS 0x000000070a200000, 0x000000070a200000| Complete 
|  35|0x000000070a400000, 0x000000070a600000, 0x000000070a600000|100%| S|CS|TAMS 0x000000070a400000, 0x000000070a400000| Complete 
|  36|0x000000070a600000, 0x000000070a600000, 0x000000070a800000|  0%| F|  |TAMS 0x000000070a600000, 0x000000070a600000| Untracked 
|  37|0x000000070a800000, 0x000000070a800000, 0x000000070aa00000|  0%| F|  |TAMS 0x000000070a800000, 0x000000070a800000| Untracked 
|  38|0x000000070aa00000, 0x000000070aa00000, 0x000000070ac00000|  0%| F|  |TAMS 0x000000070aa00000, 0x000000070aa00000| Untracked 
|  39|0x000000070ac00000, 0x000000070ac00000, 0x000000070ae00000|  0%| F|  |TAMS 0x000000070ac00000, 0x000000070ac00000| Untracked 
|  40|0x000000070ae00000, 0x000000070ae00000, 0x000000070b000000|  0%| F|  |TAMS 0x000000070ae00000, 0x000000070ae00000| Untracked 
|  41|0x000000070b000000, 0x000000070b000000, 0x000000070b200000|  0%| F|  |TAMS 0x000000070b000000, 0x000000070b000000| Untracked 
|  42|0x000000070b200000, 0x000000070b200000, 0x000000070b400000|  0%| F|  |TAMS 0x000000070b200000, 0x000000070b200000| Untracked 
|  43|0x000000070b400000, 0x000000070b400000, 0x000000070b600000|  0%| F|  |TAMS 0x000000070b400000, 0x000000070b400000| Untracked 
|  44|0x000000070b600000, 0x000000070b600000, 0x000000070b800000|  0%| F|  |TAMS 0x000000070b600000, 0x000000070b600000| Untracked 
|  45|0x000000070b800000, 0x000000070b800000, 0x000000070ba00000|  0%| F|  |TAMS 0x000000070b800000, 0x000000070b800000| Untracked 
|  46|0x000000070ba00000, 0x000000070ba00000, 0x000000070bc00000|  0%| F|  |TAMS 0x000000070ba00000, 0x000000070ba00000| Untracked 
|  47|0x000000070bc00000, 0x000000070bc00000, 0x000000070be00000|  0%| F|  |TAMS 0x000000070bc00000, 0x000000070bc00000| Untracked 
|  48|0x000000070be00000, 0x000000070be00000, 0x000000070c000000|  0%| F|  |TAMS 0x000000070be00000, 0x000000070be00000| Untracked 
|  49|0x000000070c000000, 0x000000070c000000, 0x000000070c200000|  0%| F|  |TAMS 0x000000070c000000, 0x000000070c000000| Untracked 
|  50|0x000000070c200000, 0x000000070c200000, 0x000000070c400000|  0%| F|  |TAMS 0x000000070c200000, 0x000000070c200000| Untracked 
|  51|0x000000070c400000, 0x000000070c400000, 0x000000070c600000|  0%| F|  |TAMS 0x000000070c400000, 0x000000070c400000| Untracked 
|  52|0x000000070c600000, 0x000000070c600000, 0x000000070c800000|  0%| F|  |TAMS 0x000000070c600000, 0x000000070c600000| Untracked 
|  53|0x000000070c800000, 0x000000070c800000, 0x000000070ca00000|  0%| F|  |TAMS 0x000000070c800000, 0x000000070c800000| Untracked 
|  54|0x000000070ca00000, 0x000000070ca00000, 0x000000070cc00000|  0%| F|  |TAMS 0x000000070ca00000, 0x000000070ca00000| Untracked 
|  55|0x000000070cc00000, 0x000000070cc00000, 0x000000070ce00000|  0%| F|  |TAMS 0x000000070cc00000, 0x000000070cc00000| Untracked 
|  56|0x000000070ce00000, 0x000000070ce00000, 0x000000070d000000|  0%| F|  |TAMS 0x000000070ce00000, 0x000000070ce00000| Untracked 
|  57|0x000000070d000000, 0x000000070d000000, 0x000000070d200000|  0%| F|  |TAMS 0x000000070d000000, 0x000000070d000000| Untracked 
|  58|0x000000070d200000, 0x000000070d200000, 0x000000070d400000|  0%| F|  |TAMS 0x000000070d200000, 0x000000070d200000| Untracked 
|  59|0x000000070d400000, 0x000000070d400000, 0x000000070d600000|  0%| F|  |TAMS 0x000000070d400000, 0x000000070d400000| Untracked 
|  60|0x000000070d600000, 0x000000070d600000, 0x000000070d800000|  0%| F|  |TAMS 0x000000070d600000, 0x000000070d600000| Untracked 
|  61|0x000000070d800000, 0x000000070d800000, 0x000000070da00000|  0%| F|  |TAMS 0x000000070d800000, 0x000000070d800000| Untracked 
|  62|0x000000070da00000, 0x000000070da00000, 0x000000070dc00000|  0%| F|  |TAMS 0x000000070da00000, 0x000000070da00000| Untracked 
|  63|0x000000070dc00000, 0x000000070dc00000, 0x000000070de00000|  0%| F|  |TAMS 0x000000070dc00000, 0x000000070dc00000| Untracked 
|  64|0x000000070de00000, 0x000000070de00000, 0x000000070e000000|  0%| F|  |TAMS 0x000000070de00000, 0x000000070de00000| Untracked 
|  65|0x000000070e000000, 0x000000070e000000, 0x000000070e200000|  0%| F|  |TAMS 0x000000070e000000, 0x000000070e000000| Untracked 
|  66|0x000000070e200000, 0x000000070e200000, 0x000000070e400000|  0%| F|  |TAMS 0x000000070e200000, 0x000000070e200000| Untracked 
|  67|0x000000070e400000, 0x000000070e400000, 0x000000070e600000|  0%| F|  |TAMS 0x000000070e400000, 0x000000070e400000| Untracked 
|  68|0x000000070e600000, 0x000000070e600000, 0x000000070e800000|  0%| F|  |TAMS 0x000000070e600000, 0x000000070e600000| Untracked 
|  69|0x000000070e800000, 0x000000070e800000, 0x000000070ea00000|  0%| F|  |TAMS 0x000000070e800000, 0x000000070e800000| Untracked 
|  70|0x000000070ea00000, 0x000000070eb00800, 0x000000070ec00000| 50%| E|  |TAMS 0x000000070ea00000, 0x000000070ea00000| Complete 
|  71|0x000000070ec00000, 0x000000070ee00000, 0x000000070ee00000|100%| E|CS|TAMS 0x000000070ec00000, 0x000000070ec00000| Complete 
|  72|0x000000070ee00000, 0x000000070f000000, 0x000000070f000000|100%| E|CS|TAMS 0x000000070ee00000, 0x000000070ee00000| Complete 
|  73|0x000000070f000000, 0x000000070f200000, 0x000000070f200000|100%| E|CS|TAMS 0x000000070f000000, 0x000000070f000000| Complete 
|  74|0x000000070f200000, 0x000000070f400000, 0x000000070f400000|100%| E|CS|TAMS 0x000000070f200000, 0x000000070f200000| Complete 
|  75|0x000000070f400000, 0x000000070f600000, 0x000000070f600000|100%| E|CS|TAMS 0x000000070f400000, 0x000000070f400000| Complete 
|  76|0x000000070f600000, 0x000000070f800000, 0x000000070f800000|100%| E|CS|TAMS 0x000000070f600000, 0x000000070f600000| Complete 
|  77|0x000000070f800000, 0x000000070fa00000, 0x000000070fa00000|100%| E|CS|TAMS 0x000000070f800000, 0x000000070f800000| Complete 
|  78|0x000000070fa00000, 0x000000070fc00000, 0x000000070fc00000|100%| E|CS|TAMS 0x000000070fa00000, 0x000000070fa00000| Complete 
|  79|0x000000070fc00000, 0x000000070fe00000, 0x000000070fe00000|100%| E|CS|TAMS 0x000000070fc00000, 0x000000070fc00000| Complete 
|  80|0x000000070fe00000, 0x0000000710000000, 0x0000000710000000|100%| E|CS|TAMS 0x000000070fe00000, 0x000000070fe00000| Complete 
|  81|0x0000000710000000, 0x0000000710200000, 0x0000000710200000|100%| E|CS|TAMS 0x0000000710000000, 0x0000000710000000| Complete 
|  82|0x0000000710200000, 0x0000000710400000, 0x0000000710400000|100%| E|CS|TAMS 0x0000000710200000, 0x0000000710200000| Complete 
|  83|0x0000000710400000, 0x0000000710600000, 0x0000000710600000|100%| E|CS|TAMS 0x0000000710400000, 0x0000000710400000| Complete 
|  84|0x0000000710600000, 0x0000000710800000, 0x0000000710800000|100%| E|CS|TAMS 0x0000000710600000, 0x0000000710600000| Complete 
|  85|0x0000000710800000, 0x0000000710a00000, 0x0000000710a00000|100%| E|CS|TAMS 0x0000000710800000, 0x0000000710800000| Complete 
|  86|0x0000000710a00000, 0x0000000710c00000, 0x0000000710c00000|100%| E|CS|TAMS 0x0000000710a00000, 0x0000000710a00000| Complete 
|  87|0x0000000710c00000, 0x0000000710e00000, 0x0000000710e00000|100%| E|CS|TAMS 0x0000000710c00000, 0x0000000710c00000| Complete 
|  88|0x0000000710e00000, 0x0000000711000000, 0x0000000711000000|100%| E|CS|TAMS 0x0000000710e00000, 0x0000000710e00000| Complete 
|  89|0x0000000711000000, 0x0000000711200000, 0x0000000711200000|100%| E|CS|TAMS 0x0000000711000000, 0x0000000711000000| Complete 
|  90|0x0000000711200000, 0x0000000711400000, 0x0000000711400000|100%| E|CS|TAMS 0x0000000711200000, 0x0000000711200000| Complete 
|  91|0x0000000711400000, 0x0000000711600000, 0x0000000711600000|100%| E|CS|TAMS 0x0000000711400000, 0x0000000711400000| Complete 
|  92|0x0000000711600000, 0x0000000711800000, 0x0000000711800000|100%| E|CS|TAMS 0x0000000711600000, 0x0000000711600000| Complete 
|  93|0x0000000711800000, 0x0000000711a00000, 0x0000000711a00000|100%| E|CS|TAMS 0x0000000711800000, 0x0000000711800000| Complete 
|  94|0x0000000711a00000, 0x0000000711c00000, 0x0000000711c00000|100%| E|CS|TAMS 0x0000000711a00000, 0x0000000711a00000| Complete 
|  95|0x0000000711c00000, 0x0000000711e00000, 0x0000000711e00000|100%| E|CS|TAMS 0x0000000711c00000, 0x0000000711c00000| Complete 
|  96|0x0000000711e00000, 0x0000000712000000, 0x0000000712000000|100%| E|CS|TAMS 0x0000000711e00000, 0x0000000711e00000| Complete 
|  97|0x0000000712000000, 0x0000000712200000, 0x0000000712200000|100%| E|CS|TAMS 0x0000000712000000, 0x0000000712000000| Complete 
|  98|0x0000000712200000, 0x0000000712400000, 0x0000000712400000|100%| E|CS|TAMS 0x0000000712200000, 0x0000000712200000| Complete 
|  99|0x0000000712400000, 0x0000000712600000, 0x0000000712600000|100%| E|CS|TAMS 0x0000000712400000, 0x0000000712400000| Complete 
| 100|0x0000000712600000, 0x0000000712800000, 0x0000000712800000|100%| E|CS|TAMS 0x0000000712600000, 0x0000000712600000| Complete 
| 101|0x0000000712800000, 0x0000000712a00000, 0x0000000712a00000|100%| E|CS|TAMS 0x0000000712800000, 0x0000000712800000| Complete 
| 102|0x0000000712a00000, 0x0000000712c00000, 0x0000000712c00000|100%| E|CS|TAMS 0x0000000712a00000, 0x0000000712a00000| Complete 
| 103|0x0000000712c00000, 0x0000000712e00000, 0x0000000712e00000|100%| E|CS|TAMS 0x0000000712c00000, 0x0000000712c00000| Complete 
| 104|0x0000000712e00000, 0x0000000713000000, 0x0000000713000000|100%| E|CS|TAMS 0x0000000712e00000, 0x0000000712e00000| Complete 
| 105|0x0000000713000000, 0x0000000713200000, 0x0000000713200000|100%| E|CS|TAMS 0x0000000713000000, 0x0000000713000000| Complete 
| 106|0x0000000713200000, 0x0000000713400000, 0x0000000713400000|100%| E|CS|TAMS 0x0000000713200000, 0x0000000713200000| Complete 
| 107|0x0000000713400000, 0x0000000713600000, 0x0000000713600000|100%| E|CS|TAMS 0x0000000713400000, 0x0000000713400000| Complete 
| 108|0x0000000713600000, 0x0000000713800000, 0x0000000713800000|100%| E|CS|TAMS 0x0000000713600000, 0x0000000713600000| Complete 
| 109|0x0000000713800000, 0x0000000713a00000, 0x0000000713a00000|100%| E|CS|TAMS 0x0000000713800000, 0x0000000713800000| Complete 
| 110|0x0000000713a00000, 0x0000000713c00000, 0x0000000713c00000|100%| E|CS|TAMS 0x0000000713a00000, 0x0000000713a00000| Complete 
| 111|0x0000000713c00000, 0x0000000713e00000, 0x0000000713e00000|100%| E|CS|TAMS 0x0000000713c00000, 0x0000000713c00000| Complete 
| 112|0x0000000713e00000, 0x0000000714000000, 0x0000000714000000|100%| E|CS|TAMS 0x0000000713e00000, 0x0000000713e00000| Complete 
| 113|0x0000000714000000, 0x0000000714200000, 0x0000000714200000|100%| E|CS|TAMS 0x0000000714000000, 0x0000000714000000| Complete 
| 114|0x0000000714200000, 0x0000000714400000, 0x0000000714400000|100%| E|CS|TAMS 0x0000000714200000, 0x0000000714200000| Complete 
| 115|0x0000000714400000, 0x0000000714600000, 0x0000000714600000|100%| E|CS|TAMS 0x0000000714400000, 0x0000000714400000| Complete 
| 116|0x0000000714600000, 0x0000000714800000, 0x0000000714800000|100%| E|CS|TAMS 0x0000000714600000, 0x0000000714600000| Complete 
| 117|0x0000000714800000, 0x0000000714a00000, 0x0000000714a00000|100%| E|CS|TAMS 0x0000000714800000, 0x0000000714800000| Complete 
| 118|0x0000000714a00000, 0x0000000714c00000, 0x0000000714c00000|100%| E|CS|TAMS 0x0000000714a00000, 0x0000000714a00000| Complete 
| 119|0x0000000714c00000, 0x0000000714e00000, 0x0000000714e00000|100%| E|CS|TAMS 0x0000000714c00000, 0x0000000714c00000| Complete 
| 120|0x0000000714e00000, 0x0000000715000000, 0x0000000715000000|100%| E|CS|TAMS 0x0000000714e00000, 0x0000000714e00000| Complete 
| 121|0x0000000715000000, 0x0000000715200000, 0x0000000715200000|100%| E|CS|TAMS 0x0000000715000000, 0x0000000715000000| Complete 
| 122|0x0000000715200000, 0x0000000715400000, 0x0000000715400000|100%| E|CS|TAMS 0x0000000715200000, 0x0000000715200000| Complete 
| 123|0x0000000715400000, 0x0000000715600000, 0x0000000715600000|100%| E|CS|TAMS 0x0000000715400000, 0x0000000715400000| Complete 
| 125|0x0000000715800000, 0x0000000715a00000, 0x0000000715a00000|100%| E|CS|TAMS 0x0000000715800000, 0x0000000715800000| Complete 
|1994|0x00000007ff200000, 0x00000007ff400000, 0x00000007ff400000|100%| O|  |TAMS 0x00000007ff400000, 0x00000007ff200000| Untracked 
|1995|0x00000007ff400000, 0x00000007ff600000, 0x00000007ff600000|100%| O|  |TAMS 0x00000007ff600000, 0x00000007ff400000| Untracked 
|1996|0x00000007ff600000, 0x00000007ff800000, 0x00000007ff800000|100%| O|  |TAMS 0x00000007ff800000, 0x00000007ff600000| Untracked 
|1997|0x00000007ff800000, 0x00000007ffa00000, 0x00000007ffa00000|100%| O|  |TAMS 0x00000007ffa00000, 0x00000007ff800000| Untracked 
|1998|0x00000007ffa00000, 0x00000007ffc00000, 0x00000007ffc00000|100%| O|  |TAMS 0x00000007ffc00000, 0x00000007ffa00000| Untracked 
|1999|0x00000007ffc00000, 0x00000007ffe00000, 0x00000007ffe00000|100%| O|  |TAMS 0x00000007ffe00000, 0x00000007ffc00000| Untracked 
|2000|0x00000007ffe00000, 0x0000000800000000, 0x0000000800000000|100%| O|  |TAMS 0x0000000800000000, 0x00000007ffe00000| Untracked 

Card table byte_map: [0x0000021ff7120000,0x0000021ff7900000] _byte_map_base: 0x0000021ff38f1000

Marking Bits (Prev, Next): (CMBitMap*) 0x0000021fee1d3660, (CMBitMap*) 0x0000021fee1d36a0
 Prev Bits: [0x0000021ff80e0000, 0x0000021ffbf68000)
 Next Bits: [0x0000021ffbf70000, 0x0000021fffdf8000)

Polling page: 0x0000021fec0d0000

Metaspace:

Usage:
  Non-class:     27.32 MB used.
      Class:      3.15 MB used.
       Both:     30.47 MB used.

Virtual space:
  Non-class space:       64.00 MB reserved,      27.62 MB ( 43%) committed,  1 nodes.
      Class space:        1.00 GB reserved,       3.44 MB ( <1%) committed,  1 nodes.
             Both:        1.06 GB reserved,      31.06 MB (  3%) committed. 

Chunk freelists:
   Non-Class:  3.95 MB
       Class:  521.00 KB
        Both:  4.46 MB

MaxMetaspaceSize: unlimited
CompressedClassSpaceSize: 1.00 GB
Initial GC threshold: 21.00 MB
Current GC threshold: 41.56 MB
CDS: on
MetaspaceReclaimPolicy: balanced
 - commit_granule_bytes: 65536.
 - commit_granule_words: 8192.
 - virtual_space_node_default_size: 8388608.
 - enlarge_chunks_in_place: 1.
 - new_chunks_are_fully_committed: 0.
 - uncommit_free_chunks: 1.
 - use_allocation_guard: 0.


Internal statistics:

num_allocs_failed_limit: 3.
num_arena_births: 742.
num_arena_deaths: 0.
num_vsnodes_births: 2.
num_vsnodes_deaths: 0.
num_space_committed: 497.
num_space_uncommitted: 0.
num_chunks_returned_to_freelist: 3.
num_chunks_taken_from_freelist: 1978.
num_chunk_merges: 3.
num_chunk_splits: 1356.
num_chunks_enlarged: 929.
num_inconsistent_stats: 0.

CodeHeap 'non-profiled nmethods': size=119168Kb used=6703Kb max_used=6703Kb free=112465Kb
 bounds [0x0000021f87ba0000, 0x0000021f88230000, 0x0000021f8f000000]
CodeHeap 'profiled nmethods': size=119104Kb used=19917Kb max_used=19917Kb free=99186Kb
 bounds [0x0000021f80000000, 0x0000021f81380000, 0x0000021f87450000]
CodeHeap 'non-nmethods': size=7488Kb used=3009Kb max_used=3093Kb free=4478Kb
 bounds [0x0000021f87450000, 0x0000021f87760000, 0x0000021f87ba0000]
 total_blobs=9137 nmethods=8591 adapters=453
 compilation: enabled
              stopped_count=0, restarted_count=0
 full_count=0

Compilation events (20 events):
Event: 7.780 Thread 0x0000021f961365e0 nmethod 10018 0x0000021f81363110 code [0x0000021f813632a0, 0x0000021f813633b8]
Event: 7.780 Thread 0x0000021f96c6c620 10019       4       java.util.HashSet::remove (20 bytes)
Event: 7.781 Thread 0x0000021f9609e260 10020       1       com.sun.tools.javac.code.Type$BottomType::isNullOrReference (2 bytes)
Event: 7.781 Thread 0x0000021f9609e260 nmethod 10020 0x0000021f88223810 code [0x0000021f882239a0, 0x0000021f88223a78]
Event: 7.782 Thread 0x0000021f9609e260 10021       3       com.sun.tools.javac.comp.Operators$BinaryStringOperator::test (13 bytes)
Event: 7.782 Thread 0x0000021f96549c20 10022       3       com.sun.tools.javac.comp.Operators$BinaryStringOperator::test (96 bytes)
Event: 7.782 Thread 0x0000021f91e9cc70 10023       3       com.sun.tools.javac.comp.Operators$BinaryStringOperator::resolve (15 bytes)
Event: 7.782 Thread 0x0000021f9609e260 nmethod 10021 0x0000021f81363490 code [0x0000021f81363640, 0x0000021f81363988]
Event: 7.782 Thread 0x0000021f91e9cc70 nmethod 10023 0x0000021f81363a90 code [0x0000021f81363cc0, 0x0000021f81364418]
Event: 7.782 Thread 0x0000021f96c6c620 nmethod 10019 0x0000021f88223b10 code [0x0000021f88223cc0, 0x0000021f88223f58]
Event: 7.782 Thread 0x0000021f96549c20 nmethod 10022 0x0000021f81364710 code [0x0000021f81364960, 0x0000021f81365678]
Event: 7.784 Thread 0x0000021f96549c20 10024       3       com.sun.tools.javac.comp.Flow$AssignAnalyzer::uninit (51 bytes)
Event: 7.784 Thread 0x0000021f96549c20 nmethod 10024 0x0000021f81365a90 code [0x0000021f81365c80, 0x0000021f81365f38]
Event: 7.785 Thread 0x0000021f9609e260 10025       3       com.sun.tools.javac.comp.Lower::expValue (131 bytes)
Event: 7.785 Thread 0x0000021f96c6c090 10026       4       java.util.LinkedHashMap::values (25 bytes)
Event: 7.786 Thread 0x0000021f9609e260 nmethod 10025 0x0000021f81366110 code [0x0000021f81366380, 0x0000021f813670d8]
Event: 7.787 Thread 0x0000021f96c6c090 nmethod 10026 0x0000021f88224110 code [0x0000021f882242a0, 0x0000021f88224458]
Event: 7.787 Thread 0x0000021f9609e260 10027       3       com.sun.tools.javac.jvm.Items::makeCondItem (12 bytes)
Event: 7.787 Thread 0x0000021f9609e260 nmethod 10027 0x0000021f81367490 code [0x0000021f81367660, 0x0000021f81367a98]
Event: 7.788 Thread 0x0000021f96c6d6d0 10028   !   4       com.sun.tools.javac.jvm.Gen::genExpr (201 bytes)

GC Heap History (20 events):
Event: 3.383 GC heap before
{Heap before GC invocations=7 (full 0):
 garbage-first heap   total 75776K, used 52947K [0x0000000705e00000, 0x0000000800000000)
  region size 2048K, 10 young (20480K), 2 survivors (4096K)
 Metaspace       used 24549K, committed 24960K, reserved 1114112K
  class space    used 2590K, committed 2752K, reserved 1048576K
}
Event: 3.387 GC heap after
{Heap after GC invocations=8 (full 0):
 garbage-first heap   total 75776K, used 40960K [0x0000000705e00000, 0x0000000800000000)
  region size 2048K, 2 young (4096K), 2 survivors (4096K)
 Metaspace       used 24549K, committed 24960K, reserved 1114112K
  class space    used 2590K, committed 2752K, reserved 1048576K
}
Event: 3.473 GC heap before
{Heap before GC invocations=8 (full 0):
 garbage-first heap   total 75776K, used 55296K [0x0000000705e00000, 0x0000000800000000)
  region size 2048K, 9 young (18432K), 2 survivors (4096K)
 Metaspace       used 25041K, committed 25536K, reserved 1114112K
  class space    used 2648K, committed 2880K, reserved 1048576K
}
Event: 3.477 GC heap after
{Heap after GC invocations=9 (full 0):
 garbage-first heap   total 75776K, used 43888K [0x0000000705e00000, 0x0000000800000000)
  region size 2048K, 2 young (4096K), 2 survivors (4096K)
 Metaspace       used 25041K, committed 25536K, reserved 1114112K
  class space    used 2648K, committed 2880K, reserved 1048576K
}
Event: 3.533 GC heap before
{Heap before GC invocations=10 (full 0):
 garbage-first heap   total 79872K, used 56176K [0x0000000705e00000, 0x0000000800000000)
  region size 2048K, 8 young (16384K), 2 survivors (4096K)
 Metaspace       used 25186K, committed 25600K, reserved 1114112K
  class space    used 2650K, committed 2880K, reserved 1048576K
}
Event: 3.536 GC heap after
{Heap after GC invocations=11 (full 0):
 garbage-first heap   total 79872K, used 45721K [0x0000000705e00000, 0x0000000800000000)
  region size 2048K, 1 young (2048K), 1 survivors (2048K)
 Metaspace       used 25186K, committed 25600K, reserved 1114112K
  class space    used 2650K, committed 2880K, reserved 1048576K
}
Event: 3.548 GC heap before
{Heap before GC invocations=11 (full 0):
 garbage-first heap   total 79872K, used 47769K [0x0000000705e00000, 0x0000000800000000)
  region size 2048K, 2 young (4096K), 1 survivors (2048K)
 Metaspace       used 25235K, committed 25664K, reserved 1114112K
  class space    used 2651K, committed 2880K, reserved 1048576K
}
Event: 3.550 GC heap after
{Heap after GC invocations=12 (full 0):
 garbage-first heap   total 159744K, used 45336K [0x0000000705e00000, 0x0000000800000000)
  region size 2048K, 1 young (2048K), 1 survivors (2048K)
 Metaspace       used 25235K, committed 25664K, reserved 1114112K
  class space    used 2651K, committed 2880K, reserved 1048576K
}
Event: 4.277 GC heap before
{Heap before GC invocations=12 (full 0):
 garbage-first heap   total 159744K, used 110872K [0x0000000705e00000, 0x0000000800000000)
  region size 2048K, 33 young (67584K), 1 survivors (2048K)
 Metaspace       used 27548K, committed 28032K, reserved 1114112K
  class space    used 2871K, committed 3136K, reserved 1048576K
}
Event: 4.283 GC heap after
{Heap after GC invocations=13 (full 0):
 garbage-first heap   total 159744K, used 52606K [0x0000000705e00000, 0x0000000800000000)
  region size 2048K, 3 young (6144K), 3 survivors (6144K)
 Metaspace       used 27548K, committed 28032K, reserved 1114112K
  class space    used 2871K, committed 3136K, reserved 1048576K
}
Event: 4.504 GC heap before
{Heap before GC invocations=13 (full 0):
 garbage-first heap   total 159744K, used 116094K [0x0000000705e00000, 0x0000000800000000)
  region size 2048K, 34 young (69632K), 3 survivors (6144K)
 Metaspace       used 27757K, committed 28224K, reserved 1114112K
  class space    used 2883K, committed 3136K, reserved 1048576K
}
Event: 4.510 GC heap after
{Heap after GC invocations=14 (full 0):
 garbage-first heap   total 159744K, used 53410K [0x0000000705e00000, 0x0000000800000000)
  region size 2048K, 1 young (2048K), 1 survivors (2048K)
 Metaspace       used 27757K, committed 28224K, reserved 1114112K
  class space    used 2883K, committed 3136K, reserved 1048576K
}
Event: 5.102 GC heap before
{Heap before GC invocations=14 (full 0):
 garbage-first heap   total 159744K, used 118946K [0x0000000705e00000, 0x0000000800000000)
  region size 2048K, 33 young (67584K), 1 survivors (2048K)
 Metaspace       used 28426K, committed 28928K, reserved 1114112K
  class space    used 2966K, committed 3264K, reserved 1048576K
}
Event: 5.104 GC heap after
{Heap after GC invocations=15 (full 0):
 garbage-first heap   total 159744K, used 53771K [0x0000000705e00000, 0x0000000800000000)
  region size 2048K, 1 young (2048K), 1 survivors (2048K)
 Metaspace       used 28426K, committed 28928K, reserved 1114112K
  class space    used 2966K, committed 3264K, reserved 1048576K
}
Event: 5.311 GC heap before
{Heap before GC invocations=15 (full 0):
 garbage-first heap   total 159744K, used 123403K [0x0000000705e00000, 0x0000000800000000)
  region size 2048K, 35 young (71680K), 1 survivors (2048K)
 Metaspace       used 28602K, committed 29120K, reserved 1114112K
  class space    used 2971K, committed 3264K, reserved 1048576K
}
Event: 5.315 GC heap after
{Heap after GC invocations=16 (full 0):
 garbage-first heap   total 159744K, used 55302K [0x0000000705e00000, 0x0000000800000000)
  region size 2048K, 2 young (4096K), 2 survivors (4096K)
 Metaspace       used 28602K, committed 29120K, reserved 1114112K
  class space    used 2971K, committed 3264K, reserved 1048576K
}
Event: 5.755 GC heap before
{Heap before GC invocations=16 (full 0):
 garbage-first heap   total 159744K, used 124934K [0x0000000705e00000, 0x0000000800000000)
  region size 2048K, 36 young (73728K), 2 survivors (4096K)
 Metaspace       used 28676K, committed 29248K, reserved 1114112K
  class space    used 2974K, committed 3264K, reserved 1048576K
}
Event: 5.761 GC heap after
{Heap after GC invocations=17 (full 0):
 garbage-first heap   total 159744K, used 56772K [0x0000000705e00000, 0x0000000800000000)
  region size 2048K, 3 young (6144K), 3 survivors (6144K)
 Metaspace       used 28676K, committed 29248K, reserved 1114112K
  class space    used 2974K, committed 3264K, reserved 1048576K
}
Event: 6.333 GC heap before
{Heap before GC invocations=17 (full 0):
 garbage-first heap   total 159744K, used 126404K [0x0000000705e00000, 0x0000000800000000)
  region size 2048K, 37 young (75776K), 3 survivors (6144K)
 Metaspace       used 28787K, committed 29376K, reserved 1114112K
  class space    used 2974K, committed 3264K, reserved 1048576K
}
Event: 6.338 GC heap after
{Heap after GC invocations=18 (full 0):
 garbage-first heap   total 270336K, used 56633K [0x0000000705e00000, 0x0000000800000000)
  region size 2048K, 2 young (4096K), 2 survivors (4096K)
 Metaspace       used 28787K, committed 29376K, reserved 1114112K
  class space    used 2974K, committed 3264K, reserved 1048576K
}

Dll operation events (12 events):
Event: 0.007 Loaded shared library C:\Program Files\Java\jdk-19\bin\java.dll
Event: 0.013 Loaded shared library C:\Program Files\Java\jdk-19\bin\jsvml.dll
Event: 0.040 Loaded shared library C:\Program Files\Java\jdk-19\bin\zip.dll
Event: 0.042 Loaded shared library C:\Program Files\Java\jdk-19\bin\instrument.dll
Event: 0.045 Loaded shared library C:\Program Files\Java\jdk-19\bin\net.dll
Event: 0.045 Loaded shared library C:\Program Files\Java\jdk-19\bin\nio.dll
Event: 0.048 Loaded shared library C:\Program Files\Java\jdk-19\bin\zip.dll
Event: 0.056 Loaded shared library C:\Program Files\JetBrains\IntelliJ IDEA 2022.1.2\bin\breakgen64.dll
Event: 0.061 Loaded shared library C:\Program Files\Java\jdk-19\bin\extnet.dll
Event: 0.112 Loaded shared library C:\Program Files\Java\jdk-19\bin\jimage.dll
Event: 0.158 Loaded shared library C:\Users\99293\AppData\Local\Temp\jansi-2.4.0-3c57d65e97331378-jansi.dll
Event: 0.164 Loaded shared library C:\Program Files\Java\jdk-19\bin\verify.dll

Deoptimization events (20 events):
Event: 7.675 Thread 0x0000021fee1618e0 Uncommon trap: trap_request=0xffffffde fr.pc=0x0000021f87baedc4 relative=0x00000000000001a4
Event: 7.675 Thread 0x0000021fee1618e0 Uncommon trap: reason=class_check action=maybe_recompile pc=0x0000021f87baedc4 method=java.lang.String.equals(Ljava/lang/Object;)Z @ 8 c2
Event: 7.675 Thread 0x0000021fee1618e0 DEOPT PACKING pc=0x0000021f87baedc4 sp=0x000000cc7cbfcfb0
Event: 7.675 Thread 0x0000021fee1618e0 DEOPT UNPACKING pc=0x0000021f874b6da3 sp=0x000000cc7cbfcf58 mode 2
Event: 7.675 Thread 0x0000021fee1618e0 Uncommon trap: trap_request=0xffffffde fr.pc=0x0000021f87baedc4 relative=0x00000000000001a4
Event: 7.675 Thread 0x0000021fee1618e0 Uncommon trap: reason=class_check action=maybe_recompile pc=0x0000021f87baedc4 method=java.lang.String.equals(Ljava/lang/Object;)Z @ 8 c2
Event: 7.675 Thread 0x0000021fee1618e0 DEOPT PACKING pc=0x0000021f87baedc4 sp=0x000000cc7cbfcfb0
Event: 7.675 Thread 0x0000021fee1618e0 DEOPT UNPACKING pc=0x0000021f874b6da3 sp=0x000000cc7cbfcf58 mode 2
Event: 7.675 Thread 0x0000021fee1618e0 Uncommon trap: trap_request=0xffffffde fr.pc=0x0000021f87baedc4 relative=0x00000000000001a4
Event: 7.675 Thread 0x0000021fee1618e0 Uncommon trap: reason=class_check action=maybe_recompile pc=0x0000021f87baedc4 method=java.lang.String.equals(Ljava/lang/Object;)Z @ 8 c2
Event: 7.675 Thread 0x0000021fee1618e0 DEOPT PACKING pc=0x0000021f87baedc4 sp=0x000000cc7cbfcfb0
Event: 7.675 Thread 0x0000021fee1618e0 DEOPT UNPACKING pc=0x0000021f874b6da3 sp=0x000000cc7cbfcf58 mode 2
Event: 7.675 Thread 0x0000021fee1618e0 Uncommon trap: trap_request=0xffffffde fr.pc=0x0000021f87baedc4 relative=0x00000000000001a4
Event: 7.675 Thread 0x0000021fee1618e0 Uncommon trap: reason=class_check action=maybe_recompile pc=0x0000021f87baedc4 method=java.lang.String.equals(Ljava/lang/Object;)Z @ 8 c2
Event: 7.675 Thread 0x0000021fee1618e0 DEOPT PACKING pc=0x0000021f87baedc4 sp=0x000000cc7cbfcfb0
Event: 7.675 Thread 0x0000021fee1618e0 DEOPT UNPACKING pc=0x0000021f874b6da3 sp=0x000000cc7cbfcf58 mode 2
Event: 7.734 Thread 0x0000021fee1618e0 Uncommon trap: trap_request=0xffffff45 fr.pc=0x0000021f881f51cc relative=0x00000000000001ac
Event: 7.734 Thread 0x0000021fee1618e0 Uncommon trap: reason=unstable_if action=reinterpret pc=0x0000021f881f51cc method=com.sun.tools.javac.comp.Resolve.isAccessible(Lcom/sun/tools/javac/comp/Env;Lcom/sun/tools/javac/code/Type;Z)Z @ 7 c2
Event: 7.734 Thread 0x0000021fee1618e0 DEOPT PACKING pc=0x0000021f881f51cc sp=0x000000cc7cbfc7e0
Event: 7.734 Thread 0x0000021fee1618e0 DEOPT UNPACKING pc=0x0000021f874b6da3 sp=0x000000cc7cbfc780 mode 2

Classes loaded (20 events):
Event: 6.814 Loading class java/lang/invoke/DirectMethodHandle$1
Event: 6.815 Loading class java/lang/invoke/DirectMethodHandle$1 done
Event: 6.821 Loading class java/nio/file/Path$1
Event: 6.821 Loading class java/nio/file/Path$1 done
Event: 6.900 Loading class java/util/EnumMap$EntrySet
Event: 6.900 Loading class java/util/EnumMap$EntrySet done
Event: 6.900 Loading class java/util/EnumMap$EntryIterator
Event: 6.900 Loading class java/util/EnumMap$EnumMapIterator
Event: 6.900 Loading class java/util/EnumMap$EnumMapIterator done
Event: 6.900 Loading class java/util/EnumMap$EntryIterator done
Event: 6.900 Loading class java/util/EnumMap$EntryIterator$Entry
Event: 6.901 Loading class java/util/EnumMap$EntryIterator$Entry done
Event: 7.406 Loading class java/util/stream/ReduceOps$2
Event: 7.407 Loading class java/util/stream/ReduceOps$2 done
Event: 7.407 Loading class java/util/stream/ReduceOps$2ReducingSink
Event: 7.407 Loading class java/util/stream/ReduceOps$2ReducingSink done
Event: 7.432 Loading class java/io/DataOutputStream
Event: 7.432 Loading class java/io/DataOutputStream done
Event: 7.457 Loading class java/lang/invoke/MethodHandleImpl$CountingWrapper
Event: 7.457 Loading class java/lang/invoke/MethodHandleImpl$CountingWrapper done

Classes unloaded (0 events):
No events

Classes redefined (0 events):
No events

Internal exceptions (20 events):
Event: 7.653 Thread 0x0000021fee1618e0 Exception <a 'sun/nio/fs/WindowsException'{0x000000070ef82da8}> (0x000000070ef82da8) 
thrown [s\open\src\hotspot\share\prims\jni.cpp, line 517]
Event: 7.653 Thread 0x0000021fee1618e0 Exception <a 'sun/nio/fs/WindowsException'{0x000000070ef83490}> (0x000000070ef83490) 
thrown [s\open\src\hotspot\share\prims\jni.cpp, line 517]
Event: 7.653 Thread 0x0000021fee1618e0 Exception <a 'sun/nio/fs/WindowsException'{0x000000070ef843c8}> (0x000000070ef843c8) 
thrown [s\open\src\hotspot\share\prims\jni.cpp, line 517]
Event: 7.654 Thread 0x0000021fee1618e0 Exception <a 'sun/nio/fs/WindowsException'{0x000000070ef84b40}> (0x000000070ef84b40) 
thrown [s\open\src\hotspot\share\prims\jni.cpp, line 517]
Event: 7.676 Thread 0x0000021fee1618e0 Exception <a 'sun/nio/fs/WindowsException'{0x000000070efd2840}> (0x000000070efd2840) 
thrown [s\open\src\hotspot\share\prims\jni.cpp, line 517]
Event: 7.676 Thread 0x0000021fee1618e0 Exception <a 'sun/nio/fs/WindowsException'{0x000000070efd2f10}> (0x000000070efd2f10) 
thrown [s\open\src\hotspot\share\prims\jni.cpp, line 517]
Event: 7.677 Thread 0x0000021fee1618e0 Exception <a 'sun/nio/fs/WindowsException'{0x000000070efd3d78}> (0x000000070efd3d78) 
thrown [s\open\src\hotspot\share\prims\jni.cpp, line 517]
Event: 7.677 Thread 0x0000021fee1618e0 Exception <a 'sun/nio/fs/WindowsException'{0x000000070efd44e8}> (0x000000070efd44e8) 
thrown [s\open\src\hotspot\share\prims\jni.cpp, line 517]
Event: 7.690 Thread 0x0000021fee1618e0 Exception <a 'sun/nio/fs/WindowsException'{0x000000070ec26f08}> (0x000000070ec26f08) 
thrown [s\open\src\hotspot\share\prims\jni.cpp, line 517]
Event: 7.691 Thread 0x0000021fee1618e0 Exception <a 'sun/nio/fs/WindowsException'{0x000000070ec275e8}> (0x000000070ec275e8) 
thrown [s\open\src\hotspot\share\prims\jni.cpp, line 517]
Event: 7.691 Thread 0x0000021fee1618e0 Exception <a 'sun/nio/fs/WindowsException'{0x000000070ec284d8}> (0x000000070ec284d8) 
thrown [s\open\src\hotspot\share\prims\jni.cpp, line 517]
Event: 7.699 Thread 0x0000021fee1618e0 Exception <a 'sun/nio/fs/WindowsException'{0x000000070ec65250}> (0x000000070ec65250) 
thrown [s\open\src\hotspot\share\prims\jni.cpp, line 517]
Event: 7.699 Thread 0x0000021fee1618e0 Exception <a 'sun/nio/fs/WindowsException'{0x000000070ec65920}> (0x000000070ec65920) 
thrown [s\open\src\hotspot\share\prims\jni.cpp, line 517]
Event: 7.699 Thread 0x0000021fee1618e0 Exception <a 'sun/nio/fs/WindowsException'{0x000000070ec66788}> (0x000000070ec66788) 
thrown [s\open\src\hotspot\share\prims\jni.cpp, line 517]
Event: 7.702 Thread 0x0000021fee1618e0 Exception <a 'sun/nio/fs/WindowsException'{0x000000070ec79ae8}> (0x000000070ec79ae8) 
thrown [s\open\src\hotspot\share\prims\jni.cpp, line 517]
Event: 7.702 Thread 0x0000021fee1618e0 Exception <a 'sun/nio/fs/WindowsException'{0x000000070ec7a1f8}> (0x000000070ec7a1f8) 
thrown [s\open\src\hotspot\share\prims\jni.cpp, line 517]
Event: 7.703 Thread 0x0000021fee1618e0 Exception <a 'sun/nio/fs/WindowsException'{0x000000070ec7b3b0}> (0x000000070ec7b3b0) 
thrown [s\open\src\hotspot\share\prims\jni.cpp, line 517]
Event: 7.760 Thread 0x0000021fee1618e0 Exception <a 'sun/nio/fs/WindowsException'{0x000000070ed3b658}> (0x000000070ed3b658) 
thrown [s\open\src\hotspot\share\prims\jni.cpp, line 517]
Event: 7.760 Thread 0x0000021fee1618e0 Exception <a 'sun/nio/fs/WindowsException'{0x000000070ed3bd28}> (0x000000070ed3bd28) 
thrown [s\open\src\hotspot\share\prims\jni.cpp, line 517]
Event: 7.761 Thread 0x0000021fee1618e0 Exception <a 'sun/nio/fs/WindowsException'{0x000000070ed3cb90}> (0x000000070ed3cb90) 
thrown [s\open\src\hotspot\share\prims\jni.cpp, line 517]

VM Operations (20 events):
Event: 7.072 Executing VM operation: ICBufferFull
Event: 7.073 Executing VM operation: ICBufferFull done
Event: 7.248 Executing VM operation: HandshakeAllThreads
Event: 7.248 Executing VM operation: HandshakeAllThreads done
Event: 7.268 Executing VM operation: ICBufferFull
Event: 7.268 Executing VM operation: ICBufferFull done
Event: 7.364 Executing VM operation: HandshakeAllThreads
Event: 7.364 Executing VM operation: HandshakeAllThreads done
Event: 7.369 Executing VM operation: ICBufferFull
Event: 7.369 Executing VM operation: ICBufferFull done
Event: 7.422 Executing VM operation: HandshakeAllThreads
Event: 7.422 Executing VM operation: HandshakeAllThreads done
Event: 7.436 Executing VM operation: ICBufferFull
Event: 7.436 Executing VM operation: ICBufferFull done
Event: 7.492 Executing VM operation: ICBufferFull
Event: 7.492 Executing VM operation: ICBufferFull done
Event: 7.564 Executing VM operation: ICBufferFull
Event: 7.564 Executing VM operation: ICBufferFull done
Event: 7.673 Executing VM operation: ICBufferFull
Event: 7.674 Executing VM operation: ICBufferFull done

Events (20 events):
Event: 5.502 Thread 0x0000021f91ea9890 flushing nmethod 0x0000021f80e6b390
Event: 5.502 Thread 0x0000021f91ea9890 flushing nmethod 0x0000021f80e6dc10
Event: 5.502 Thread 0x0000021f91ea9890 flushing nmethod 0x0000021f80e72990
Event: 5.502 Thread 0x0000021f91ea9890 flushing nmethod 0x0000021f80e85010
Event: 5.502 Thread 0x0000021f91ea9890 flushing nmethod 0x0000021f80ea2610
Event: 5.502 Thread 0x0000021f91ea9890 flushing nmethod 0x0000021f80ecc990
Event: 5.502 Thread 0x0000021f91ea9890 flushing nmethod 0x0000021f80ece390
Event: 5.502 Thread 0x0000021f91ea9890 flushing nmethod 0x0000021f80ef1110
Event: 5.502 Thread 0x0000021f91ea9890 flushing nmethod 0x0000021f80ef1b10
Event: 5.502 Thread 0x0000021f91ea9890 flushing nmethod 0x0000021f80efc090
Event: 5.502 Thread 0x0000021f91ea9890 flushing nmethod 0x0000021f80f0fe10
Event: 5.503 Thread 0x0000021f91ea9890 flushing nmethod 0x0000021f80f86f90
Event: 6.441 Thread 0x0000021f99735690 Thread exited: 0x0000021f99735690
Event: 6.441 Thread 0x0000021f96c6e780 Thread exited: 0x0000021f96c6e780
Event: 6.628 Thread 0x0000021f91ea9890 flushing nmethod 0x0000021f880aa510
Event: 6.629 Thread 0x0000021f91ea9890 flushing nmethod 0x0000021f801db690
Event: 6.629 Thread 0x0000021f91ea9890 flushing nmethod 0x0000021f802e8c10
Event: 6.638 Thread 0x0000021f91ea9890 flushing nmethod 0x0000021f80e16090
Event: 6.638 Thread 0x0000021f91ea9890 flushing nmethod 0x0000021f80e16990
Event: 6.638 Thread 0x0000021f91ea9890 flushing nmethod 0x0000021f80e55610


Dynamic libraries:
0x00007ff62f6f0000 - 0x00007ff62f700000 	C:\Program Files\Java\jdk-19\bin\java.exe
0x00007ff8edf30000 - 0x00007ff8ee147000 	C:\WINDOWS\SYSTEM32\ntdll.dll
0x00007ff8ebe50000 - 0x00007ff8ebf14000 	C:\WINDOWS\System32\KERNEL32.DLL
0x00007ff8eb4b0000 - 0x00007ff8eb85d000 	C:\WINDOWS\System32\KERNELBASE.dll
0x00007ff8eb860000 - 0x00007ff8eb971000 	C:\WINDOWS\System32\ucrtbase.dll
0x00007ff8da690000 - 0x00007ff8da6a8000 	C:\Program Files\Java\jdk-19\bin\jli.dll
0x00007ff8da5e0000 - 0x00007ff8da5fb000 	C:\Program Files\Java\jdk-19\bin\VCRUNTIME140.dll
0x00007ff8ec990000 - 0x00007ff8eca42000 	C:\WINDOWS\System32\ADVAPI32.dll
0x00007ff8ed860000 - 0x00007ff8ed907000 	C:\WINDOWS\System32\msvcrt.dll
0x00007ff8eced0000 - 0x00007ff8ecf79000 	C:\WINDOWS\System32\sechost.dll
0x00007ff8ebb60000 - 0x00007ff8ebb88000 	C:\WINDOWS\System32\bcrypt.dll
0x00007ff8ed910000 - 0x00007ff8eda24000 	C:\WINDOWS\System32\RPCRT4.dll
0x00007ff8edd10000 - 0x00007ff8edebe000 	C:\WINDOWS\System32\USER32.dll
0x00007ff8ebc00000 - 0x00007ff8ebc26000 	C:\WINDOWS\System32\win32u.dll
0x00007ff8d94d0000 - 0x00007ff8d9763000 	C:\WINDOWS\WinSxS\amd64_microsoft.windows.common-controls_6595b64144ccf1df_6.0.22621.3672_none_2713b9d173822955\COMCTL32.dll
0x00007ff8ec0f0000 - 0x00007ff8ec119000 	C:\WINDOWS\System32\GDI32.dll
0x00007ff8eb390000 - 0x00007ff8eb4a9000 	C:\WINDOWS\System32\gdi32full.dll
0x00007ff8ebac0000 - 0x00007ff8ebb5a000 	C:\WINDOWS\System32\msvcp_win.dll
0x00007ff8e2e00000 - 0x00007ff8e2e0a000 	C:\WINDOWS\SYSTEM32\VERSION.dll
0x00007ff8ec430000 - 0x00007ff8ec461000 	C:\WINDOWS\System32\IMM32.DLL
0x00007ff8e2e90000 - 0x00007ff8e2e9c000 	C:\Program Files\Java\jdk-19\bin\vcruntime140_1.dll
0x00007ff8ab410000 - 0x00007ff8ab49e000 	C:\Program Files\Java\jdk-19\bin\msvcp140.dll
0x00007ff8939c0000 - 0x00007ff894680000 	C:\Program Files\Java\jdk-19\bin\server\jvm.dll
0x00007ff8ddb10000 - 0x00007ff8ddb19000 	C:\WINDOWS\SYSTEM32\WSOCK32.dll
0x00007ff8ec800000 - 0x00007ff8ec871000 	C:\WINDOWS\System32\WS2_32.dll
0x00007ff8e4ec0000 - 0x00007ff8e4ef4000 	C:\WINDOWS\SYSTEM32\WINMM.dll
0x00007ff8ea340000 - 0x00007ff8ea358000 	C:\WINDOWS\SYSTEM32\kernel.appcore.dll
0x00007ff8dfc80000 - 0x00007ff8dfc8a000 	C:\Program Files\Java\jdk-19\bin\jimage.dll
0x00007ff8e85b0000 - 0x00007ff8e87e2000 	C:\WINDOWS\SYSTEM32\DBGHELP.DLL
0x00007ff8ec470000 - 0x00007ff8ec7fd000 	C:\WINDOWS\System32\combase.dll
0x00007ff8ebce0000 - 0x00007ff8ebdb7000 	C:\WINDOWS\System32\OLEAUT32.dll
0x00007ff8e0930000 - 0x00007ff8e0962000 	C:\WINDOWS\SYSTEM32\dbgcore.DLL
0x00007ff8eb980000 - 0x00007ff8eb9fb000 	C:\WINDOWS\System32\bcryptPrimitives.dll
0x00007ff8e4ff0000 - 0x00007ff8e4ffe000 	C:\Program Files\Java\jdk-19\bin\instrument.dll
0x00007ff8d8310000 - 0x00007ff8d8336000 	C:\Program Files\Java\jdk-19\bin\java.dll
0x00007ff8a57e0000 - 0x00007ff8a58b7000 	C:\Program Files\Java\jdk-19\bin\jsvml.dll
0x00007ff8ecff0000 - 0x00007ff8ed858000 	C:\WINDOWS\System32\SHELL32.dll
0x00007ff8e9140000 - 0x00007ff8e9a3e000 	C:\WINDOWS\SYSTEM32\windows.storage.dll
0x00007ff8e9000000 - 0x00007ff8e913f000 	C:\WINDOWS\SYSTEM32\wintypes.dll
0x00007ff8ec880000 - 0x00007ff8ec979000 	C:\WINDOWS\System32\SHCORE.dll
0x00007ff8ec080000 - 0x00007ff8ec0de000 	C:\WINDOWS\System32\shlwapi.dll
0x00007ff8eb150000 - 0x00007ff8eb171000 	C:\WINDOWS\SYSTEM32\profapi.dll
0x00007ff8d1580000 - 0x00007ff8d1598000 	C:\Program Files\Java\jdk-19\bin\zip.dll
0x00007ff8da4f0000 - 0x00007ff8da503000 	C:\Program Files\Java\jdk-19\bin\net.dll
0x00007ff8e6a20000 - 0x00007ff8e6b56000 	C:\WINDOWS\SYSTEM32\WINHTTP.dll
0x00007ff8ea7b0000 - 0x00007ff8ea819000 	C:\WINDOWS\system32\mswsock.dll
0x00007ff8d80d0000 - 0x00007ff8d80e6000 	C:\Program Files\Java\jdk-19\bin\nio.dll
0x00007ff8d8e00000 - 0x00007ff8d8e1a000 	C:\Program Files\JetBrains\IntelliJ IDEA 2022.1.2\bin\breakgen64.dll
0x00007ff8da260000 - 0x00007ff8da268000 	C:\Program Files\Java\jdk-19\bin\extnet.dll
0x0000000069ac0000 - 0x0000000069ae4000 	C:\Users\99293\AppData\Local\Temp\jansi-2.4.0-3c57d65e97331378-jansi.dll
0x00007ff8d99b0000 - 0x00007ff8d99c0000 	C:\Program Files\Java\jdk-19\bin\verify.dll

dbghelp: loaded successfully - version: 4.0.5 - missing functions: none
symbol engine: initialized successfully - sym options: 0x614 - pdb path: .;C:\Program Files\Java\jdk-19\bin;C:\WINDOWS\SYSTEM32;C:\WINDOWS\WinSxS\amd64_microsoft.windows.common-controls_6595b64144ccf1df_6.0.22621.3672_none_2713b9d173822955;C:\Program Files\Java\jdk-19\bin\server;C:\Program Files\JetBrains\IntelliJ IDEA 2022.1.2\bin;C:\Users\99293\AppData\Local\Temp

VM Arguments:
jvm_args: -Dmaven.multiModuleProjectDirectory=D:\unitedStates duplicates original -Dmaven.home=C:\Users\99293\.m2\wrapper\dists\apache-maven-3.8.6-bin\1ks0nkde5v1pk9vtc31i9d0lcd\apache-maven-3.8.6 -Dclassworlds.conf=C:\Users\99293\.m2\wrapper\dists\apache-maven-3.8.6-bin\1ks0nkde5v1pk9vtc31i9d0lcd\apache-maven-3.8.6\bin\m2.conf -Dmaven.ext.class.path=C:\Program Files\JetBrains\IntelliJ IDEA 2022.1.2\plugins\maven\lib\maven-event-listener.jar -javaagent:C:\Program Files\JetBrains\IntelliJ IDEA 2022.1.2\lib\idea_rt.jar=52540:C:\Program Files\JetBrains\IntelliJ IDEA 2022.1.2\bin -Dfile.encoding=UTF-8 
java_command: org.codehaus.classworlds.Launcher -Didea.version=2022.1.2 package
java_class_path (initial): C:\Users\99293\.m2\wrapper\dists\apache-maven-3.8.6-bin\1ks0nkde5v1pk9vtc31i9d0lcd\apache-maven-3.8.6\boot\plexus-classworlds-2.6.0.jar;C:\Users\99293\.m2\wrapper\dists\apache-maven-3.8.6-bin\1ks0nkde5v1pk9vtc31i9d0lcd\apache-maven-3.8.6\boot\plexus-classworlds.license
Launcher Type: SUN_STANDARD

[Global flags]
     intx CICompilerCount                          = 12                                        {product} {ergonomic}
     uint ConcGCThreads                            = 3                                         {product} {ergonomic}
     uint G1ConcRefinementThreads                  = 13                                        {product} {ergonomic}
   size_t G1HeapRegionSize                         = 2097152                                   {product} {ergonomic}
    uintx GCDrainStackTargetSize                   = 64                                        {product} {ergonomic}
   size_t InitialHeapSize                          = 264241152                                 {product} {ergonomic}
   size_t MarkStackSize                            = 4194304                                   {product} {ergonomic}
   size_t MaxHeapSize                              = 4196401152                                {product} {ergonomic}
   size_t MaxNewSize                               = 2516582400                                {product} {ergonomic}
   size_t MinHeapDeltaBytes                        = 2097152                                   {product} {ergonomic}
   size_t MinHeapSize                              = 8388608                                   {product} {ergonomic}
    uintx NonNMethodCodeHeapSize                   = 7602480                                {pd product} {ergonomic}
    uintx NonProfiledCodeHeapSize                  = 122027880                              {pd product} {ergonomic}
    uintx ProfiledCodeHeapSize                     = 122027880                              {pd product} {ergonomic}
    uintx ReservedCodeCacheSize                    = 251658240                              {pd product} {ergonomic}
     bool SegmentedCodeCache                       = true                                      {product} {ergonomic}
   size_t SoftMaxHeapSize                          = 4196401152                             {manageable} {ergonomic}
     bool UseCompressedClassPointers               = true                           {product lp64_product} {ergonomic}
     bool UseCompressedOops                        = true                           {product lp64_product} {ergonomic}
     bool UseG1GC                                  = true                                      {product} {ergonomic}
     bool UseLargePagesIndividualAllocation        = false                                  {pd product} {ergonomic}

Logging:
Log output configuration:
 #0: stdout all=warning uptime,level,tags foldmultilines=false
 #1: stderr all=off uptime,level,tags foldmultilines=false

Environment Variables:
JAVA_HOME=C:\Program Files\Java\jdk-19
PATH=C:\Program Files\Common Files\Oracle\Java\javapath;C:\Windows\system32;C:\Windows;C:\Windows\System32\Wbem;C:\Windows\System32\WindowsPowerShell\v1.0\;C:\Windows\System32\OpenSSH\;C:\Program Files (x86)\NVIDIA Corporation\PhysX\Common;C:\Program Files\NVIDIA Corporation\NVIDIA NvDLISR;C:\Program Files\Git\cmd;C:\Program Files (x86)\dotnet\;C:\WINDOWS\system32;C:\WINDOWS;C:\WINDOWS\System32\Wbem;C:\WINDOWS\System32\WindowsPowerShell\v1.0\;C:\WINDOWS\System32\OpenSSH\;C:\Program Files\Java\jdk-19\bin;C:\Users\99293\AppData\Local\Programs\Python\Python311\Scripts\;C:\Users\99293\AppData\Local\Programs\Python\Python311\;C:\Users\99293\AppData\Local\Microsoft\WindowsApps;;C:\Program Files\JetBrains\IntelliJ IDEA 2022.1.2\bin;;C:\Program Files\heroku\bin
USERNAME=ASUS
OS=Windows_NT
PROCESSOR_IDENTIFIER=Intel64 Family 6 Model 154 Stepping 3, GenuineIntel
TMP=C:\Users\99293\AppData\Local\Temp
TEMP=C:\Users\99293\AppData\Local\Temp



---------------  S Y S T E M  ---------------

OS:
 Windows 11 , 64 bit Build 22621 (10.0.22621.3958)
OS uptime: 1 days 0:25 hours
Hyper-V role detected

CPU: total 16 (initial active 16) (8 cores per cpu, 2 threads per core) family 6 model 154 stepping 3 microcode 0x41c, cx8, cmov, fxsr, ht, mmx, 3dnowpref, sse, sse2, sse3, ssse3, sse4.1, sse4.2, popcnt, lzcnt, tsc, tscinvbit, avx, avx2, aes, erms, clmul, bmi1, bmi2, adx, sha, fma, vzeroupper, clflush, clflushopt, clwb, hv, serialize, rdtscp, rdpid, fsrm

Memory: 4k page, system-wide physical 16005M (1654M free)
TotalPageFile size 18053M (AvailPageFile size 413M)
current process WorkingSet (physical memory assigned to process): 494M, peak: 494M
current process commit charge ("private bytes"): 565M, peak: 573M

vm_info: Java HotSpot(TM) 64-Bit Server VM (19.0.2+7-44) for windows-amd64 JRE (19.0.2+7-44), built on 2022-11-30T18:02:09Z by "mach5one" with MS VC++ 17.1 (VS2022)

END.
