#
# There is insufficient memory for the Java Runtime Environment to continue.
# Native memory allocation (malloc) failed to allocate 794576 bytes for Chunk::new
# Possible reasons:
#   The system is out of physical RAM or swap space
#   The process is running with CompressedOops enabled, and the Java Heap may be blocking the growth of the native heap
# Possible solutions:
#   Reduce memory load on the system
#   Increase physical memory or swap space
#   Check if swap backing store is full
#   Decrease Java heap size (-Xmx/-Xms)
#   Decrease number of Java threads
#   Decrease Java thread stack sizes (-Xss)
#   Set larger code cache with -XX:ReservedCodeCacheSize=
#   JVM is running with Zero Based Compressed Oops mode in which the Java heap is
#     placed in the first 32GB address space. The Java Heap base address is the
#     maximum limit for the native heap growth. Please use -XX:HeapBaseMinAddress
#     to set the Java Heap base and to place the Java Heap above 32GB virtual address.
# This output file may be truncated or incomplete.
#
#  Out of Memory Error (arena.cpp:184), pid=15840, tid=21916
#
# JRE version: Java(TM) SE Runtime Environment (19.0.2+7) (build 19.0.2+7-44)
# Java VM: Java HotSpot(TM) 64-Bit Server VM (19.0.2+7-44, mixed mode, sharing, tiered, compressed oops, compressed class ptrs, g1 gc, windows-amd64)
# No core dump will be written. Minidumps are not enabled by default on client versions of Windows
#

---------------  S U M M A R Y ------------

Command Line: -Dmaven.multiModuleProjectDirectory=D:\unitedStates duplicates original -Dmaven.home=C:\Users\99293\.m2\wrapper\dists\apache-maven-3.8.6-bin\1ks0nkde5v1pk9vtc31i9d0lcd\apache-maven-3.8.6 -Dclassworlds.conf=C:\Users\99293\.m2\wrapper\dists\apache-maven-3.8.6-bin\1ks0nkde5v1pk9vtc31i9d0lcd\apache-maven-3.8.6\bin\m2.conf -Dmaven.ext.class.path=C:\Program Files\JetBrains\IntelliJ IDEA 2022.1.2\plugins\maven\lib\maven-event-listener.jar -javaagent:C:\Program Files\JetBrains\IntelliJ IDEA 2022.1.2\lib\idea_rt.jar=55791:C:\Program Files\JetBrains\IntelliJ IDEA 2022.1.2\bin -Dfile.encoding=UTF-8 org.codehaus.classworlds.Launcher -Didea.version=2022.1.2 package

Host: 12th Gen Intel(R) Core(TM) i7-12650H, 16 cores, 15G,  Windows 11 , 64 bit Build 22621 (10.0.22621.3672)
Time: Fri Aug  2 17:26:09 2024  Windows 11 , 64 bit Build 22621 (10.0.22621.3672) elapsed time: 6.316681 seconds (0d 0h 0m 6s)

---------------  T H R E A D  ---------------

Current thread (0x0000022c21746830):  JavaThread "C2 CompilerThread0" daemon [_thread_in_native, id=21916, stack(0x000000ab6a500000,0x000000ab6a600000)]


Current CompileTask:
C2:   6316 10452       4       com.sun.tools.javac.code.Type$UndetVar::notifyBoundChange (21 bytes)

Stack: [0x000000ab6a500000,0x000000ab6a600000]
Native frames: (J=compiled Java code, j=interpreted, Vv=VM code, C=native code)
V  [jvm.dll+0x6ee21a]
V  [jvm.dll+0x85765e]
V  [jvm.dll+0x85904e]
V  [jvm.dll+0x859703]
V  [jvm.dll+0x28298f]
V  [jvm.dll+0xc9adf]
V  [jvm.dll+0xc9e65]
V  [jvm.dll+0x3bca12]
V  [jvm.dll+0x3860e1]
V  [jvm.dll+0x38555a]
V  [jvm.dll+0x24c3d9]
V  [jvm.dll+0x24b781]
V  [jvm.dll+0x1d6ce1]
V  [jvm.dll+0x25b25a]
V  [jvm.dll+0x2596e8]
V  [jvm.dll+0x807588]
V  [jvm.dll+0x80125a]
V  [jvm.dll+0x6ecf0b]
C  [ucrtbase.dll+0x29333]
C  [KERNEL32.DLL+0x1257d]
C  [ntdll.dll+0x5af28]


---------------  P R O C E S S  ---------------

Threads class SMR info:
_java_thread_list=0x0000022c2b573280, length=23, elements={
0x0000022c7daaef10, 0x0000022c2171dfa0, 0x0000022c2171ed90, 0x0000022c21721b90,
0x0000022c217236d0, 0x0000022c21728120, 0x0000022c217293c0, 0x0000022c21746830,
0x0000022c217471a0, 0x0000022c2174e370, 0x0000022c25cab830, 0x0000022c25d32db0,
0x0000022c25d34e90, 0x0000022c25d37e40, 0x0000022c25dc6370, 0x0000022c25dc68b0,
0x0000022c261d84b0, 0x0000022c267fe6f0, 0x0000022c26245850, 0x0000022c26245dd0,
0x0000022c2732f230, 0x0000022c29724820, 0x0000022c2a866b40
}

Java Threads: ( => current thread )
  0x0000022c7daaef10 JavaThread "main" [_thread_in_native, id=6656, stack(0x000000ab69800000,0x000000ab69900000)]
  0x0000022c2171dfa0 JavaThread "Reference Handler" daemon [_thread_blocked, id=10572, stack(0x000000ab69f00000,0x000000ab6a000000)]
  0x0000022c2171ed90 JavaThread "Finalizer" daemon [_thread_blocked, id=11396, stack(0x000000ab6a000000,0x000000ab6a100000)]
  0x0000022c21721b90 JavaThread "Signal Dispatcher" daemon [_thread_blocked, id=9832, stack(0x000000ab6a100000,0x000000ab6a200000)]
  0x0000022c217236d0 JavaThread "Attach Listener" daemon [_thread_blocked, id=11312, stack(0x000000ab6a200000,0x000000ab6a300000)]
  0x0000022c21728120 JavaThread "Service Thread" daemon [_thread_blocked, id=4640, stack(0x000000ab6a300000,0x000000ab6a400000)]
  0x0000022c217293c0 JavaThread "Monitor Deflation Thread" daemon [_thread_blocked, id=18656, stack(0x000000ab6a400000,0x000000ab6a500000)]
=>0x0000022c21746830 JavaThread "C2 CompilerThread0" daemon [_thread_in_native, id=21916, stack(0x000000ab6a500000,0x000000ab6a600000)]
  0x0000022c217471a0 JavaThread "C1 CompilerThread0" daemon [_thread_blocked, id=12316, stack(0x000000ab6a600000,0x000000ab6a700000)]
  0x0000022c2174e370 JavaThread "Sweeper thread" daemon [_thread_blocked, id=9228, stack(0x000000ab6a700000,0x000000ab6a800000)]
  0x0000022c25cab830 JavaThread "C1 CompilerThread1" daemon [_thread_in_native, id=8872, stack(0x000000ab6a800000,0x000000ab6a900000)]
  0x0000022c25d32db0 JavaThread "Common-Cleaner" daemon [_thread_blocked, id=25436, stack(0x000000ab6a900000,0x000000ab6aa00000)]
  0x0000022c25d34e90 JavaThread "C1 CompilerThread2" daemon [_thread_blocked, id=15856, stack(0x000000ab6aa00000,0x000000ab6ab00000)]
  0x0000022c25d37e40 JavaThread "C1 CompilerThread3" daemon [_thread_in_vm, id=18336, stack(0x000000ab6ab00000,0x000000ab6ac00000)]
  0x0000022c25dc6370 JavaThread "Monitor Ctrl-Break" daemon [_thread_in_native, id=4460, stack(0x000000ab6ac00000,0x000000ab6ad00000)]
  0x0000022c25dc68b0 JavaThread "Notification Thread" daemon [_thread_blocked, id=12244, stack(0x000000ab6ad00000,0x000000ab6ae00000)]
  0x0000022c261d84b0 JavaThread "C2 CompilerThread1" daemon [_thread_in_native, id=4952, stack(0x000000ab6af00000,0x000000ab6b000000)]
  0x0000022c267fe6f0 JavaThread "C2 CompilerThread2" daemon [_thread_in_native, id=10204, stack(0x000000ab6b000000,0x000000ab6b100000)]
  0x0000022c26245850 JavaThread "C2 CompilerThread3" daemon [_thread_in_native, id=8436, stack(0x000000ab6b100000,0x000000ab6b200000)]
  0x0000022c26245dd0 JavaThread "C2 CompilerThread4" daemon [_thread_in_native, id=9248, stack(0x000000ab6b200000,0x000000ab6b300000)]
  0x0000022c2732f230 JavaThread "C2 CompilerThread5" daemon [_thread_in_native, id=8716, stack(0x000000ab6b300000,0x000000ab6b400000)]
  0x0000022c29724820 JavaThread "C2 CompilerThread6" daemon [_thread_in_native, id=8940, stack(0x000000ab6b400000,0x000000ab6b500000)]
  0x0000022c2a866b40 JavaThread "C2 CompilerThread7" daemon [_thread_in_native, id=16020, stack(0x000000ab6b500000,0x000000ab6b600000)]

Other Threads:
  0x0000022c2170bf80 VMThread "VM Thread" [stack: 0x000000ab69e00000,0x000000ab69f00000] [id=2292]
  0x0000022c25dca520 WatcherThread "VM Periodic Task Thread" [stack: 0x000000ab6ae00000,0x000000ab6af00000] [id=19532]
  0x0000022c7db218e0 WorkerThread "GC Thread#0" [stack: 0x000000ab69900000,0x000000ab69a00000] [id=1408]
  0x0000022c26109870 WorkerThread "GC Thread#1" [stack: 0x000000ab6b600000,0x000000ab6b700000] [id=14400]
  0x0000022c2610a0e0 WorkerThread "GC Thread#2" [stack: 0x000000ab6b700000,0x000000ab6b800000] [id=15300]
  0x0000022c2610ac20 WorkerThread "GC Thread#3" [stack: 0x000000ab6b800000,0x000000ab6b900000] [id=9768]
  0x0000022c26109b40 WorkerThread "GC Thread#4" [stack: 0x000000ab6b900000,0x000000ab6ba00000] [id=15772]
  0x0000022c26109e10 WorkerThread "GC Thread#5" [stack: 0x000000ab6ba00000,0x000000ab6bb00000] [id=4072]
  0x0000022c2610a3b0 WorkerThread "GC Thread#6" [stack: 0x000000ab6bb00000,0x000000ab6bc00000] [id=8984]
  0x0000022c2610a680 WorkerThread "GC Thread#7" [stack: 0x000000ab6bc00000,0x000000ab6bd00000] [id=7516]
  0x0000022c2724e140 WorkerThread "GC Thread#8" [stack: 0x000000ab6bd00000,0x000000ab6be00000] [id=24636]
  0x0000022c2724a630 WorkerThread "GC Thread#9" [stack: 0x000000ab6be00000,0x000000ab6bf00000] [id=3316]
  0x0000022c2724c250 WorkerThread "GC Thread#10" [stack: 0x000000ab6bf00000,0x000000ab6c000000] [id=11440]
  0x0000022c2724dba0 WorkerThread "GC Thread#11" [stack: 0x000000ab6c000000,0x000000ab6c100000] [id=12432]
  0x0000022c2724d600 WorkerThread "GC Thread#12" [stack: 0x000000ab6c100000,0x000000ab6c200000] [id=9968]
  0x0000022c7db33400 ConcurrentGCThread "G1 Main Marker" [stack: 0x000000ab69a00000,0x000000ab69b00000] [id=16952]
  0x0000022c7db33e30 WorkerThread "G1 Conc#0" [stack: 0x000000ab69b00000,0x000000ab69c00000] [id=23976]
  0x0000022c2724d8d0 WorkerThread "G1 Conc#1" [stack: 0x000000ab6c200000,0x000000ab6c300000] [id=4508]
  0x0000022c2724c520 WorkerThread "G1 Conc#2" [stack: 0x000000ab6c300000,0x000000ab6c400000] [id=6596]
  0x0000022c215c4200 ConcurrentGCThread "G1 Refine#0" [stack: 0x000000ab69c00000,0x000000ab69d00000] [id=6556]
  0x0000022c215c4d40 ConcurrentGCThread "G1 Service" [stack: 0x000000ab69d00000,0x000000ab69e00000] [id=18604]

Threads with active compile tasks:
C2 CompilerThread0     6328 10452       4       com.sun.tools.javac.code.Type$UndetVar::notifyBoundChange (21 bytes)
C1 CompilerThread1     6328 10980       2       com.sun.tools.javac.jvm.ClassWriter::writeCompoundAttribute (101 bytes)
C2 CompilerThread1     6328 10758       4       java.util.EnumMap$EntryIterator::next (43 bytes)
C2 CompilerThread2     6328 10468       4       com.sun.tools.javac.comp.Resolve$MethodResultInfo::check (95 bytes)
C2 CompilerThread3     6329 10825       4       com.sun.tools.javac.jvm.PoolWriter$WriteablePoolHelper::writeConstant (863 bytes)
C2 CompilerThread4     6329 10761       4       com.sun.tools.javac.comp.Infer$CheckBounds$$Lambda$279/0x0000000801353088::apply (12 bytes)
C2 CompilerThread5     6329 10919       4       com.sun.tools.javac.code.Type$UndetVar::dupTo (193 bytes)
C2 CompilerThread6     6329 10863       4       com.sun.tools.javac.code.Types$SignatureGenerator::assembleSig (525 bytes)
C2 CompilerThread7     6329 10964 %     4       lombok.bytecode.ClassFileMetaData::decodeString @ 15 (181 bytes)

VM state: not at safepoint (normal execution)

VM Mutex/Monitor currently owned by a thread: None

Heap address: 0x0000000705e00000, size: 4002 MB, Compressed Oops mode: Zero based, Oop shift amount: 3

CDS archive(s) mapped at: [0x0000000800000000-0x0000000800c40000-0x0000000800c40000), size 12845056, SharedBaseAddress: 0x0000000800000000, ArchiveRelocationMode: 0.
Compressed class space mapped at: 0x0000000801000000-0x0000000841000000, reserved size: 1073741824
Narrow klass base: 0x0000000800000000, Narrow klass shift: 0, Narrow klass range: 0x100000000

GC Precious Log:
 CardTable entry size: 512
 Card Set container configuration: InlinePtr #cards 4 size 8 Array Of Cards #cards 16 size 48 Howl #buckets 8 coarsen threshold 3686 Howl Bitmap #cards 512 size 80 coarsen threshold 460 Card regions per heap region 1 cards per card region 4096
 CPUs: 16 total, 16 available
 Memory: 16005M
 Large Page Support: Disabled
 NUMA Support: Disabled
 Compressed Oops: Enabled (Zero based)
 Heap Region Size: 2M
 Heap Min Capacity: 8M
 Heap Initial Capacity: 252M
 Heap Max Capacity: 4002M
 Pre-touch: Disabled
 Parallel Workers: 13
 Concurrent Workers: 3
 Concurrent Refinement Workers: 13
 Periodic GC: Disabled

Heap:
 garbage-first heap   total 282624K, used 188516K [0x0000000705e00000, 0x0000000800000000)
  region size 2048K, 67 young (137216K), 4 survivors (8192K)
 Metaspace       used 31825K, committed 32512K, reserved 1114112K
  class space    used 3250K, committed 3584K, reserved 1048576K

Heap Regions: E=young(eden), S=young(survivor), O=old, HS=humongous(starts), HC=humongous(continues), CS=collection set, F=free, OA=open archive, CA=closed archive, TAMS=top-at-mark-start (previous, next)
|   0|0x0000000705e00000, 0x0000000706000000, 0x0000000706000000|100%| O|  |TAMS 0x0000000706000000, 0x0000000705e00000| Untracked 
|   1|0x0000000706000000, 0x0000000706200000, 0x0000000706200000|100%| O|  |TAMS 0x0000000706200000, 0x0000000706000000| Untracked 
|   2|0x0000000706200000, 0x0000000706400000, 0x0000000706400000|100%| O|  |TAMS 0x0000000706400000, 0x0000000706200000| Untracked 
|   3|0x0000000706400000, 0x0000000706600000, 0x0000000706600000|100%| O|  |TAMS 0x0000000706600000, 0x0000000706400000| Untracked 
|   4|0x0000000706600000, 0x0000000706600000, 0x0000000706800000|  0%| F|  |TAMS 0x0000000706600000, 0x0000000706600000| Untracked 
|   5|0x0000000706800000, 0x0000000706a00000, 0x0000000706a00000|100%| O|  |TAMS 0x0000000706a00000, 0x0000000706800000| Untracked 
|   6|0x0000000706a00000, 0x0000000706c00000, 0x0000000706c00000|100%| O|  |TAMS 0x0000000706c00000, 0x0000000706a00000| Untracked 
|   7|0x0000000706c00000, 0x0000000706e00000, 0x0000000706e00000|100%| O|  |TAMS 0x0000000706e00000, 0x0000000706c00000| Untracked 
|   8|0x0000000706e00000, 0x0000000707000000, 0x0000000707000000|100%| O|  |TAMS 0x0000000707000000, 0x0000000706e00000| Untracked 
|   9|0x0000000707000000, 0x0000000707200000, 0x0000000707200000|100%| O|  |TAMS 0x0000000707200000, 0x0000000707000000| Untracked 
|  10|0x0000000707200000, 0x0000000707400000, 0x0000000707400000|100%| O|  |TAMS 0x0000000707400000, 0x0000000707200000| Untracked 
|  11|0x0000000707400000, 0x0000000707600000, 0x0000000707600000|100%| O|  |TAMS 0x0000000707400000, 0x0000000707400000| Untracked 
|  12|0x0000000707600000, 0x0000000707800000, 0x0000000707800000|100%| O|  |TAMS 0x0000000707600000, 0x0000000707600000| Untracked 
|  13|0x0000000707800000, 0x0000000707a00000, 0x0000000707a00000|100%|HS|  |TAMS 0x0000000707800000, 0x0000000707800000| Complete 
|  14|0x0000000707a00000, 0x0000000707c00000, 0x0000000707c00000|100%| O|  |TAMS 0x0000000707a00000, 0x0000000707a00000| Untracked 
|  15|0x0000000707c00000, 0x0000000707e00000, 0x0000000707e00000|100%| O|  |TAMS 0x0000000707c00000, 0x0000000707c00000| Untracked 
|  16|0x0000000707e00000, 0x0000000708000000, 0x0000000708000000|100%| O|  |TAMS 0x0000000707e00000, 0x0000000707e00000| Untracked 
|  17|0x0000000708000000, 0x0000000708200000, 0x0000000708200000|100%| O|  |TAMS 0x0000000708000000, 0x0000000708000000| Untracked 
|  18|0x0000000708200000, 0x00000007083d8a00, 0x0000000708400000| 92%| O|  |TAMS 0x0000000708200000, 0x0000000708200000| Untracked 
|  19|0x0000000708400000, 0x0000000708600000, 0x0000000708600000|100%|HS|  |TAMS 0x0000000708400000, 0x0000000708400000| Complete 
|  20|0x0000000708600000, 0x0000000708800000, 0x0000000708800000|100%|HC|  |TAMS 0x0000000708600000, 0x0000000708600000| Complete 
|  21|0x0000000708800000, 0x0000000708800000, 0x0000000708a00000|  0%| F|  |TAMS 0x0000000708800000, 0x0000000708800000| Untracked 
|  22|0x0000000708a00000, 0x0000000708a00000, 0x0000000708c00000|  0%| F|  |TAMS 0x0000000708a00000, 0x0000000708a00000| Untracked 
|  23|0x0000000708c00000, 0x0000000708c00000, 0x0000000708e00000|  0%| F|  |TAMS 0x0000000708c00000, 0x0000000708c00000| Untracked 
|  24|0x0000000708e00000, 0x0000000708e00000, 0x0000000709000000|  0%| F|  |TAMS 0x0000000708e00000, 0x0000000708e00000| Untracked 
|  25|0x0000000709000000, 0x0000000709000000, 0x0000000709200000|  0%| F|  |TAMS 0x0000000709000000, 0x0000000709000000| Untracked 
|  26|0x0000000709200000, 0x0000000709200000, 0x0000000709400000|  0%| F|  |TAMS 0x0000000709200000, 0x0000000709200000| Untracked 
|  27|0x0000000709400000, 0x0000000709400000, 0x0000000709600000|  0%| F|  |TAMS 0x0000000709400000, 0x0000000709400000| Untracked 
|  28|0x0000000709600000, 0x0000000709600000, 0x0000000709800000|  0%| F|  |TAMS 0x0000000709600000, 0x0000000709600000| Untracked 
|  29|0x0000000709800000, 0x0000000709800000, 0x0000000709a00000|  0%| F|  |TAMS 0x0000000709800000, 0x0000000709800000| Untracked 
|  30|0x0000000709a00000, 0x0000000709a00000, 0x0000000709c00000|  0%| F|  |TAMS 0x0000000709a00000, 0x0000000709a00000| Untracked 
|  31|0x0000000709c00000, 0x0000000709c00000, 0x0000000709e00000|  0%| F|  |TAMS 0x0000000709c00000, 0x0000000709c00000| Untracked 
|  32|0x0000000709e00000, 0x0000000709e00000, 0x000000070a000000|  0%| F|  |TAMS 0x0000000709e00000, 0x0000000709e00000| Untracked 
|  33|0x000000070a000000, 0x000000070a000000, 0x000000070a200000|  0%| F|  |TAMS 0x000000070a000000, 0x000000070a000000| Untracked 
|  34|0x000000070a200000, 0x000000070a200000, 0x000000070a400000|  0%| F|  |TAMS 0x000000070a200000, 0x000000070a200000| Untracked 
|  35|0x000000070a400000, 0x000000070a400000, 0x000000070a600000|  0%| F|  |TAMS 0x000000070a400000, 0x000000070a400000| Untracked 
|  36|0x000000070a600000, 0x000000070a600000, 0x000000070a800000|  0%| F|  |TAMS 0x000000070a600000, 0x000000070a600000| Untracked 
|  37|0x000000070a800000, 0x000000070a800000, 0x000000070aa00000|  0%| F|  |TAMS 0x000000070a800000, 0x000000070a800000| Untracked 
|  38|0x000000070aa00000, 0x000000070aa00000, 0x000000070ac00000|  0%| F|  |TAMS 0x000000070aa00000, 0x000000070aa00000| Untracked 
|  39|0x000000070ac00000, 0x000000070ac00000, 0x000000070ae00000|  0%| F|  |TAMS 0x000000070ac00000, 0x000000070ac00000| Untracked 
|  40|0x000000070ae00000, 0x000000070ae00000, 0x000000070b000000|  0%| F|  |TAMS 0x000000070ae00000, 0x000000070ae00000| Untracked 
|  41|0x000000070b000000, 0x000000070b000000, 0x000000070b200000|  0%| F|  |TAMS 0x000000070b000000, 0x000000070b000000| Untracked 
|  42|0x000000070b200000, 0x000000070b200000, 0x000000070b400000|  0%| F|  |TAMS 0x000000070b200000, 0x000000070b200000| Untracked 
|  43|0x000000070b400000, 0x000000070b400000, 0x000000070b600000|  0%| F|  |TAMS 0x000000070b400000, 0x000000070b400000| Untracked 
|  44|0x000000070b600000, 0x000000070b600000, 0x000000070b800000|  0%| F|  |TAMS 0x000000070b600000, 0x000000070b600000| Untracked 
|  45|0x000000070b800000, 0x000000070b800000, 0x000000070ba00000|  0%| F|  |TAMS 0x000000070b800000, 0x000000070b800000| Untracked 
|  46|0x000000070ba00000, 0x000000070ba00000, 0x000000070bc00000|  0%| F|  |TAMS 0x000000070ba00000, 0x000000070ba00000| Untracked 
|  47|0x000000070bc00000, 0x000000070bc00000, 0x000000070be00000|  0%| F|  |TAMS 0x000000070bc00000, 0x000000070bc00000| Untracked 
|  48|0x000000070be00000, 0x000000070be40660, 0x000000070c000000| 12%| S|CS|TAMS 0x000000070be00000, 0x000000070be00000| Complete 
|  49|0x000000070c000000, 0x000000070c200000, 0x000000070c200000|100%| S|CS|TAMS 0x000000070c000000, 0x000000070c000000| Complete 
|  50|0x000000070c200000, 0x000000070c400000, 0x000000070c400000|100%| S|CS|TAMS 0x000000070c200000, 0x000000070c200000| Complete 
|  51|0x000000070c400000, 0x000000070c600000, 0x000000070c600000|100%| S|CS|TAMS 0x000000070c400000, 0x000000070c400000| Complete 
|  52|0x000000070c600000, 0x000000070c600000, 0x000000070c800000|  0%| F|  |TAMS 0x000000070c600000, 0x000000070c600000| Untracked 
|  53|0x000000070c800000, 0x000000070c800000, 0x000000070ca00000|  0%| F|  |TAMS 0x000000070c800000, 0x000000070c800000| Untracked 
|  54|0x000000070ca00000, 0x000000070ca00000, 0x000000070cc00000|  0%| F|  |TAMS 0x000000070ca00000, 0x000000070ca00000| Untracked 
|  55|0x000000070cc00000, 0x000000070cc00000, 0x000000070ce00000|  0%| F|  |TAMS 0x000000070cc00000, 0x000000070cc00000| Untracked 
|  56|0x000000070ce00000, 0x000000070ce00000, 0x000000070d000000|  0%| F|  |TAMS 0x000000070ce00000, 0x000000070ce00000| Untracked 
|  57|0x000000070d000000, 0x000000070d000000, 0x000000070d200000|  0%| F|  |TAMS 0x000000070d000000, 0x000000070d000000| Untracked 
|  58|0x000000070d200000, 0x000000070d200000, 0x000000070d400000|  0%| F|  |TAMS 0x000000070d200000, 0x000000070d200000| Untracked 
|  59|0x000000070d400000, 0x000000070d400000, 0x000000070d600000|  0%| F|  |TAMS 0x000000070d400000, 0x000000070d400000| Untracked 
|  60|0x000000070d600000, 0x000000070d600000, 0x000000070d800000|  0%| F|  |TAMS 0x000000070d600000, 0x000000070d600000| Untracked 
|  61|0x000000070d800000, 0x000000070d800000, 0x000000070da00000|  0%| F|  |TAMS 0x000000070d800000, 0x000000070d800000| Untracked 
|  62|0x000000070da00000, 0x000000070da00000, 0x000000070dc00000|  0%| F|  |TAMS 0x000000070da00000, 0x000000070da00000| Untracked 
|  63|0x000000070dc00000, 0x000000070dc00000, 0x000000070de00000|  0%| F|  |TAMS 0x000000070dc00000, 0x000000070dc00000| Untracked 
|  64|0x000000070de00000, 0x000000070de00000, 0x000000070e000000|  0%| F|  |TAMS 0x000000070de00000, 0x000000070de00000| Untracked 
|  65|0x000000070e000000, 0x000000070e000000, 0x000000070e200000|  0%| F|  |TAMS 0x000000070e000000, 0x000000070e000000| Untracked 
|  66|0x000000070e200000, 0x000000070e200000, 0x000000070e400000|  0%| F|  |TAMS 0x000000070e200000, 0x000000070e200000| Untracked 
|  67|0x000000070e400000, 0x000000070e400000, 0x000000070e600000|  0%| F|  |TAMS 0x000000070e400000, 0x000000070e400000| Untracked 
|  68|0x000000070e600000, 0x000000070e702d18, 0x000000070e800000| 50%| E|  |TAMS 0x000000070e600000, 0x000000070e600000| Complete 
|  69|0x000000070e800000, 0x000000070ea00000, 0x000000070ea00000|100%| E|CS|TAMS 0x000000070e800000, 0x000000070e800000| Complete 
|  70|0x000000070ea00000, 0x000000070ec00000, 0x000000070ec00000|100%| E|CS|TAMS 0x000000070ea00000, 0x000000070ea00000| Complete 
|  71|0x000000070ec00000, 0x000000070ee00000, 0x000000070ee00000|100%| E|CS|TAMS 0x000000070ec00000, 0x000000070ec00000| Complete 
|  72|0x000000070ee00000, 0x000000070f000000, 0x000000070f000000|100%| E|CS|TAMS 0x000000070ee00000, 0x000000070ee00000| Complete 
|  73|0x000000070f000000, 0x000000070f200000, 0x000000070f200000|100%| E|CS|TAMS 0x000000070f000000, 0x000000070f000000| Complete 
|  74|0x000000070f200000, 0x000000070f400000, 0x000000070f400000|100%| E|CS|TAMS 0x000000070f200000, 0x000000070f200000| Complete 
|  75|0x000000070f400000, 0x000000070f600000, 0x000000070f600000|100%| E|CS|TAMS 0x000000070f400000, 0x000000070f400000| Complete 
|  76|0x000000070f600000, 0x000000070f800000, 0x000000070f800000|100%| E|CS|TAMS 0x000000070f600000, 0x000000070f600000| Complete 
|  77|0x000000070f800000, 0x000000070fa00000, 0x000000070fa00000|100%| E|CS|TAMS 0x000000070f800000, 0x000000070f800000| Complete 
|  78|0x000000070fa00000, 0x000000070fc00000, 0x000000070fc00000|100%| E|CS|TAMS 0x000000070fa00000, 0x000000070fa00000| Complete 
|  79|0x000000070fc00000, 0x000000070fe00000, 0x000000070fe00000|100%| E|CS|TAMS 0x000000070fc00000, 0x000000070fc00000| Complete 
|  80|0x000000070fe00000, 0x0000000710000000, 0x0000000710000000|100%| E|CS|TAMS 0x000000070fe00000, 0x000000070fe00000| Complete 
|  81|0x0000000710000000, 0x0000000710200000, 0x0000000710200000|100%| E|CS|TAMS 0x0000000710000000, 0x0000000710000000| Complete 
|  82|0x0000000710200000, 0x0000000710400000, 0x0000000710400000|100%| E|CS|TAMS 0x0000000710200000, 0x0000000710200000| Complete 
|  83|0x0000000710400000, 0x0000000710600000, 0x0000000710600000|100%| E|CS|TAMS 0x0000000710400000, 0x0000000710400000| Complete 
|  84|0x0000000710600000, 0x0000000710800000, 0x0000000710800000|100%| E|CS|TAMS 0x0000000710600000, 0x0000000710600000| Complete 
|  85|0x0000000710800000, 0x0000000710a00000, 0x0000000710a00000|100%| E|CS|TAMS 0x0000000710800000, 0x0000000710800000| Complete 
|  86|0x0000000710a00000, 0x0000000710c00000, 0x0000000710c00000|100%| E|CS|TAMS 0x0000000710a00000, 0x0000000710a00000| Complete 
|  87|0x0000000710c00000, 0x0000000710e00000, 0x0000000710e00000|100%| E|CS|TAMS 0x0000000710c00000, 0x0000000710c00000| Complete 
|  88|0x0000000710e00000, 0x0000000711000000, 0x0000000711000000|100%| E|CS|TAMS 0x0000000710e00000, 0x0000000710e00000| Complete 
|  89|0x0000000711000000, 0x0000000711200000, 0x0000000711200000|100%| E|CS|TAMS 0x0000000711000000, 0x0000000711000000| Complete 
|  90|0x0000000711200000, 0x0000000711400000, 0x0000000711400000|100%| E|CS|TAMS 0x0000000711200000, 0x0000000711200000| Complete 
|  91|0x0000000711400000, 0x0000000711600000, 0x0000000711600000|100%| E|CS|TAMS 0x0000000711400000, 0x0000000711400000| Complete 
|  92|0x0000000711600000, 0x0000000711800000, 0x0000000711800000|100%| E|CS|TAMS 0x0000000711600000, 0x0000000711600000| Complete 
|  93|0x0000000711800000, 0x0000000711a00000, 0x0000000711a00000|100%| E|CS|TAMS 0x0000000711800000, 0x0000000711800000| Complete 
|  94|0x0000000711a00000, 0x0000000711c00000, 0x0000000711c00000|100%| E|CS|TAMS 0x0000000711a00000, 0x0000000711a00000| Complete 
|  95|0x0000000711c00000, 0x0000000711e00000, 0x0000000711e00000|100%| E|CS|TAMS 0x0000000711c00000, 0x0000000711c00000| Complete 
|  96|0x0000000711e00000, 0x0000000712000000, 0x0000000712000000|100%| E|CS|TAMS 0x0000000711e00000, 0x0000000711e00000| Complete 
|  97|0x0000000712000000, 0x0000000712200000, 0x0000000712200000|100%| E|CS|TAMS 0x0000000712000000, 0x0000000712000000| Complete 
|  98|0x0000000712200000, 0x0000000712400000, 0x0000000712400000|100%| E|CS|TAMS 0x0000000712200000, 0x0000000712200000| Complete 
|  99|0x0000000712400000, 0x0000000712600000, 0x0000000712600000|100%| E|CS|TAMS 0x0000000712400000, 0x0000000712400000| Complete 
| 100|0x0000000712600000, 0x0000000712800000, 0x0000000712800000|100%| E|CS|TAMS 0x0000000712600000, 0x0000000712600000| Complete 
| 101|0x0000000712800000, 0x0000000712a00000, 0x0000000712a00000|100%| E|CS|TAMS 0x0000000712800000, 0x0000000712800000| Complete 
| 102|0x0000000712a00000, 0x0000000712c00000, 0x0000000712c00000|100%| E|CS|TAMS 0x0000000712a00000, 0x0000000712a00000| Complete 
| 103|0x0000000712c00000, 0x0000000712e00000, 0x0000000712e00000|100%| E|CS|TAMS 0x0000000712c00000, 0x0000000712c00000| Complete 
| 104|0x0000000712e00000, 0x0000000713000000, 0x0000000713000000|100%| E|CS|TAMS 0x0000000712e00000, 0x0000000712e00000| Complete 
| 105|0x0000000713000000, 0x0000000713200000, 0x0000000713200000|100%| E|CS|TAMS 0x0000000713000000, 0x0000000713000000| Complete 
| 106|0x0000000713200000, 0x0000000713400000, 0x0000000713400000|100%| E|CS|TAMS 0x0000000713200000, 0x0000000713200000| Complete 
| 107|0x0000000713400000, 0x0000000713600000, 0x0000000713600000|100%| E|CS|TAMS 0x0000000713400000, 0x0000000713400000| Complete 
| 108|0x0000000713600000, 0x0000000713800000, 0x0000000713800000|100%| E|CS|TAMS 0x0000000713600000, 0x0000000713600000| Complete 
| 109|0x0000000713800000, 0x0000000713a00000, 0x0000000713a00000|100%| E|CS|TAMS 0x0000000713800000, 0x0000000713800000| Complete 
| 110|0x0000000713a00000, 0x0000000713c00000, 0x0000000713c00000|100%| E|CS|TAMS 0x0000000713a00000, 0x0000000713a00000| Complete 
| 111|0x0000000713c00000, 0x0000000713e00000, 0x0000000713e00000|100%| E|CS|TAMS 0x0000000713c00000, 0x0000000713c00000| Complete 
| 112|0x0000000713e00000, 0x0000000714000000, 0x0000000714000000|100%| E|CS|TAMS 0x0000000713e00000, 0x0000000713e00000| Complete 
| 113|0x0000000714000000, 0x0000000714200000, 0x0000000714200000|100%| E|CS|TAMS 0x0000000714000000, 0x0000000714000000| Complete 
| 114|0x0000000714200000, 0x0000000714400000, 0x0000000714400000|100%| E|CS|TAMS 0x0000000714200000, 0x0000000714200000| Complete 
| 115|0x0000000714400000, 0x0000000714600000, 0x0000000714600000|100%| E|CS|TAMS 0x0000000714400000, 0x0000000714400000| Complete 
| 116|0x0000000714600000, 0x0000000714800000, 0x0000000714800000|100%| E|CS|TAMS 0x0000000714600000, 0x0000000714600000| Complete 
| 117|0x0000000714800000, 0x0000000714a00000, 0x0000000714a00000|100%| E|CS|TAMS 0x0000000714800000, 0x0000000714800000| Complete 
| 118|0x0000000714a00000, 0x0000000714c00000, 0x0000000714c00000|100%| E|CS|TAMS 0x0000000714a00000, 0x0000000714a00000| Complete 
| 119|0x0000000714c00000, 0x0000000714e00000, 0x0000000714e00000|100%| E|CS|TAMS 0x0000000714c00000, 0x0000000714c00000| Complete 
| 120|0x0000000714e00000, 0x0000000715000000, 0x0000000715000000|100%| E|CS|TAMS 0x0000000714e00000, 0x0000000714e00000| Complete 
| 121|0x0000000715000000, 0x0000000715200000, 0x0000000715200000|100%| E|CS|TAMS 0x0000000715000000, 0x0000000715000000| Complete 
| 122|0x0000000715200000, 0x0000000715400000, 0x0000000715400000|100%| E|CS|TAMS 0x0000000715200000, 0x0000000715200000| Complete 
| 123|0x0000000715400000, 0x0000000715600000, 0x0000000715600000|100%| E|CS|TAMS 0x0000000715400000, 0x0000000715400000| Complete 
| 124|0x0000000715600000, 0x0000000715800000, 0x0000000715800000|100%| E|CS|TAMS 0x0000000715600000, 0x0000000715600000| Complete 
| 125|0x0000000715800000, 0x0000000715a00000, 0x0000000715a00000|100%| E|CS|TAMS 0x0000000715800000, 0x0000000715800000| Complete 
| 126|0x0000000715a00000, 0x0000000715c00000, 0x0000000715c00000|100%| E|CS|TAMS 0x0000000715a00000, 0x0000000715a00000| Complete 
| 127|0x0000000715c00000, 0x0000000715e00000, 0x0000000715e00000|100%| E|CS|TAMS 0x0000000715c00000, 0x0000000715c00000| Complete 
| 128|0x0000000715e00000, 0x0000000716000000, 0x0000000716000000|100%| E|CS|TAMS 0x0000000715e00000, 0x0000000715e00000| Complete 
| 129|0x0000000716000000, 0x0000000716200000, 0x0000000716200000|100%| E|CS|TAMS 0x0000000716000000, 0x0000000716000000| Complete 
| 130|0x0000000716200000, 0x0000000716400000, 0x0000000716400000|100%| E|CS|TAMS 0x0000000716200000, 0x0000000716200000| Complete 
|1994|0x00000007ff200000, 0x00000007ff400000, 0x00000007ff400000|100%| O|  |TAMS 0x00000007ff400000, 0x00000007ff200000| Untracked 
|1995|0x00000007ff400000, 0x00000007ff600000, 0x00000007ff600000|100%| O|  |TAMS 0x00000007ff600000, 0x00000007ff400000| Untracked 
|1996|0x00000007ff600000, 0x00000007ff800000, 0x00000007ff800000|100%| O|  |TAMS 0x00000007ff800000, 0x00000007ff600000| Untracked 
|1997|0x00000007ff800000, 0x00000007ffa00000, 0x00000007ffa00000|100%| O|  |TAMS 0x00000007ffa00000, 0x00000007ff800000| Untracked 
|1998|0x00000007ffa00000, 0x00000007ffc00000, 0x00000007ffc00000|100%| O|  |TAMS 0x00000007ffc00000, 0x00000007ffa00000| Untracked 
|1999|0x00000007ffc00000, 0x00000007ffe00000, 0x00000007ffe00000|100%| O|  |TAMS 0x00000007ffe00000, 0x00000007ffc00000| Untracked 
|2000|0x00000007ffe00000, 0x0000000800000000, 0x0000000800000000|100%| O|  |TAMS 0x0000000800000000, 0x00000007ffe00000| Untracked 

Card table byte_map: [0x0000022c7ebd0000,0x0000022c7f3b0000] _byte_map_base: 0x0000022c7b3a1000

Marking Bits (Prev, Next): (CMBitMap*) 0x0000022c7db21f10, (CMBitMap*) 0x0000022c7db21f50
 Prev Bits: [0x0000022c16ea0000, 0x0000022c1ad28000)
 Next Bits: [0x0000022c1ad30000, 0x0000022c1ebb8000)

Polling page: 0x0000022c7d270000

Metaspace:

Usage:
  Non-class:     27.92 MB used.
      Class:      3.17 MB used.
       Both:     31.09 MB used.

Virtual space:
  Non-class space:       64.00 MB reserved,      28.25 MB ( 44%) committed,  1 nodes.
      Class space:        1.00 GB reserved,       3.50 MB ( <1%) committed,  1 nodes.
             Both:        1.06 GB reserved,      31.75 MB (  3%) committed. 

Chunk freelists:
   Non-Class:  3.34 MB
       Class:  496.00 KB
        Both:  3.83 MB

MaxMetaspaceSize: unlimited
CompressedClassSpaceSize: 1.00 GB
Initial GC threshold: 21.00 MB
Current GC threshold: 41.50 MB
CDS: on
MetaspaceReclaimPolicy: balanced
 - commit_granule_bytes: 65536.
 - commit_granule_words: 8192.
 - virtual_space_node_default_size: 8388608.
 - enlarge_chunks_in_place: 1.
 - new_chunks_are_fully_committed: 0.
 - uncommit_free_chunks: 1.
 - use_allocation_guard: 0.


Internal statistics:

num_allocs_failed_limit: 3.
num_arena_births: 756.
num_arena_deaths: 0.
num_vsnodes_births: 2.
num_vsnodes_deaths: 0.
num_space_committed: 508.
num_space_uncommitted: 0.
num_chunks_returned_to_freelist: 3.
num_chunks_taken_from_freelist: 2021.
num_chunk_merges: 3.
num_chunk_splits: 1382.
num_chunks_enlarged: 948.
num_inconsistent_stats: 0.

CodeHeap 'non-profiled nmethods': size=119168Kb used=6821Kb max_used=6821Kb free=112346Kb
 bounds [0x0000022c0fa40000, 0x0000022c100f0000, 0x0000022c16ea0000]
CodeHeap 'profiled nmethods': size=119104Kb used=21754Kb max_used=21754Kb free=97349Kb
 bounds [0x0000022c07ea0000, 0x0000022c093e0000, 0x0000022c0f2f0000]
CodeHeap 'non-nmethods': size=7488Kb used=3009Kb max_used=3124Kb free=4478Kb
 bounds [0x0000022c0f2f0000, 0x0000022c0f610000, 0x0000022c0fa40000]
 total_blobs=9924 nmethods=9378 adapters=453
 compilation: enabled
              stopped_count=0, restarted_count=0
 full_count=0

Compilation events (20 events):
Event: 6.306 Thread 0x0000022c25cab830 10961       2       com.sun.tools.javac.util.Bits::excludeFrom (54 bytes)
Event: 6.307 Thread 0x0000022c25cab830 nmethod 10961 0x0000022c093d5310 code [0x0000022c093d5500, 0x0000022c093d5948]
Event: 6.308 Thread 0x0000022c25d37e40 10963       3       java.io.ByteArrayOutputStream::<init> (7 bytes)
Event: 6.308 Thread 0x0000022c25d37e40 nmethod 10963 0x0000022c093d5b90 code [0x0000022c093d5d40, 0x0000022c093d5e88]
Event: 6.309 Thread 0x0000022c25d37e40 10965       2       com.sun.tools.javac.code.Types::firstUnimplementedAbstractImpl (280 bytes)
Event: 6.309 Thread 0x0000022c217471a0 10966       2       com.sun.tools.javac.comp.Resolve$15::doLookup (33 bytes)
Event: 6.309 Thread 0x0000022c25d34e90 10968       2       com.sun.tools.javac.comp.Resolve::findDiamond (232 bytes)
Event: 6.309 Thread 0x0000022c25cab830 10967       2       com.sun.tools.javac.comp.Resolve::findDiamond (65 bytes)
Event: 6.309 Thread 0x0000022c217471a0 nmethod 10966 0x0000022c093d5f10 code [0x0000022c093d60c0, 0x0000022c093d6248]
Event: 6.310 Thread 0x0000022c217471a0 10969       2       com.sun.tools.javac.comp.Resolve$15::access (127 bytes)
Event: 6.310 Thread 0x0000022c25cab830 nmethod 10967 0x0000022c093d6390 code [0x0000022c093d6580, 0x0000022c093d68f8]
Event: 6.311 Thread 0x0000022c25d37e40 nmethod 10965 0x0000022c093d6c10 code [0x0000022c093d6ec0, 0x0000022c093d77a8]
Event: 6.311 Thread 0x0000022c217471a0 nmethod 10969 0x0000022c093d7e90 code [0x0000022c093d8080, 0x0000022c093d8488]
Event: 6.311 Thread 0x0000022c25d34e90 nmethod 10968 0x0000022c093d8710 code [0x0000022c093d89c0, 0x0000022c093d9458]
Event: 6.312 Thread 0x0000022c2a866b40 nmethod 10957 0x0000022c100e1390 code [0x0000022c100e1540, 0x0000022c100e1888]
Event: 6.312 Thread 0x0000022c2a866b40 10964 %     4       lombok.bytecode.ClassFileMetaData::decodeString @ 15 (181 bytes)
Event: 6.312 Thread 0x0000022c26245dd0 nmethod 10862 0x0000022c100dff90 code [0x0000022c100e01a0, 0x0000022c100e0c48]
Event: 6.313 Thread 0x0000022c29724820 nmethod 10956 0x0000022c100e1b90 code [0x0000022c100e1d40, 0x0000022c100e2048]
Event: 6.313 Thread 0x0000022c29724820 10817       4       com.sun.tools.javac.comp.Operators$BinaryOperatorHelper::isBinaryOperatorApplicable (62 bytes)
Event: 6.314 Thread 0x0000022c26245dd0 10760       4       java.util.EnumMap$EntryIterator$Entry::getValue (30 bytes)

GC Heap History (20 events):
Event: 3.077 GC heap before
{Heap before GC invocations=8 (full 0):
 garbage-first heap   total 75776K, used 55206K [0x0000000705e00000, 0x0000000800000000)
  region size 2048K, 9 young (18432K), 2 survivors (4096K)
 Metaspace       used 25012K, committed 25472K, reserved 1114112K
  class space    used 2647K, committed 2880K, reserved 1048576K
}
Event: 3.081 GC heap after
{Heap after GC invocations=9 (full 0):
 garbage-first heap   total 141312K, used 43612K [0x0000000705e00000, 0x0000000800000000)
  region size 2048K, 2 young (4096K), 2 survivors (4096K)
 Metaspace       used 25012K, committed 25472K, reserved 1114112K
  class space    used 2647K, committed 2880K, reserved 1048576K
}
Event: 3.532 GC heap before
{Heap before GC invocations=10 (full 0):
 garbage-first heap   total 141312K, used 98908K [0x0000000705e00000, 0x0000000800000000)
  region size 2048K, 29 young (59392K), 2 survivors (4096K)
 Metaspace       used 26448K, committed 26944K, reserved 1114112K
  class space    used 2760K, committed 3008K, reserved 1048576K
}
Event: 3.538 GC heap after
{Heap after GC invocations=11 (full 0):
 garbage-first heap   total 141312K, used 51853K [0x0000000705e00000, 0x0000000800000000)
  region size 2048K, 4 young (8192K), 4 survivors (8192K)
 Metaspace       used 26448K, committed 26944K, reserved 1114112K
  class space    used 2760K, committed 3008K, reserved 1048576K
}
Event: 3.551 GC heap before
{Heap before GC invocations=11 (full 0):
 garbage-first heap   total 141312K, used 53901K [0x0000000705e00000, 0x0000000800000000)
  region size 2048K, 5 young (10240K), 4 survivors (8192K)
 Metaspace       used 26529K, committed 27008K, reserved 1114112K
  class space    used 2774K, committed 3008K, reserved 1048576K
}
Event: 3.556 GC heap after
{Heap after GC invocations=12 (full 0):
 garbage-first heap   total 141312K, used 52350K [0x0000000705e00000, 0x0000000800000000)
  region size 2048K, 1 young (2048K), 1 survivors (2048K)
 Metaspace       used 26529K, committed 27008K, reserved 1114112K
  class space    used 2774K, committed 3008K, reserved 1048576K
}
Event: 3.907 GC heap before
{Heap before GC invocations=12 (full 0):
 garbage-first heap   total 141312K, used 101502K [0x0000000705e00000, 0x0000000800000000)
  region size 2048K, 26 young (53248K), 1 survivors (2048K)
 Metaspace       used 27677K, committed 28224K, reserved 1114112K
  class space    used 2879K, committed 3136K, reserved 1048576K
}
Event: 3.909 GC heap after
{Heap after GC invocations=13 (full 0):
 garbage-first heap   total 141312K, used 52098K [0x0000000705e00000, 0x0000000800000000)
  region size 2048K, 1 young (2048K), 1 survivors (2048K)
 Metaspace       used 27677K, committed 28224K, reserved 1114112K
  class space    used 2879K, committed 3136K, reserved 1048576K
}
Event: 3.992 GC heap before
{Heap before GC invocations=13 (full 0):
 garbage-first heap   total 141312K, used 103298K [0x0000000705e00000, 0x0000000800000000)
  region size 2048K, 27 young (55296K), 1 survivors (2048K)
 Metaspace       used 27732K, committed 28224K, reserved 1114112K
  class space    used 2885K, committed 3136K, reserved 1048576K
}
Event: 3.993 GC heap after
{Heap after GC invocations=14 (full 0):
 garbage-first heap   total 141312K, used 51707K [0x0000000705e00000, 0x0000000800000000)
  region size 2048K, 1 young (2048K), 1 survivors (2048K)
 Metaspace       used 27732K, committed 28224K, reserved 1114112K
  class space    used 2885K, committed 3136K, reserved 1048576K
}
Event: 4.271 GC heap before
{Heap before GC invocations=14 (full 0):
 garbage-first heap   total 141312K, used 109051K [0x0000000705e00000, 0x0000000800000000)
  region size 2048K, 29 young (59392K), 1 survivors (2048K)
 Metaspace       used 28443K, committed 28992K, reserved 1114112K
  class space    used 2971K, committed 3264K, reserved 1048576K
}
Event: 4.274 GC heap after
{Heap after GC invocations=15 (full 0):
 garbage-first heap   total 141312K, used 53011K [0x0000000705e00000, 0x0000000800000000)
  region size 2048K, 1 young (2048K), 1 survivors (2048K)
 Metaspace       used 28443K, committed 28992K, reserved 1114112K
  class space    used 2971K, committed 3264K, reserved 1048576K
}
Event: 4.405 GC heap before
{Heap before GC invocations=15 (full 0):
 garbage-first heap   total 141312K, used 112403K [0x0000000705e00000, 0x0000000800000000)
  region size 2048K, 30 young (61440K), 1 survivors (2048K)
 Metaspace       used 28607K, committed 29184K, reserved 1114112K
  class space    used 2978K, committed 3264K, reserved 1048576K
}
Event: 4.408 GC heap after
{Heap after GC invocations=16 (full 0):
 garbage-first heap   total 141312K, used 54080K [0x0000000705e00000, 0x0000000800000000)
  region size 2048K, 2 young (4096K), 2 survivors (4096K)
 Metaspace       used 28607K, committed 29184K, reserved 1114112K
  class space    used 2978K, committed 3264K, reserved 1048576K
}
Event: 4.513 GC heap before
{Heap before GC invocations=16 (full 0):
 garbage-first heap   total 141312K, used 113472K [0x0000000705e00000, 0x0000000800000000)
  region size 2048K, 31 young (63488K), 2 survivors (4096K)
 Metaspace       used 28663K, committed 29184K, reserved 1114112K
  class space    used 2980K, committed 3264K, reserved 1048576K
}
Event: 4.518 GC heap after
{Heap after GC invocations=17 (full 0):
 garbage-first heap   total 141312K, used 55119K [0x0000000705e00000, 0x0000000800000000)
  region size 2048K, 2 young (4096K), 2 survivors (4096K)
 Metaspace       used 28663K, committed 29184K, reserved 1114112K
  class space    used 2980K, committed 3264K, reserved 1048576K
}
Event: 4.663 GC heap before
{Heap before GC invocations=17 (full 0):
 garbage-first heap   total 141312K, used 116559K [0x0000000705e00000, 0x0000000800000000)
  region size 2048K, 32 young (65536K), 2 survivors (4096K)
 Metaspace       used 28769K, committed 29312K, reserved 1114112K
  class space    used 2980K, committed 3264K, reserved 1048576K
}
Event: 4.669 GC heap after
{Heap after GC invocations=18 (full 0):
 garbage-first heap   total 282624K, used 55370K [0x0000000705e00000, 0x0000000800000000)
  region size 2048K, 3 young (6144K), 3 survivors (6144K)
 Metaspace       used 28769K, committed 29312K, reserved 1114112K
  class space    used 2980K, committed 3264K, reserved 1048576K
}
Event: 5.768 GC heap before
{Heap before GC invocations=18 (full 0):
 garbage-first heap   total 282624K, used 217162K [0x0000000705e00000, 0x0000000800000000)
  region size 2048K, 82 young (167936K), 3 survivors (6144K)
 Metaspace       used 31480K, committed 32064K, reserved 1114112K
  class space    used 3237K, committed 3520K, reserved 1048576K
}
Event: 5.772 GC heap after
{Heap after GC invocations=19 (full 0):
 garbage-first heap   total 282624K, used 57444K [0x0000000705e00000, 0x0000000800000000)
  region size 2048K, 4 young (8192K), 4 survivors (8192K)
 Metaspace       used 31480K, committed 32064K, reserved 1114112K
  class space    used 3237K, committed 3520K, reserved 1048576K
}

Dll operation events (12 events):
Event: 0.005 Loaded shared library C:\Program Files\Java\jdk-19\bin\java.dll
Event: 0.011 Loaded shared library C:\Program Files\Java\jdk-19\bin\jsvml.dll
Event: 0.039 Loaded shared library C:\Program Files\Java\jdk-19\bin\zip.dll
Event: 0.040 Loaded shared library C:\Program Files\Java\jdk-19\bin\instrument.dll
Event: 0.043 Loaded shared library C:\Program Files\Java\jdk-19\bin\net.dll
Event: 0.044 Loaded shared library C:\Program Files\Java\jdk-19\bin\nio.dll
Event: 0.046 Loaded shared library C:\Program Files\Java\jdk-19\bin\zip.dll
Event: 0.055 Loaded shared library C:\Program Files\JetBrains\IntelliJ IDEA 2022.1.2\bin\breakgen64.dll
Event: 0.061 Loaded shared library C:\Program Files\Java\jdk-19\bin\extnet.dll
Event: 0.123 Loaded shared library C:\Program Files\Java\jdk-19\bin\jimage.dll
Event: 0.213 Loaded shared library C:\Users\99293\AppData\Local\Temp\jansi-2.4.0-39f7218685a33f2c-jansi.dll
Event: 0.220 Loaded shared library C:\Program Files\Java\jdk-19\bin\verify.dll

Deoptimization events (20 events):
Event: 6.280 Thread 0x0000022c7daaef10 Uncommon trap: trap_request=0xffffffc6 fr.pc=0x0000022c0ff9091c relative=0x00000000000012bc
Event: 6.280 Thread 0x0000022c7daaef10 Uncommon trap: reason=bimorphic_or_optimized_type_check action=maybe_recompile pc=0x0000022c0ff9091c method=java.util.stream.AbstractPipeline.wrapSink(Ljava/util/stream/Sink;)Ljava/util/stream/Sink; @ 23 c2
Event: 6.280 Thread 0x0000022c7daaef10 DEOPT PACKING pc=0x0000022c0ff9091c sp=0x000000ab698fcfd0
Event: 6.280 Thread 0x0000022c7daaef10 DEOPT UNPACKING pc=0x0000022c0f356da3 sp=0x000000ab698fcf30 mode 2
Event: 6.281 Thread 0x0000022c7daaef10 Uncommon trap: trap_request=0xffffffc6 fr.pc=0x0000022c0fb1243c relative=0x000000000000019c
Event: 6.281 Thread 0x0000022c7daaef10 Uncommon trap: reason=bimorphic_or_optimized_type_check action=maybe_recompile pc=0x0000022c0fb1243c method=java.util.stream.AbstractPipeline.<init>(Ljava/util/stream/AbstractPipeline;I)V @ 66 c2
Event: 6.281 Thread 0x0000022c7daaef10 DEOPT PACKING pc=0x0000022c0fb1243c sp=0x000000ab698fd550
Event: 6.281 Thread 0x0000022c7daaef10 DEOPT UNPACKING pc=0x0000022c0f356da3 sp=0x000000ab698fd518 mode 2
Event: 6.281 Thread 0x0000022c7daaef10 Uncommon trap: trap_request=0xffffffc6 fr.pc=0x0000022c0ff9091c relative=0x00000000000012bc
Event: 6.282 Thread 0x0000022c7daaef10 Uncommon trap: reason=bimorphic_or_optimized_type_check action=maybe_recompile pc=0x0000022c0ff9091c method=java.util.stream.AbstractPipeline.wrapSink(Ljava/util/stream/Sink;)Ljava/util/stream/Sink; @ 23 c2
Event: 6.282 Thread 0x0000022c7daaef10 DEOPT PACKING pc=0x0000022c0ff9091c sp=0x000000ab698fd580
Event: 6.282 Thread 0x0000022c7daaef10 DEOPT UNPACKING pc=0x0000022c0f356da3 sp=0x000000ab698fd4e0 mode 2
Event: 6.290 Thread 0x0000022c7daaef10 Uncommon trap: trap_request=0xffffff45 fr.pc=0x0000022c1001bab8 relative=0x0000000000000978
Event: 6.290 Thread 0x0000022c7daaef10 Uncommon trap: reason=unstable_if action=reinterpret pc=0x0000022c1001bab8 method=lombok.bytecode.ClassFileMetaData.decodeString(II)Ljava/lang/String; @ 61 c2
Event: 6.290 Thread 0x0000022c7daaef10 DEOPT PACKING pc=0x0000022c1001bab8 sp=0x000000ab698fd9a0
Event: 6.290 Thread 0x0000022c7daaef10 DEOPT UNPACKING pc=0x0000022c0f356da3 sp=0x000000ab698fd938 mode 2
Event: 6.299 Thread 0x0000022c7daaef10 Uncommon trap: trap_request=0xffffffc6 fr.pc=0x0000022c0ff908ec relative=0x000000000000128c
Event: 6.299 Thread 0x0000022c7daaef10 Uncommon trap: reason=bimorphic_or_optimized_type_check action=maybe_recompile pc=0x0000022c0ff908ec method=java.util.stream.AbstractPipeline.copyInto(Ljava/util/stream/Sink;Ljava/util/Spliterator;)V @ 20 c2
Event: 6.299 Thread 0x0000022c7daaef10 DEOPT PACKING pc=0x0000022c0ff908ec sp=0x000000ab698fbf60
Event: 6.299 Thread 0x0000022c7daaef10 DEOPT UNPACKING pc=0x0000022c0f356da3 sp=0x000000ab698fbed0 mode 2

Classes loaded (20 events):
Event: 5.056 Loading class java/nio/file/Path$1
Event: 5.056 Loading class java/nio/file/Path$1 done
Event: 5.095 Loading class java/util/EnumMap$EntrySet
Event: 5.095 Loading class java/util/EnumMap$EntrySet done
Event: 5.095 Loading class java/util/EnumMap$EntryIterator
Event: 5.095 Loading class java/util/EnumMap$EnumMapIterator
Event: 5.095 Loading class java/util/EnumMap$EnumMapIterator done
Event: 5.095 Loading class java/util/EnumMap$EntryIterator done
Event: 5.095 Loading class java/util/EnumMap$EntryIterator$Entry
Event: 5.095 Loading class java/util/EnumMap$EntryIterator$Entry done
Event: 5.317 Loading class java/util/stream/ReduceOps$2
Event: 5.317 Loading class java/util/stream/ReduceOps$2 done
Event: 5.318 Loading class java/util/stream/ReduceOps$2ReducingSink
Event: 5.318 Loading class java/util/stream/ReduceOps$2ReducingSink done
Event: 5.335 Loading class java/io/DataOutputStream
Event: 5.335 Loading class java/io/DataOutputStream done
Event: 5.350 Loading class java/lang/invoke/MethodHandleImpl$CountingWrapper
Event: 5.350 Loading class java/lang/invoke/MethodHandleImpl$CountingWrapper done
Event: 5.747 Loading class java/lang/invoke/MethodHandleImpl$CountingWrapper$1
Event: 5.747 Loading class java/lang/invoke/MethodHandleImpl$CountingWrapper$1 done

Classes unloaded (0 events):
No events

Classes redefined (0 events):
No events

Internal exceptions (20 events):
Event: 6.303 Thread 0x0000022c7daaef10 Exception <a 'sun/nio/fs/WindowsException'{0x000000070eff7f80}> (0x000000070eff7f80) 
thrown [s\open\src\hotspot\share\prims\jni.cpp, line 517]
Event: 6.303 Thread 0x0000022c7daaef10 Exception <a 'sun/nio/fs/WindowsException'{0x000000070eff8640}> (0x000000070eff8640) 
thrown [s\open\src\hotspot\share\prims\jni.cpp, line 517]
Event: 6.303 Thread 0x0000022c7daaef10 Exception <a 'sun/nio/fs/WindowsException'{0x000000070eff9420}> (0x000000070eff9420) 
thrown [s\open\src\hotspot\share\prims\jni.cpp, line 517]
Event: 6.308 Thread 0x0000022c7daaef10 Exception <a 'sun/nio/fs/WindowsException'{0x000000070eda0428}> (0x000000070eda0428) 
thrown [s\open\src\hotspot\share\prims\jni.cpp, line 517]
Event: 6.308 Thread 0x0000022c7daaef10 Exception <a 'sun/nio/fs/WindowsException'{0x000000070eda0af0}> (0x000000070eda0af0) 
thrown [s\open\src\hotspot\share\prims\jni.cpp, line 517]
Event: 6.308 Thread 0x0000022c7daaef10 Exception <a 'sun/nio/fs/WindowsException'{0x000000070eda1918}> (0x000000070eda1918) 
thrown [s\open\src\hotspot\share\prims\jni.cpp, line 517]
Event: 6.309 Thread 0x0000022c7daaef10 Exception <a 'sun/nio/fs/WindowsException'{0x000000070edea500}> (0x000000070edea500) 
thrown [s\open\src\hotspot\share\prims\jni.cpp, line 517]
Event: 6.309 Thread 0x0000022c7daaef10 Exception <a 'sun/nio/fs/WindowsException'{0x000000070edeabb0}> (0x000000070edeabb0) 
thrown [s\open\src\hotspot\share\prims\jni.cpp, line 517]
Event: 6.309 Thread 0x0000022c7daaef10 Exception <a 'sun/nio/fs/WindowsException'{0x000000070edeb908}> (0x000000070edeb908) 
thrown [s\open\src\hotspot\share\prims\jni.cpp, line 517]
Event: 6.309 Thread 0x0000022c7daaef10 Exception <a 'sun/nio/fs/WindowsException'{0x000000070edec060}> (0x000000070edec060) 
thrown [s\open\src\hotspot\share\prims\jni.cpp, line 517]
Event: 6.311 Thread 0x0000022c7daaef10 Exception <a 'sun/nio/fs/WindowsException'{0x000000070ea02800}> (0x000000070ea02800) 
thrown [s\open\src\hotspot\share\prims\jni.cpp, line 517]
Event: 6.311 Thread 0x0000022c7daaef10 Exception <a 'sun/nio/fs/WindowsException'{0x000000070ea02ee0}> (0x000000070ea02ee0) 
thrown [s\open\src\hotspot\share\prims\jni.cpp, line 517]
Event: 6.311 Thread 0x0000022c7daaef10 Exception <a 'sun/nio/fs/WindowsException'{0x000000070ea03dd0}> (0x000000070ea03dd0) 
thrown [s\open\src\hotspot\share\prims\jni.cpp, line 517]
Event: 6.313 Thread 0x0000022c7daaef10 Exception <a 'sun/nio/fs/WindowsException'{0x000000070ea411c0}> (0x000000070ea411c0) 
thrown [s\open\src\hotspot\share\prims\jni.cpp, line 517]
Event: 6.313 Thread 0x0000022c7daaef10 Exception <a 'sun/nio/fs/WindowsException'{0x000000070ea418a0}> (0x000000070ea418a0) 
thrown [s\open\src\hotspot\share\prims\jni.cpp, line 517]
Event: 6.313 Thread 0x0000022c7daaef10 Exception <a 'sun/nio/fs/WindowsException'{0x000000070ea42790}> (0x000000070ea42790) 
thrown [s\open\src\hotspot\share\prims\jni.cpp, line 517]
Event: 6.314 Thread 0x0000022c7daaef10 Exception <a 'sun/nio/fs/WindowsException'{0x000000070ea5c1b0}> (0x000000070ea5c1b0) 
thrown [s\open\src\hotspot\share\prims\jni.cpp, line 517]
Event: 6.314 Thread 0x0000022c7daaef10 Exception <a 'sun/nio/fs/WindowsException'{0x000000070ea5c898}> (0x000000070ea5c898) 
thrown [s\open\src\hotspot\share\prims\jni.cpp, line 517]
Event: 6.314 Thread 0x0000022c7daaef10 Exception <a 'sun/nio/fs/WindowsException'{0x000000070ea5d7d0}> (0x000000070ea5d7d0) 
thrown [s\open\src\hotspot\share\prims\jni.cpp, line 517]
Event: 6.314 Thread 0x0000022c7daaef10 Exception <a 'sun/nio/fs/WindowsException'{0x000000070ea5df30}> (0x000000070ea5df30) 
thrown [s\open\src\hotspot\share\prims\jni.cpp, line 517]

VM Operations (20 events):
Event: 5.625 Executing VM operation: HandshakeAllThreads
Event: 5.632 Executing VM operation: HandshakeAllThreads done
Event: 5.650 Executing VM operation: ICBufferFull
Event: 5.651 Executing VM operation: ICBufferFull done
Event: 5.707 Executing VM operation: ICBufferFull
Event: 5.707 Executing VM operation: ICBufferFull done
Event: 5.764 Executing VM operation: ICBufferFull
Event: 5.764 Executing VM operation: ICBufferFull done
Event: 5.768 Executing VM operation: G1CollectForAllocation
Event: 5.772 Executing VM operation: G1CollectForAllocation done
Event: 5.878 Executing VM operation: ICBufferFull
Event: 5.878 Executing VM operation: ICBufferFull done
Event: 5.918 Executing VM operation: HandshakeAllThreads
Event: 5.918 Executing VM operation: HandshakeAllThreads done
Event: 6.051 Executing VM operation: ICBufferFull
Event: 6.051 Executing VM operation: ICBufferFull done
Event: 6.185 Executing VM operation: ICBufferFull
Event: 6.186 Executing VM operation: ICBufferFull done
Event: 6.313 Executing VM operation: ICBufferFull
Event: 6.314 Executing VM operation: ICBufferFull done

Events (20 events):
Event: 4.796 Thread 0x0000022c2174e370 flushing nmethod 0x0000022c08da9410
Event: 4.796 Thread 0x0000022c2174e370 flushing nmethod 0x0000022c08dd7990
Event: 4.796 Thread 0x0000022c2174e370 flushing nmethod 0x0000022c08ddd810
Event: 4.797 Thread 0x0000022c2174e370 flushing nmethod 0x0000022c08e83210
Event: 4.798 Thread 0x0000022c2174e370 flushing nmethod 0x0000022c08f03e90
Event: 4.798 Thread 0x0000022c2174e370 flushing nmethod 0x0000022c08f04490
Event: 4.798 Thread 0x0000022c2174e370 flushing nmethod 0x0000022c08f04910
Event: 4.798 Thread 0x0000022c2174e370 flushing nmethod 0x0000022c08f05510
Event: 4.798 Thread 0x0000022c2174e370 flushing nmethod 0x0000022c08f49510
Event: 4.799 Thread 0x0000022c2174e370 flushing nmethod 0x0000022c08f60e10
Event: 4.799 Thread 0x0000022c2174e370 flushing nmethod 0x0000022c08f61710
Event: 5.513 Thread 0x0000022c2174e370 flushing nmethod 0x0000022c07f01410
Event: 5.514 Thread 0x0000022c2174e370 flushing nmethod 0x0000022c07fa1c10
Event: 5.515 Thread 0x0000022c2174e370 flushing nmethod 0x0000022c0813e890
Event: 5.515 Thread 0x0000022c2174e370 flushing nmethod 0x0000022c0813f190
Event: 5.526 Thread 0x0000022c2174e370 flushing nmethod 0x0000022c08933210
Event: 5.528 Thread 0x0000022c2174e370 flushing nmethod 0x0000022c08a9d190
Event: 5.528 Thread 0x0000022c2174e370 flushing nmethod 0x0000022c08a9db90
Event: 5.528 Thread 0x0000022c2174e370 flushing nmethod 0x0000022c08aaca90
Event: 5.528 Thread 0x0000022c2174e370 flushing nmethod 0x0000022c08ac1f10


Dynamic libraries:
0x00007ff663280000 - 0x00007ff663290000 	C:\Program Files\Java\jdk-19\bin\java.exe
0x00007ff9da270000 - 0x00007ff9da487000 	C:\WINDOWS\SYSTEM32\ntdll.dll
0x00007ff9d9420000 - 0x00007ff9d94e4000 	C:\WINDOWS\System32\KERNEL32.DLL
0x00007ff9d7570000 - 0x00007ff9d791d000 	C:\WINDOWS\System32\KERNELBASE.dll
0x00007ff9d7ca0000 - 0x00007ff9d7db1000 	C:\WINDOWS\System32\ucrtbase.dll
0x00007ff9d1260000 - 0x00007ff9d1278000 	C:\Program Files\Java\jdk-19\bin\jli.dll
0x00007ff9cee80000 - 0x00007ff9cee9b000 	C:\Program Files\Java\jdk-19\bin\VCRUNTIME140.dll
0x00007ff9d8240000 - 0x00007ff9d82f2000 	C:\WINDOWS\System32\ADVAPI32.dll
0x00007ff9d99f0000 - 0x00007ff9d9a97000 	C:\WINDOWS\System32\msvcrt.dll
0x00007ff9d9890000 - 0x00007ff9d9939000 	C:\WINDOWS\System32\sechost.dll
0x00007ff9d7f50000 - 0x00007ff9d7f78000 	C:\WINDOWS\System32\bcrypt.dll
0x00007ff9d8560000 - 0x00007ff9d8674000 	C:\WINDOWS\System32\RPCRT4.dll
0x00007ff9d9600000 - 0x00007ff9d97ae000 	C:\WINDOWS\System32\USER32.dll
0x00007ff9d7920000 - 0x00007ff9d7946000 	C:\WINDOWS\System32\win32u.dll
0x00007ff9d9c60000 - 0x00007ff9d9c89000 	C:\WINDOWS\System32\GDI32.dll
0x00007ff9c4980000 - 0x00007ff9c4c13000 	C:\WINDOWS\WinSxS\amd64_microsoft.windows.common-controls_6595b64144ccf1df_6.0.22621.3672_none_2713b9d173822955\COMCTL32.dll
0x00007ff9d7b80000 - 0x00007ff9d7c99000 	C:\WINDOWS\System32\gdi32full.dll
0x00007ff9d7e40000 - 0x00007ff9d7eda000 	C:\WINDOWS\System32\msvcp_win.dll
0x00007ff9cec70000 - 0x00007ff9cec7a000 	C:\WINDOWS\SYSTEM32\VERSION.dll
0x00007ff9d8300000 - 0x00007ff9d8331000 	C:\WINDOWS\System32\IMM32.DLL
0x00007ff9d1360000 - 0x00007ff9d136c000 	C:\Program Files\Java\jdk-19\bin\vcruntime140_1.dll
0x00007ff976510000 - 0x00007ff97659e000 	C:\Program Files\Java\jdk-19\bin\msvcp140.dll
0x00007ff923540000 - 0x00007ff924200000 	C:\Program Files\Java\jdk-19\bin\server\jvm.dll
0x00007ff9d14d0000 - 0x00007ff9d14d9000 	C:\WINDOWS\SYSTEM32\WSOCK32.dll
0x00007ff9d1130000 - 0x00007ff9d1164000 	C:\WINDOWS\SYSTEM32\WINMM.dll
0x00007ff9d8b20000 - 0x00007ff9d8b91000 	C:\WINDOWS\System32\WS2_32.dll
0x00007ff9d6690000 - 0x00007ff9d66a8000 	C:\WINDOWS\SYSTEM32\kernel.appcore.dll
0x00007ff9d0e30000 - 0x00007ff9d0e3a000 	C:\Program Files\Java\jdk-19\bin\jimage.dll
0x00007ff9d4b00000 - 0x00007ff9d4d32000 	C:\WINDOWS\SYSTEM32\DBGHELP.DLL
0x00007ff9d9d90000 - 0x00007ff9da118000 	C:\WINDOWS\System32\combase.dll
0x00007ff9d97b0000 - 0x00007ff9d9887000 	C:\WINDOWS\System32\OLEAUT32.dll
0x00007ff9cc230000 - 0x00007ff9cc262000 	C:\WINDOWS\SYSTEM32\dbgcore.DLL
0x00007ff9d7dc0000 - 0x00007ff9d7e3b000 	C:\WINDOWS\System32\bcryptPrimitives.dll
0x00007ff9ca330000 - 0x00007ff9ca33e000 	C:\Program Files\Java\jdk-19\bin\instrument.dll
0x00007ff9bd350000 - 0x00007ff9bd376000 	C:\Program Files\Java\jdk-19\bin\java.dll
0x00007ff972130000 - 0x00007ff972207000 	C:\Program Files\Java\jdk-19\bin\jsvml.dll
0x00007ff9d8bc0000 - 0x00007ff9d941f000 	C:\WINDOWS\System32\SHELL32.dll
0x00007ff9d5480000 - 0x00007ff9d5d7c000 	C:\WINDOWS\SYSTEM32\windows.storage.dll
0x00007ff9d5340000 - 0x00007ff9d547f000 	C:\WINDOWS\SYSTEM32\wintypes.dll
0x00007ff9d80e0000 - 0x00007ff9d81d4000 	C:\WINDOWS\System32\SHCORE.dll
0x00007ff9d81e0000 - 0x00007ff9d823e000 	C:\WINDOWS\System32\shlwapi.dll
0x00007ff9d74a0000 - 0x00007ff9d74c1000 	C:\WINDOWS\SYSTEM32\profapi.dll
0x00007ff9c55f0000 - 0x00007ff9c5608000 	C:\Program Files\Java\jdk-19\bin\zip.dll
0x00007ff9c58c0000 - 0x00007ff9c58d3000 	C:\Program Files\Java\jdk-19\bin\net.dll
0x00007ff9d2d70000 - 0x00007ff9d2ea6000 	C:\WINDOWS\SYSTEM32\WINHTTP.dll
0x00007ff9d6b00000 - 0x00007ff9d6b69000 	C:\WINDOWS\system32\mswsock.dll
0x00007ff9c56b0000 - 0x00007ff9c56c6000 	C:\Program Files\Java\jdk-19\bin\nio.dll
0x00007ff9c3f30000 - 0x00007ff9c3f4a000 	C:\Program Files\JetBrains\IntelliJ IDEA 2022.1.2\bin\breakgen64.dll
0x00007ff9d0d60000 - 0x00007ff9d0d68000 	C:\Program Files\Java\jdk-19\bin\extnet.dll
0x0000000069ac0000 - 0x0000000069ae4000 	C:\Users\99293\AppData\Local\Temp\jansi-2.4.0-39f7218685a33f2c-jansi.dll
0x00007ff9cbde0000 - 0x00007ff9cbdf0000 	C:\Program Files\Java\jdk-19\bin\verify.dll

dbghelp: loaded successfully - version: 4.0.5 - missing functions: none
symbol engine: initialized successfully - sym options: 0x614 - pdb path: .;C:\Program Files\Java\jdk-19\bin;C:\WINDOWS\SYSTEM32;C:\WINDOWS\WinSxS\amd64_microsoft.windows.common-controls_6595b64144ccf1df_6.0.22621.3672_none_2713b9d173822955;C:\Program Files\Java\jdk-19\bin\server;C:\Program Files\JetBrains\IntelliJ IDEA 2022.1.2\bin;C:\Users\99293\AppData\Local\Temp

VM Arguments:
jvm_args: -Dmaven.multiModuleProjectDirectory=D:\unitedStates duplicates original -Dmaven.home=C:\Users\99293\.m2\wrapper\dists\apache-maven-3.8.6-bin\1ks0nkde5v1pk9vtc31i9d0lcd\apache-maven-3.8.6 -Dclassworlds.conf=C:\Users\99293\.m2\wrapper\dists\apache-maven-3.8.6-bin\1ks0nkde5v1pk9vtc31i9d0lcd\apache-maven-3.8.6\bin\m2.conf -Dmaven.ext.class.path=C:\Program Files\JetBrains\IntelliJ IDEA 2022.1.2\plugins\maven\lib\maven-event-listener.jar -javaagent:C:\Program Files\JetBrains\IntelliJ IDEA 2022.1.2\lib\idea_rt.jar=55791:C:\Program Files\JetBrains\IntelliJ IDEA 2022.1.2\bin -Dfile.encoding=UTF-8 
java_command: org.codehaus.classworlds.Launcher -Didea.version=2022.1.2 package
java_class_path (initial): C:\Users\99293\.m2\wrapper\dists\apache-maven-3.8.6-bin\1ks0nkde5v1pk9vtc31i9d0lcd\apache-maven-3.8.6\boot\plexus-classworlds-2.6.0.jar;C:\Users\99293\.m2\wrapper\dists\apache-maven-3.8.6-bin\1ks0nkde5v1pk9vtc31i9d0lcd\apache-maven-3.8.6\boot\plexus-classworlds.license
Launcher Type: SUN_STANDARD

[Global flags]
     intx CICompilerCount                          = 12                                        {product} {ergonomic}
     uint ConcGCThreads                            = 3                                         {product} {ergonomic}
     uint G1ConcRefinementThreads                  = 13                                        {product} {ergonomic}
   size_t G1HeapRegionSize                         = 2097152                                   {product} {ergonomic}
    uintx GCDrainStackTargetSize                   = 64                                        {product} {ergonomic}
   size_t InitialHeapSize                          = 264241152                                 {product} {ergonomic}
   size_t MarkStackSize                            = 4194304                                   {product} {ergonomic}
   size_t MaxHeapSize                              = 4196401152                                {product} {ergonomic}
   size_t MaxNewSize                               = 2516582400                                {product} {ergonomic}
   size_t MinHeapDeltaBytes                        = 2097152                                   {product} {ergonomic}
   size_t MinHeapSize                              = 8388608                                   {product} {ergonomic}
    uintx NonNMethodCodeHeapSize                   = 7602480                                {pd product} {ergonomic}
    uintx NonProfiledCodeHeapSize                  = 122027880                              {pd product} {ergonomic}
    uintx ProfiledCodeHeapSize                     = 122027880                              {pd product} {ergonomic}
    uintx ReservedCodeCacheSize                    = 251658240                              {pd product} {ergonomic}
     bool SegmentedCodeCache                       = true                                      {product} {ergonomic}
   size_t SoftMaxHeapSize                          = 4196401152                             {manageable} {ergonomic}
     bool UseCompressedClassPointers               = true                           {product lp64_product} {ergonomic}
     bool UseCompressedOops                        = true                           {product lp64_product} {ergonomic}
     bool UseG1GC                                  = true                                      {product} {ergonomic}
     bool UseLargePagesIndividualAllocation        = false                                  {pd product} {ergonomic}

Logging:
Log output configuration:
 #0: stdout all=warning uptime,level,tags foldmultilines=false
 #1: stderr all=off uptime,level,tags foldmultilines=false

Environment Variables:
JAVA_HOME=C:\Program Files\Java\jdk-19
PATH=C:\Program Files\Common Files\Oracle\Java\javapath;C:\Windows\system32;C:\Windows;C:\Windows\System32\Wbem;C:\Windows\System32\WindowsPowerShell\v1.0\;C:\Windows\System32\OpenSSH\;C:\Program Files (x86)\NVIDIA Corporation\PhysX\Common;C:\Program Files\NVIDIA Corporation\NVIDIA NvDLISR;C:\Program Files\Git\cmd;C:\Program Files (x86)\dotnet\;C:\WINDOWS\system32;C:\WINDOWS;C:\WINDOWS\System32\Wbem;C:\WINDOWS\System32\WindowsPowerShell\v1.0\;C:\WINDOWS\System32\OpenSSH\;C:\Program Files\Java\jdk-19\bin;C:\Users\99293\AppData\Local\Programs\Python\Python311\Scripts\;C:\Users\99293\AppData\Local\Programs\Python\Python311\;C:\Users\99293\AppData\Local\Microsoft\WindowsApps;;C:\Program Files\JetBrains\IntelliJ IDEA 2022.1.2\bin;;C:\Program Files\heroku\bin
USERNAME=ASUS
OS=Windows_NT
PROCESSOR_IDENTIFIER=Intel64 Family 6 Model 154 Stepping 3, GenuineIntel
TMP=C:\Users\99293\AppData\Local\Temp
TEMP=C:\Users\99293\AppData\Local\Temp



---------------  S Y S T E M  ---------------

OS:
 Windows 11 , 64 bit Build 22621 (10.0.22621.3672)
OS uptime: 1 days 2:21 hours
Hyper-V role detected

CPU: total 16 (initial active 16) (8 cores per cpu, 2 threads per core) family 6 model 154 stepping 3 microcode 0x41c, cx8, cmov, fxsr, ht, mmx, 3dnowpref, sse, sse2, sse3, ssse3, sse4.1, sse4.2, popcnt, lzcnt, tsc, tscinvbit, avx, avx2, aes, erms, clmul, bmi1, bmi2, adx, sha, fma, vzeroupper, clflush, clflushopt, clwb, hv, serialize, rdtscp, rdpid, fsrm

Memory: 4k page, system-wide physical 16005M (2390M free)
TotalPageFile size 18053M (AvailPageFile size 5M)
current process WorkingSet (physical memory assigned to process): 509M, peak: 533M
current process commit charge ("private bytes"): 567M, peak: 595M

vm_info: Java HotSpot(TM) 64-Bit Server VM (19.0.2+7-44) for windows-amd64 JRE (19.0.2+7-44), built on 2022-11-30T18:02:09Z by "mach5one" with MS VC++ 17.1 (VS2022)

END.
