#
# There is insufficient memory for the Java Runtime Environment to continue.
# Native memory allocation (malloc) failed to allocate 2245952 bytes for Chunk::new
# Possible reasons:
#   The system is out of physical RAM or swap space
#   The process is running with CompressedOops enabled, and the Java Heap may be blocking the growth of the native heap
# Possible solutions:
#   Reduce memory load on the system
#   Increase physical memory or swap space
#   Check if swap backing store is full
#   Decrease Java heap size (-Xmx/-Xms)
#   Decrease number of Java threads
#   Decrease Java thread stack sizes (-Xss)
#   Set larger code cache with -XX:ReservedCodeCacheSize=
#   JVM is running with Zero Based Compressed Oops mode in which the Java heap is
#     placed in the first 32GB address space. The Java Heap base address is the
#     maximum limit for the native heap growth. Please use -XX:HeapBaseMinAddress
#     to set the Java Heap base and to place the Java Heap above 32GB virtual address.
# This output file may be truncated or incomplete.
#
#  Out of Memory Error (arena.cpp:184), pid=14204, tid=20636
#
# JRE version: Java(TM) SE Runtime Environment (19.0.2+7) (build 19.0.2+7-44)
# Java VM: Java HotSpot(TM) 64-Bit Server VM (19.0.2+7-44, mixed mode, sharing, tiered, compressed oops, compressed class ptrs, g1 gc, windows-amd64)
# No core dump will be written. Minidumps are not enabled by default on client versions of Windows
#

---------------  S U M M A R Y ------------

Command Line: -Dmaven.multiModuleProjectDirectory=D:\unitedStates duplicates original -Dmaven.home=C:\Users\99293\.m2\wrapper\dists\apache-maven-3.8.6-bin\1ks0nkde5v1pk9vtc31i9d0lcd\apache-maven-3.8.6 -Dclassworlds.conf=C:\Users\99293\.m2\wrapper\dists\apache-maven-3.8.6-bin\1ks0nkde5v1pk9vtc31i9d0lcd\apache-maven-3.8.6\bin\m2.conf -Dmaven.ext.class.path=C:\Program Files\JetBrains\IntelliJ IDEA 2022.1.2\plugins\maven\lib\maven-event-listener.jar -javaagent:C:\Program Files\JetBrains\IntelliJ IDEA 2022.1.2\lib\idea_rt.jar=64668:C:\Program Files\JetBrains\IntelliJ IDEA 2022.1.2\bin -Dfile.encoding=UTF-8 org.codehaus.classworlds.Launcher -Didea.version=2022.1.2 package

Host: 12th Gen Intel(R) Core(TM) i7-12650H, 16 cores, 15G,  Windows 11 , 64 bit Build 22621 (10.0.22621.3374)
Time: Thu Apr 25 12:29:10 2024  Windows 11 , 64 bit Build 22621 (10.0.22621.3374) elapsed time: 7.061613 seconds (0d 0h 0m 7s)

---------------  T H R E A D  ---------------

Current thread (0x0000022aa72b24c0):  JavaThread "C2 CompilerThread0" daemon [_thread_in_native, id=20636, stack(0x0000004a8e300000,0x0000004a8e400000)]


Current CompileTask:
C2:   7061 11530       4       lombok.javac.JavacAST::buildTree (176 bytes)

Stack: [0x0000004a8e300000,0x0000004a8e400000]
Native frames: (J=compiled Java code, j=interpreted, Vv=VM code, C=native code)
V  [jvm.dll+0x6ee21a]
V  [jvm.dll+0x85765e]
V  [jvm.dll+0x85904e]
V  [jvm.dll+0x859703]
V  [jvm.dll+0x28298f]
V  [jvm.dll+0xc9adf]
V  [jvm.dll+0xc9e65]
V  [jvm.dll+0x3bca4c]
V  [jvm.dll+0x3860e1]
V  [jvm.dll+0x38555a]
V  [jvm.dll+0x24c3d9]
V  [jvm.dll+0x24b781]
V  [jvm.dll+0x1d6ce1]
V  [jvm.dll+0x25b25a]
V  [jvm.dll+0x2596e8]
V  [jvm.dll+0x807588]
V  [jvm.dll+0x80125a]
V  [jvm.dll+0x6ecf0b]
C  [ucrtbase.dll+0x29333]
C  [KERNEL32.DLL+0x1257d]
C  [ntdll.dll+0x5aa48]


---------------  P R O C E S S  ---------------

Threads class SMR info:
_java_thread_list=0x0000022aae8e9a90, length=22, elements={
0x0000022a8365ef70, 0x0000022aa72a4650, 0x0000022aa72a5440, 0x0000022aa72a6230,
0x0000022aa72a9d80, 0x0000022aa72ac6c0, 0x0000022aa72af610, 0x0000022aa72b24c0,
0x0000022aab450090, 0x0000022aab451740, 0x0000022aab4f59e0, 0x0000022aab595ba0,
0x0000022aab59be50, 0x0000022aab6073b0, 0x0000022aab6078f0, 0x0000022aab9847f0,
0x0000022aaba3a9f0, 0x0000022aac0bc2f0, 0x0000022aac0ba720, 0x0000022aac0bacb0,
0x0000022aac0ba190, 0x0000022aad9428b0
}

Java Threads: ( => current thread )
  0x0000022a8365ef70 JavaThread "main" [_thread_in_Java, id=15392, stack(0x0000004a8d600000,0x0000004a8d700000)]
  0x0000022aa72a4650 JavaThread "Reference Handler" daemon [_thread_blocked, id=8332, stack(0x0000004a8dd00000,0x0000004a8de00000)]
  0x0000022aa72a5440 JavaThread "Finalizer" daemon [_thread_blocked, id=10012, stack(0x0000004a8de00000,0x0000004a8df00000)]
  0x0000022aa72a6230 JavaThread "Signal Dispatcher" daemon [_thread_blocked, id=16292, stack(0x0000004a8df00000,0x0000004a8e000000)]
  0x0000022aa72a9d80 JavaThread "Attach Listener" daemon [_thread_blocked, id=5228, stack(0x0000004a8e000000,0x0000004a8e100000)]
  0x0000022aa72ac6c0 JavaThread "Service Thread" daemon [_thread_blocked, id=13128, stack(0x0000004a8e100000,0x0000004a8e200000)]
  0x0000022aa72af610 JavaThread "Monitor Deflation Thread" daemon [_thread_blocked, id=12884, stack(0x0000004a8e200000,0x0000004a8e300000)]
=>0x0000022aa72b24c0 JavaThread "C2 CompilerThread0" daemon [_thread_in_native, id=20636, stack(0x0000004a8e300000,0x0000004a8e400000)]
  0x0000022aab450090 JavaThread "C1 CompilerThread0" daemon [_thread_blocked, id=7448, stack(0x0000004a8e400000,0x0000004a8e500000)]
  0x0000022aab451740 JavaThread "Sweeper thread" daemon [_thread_blocked, id=22268, stack(0x0000004a8e500000,0x0000004a8e600000)]
  0x0000022aab4f59e0 JavaThread "C1 CompilerThread1" daemon [_thread_blocked, id=16484, stack(0x0000004a8e600000,0x0000004a8e700000)]
  0x0000022aab595ba0 JavaThread "Common-Cleaner" daemon [_thread_blocked, id=12760, stack(0x0000004a8e700000,0x0000004a8e800000)]
  0x0000022aab59be50 JavaThread "C1 CompilerThread2" daemon [_thread_blocked, id=16032, stack(0x0000004a8e800000,0x0000004a8e900000)]
  0x0000022aab6073b0 JavaThread "Monitor Ctrl-Break" daemon [_thread_in_native, id=22032, stack(0x0000004a8e900000,0x0000004a8ea00000)]
  0x0000022aab6078f0 JavaThread "Notification Thread" daemon [_thread_blocked, id=11748, stack(0x0000004a8ea00000,0x0000004a8eb00000)]
  0x0000022aab9847f0 JavaThread "C2 CompilerThread1" daemon [_thread_in_native, id=19908, stack(0x0000004a8ec00000,0x0000004a8ed00000)]
  0x0000022aaba3a9f0 JavaThread "C1 CompilerThread3" daemon [_thread_blocked, id=14996, stack(0x0000004a8ed00000,0x0000004a8ee00000)]
  0x0000022aac0bc2f0 JavaThread "C2 CompilerThread2" daemon [_thread_in_vm, id=17760, stack(0x0000004a8ee00000,0x0000004a8ef00000)]
  0x0000022aac0ba720 JavaThread "C2 CompilerThread3" daemon [_thread_in_native, id=8380, stack(0x0000004a8ef00000,0x0000004a8f000000)]
  0x0000022aac0bacb0 JavaThread "C2 CompilerThread4" daemon [_thread_in_native, id=13668, stack(0x0000004a8f000000,0x0000004a8f100000)]
  0x0000022aac0ba190 JavaThread "C2 CompilerThread5" daemon [_thread_in_native, id=6212, stack(0x0000004a8f100000,0x0000004a8f200000)]
  0x0000022aad9428b0 JavaThread "C2 CompilerThread6" daemon [_thread_in_native, id=14596, stack(0x0000004a8f200000,0x0000004a8f300000)]

Other Threads:
  0x0000022aa7287250 VMThread "VM Thread" [stack: 0x0000004a8dc00000,0x0000004a8dd00000] [id=16528]
  0x0000022aab60c300 WatcherThread "VM Periodic Task Thread" [stack: 0x0000004a8eb00000,0x0000004a8ec00000] [id=12528]
  0x0000022a836d0b20 WorkerThread "GC Thread#0" [stack: 0x0000004a8d700000,0x0000004a8d800000] [id=8008]
  0x0000022aab98c890 WorkerThread "GC Thread#1" [stack: 0x0000004a8f400000,0x0000004a8f500000] [id=3140]
  0x0000022aab98bd50 WorkerThread "GC Thread#2" [stack: 0x0000004a8f500000,0x0000004a8f600000] [id=13584]
  0x0000022aab98c020 WorkerThread "GC Thread#3" [stack: 0x0000004a8f600000,0x0000004a8f700000] [id=21456]
  0x0000022aab98c2f0 WorkerThread "GC Thread#4" [stack: 0x0000004a8f700000,0x0000004a8f800000] [id=14212]
  0x0000022aab98cb60 WorkerThread "GC Thread#5" [stack: 0x0000004a8f800000,0x0000004a8f900000] [id=2396]
  0x0000022aab98b210 WorkerThread "GC Thread#6" [stack: 0x0000004a8f900000,0x0000004a8fa00000] [id=13512]
  0x0000022aab98ba80 WorkerThread "GC Thread#7" [stack: 0x0000004a8fa00000,0x0000004a8fb00000] [id=16812]
  0x0000022aad07d180 WorkerThread "GC Thread#8" [stack: 0x0000004a8fb00000,0x0000004a8fc00000] [id=264]
  0x0000022aad07df90 WorkerThread "GC Thread#9" [stack: 0x0000004a8fc00000,0x0000004a8fd00000] [id=5232]
  0x0000022aad07e800 WorkerThread "GC Thread#10" [stack: 0x0000004a8fd00000,0x0000004a8fe00000] [id=10320]
  0x0000022aad07fbb0 WorkerThread "GC Thread#11" [stack: 0x0000004a8fe00000,0x0000004a8ff00000] [id=3396]
  0x0000022aad07f610 WorkerThread "GC Thread#12" [stack: 0x0000004a8ff00000,0x0000004a90000000] [id=13212]
  0x0000022a836e1490 ConcurrentGCThread "G1 Main Marker" [stack: 0x0000004a8d800000,0x0000004a8d900000] [id=17040]
  0x0000022a836e3070 WorkerThread "G1 Conc#0" [stack: 0x0000004a8d900000,0x0000004a8da00000] [id=20316]
  0x0000022aad07f8e0 WorkerThread "G1 Conc#1" [stack: 0x0000004a90000000,0x0000004a90100000] [id=8560]
  0x0000022aad07cbe0 WorkerThread "G1 Conc#2" [stack: 0x0000004a90100000,0x0000004a90200000] [id=19912]
  0x0000022aa7143a20 ConcurrentGCThread "G1 Refine#0" [stack: 0x0000004a8da00000,0x0000004a8db00000] [id=6332]
  0x0000022aa7144560 ConcurrentGCThread "G1 Service" [stack: 0x0000004a8db00000,0x0000004a8dc00000] [id=292]

Threads with active compile tasks:
C2 CompilerThread0     7075 11530       4       lombok.javac.JavacAST::buildTree (176 bytes)
C2 CompilerThread1     7075 11522   !   4       lombok.core.AST::buildWithField0 (121 bytes)
C2 CompilerThread2     7075 11693       4       com.sun.tools.javac.comp.Check::getApplicableTargets (836 bytes)
C2 CompilerThread3     7075 11570       4       lombok.core.AST::buildWithCollection (128 bytes)
C2 CompilerThread4     7075 11521       4       lombok.core.AST::buildWithField (21 bytes)
C2 CompilerThread5     7075 11523       4       lombok.javac.JavacAST::buildStatementOrExpression (104 bytes)
C2 CompilerThread6     7075 11527   !   4       lombok.javac.JavacAST::drill (146 bytes)

VM state: not at safepoint (normal execution)

VM Mutex/Monitor currently owned by a thread: None

Heap address: 0x0000000705e00000, size: 4002 MB, Compressed Oops mode: Zero based, Oop shift amount: 3

CDS archive(s) mapped at: [0x0000000800000000-0x0000000800c40000-0x0000000800c40000), size 12845056, SharedBaseAddress: 0x0000000800000000, ArchiveRelocationMode: 0.
Compressed class space mapped at: 0x0000000801000000-0x0000000841000000, reserved size: 1073741824
Narrow klass base: 0x0000000800000000, Narrow klass shift: 0, Narrow klass range: 0x100000000

GC Precious Log:
 CardTable entry size: 512
 Card Set container configuration: InlinePtr #cards 4 size 8 Array Of Cards #cards 16 size 48 Howl #buckets 8 coarsen threshold 3686 Howl Bitmap #cards 512 size 80 coarsen threshold 460 Card regions per heap region 1 cards per card region 4096
 CPUs: 16 total, 16 available
 Memory: 16005M
 Large Page Support: Disabled
 NUMA Support: Disabled
 Compressed Oops: Enabled (Zero based)
 Heap Region Size: 2M
 Heap Min Capacity: 8M
 Heap Initial Capacity: 252M
 Heap Max Capacity: 4002M
 Pre-touch: Disabled
 Parallel Workers: 13
 Concurrent Workers: 3
 Concurrent Refinement Workers: 13
 Periodic GC: Disabled

Heap:
 garbage-first heap   total 237568K, used 96256K [0x0000000705e00000, 0x0000000800000000)
  region size 2048K, 3 young (6144K), 1 survivors (2048K)
 Metaspace       used 33654K, committed 34304K, reserved 1114112K
  class space    used 3436K, committed 3776K, reserved 1048576K

Heap Regions: E=young(eden), S=young(survivor), O=old, HS=humongous(starts), HC=humongous(continues), CS=collection set, F=free, OA=open archive, CA=closed archive, TAMS=top-at-mark-start (previous, next)
|   0|0x0000000705e00000, 0x0000000706000000, 0x0000000706000000|100%| O|  |TAMS 0x0000000706000000, 0x0000000705e00000| Untracked 
|   1|0x0000000706000000, 0x0000000706200000, 0x0000000706200000|100%| O|  |TAMS 0x0000000706000000, 0x0000000706000000| Untracked 
|   2|0x0000000706200000, 0x0000000706400000, 0x0000000706400000|100%| O|  |TAMS 0x0000000706200000, 0x0000000706200000| Untracked 
|   3|0x0000000706400000, 0x0000000706600000, 0x0000000706600000|100%| O|  |TAMS 0x0000000706400000, 0x0000000706400000| Untracked 
|   4|0x0000000706600000, 0x0000000706800000, 0x0000000706800000|100%| O|  |TAMS 0x0000000706600000, 0x0000000706600000| Untracked 
|   5|0x0000000706800000, 0x0000000706a00000, 0x0000000706a00000|100%| O|  |TAMS 0x0000000706800000, 0x0000000706800000| Untracked 
|   6|0x0000000706a00000, 0x0000000706c00000, 0x0000000706c00000|100%| O|  |TAMS 0x0000000706a00000, 0x0000000706a00000| Untracked 
|   7|0x0000000706c00000, 0x0000000706e00000, 0x0000000706e00000|100%| O|  |TAMS 0x0000000706c00000, 0x0000000706c00000| Untracked 
|   8|0x0000000706e00000, 0x0000000707000000, 0x0000000707000000|100%| O|  |TAMS 0x0000000706e00000, 0x0000000706e00000| Untracked 
|   9|0x0000000707000000, 0x0000000707200000, 0x0000000707200000|100%| O|  |TAMS 0x0000000707000000, 0x0000000707000000| Untracked 
|  10|0x0000000707200000, 0x0000000707400000, 0x0000000707400000|100%| O|  |TAMS 0x0000000707200000, 0x0000000707200000| Untracked 
|  11|0x0000000707400000, 0x0000000707600000, 0x0000000707600000|100%| O|  |TAMS 0x0000000707400000, 0x0000000707400000| Untracked 
|  12|0x0000000707600000, 0x0000000707800000, 0x0000000707800000|100%| O|  |TAMS 0x0000000707600000, 0x0000000707600000| Untracked 
|  13|0x0000000707800000, 0x0000000707a00000, 0x0000000707a00000|100%| O|  |TAMS 0x0000000707800000, 0x0000000707800000| Untracked 
|  14|0x0000000707a00000, 0x0000000707c00000, 0x0000000707c00000|100%| O|  |TAMS 0x0000000707a00000, 0x0000000707a00000| Untracked 
|  15|0x0000000707c00000, 0x0000000707e00000, 0x0000000707e00000|100%| O|  |TAMS 0x0000000707c00000, 0x0000000707c00000| Untracked 
|  16|0x0000000707e00000, 0x0000000708000000, 0x0000000708000000|100%| O|  |TAMS 0x0000000707e00000, 0x0000000707e00000| Untracked 
|  17|0x0000000708000000, 0x0000000708200000, 0x0000000708200000|100%| O|  |TAMS 0x0000000708000000, 0x0000000708000000| Untracked 
|  18|0x0000000708200000, 0x0000000708400000, 0x0000000708400000|100%| O|  |TAMS 0x0000000708200000, 0x0000000708200000| Untracked 
|  19|0x0000000708400000, 0x0000000708600000, 0x0000000708600000|100%|HS|  |TAMS 0x0000000708400000, 0x0000000708400000| Complete 
|  20|0x0000000708600000, 0x0000000708800000, 0x0000000708800000|100%|HC|  |TAMS 0x0000000708600000, 0x0000000708600000| Complete 
|  21|0x0000000708800000, 0x0000000708a00000, 0x0000000708a00000|100%| O|  |TAMS 0x0000000708800000, 0x0000000708800000| Untracked 
|  22|0x0000000708a00000, 0x0000000708c00000, 0x0000000708c00000|100%| O|  |TAMS 0x0000000708a00000, 0x0000000708a00000| Untracked 
|  23|0x0000000708c00000, 0x0000000708e00000, 0x0000000708e00000|100%| O|  |TAMS 0x0000000708c00000, 0x0000000708c00000| Untracked 
|  24|0x0000000708e00000, 0x0000000709000000, 0x0000000709000000|100%| O|  |TAMS 0x0000000708e00000, 0x0000000708e00000| Untracked 
|  25|0x0000000709000000, 0x0000000709200000, 0x0000000709200000|100%| O|  |TAMS 0x0000000709000000, 0x0000000709000000| Untracked 
|  26|0x0000000709200000, 0x0000000709400000, 0x0000000709400000|100%| O|  |TAMS 0x0000000709200000, 0x0000000709200000| Untracked 
|  27|0x0000000709400000, 0x0000000709600000, 0x0000000709600000|100%| O|  |TAMS 0x0000000709400000, 0x0000000709400000| Untracked 
|  28|0x0000000709600000, 0x0000000709800000, 0x0000000709800000|100%| O|  |TAMS 0x0000000709600000, 0x0000000709600000| Untracked 
|  29|0x0000000709800000, 0x0000000709a00000, 0x0000000709a00000|100%| O|  |TAMS 0x0000000709800000, 0x0000000709800000| Untracked 
|  30|0x0000000709a00000, 0x0000000709c00000, 0x0000000709c00000|100%| O|  |TAMS 0x0000000709a00000, 0x0000000709a00000| Untracked 
|  31|0x0000000709c00000, 0x0000000709e00000, 0x0000000709e00000|100%| O|  |TAMS 0x0000000709c00000, 0x0000000709c00000| Untracked 
|  32|0x0000000709e00000, 0x000000070a000000, 0x000000070a000000|100%| O|  |TAMS 0x0000000709e00000, 0x0000000709e00000| Untracked 
|  33|0x000000070a000000, 0x000000070a200000, 0x000000070a200000|100%| O|  |TAMS 0x000000070a000000, 0x000000070a000000| Untracked 
|  34|0x000000070a200000, 0x000000070a400000, 0x000000070a400000|100%| O|  |TAMS 0x000000070a200000, 0x000000070a200000| Untracked 
|  35|0x000000070a400000, 0x000000070a600000, 0x000000070a600000|100%| O|  |TAMS 0x000000070a400000, 0x000000070a400000| Untracked 
|  36|0x000000070a600000, 0x000000070a800000, 0x000000070a800000|100%| O|  |TAMS 0x000000070a600000, 0x000000070a600000| Untracked 
|  37|0x000000070a800000, 0x000000070a800000, 0x000000070aa00000|  0%| F|  |TAMS 0x000000070a800000, 0x000000070a800000| Untracked 
|  38|0x000000070aa00000, 0x000000070aa00000, 0x000000070ac00000|  0%| F|  |TAMS 0x000000070aa00000, 0x000000070aa00000| Untracked 
|  39|0x000000070ac00000, 0x000000070ac00000, 0x000000070ae00000|  0%| F|  |TAMS 0x000000070ac00000, 0x000000070ac00000| Untracked 
|  40|0x000000070ae00000, 0x000000070ae00000, 0x000000070b000000|  0%| F|  |TAMS 0x000000070ae00000, 0x000000070ae00000| Untracked 
|  41|0x000000070b000000, 0x000000070b000000, 0x000000070b200000|  0%| F|  |TAMS 0x000000070b000000, 0x000000070b000000| Untracked 
|  42|0x000000070b200000, 0x000000070b200000, 0x000000070b400000|  0%| F|  |TAMS 0x000000070b200000, 0x000000070b200000| Untracked 
|  43|0x000000070b400000, 0x000000070b400000, 0x000000070b600000|  0%| F|  |TAMS 0x000000070b400000, 0x000000070b400000| Untracked 
|  44|0x000000070b600000, 0x000000070b600000, 0x000000070b800000|  0%| F|  |TAMS 0x000000070b600000, 0x000000070b600000| Untracked 
|  45|0x000000070b800000, 0x000000070b800000, 0x000000070ba00000|  0%| F|  |TAMS 0x000000070b800000, 0x000000070b800000| Untracked 
|  46|0x000000070ba00000, 0x000000070ba00000, 0x000000070bc00000|  0%| F|  |TAMS 0x000000070ba00000, 0x000000070ba00000| Untracked 
|  47|0x000000070bc00000, 0x000000070bc00000, 0x000000070be00000|  0%| F|  |TAMS 0x000000070bc00000, 0x000000070bc00000| Untracked 
|  48|0x000000070be00000, 0x000000070be00000, 0x000000070c000000|  0%| F|  |TAMS 0x000000070be00000, 0x000000070be00000| Untracked 
|  49|0x000000070c000000, 0x000000070c000000, 0x000000070c200000|  0%| F|  |TAMS 0x000000070c000000, 0x000000070c000000| Untracked 
|  50|0x000000070c200000, 0x000000070c200000, 0x000000070c400000|  0%| F|  |TAMS 0x000000070c200000, 0x000000070c200000| Untracked 
|  51|0x000000070c400000, 0x000000070c400000, 0x000000070c600000|  0%| F|  |TAMS 0x000000070c400000, 0x000000070c400000| Untracked 
|  52|0x000000070c600000, 0x000000070c600000, 0x000000070c800000|  0%| F|  |TAMS 0x000000070c600000, 0x000000070c600000| Untracked 
|  53|0x000000070c800000, 0x000000070c800000, 0x000000070ca00000|  0%| F|  |TAMS 0x000000070c800000, 0x000000070c800000| Untracked 
|  54|0x000000070ca00000, 0x000000070ca00000, 0x000000070cc00000|  0%| F|  |TAMS 0x000000070ca00000, 0x000000070ca00000| Untracked 
|  55|0x000000070cc00000, 0x000000070cc00000, 0x000000070ce00000|  0%| F|  |TAMS 0x000000070cc00000, 0x000000070cc00000| Untracked 
|  56|0x000000070ce00000, 0x000000070ce00000, 0x000000070d000000|  0%| F|  |TAMS 0x000000070ce00000, 0x000000070ce00000| Untracked 
|  57|0x000000070d000000, 0x000000070d000000, 0x000000070d200000|  0%| F|  |TAMS 0x000000070d000000, 0x000000070d000000| Untracked 
|  58|0x000000070d200000, 0x000000070d200000, 0x000000070d400000|  0%| F|  |TAMS 0x000000070d200000, 0x000000070d200000| Untracked 
|  59|0x000000070d400000, 0x000000070d400000, 0x000000070d600000|  0%| F|  |TAMS 0x000000070d400000, 0x000000070d400000| Untracked 
|  60|0x000000070d600000, 0x000000070d600000, 0x000000070d800000|  0%| F|  |TAMS 0x000000070d600000, 0x000000070d600000| Untracked 
|  61|0x000000070d800000, 0x000000070d800000, 0x000000070da00000|  0%| F|  |TAMS 0x000000070d800000, 0x000000070d800000| Untracked 
|  62|0x000000070da00000, 0x000000070da00000, 0x000000070dc00000|  0%| F|  |TAMS 0x000000070da00000, 0x000000070da00000| Untracked 
|  63|0x000000070dc00000, 0x000000070dc00000, 0x000000070de00000|  0%| F|  |TAMS 0x000000070dc00000, 0x000000070dc00000| Untracked 
|  64|0x000000070de00000, 0x000000070de00000, 0x000000070e000000|  0%| F|  |TAMS 0x000000070de00000, 0x000000070de00000| Untracked 
|  65|0x000000070e000000, 0x000000070e000000, 0x000000070e200000|  0%| F|  |TAMS 0x000000070e000000, 0x000000070e000000| Untracked 
|  66|0x000000070e200000, 0x000000070e400000, 0x000000070e400000|100%| S|CS|TAMS 0x000000070e200000, 0x000000070e200000| Complete 
|  67|0x000000070e400000, 0x000000070e400000, 0x000000070e600000|  0%| F|  |TAMS 0x000000070e400000, 0x000000070e400000| Untracked 
|  68|0x000000070e600000, 0x000000070e600000, 0x000000070e800000|  0%| F|  |TAMS 0x000000070e600000, 0x000000070e600000| Untracked 
|  69|0x000000070e800000, 0x000000070e800000, 0x000000070ea00000|  0%| F|  |TAMS 0x000000070e800000, 0x000000070e800000| Untracked 
|  70|0x000000070ea00000, 0x000000070ea00000, 0x000000070ec00000|  0%| F|  |TAMS 0x000000070ea00000, 0x000000070ea00000| Untracked 
|  71|0x000000070ec00000, 0x000000070ec00000, 0x000000070ee00000|  0%| F|  |TAMS 0x000000070ec00000, 0x000000070ec00000| Untracked 
|  72|0x000000070ee00000, 0x000000070ee00000, 0x000000070f000000|  0%| F|  |TAMS 0x000000070ee00000, 0x000000070ee00000| Untracked 
|  73|0x000000070f000000, 0x000000070f000000, 0x000000070f200000|  0%| F|  |TAMS 0x000000070f000000, 0x000000070f000000| Untracked 
|  74|0x000000070f200000, 0x000000070f200000, 0x000000070f400000|  0%| F|  |TAMS 0x000000070f200000, 0x000000070f200000| Untracked 
|  75|0x000000070f400000, 0x000000070f400000, 0x000000070f600000|  0%| F|  |TAMS 0x000000070f400000, 0x000000070f400000| Untracked 
|  76|0x000000070f600000, 0x000000070f600000, 0x000000070f800000|  0%| F|  |TAMS 0x000000070f600000, 0x000000070f600000| Untracked 
|  77|0x000000070f800000, 0x000000070f800000, 0x000000070fa00000|  0%| F|  |TAMS 0x000000070f800000, 0x000000070f800000| Untracked 
|  78|0x000000070fa00000, 0x000000070fa00000, 0x000000070fc00000|  0%| F|  |TAMS 0x000000070fa00000, 0x000000070fa00000| Untracked 
|  79|0x000000070fc00000, 0x000000070fc00000, 0x000000070fe00000|  0%| F|  |TAMS 0x000000070fc00000, 0x000000070fc00000| Untracked 
|  80|0x000000070fe00000, 0x000000070fe00000, 0x0000000710000000|  0%| F|  |TAMS 0x000000070fe00000, 0x000000070fe00000| Untracked 
|  81|0x0000000710000000, 0x0000000710000000, 0x0000000710200000|  0%| F|  |TAMS 0x0000000710000000, 0x0000000710000000| Untracked 
|  82|0x0000000710200000, 0x0000000710200000, 0x0000000710400000|  0%| F|  |TAMS 0x0000000710200000, 0x0000000710200000| Untracked 
|  83|0x0000000710400000, 0x0000000710400000, 0x0000000710600000|  0%| F|  |TAMS 0x0000000710400000, 0x0000000710400000| Untracked 
|  84|0x0000000710600000, 0x0000000710600000, 0x0000000710800000|  0%| F|  |TAMS 0x0000000710600000, 0x0000000710600000| Untracked 
|  85|0x0000000710800000, 0x0000000710800000, 0x0000000710a00000|  0%| F|  |TAMS 0x0000000710800000, 0x0000000710800000| Untracked 
|  86|0x0000000710a00000, 0x0000000710a00000, 0x0000000710c00000|  0%| F|  |TAMS 0x0000000710a00000, 0x0000000710a00000| Untracked 
|  87|0x0000000710c00000, 0x0000000710c00000, 0x0000000710e00000|  0%| F|  |TAMS 0x0000000710c00000, 0x0000000710c00000| Untracked 
|  88|0x0000000710e00000, 0x0000000710e00000, 0x0000000711000000|  0%| F|  |TAMS 0x0000000710e00000, 0x0000000710e00000| Untracked 
|  89|0x0000000711000000, 0x0000000711000000, 0x0000000711200000|  0%| F|  |TAMS 0x0000000711000000, 0x0000000711000000| Untracked 
|  90|0x0000000711200000, 0x0000000711200000, 0x0000000711400000|  0%| F|  |TAMS 0x0000000711200000, 0x0000000711200000| Untracked 
|  91|0x0000000711400000, 0x0000000711400000, 0x0000000711600000|  0%| F|  |TAMS 0x0000000711400000, 0x0000000711400000| Untracked 
|  92|0x0000000711600000, 0x0000000711600000, 0x0000000711800000|  0%| F|  |TAMS 0x0000000711600000, 0x0000000711600000| Untracked 
|  93|0x0000000711800000, 0x0000000711800000, 0x0000000711a00000|  0%| F|  |TAMS 0x0000000711800000, 0x0000000711800000| Untracked 
|  94|0x0000000711a00000, 0x0000000711a00000, 0x0000000711c00000|  0%| F|  |TAMS 0x0000000711a00000, 0x0000000711a00000| Untracked 
|  95|0x0000000711c00000, 0x0000000711c00000, 0x0000000711e00000|  0%| F|  |TAMS 0x0000000711c00000, 0x0000000711c00000| Untracked 
|  96|0x0000000711e00000, 0x0000000711e00000, 0x0000000712000000|  0%| F|  |TAMS 0x0000000711e00000, 0x0000000711e00000| Untracked 
|  97|0x0000000712000000, 0x0000000712000000, 0x0000000712200000|  0%| F|  |TAMS 0x0000000712000000, 0x0000000712000000| Untracked 
|  98|0x0000000712200000, 0x0000000712200000, 0x0000000712400000|  0%| F|  |TAMS 0x0000000712200000, 0x0000000712200000| Untracked 
|  99|0x0000000712400000, 0x0000000712400000, 0x0000000712600000|  0%| F|  |TAMS 0x0000000712400000, 0x0000000712400000| Untracked 
| 100|0x0000000712600000, 0x0000000712600000, 0x0000000712800000|  0%| F|  |TAMS 0x0000000712600000, 0x0000000712600000| Untracked 
| 101|0x0000000712800000, 0x0000000712800000, 0x0000000712a00000|  0%| F|  |TAMS 0x0000000712800000, 0x0000000712800000| Untracked 
| 102|0x0000000712a00000, 0x0000000712a00000, 0x0000000712c00000|  0%| F|  |TAMS 0x0000000712a00000, 0x0000000712a00000| Untracked 
| 103|0x0000000712c00000, 0x0000000712c00000, 0x0000000712e00000|  0%| F|  |TAMS 0x0000000712c00000, 0x0000000712c00000| Untracked 
| 104|0x0000000712e00000, 0x0000000712e00000, 0x0000000713000000|  0%| F|  |TAMS 0x0000000712e00000, 0x0000000712e00000| Untracked 
| 105|0x0000000713000000, 0x0000000713000000, 0x0000000713200000|  0%| F|  |TAMS 0x0000000713000000, 0x0000000713000000| Untracked 
| 106|0x0000000713200000, 0x0000000713400000, 0x0000000713400000|100%| E|  |TAMS 0x0000000713200000, 0x0000000713200000| Complete 
| 125|0x0000000715800000, 0x0000000715a00000, 0x0000000715a00000|100%| E|CS|TAMS 0x0000000715800000, 0x0000000715800000| Complete 
|1993|0x00000007ff000000, 0x00000007ff200000, 0x00000007ff200000|100%| O|  |TAMS 0x00000007ff000000, 0x00000007ff000000| Untracked 
|1994|0x00000007ff200000, 0x00000007ff400000, 0x00000007ff400000|100%| O|  |TAMS 0x00000007ff200000, 0x00000007ff200000| Untracked 
|1995|0x00000007ff400000, 0x00000007ff600000, 0x00000007ff600000|100%| O|  |TAMS 0x00000007ff400000, 0x00000007ff400000| Untracked 
|1996|0x00000007ff600000, 0x00000007ff800000, 0x00000007ff800000|100%| O|  |TAMS 0x00000007ff600000, 0x00000007ff600000| Untracked 
|1997|0x00000007ff800000, 0x00000007ffa00000, 0x00000007ffa00000|100%| O|  |TAMS 0x00000007ff800000, 0x00000007ff800000| Untracked 
|1998|0x00000007ffa00000, 0x00000007ffc00000, 0x00000007ffc00000|100%| O|  |TAMS 0x00000007ffa00000, 0x00000007ffa00000| Untracked 
|1999|0x00000007ffc00000, 0x00000007ffe00000, 0x00000007ffe00000|100%| O|  |TAMS 0x00000007ffc00000, 0x00000007ffc00000| Untracked 
|2000|0x00000007ffe00000, 0x0000000800000000, 0x0000000800000000|100%| O|  |TAMS 0x00000007ffe00000, 0x00000007ffe00000| Untracked 

Card table byte_map: [0x0000022a9b620000,0x0000022a9be00000] _byte_map_base: 0x0000022a97df1000

Marking Bits (Prev, Next): (CMBitMap*) 0x0000022a836d1190, (CMBitMap*) 0x0000022a836d1150
 Prev Bits: [0x0000022aa0470000, 0x0000022aa42f8000)
 Next Bits: [0x0000022a9c5e0000, 0x0000022aa0468000)

Polling page: 0x0000022a81400000

Metaspace:

Usage:
  Non-class:     29.51 MB used.
      Class:      3.36 MB used.
       Both:     32.87 MB used.

Virtual space:
  Non-class space:       64.00 MB reserved,      29.81 MB ( 47%) committed,  1 nodes.
      Class space:        1.00 GB reserved,       3.69 MB ( <1%) committed,  1 nodes.
             Both:        1.06 GB reserved,      33.50 MB (  3%) committed. 

Chunk freelists:
   Non-Class:  1.84 MB
       Class:  303.00 KB
        Both:  2.14 MB

MaxMetaspaceSize: unlimited
CompressedClassSpaceSize: 1.00 GB
Initial GC threshold: 21.00 MB
Current GC threshold: 35.25 MB
CDS: on
MetaspaceReclaimPolicy: balanced
 - commit_granule_bytes: 65536.
 - commit_granule_words: 8192.
 - virtual_space_node_default_size: 8388608.
 - enlarge_chunks_in_place: 1.
 - new_chunks_are_fully_committed: 0.
 - uncommit_free_chunks: 1.
 - use_allocation_guard: 0.


Internal statistics:

num_allocs_failed_limit: 3.
num_arena_births: 748.
num_arena_deaths: 0.
num_vsnodes_births: 2.
num_vsnodes_deaths: 0.
num_space_committed: 536.
num_space_uncommitted: 0.
num_chunks_returned_to_freelist: 3.
num_chunks_taken_from_freelist: 2083.
num_chunk_merges: 3.
num_chunk_splits: 1423.
num_chunks_enlarged: 1004.
num_inconsistent_stats: 0.

CodeHeap 'non-profiled nmethods': size=119168Kb used=7346Kb max_used=7346Kb free=111821Kb
 bounds [0x0000022a93160000, 0x0000022a93890000, 0x0000022a9a5c0000]
CodeHeap 'profiled nmethods': size=119104Kb used=21770Kb max_used=21770Kb free=97333Kb
 bounds [0x0000022a8b5c0000, 0x0000022a8cb60000, 0x0000022a92a10000]
CodeHeap 'non-nmethods': size=7488Kb used=3006Kb max_used=3136Kb free=4481Kb
 bounds [0x0000022a92a10000, 0x0000022a92d30000, 0x0000022a93160000]
 total_blobs=10044 nmethods=9501 adapters=450
 compilation: enabled
              stopped_count=0, restarted_count=0
 full_count=0

Compilation events (20 events):
Event: 7.041 Thread 0x0000022aac0bc2f0 nmethod 11685 0x0000022a93887690 code [0x0000022a938879a0, 0x0000022a938887d8]
Event: 7.042 Thread 0x0000022aac0bc2f0 11698       4       lombok.javac.JavacNode::traverse (774 bytes)
Event: 7.044 Thread 0x0000022aab59be50 11700       3       lombok.javac.JavacTransformer$AnnotationVisitor::visitAnnotationOnType (34 bytes)
Event: 7.044 Thread 0x0000022aab59be50 nmethod 11700 0x0000022a8c485410 code [0x0000022a8c4855e0, 0x0000022a8c485c08]
Event: 7.045 Thread 0x0000022aab59be50 11701       3       lombok.javac.JavacTransformer$AnnotationVisitor::<init> (15 bytes)
Event: 7.045 Thread 0x0000022aab4f59e0 11702   !   3       lombok.javac.HandlerLibrary::callASTVisitors (88 bytes)
Event: 7.046 Thread 0x0000022aab450090 nmethod 11699 0x0000022a8cb45390 code [0x0000022a8cb46120, 0x0000022a8cb4ea08]
Event: 7.046 Thread 0x0000022aab59be50 nmethod 11701 0x0000022a8c9bdd10 code [0x0000022a8c9bdec0, 0x0000022a8c9be0f8]
Event: 7.047 Thread 0x0000022aab4f59e0 nmethod 11702 0x0000022a8c8fa810 code [0x0000022a8c8fab00, 0x0000022a8c8fbd98]
Event: 7.047 Thread 0x0000022aab450090 11703   !   3       lombok.permit.Permit::invokeSneaky (74 bytes)
Event: 7.054 Thread 0x0000022aab450090 nmethod 11703 0x0000022a8cb52410 code [0x0000022a8cb52dc0, 0x0000022a8cb59268]
Event: 7.055 Thread 0x0000022aab4f59e0 11705       3       com.sun.tools.javac.comp.Modules$$Lambda$157/0x00000008012b8fd0::test (8 bytes)
Event: 7.055 Thread 0x0000022aab59be50 11706       3       com.sun.tools.javac.comp.Modules::lambda$setupAllModules$12 (25 bytes)
Event: 7.056 Thread 0x0000022aab59be50 nmethod 11706 0x0000022a8c484c10 code [0x0000022a8c484de0, 0x0000022a8c485298]
Event: 7.056 Thread 0x0000022aab4f59e0 nmethod 11705 0x0000022a8bac5c90 code [0x0000022a8bac5e80, 0x0000022a8bac64b8]
Event: 7.057 Thread 0x0000022aab450090 11708       3       com.sun.tools.javac.comp.Attr::visitTypeArray (47 bytes)
Event: 7.057 Thread 0x0000022aab450090 nmethod 11708 0x0000022a8bac5190 code [0x0000022a8bac53a0, 0x0000022a8bac5a18]
Event: 7.060 Thread 0x0000022aab4f59e0 11711       3       com.sun.tools.javac.comp.TypeEnter::defaultConstructor (195 bytes)
Event: 7.060 Thread 0x0000022aab450090 11712       3       com.sun.tools.javac.comp.TypeEnter$DefaultConstructorHelper::finalAdjustment (2 bytes)
Event: 7.060 Thread 0x0000022aab450090 nmethod 11712 0x0000022a8c0dc790 code [0x0000022a8c0dc920, 0x0000022a8c0dca38]

GC Heap History (20 events):
Event: 3.671 GC heap before
{Heap before GC invocations=11 (full 0):
 garbage-first heap   total 120832K, used 87092K [0x0000000705e00000, 0x0000000800000000)
  region size 2048K, 18 young (36864K), 2 survivors (4096K)
 Metaspace       used 27660K, committed 28160K, reserved 1114112K
  class space    used 2868K, committed 3136K, reserved 1048576K
}
Event: 3.674 GC heap after
{Heap after GC invocations=12 (full 0):
 garbage-first heap   total 151552K, used 54683K [0x0000000705e00000, 0x0000000800000000)
  region size 2048K, 2 young (4096K), 2 survivors (4096K)
 Metaspace       used 27660K, committed 28160K, reserved 1114112K
  class space    used 2868K, committed 3136K, reserved 1048576K
}
Event: 3.913 GC heap before
{Heap before GC invocations=12 (full 0):
 garbage-first heap   total 151552K, used 107931K [0x0000000705e00000, 0x0000000800000000)
  region size 2048K, 28 young (57344K), 2 survivors (4096K)
 Metaspace       used 28240K, committed 28736K, reserved 1114112K
  class space    used 2954K, committed 3200K, reserved 1048576K
}
Event: 3.916 GC heap after
{Heap after GC invocations=13 (full 0):
 garbage-first heap   total 151552K, used 55240K [0x0000000705e00000, 0x0000000800000000)
  region size 2048K, 2 young (4096K), 2 survivors (4096K)
 Metaspace       used 28240K, committed 28736K, reserved 1114112K
  class space    used 2954K, committed 3200K, reserved 1048576K
}
Event: 4.042 GC heap before
{Heap before GC invocations=13 (full 0):
 garbage-first heap   total 151552K, used 112584K [0x0000000705e00000, 0x0000000800000000)
  region size 2048K, 30 young (61440K), 2 survivors (4096K)
 Metaspace       used 28500K, committed 29056K, reserved 1114112K
  class space    used 2969K, committed 3264K, reserved 1048576K
}
Event: 4.046 GC heap after
{Heap after GC invocations=14 (full 0):
 garbage-first heap   total 151552K, used 56297K [0x0000000705e00000, 0x0000000800000000)
  region size 2048K, 3 young (6144K), 3 survivors (6144K)
 Metaspace       used 28500K, committed 29056K, reserved 1114112K
  class space    used 2969K, committed 3264K, reserved 1048576K
}
Event: 4.119 GC heap before
{Heap before GC invocations=14 (full 0):
 garbage-first heap   total 151552K, used 113641K [0x0000000705e00000, 0x0000000800000000)
  region size 2048K, 31 young (63488K), 3 survivors (6144K)
 Metaspace       used 28583K, committed 29120K, reserved 1114112K
  class space    used 2970K, committed 3264K, reserved 1048576K
}
Event: 4.123 GC heap after
{Heap after GC invocations=15 (full 0):
 garbage-first heap   total 151552K, used 57146K [0x0000000705e00000, 0x0000000800000000)
  region size 2048K, 2 young (4096K), 2 survivors (4096K)
 Metaspace       used 28583K, committed 29120K, reserved 1114112K
  class space    used 2970K, committed 3264K, reserved 1048576K
}
Event: 4.229 GC heap before
{Heap before GC invocations=15 (full 0):
 garbage-first heap   total 151552K, used 116538K [0x0000000705e00000, 0x0000000800000000)
  region size 2048K, 31 young (63488K), 2 survivors (4096K)
 Metaspace       used 28664K, committed 29248K, reserved 1114112K
  class space    used 2972K, committed 3264K, reserved 1048576K
}
Event: 4.233 GC heap after
{Heap after GC invocations=16 (full 0):
 garbage-first heap   total 196608K, used 58106K [0x0000000705e00000, 0x0000000800000000)
  region size 2048K, 2 young (4096K), 2 survivors (4096K)
 Metaspace       used 28664K, committed 29248K, reserved 1114112K
  class space    used 2972K, committed 3264K, reserved 1048576K
}
Event: 4.393 GC heap before
{Heap before GC invocations=16 (full 0):
 garbage-first heap   total 196608K, used 154362K [0x0000000705e00000, 0x0000000800000000)
  region size 2048K, 49 young (100352K), 2 survivors (4096K)
 Metaspace       used 28806K, committed 29376K, reserved 1114112K
  class space    used 2972K, committed 3264K, reserved 1048576K
}
Event: 4.396 GC heap after
{Heap after GC invocations=17 (full 0):
 garbage-first heap   total 196608K, used 58295K [0x0000000705e00000, 0x0000000800000000)
  region size 2048K, 3 young (6144K), 3 survivors (6144K)
 Metaspace       used 28806K, committed 29376K, reserved 1114112K
  class space    used 2972K, committed 3264K, reserved 1048576K
}
Event: 5.223 GC heap before
{Heap before GC invocations=17 (full 0):
 garbage-first heap   total 196608K, used 154551K [0x0000000705e00000, 0x0000000800000000)
  region size 2048K, 50 young (102400K), 3 survivors (6144K)
 Metaspace       used 31394K, committed 32000K, reserved 1114112K
  class space    used 3223K, committed 3520K, reserved 1048576K
}
Event: 5.229 GC heap after
{Heap after GC invocations=18 (full 0):
 garbage-first heap   total 196608K, used 60343K [0x0000000705e00000, 0x0000000800000000)
  region size 2048K, 4 young (8192K), 4 survivors (8192K)
 Metaspace       used 31394K, committed 32000K, reserved 1114112K
  class space    used 3223K, committed 3520K, reserved 1048576K
}
Event: 5.662 GC heap before
{Heap before GC invocations=18 (full 0):
 garbage-first heap   total 196608K, used 160695K [0x0000000705e00000, 0x0000000800000000)
  region size 2048K, 51 young (104448K), 4 survivors (8192K)
 Metaspace       used 31722K, committed 32320K, reserved 1114112K
  class space    used 3237K, committed 3520K, reserved 1048576K
}
Event: 5.667 GC heap after
{Heap after GC invocations=19 (full 0):
 garbage-first heap   total 196608K, used 64513K [0x0000000705e00000, 0x0000000800000000)
  region size 2048K, 5 young (10240K), 5 survivors (10240K)
 Metaspace       used 31722K, committed 32320K, reserved 1114112K
  class space    used 3237K, committed 3520K, reserved 1048576K
}
Event: 6.256 GC heap before
{Heap before GC invocations=19 (full 0):
 garbage-first heap   total 196608K, used 158721K [0x0000000705e00000, 0x0000000800000000)
  region size 2048K, 51 young (104448K), 5 survivors (10240K)
 Metaspace       used 31993K, committed 32576K, reserved 1114112K
  class space    used 3253K, committed 3584K, reserved 1048576K
}
Event: 6.264 GC heap after
{Heap after GC invocations=20 (full 0):
 garbage-first heap   total 196608K, used 78840K [0x0000000705e00000, 0x0000000800000000)
  region size 2048K, 7 young (14336K), 7 survivors (14336K)
 Metaspace       used 31993K, committed 32576K, reserved 1114112K
  class space    used 3253K, committed 3584K, reserved 1048576K
}
Event: 6.767 GC heap before
{Heap before GC invocations=20 (full 0):
 garbage-first heap   total 196608K, used 152568K [0x0000000705e00000, 0x0000000800000000)
  region size 2048K, 43 young (88064K), 7 survivors (14336K)
 Metaspace       used 33164K, committed 33792K, reserved 1114112K
  class space    used 3384K, committed 3712K, reserved 1048576K
}
Event: 6.778 GC heap after
{Heap after GC invocations=21 (full 0):
 garbage-first heap   total 237568K, used 91435K [0x0000000705e00000, 0x0000000800000000)
  region size 2048K, 6 young (12288K), 6 survivors (12288K)
 Metaspace       used 33164K, committed 33792K, reserved 1114112K
  class space    used 3384K, committed 3712K, reserved 1048576K
}

Dll operation events (12 events):
Event: 0.004 Loaded shared library C:\Program Files\Java\jdk-19\bin\java.dll
Event: 0.011 Loaded shared library C:\Program Files\Java\jdk-19\bin\jsvml.dll
Event: 0.040 Loaded shared library C:\Program Files\Java\jdk-19\bin\zip.dll
Event: 0.041 Loaded shared library C:\Program Files\Java\jdk-19\bin\instrument.dll
Event: 0.044 Loaded shared library C:\Program Files\Java\jdk-19\bin\net.dll
Event: 0.045 Loaded shared library C:\Program Files\Java\jdk-19\bin\nio.dll
Event: 0.047 Loaded shared library C:\Program Files\Java\jdk-19\bin\zip.dll
Event: 0.056 Loaded shared library C:\Program Files\JetBrains\IntelliJ IDEA 2022.1.2\bin\breakgen64.dll
Event: 0.061 Loaded shared library C:\Program Files\Java\jdk-19\bin\extnet.dll
Event: 0.104 Loaded shared library C:\Program Files\Java\jdk-19\bin\jimage.dll
Event: 0.139 Loaded shared library C:\Users\99293\AppData\Local\Temp\jansi-2.4.0-cd66649aa0cd9d5f-jansi.dll
Event: 0.144 Loaded shared library C:\Program Files\Java\jdk-19\bin\verify.dll

Deoptimization events (20 events):
Event: 7.029 Thread 0x0000022a8365ef70 Uncommon trap: trap_request=0xffffffc6 fr.pc=0x0000022a938748f0 relative=0x0000000000000330
Event: 7.029 Thread 0x0000022a8365ef70 Uncommon trap: reason=bimorphic_or_optimized_type_check action=maybe_recompile pc=0x0000022a938748f0 method=lombok.javac.JavacNode.traverse(Llombok/javac/JavacASTVisitor;)V @ 73 c2
Event: 7.029 Thread 0x0000022a8365ef70 DEOPT PACKING pc=0x0000022a938748f0 sp=0x0000004a8d6fd980
Event: 7.029 Thread 0x0000022a8365ef70 DEOPT UNPACKING pc=0x0000022a92a76da3 sp=0x0000004a8d6fd908 mode 2
Event: 7.029 Thread 0x0000022a8365ef70 Uncommon trap: trap_request=0xffffffc6 fr.pc=0x0000022a93875018 relative=0x0000000000000a58
Event: 7.029 Thread 0x0000022a8365ef70 Uncommon trap: reason=bimorphic_or_optimized_type_check action=maybe_recompile pc=0x0000022a93875018 method=lombok.javac.JavacNode.traverse(Llombok/javac/JavacASTVisitor;)V @ 113 c2
Event: 7.029 Thread 0x0000022a8365ef70 DEOPT PACKING pc=0x0000022a93875018 sp=0x0000004a8d6fd8a0
Event: 7.029 Thread 0x0000022a8365ef70 DEOPT UNPACKING pc=0x0000022a92a76da3 sp=0x0000004a8d6fd828 mode 2
Event: 7.029 Thread 0x0000022a8365ef70 Uncommon trap: trap_request=0xffffffc6 fr.pc=0x0000022a93874db0 relative=0x00000000000007f0
Event: 7.029 Thread 0x0000022a8365ef70 Uncommon trap: reason=bimorphic_or_optimized_type_check action=maybe_recompile pc=0x0000022a93874db0 method=lombok.javac.JavacNode.traverse(Llombok/javac/JavacASTVisitor;)V @ 193 c2
Event: 7.030 Thread 0x0000022a8365ef70 DEOPT PACKING pc=0x0000022a93874db0 sp=0x0000004a8d6fd7c0
Event: 7.030 Thread 0x0000022a8365ef70 DEOPT UNPACKING pc=0x0000022a92a76da3 sp=0x0000004a8d6fd748 mode 2
Event: 7.030 Thread 0x0000022a8365ef70 Uncommon trap: trap_request=0xffffffc6 fr.pc=0x0000022a93874688 relative=0x00000000000000c8
Event: 7.030 Thread 0x0000022a8365ef70 Uncommon trap: reason=bimorphic_or_optimized_type_check action=maybe_recompile pc=0x0000022a93874688 method=lombok.javac.JavacNode.traverse(Llombok/javac/JavacASTVisitor;)V @ 369 c2
Event: 7.030 Thread 0x0000022a8365ef70 DEOPT PACKING pc=0x0000022a93874688 sp=0x0000004a8d6fd6e0
Event: 7.030 Thread 0x0000022a8365ef70 DEOPT UNPACKING pc=0x0000022a92a76da3 sp=0x0000004a8d6fd668 mode 2
Event: 7.030 Thread 0x0000022a8365ef70 Uncommon trap: trap_request=0xffffffc6 fr.pc=0x0000022a93874688 relative=0x00000000000000c8
Event: 7.030 Thread 0x0000022a8365ef70 Uncommon trap: reason=bimorphic_or_optimized_type_check action=maybe_recompile pc=0x0000022a93874688 method=lombok.javac.JavacNode.traverse(Llombok/javac/JavacASTVisitor;)V @ 369 c2
Event: 7.030 Thread 0x0000022a8365ef70 DEOPT PACKING pc=0x0000022a93874688 sp=0x0000004a8d6fd600
Event: 7.030 Thread 0x0000022a8365ef70 DEOPT UNPACKING pc=0x0000022a92a76da3 sp=0x0000004a8d6fd588 mode 2

Classes loaded (20 events):
Event: 4.816 Loading class java/util/stream/ReduceOps$2
Event: 4.817 Loading class java/util/stream/ReduceOps$2 done
Event: 4.817 Loading class java/util/stream/ReduceOps$2ReducingSink
Event: 4.817 Loading class java/util/stream/ReduceOps$2ReducingSink done
Event: 4.829 Loading class java/io/DataOutputStream
Event: 4.830 Loading class java/io/DataOutputStream done
Event: 4.847 Loading class java/lang/invoke/MethodHandleImpl$CountingWrapper
Event: 4.847 Loading class java/lang/invoke/MethodHandleImpl$CountingWrapper done
Event: 5.192 Loading class java/lang/invoke/MethodHandleImpl$CountingWrapper$1
Event: 5.192 Loading class java/lang/invoke/MethodHandleImpl$CountingWrapper$1 done
Event: 5.902 Loading class java/util/EnumMap$Values
Event: 5.902 Loading class java/util/EnumMap$Values done
Event: 5.902 Loading class java/util/EnumMap$ValueIterator
Event: 5.902 Loading class java/util/EnumMap$ValueIterator done
Event: 5.907 Loading class java/util/WeakHashMap$KeyIterator
Event: 5.907 Loading class java/util/WeakHashMap$KeyIterator done
Event: 5.909 Loading class java/text/MessageFormat$Field
Event: 5.909 Loading class java/text/MessageFormat$Field done
Event: 6.506 Loading class jdk/internal/module/IllegalAccessLogger
Event: 6.506 Loading class jdk/internal/module/IllegalAccessLogger done

Classes unloaded (0 events):
No events

Classes redefined (0 events):
No events

Internal exceptions (20 events):
Event: 6.489 Thread 0x0000022a8365ef70 Exception <a 'sun/nio/fs/WindowsException'{0x000000070da766f0}> (0x000000070da766f0) 
thrown [s\open\src\hotspot\share\prims\jni.cpp, line 517]
Event: 6.764 Thread 0x0000022a8365ef70 Implicit null exception at 0x0000022a9352cf93 to 0x0000022a9352dbc8
Event: 7.008 Thread 0x0000022a8365ef70 Exception <a 'sun/nio/fs/WindowsException'{0x00000007104ee580}> (0x00000007104ee580) 
thrown [s\open\src\hotspot\share\prims\jni.cpp, line 517]
Event: 7.008 Thread 0x0000022a8365ef70 Exception <a 'sun/nio/fs/WindowsException'{0x00000007104ee840}> (0x00000007104ee840) 
thrown [s\open\src\hotspot\share\prims\jni.cpp, line 517]
Event: 7.008 Thread 0x0000022a8365ef70 Exception <a 'sun/nio/fs/WindowsException'{0x00000007104ef778}> (0x00000007104ef778) 
thrown [s\open\src\hotspot\share\prims\jni.cpp, line 517]
Event: 7.008 Thread 0x0000022a8365ef70 Exception <a 'sun/nio/fs/WindowsException'{0x00000007104efb00}> (0x00000007104efb00) 
thrown [s\open\src\hotspot\share\prims\jni.cpp, line 517]
Event: 7.008 Thread 0x0000022a8365ef70 Exception <a 'sun/nio/fs/WindowsException'{0x00000007104f0b00}> (0x00000007104f0b00) 
thrown [s\open\src\hotspot\share\prims\jni.cpp, line 517]
Event: 7.008 Thread 0x0000022a8365ef70 Exception <a 'sun/nio/fs/WindowsException'{0x00000007104f0df0}> (0x00000007104f0df0) 
thrown [s\open\src\hotspot\share\prims\jni.cpp, line 517]
Event: 7.022 Thread 0x0000022a8365ef70 Exception <a 'sun/nio/fs/WindowsException'{0x000000070fa14a28}> (0x000000070fa14a28) 
thrown [s\open\src\hotspot\share\prims\jni.cpp, line 517]
Event: 7.022 Thread 0x0000022a8365ef70 Exception <a 'sun/nio/fs/WindowsException'{0x000000070fa14ce8}> (0x000000070fa14ce8) 
thrown [s\open\src\hotspot\share\prims\jni.cpp, line 517]
Event: 7.022 Thread 0x0000022a8365ef70 Exception <a 'sun/nio/fs/WindowsException'{0x000000070fa15c20}> (0x000000070fa15c20) 
thrown [s\open\src\hotspot\share\prims\jni.cpp, line 517]
Event: 7.022 Thread 0x0000022a8365ef70 Exception <a 'sun/nio/fs/WindowsException'{0x000000070fa15fa8}> (0x000000070fa15fa8) 
thrown [s\open\src\hotspot\share\prims\jni.cpp, line 517]
Event: 7.022 Thread 0x0000022a8365ef70 Exception <a 'sun/nio/fs/WindowsException'{0x000000070fa16fa8}> (0x000000070fa16fa8) 
thrown [s\open\src\hotspot\share\prims\jni.cpp, line 517]
Event: 7.022 Thread 0x0000022a8365ef70 Exception <a 'sun/nio/fs/WindowsException'{0x000000070fa17298}> (0x000000070fa17298) 
thrown [s\open\src\hotspot\share\prims\jni.cpp, line 517]
Event: 7.055 Thread 0x0000022a8365ef70 Exception <a 'sun/nio/fs/WindowsException'{0x000000070e893dc8}> (0x000000070e893dc8) 
thrown [s\open\src\hotspot\share\prims\jni.cpp, line 517]
Event: 7.055 Thread 0x0000022a8365ef70 Exception <a 'sun/nio/fs/WindowsException'{0x000000070e894088}> (0x000000070e894088) 
thrown [s\open\src\hotspot\share\prims\jni.cpp, line 517]
Event: 7.055 Thread 0x0000022a8365ef70 Exception <a 'sun/nio/fs/WindowsException'{0x000000070e894fc0}> (0x000000070e894fc0) 
thrown [s\open\src\hotspot\share\prims\jni.cpp, line 517]
Event: 7.055 Thread 0x0000022a8365ef70 Exception <a 'sun/nio/fs/WindowsException'{0x000000070e895348}> (0x000000070e895348) 
thrown [s\open\src\hotspot\share\prims\jni.cpp, line 517]
Event: 7.055 Thread 0x0000022a8365ef70 Exception <a 'sun/nio/fs/WindowsException'{0x000000070e896348}> (0x000000070e896348) 
thrown [s\open\src\hotspot\share\prims\jni.cpp, line 517]
Event: 7.055 Thread 0x0000022a8365ef70 Exception <a 'sun/nio/fs/WindowsException'{0x000000070e896638}> (0x000000070e896638) 
thrown [s\open\src\hotspot\share\prims\jni.cpp, line 517]

VM Operations (20 events):
Event: 5.779 Executing VM operation: HandshakeAllThreads
Event: 5.779 Executing VM operation: HandshakeAllThreads done
Event: 5.790 Executing VM operation: ICBufferFull
Event: 5.791 Executing VM operation: ICBufferFull done
Event: 5.817 Executing VM operation: HandshakeAllThreads
Event: 5.817 Executing VM operation: HandshakeAllThreads done
Event: 5.841 Executing VM operation: HandshakeAllThreads
Event: 5.841 Executing VM operation: HandshakeAllThreads done
Event: 5.903 Executing VM operation: HandshakeAllThreads
Event: 5.904 Executing VM operation: HandshakeAllThreads done
Event: 6.121 Executing VM operation: ICBufferFull
Event: 6.122 Executing VM operation: ICBufferFull done
Event: 6.256 Executing VM operation: G1CollectForAllocation
Event: 6.264 Executing VM operation: G1CollectForAllocation done
Event: 6.589 Executing VM operation: HandshakeAllThreads
Event: 6.589 Executing VM operation: HandshakeAllThreads done
Event: 6.614 Executing VM operation: ICBufferFull
Event: 6.614 Executing VM operation: ICBufferFull done
Event: 6.767 Executing VM operation: G1CollectForAllocation
Event: 6.778 Executing VM operation: G1CollectForAllocation done

Events (20 events):
Event: 5.839 Thread 0x0000022aab451740 flushing nmethod 0x0000022a8c9afd90
Event: 5.839 Thread 0x0000022aab451740 flushing nmethod 0x0000022a8c9bdd10
Event: 5.839 Thread 0x0000022aab451740 flushing nmethod 0x0000022a8c9cb890
Event: 5.839 Thread 0x0000022aab451740 flushing nmethod 0x0000022a8c9d5c10
Event: 5.839 Thread 0x0000022aab451740 flushing nmethod 0x0000022a8ca05710
Event: 5.839 Thread 0x0000022aab451740 flushing nmethod 0x0000022a8ca0c310
Event: 5.839 Thread 0x0000022aab451740 flushing nmethod 0x0000022a8ca11090
Event: 5.839 Thread 0x0000022aab451740 flushing nmethod 0x0000022a8ca59d10
Event: 5.839 Thread 0x0000022aab451740 flushing nmethod 0x0000022a8ca5a210
Event: 6.590 Thread 0x0000022aab451740 flushing nmethod 0x0000022a9324ff10
Event: 6.592 Thread 0x0000022aab451740 flushing nmethod 0x0000022a9367a810
Event: 6.593 Thread 0x0000022aab451740 flushing nmethod 0x0000022a936d0690
Event: 6.595 Thread 0x0000022aab451740 flushing nmethod 0x0000022a8b683e90
Event: 6.595 Thread 0x0000022aab451740 flushing nmethod 0x0000022a8b6b8c90
Event: 6.602 Thread 0x0000022aab451740 flushing nmethod 0x0000022a8bca0110
Event: 6.607 Thread 0x0000022aab451740 flushing nmethod 0x0000022a8c038910
Event: 6.607 Thread 0x0000022aab451740 flushing nmethod 0x0000022a8c03af90
Event: 6.610 Thread 0x0000022aab451740 flushing nmethod 0x0000022a8c3a5310
Event: 6.612 Thread 0x0000022aab451740 flushing nmethod 0x0000022a8c5b8d90
Event: 6.761 Thread 0x0000022aad941d90 Thread exited: 0x0000022aad941d90


Dynamic libraries:
0x00007ff613990000 - 0x00007ff6139a0000 	C:\Program Files\Java\jdk-19\bin\java.exe
0x00007ffbdd990000 - 0x00007ffbddba6000 	C:\WINDOWS\SYSTEM32\ntdll.dll
0x00007ffbdd690000 - 0x00007ffbdd754000 	C:\WINDOWS\System32\KERNEL32.DLL
0x00007ffbdb210000 - 0x00007ffbdb5b7000 	C:\WINDOWS\System32\KERNELBASE.dll
0x00007ffbdb000000 - 0x00007ffbdb111000 	C:\WINDOWS\System32\ucrtbase.dll
0x00007ffbc8700000 - 0x00007ffbc8718000 	C:\Program Files\Java\jdk-19\bin\jli.dll
0x00007ffbc3290000 - 0x00007ffbc32ab000 	C:\Program Files\Java\jdk-19\bin\VCRUNTIME140.dll
0x00007ffbdcf30000 - 0x00007ffbdcfe2000 	C:\WINDOWS\System32\ADVAPI32.dll
0x00007ffbdce80000 - 0x00007ffbdcf27000 	C:\WINDOWS\System32\msvcrt.dll
0x00007ffbdd1e0000 - 0x00007ffbdd288000 	C:\WINDOWS\System32\sechost.dll
0x00007ffbdb660000 - 0x00007ffbdb688000 	C:\WINDOWS\System32\bcrypt.dll
0x00007ffbdcff0000 - 0x00007ffbdd105000 	C:\WINDOWS\System32\RPCRT4.dll
0x00007ffbdd3e0000 - 0x00007ffbdd58e000 	C:\WINDOWS\System32\USER32.dll
0x00007ffbdb1e0000 - 0x00007ffbdb206000 	C:\WINDOWS\System32\win32u.dll
0x00007ffbbe1c0000 - 0x00007ffbbe453000 	C:\WINDOWS\WinSxS\amd64_microsoft.windows.common-controls_6595b64144ccf1df_6.0.22621.3235_none_270f74e173860f98\COMCTL32.dll
0x00007ffbdd190000 - 0x00007ffbdd1b9000 	C:\WINDOWS\System32\GDI32.dll
0x00007ffbdaee0000 - 0x00007ffbdaff9000 	C:\WINDOWS\System32\gdi32full.dll
0x00007ffbdb5c0000 - 0x00007ffbdb65a000 	C:\WINDOWS\System32\msvcp_win.dll
0x00007ffbd2e00000 - 0x00007ffbd2e0a000 	C:\WINDOWS\SYSTEM32\VERSION.dll
0x00007ffbdcdc0000 - 0x00007ffbdcdf1000 	C:\WINDOWS\System32\IMM32.DLL
0x00007ffbd5cf0000 - 0x00007ffbd5cfc000 	C:\Program Files\Java\jdk-19\bin\vcruntime140_1.dll
0x00007ffb7f390000 - 0x00007ffb7f41e000 	C:\Program Files\Java\jdk-19\bin\msvcp140.dll
0x00007ffb3df90000 - 0x00007ffb3ec50000 	C:\Program Files\Java\jdk-19\bin\server\jvm.dll
0x00007ffbd5db0000 - 0x00007ffbd5db9000 	C:\WINDOWS\SYSTEM32\WSOCK32.dll
0x00007ffbdc3e0000 - 0x00007ffbdc451000 	C:\WINDOWS\System32\WS2_32.dll
0x00007ffbd2480000 - 0x00007ffbd24b4000 	C:\WINDOWS\SYSTEM32\WINMM.dll
0x00007ffbd9db0000 - 0x00007ffbd9dc8000 	C:\WINDOWS\SYSTEM32\kernel.appcore.dll
0x00007ffbc31a0000 - 0x00007ffbc31aa000 	C:\Program Files\Java\jdk-19\bin\jimage.dll
0x00007ffbd7fc0000 - 0x00007ffbd81f3000 	C:\WINDOWS\SYSTEM32\DBGHELP.DLL
0x00007ffbdb790000 - 0x00007ffbdbb18000 	C:\WINDOWS\System32\combase.dll
0x00007ffbdd590000 - 0x00007ffbdd667000 	C:\WINDOWS\System32\OLEAUT32.dll
0x00007ffbd0940000 - 0x00007ffbd0972000 	C:\WINDOWS\SYSTEM32\dbgcore.DLL
0x00007ffbdac80000 - 0x00007ffbdacf9000 	C:\WINDOWS\System32\bcryptPrimitives.dll
0x00007ffbc86f0000 - 0x00007ffbc86fe000 	C:\Program Files\Java\jdk-19\bin\instrument.dll
0x00007ffbc3090000 - 0x00007ffbc30b6000 	C:\Program Files\Java\jdk-19\bin\java.dll
0x00007ffb7eaf0000 - 0x00007ffb7ebc7000 	C:\Program Files\Java\jdk-19\bin\jsvml.dll
0x00007ffbdc4d0000 - 0x00007ffbdcd2c000 	C:\WINDOWS\System32\SHELL32.dll
0x00007ffbd8ba0000 - 0x00007ffbd9499000 	C:\WINDOWS\SYSTEM32\windows.storage.dll
0x00007ffbd8a60000 - 0x00007ffbd8b9e000 	C:\WINDOWS\SYSTEM32\wintypes.dll
0x00007ffbdd290000 - 0x00007ffbdd383000 	C:\WINDOWS\System32\SHCORE.dll
0x00007ffbdd120000 - 0x00007ffbdd17e000 	C:\WINDOWS\System32\shlwapi.dll
0x00007ffbdabb0000 - 0x00007ffbdabd1000 	C:\WINDOWS\SYSTEM32\profapi.dll
0x00007ffbc2ea0000 - 0x00007ffbc2eb8000 	C:\Program Files\Java\jdk-19\bin\zip.dll
0x00007ffbc3180000 - 0x00007ffbc3193000 	C:\Program Files\Java\jdk-19\bin\net.dll
0x00007ffbd4570000 - 0x00007ffbd46a6000 	C:\WINDOWS\SYSTEM32\WINHTTP.dll
0x00007ffbda220000 - 0x00007ffbda289000 	C:\WINDOWS\system32\mswsock.dll
0x00007ffbc2ec0000 - 0x00007ffbc2ed6000 	C:\Program Files\Java\jdk-19\bin\nio.dll
0x00007ffbc7730000 - 0x00007ffbc774a000 	C:\Program Files\JetBrains\IntelliJ IDEA 2022.1.2\bin\breakgen64.dll
0x00007ffbc3080000 - 0x00007ffbc3088000 	C:\Program Files\Java\jdk-19\bin\extnet.dll
0x0000000069ac0000 - 0x0000000069ae4000 	C:\Users\99293\AppData\Local\Temp\jansi-2.4.0-cd66649aa0cd9d5f-jansi.dll
0x00007ffbb8830000 - 0x00007ffbb8840000 	C:\Program Files\Java\jdk-19\bin\verify.dll

dbghelp: loaded successfully - version: 4.0.5 - missing functions: none
symbol engine: initialized successfully - sym options: 0x614 - pdb path: .;C:\Program Files\Java\jdk-19\bin;C:\WINDOWS\SYSTEM32;C:\WINDOWS\WinSxS\amd64_microsoft.windows.common-controls_6595b64144ccf1df_6.0.22621.3235_none_270f74e173860f98;C:\Program Files\Java\jdk-19\bin\server;C:\Program Files\JetBrains\IntelliJ IDEA 2022.1.2\bin;C:\Users\99293\AppData\Local\Temp

VM Arguments:
jvm_args: -Dmaven.multiModuleProjectDirectory=D:\unitedStates duplicates original -Dmaven.home=C:\Users\99293\.m2\wrapper\dists\apache-maven-3.8.6-bin\1ks0nkde5v1pk9vtc31i9d0lcd\apache-maven-3.8.6 -Dclassworlds.conf=C:\Users\99293\.m2\wrapper\dists\apache-maven-3.8.6-bin\1ks0nkde5v1pk9vtc31i9d0lcd\apache-maven-3.8.6\bin\m2.conf -Dmaven.ext.class.path=C:\Program Files\JetBrains\IntelliJ IDEA 2022.1.2\plugins\maven\lib\maven-event-listener.jar -javaagent:C:\Program Files\JetBrains\IntelliJ IDEA 2022.1.2\lib\idea_rt.jar=64668:C:\Program Files\JetBrains\IntelliJ IDEA 2022.1.2\bin -Dfile.encoding=UTF-8 
java_command: org.codehaus.classworlds.Launcher -Didea.version=2022.1.2 package
java_class_path (initial): C:\Users\99293\.m2\wrapper\dists\apache-maven-3.8.6-bin\1ks0nkde5v1pk9vtc31i9d0lcd\apache-maven-3.8.6\boot\plexus-classworlds-2.6.0.jar;C:\Users\99293\.m2\wrapper\dists\apache-maven-3.8.6-bin\1ks0nkde5v1pk9vtc31i9d0lcd\apache-maven-3.8.6\boot\plexus-classworlds.license
Launcher Type: SUN_STANDARD

[Global flags]
     intx CICompilerCount                          = 12                                        {product} {ergonomic}
     uint ConcGCThreads                            = 3                                         {product} {ergonomic}
     uint G1ConcRefinementThreads                  = 13                                        {product} {ergonomic}
   size_t G1HeapRegionSize                         = 2097152                                   {product} {ergonomic}
    uintx GCDrainStackTargetSize                   = 64                                        {product} {ergonomic}
   size_t InitialHeapSize                          = 264241152                                 {product} {ergonomic}
   size_t MarkStackSize                            = 4194304                                   {product} {ergonomic}
   size_t MaxHeapSize                              = 4196401152                                {product} {ergonomic}
   size_t MaxNewSize                               = 2516582400                                {product} {ergonomic}
   size_t MinHeapDeltaBytes                        = 2097152                                   {product} {ergonomic}
   size_t MinHeapSize                              = 8388608                                   {product} {ergonomic}
    uintx NonNMethodCodeHeapSize                   = 7602480                                {pd product} {ergonomic}
    uintx NonProfiledCodeHeapSize                  = 122027880                              {pd product} {ergonomic}
    uintx ProfiledCodeHeapSize                     = 122027880                              {pd product} {ergonomic}
    uintx ReservedCodeCacheSize                    = 251658240                              {pd product} {ergonomic}
     bool SegmentedCodeCache                       = true                                      {product} {ergonomic}
   size_t SoftMaxHeapSize                          = 4196401152                             {manageable} {ergonomic}
     bool UseCompressedClassPointers               = true                           {product lp64_product} {ergonomic}
     bool UseCompressedOops                        = true                           {product lp64_product} {ergonomic}
     bool UseG1GC                                  = true                                      {product} {ergonomic}
     bool UseLargePagesIndividualAllocation        = false                                  {pd product} {ergonomic}

Logging:
Log output configuration:
 #0: stdout all=warning uptime,level,tags foldmultilines=false
 #1: stderr all=off uptime,level,tags foldmultilines=false

Environment Variables:
PATH=C:\Program Files\Common Files\Oracle\Java\javapath;C:\Windows\system32;C:\Windows;C:\Windows\System32\Wbem;C:\Windows\System32\WindowsPowerShell\v1.0\;C:\Windows\System32\OpenSSH\;C:\Program Files (x86)\NVIDIA Corporation\PhysX\Common;C:\Program Files\NVIDIA Corporation\NVIDIA NvDLISR;C:\Program Files\Git\cmd;C:\Program Files (x86)\dotnet\;%SystemRoot%\system32;%SystemRoot%;%SystemRoot%\System32\Wbem;%SYSTEMROOT%\System32\WindowsPowerShell\v1.0\;%SYSTEMROOT%\System32\OpenSSH\;C:\Users\99293\AppData\Local\Programs\Python\Python311\Scripts\;C:\Users\99293\AppData\Local\Programs\Python\Python311\;C:\Users\99293\AppData\Local\Microsoft\WindowsApps;;C:\Program Files\JetBrains\IntelliJ IDEA 2022.1.2\bin;;C:\Program Files\heroku\bin
USERNAME=ASUS
OS=Windows_NT
PROCESSOR_IDENTIFIER=Intel64 Family 6 Model 154 Stepping 3, GenuineIntel
TMP=C:\Users\99293\AppData\Local\Temp
TEMP=C:\Users\99293\AppData\Local\Temp



---------------  S Y S T E M  ---------------

OS:
 Windows 11 , 64 bit Build 22621 (10.0.22621.3374)
OS uptime: 0 days 1:05 hours
Hyper-V role detected

CPU: total 16 (initial active 16) (8 cores per cpu, 2 threads per core) family 6 model 154 stepping 3 microcode 0x41c, cx8, cmov, fxsr, ht, mmx, 3dnowpref, sse, sse2, sse3, ssse3, sse4.1, sse4.2, popcnt, lzcnt, tsc, tscinvbit, avx, avx2, aes, erms, clmul, bmi1, bmi2, adx, sha, fma, vzeroupper, clflush, clflushopt, clwb, hv, serialize, rdtscp, rdpid, fsrm

Memory: 4k page, system-wide physical 16005M (1458M free)
TotalPageFile size 18053M (AvailPageFile size 5M)
current process WorkingSet (physical memory assigned to process): 506M, peak: 511M
current process commit charge ("private bytes"): 566M, peak: 568M

vm_info: Java HotSpot(TM) 64-Bit Server VM (19.0.2+7-44) for windows-amd64 JRE (19.0.2+7-44), built on 2022-11-30T18:02:09Z by "mach5one" with MS VC++ 17.1 (VS2022)

END.
