#
# There is insufficient memory for the Java Runtime Environment to continue.
# Native memory allocation (mmap) failed to map 65536 bytes for Failed to commit metaspace.
# Possible reasons:
#   The system is out of physical RAM or swap space
#   The process is running with CompressedOops enabled, and the Java Heap may be blocking the growth of the native heap
# Possible solutions:
#   Reduce memory load on the system
#   Increase physical memory or swap space
#   Check if swap backing store is full
#   Decrease Java heap size (-Xmx/-Xms)
#   Decrease number of Java threads
#   Decrease Java thread stack sizes (-Xss)
#   Set larger code cache with -XX:ReservedCodeCacheSize=
#   JVM is running with Zero Based Compressed Oops mode in which the Java heap is
#     placed in the first 32GB address space. The Java Heap base address is the
#     maximum limit for the native heap growth. Please use -XX:HeapBaseMinAddress
#     to set the Java Heap base and to place the Java Heap above 32GB virtual address.
# This output file may be truncated or incomplete.
#
#  Out of Memory Error (virtualSpaceNode.cpp:110), pid=19920, tid=19808
#
# JRE version: Java(TM) SE Runtime Environment (19.0.2+7) (build 19.0.2+7-44)
# Java VM: Java HotSpot(TM) 64-Bit Server VM (19.0.2+7-44, mixed mode, sharing, tiered, compressed oops, compressed class ptrs, g1 gc, windows-amd64)
# No core dump will be written. Minidumps are not enabled by default on client versions of Windows
#

---------------  S U M M A R Y ------------

Command Line: C:\Users\99293\AppData\Local\Temp\surefire3759877311473545201\surefirebooter8647405416001753553.jar C:\Users\99293\AppData\Local\Temp\surefire3759877311473545201 2023-12-20T19-44-22_746-jvmRun1 surefire16448291788437046817tmp surefire_0458960875472438595tmp

Host: 12th Gen Intel(R) Core(TM) i7-12650H, 16 cores, 15G,  Windows 11 , 64 bit Build 22621 (10.0.22621.2506)
Time: Wed Dec 20 19:44:23 2023  Windows 11 , 64 bit Build 22621 (10.0.22621.2506) elapsed time: 0.179970 seconds (0d 0h 0m 0s)

---------------  T H R E A D  ---------------

Current thread (0x0000028e65495fc0):  JavaThread "main" [_thread_in_vm, id=19808, stack(0x000000df01200000,0x000000df01300000)]

Stack: [0x000000df01200000,0x000000df01300000]
Native frames: (J=compiled Java code, j=interpreted, Vv=VM code, C=native code)
V  [jvm.dll+0x6ee21a]
V  [jvm.dll+0x85765e]
V  [jvm.dll+0x85904e]
V  [jvm.dll+0x859703]
V  [jvm.dll+0x28298f]
V  [jvm.dll+0x8532db]
V  [jvm.dll+0x692cb6]
V  [jvm.dll+0x692d1a]
V  [jvm.dll+0x695613]
V  [jvm.dll+0x6954de]
V  [jvm.dll+0x6936de]
V  [jvm.dll+0x69dd07]
V  [jvm.dll+0x21e072]
V  [jvm.dll+0x21e5a5]
V  [jvm.dll+0x21ef01]
V  [jvm.dll+0x2146a1]
V  [jvm.dll+0x5a9cb6]
V  [jvm.dll+0x2257aa]
V  [jvm.dll+0x7cc802]
V  [jvm.dll+0x7cdc4a]
V  [jvm.dll+0x7cdf78]
V  [jvm.dll+0x271e1b]
V  [jvm.dll+0x27203f]
V  [jvm.dll+0x5cb4e8]
V  [jvm.dll+0x5ce447]
V  [jvm.dll+0x3ddda7]
V  [jvm.dll+0x3dd3ff]
C  0x0000028e7487c1a1

Java frames: (J=compiled Java code, j=interpreted, Vv=VM code)
j  sun.net.www.protocol.jar.JarFileFactory.get(Ljava/net/URL;Z)Ljava/util/jar/JarFile;+124 java.base@19.0.2
j  sun.net.www.protocol.jar.JarFileFactory.getOrCreate(Ljava/net/URL;Z)Ljava/util/jar/JarFile;+7 java.base@19.0.2
j  sun.net.www.protocol.jar.JarURLConnection.connect()V+43 java.base@19.0.2
j  sun.net.www.protocol.jar.JarURLConnection.getInputStream()Ljava/io/InputStream;+1 java.base@19.0.2
j  java.util.ServiceLoader$LazyClassPathLookupIterator.parse(Ljava/net/URL;)Ljava/util/Iterator;+19 java.base@19.0.2
j  java.util.ServiceLoader$LazyClassPathLookupIterator.nextProviderClass()Ljava/lang/Class;+176 java.base@19.0.2
j  java.util.ServiceLoader$LazyClassPathLookupIterator.hasNextService()Z+15 java.base@19.0.2
j  java.util.ServiceLoader$LazyClassPathLookupIterator.hasNext()Z+11 java.base@19.0.2
j  java.util.ServiceLoader$2.hasNext()Z+16 java.base@19.0.2
j  java.util.ServiceLoader$3.hasNext()Z+32 java.base@19.0.2
j  java.lang.Iterable.forEach(Ljava/util/function/Consumer;)V+13 java.base@19.0.2
j  org.junit.platform.launcher.core.LauncherFactory.create(Lorg/junit/platform/launcher/core/LauncherConfig;)Lorg/junit/platform/launcher/Launcher;+45
j  org.junit.platform.launcher.core.LauncherFactory.create()Lorg/junit/platform/launcher/Launcher;+6
j  org.apache.maven.surefire.junitplatform.JUnitPlatformProvider.<init>(Lorg/apache/maven/surefire/providerapi/ProviderParameters;)V+2
j  java.lang.invoke.DirectMethodHandle$Holder.newInvokeSpecial(Ljava/lang/Object;Ljava/lang/Object;)Ljava/lang/Object;+16 java.base@19.0.2
j  java.lang.invoke.LambdaForm$MH+0x0000000801011400.invoke(Ljava/lang/Object;Ljava/lang/Object;)Ljava/lang/Object;+31 java.base@19.0.2
j  java.lang.invoke.Invokers$Holder.invokeExact_MT(Ljava/lang/Object;Ljava/lang/Object;Ljava/lang/Object;)Ljava/lang/Object;+19 java.base@19.0.2
j  jdk.internal.reflect.DirectConstructorHandleAccessor.invokeImpl([Ljava/lang/Object;)Ljava/lang/Object;+57 java.base@19.0.2
j  jdk.internal.reflect.DirectConstructorHandleAccessor.newInstance([Ljava/lang/Object;)Ljava/lang/Object;+68 java.base@19.0.2
j  java.lang.reflect.Constructor.newInstanceWithCaller([Ljava/lang/Object;ZLjava/lang/Class;)Ljava/lang/Object;+41 java.base@19.0.2
j  java.lang.reflect.Constructor.newInstance([Ljava/lang/Object;)Ljava/lang/Object;+30 java.base@19.0.2
j  org.apache.maven.surefire.util.ReflectionUtils.instantiateOneArg(Ljava/lang/ClassLoader;Ljava/lang/String;Ljava/lang/Class;Ljava/lang/Object;)Ljava/lang/Object;+32
j  org.apache.maven.surefire.booter.ForkedBooter.createProviderInCurrentClassloader(Lorg/apache/maven/surefire/booter/ForkingReporterFactory;)Lorg/apache/maven/surefire/providerapi/SurefireProvider;+148
j  org.apache.maven.surefire.booter.ForkedBooter.invokeProviderInSameClassLoader(Lorg/apache/maven/surefire/booter/ForkingReporterFactory;)Lorg/apache/maven/surefire/suite/RunResult;+2
j  org.apache.maven.surefire.booter.ForkedBooter.runSuitesInProcess()Lorg/apache/maven/surefire/suite/RunResult;+7
j  org.apache.maven.surefire.booter.ForkedBooter.execute()V+1
j  org.apache.maven.surefire.booter.ForkedBooter.main([Ljava/lang/String;)V+35
v  ~StubRoutines::call_stub 0x0000028e7485100e

---------------  P R O C E S S  ---------------

Threads class SMR info:
_java_thread_list=0x0000028e0e2421b0, length=18, elements={
0x0000028e65495fc0, 0x0000028e7ed8b730, 0x0000028e7ed8c520, 0x0000028e7ed8f9c0,
0x0000028e7ed91500, 0x0000028e7ed96290, 0x0000028e7ed9a260, 0x0000028e7ed9aec0,
0x0000028e0e008090, 0x0000028e0e076530, 0x0000028e0e0b9920, 0x0000028e0e188dd0,
0x0000028e0e18db90, 0x0000028e0e1b3ab0, 0x0000028e0e381a20, 0x0000028e0e30a900,
0x0000028e0e2f9ea0, 0x0000028e0e4ad050
}

Java Threads: ( => current thread )
=>0x0000028e65495fc0 JavaThread "main" [_thread_in_vm, id=19808, stack(0x000000df01200000,0x000000df01300000)]
  0x0000028e7ed8b730 JavaThread "Reference Handler" daemon [_thread_blocked, id=22792, stack(0x000000df01900000,0x000000df01a00000)]
  0x0000028e7ed8c520 JavaThread "Finalizer" daemon [_thread_blocked, id=9336, stack(0x000000df01a00000,0x000000df01b00000)]
  0x0000028e7ed8f9c0 JavaThread "Signal Dispatcher" daemon [_thread_blocked, id=12036, stack(0x000000df01b00000,0x000000df01c00000)]
  0x0000028e7ed91500 JavaThread "Attach Listener" daemon [_thread_blocked, id=12448, stack(0x000000df01c00000,0x000000df01d00000)]
  0x0000028e7ed96290 JavaThread "Service Thread" daemon [_thread_blocked, id=17492, stack(0x000000df01d00000,0x000000df01e00000)]
  0x0000028e7ed9a260 JavaThread "Monitor Deflation Thread" daemon [_thread_blocked, id=23072, stack(0x000000df01e00000,0x000000df01f00000)]
  0x0000028e7ed9aec0 JavaThread "C2 CompilerThread0" daemon [_thread_blocked, id=4028, stack(0x000000df01f00000,0x000000df02000000)]
  0x0000028e0e008090 JavaThread "C1 CompilerThread0" daemon [_thread_blocked, id=22488, stack(0x000000df02000000,0x000000df02100000)]
  0x0000028e0e076530 JavaThread "Sweeper thread" daemon [_thread_blocked, id=3604, stack(0x000000df02100000,0x000000df02200000)]
  0x0000028e0e0b9920 JavaThread "C1 CompilerThread1" daemon [_thread_blocked, id=23388, stack(0x000000df02200000,0x000000df02300000)]
  0x0000028e0e188dd0 JavaThread "Notification Thread" daemon [_thread_blocked, id=7280, stack(0x000000df02300000,0x000000df02400000)]
  0x0000028e0e18db90 JavaThread "Common-Cleaner" daemon [_thread_blocked, id=23096, stack(0x000000df02500000,0x000000df02600000)]
  0x0000028e0e1b3ab0 JavaThread "surefire-forkedjvm-command-thread" daemon [_thread_in_native, id=4872, stack(0x000000df02600000,0x000000df02700000)]
  0x0000028e0e381a20 JavaThread "C1 CompilerThread2" daemon [_thread_blocked, id=21204, stack(0x000000df02700000,0x000000df02800000)]
  0x0000028e0e30a900 JavaThread "C2 CompilerThread1" daemon [_thread_blocked, id=4292, stack(0x000000df02800000,0x000000df02900000)]
  0x0000028e0e2f9ea0 JavaThread "C1 CompilerThread3" daemon [_thread_blocked, id=22000, stack(0x000000df02900000,0x000000df02a00000)]
  0x0000028e0e4ad050 JavaThread "surefire-forkedjvm-ping-30s" daemon [_thread_in_vm, id=2208, stack(0x000000df02a00000,0x000000df02b00000)]

Other Threads:
  0x0000028e7ed74490 VMThread "VM Thread" [stack: 0x000000df01800000,0x000000df01900000] [id=14736]
  0x0000028e0e18d730 WatcherThread "VM Periodic Task Thread" [stack: 0x000000df02400000,0x000000df02500000] [id=8664]
  0x0000028e65506b70 WorkerThread "GC Thread#0" [stack: 0x000000df01300000,0x000000df01400000] [id=2644]
  0x0000028e65517e20 ConcurrentGCThread "G1 Main Marker" [stack: 0x000000df01400000,0x000000df01500000] [id=12776]
  0x0000028e65519860 WorkerThread "G1 Conc#0" [stack: 0x000000df01500000,0x000000df01600000] [id=18768]
  0x0000028e7ec29430 ConcurrentGCThread "G1 Refine#0" [stack: 0x000000df01600000,0x000000df01700000] [id=22700]
  0x0000028e7ec29d80 ConcurrentGCThread "G1 Service" [stack: 0x000000df01700000,0x000000df01800000] [id=13812]

Threads with active compile tasks:

VM state: not at safepoint (normal execution)

VM Mutex/Monitor currently owned by a thread:  ([mutex/lock_event])
[0x0000028e632fbc00] Metaspace_lock - owner thread: 0x0000028e65495fc0

Heap address: 0x0000000705e00000, size: 4002 MB, Compressed Oops mode: Zero based, Oop shift amount: 3

CDS archive(s) mapped at: [0x0000000800000000-0x0000000800c40000-0x0000000800c40000), size 12845056, SharedBaseAddress: 0x0000000800000000, ArchiveRelocationMode: 0.
Compressed class space mapped at: 0x0000000801000000-0x0000000841000000, reserved size: 1073741824
Narrow klass base: 0x0000000800000000, Narrow klass shift: 0, Narrow klass range: 0x100000000

GC Precious Log:
 CardTable entry size: 512
 Card Set container configuration: InlinePtr #cards 4 size 8 Array Of Cards #cards 16 size 48 Howl #buckets 8 coarsen threshold 3686 Howl Bitmap #cards 512 size 80 coarsen threshold 460 Card regions per heap region 1 cards per card region 4096
 CPUs: 16 total, 16 available
 Memory: 16005M
 Large Page Support: Disabled
 NUMA Support: Disabled
 Compressed Oops: Enabled (Zero based)
 Heap Region Size: 2M
 Heap Min Capacity: 8M
 Heap Initial Capacity: 252M
 Heap Max Capacity: 4002M
 Pre-touch: Disabled
 Parallel Workers: 13
 Concurrent Workers: 3
 Concurrent Refinement Workers: 13
 Periodic GC: Disabled

Heap:
 garbage-first heap   total 258048K, used 12288K [0x0000000705e00000, 0x0000000800000000)
  region size 2048K, 8 young (16384K), 0 survivors (0K)
 Metaspace       used 2300K, committed 2496K, reserved 1114112K
  class space    used 198K, committed 320K, reserved 1048576K

Heap Regions: E=young(eden), S=young(survivor), O=old, HS=humongous(starts), HC=humongous(continues), CS=collection set, F=free, OA=open archive, CA=closed archive, TAMS=top-at-mark-start (previous, next)
|   0|0x0000000705e00000, 0x0000000705e00000, 0x0000000706000000|  0%| F|  |TAMS 0x0000000705e00000, 0x0000000705e00000| Untracked 
|   1|0x0000000706000000, 0x0000000706000000, 0x0000000706200000|  0%| F|  |TAMS 0x0000000706000000, 0x0000000706000000| Untracked 
|   2|0x0000000706200000, 0x0000000706200000, 0x0000000706400000|  0%| F|  |TAMS 0x0000000706200000, 0x0000000706200000| Untracked 
|   3|0x0000000706400000, 0x0000000706400000, 0x0000000706600000|  0%| F|  |TAMS 0x0000000706400000, 0x0000000706400000| Untracked 
|   4|0x0000000706600000, 0x0000000706600000, 0x0000000706800000|  0%| F|  |TAMS 0x0000000706600000, 0x0000000706600000| Untracked 
|   5|0x0000000706800000, 0x0000000706800000, 0x0000000706a00000|  0%| F|  |TAMS 0x0000000706800000, 0x0000000706800000| Untracked 
|   6|0x0000000706a00000, 0x0000000706a00000, 0x0000000706c00000|  0%| F|  |TAMS 0x0000000706a00000, 0x0000000706a00000| Untracked 
|   7|0x0000000706c00000, 0x0000000706c00000, 0x0000000706e00000|  0%| F|  |TAMS 0x0000000706c00000, 0x0000000706c00000| Untracked 
|   8|0x0000000706e00000, 0x0000000706e00000, 0x0000000707000000|  0%| F|  |TAMS 0x0000000706e00000, 0x0000000706e00000| Untracked 
|   9|0x0000000707000000, 0x0000000707000000, 0x0000000707200000|  0%| F|  |TAMS 0x0000000707000000, 0x0000000707000000| Untracked 
|  10|0x0000000707200000, 0x0000000707200000, 0x0000000707400000|  0%| F|  |TAMS 0x0000000707200000, 0x0000000707200000| Untracked 
|  11|0x0000000707400000, 0x0000000707400000, 0x0000000707600000|  0%| F|  |TAMS 0x0000000707400000, 0x0000000707400000| Untracked 
|  12|0x0000000707600000, 0x0000000707600000, 0x0000000707800000|  0%| F|  |TAMS 0x0000000707600000, 0x0000000707600000| Untracked 
|  13|0x0000000707800000, 0x0000000707800000, 0x0000000707a00000|  0%| F|  |TAMS 0x0000000707800000, 0x0000000707800000| Untracked 
|  14|0x0000000707a00000, 0x0000000707a00000, 0x0000000707c00000|  0%| F|  |TAMS 0x0000000707a00000, 0x0000000707a00000| Untracked 
|  15|0x0000000707c00000, 0x0000000707c00000, 0x0000000707e00000|  0%| F|  |TAMS 0x0000000707c00000, 0x0000000707c00000| Untracked 
|  16|0x0000000707e00000, 0x0000000707e00000, 0x0000000708000000|  0%| F|  |TAMS 0x0000000707e00000, 0x0000000707e00000| Untracked 
|  17|0x0000000708000000, 0x0000000708000000, 0x0000000708200000|  0%| F|  |TAMS 0x0000000708000000, 0x0000000708000000| Untracked 
|  18|0x0000000708200000, 0x0000000708200000, 0x0000000708400000|  0%| F|  |TAMS 0x0000000708200000, 0x0000000708200000| Untracked 
|  19|0x0000000708400000, 0x0000000708400000, 0x0000000708600000|  0%| F|  |TAMS 0x0000000708400000, 0x0000000708400000| Untracked 
|  20|0x0000000708600000, 0x0000000708600000, 0x0000000708800000|  0%| F|  |TAMS 0x0000000708600000, 0x0000000708600000| Untracked 
|  21|0x0000000708800000, 0x0000000708800000, 0x0000000708a00000|  0%| F|  |TAMS 0x0000000708800000, 0x0000000708800000| Untracked 
|  22|0x0000000708a00000, 0x0000000708a00000, 0x0000000708c00000|  0%| F|  |TAMS 0x0000000708a00000, 0x0000000708a00000| Untracked 
|  23|0x0000000708c00000, 0x0000000708c00000, 0x0000000708e00000|  0%| F|  |TAMS 0x0000000708c00000, 0x0000000708c00000| Untracked 
|  24|0x0000000708e00000, 0x0000000708e00000, 0x0000000709000000|  0%| F|  |TAMS 0x0000000708e00000, 0x0000000708e00000| Untracked 
|  25|0x0000000709000000, 0x0000000709000000, 0x0000000709200000|  0%| F|  |TAMS 0x0000000709000000, 0x0000000709000000| Untracked 
|  26|0x0000000709200000, 0x0000000709200000, 0x0000000709400000|  0%| F|  |TAMS 0x0000000709200000, 0x0000000709200000| Untracked 
|  27|0x0000000709400000, 0x0000000709400000, 0x0000000709600000|  0%| F|  |TAMS 0x0000000709400000, 0x0000000709400000| Untracked 
|  28|0x0000000709600000, 0x0000000709600000, 0x0000000709800000|  0%| F|  |TAMS 0x0000000709600000, 0x0000000709600000| Untracked 
|  29|0x0000000709800000, 0x0000000709800000, 0x0000000709a00000|  0%| F|  |TAMS 0x0000000709800000, 0x0000000709800000| Untracked 
|  30|0x0000000709a00000, 0x0000000709a00000, 0x0000000709c00000|  0%| F|  |TAMS 0x0000000709a00000, 0x0000000709a00000| Untracked 
|  31|0x0000000709c00000, 0x0000000709c00000, 0x0000000709e00000|  0%| F|  |TAMS 0x0000000709c00000, 0x0000000709c00000| Untracked 
|  32|0x0000000709e00000, 0x0000000709e00000, 0x000000070a000000|  0%| F|  |TAMS 0x0000000709e00000, 0x0000000709e00000| Untracked 
|  33|0x000000070a000000, 0x000000070a000000, 0x000000070a200000|  0%| F|  |TAMS 0x000000070a000000, 0x000000070a000000| Untracked 
|  34|0x000000070a200000, 0x000000070a200000, 0x000000070a400000|  0%| F|  |TAMS 0x000000070a200000, 0x000000070a200000| Untracked 
|  35|0x000000070a400000, 0x000000070a400000, 0x000000070a600000|  0%| F|  |TAMS 0x000000070a400000, 0x000000070a400000| Untracked 
|  36|0x000000070a600000, 0x000000070a600000, 0x000000070a800000|  0%| F|  |TAMS 0x000000070a600000, 0x000000070a600000| Untracked 
|  37|0x000000070a800000, 0x000000070a800000, 0x000000070aa00000|  0%| F|  |TAMS 0x000000070a800000, 0x000000070a800000| Untracked 
|  38|0x000000070aa00000, 0x000000070aa00000, 0x000000070ac00000|  0%| F|  |TAMS 0x000000070aa00000, 0x000000070aa00000| Untracked 
|  39|0x000000070ac00000, 0x000000070ac00000, 0x000000070ae00000|  0%| F|  |TAMS 0x000000070ac00000, 0x000000070ac00000| Untracked 
|  40|0x000000070ae00000, 0x000000070ae00000, 0x000000070b000000|  0%| F|  |TAMS 0x000000070ae00000, 0x000000070ae00000| Untracked 
|  41|0x000000070b000000, 0x000000070b000000, 0x000000070b200000|  0%| F|  |TAMS 0x000000070b000000, 0x000000070b000000| Untracked 
|  42|0x000000070b200000, 0x000000070b200000, 0x000000070b400000|  0%| F|  |TAMS 0x000000070b200000, 0x000000070b200000| Untracked 
|  43|0x000000070b400000, 0x000000070b400000, 0x000000070b600000|  0%| F|  |TAMS 0x000000070b400000, 0x000000070b400000| Untracked 
|  44|0x000000070b600000, 0x000000070b600000, 0x000000070b800000|  0%| F|  |TAMS 0x000000070b600000, 0x000000070b600000| Untracked 
|  45|0x000000070b800000, 0x000000070b800000, 0x000000070ba00000|  0%| F|  |TAMS 0x000000070b800000, 0x000000070b800000| Untracked 
|  46|0x000000070ba00000, 0x000000070ba00000, 0x000000070bc00000|  0%| F|  |TAMS 0x000000070ba00000, 0x000000070ba00000| Untracked 
|  47|0x000000070bc00000, 0x000000070bc00000, 0x000000070be00000|  0%| F|  |TAMS 0x000000070bc00000, 0x000000070bc00000| Untracked 
|  48|0x000000070be00000, 0x000000070be00000, 0x000000070c000000|  0%| F|  |TAMS 0x000000070be00000, 0x000000070be00000| Untracked 
|  49|0x000000070c000000, 0x000000070c000000, 0x000000070c200000|  0%| F|  |TAMS 0x000000070c000000, 0x000000070c000000| Untracked 
|  50|0x000000070c200000, 0x000000070c200000, 0x000000070c400000|  0%| F|  |TAMS 0x000000070c200000, 0x000000070c200000| Untracked 
|  51|0x000000070c400000, 0x000000070c400000, 0x000000070c600000|  0%| F|  |TAMS 0x000000070c400000, 0x000000070c400000| Untracked 
|  52|0x000000070c600000, 0x000000070c600000, 0x000000070c800000|  0%| F|  |TAMS 0x000000070c600000, 0x000000070c600000| Untracked 
|  53|0x000000070c800000, 0x000000070c800000, 0x000000070ca00000|  0%| F|  |TAMS 0x000000070c800000, 0x000000070c800000| Untracked 
|  54|0x000000070ca00000, 0x000000070ca00000, 0x000000070cc00000|  0%| F|  |TAMS 0x000000070ca00000, 0x000000070ca00000| Untracked 
|  55|0x000000070cc00000, 0x000000070cc00000, 0x000000070ce00000|  0%| F|  |TAMS 0x000000070cc00000, 0x000000070cc00000| Untracked 
|  56|0x000000070ce00000, 0x000000070ce00000, 0x000000070d000000|  0%| F|  |TAMS 0x000000070ce00000, 0x000000070ce00000| Untracked 
|  57|0x000000070d000000, 0x000000070d000000, 0x000000070d200000|  0%| F|  |TAMS 0x000000070d000000, 0x000000070d000000| Untracked 
|  58|0x000000070d200000, 0x000000070d200000, 0x000000070d400000|  0%| F|  |TAMS 0x000000070d200000, 0x000000070d200000| Untracked 
|  59|0x000000070d400000, 0x000000070d400000, 0x000000070d600000|  0%| F|  |TAMS 0x000000070d400000, 0x000000070d400000| Untracked 
|  60|0x000000070d600000, 0x000000070d600000, 0x000000070d800000|  0%| F|  |TAMS 0x000000070d600000, 0x000000070d600000| Untracked 
|  61|0x000000070d800000, 0x000000070d800000, 0x000000070da00000|  0%| F|  |TAMS 0x000000070d800000, 0x000000070d800000| Untracked 
|  62|0x000000070da00000, 0x000000070da00000, 0x000000070dc00000|  0%| F|  |TAMS 0x000000070da00000, 0x000000070da00000| Untracked 
|  63|0x000000070dc00000, 0x000000070dc00000, 0x000000070de00000|  0%| F|  |TAMS 0x000000070dc00000, 0x000000070dc00000| Untracked 
|  64|0x000000070de00000, 0x000000070de00000, 0x000000070e000000|  0%| F|  |TAMS 0x000000070de00000, 0x000000070de00000| Untracked 
|  65|0x000000070e000000, 0x000000070e000000, 0x000000070e200000|  0%| F|  |TAMS 0x000000070e000000, 0x000000070e000000| Untracked 
|  66|0x000000070e200000, 0x000000070e200000, 0x000000070e400000|  0%| F|  |TAMS 0x000000070e200000, 0x000000070e200000| Untracked 
|  67|0x000000070e400000, 0x000000070e400000, 0x000000070e600000|  0%| F|  |TAMS 0x000000070e400000, 0x000000070e400000| Untracked 
|  68|0x000000070e600000, 0x000000070e600000, 0x000000070e800000|  0%| F|  |TAMS 0x000000070e600000, 0x000000070e600000| Untracked 
|  69|0x000000070e800000, 0x000000070e800000, 0x000000070ea00000|  0%| F|  |TAMS 0x000000070e800000, 0x000000070e800000| Untracked 
|  70|0x000000070ea00000, 0x000000070ea00000, 0x000000070ec00000|  0%| F|  |TAMS 0x000000070ea00000, 0x000000070ea00000| Untracked 
|  71|0x000000070ec00000, 0x000000070ec00000, 0x000000070ee00000|  0%| F|  |TAMS 0x000000070ec00000, 0x000000070ec00000| Untracked 
|  72|0x000000070ee00000, 0x000000070ee00000, 0x000000070f000000|  0%| F|  |TAMS 0x000000070ee00000, 0x000000070ee00000| Untracked 
|  73|0x000000070f000000, 0x000000070f000000, 0x000000070f200000|  0%| F|  |TAMS 0x000000070f000000, 0x000000070f000000| Untracked 
|  74|0x000000070f200000, 0x000000070f200000, 0x000000070f400000|  0%| F|  |TAMS 0x000000070f200000, 0x000000070f200000| Untracked 
|  75|0x000000070f400000, 0x000000070f400000, 0x000000070f600000|  0%| F|  |TAMS 0x000000070f400000, 0x000000070f400000| Untracked 
|  76|0x000000070f600000, 0x000000070f600000, 0x000000070f800000|  0%| F|  |TAMS 0x000000070f600000, 0x000000070f600000| Untracked 
|  77|0x000000070f800000, 0x000000070f800000, 0x000000070fa00000|  0%| F|  |TAMS 0x000000070f800000, 0x000000070f800000| Untracked 
|  78|0x000000070fa00000, 0x000000070fa00000, 0x000000070fc00000|  0%| F|  |TAMS 0x000000070fa00000, 0x000000070fa00000| Untracked 
|  79|0x000000070fc00000, 0x000000070fc00000, 0x000000070fe00000|  0%| F|  |TAMS 0x000000070fc00000, 0x000000070fc00000| Untracked 
|  80|0x000000070fe00000, 0x000000070fe00000, 0x0000000710000000|  0%| F|  |TAMS 0x000000070fe00000, 0x000000070fe00000| Untracked 
|  81|0x0000000710000000, 0x0000000710000000, 0x0000000710200000|  0%| F|  |TAMS 0x0000000710000000, 0x0000000710000000| Untracked 
|  82|0x0000000710200000, 0x0000000710200000, 0x0000000710400000|  0%| F|  |TAMS 0x0000000710200000, 0x0000000710200000| Untracked 
|  83|0x0000000710400000, 0x0000000710400000, 0x0000000710600000|  0%| F|  |TAMS 0x0000000710400000, 0x0000000710400000| Untracked 
|  84|0x0000000710600000, 0x0000000710600000, 0x0000000710800000|  0%| F|  |TAMS 0x0000000710600000, 0x0000000710600000| Untracked 
|  85|0x0000000710800000, 0x0000000710800000, 0x0000000710a00000|  0%| F|  |TAMS 0x0000000710800000, 0x0000000710800000| Untracked 
|  86|0x0000000710a00000, 0x0000000710a00000, 0x0000000710c00000|  0%| F|  |TAMS 0x0000000710a00000, 0x0000000710a00000| Untracked 
|  87|0x0000000710c00000, 0x0000000710c00000, 0x0000000710e00000|  0%| F|  |TAMS 0x0000000710c00000, 0x0000000710c00000| Untracked 
|  88|0x0000000710e00000, 0x0000000710e00000, 0x0000000711000000|  0%| F|  |TAMS 0x0000000710e00000, 0x0000000710e00000| Untracked 
|  89|0x0000000711000000, 0x0000000711000000, 0x0000000711200000|  0%| F|  |TAMS 0x0000000711000000, 0x0000000711000000| Untracked 
|  90|0x0000000711200000, 0x0000000711200000, 0x0000000711400000|  0%| F|  |TAMS 0x0000000711200000, 0x0000000711200000| Untracked 
|  91|0x0000000711400000, 0x0000000711400000, 0x0000000711600000|  0%| F|  |TAMS 0x0000000711400000, 0x0000000711400000| Untracked 
|  92|0x0000000711600000, 0x0000000711600000, 0x0000000711800000|  0%| F|  |TAMS 0x0000000711600000, 0x0000000711600000| Untracked 
|  93|0x0000000711800000, 0x0000000711800000, 0x0000000711a00000|  0%| F|  |TAMS 0x0000000711800000, 0x0000000711800000| Untracked 
|  94|0x0000000711a00000, 0x0000000711a00000, 0x0000000711c00000|  0%| F|  |TAMS 0x0000000711a00000, 0x0000000711a00000| Untracked 
|  95|0x0000000711c00000, 0x0000000711c00000, 0x0000000711e00000|  0%| F|  |TAMS 0x0000000711c00000, 0x0000000711c00000| Untracked 
|  96|0x0000000711e00000, 0x0000000711e00000, 0x0000000712000000|  0%| F|  |TAMS 0x0000000711e00000, 0x0000000711e00000| Untracked 
|  97|0x0000000712000000, 0x0000000712000000, 0x0000000712200000|  0%| F|  |TAMS 0x0000000712000000, 0x0000000712000000| Untracked 
|  98|0x0000000712200000, 0x0000000712200000, 0x0000000712400000|  0%| F|  |TAMS 0x0000000712200000, 0x0000000712200000| Untracked 
|  99|0x0000000712400000, 0x0000000712400000, 0x0000000712600000|  0%| F|  |TAMS 0x0000000712400000, 0x0000000712400000| Untracked 
| 100|0x0000000712600000, 0x0000000712600000, 0x0000000712800000|  0%| F|  |TAMS 0x0000000712600000, 0x0000000712600000| Untracked 
| 101|0x0000000712800000, 0x0000000712800000, 0x0000000712a00000|  0%| F|  |TAMS 0x0000000712800000, 0x0000000712800000| Untracked 
| 102|0x0000000712a00000, 0x0000000712a00000, 0x0000000712c00000|  0%| F|  |TAMS 0x0000000712a00000, 0x0000000712a00000| Untracked 
| 103|0x0000000712c00000, 0x0000000712c00000, 0x0000000712e00000|  0%| F|  |TAMS 0x0000000712c00000, 0x0000000712c00000| Untracked 
| 104|0x0000000712e00000, 0x0000000712e00000, 0x0000000713000000|  0%| F|  |TAMS 0x0000000712e00000, 0x0000000712e00000| Untracked 
| 105|0x0000000713000000, 0x0000000713000000, 0x0000000713200000|  0%| F|  |TAMS 0x0000000713000000, 0x0000000713000000| Untracked 
| 106|0x0000000713200000, 0x0000000713200000, 0x0000000713400000|  0%| F|  |TAMS 0x0000000713200000, 0x0000000713200000| Untracked 
| 107|0x0000000713400000, 0x0000000713400000, 0x0000000713600000|  0%| F|  |TAMS 0x0000000713400000, 0x0000000713400000| Untracked 
| 108|0x0000000713600000, 0x0000000713600000, 0x0000000713800000|  0%| F|  |TAMS 0x0000000713600000, 0x0000000713600000| Untracked 
| 109|0x0000000713800000, 0x0000000713800000, 0x0000000713a00000|  0%| F|  |TAMS 0x0000000713800000, 0x0000000713800000| Untracked 
| 110|0x0000000713a00000, 0x0000000713a00000, 0x0000000713c00000|  0%| F|  |TAMS 0x0000000713a00000, 0x0000000713a00000| Untracked 
| 111|0x0000000713c00000, 0x0000000713c00000, 0x0000000713e00000|  0%| F|  |TAMS 0x0000000713c00000, 0x0000000713c00000| Untracked 
| 112|0x0000000713e00000, 0x0000000713e00000, 0x0000000714000000|  0%| F|  |TAMS 0x0000000713e00000, 0x0000000713e00000| Untracked 
| 113|0x0000000714000000, 0x0000000714000000, 0x0000000714200000|  0%| F|  |TAMS 0x0000000714000000, 0x0000000714000000| Untracked 
| 114|0x0000000714200000, 0x0000000714200000, 0x0000000714400000|  0%| F|  |TAMS 0x0000000714200000, 0x0000000714200000| Untracked 
| 115|0x0000000714400000, 0x0000000714400000, 0x0000000714600000|  0%| F|  |TAMS 0x0000000714400000, 0x0000000714400000| Untracked 
| 116|0x0000000714600000, 0x0000000714600000, 0x0000000714800000|  0%| F|  |TAMS 0x0000000714600000, 0x0000000714600000| Untracked 
| 117|0x0000000714800000, 0x0000000714800000, 0x0000000714a00000|  0%| F|  |TAMS 0x0000000714800000, 0x0000000714800000| Untracked 
| 118|0x0000000714a00000, 0x0000000714c00000, 0x0000000714c00000|100%| E|  |TAMS 0x0000000714a00000, 0x0000000714a00000| Complete 
| 119|0x0000000714c00000, 0x0000000714e00000, 0x0000000714e00000|100%| E|CS|TAMS 0x0000000714c00000, 0x0000000714c00000| Complete 
| 120|0x0000000714e00000, 0x0000000715000000, 0x0000000715000000|100%| E|CS|TAMS 0x0000000714e00000, 0x0000000714e00000| Complete 
| 121|0x0000000715000000, 0x0000000715200000, 0x0000000715200000|100%| E|  |TAMS 0x0000000715000000, 0x0000000715000000| Complete 
| 122|0x0000000715200000, 0x0000000715400000, 0x0000000715400000|100%| E|CS|TAMS 0x0000000715200000, 0x0000000715200000| Complete 
| 123|0x0000000715400000, 0x0000000715600000, 0x0000000715600000|100%| E|CS|TAMS 0x0000000715400000, 0x0000000715400000| Complete 
| 124|0x0000000715600000, 0x0000000715800000, 0x0000000715800000|100%| E|CS|TAMS 0x0000000715600000, 0x0000000715600000| Complete 
| 125|0x0000000715800000, 0x0000000715a00000, 0x0000000715a00000|100%| E|CS|TAMS 0x0000000715800000, 0x0000000715800000| Complete 

Card table byte_map: [0x0000028e7d470000,0x0000028e7dc50000] _byte_map_base: 0x0000028e79c41000

Marking Bits (Prev, Next): (CMBitMap*) 0x0000028e655071a0, (CMBitMap*) 0x0000028e655071e0
 Prev Bits: [0x0000028e00000000, 0x0000028e03e88000)
 Next Bits: [0x0000028e03e90000, 0x0000028e07d18000)

Polling page: 0x0000028e63400000

Metaspace:

Usage:
  Non-class:      2.05 MB used.
      Class:    198.32 KB used.
       Both:      2.25 MB used.

Virtual space:
  Non-class space:       64.00 MB reserved,       2.12 MB (  3%) committed,  1 nodes.
      Class space:        1.00 GB reserved,     320.00 KB ( <1%) committed,  1 nodes.
             Both:        1.06 GB reserved,       2.44 MB ( <1%) committed. 

Chunk freelists:
   Non-Class:  3.50 MB
       Class:  3.67 MB
        Both:  7.16 MB

MaxMetaspaceSize: unlimited
CompressedClassSpaceSize: 1.00 GB
Initial GC threshold: 21.00 MB
Current GC threshold: 21.00 MB
CDS: on
MetaspaceReclaimPolicy: balanced
 - commit_granule_bytes: 65536.
 - commit_granule_words: 8192.
 - virtual_space_node_default_size: 8388608.
 - enlarge_chunks_in_place: 1.
 - new_chunks_are_fully_committed: 0.
 - uncommit_free_chunks: 1.
 - use_allocation_guard: 0.


Internal statistics:

num_allocs_failed_limit: 0.
num_arena_births: 28.
num_arena_deaths: 0.
num_vsnodes_births: 2.
num_vsnodes_deaths: 0.
num_space_committed: 39.
num_space_uncommitted: 0.
num_chunks_returned_to_freelist: 0.
num_chunks_taken_from_freelist: 57.
num_chunk_merges: 0.
num_chunk_splits: 37.
num_chunks_enlarged: 29.
num_inconsistent_stats: 0.

CodeHeap 'non-profiled nmethods': size=119168Kb used=206Kb max_used=206Kb free=118961Kb
 bounds [0x0000028e74fa0000, 0x0000028e75210000, 0x0000028e7c400000]
CodeHeap 'profiled nmethods': size=119104Kb used=1196Kb max_used=1196Kb free=117907Kb
 bounds [0x0000028e6d400000, 0x0000028e6d670000, 0x0000028e74850000]
CodeHeap 'non-nmethods': size=7488Kb used=2927Kb max_used=2943Kb free=4560Kb
 bounds [0x0000028e74850000, 0x0000028e74b40000, 0x0000028e74fa0000]
 total_blobs=1170 nmethods=721 adapters=357
 compilation: enabled
              stopped_count=0, restarted_count=0
 full_count=0

Compilation events (20 events):
Event: 0.176 Thread 0x0000028e0e0b9920 nmethod 708 0x0000028e6d525890 code [0x0000028e6d525a60, 0x0000028e6d525e58]
Event: 0.176 Thread 0x0000028e0e0b9920  714       3       java.util.concurrent.ConcurrentHashMap$BaseIterator::hasNext (13 bytes)
Event: 0.176 Thread 0x0000028e7ed9aec0 nmethod 711 0x0000028e74fd2290 code [0x0000028e74fd2400, 0x0000028e74fd2458]
Event: 0.176 Thread 0x0000028e0e2f9ea0 nmethod 706 0x0000028e6d526090 code [0x0000028e6d5262e0, 0x0000028e6d526c98]
Event: 0.176 Thread 0x0000028e0e2f9ea0  715       3       java.lang.Enum::<init> (15 bytes)
Event: 0.177 Thread 0x0000028e0e0b9920 nmethod 714 0x0000028e6d528290 code [0x0000028e6d528420, 0x0000028e6d528598]
Event: 0.177 Thread 0x0000028e0e381a20 nmethod 712 0x0000028e6d527190 code [0x0000028e6d5273e0, 0x0000028e6d528008]
Event: 0.177 Thread 0x0000028e0e2f9ea0 nmethod 715 0x0000028e6d528610 code [0x0000028e6d5287c0, 0x0000028e6d528998]
Event: 0.177 Thread 0x0000028e0e008090 nmethod 713 0x0000028e6d528a90 code [0x0000028e6d528ce0, 0x0000028e6d529858]
Event: 0.177 Thread 0x0000028e0e381a20  716       3       java.lang.invoke.MemberName::getInvocationType (56 bytes)
Event: 0.178 Thread 0x0000028e7ed9aec0  717       4       java.lang.StringLatin1::replace (198 bytes)
Event: 0.178 Thread 0x0000028e0e381a20 nmethod 716 0x0000028e6d529d10 code [0x0000028e6d529f40, 0x0000028e6d52a868]
Event: 0.178 Thread 0x0000028e0e381a20  718       1       java.lang.invoke.MethodType::rtype (5 bytes)
Event: 0.178 Thread 0x0000028e0e381a20 nmethod 718 0x0000028e74fd2590 code [0x0000028e74fd2720, 0x0000028e74fd27f8]
Event: 0.178 Thread 0x0000028e0e30a900  719       4       java.nio.DirectByteBuffer::ix (10 bytes)
Event: 0.178 Thread 0x0000028e0e008090  720       3       jdk.internal.jimage.ImageLocation::readValue (61 bytes)
Event: 0.178 Thread 0x0000028e0e30a900 nmethod 719 0x0000028e74fd2890 code [0x0000028e74fd2a00, 0x0000028e74fd2a78]
Event: 0.178 Thread 0x0000028e0e008090 nmethod 720 0x0000028e6d52ab10 code [0x0000028e6d52ace0, 0x0000028e6d52b0b8]
Event: 0.178 Thread 0x0000028e0e30a900  721       4       java.lang.String::isLatin1 (19 bytes)
Event: 0.179 Thread 0x0000028e0e30a900 nmethod 721 0x0000028e74fd2b90 code [0x0000028e74fd2d00, 0x0000028e74fd2d98]

GC Heap History (0 events):
No events

Dll operation events (9 events):
Event: 0.004 Loaded shared library C:\Program Files\Java\jdk-19\bin\java.dll
Event: 0.012 Loaded shared library C:\Program Files\Java\jdk-19\bin\jsvml.dll
Event: 0.037 Loaded shared library C:\Program Files\Java\jdk-19\bin\net.dll
Event: 0.039 Loaded shared library C:\Program Files\Java\jdk-19\bin\nio.dll
Event: 0.040 Loaded shared library C:\Program Files\Java\jdk-19\bin\zip.dll
Event: 0.066 Loaded shared library C:\Program Files\Java\jdk-19\bin\management.dll
Event: 0.069 Loaded shared library C:\Program Files\Java\jdk-19\bin\management_ext.dll
Event: 0.088 Loaded shared library C:\Program Files\Java\jdk-19\bin\jimage.dll
Event: 0.117 Loaded shared library C:\Program Files\Java\jdk-19\bin\verify.dll

Deoptimization events (20 events):
Event: 0.110 Thread 0x0000028e65495fc0 Uncommon trap: trap_request=0xffffff45 fr.pc=0x0000028e74fb3064 relative=0x0000000000000144
Event: 0.110 Thread 0x0000028e65495fc0 Uncommon trap: reason=unstable_if action=reinterpret pc=0x0000028e74fb3064 method=java.util.concurrent.locks.ReentrantLock$NonfairSync.initialTryLock()Z @ 10 c2
Event: 0.110 Thread 0x0000028e65495fc0 DEOPT PACKING pc=0x0000028e74fb3064 sp=0x000000df012feeb0
Event: 0.110 Thread 0x0000028e65495fc0 DEOPT UNPACKING pc=0x0000028e748b6da3 sp=0x000000df012fee58 mode 2
Event: 0.111 Thread 0x0000028e0e4ad050 DEOPT PACKING pc=0x0000028e6d41bae7 sp=0x000000df02afe140
Event: 0.111 Thread 0x0000028e0e4ad050 DEOPT UNPACKING pc=0x0000028e748b7543 sp=0x000000df02afd560 mode 0
Event: 0.133 Thread 0x0000028e0e4ad050 Uncommon trap: trap_request=0xffffff45 fr.pc=0x0000028e74fb98bc relative=0x00000000000006bc
Event: 0.133 Thread 0x0000028e0e4ad050 Uncommon trap: reason=unstable_if action=reinterpret pc=0x0000028e74fb98bc method=java.util.regex.Matcher.search(I)Z @ 30 c2
Event: 0.133 Thread 0x0000028e0e4ad050 DEOPT PACKING pc=0x0000028e74fb98bc sp=0x000000df02afec30
Event: 0.133 Thread 0x0000028e0e4ad050 DEOPT UNPACKING pc=0x0000028e748b6da3 sp=0x000000df02afec10 mode 2
Event: 0.155 Thread 0x0000028e65495fc0 DEOPT PACKING pc=0x0000028e6d4e0cde sp=0x000000df012fe690
Event: 0.155 Thread 0x0000028e65495fc0 DEOPT UNPACKING pc=0x0000028e748b7543 sp=0x000000df012fdb68 mode 0
Event: 0.161 Thread 0x0000028e65495fc0 DEOPT PACKING pc=0x0000028e6d4f2334 sp=0x000000df012fe930
Event: 0.161 Thread 0x0000028e65495fc0 DEOPT UNPACKING pc=0x0000028e748b7543 sp=0x000000df012fdda0 mode 0
Event: 0.161 Thread 0x0000028e65495fc0 DEOPT PACKING pc=0x0000028e6d4f2334 sp=0x000000df012fe930
Event: 0.161 Thread 0x0000028e65495fc0 DEOPT UNPACKING pc=0x0000028e748b7543 sp=0x000000df012fdda0 mode 0
Event: 0.164 Thread 0x0000028e65495fc0 DEOPT PACKING pc=0x0000028e6d41d468 sp=0x000000df012fe780
Event: 0.164 Thread 0x0000028e65495fc0 DEOPT UNPACKING pc=0x0000028e748b7543 sp=0x000000df012fdc10 mode 0
Event: 0.169 Thread 0x0000028e65495fc0 DEOPT PACKING pc=0x0000028e6d41d468 sp=0x000000df012fd890
Event: 0.169 Thread 0x0000028e65495fc0 DEOPT UNPACKING pc=0x0000028e748b7543 sp=0x000000df012fcd20 mode 0

Classes loaded (20 events):
Event: 0.167 Loading class java/io/UncheckedIOException done
Event: 0.177 Loading class java/lang/invoke/DirectMethodHandle$Special
Event: 0.177 Loading class java/lang/invoke/DirectMethodHandle$Special done
Event: 0.178 Loading class sun/net/www/protocol/jar/JarURLConnection
Event: 0.179 Loading class java/net/JarURLConnection
Event: 0.179 Loading class java/net/URLConnection
Event: 0.179 Loading class java/net/URLConnection done
Event: 0.179 Loading class java/net/JarURLConnection done
Event: 0.179 Loading class sun/net/www/protocol/jar/JarURLConnection done
Event: 0.179 Loading class sun/net/www/protocol/jar/JarFileFactory
Event: 0.179 Loading class sun/net/www/protocol/jar/URLJarFile$URLJarFileCloseController
Event: 0.179 Loading class sun/net/www/protocol/jar/URLJarFile$URLJarFileCloseController done
Event: 0.179 Loading class sun/net/www/protocol/jar/JarFileFactory done
Event: 0.179 Loading class sun/net/www/protocol/file/FileURLConnection
Event: 0.179 Loading class sun/net/www/URLConnection
Event: 0.179 Loading class sun/net/www/URLConnection done
Event: 0.179 Loading class sun/net/www/protocol/file/FileURLConnection done
Event: 0.179 Loading class sun/net/www/MessageHeader
Event: 0.179 Loading class sun/net/www/MessageHeader done
Event: 0.179 Loading class sun/net/www/protocol/jar/URLJarFile

Classes unloaded (0 events):
No events

Classes redefined (0 events):
No events

Internal exceptions (6 events):
Event: 0.062 Thread 0x0000028e65495fc0 Exception <a 'java/lang/NoSuchMethodError'{0x0000000715741678}: 'java.lang.Object java.lang.invoke.DirectMethodHandle$Holder.invokeStaticInit(java.lang.Object)'> (0x0000000715741678) 
thrown [s\open\src\hotspot\share\interpreter\linkResolver.cpp, line 774]
Event: 0.074 Thread 0x0000028e65495fc0 Exception <a 'java/lang/NoSuchMethodError'{0x00000007157e9fd8}: 'int java.lang.invoke.DirectMethodHandle$Holder.invokeSpecial(java.lang.Object, java.lang.Object, java.lang.Object)'> (0x00000007157e9fd8) 
thrown [s\open\src\hotspot\share\interpreter\linkResolver.cpp, line 774]
Event: 0.126 Thread 0x0000028e0e4ad050 Exception <a 'java/lang/NoSuchMethodError'{0x00000007152a6728}: 'void java.lang.invoke.DirectMethodHandle$Holder.invokeStatic(java.lang.Object, long)'> (0x00000007152a6728) 
thrown [s\open\src\hotspot\share\interpreter\linkResolver.cpp, line 774]
Event: 0.127 Thread 0x0000028e0e4ad050 Exception <a 'java/lang/NoSuchMethodError'{0x00000007152abe20}: 'java.lang.Object java.lang.invoke.DirectMethodHandle$Holder.newInvokeSpecial(java.lang.Object, long)'> (0x00000007152abe20) 
thrown [s\open\src\hotspot\share\interpreter\linkResolver.cpp, line 774]
Event: 0.128 Thread 0x0000028e0e4ad050 Exception <a 'java/lang/NoSuchMethodError'{0x00000007152b42a8}: 'java.lang.Object java.lang.invoke.DirectMethodHandle$Holder.invokeStatic(java.lang.Object, long, java.lang.Object)'> (0x00000007152b42a8) 
thrown [s\open\src\hotspot\share\interpreter\linkResolver.cpp, line 774]
Event: 0.128 Thread 0x0000028e0e4ad050 Exception <a 'java/lang/NoSuchMethodError'{0x00000007152b7cd8}: 'java.lang.Object java.lang.invoke.DirectMethodHandle$Holder.invokeStaticInit(java.lang.Object, long, java.lang.Object)'> (0x00000007152b7cd8) 
thrown [s\open\src\hotspot\share\interpreter\linkResolver.cpp, line 774]

VM Operations (6 events):
Event: 0.040 Executing VM operation: HandshakeAllThreads
Event: 0.040 Executing VM operation: HandshakeAllThreads done
Event: 0.102 Executing VM operation: HandshakeAllThreads
Event: 0.102 Executing VM operation: HandshakeAllThreads done
Event: 0.110 Executing VM operation: HandshakeAllThreads
Event: 0.110 Executing VM operation: HandshakeAllThreads done

Events (18 events):
Event: 0.012 Thread 0x0000028e65495fc0 Thread added: 0x0000028e65495fc0
Event: 0.020 Thread 0x0000028e7ed8b730 Thread added: 0x0000028e7ed8b730
Event: 0.021 Thread 0x0000028e7ed8c520 Thread added: 0x0000028e7ed8c520
Event: 0.021 Thread 0x0000028e7ed8f9c0 Thread added: 0x0000028e7ed8f9c0
Event: 0.021 Thread 0x0000028e7ed91500 Thread added: 0x0000028e7ed91500
Event: 0.022 Thread 0x0000028e7ed96290 Thread added: 0x0000028e7ed96290
Event: 0.022 Thread 0x0000028e7ed9a260 Thread added: 0x0000028e7ed9a260
Event: 0.022 Thread 0x0000028e7ed9aec0 Thread added: 0x0000028e7ed9aec0
Event: 0.024 Thread 0x0000028e0e008090 Thread added: 0x0000028e0e008090
Event: 0.025 Thread 0x0000028e0e076530 Thread added: 0x0000028e0e076530
Event: 0.028 Thread 0x0000028e0e0b9920 Thread added: 0x0000028e0e0b9920
Event: 0.034 Thread 0x0000028e0e188dd0 Thread added: 0x0000028e0e188dd0
Event: 0.035 Thread 0x0000028e0e18db90 Thread added: 0x0000028e0e18db90
Event: 0.051 Thread 0x0000028e0e1b3ab0 Thread added: 0x0000028e0e1b3ab0
Event: 0.085 Thread 0x0000028e0e381a20 Thread added: 0x0000028e0e381a20
Event: 0.095 Thread 0x0000028e0e30a900 Thread added: 0x0000028e0e30a900
Event: 0.097 Thread 0x0000028e0e2f9ea0 Thread added: 0x0000028e0e2f9ea0
Event: 0.110 Thread 0x0000028e0e4ad050 Thread added: 0x0000028e0e4ad050


Dynamic libraries:
0x00007ff6688b0000 - 0x00007ff6688c0000 	C:\Program Files\Java\jdk-19\bin\java.exe
0x00007ffc8d070000 - 0x00007ffc8d287000 	C:\WINDOWS\SYSTEM32\ntdll.dll
0x00007ffc8b8a0000 - 0x00007ffc8b964000 	C:\WINDOWS\System32\KERNEL32.DLL
0x00007ffc8a3b0000 - 0x00007ffc8a755000 	C:\WINDOWS\System32\KERNELBASE.dll
0x00007ffc8a8b0000 - 0x00007ffc8a9c1000 	C:\WINDOWS\System32\ucrtbase.dll
0x00007ffc85440000 - 0x00007ffc85458000 	C:\Program Files\Java\jdk-19\bin\jli.dll
0x00007ffc85420000 - 0x00007ffc8543b000 	C:\Program Files\Java\jdk-19\bin\VCRUNTIME140.dll
0x00007ffc8c5c0000 - 0x00007ffc8c671000 	C:\WINDOWS\System32\ADVAPI32.dll
0x00007ffc8bfe0000 - 0x00007ffc8c087000 	C:\WINDOWS\System32\msvcrt.dll
0x00007ffc8c980000 - 0x00007ffc8ca26000 	C:\WINDOWS\System32\sechost.dll
0x00007ffc8b970000 - 0x00007ffc8ba87000 	C:\WINDOWS\System32\RPCRT4.dll
0x00007ffc73e80000 - 0x00007ffc74113000 	C:\WINDOWS\WinSxS\amd64_microsoft.windows.common-controls_6595b64144ccf1df_6.0.22621.2506_none_270c5ae97388e100\COMCTL32.dll
0x00007ffc8ca40000 - 0x00007ffc8cbee000 	C:\WINDOWS\System32\USER32.dll
0x00007ffc8c520000 - 0x00007ffc8c549000 	C:\WINDOWS\System32\GDI32.dll
0x00007ffc8a760000 - 0x00007ffc8a786000 	C:\WINDOWS\System32\win32u.dll
0x00007ffc8ac70000 - 0x00007ffc8ad89000 	C:\WINDOWS\System32\gdi32full.dll
0x00007ffc8a810000 - 0x00007ffc8a8aa000 	C:\WINDOWS\System32\msvcp_win.dll
0x00007ffc82e90000 - 0x00007ffc82e9a000 	C:\WINDOWS\SYSTEM32\VERSION.dll
0x00007ffc8ce30000 - 0x00007ffc8ce61000 	C:\WINDOWS\System32\IMM32.DLL
0x00007ffc85500000 - 0x00007ffc8550c000 	C:\Program Files\Java\jdk-19\bin\vcruntime140_1.dll
0x00007ffc80c70000 - 0x00007ffc80cfe000 	C:\Program Files\Java\jdk-19\bin\msvcp140.dll
0x00007ffc1ea60000 - 0x00007ffc1f720000 	C:\Program Files\Java\jdk-19\bin\server\jvm.dll
0x00007ffc853f0000 - 0x00007ffc853f9000 	C:\WINDOWS\SYSTEM32\WSOCK32.dll
0x00007ffc8ce70000 - 0x00007ffc8cee1000 	C:\WINDOWS\System32\WS2_32.dll
0x00007ffc83650000 - 0x00007ffc83684000 	C:\WINDOWS\SYSTEM32\WINMM.dll
0x00007ffc894a0000 - 0x00007ffc894b8000 	C:\WINDOWS\SYSTEM32\kernel.appcore.dll
0x00007ffc853a0000 - 0x00007ffc853aa000 	C:\Program Files\Java\jdk-19\bin\jimage.dll
0x00007ffc87b30000 - 0x00007ffc87d63000 	C:\WINDOWS\SYSTEM32\DBGHELP.DLL
0x00007ffc8bc50000 - 0x00007ffc8bfd9000 	C:\WINDOWS\System32\combase.dll
0x00007ffc8af60000 - 0x00007ffc8b037000 	C:\WINDOWS\System32\OLEAUT32.dll
0x00007ffc81320000 - 0x00007ffc81352000 	C:\WINDOWS\SYSTEM32\dbgcore.DLL
0x00007ffc8a790000 - 0x00007ffc8a80a000 	C:\WINDOWS\System32\bcryptPrimitives.dll
0x00007ffc83940000 - 0x00007ffc83966000 	C:\Program Files\Java\jdk-19\bin\java.dll
0x00007ffc80630000 - 0x00007ffc80707000 	C:\Program Files\Java\jdk-19\bin\jsvml.dll
0x00007ffc8b040000 - 0x00007ffc8b899000 	C:\WINDOWS\System32\SHELL32.dll
0x00007ffc882a0000 - 0x00007ffc88b94000 	C:\WINDOWS\SYSTEM32\windows.storage.dll
0x00007ffc88160000 - 0x00007ffc8829e000 	C:\WINDOWS\SYSTEM32\wintypes.dll
0x00007ffc8ae40000 - 0x00007ffc8af33000 	C:\WINDOWS\System32\SHCORE.dll
0x00007ffc8c8d0000 - 0x00007ffc8c92e000 	C:\WINDOWS\System32\shlwapi.dll
0x00007ffc8a2e0000 - 0x00007ffc8a306000 	C:\WINDOWS\SYSTEM32\profapi.dll
0x00007ffc84250000 - 0x00007ffc84263000 	C:\Program Files\Java\jdk-19\bin\net.dll
0x00007ffc84a40000 - 0x00007ffc84b77000 	C:\WINDOWS\SYSTEM32\WINHTTP.dll
0x00007ffc89920000 - 0x00007ffc89989000 	C:\WINDOWS\system32\mswsock.dll
0x00007ffc833e0000 - 0x00007ffc833f6000 	C:\Program Files\Java\jdk-19\bin\nio.dll
0x00007ffc83290000 - 0x00007ffc832a8000 	C:\Program Files\Java\jdk-19\bin\zip.dll
0x00007ffc84230000 - 0x00007ffc8423a000 	C:\Program Files\Java\jdk-19\bin\management.dll
0x00007ffc83930000 - 0x00007ffc8393b000 	C:\Program Files\Java\jdk-19\bin\management_ext.dll
0x00007ffc8cef0000 - 0x00007ffc8cef8000 	C:\WINDOWS\System32\PSAPI.DLL
0x00007ffc85390000 - 0x00007ffc853a0000 	C:\Program Files\Java\jdk-19\bin\verify.dll

dbghelp: loaded successfully - version: 4.0.5 - missing functions: none
symbol engine: initialized successfully - sym options: 0x614 - pdb path: .;C:\Program Files\Java\jdk-19\bin;C:\WINDOWS\SYSTEM32;C:\WINDOWS\WinSxS\amd64_microsoft.windows.common-controls_6595b64144ccf1df_6.0.22621.2506_none_270c5ae97388e100;C:\Program Files\Java\jdk-19\bin\server

VM Arguments:
java_command: C:\Users\99293\AppData\Local\Temp\surefire3759877311473545201\surefirebooter8647405416001753553.jar C:\Users\99293\AppData\Local\Temp\surefire3759877311473545201 2023-12-20T19-44-22_746-jvmRun1 surefire16448291788437046817tmp surefire_0458960875472438595tmp
java_class_path (initial): C:\Users\99293\AppData\Local\Temp\surefire3759877311473545201\surefirebooter8647405416001753553.jar
Launcher Type: SUN_STANDARD

[Global flags]
     intx CICompilerCount                          = 12                                        {product} {ergonomic}
     uint ConcGCThreads                            = 3                                         {product} {ergonomic}
     uint G1ConcRefinementThreads                  = 13                                        {product} {ergonomic}
   size_t G1HeapRegionSize                         = 2097152                                   {product} {ergonomic}
    uintx GCDrainStackTargetSize                   = 64                                        {product} {ergonomic}
   size_t InitialHeapSize                          = 264241152                                 {product} {ergonomic}
   size_t MarkStackSize                            = 4194304                                   {product} {ergonomic}
   size_t MaxHeapSize                              = 4196401152                                {product} {ergonomic}
   size_t MaxNewSize                               = 2516582400                                {product} {ergonomic}
   size_t MinHeapDeltaBytes                        = 2097152                                   {product} {ergonomic}
   size_t MinHeapSize                              = 8388608                                   {product} {ergonomic}
    uintx NonNMethodCodeHeapSize                   = 7602480                                {pd product} {ergonomic}
    uintx NonProfiledCodeHeapSize                  = 122027880                              {pd product} {ergonomic}
    uintx ProfiledCodeHeapSize                     = 122027880                              {pd product} {ergonomic}
    uintx ReservedCodeCacheSize                    = 251658240                              {pd product} {ergonomic}
     bool SegmentedCodeCache                       = true                                      {product} {ergonomic}
   size_t SoftMaxHeapSize                          = 4196401152                             {manageable} {ergonomic}
     bool UseCompressedClassPointers               = true                           {product lp64_product} {ergonomic}
     bool UseCompressedOops                        = true                           {product lp64_product} {ergonomic}
     bool UseG1GC                                  = true                                      {product} {ergonomic}
     bool UseLargePagesIndividualAllocation        = false                                  {pd product} {ergonomic}

Logging:
Log output configuration:
 #0: stdout all=warning uptime,level,tags foldmultilines=false
 #1: stderr all=off uptime,level,tags foldmultilines=false

Environment Variables:
PATH=C:\Program Files\Common Files\Oracle\Java\javapath;C:\Windows\system32;C:\Windows;C:\Windows\System32\Wbem;C:\Windows\System32\WindowsPowerShell\v1.0\;C:\Windows\System32\OpenSSH\;C:\Program Files (x86)\NVIDIA Corporation\PhysX\Common;C:\Program Files\NVIDIA Corporation\NVIDIA NvDLISR;C:\Program Files\Git\cmd;C:\Program Files (x86)\dotnet\;%SystemRoot%\system32;%SystemRoot%;%SystemRoot%\System32\Wbem;%SYSTEMROOT%\System32\WindowsPowerShell\v1.0\;%SYSTEMROOT%\System32\OpenSSH\;C:\Users\99293\AppData\Local\Programs\Python\Python311\Scripts\;C:\Users\99293\AppData\Local\Programs\Python\Python311\;C:\Users\99293\AppData\Local\Microsoft\WindowsApps;;C:\Program Files\JetBrains\IntelliJ IDEA 2022.1.2\bin;;C:\Program Files\heroku\bin
USERNAME=ASUS
OS=Windows_NT
PROCESSOR_IDENTIFIER=Intel64 Family 6 Model 154 Stepping 3, GenuineIntel
TMP=C:\Users\99293\AppData\Local\Temp
TEMP=C:\Users\99293\AppData\Local\Temp



---------------  S Y S T E M  ---------------

OS:
 Windows 11 , 64 bit Build 22621 (10.0.22621.2506)
OS uptime: 1 days 1:27 hours
Hyper-V role detected

CPU: total 16 (initial active 16) (8 cores per cpu, 2 threads per core) family 6 model 154 stepping 3 microcode 0x41c, cx8, cmov, fxsr, ht, mmx, 3dnowpref, sse, sse2, sse3, ssse3, sse4.1, sse4.2, popcnt, lzcnt, tsc, tscinvbit, avx, avx2, aes, erms, clmul, bmi1, bmi2, adx, sha, fma, vzeroupper, clflush, clflushopt, clwb, hv, serialize, rdtscp, rdpid, fsrm

Memory: 4k page, system-wide physical 16005M (2656M free)
TotalPageFile size 18053M (AvailPageFile size 9M)
current process WorkingSet (physical memory assigned to process): 58M, peak: 58M
current process commit charge ("private bytes"): 361M, peak: 361M

vm_info: Java HotSpot(TM) 64-Bit Server VM (19.0.2+7-44) for windows-amd64 JRE (19.0.2+7-44), built on 2022-11-30T18:02:09Z by "mach5one" with MS VC++ 17.1 (VS2022)

END.
