#
# There is insufficient memory for the Java Runtime Environment to continue.
# Native memory allocation (malloc) failed to allocate 4748496 bytes for Chunk::new
# Possible reasons:
#   The system is out of physical RAM or swap space
#   The process is running with CompressedOops enabled, and the Java Heap may be blocking the growth of the native heap
# Possible solutions:
#   Reduce memory load on the system
#   Increase physical memory or swap space
#   Check if swap backing store is full
#   Decrease Java heap size (-Xmx/-Xms)
#   Decrease number of Java threads
#   Decrease Java thread stack sizes (-Xss)
#   Set larger code cache with -XX:ReservedCodeCacheSize=
#   JVM is running with Zero Based Compressed Oops mode in which the Java heap is
#     placed in the first 32GB address space. The Java Heap base address is the
#     maximum limit for the native heap growth. Please use -XX:HeapBaseMinAddress
#     to set the Java Heap base and to place the Java Heap above 32GB virtual address.
# This output file may be truncated or incomplete.
#
#  Out of Memory Error (arena.cpp:184), pid=17284, tid=22768
#
# JRE version: Java(TM) SE Runtime Environment (19.0.2+7) (build 19.0.2+7-44)
# Java VM: Java HotSpot(TM) 64-Bit Server VM (19.0.2+7-44, mixed mode, sharing, tiered, compressed oops, compressed class ptrs, g1 gc, windows-amd64)
# No core dump will be written. Minidumps are not enabled by default on client versions of Windows
#

---------------  S U M M A R Y ------------

Command Line: -Dmaven.multiModuleProjectDirectory=D:\unitedStates duplicates original -Dmaven.home=C:\Users\99293\.m2\wrapper\dists\apache-maven-3.8.6-bin\1ks0nkde5v1pk9vtc31i9d0lcd\apache-maven-3.8.6 -Dclassworlds.conf=C:\Users\99293\.m2\wrapper\dists\apache-maven-3.8.6-bin\1ks0nkde5v1pk9vtc31i9d0lcd\apache-maven-3.8.6\bin\m2.conf -Dmaven.ext.class.path=C:\Program Files\JetBrains\IntelliJ IDEA 2022.1.2\plugins\maven\lib\maven-event-listener.jar -javaagent:C:\Program Files\JetBrains\IntelliJ IDEA 2022.1.2\lib\idea_rt.jar=57925:C:\Program Files\JetBrains\IntelliJ IDEA 2022.1.2\bin -Dfile.encoding=UTF-8 org.codehaus.classworlds.Launcher -Didea.version=2022.1.2 package

Host: 12th Gen Intel(R) Core(TM) i7-12650H, 16 cores, 15G,  Windows 11 , 64 bit Build 22621 (10.0.22621.3374)
Time: Fri May  3 15:08:28 2024  Windows 11 , 64 bit Build 22621 (10.0.22621.3374) elapsed time: 8.120717 seconds (0d 0h 0m 8s)

---------------  T H R E A D  ---------------

Current thread (0x000001e1fffbad40):  JavaThread "C2 CompilerThread0" daemon [_thread_in_native, id=22768, stack(0x000000d8e7800000,0x000000d8e7900000)]


Current CompileTask:
C2:   8120 11919   !   4       java.lang.ClassLoader::loadClass (121 bytes)

Stack: [0x000000d8e7800000,0x000000d8e7900000]
Native frames: (J=compiled Java code, j=interpreted, Vv=VM code, C=native code)
V  [jvm.dll+0x6ee21a]
V  [jvm.dll+0x85765e]
V  [jvm.dll+0x85904e]
V  [jvm.dll+0x859703]
V  [jvm.dll+0x28298f]
V  [jvm.dll+0xc9adf]
V  [jvm.dll+0xc9e65]
V  [jvm.dll+0x3bca12]
V  [jvm.dll+0x1ee0aa]
V  [jvm.dll+0x24c52b]
V  [jvm.dll+0x24b781]
V  [jvm.dll+0x1d6ce1]
V  [jvm.dll+0x25b25a]
V  [jvm.dll+0x2596e8]
V  [jvm.dll+0x807588]
V  [jvm.dll+0x80125a]
V  [jvm.dll+0x6ecf0b]
C  [ucrtbase.dll+0x29333]
C  [KERNEL32.DLL+0x1257d]
C  [ntdll.dll+0x5aa48]


---------------  P R O C E S S  ---------------

Threads class SMR info:
_java_thread_list=0x000001e19b7da5a0, length=34, elements={
0x000001e1ed2af010, 0x000001e1fffae880, 0x000001e1fffaf670, 0x000001e1fffb07a0,
0x000001e1fffb42f0, 0x000001e1fffb6dd0, 0x000001e1fffb94c0, 0x000001e1fffbad40,
0x000001e1fffbf530, 0x000001e1fffc4300, 0x000001e1fffbce40, 0x000001e1fffbe480,
0x000001e195207230, 0x000001e1952bd640, 0x000001e1952bf840, 0x000001e1fffbdef0,
0x000001e1fffbefa0, 0x000001e1fffbc8b0, 0x000001e1fffbd3d0, 0x000001e1fffbd960,
0x000001e1fffbc320, 0x000001e1fffbfac0, 0x000001e1965d8260, 0x000001e19f8c0230,
0x000001e19f8bc270, 0x000001e19f8ba7e0, 0x000001e19f8bad30, 0x000001e19f8bc7c0,
0x000001e19f8be250, 0x000001e19f8b9d40, 0x000001e19f8bf790, 0x000001e19f8bdd00,
0x000001e19f8becf0, 0x000001e19f8bb7d0
}

Java Threads: ( => current thread )
  0x000001e1ed2af010 JavaThread "main" [_thread_in_native, id=5868, stack(0x000000d8e6b00000,0x000000d8e6c00000)]
  0x000001e1fffae880 JavaThread "Reference Handler" daemon [_thread_blocked, id=12632, stack(0x000000d8e7200000,0x000000d8e7300000)]
  0x000001e1fffaf670 JavaThread "Finalizer" daemon [_thread_blocked, id=9948, stack(0x000000d8e7300000,0x000000d8e7400000)]
  0x000001e1fffb07a0 JavaThread "Signal Dispatcher" daemon [_thread_blocked, id=3216, stack(0x000000d8e7400000,0x000000d8e7500000)]
  0x000001e1fffb42f0 JavaThread "Attach Listener" daemon [_thread_blocked, id=13460, stack(0x000000d8e7500000,0x000000d8e7600000)]
  0x000001e1fffb6dd0 JavaThread "Service Thread" daemon [_thread_blocked, id=11700, stack(0x000000d8e7600000,0x000000d8e7700000)]
  0x000001e1fffb94c0 JavaThread "Monitor Deflation Thread" daemon [_thread_blocked, id=9616, stack(0x000000d8e7700000,0x000000d8e7800000)]
=>0x000001e1fffbad40 JavaThread "C2 CompilerThread0" daemon [_thread_in_native, id=22768, stack(0x000000d8e7800000,0x000000d8e7900000)]
  0x000001e1fffbf530 JavaThread "C1 CompilerThread0" daemon [_thread_blocked, id=14252, stack(0x000000d8e7900000,0x000000d8e7a00000)]
  0x000001e1fffc4300 JavaThread "Sweeper thread" daemon [_thread_blocked, id=12928, stack(0x000000d8e7a00000,0x000000d8e7b00000)]
  0x000001e1fffbce40 JavaThread "C1 CompilerThread1" daemon [_thread_blocked, id=20232, stack(0x000000d8e7b00000,0x000000d8e7c00000)]
  0x000001e1fffbe480 JavaThread "C1 CompilerThread2" daemon [_thread_blocked, id=15092, stack(0x000000d8e7c00000,0x000000d8e7d00000)]
  0x000001e195207230 JavaThread "Common-Cleaner" daemon [_thread_blocked, id=8600, stack(0x000000d8e7d00000,0x000000d8e7e00000)]
  0x000001e1952bd640 JavaThread "Monitor Ctrl-Break" daemon [_thread_in_native, id=2040, stack(0x000000d8e7e00000,0x000000d8e7f00000)]
  0x000001e1952bf840 JavaThread "Notification Thread" daemon [_thread_blocked, id=11504, stack(0x000000d8e7f00000,0x000000d8e8000000)]
  0x000001e1fffbdef0 JavaThread "C2 CompilerThread1" daemon [_thread_blocked, id=20188, stack(0x000000d8e8100000,0x000000d8e8200000)]
  0x000001e1fffbefa0 JavaThread "C1 CompilerThread3" daemon [_thread_blocked, id=18328, stack(0x000000d8e8200000,0x000000d8e8300000)]
  0x000001e1fffbc8b0 JavaThread "C2 CompilerThread2" daemon [_thread_blocked, id=13404, stack(0x000000d8e8300000,0x000000d8e8400000)]
  0x000001e1fffbd3d0 JavaThread "C2 CompilerThread3" daemon [_thread_blocked, id=8224, stack(0x000000d8e8400000,0x000000d8e8500000)]
  0x000001e1fffbd960 JavaThread "C2 CompilerThread4" daemon [_thread_blocked, id=19432, stack(0x000000d8e8500000,0x000000d8e8600000)]
  0x000001e1fffbc320 JavaThread "C2 CompilerThread5" daemon [_thread_blocked, id=13260, stack(0x000000d8e8600000,0x000000d8e8700000)]
  0x000001e1fffbfac0 JavaThread "C2 CompilerThread6" daemon [_thread_blocked, id=20396, stack(0x000000d8e8700000,0x000000d8e8800000)]
  0x000001e1965d8260 JavaThread "C2 CompilerThread7" daemon [_thread_in_native, id=14192, stack(0x000000d8e8800000,0x000000d8e8900000)]
  0x000001e19f8c0230 JavaThread "resolver-1" daemon [_thread_blocked, id=19756, stack(0x000000d8e9700000,0x000000d8e9800000)]
  0x000001e19f8bc270 JavaThread "resolver-2" daemon [_thread_blocked, id=3476, stack(0x000000d8e9800000,0x000000d8e9900000)]
  0x000001e19f8ba7e0 JavaThread "resolver-3" daemon [_thread_blocked, id=8592, stack(0x000000d8e9900000,0x000000d8e9a00000)]
  0x000001e19f8bad30 JavaThread "resolver-4" daemon [_thread_blocked, id=1556, stack(0x000000d8e9a00000,0x000000d8e9b00000)]
  0x000001e19f8bc7c0 JavaThread "resolver-5" daemon [_thread_blocked, id=17704, stack(0x000000d8e9b00000,0x000000d8e9c00000)]
  0x000001e19f8be250 JavaThread "timeout-check-timer" daemon [_thread_blocked, id=7064, stack(0x000000d8e9c00000,0x000000d8e9d00000)]
  0x000001e19f8b9d40 JavaThread "ping-timer-10s" daemon [_thread_blocked, id=13108, stack(0x000000d8e9d00000,0x000000d8e9e00000)]
  0x000001e19f8bf790 JavaThread "ThreadedStreamConsumer" daemon [_thread_blocked, id=3288, stack(0x000000d8e9e00000,0x000000d8e9f00000)]
  0x000001e19f8bdd00 JavaThread "Thread-2" [_thread_blocked, id=23236, stack(0x000000d8e9f00000,0x000000d8ea000000)]
  0x000001e19f8becf0 JavaThread "Thread-3" [_thread_in_native, id=7444, stack(0x000000d8ea000000,0x000000d8ea100000)]
  0x000001e19f8bb7d0 JavaThread "Thread-4" [_thread_in_native, id=7568, stack(0x000000d8ea100000,0x000000d8ea200000)]

Other Threads:
  0x000001e1fff95100 VMThread "VM Thread" [stack: 0x000000d8e7100000,0x000000d8e7200000] [id=8408]
  0x000001e1952c4a30 WatcherThread "VM Periodic Task Thread" [stack: 0x000000d8e8000000,0x000000d8e8100000] [id=12752]
  0x000001e1ed320a40 WorkerThread "GC Thread#0" [stack: 0x000000d8e6c00000,0x000000d8e6d00000] [id=17508]
  0x000001e195640890 WorkerThread "GC Thread#1" [stack: 0x000000d8e8900000,0x000000d8e8a00000] [id=6588]
  0x000001e195640e30 WorkerThread "GC Thread#2" [stack: 0x000000d8e8a00000,0x000000d8e8b00000] [id=22852]
  0x000001e1956413d0 WorkerThread "GC Thread#3" [stack: 0x000000d8e8b00000,0x000000d8e8c00000] [id=2012]
  0x000001e195640b60 WorkerThread "GC Thread#4" [stack: 0x000000d8e8c00000,0x000000d8e8d00000] [id=13852]
  0x000001e1956402f0 WorkerThread "GC Thread#5" [stack: 0x000000d8e8d00000,0x000000d8e8e00000] [id=16248]
  0x000001e19563fd50 WorkerThread "GC Thread#6" [stack: 0x000000d8e8e00000,0x000000d8e8f00000] [id=20388]
  0x000001e1956405c0 WorkerThread "GC Thread#7" [stack: 0x000000d8e8f00000,0x000000d8e9000000] [id=17708]
  0x000001e1978fa590 WorkerThread "GC Thread#8" [stack: 0x000000d8e9000000,0x000000d8e9100000] [id=23248]
  0x000001e1978f94b0 WorkerThread "GC Thread#9" [stack: 0x000000d8e9100000,0x000000d8e9200000] [id=17596]
  0x000001e1978fc750 WorkerThread "GC Thread#10" [stack: 0x000000d8e9200000,0x000000d8e9300000] [id=4944]
  0x000001e1978fab30 WorkerThread "GC Thread#11" [stack: 0x000000d8e9300000,0x000000d8e9400000] [id=19144]
  0x000001e1978fbee0 WorkerThread "GC Thread#12" [stack: 0x000000d8e9400000,0x000000d8e9500000] [id=9832]
  0x000001e1ed331550 ConcurrentGCThread "G1 Main Marker" [stack: 0x000000d8e6d00000,0x000000d8e6e00000] [id=22180]
  0x000001e1ed333730 WorkerThread "G1 Conc#0" [stack: 0x000000d8e6e00000,0x000000d8e6f00000] [id=22068]
  0x000001e1978fae00 WorkerThread "G1 Conc#1" [stack: 0x000000d8e9500000,0x000000d8e9600000] [id=8980]
  0x000001e1978fb0d0 WorkerThread "G1 Conc#2" [stack: 0x000000d8e9600000,0x000000d8e9700000] [id=9452]
  0x000001e1ffe4d0e0 ConcurrentGCThread "G1 Refine#0" [stack: 0x000000d8e6f00000,0x000000d8e7000000] [id=14240]
  0x000001e1ffe4ddc0 ConcurrentGCThread "G1 Service" [stack: 0x000000d8e7000000,0x000000d8e7100000] [id=1628]

Threads with active compile tasks:
C2 CompilerThread0     8131 11919   !   4       java.lang.ClassLoader::loadClass (121 bytes)
C2 CompilerThread7     8131 12070       4       org.apache.maven.model.inheritance.DefaultInheritanceAssembler$InheritanceModelMerger::mergePluginContainer_Plugins (430 bytes)

VM state: not at safepoint (normal execution)

VM Mutex/Monitor currently owned by a thread: None

Heap address: 0x0000000705e00000, size: 4002 MB, Compressed Oops mode: Zero based, Oop shift amount: 3

CDS archive(s) mapped at: [0x0000000800000000-0x0000000800c40000-0x0000000800c40000), size 12845056, SharedBaseAddress: 0x0000000800000000, ArchiveRelocationMode: 0.
Compressed class space mapped at: 0x0000000801000000-0x0000000841000000, reserved size: 1073741824
Narrow klass base: 0x0000000800000000, Narrow klass shift: 0, Narrow klass range: 0x100000000

GC Precious Log:
 CardTable entry size: 512
 Card Set container configuration: InlinePtr #cards 4 size 8 Array Of Cards #cards 16 size 48 Howl #buckets 8 coarsen threshold 3686 Howl Bitmap #cards 512 size 80 coarsen threshold 460 Card regions per heap region 1 cards per card region 4096
 CPUs: 16 total, 16 available
 Memory: 16005M
 Large Page Support: Disabled
 NUMA Support: Disabled
 Compressed Oops: Enabled (Zero based)
 Heap Region Size: 2M
 Heap Min Capacity: 8M
 Heap Initial Capacity: 252M
 Heap Max Capacity: 4002M
 Pre-touch: Disabled
 Parallel Workers: 13
 Concurrent Workers: 3
 Concurrent Refinement Workers: 13
 Periodic GC: Disabled

Heap:
 garbage-first heap   total 215040K, used 159897K [0x0000000705e00000, 0x0000000800000000)
  region size 2048K, 36 young (73728K), 2 survivors (4096K)
 Metaspace       used 35782K, committed 36416K, reserved 1114112K
  class space    used 3622K, committed 3968K, reserved 1048576K

Heap Regions: E=young(eden), S=young(survivor), O=old, HS=humongous(starts), HC=humongous(continues), CS=collection set, F=free, OA=open archive, CA=closed archive, TAMS=top-at-mark-start (previous, next)
|   0|0x0000000705e00000, 0x0000000706000000, 0x0000000706000000|100%| O|  |TAMS 0x0000000706000000, 0x0000000705e00000| Untracked 
|   1|0x0000000706000000, 0x0000000706200000, 0x0000000706200000|100%| O|  |TAMS 0x0000000706200000, 0x0000000706000000| Untracked 
|   2|0x0000000706200000, 0x0000000706400000, 0x0000000706400000|100%| O|  |TAMS 0x0000000706400000, 0x0000000706200000| Untracked 
|   3|0x0000000706400000, 0x0000000706600000, 0x0000000706600000|100%| O|  |TAMS 0x0000000706600000, 0x0000000706400000| Untracked 
|   4|0x0000000706600000, 0x0000000706800000, 0x0000000706800000|100%| O|  |TAMS 0x0000000706800000, 0x0000000706600000| Untracked 
|   5|0x0000000706800000, 0x0000000706a00000, 0x0000000706a00000|100%| O|  |TAMS 0x0000000706a00000, 0x0000000706800000| Untracked 
|   6|0x0000000706a00000, 0x0000000706c00000, 0x0000000706c00000|100%| O|  |TAMS 0x0000000706c00000, 0x0000000706a00000| Untracked 
|   7|0x0000000706c00000, 0x0000000706e00000, 0x0000000706e00000|100%| O|  |TAMS 0x0000000706e00000, 0x0000000706c00000| Untracked 
|   8|0x0000000706e00000, 0x0000000707000000, 0x0000000707000000|100%| O|  |TAMS 0x0000000707000000, 0x0000000706e00000| Untracked 
|   9|0x0000000707000000, 0x0000000707200000, 0x0000000707200000|100%| O|  |TAMS 0x0000000707000000, 0x0000000707000000| Untracked 
|  10|0x0000000707200000, 0x0000000707400000, 0x0000000707400000|100%| O|  |TAMS 0x00000007072e5000, 0x0000000707200000| Untracked 
|  11|0x0000000707400000, 0x0000000707600000, 0x0000000707600000|100%| O|  |TAMS 0x0000000707400000, 0x0000000707400000| Untracked 
|  12|0x0000000707600000, 0x0000000707800000, 0x0000000707800000|100%| O|  |TAMS 0x0000000707600000, 0x0000000707600000| Untracked 
|  13|0x0000000707800000, 0x0000000707a00000, 0x0000000707a00000|100%| O|  |TAMS 0x0000000707800000, 0x0000000707800000| Untracked 
|  14|0x0000000707a00000, 0x0000000707c00000, 0x0000000707c00000|100%| O|  |TAMS 0x0000000707a00000, 0x0000000707a00000| Untracked 
|  15|0x0000000707c00000, 0x0000000707e00000, 0x0000000707e00000|100%| O|  |TAMS 0x0000000707c00000, 0x0000000707c00000| Untracked 
|  16|0x0000000707e00000, 0x0000000708000000, 0x0000000708000000|100%| O|  |TAMS 0x0000000707e00000, 0x0000000707e00000| Untracked 
|  17|0x0000000708000000, 0x0000000708200000, 0x0000000708200000|100%| O|  |TAMS 0x0000000708000000, 0x0000000708000000| Untracked 
|  18|0x0000000708200000, 0x0000000708400000, 0x0000000708400000|100%| O|  |TAMS 0x0000000708200000, 0x0000000708200000| Untracked 
|  19|0x0000000708400000, 0x0000000708600000, 0x0000000708600000|100%|HS|  |TAMS 0x0000000708400000, 0x0000000708400000| Complete 
|  20|0x0000000708600000, 0x0000000708800000, 0x0000000708800000|100%|HC|  |TAMS 0x0000000708600000, 0x0000000708600000| Complete 
|  21|0x0000000708800000, 0x0000000708a00000, 0x0000000708a00000|100%| O|  |TAMS 0x0000000708800000, 0x0000000708800000| Untracked 
|  22|0x0000000708a00000, 0x0000000708c00000, 0x0000000708c00000|100%| O|  |TAMS 0x0000000708a00000, 0x0000000708a00000| Untracked 
|  23|0x0000000708c00000, 0x0000000708e00000, 0x0000000708e00000|100%| O|  |TAMS 0x0000000708c00000, 0x0000000708c00000| Untracked 
|  24|0x0000000708e00000, 0x0000000709000000, 0x0000000709000000|100%| O|  |TAMS 0x0000000708e00000, 0x0000000708e00000| Untracked 
|  25|0x0000000709000000, 0x0000000709200000, 0x0000000709200000|100%| O|  |TAMS 0x0000000709000000, 0x0000000709000000| Untracked 
|  26|0x0000000709200000, 0x0000000709400000, 0x0000000709400000|100%| O|  |TAMS 0x0000000709200000, 0x0000000709200000| Untracked 
|  27|0x0000000709400000, 0x0000000709600000, 0x0000000709600000|100%| O|  |TAMS 0x0000000709400000, 0x0000000709400000| Untracked 
|  28|0x0000000709600000, 0x0000000709800000, 0x0000000709800000|100%| O|  |TAMS 0x0000000709600000, 0x0000000709600000| Untracked 
|  29|0x0000000709800000, 0x0000000709800000, 0x0000000709a00000|  0%| F|  |TAMS 0x0000000709800000, 0x0000000709800000| Untracked 
|  30|0x0000000709a00000, 0x0000000709a00000, 0x0000000709c00000|  0%| F|  |TAMS 0x0000000709a00000, 0x0000000709a00000| Untracked 
|  31|0x0000000709c00000, 0x0000000709c00000, 0x0000000709e00000|  0%| F|  |TAMS 0x0000000709c00000, 0x0000000709c00000| Untracked 
|  32|0x0000000709e00000, 0x0000000709e00000, 0x000000070a000000|  0%| F|  |TAMS 0x0000000709e00000, 0x0000000709e00000| Untracked 
|  33|0x000000070a000000, 0x000000070a000000, 0x000000070a200000|  0%| F|  |TAMS 0x000000070a000000, 0x000000070a000000| Untracked 
|  34|0x000000070a200000, 0x000000070a200000, 0x000000070a400000|  0%| F|  |TAMS 0x000000070a200000, 0x000000070a200000| Untracked 
|  35|0x000000070a400000, 0x000000070a600000, 0x000000070a600000|100%| O|  |TAMS 0x000000070a400000, 0x000000070a400000| Untracked 
|  36|0x000000070a600000, 0x000000070a800000, 0x000000070a800000|100%| O|  |TAMS 0x000000070a600000, 0x000000070a600000| Untracked 
|  37|0x000000070a800000, 0x000000070aa00000, 0x000000070aa00000|100%| O|  |TAMS 0x000000070a800000, 0x000000070a800000| Untracked 
|  38|0x000000070aa00000, 0x000000070ac00000, 0x000000070ac00000|100%| O|  |TAMS 0x000000070aa00000, 0x000000070aa00000| Untracked 
|  39|0x000000070ac00000, 0x000000070ae00000, 0x000000070ae00000|100%| O|  |TAMS 0x000000070ac00000, 0x000000070ac00000| Untracked 
|  40|0x000000070ae00000, 0x000000070ae00000, 0x000000070b000000|  0%| F|  |TAMS 0x000000070ae00000, 0x000000070ae00000| Untracked 
|  41|0x000000070b000000, 0x000000070b000000, 0x000000070b200000|  0%| F|  |TAMS 0x000000070b000000, 0x000000070b000000| Untracked 
|  42|0x000000070b200000, 0x000000070b400000, 0x000000070b400000|100%| O|  |TAMS 0x000000070b200000, 0x000000070b200000| Untracked 
|  43|0x000000070b400000, 0x000000070b4c6200, 0x000000070b600000| 38%| O|  |TAMS 0x000000070b400000, 0x000000070b400000| Untracked 
|  44|0x000000070b600000, 0x000000070b600000, 0x000000070b800000|  0%| F|  |TAMS 0x000000070b600000, 0x000000070b600000| Untracked 
|  45|0x000000070b800000, 0x000000070b800000, 0x000000070ba00000|  0%| F|  |TAMS 0x000000070b800000, 0x000000070b800000| Untracked 
|  46|0x000000070ba00000, 0x000000070ba00000, 0x000000070bc00000|  0%| F|  |TAMS 0x000000070ba00000, 0x000000070ba00000| Untracked 
|  47|0x000000070bc00000, 0x000000070bc00000, 0x000000070be00000|  0%| F|  |TAMS 0x000000070bc00000, 0x000000070bc00000| Untracked 
|  48|0x000000070be00000, 0x000000070be00000, 0x000000070c000000|  0%| F|  |TAMS 0x000000070be00000, 0x000000070be00000| Untracked 
|  49|0x000000070c000000, 0x000000070c000000, 0x000000070c200000|  0%| F|  |TAMS 0x000000070c000000, 0x000000070c000000| Untracked 
|  50|0x000000070c200000, 0x000000070c200000, 0x000000070c400000|  0%| F|  |TAMS 0x000000070c200000, 0x000000070c200000| Untracked 
|  51|0x000000070c400000, 0x000000070c400000, 0x000000070c600000|  0%| F|  |TAMS 0x000000070c400000, 0x000000070c400000| Untracked 
|  52|0x000000070c600000, 0x000000070c600000, 0x000000070c800000|  0%| F|  |TAMS 0x000000070c600000, 0x000000070c600000| Untracked 
|  53|0x000000070c800000, 0x000000070c800000, 0x000000070ca00000|  0%| F|  |TAMS 0x000000070c800000, 0x000000070c800000| Untracked 
|  54|0x000000070ca00000, 0x000000070ca00000, 0x000000070cc00000|  0%| F|  |TAMS 0x000000070ca00000, 0x000000070ca00000| Untracked 
|  55|0x000000070cc00000, 0x000000070cc00000, 0x000000070ce00000|  0%| F|  |TAMS 0x000000070cc00000, 0x000000070cc00000| Untracked 
|  56|0x000000070ce00000, 0x000000070ce00000, 0x000000070d000000|  0%| F|  |TAMS 0x000000070ce00000, 0x000000070ce00000| Untracked 
|  57|0x000000070d000000, 0x000000070d160248, 0x000000070d200000| 68%| S|CS|TAMS 0x000000070d000000, 0x000000070d000000| Complete 
|  58|0x000000070d200000, 0x000000070d400000, 0x000000070d400000|100%| S|CS|TAMS 0x000000070d200000, 0x000000070d200000| Complete 
|  59|0x000000070d400000, 0x000000070d400000, 0x000000070d600000|  0%| F|  |TAMS 0x000000070d400000, 0x000000070d400000| Untracked 
|  60|0x000000070d600000, 0x000000070d600000, 0x000000070d800000|  0%| F|  |TAMS 0x000000070d600000, 0x000000070d600000| Untracked 
|  61|0x000000070d800000, 0x000000070d800000, 0x000000070da00000|  0%| F|  |TAMS 0x000000070d800000, 0x000000070d800000| Untracked 
|  62|0x000000070da00000, 0x000000070da00000, 0x000000070dc00000|  0%| F|  |TAMS 0x000000070da00000, 0x000000070da00000| Untracked 
|  63|0x000000070dc00000, 0x000000070dc7ece8, 0x000000070de00000| 24%| E|  |TAMS 0x000000070dc00000, 0x000000070dc00000| Complete 
|  64|0x000000070de00000, 0x000000070e000000, 0x000000070e000000|100%| E|CS|TAMS 0x000000070de00000, 0x000000070de00000| Complete 
|  65|0x000000070e000000, 0x000000070e200000, 0x000000070e200000|100%| E|CS|TAMS 0x000000070e000000, 0x000000070e000000| Complete 
|  66|0x000000070e200000, 0x000000070e400000, 0x000000070e400000|100%| E|CS|TAMS 0x000000070e200000, 0x000000070e200000| Complete 
|  67|0x000000070e400000, 0x000000070e600000, 0x000000070e600000|100%| E|CS|TAMS 0x000000070e400000, 0x000000070e400000| Complete 
|  68|0x000000070e600000, 0x000000070e800000, 0x000000070e800000|100%| E|CS|TAMS 0x000000070e600000, 0x000000070e600000| Complete 
|  69|0x000000070e800000, 0x000000070ea00000, 0x000000070ea00000|100%| E|CS|TAMS 0x000000070e800000, 0x000000070e800000| Complete 
|  70|0x000000070ea00000, 0x000000070ec00000, 0x000000070ec00000|100%| E|CS|TAMS 0x000000070ea00000, 0x000000070ea00000| Complete 
|  71|0x000000070ec00000, 0x000000070ee00000, 0x000000070ee00000|100%| E|CS|TAMS 0x000000070ec00000, 0x000000070ec00000| Complete 
|  72|0x000000070ee00000, 0x000000070f000000, 0x000000070f000000|100%| E|CS|TAMS 0x000000070ee00000, 0x000000070ee00000| Complete 
|  73|0x000000070f000000, 0x000000070f200000, 0x000000070f200000|100%| E|CS|TAMS 0x000000070f000000, 0x000000070f000000| Complete 
|  74|0x000000070f200000, 0x000000070f400000, 0x000000070f400000|100%| E|CS|TAMS 0x000000070f200000, 0x000000070f200000| Complete 
|  75|0x000000070f400000, 0x000000070f600000, 0x000000070f600000|100%| E|CS|TAMS 0x000000070f400000, 0x000000070f400000| Complete 
|  76|0x000000070f600000, 0x000000070f800000, 0x000000070f800000|100%| E|CS|TAMS 0x000000070f600000, 0x000000070f600000| Complete 
|  77|0x000000070f800000, 0x000000070fa00000, 0x000000070fa00000|100%| E|CS|TAMS 0x000000070f800000, 0x000000070f800000| Complete 
|  78|0x000000070fa00000, 0x000000070fc00000, 0x000000070fc00000|100%| E|CS|TAMS 0x000000070fa00000, 0x000000070fa00000| Complete 
|  79|0x000000070fc00000, 0x000000070fe00000, 0x000000070fe00000|100%| E|CS|TAMS 0x000000070fc00000, 0x000000070fc00000| Complete 
|  80|0x000000070fe00000, 0x0000000710000000, 0x0000000710000000|100%| E|CS|TAMS 0x000000070fe00000, 0x000000070fe00000| Complete 
|  81|0x0000000710000000, 0x0000000710200000, 0x0000000710200000|100%| E|CS|TAMS 0x0000000710000000, 0x0000000710000000| Complete 
|  82|0x0000000710200000, 0x0000000710400000, 0x0000000710400000|100%| E|CS|TAMS 0x0000000710200000, 0x0000000710200000| Complete 
|  83|0x0000000710400000, 0x0000000710600000, 0x0000000710600000|100%| E|CS|TAMS 0x0000000710400000, 0x0000000710400000| Complete 
|  84|0x0000000710600000, 0x0000000710800000, 0x0000000710800000|100%| E|CS|TAMS 0x0000000710600000, 0x0000000710600000| Complete 
|  85|0x0000000710800000, 0x0000000710a00000, 0x0000000710a00000|100%| E|CS|TAMS 0x0000000710800000, 0x0000000710800000| Complete 
|  86|0x0000000710a00000, 0x0000000710c00000, 0x0000000710c00000|100%| E|CS|TAMS 0x0000000710a00000, 0x0000000710a00000| Complete 
|  87|0x0000000710c00000, 0x0000000710e00000, 0x0000000710e00000|100%| E|CS|TAMS 0x0000000710c00000, 0x0000000710c00000| Complete 
|  88|0x0000000710e00000, 0x0000000711000000, 0x0000000711000000|100%| E|CS|TAMS 0x0000000710e00000, 0x0000000710e00000| Complete 
|  89|0x0000000711000000, 0x0000000711200000, 0x0000000711200000|100%| E|CS|TAMS 0x0000000711000000, 0x0000000711000000| Complete 
|  90|0x0000000711200000, 0x0000000711400000, 0x0000000711400000|100%| E|CS|TAMS 0x0000000711200000, 0x0000000711200000| Complete 
|  91|0x0000000711400000, 0x0000000711600000, 0x0000000711600000|100%| E|CS|TAMS 0x0000000711400000, 0x0000000711400000| Complete 
|  92|0x0000000711600000, 0x0000000711800000, 0x0000000711800000|100%| E|CS|TAMS 0x0000000711600000, 0x0000000711600000| Complete 
|  93|0x0000000711800000, 0x0000000711a00000, 0x0000000711a00000|100%| E|CS|TAMS 0x0000000711800000, 0x0000000711800000| Complete 
|  94|0x0000000711a00000, 0x0000000711c00000, 0x0000000711c00000|100%| E|CS|TAMS 0x0000000711a00000, 0x0000000711a00000| Complete 
|  95|0x0000000711c00000, 0x0000000711e00000, 0x0000000711e00000|100%| E|CS|TAMS 0x0000000711c00000, 0x0000000711c00000| Complete 
| 125|0x0000000715800000, 0x0000000715a00000, 0x0000000715a00000|100%| E|CS|TAMS 0x0000000715800000, 0x0000000715800000| Complete 
|1993|0x00000007ff000000, 0x00000007ff200000, 0x00000007ff200000|100%| O|  |TAMS 0x00000007ff200000, 0x00000007ff000000| Untracked 
|1994|0x00000007ff200000, 0x00000007ff400000, 0x00000007ff400000|100%| O|  |TAMS 0x00000007ff400000, 0x00000007ff200000| Untracked 
|1995|0x00000007ff400000, 0x00000007ff600000, 0x00000007ff600000|100%| O|  |TAMS 0x00000007ff600000, 0x00000007ff400000| Untracked 
|1996|0x00000007ff600000, 0x00000007ff800000, 0x00000007ff800000|100%| O|  |TAMS 0x00000007ff800000, 0x00000007ff600000| Untracked 
|1997|0x00000007ff800000, 0x00000007ffa00000, 0x00000007ffa00000|100%| O|  |TAMS 0x00000007ffa00000, 0x00000007ff800000| Untracked 
|1998|0x00000007ffa00000, 0x00000007ffc00000, 0x00000007ffc00000|100%| O|  |TAMS 0x00000007ffc00000, 0x00000007ffa00000| Untracked 
|1999|0x00000007ffc00000, 0x00000007ffe00000, 0x00000007ffe00000|100%| O|  |TAMS 0x00000007ffe00000, 0x00000007ffc00000| Untracked 
|2000|0x00000007ffe00000, 0x0000000800000000, 0x0000000800000000|100%| O|  |TAMS 0x0000000800000000, 0x00000007ffe00000| Untracked 

Card table byte_map: [0x000001e1f6270000,0x000001e1f6a50000] _byte_map_base: 0x000001e1f2a41000

Marking Bits (Prev, Next): (CMBitMap*) 0x000001e1ed321070, (CMBitMap*) 0x000001e1ed3210b0
 Prev Bits: [0x000001e1f7230000, 0x000001e1fb0b8000)
 Next Bits: [0x000001e1fb0c0000, 0x000001e1fef48000)

Polling page: 0x000001e1eb2b0000

Metaspace:

Usage:
  Non-class:     31.41 MB used.
      Class:      3.54 MB used.
       Both:     34.94 MB used.

Virtual space:
  Non-class space:       64.00 MB reserved,      31.69 MB ( 50%) committed,  1 nodes.
      Class space:        1.00 GB reserved,       3.88 MB ( <1%) committed,  1 nodes.
             Both:        1.06 GB reserved,      35.56 MB (  3%) committed. 

Chunk freelists:
   Non-Class:  78.00 KB
       Class:  191.00 KB
        Both:  269.00 KB

MaxMetaspaceSize: unlimited
CompressedClassSpaceSize: 1.00 GB
Initial GC threshold: 21.00 MB
Current GC threshold: 41.50 MB
CDS: on
MetaspaceReclaimPolicy: balanced
 - commit_granule_bytes: 65536.
 - commit_granule_words: 8192.
 - virtual_space_node_default_size: 8388608.
 - enlarge_chunks_in_place: 1.
 - new_chunks_are_fully_committed: 0.
 - uncommit_free_chunks: 1.
 - use_allocation_guard: 0.


Internal statistics:

num_allocs_failed_limit: 3.
num_arena_births: 784.
num_arena_deaths: 0.
num_vsnodes_births: 2.
num_vsnodes_deaths: 0.
num_space_committed: 569.
num_space_uncommitted: 0.
num_chunks_returned_to_freelist: 3.
num_chunks_taken_from_freelist: 2178.
num_chunk_merges: 3.
num_chunk_splits: 1490.
num_chunks_enlarged: 1052.
num_inconsistent_stats: 0.

CodeHeap 'non-profiled nmethods': size=119168Kb used=7813Kb max_used=7813Kb free=111354Kb
 bounds [0x000001e187ba0000, 0x000001e188350000, 0x000001e18f000000]
CodeHeap 'profiled nmethods': size=119104Kb used=22723Kb max_used=22723Kb free=96380Kb
 bounds [0x000001e180000000, 0x000001e181640000, 0x000001e187450000]
CodeHeap 'non-nmethods': size=7488Kb used=3033Kb max_used=3199Kb free=4454Kb
 bounds [0x000001e187450000, 0x000001e187780000, 0x000001e187ba0000]
 total_blobs=10505 nmethods=9929 adapters=483
 compilation: enabled
              stopped_count=0, restarted_count=0
 full_count=0

Compilation events (20 events):
Event: 7.866 Thread 0x000001e1fffbe480 nmethod 12160 0x000001e18162dc10 code [0x000001e18162ddc0, 0x000001e18162df08]
Event: 7.866 Thread 0x000001e1fffbce40 nmethod 12158 0x000001e18162e010 code [0x000001e18162e1c0, 0x000001e18162e4e8]
Event: 7.866 Thread 0x000001e1fffbf530 nmethod 12152 0x000001e18162e610 code [0x000001e18162e8e0, 0x000001e18162fb88]
Event: 7.869 Thread 0x000001e1fffbf530 12161       3       java.util.Arrays::binarySearch (9 bytes)
Event: 7.869 Thread 0x000001e1fffbce40 12162       3       java.util.Arrays::binarySearch0 (72 bytes)
Event: 7.870 Thread 0x000001e1fffbf530 nmethod 12161 0x000001e181224590 code [0x000001e181224740, 0x000001e181224868]
Event: 7.870 Thread 0x000001e1fffbce40 nmethod 12162 0x000001e181630490 code [0x000001e181630640, 0x000001e1816308d8]
Event: 7.870 Thread 0x000001e1fffbdef0 nmethod 12107 0x000001e188329f10 code [0x000001e18832a3e0, 0x000001e18832de28]
Event: 7.871 Thread 0x000001e1fffbe480 12163       3       java.lang.ProcessEnvironment$CheckedEntrySet$1::next (20 bytes)
Event: 7.871 Thread 0x000001e1fffbf530 12164       3       java.lang.ProcessEnvironment$CheckedEntry::<init> (10 bytes)
Event: 7.871 Thread 0x000001e1fffbce40 12165       3       java.lang.ProcessEnvironment$CheckedEntry::getKey (13 bytes)
Event: 7.871 Thread 0x000001e1fffbefa0 12166       3       java.lang.ProcessEnvironment$CheckedEntry::getKey (5 bytes)
Event: 7.871 Thread 0x000001e1fffbf530 nmethod 12164 0x000001e181630a10 code [0x000001e181630bc0, 0x000001e181630d78]
Event: 7.871 Thread 0x000001e1fffbe480 nmethod 12163 0x000001e181630e10 code [0x000001e181630fe0, 0x000001e181631448]
Event: 7.871 Thread 0x000001e1fffbe480 12167       3       java.lang.ProcessEnvironment$CheckedEntry::getValue (13 bytes)
Event: 7.871 Thread 0x000001e1fffbce40 nmethod 12165 0x000001e181631590 code [0x000001e181631740, 0x000001e181631a08]
Event: 7.871 Thread 0x000001e1fffbefa0 nmethod 12166 0x000001e181631b10 code [0x000001e181631cc0, 0x000001e181631fe8]
Event: 7.872 Thread 0x000001e1fffbe480 nmethod 12167 0x000001e181632110 code [0x000001e1816322c0, 0x000001e181632588]
Event: 7.890 Thread 0x000001e1fffbd3d0 nmethod 12099 0x000001e188330190 code [0x000001e188330760, 0x000001e188335730]
Event: 7.910 Thread 0x000001e1fffbd960 nmethod 12142 0x000001e18833a390 code [0x000001e18833a860, 0x000001e18833ec08]

GC Heap History (20 events):
Event: 3.821 GC heap before
{Heap before GC invocations=14 (full 0):
 garbage-first heap   total 118784K, used 91548K [0x0000000705e00000, 0x0000000800000000)
  region size 2048K, 20 young (40960K), 1 survivors (2048K)
 Metaspace       used 27686K, committed 28160K, reserved 1114112K
  class space    used 2872K, committed 3136K, reserved 1048576K
}
Event: 3.823 GC heap after
{Heap after GC invocations=15 (full 0):
 garbage-first heap   total 118784K, used 53217K [0x0000000705e00000, 0x0000000800000000)
  region size 2048K, 1 young (2048K), 1 survivors (2048K)
 Metaspace       used 27686K, committed 28160K, reserved 1114112K
  class space    used 2872K, committed 3136K, reserved 1048576K
}
Event: 4.047 GC heap before
{Heap before GC invocations=15 (full 0):
 garbage-first heap   total 118784K, used 94177K [0x0000000705e00000, 0x0000000800000000)
  region size 2048K, 21 young (43008K), 1 survivors (2048K)
 Metaspace       used 28351K, committed 28928K, reserved 1114112K
  class space    used 2960K, committed 3264K, reserved 1048576K
}
Event: 4.050 GC heap after
{Heap after GC invocations=16 (full 0):
 garbage-first heap   total 178176K, used 53574K [0x0000000705e00000, 0x0000000800000000)
  region size 2048K, 1 young (2048K), 1 survivors (2048K)
 Metaspace       used 28351K, committed 28928K, reserved 1114112K
  class space    used 2960K, committed 3264K, reserved 1048576K
}
Event: 4.242 GC heap before
{Heap before GC invocations=16 (full 0):
 garbage-first heap   total 178176K, used 141638K [0x0000000705e00000, 0x0000000800000000)
  region size 2048K, 44 young (90112K), 1 survivors (2048K)
 Metaspace       used 28561K, committed 29120K, reserved 1114112K
  class space    used 2969K, committed 3264K, reserved 1048576K
}
Event: 4.244 GC heap after
{Heap after GC invocations=17 (full 0):
 garbage-first heap   total 178176K, used 54861K [0x0000000705e00000, 0x0000000800000000)
  region size 2048K, 2 young (4096K), 2 survivors (4096K)
 Metaspace       used 28561K, committed 29120K, reserved 1114112K
  class space    used 2969K, committed 3264K, reserved 1048576K
}
Event: 4.407 GC heap before
{Heap before GC invocations=17 (full 0):
 garbage-first heap   total 178176K, used 142925K [0x0000000705e00000, 0x0000000800000000)
  region size 2048K, 45 young (92160K), 2 survivors (4096K)
 Metaspace       used 28708K, committed 29248K, reserved 1114112K
  class space    used 2971K, committed 3264K, reserved 1048576K
}
Event: 4.410 GC heap after
{Heap after GC invocations=18 (full 0):
 garbage-first heap   total 178176K, used 56418K [0x0000000705e00000, 0x0000000800000000)
  region size 2048K, 3 young (6144K), 3 survivors (6144K)
 Metaspace       used 28708K, committed 29248K, reserved 1114112K
  class space    used 2971K, committed 3264K, reserved 1048576K
}
Event: 4.543 GC heap before
{Heap before GC invocations=18 (full 0):
 garbage-first heap   total 178176K, used 144482K [0x0000000705e00000, 0x0000000800000000)
  region size 2048K, 46 young (94208K), 3 survivors (6144K)
 Metaspace       used 28792K, committed 29312K, reserved 1114112K
  class space    used 2971K, committed 3264K, reserved 1048576K
}
Event: 4.546 GC heap after
{Heap after GC invocations=19 (full 0):
 garbage-first heap   total 178176K, used 56290K [0x0000000705e00000, 0x0000000800000000)
  region size 2048K, 3 young (6144K), 3 survivors (6144K)
 Metaspace       used 28792K, committed 29312K, reserved 1114112K
  class space    used 2971K, committed 3264K, reserved 1048576K
}
Event: 5.411 GC heap before
{Heap before GC invocations=19 (full 0):
 garbage-first heap   total 178176K, used 146402K [0x0000000705e00000, 0x0000000800000000)
  region size 2048K, 47 young (96256K), 3 survivors (6144K)
 Metaspace       used 31388K, committed 31936K, reserved 1114112K
  class space    used 3221K, committed 3520K, reserved 1048576K
}
Event: 5.416 GC heap after
{Heap after GC invocations=20 (full 0):
 garbage-first heap   total 215040K, used 58572K [0x0000000705e00000, 0x0000000800000000)
  region size 2048K, 4 young (8192K), 4 survivors (8192K)
 Metaspace       used 31388K, committed 31936K, reserved 1114112K
  class space    used 3221K, committed 3520K, reserved 1048576K
}
Event: 5.970 GC heap before
{Heap before GC invocations=20 (full 0):
 garbage-first heap   total 215040K, used 179404K [0x0000000705e00000, 0x0000000800000000)
  region size 2048K, 61 young (124928K), 4 survivors (8192K)
 Metaspace       used 31755K, committed 32320K, reserved 1114112K
  class space    used 3240K, committed 3520K, reserved 1048576K
}
Event: 5.975 GC heap after
{Heap after GC invocations=21 (full 0):
 garbage-first heap   total 215040K, used 63324K [0x0000000705e00000, 0x0000000800000000)
  region size 2048K, 5 young (10240K), 5 survivors (10240K)
 Metaspace       used 31755K, committed 32320K, reserved 1114112K
  class space    used 3240K, committed 3520K, reserved 1048576K
}
Event: 6.668 GC heap before
{Heap before GC invocations=21 (full 0):
 garbage-first heap   total 215040K, used 173916K [0x0000000705e00000, 0x0000000800000000)
  region size 2048K, 60 young (122880K), 5 survivors (10240K)
 Metaspace       used 31995K, committed 32576K, reserved 1114112K
  class space    used 3250K, committed 3584K, reserved 1048576K
}
Event: 6.679 GC heap after
{Heap after GC invocations=22 (full 0):
 garbage-first heap   total 215040K, used 88070K [0x0000000705e00000, 0x0000000800000000)
  region size 2048K, 8 young (16384K), 8 survivors (16384K)
 Metaspace       used 31995K, committed 32576K, reserved 1114112K
  class space    used 3250K, committed 3584K, reserved 1048576K
}
Event: 7.185 GC heap before
{Heap before GC invocations=22 (full 0):
 garbage-first heap   total 215040K, used 159750K [0x0000000705e00000, 0x0000000800000000)
  region size 2048K, 43 young (88064K), 8 survivors (16384K)
 Metaspace       used 33601K, committed 34240K, reserved 1114112K
  class space    used 3432K, committed 3776K, reserved 1048576K
}
Event: 7.191 GC heap after
{Heap after GC invocations=23 (full 0):
 garbage-first heap   total 215040K, used 91774K [0x0000000705e00000, 0x0000000800000000)
  region size 2048K, 2 young (4096K), 2 survivors (4096K)
 Metaspace       used 33601K, committed 34240K, reserved 1114112K
  class space    used 3432K, committed 3776K, reserved 1048576K
}
Event: 7.410 GC heap before
{Heap before GC invocations=23 (full 0):
 garbage-first heap   total 215040K, used 165502K [0x0000000705e00000, 0x0000000800000000)
  region size 2048K, 38 young (77824K), 2 survivors (4096K)
 Metaspace       used 33777K, committed 34432K, reserved 1114112K
  class space    used 3441K, committed 3776K, reserved 1048576K
}
Event: 7.413 GC heap after
{Heap after GC invocations=24 (full 0):
 garbage-first heap   total 215040K, used 92313K [0x0000000705e00000, 0x0000000800000000)
  region size 2048K, 2 young (4096K), 2 survivors (4096K)
 Metaspace       used 33777K, committed 34432K, reserved 1114112K
  class space    used 3441K, committed 3776K, reserved 1048576K
}

Dll operation events (12 events):
Event: 0.005 Loaded shared library C:\Program Files\Java\jdk-19\bin\java.dll
Event: 0.014 Loaded shared library C:\Program Files\Java\jdk-19\bin\jsvml.dll
Event: 0.045 Loaded shared library C:\Program Files\Java\jdk-19\bin\zip.dll
Event: 0.047 Loaded shared library C:\Program Files\Java\jdk-19\bin\instrument.dll
Event: 0.050 Loaded shared library C:\Program Files\Java\jdk-19\bin\net.dll
Event: 0.051 Loaded shared library C:\Program Files\Java\jdk-19\bin\nio.dll
Event: 0.052 Loaded shared library C:\Program Files\Java\jdk-19\bin\zip.dll
Event: 0.061 Loaded shared library C:\Program Files\JetBrains\IntelliJ IDEA 2022.1.2\bin\breakgen64.dll
Event: 0.066 Loaded shared library C:\Program Files\Java\jdk-19\bin\extnet.dll
Event: 0.114 Loaded shared library C:\Program Files\Java\jdk-19\bin\jimage.dll
Event: 0.157 Loaded shared library C:\Users\99293\AppData\Local\Temp\jansi-2.4.0-ab00d07ebadfa1ad-jansi.dll
Event: 0.164 Loaded shared library C:\Program Files\Java\jdk-19\bin\verify.dll

Deoptimization events (20 events):
Event: 7.766 Thread 0x000001e19f8bc270 Uncommon trap: trap_request=0xffffffc6 fr.pc=0x000001e187dd8cd4 relative=0x0000000000000214
Event: 7.766 Thread 0x000001e19f8c0230 Uncommon trap: trap_request=0xffffffc6 fr.pc=0x000001e187dd8cd4 relative=0x0000000000000214
Event: 7.766 Thread 0x000001e19f8bc270 Uncommon trap: reason=bimorphic_or_optimized_type_check action=maybe_recompile pc=0x000001e187dd8cd4 method=java.util.concurrent.locks.AbstractQueuedSynchronizer.release(I)Z @ 2 c2
Event: 7.766 Thread 0x000001e19f8c0230 Uncommon trap: reason=bimorphic_or_optimized_type_check action=maybe_recompile pc=0x000001e187dd8cd4 method=java.util.concurrent.locks.AbstractQueuedSynchronizer.release(I)Z @ 2 c2
Event: 7.766 Thread 0x000001e19f8bc270 DEOPT PACKING pc=0x000001e187dd8cd4 sp=0x000000d8e98ff030
Event: 7.766 Thread 0x000001e19f8c0230 DEOPT PACKING pc=0x000001e187dd8cd4 sp=0x000000d8e97ff2d0
Event: 7.766 Thread 0x000001e19f8bc270 DEOPT UNPACKING pc=0x000001e1874b6da3 sp=0x000000d8e98feff8 mode 2
Event: 7.766 Thread 0x000001e19f8c0230 DEOPT UNPACKING pc=0x000001e1874b6da3 sp=0x000000d8e97ff298 mode 2
Event: 7.766 Thread 0x000001e19f8ba7e0 Uncommon trap: trap_request=0xffffffc6 fr.pc=0x000001e187dd8cd4 relative=0x0000000000000214
Event: 7.766 Thread 0x000001e19f8ba7e0 Uncommon trap: reason=bimorphic_or_optimized_type_check action=maybe_recompile pc=0x000001e187dd8cd4 method=java.util.concurrent.locks.AbstractQueuedSynchronizer.release(I)Z @ 2 c2
Event: 7.766 Thread 0x000001e19f8ba7e0 DEOPT PACKING pc=0x000001e187dd8cd4 sp=0x000000d8e99ff520
Event: 7.766 Thread 0x000001e19f8ba7e0 DEOPT UNPACKING pc=0x000001e1874b6da3 sp=0x000000d8e99ff4e8 mode 2
Event: 7.766 Thread 0x000001e19f8c0230 Uncommon trap: trap_request=0xffffffc6 fr.pc=0x000001e187dd8cd4 relative=0x0000000000000214
Event: 7.766 Thread 0x000001e19f8c0230 Uncommon trap: reason=bimorphic_or_optimized_type_check action=maybe_recompile pc=0x000001e187dd8cd4 method=java.util.concurrent.locks.AbstractQueuedSynchronizer.release(I)Z @ 2 c2
Event: 7.766 Thread 0x000001e19f8c0230 DEOPT PACKING pc=0x000001e187dd8cd4 sp=0x000000d8e97ff2d0
Event: 7.766 Thread 0x000001e19f8c0230 DEOPT UNPACKING pc=0x000001e1874b6da3 sp=0x000000d8e97ff298 mode 2
Event: 7.851 Thread 0x000001e19f8b9d40 Uncommon trap: trap_request=0xffffffc6 fr.pc=0x000001e188323b10 relative=0x0000000000000250
Event: 7.851 Thread 0x000001e19f8b9d40 Uncommon trap: reason=bimorphic_or_optimized_type_check action=maybe_recompile pc=0x000001e188323b10 method=java.util.concurrent.locks.AbstractQueuedSynchronizer.releaseShared(I)Z @ 2 c2
Event: 7.851 Thread 0x000001e19f8b9d40 DEOPT PACKING pc=0x000001e188323b10 sp=0x000000d8e9dff260
Event: 7.851 Thread 0x000001e19f8b9d40 DEOPT UNPACKING pc=0x000001e1874b6da3 sp=0x000000d8e9dff228 mode 2

Classes loaded (20 events):
Event: 7.867 Loading class java/util/concurrent/ArrayBlockingQueue
Event: 7.867 Loading class java/util/concurrent/ArrayBlockingQueue done
Event: 7.869 Loading class java/util/DualPivotQuicksort
Event: 7.869 Loading class java/util/DualPivotQuicksort done
Event: 7.870 Loading class java/lang/IllegalThreadStateException
Event: 7.870 Loading class java/lang/IllegalThreadStateException done
Event: 7.870 Loading class java/lang/ProcessBuilder
Event: 7.871 Loading class java/lang/ProcessBuilder done
Event: 7.871 Loading class java/lang/ProcessImpl
Event: 7.871 Loading class java/lang/Process
Event: 7.871 Loading class java/lang/Process done
Event: 7.871 Loading class java/lang/ProcessImpl done
Event: 7.879 Loading class java/lang/ProcessImpl$2
Event: 7.879 Loading class java/lang/ProcessImpl$2 done
Event: 7.879 Loading class java/lang/Process$PipeInputStream
Event: 7.879 Loading class java/lang/Process$PipeInputStream done
Event: 7.880 Loading class jdk/internal/event/ProcessStartEvent
Event: 7.881 Loading class jdk/internal/event/Event
Event: 7.881 Loading class jdk/internal/event/Event done
Event: 7.881 Loading class jdk/internal/event/ProcessStartEvent done

Classes unloaded (0 events):
No events

Classes redefined (0 events):
No events

Internal exceptions (20 events):
Event: 7.463 Thread 0x000001e1ed2af010 Exception <a 'sun/nio/fs/WindowsException'{0x00000007113c8060}> (0x00000007113c8060) 
thrown [s\open\src\hotspot\share\prims\jni.cpp, line 517]
Event: 7.463 Thread 0x000001e1ed2af010 Exception <a 'sun/nio/fs/WindowsException'{0x00000007113c8f38}> (0x00000007113c8f38) 
thrown [s\open\src\hotspot\share\prims\jni.cpp, line 517]
Event: 7.469 Thread 0x000001e1ed2af010 Exception <a 'sun/nio/fs/WindowsException'{0x00000007110d4730}> (0x00000007110d4730) 
thrown [s\open\src\hotspot\share\prims\jni.cpp, line 517]
Event: 7.469 Thread 0x000001e1ed2af010 Exception <a 'sun/nio/fs/WindowsException'{0x00000007110d4e08}> (0x00000007110d4e08) 
thrown [s\open\src\hotspot\share\prims\jni.cpp, line 517]
Event: 7.469 Thread 0x000001e1ed2af010 Exception <a 'sun/nio/fs/WindowsException'{0x00000007110d5ce0}> (0x00000007110d5ce0) 
thrown [s\open\src\hotspot\share\prims\jni.cpp, line 517]
Event: 7.471 Thread 0x000001e1ed2af010 Exception <a 'sun/nio/fs/WindowsException'{0x0000000711157348}> (0x0000000711157348) 
thrown [s\open\src\hotspot\share\prims\jni.cpp, line 517]
Event: 7.471 Thread 0x000001e1ed2af010 Exception <a 'sun/nio/fs/WindowsException'{0x0000000711157a20}> (0x0000000711157a20) 
thrown [s\open\src\hotspot\share\prims\jni.cpp, line 517]
Event: 7.471 Thread 0x000001e1ed2af010 Exception <a 'sun/nio/fs/WindowsException'{0x00000007111588f8}> (0x00000007111588f8) 
thrown [s\open\src\hotspot\share\prims\jni.cpp, line 517]
Event: 7.520 Thread 0x000001e1ed2af010 Implicit null exception at 0x000001e187de6796 to 0x000001e187debd4c
Event: 7.521 Thread 0x000001e1ed2af010 Implicit null exception at 0x000001e187dcf80a to 0x000001e187dd39ec
Event: 7.522 Thread 0x000001e1ed2af010 Implicit null exception at 0x000001e187dc5e96 to 0x000001e187dc70f8
Event: 7.688 Thread 0x000001e19f8becf0 Exception <a 'java/lang/NoSuchMethodError'{0x000000070f93bdf0}: 'java.lang.Object java.lang.invoke.DirectMethodHandle$Holder.invokeStatic(java.lang.Object, long, java.lang.Object)'> (0x000000070f93bdf0) 
thrown [s\open\src\hotspot\share\interpreter\linkResolver.cpp, line 774]
Event: 7.688 Thread 0x000001e19f8becf0 Exception <a 'java/lang/NoSuchMethodError'{0x000000070f93f440}: 'java.lang.Object java.lang.invoke.DirectMethodHandle$Holder.invokeStaticInit(java.lang.Object, long, java.lang.Object)'> (0x000000070f93f440) 
thrown [s\open\src\hotspot\share\interpreter\linkResolver.cpp, line 774]
Event: 7.688 Thread 0x000001e1ed2af010 Implicit null exception at 0x000001e188306f4b to 0x000001e188307140
Event: 7.689 Thread 0x000001e19f8becf0 Exception <a 'java/lang/NoSuchMethodError'{0x000000070f945090}: 'java.lang.Object java.lang.invoke.DirectMethodHandle$Holder.newInvokeSpecial(java.lang.Object, long)'> (0x000000070f945090) 
thrown [s\open\src\hotspot\share\interpreter\linkResolver.cpp, line 774]
Event: 7.689 Thread 0x000001e19f8becf0 Exception <a 'java/lang/NoSuchMethodError'{0x000000070f949920}: 'long java.lang.invoke.DirectMethodHandle$Holder.invokeInterface(java.lang.Object, java.lang.Object)'> (0x000000070f949920) 
thrown [s\open\src\hotspot\share\interpreter\linkResolver.cpp, line 774]
Event: 7.690 Thread 0x000001e19f8becf0 Exception <a 'java/lang/NoSuchMethodError'{0x000000070f94d288}: 'long java.lang.invoke.DelegatingMethodHandle$Holder.reinvoke_L(java.lang.Object, java.lang.Object)'> (0x000000070f94d288) 
thrown [s\open\src\hotspot\share\interpreter\linkResolver.cpp, line 774]
Event: 7.691 Thread 0x000001e1ed2af010 Exception <a 'java/lang/NoSuchMethodError'{0x000000070f681840}: 'java.lang.String org.apache.maven.execution.MavenExecutionRequest.getFailureBehavior()'> (0x000000070f681840) 
thrown [s\open\src\hotspot\share\interpreter\linkResolver.cpp, line 870]
Event: 7.732 Thread 0x000001e1ed2af010 Exception <a 'java/lang/NoSuchMethodError'{0x000000070f41cda8}: 'java.lang.Object java.lang.invoke.DirectMethodHandle$Holder.invokeStaticInit(java.lang.Object, java.lang.Object, int, int, int, int)'> (0x000000070f41cda8) 
thrown [s\open\src\hotspot\share\interpreter\linkResolver.cpp, line 774]
Event: 7.879 Thread 0x000001e1ed2af010 Exception <a 'java/lang/NoSuchMethodError'{0x000000070ded6f70}: 'void java.lang.invoke.DirectMethodHandle$Holder.invokeStatic(java.lang.Object, long)'> (0x000000070ded6f70) 
thrown [s\open\src\hotspot\share\interpreter\linkResolver.cpp, line 774]

VM Operations (20 events):
Event: 6.455 Executing VM operation: HandshakeAllThreads
Event: 6.456 Executing VM operation: HandshakeAllThreads done
Event: 6.668 Executing VM operation: G1CollectForAllocation
Event: 6.679 Executing VM operation: G1CollectForAllocation done
Event: 7.184 Executing VM operation: G1CollectForAllocation
Event: 7.191 Executing VM operation: G1CollectForAllocation done
Event: 7.331 Executing VM operation: ICBufferFull
Event: 7.331 Executing VM operation: ICBufferFull done
Event: 7.410 Executing VM operation: G1CollectForAllocation
Event: 7.413 Executing VM operation: G1CollectForAllocation done
Event: 7.503 Executing VM operation: HandshakeAllThreads
Event: 7.503 Executing VM operation: HandshakeAllThreads done
Event: 7.645 Executing VM operation: ICBufferFull
Event: 7.646 Executing VM operation: ICBufferFull done
Event: 7.678 Executing VM operation: HandshakeAllThreads
Event: 7.678 Executing VM operation: HandshakeAllThreads done
Event: 7.851 Executing VM operation: HandshakeAllThreads
Event: 7.851 Executing VM operation: HandshakeAllThreads done
Event: 7.880 Executing VM operation: HandshakeAllThreads
Event: 7.880 Executing VM operation: HandshakeAllThreads done

Events (20 events):
Event: 7.509 Thread 0x000001e1fffc4300 flushing nmethod 0x000001e180099390
Event: 7.510 Thread 0x000001e1fffc4300 flushing nmethod 0x000001e18020bd90
Event: 7.518 Thread 0x000001e1fffc4300 flushing nmethod 0x000001e180a72010
Event: 7.518 Thread 0x000001e1fffc4300 flushing nmethod 0x000001e180a82910
Event: 7.519 Thread 0x000001e1fffc4300 flushing nmethod 0x000001e180a8cb10
Event: 7.533 Thread 0x000001e1fffc4300 flushing nmethod 0x000001e1814de110
Event: 7.533 Thread 0x000001e1fffc4300 flushing nmethod 0x000001e18152ab10
Event: 7.679 Thread 0x000001e19f8becf0 Thread added: 0x000001e19f8becf0
Event: 7.690 Thread 0x000001e19f8becf0 Thread exited: 0x000001e19f8becf0
Event: 7.765 Thread 0x000001e19f8c0230 Thread added: 0x000001e19f8c0230
Event: 7.766 Thread 0x000001e19f8bc270 Thread added: 0x000001e19f8bc270
Event: 7.766 Thread 0x000001e19f8ba7e0 Thread added: 0x000001e19f8ba7e0
Event: 7.819 Thread 0x000001e19f8bad30 Thread added: 0x000001e19f8bad30
Event: 7.819 Thread 0x000001e19f8bc7c0 Thread added: 0x000001e19f8bc7c0
Event: 7.845 Thread 0x000001e19f8be250 Thread added: 0x000001e19f8be250
Event: 7.849 Thread 0x000001e19f8b9d40 Thread added: 0x000001e19f8b9d40
Event: 7.868 Thread 0x000001e19f8bf790 Thread added: 0x000001e19f8bf790
Event: 7.882 Thread 0x000001e19f8bdd00 Thread added: 0x000001e19f8bdd00
Event: 7.882 Thread 0x000001e19f8becf0 Thread added: 0x000001e19f8becf0
Event: 7.882 Thread 0x000001e19f8bb7d0 Thread added: 0x000001e19f8bb7d0


Dynamic libraries:
0x00007ff7786b0000 - 0x00007ff7786c0000 	C:\Program Files\Java\jdk-19\bin\java.exe
0x00007ff9ba3b0000 - 0x00007ff9ba5c6000 	C:\WINDOWS\SYSTEM32\ntdll.dll
0x00007ff9b9480000 - 0x00007ff9b9544000 	C:\WINDOWS\System32\KERNEL32.DLL
0x00007ff9b77f0000 - 0x00007ff9b7b97000 	C:\WINDOWS\System32\KERNELBASE.dll
0x00007ff9b7db0000 - 0x00007ff9b7ec1000 	C:\WINDOWS\System32\ucrtbase.dll
0x00007ff9a24d0000 - 0x00007ff9a24e8000 	C:\Program Files\Java\jdk-19\bin\jli.dll
0x00007ff9b8e10000 - 0x00007ff9b8ec2000 	C:\WINDOWS\System32\ADVAPI32.dll
0x00007ff9a1f50000 - 0x00007ff9a1f6b000 	C:\Program Files\Java\jdk-19\bin\VCRUNTIME140.dll
0x00007ff9b9380000 - 0x00007ff9b9427000 	C:\WINDOWS\System32\msvcrt.dll
0x00007ff9b8ed0000 - 0x00007ff9b8f78000 	C:\WINDOWS\System32\sechost.dll
0x00007ff9b8080000 - 0x00007ff9b80a8000 	C:\WINDOWS\System32\bcrypt.dll
0x00007ff9b9ce0000 - 0x00007ff9b9df5000 	C:\WINDOWS\System32\RPCRT4.dll
0x00007ff9ba190000 - 0x00007ff9ba33e000 	C:\WINDOWS\System32\USER32.dll
0x00007ff9b76a0000 - 0x00007ff9b76c6000 	C:\WINDOWS\System32\win32u.dll
0x00007ff999a60000 - 0x00007ff999cf3000 	C:\WINDOWS\WinSxS\amd64_microsoft.windows.common-controls_6595b64144ccf1df_6.0.22621.3235_none_270f74e173860f98\COMCTL32.dll
0x00007ff9ba160000 - 0x00007ff9ba189000 	C:\WINDOWS\System32\GDI32.dll
0x00007ff9b76d0000 - 0x00007ff9b77e9000 	C:\WINDOWS\System32\gdi32full.dll
0x00007ff9b7ba0000 - 0x00007ff9b7c3a000 	C:\WINDOWS\System32\msvcp_win.dll
0x00007ff9aeeb0000 - 0x00007ff9aeeba000 	C:\WINDOWS\SYSTEM32\VERSION.dll
0x00007ff9b9440000 - 0x00007ff9b9471000 	C:\WINDOWS\System32\IMM32.DLL
0x00007ff9af450000 - 0x00007ff9af45c000 	C:\Program Files\Java\jdk-19\bin\vcruntime140_1.dll
0x00007ff9a1a70000 - 0x00007ff9a1afe000 	C:\Program Files\Java\jdk-19\bin\msvcp140.dll
0x00007ff92d090000 - 0x00007ff92dd50000 	C:\Program Files\Java\jdk-19\bin\server\jvm.dll
0x00007ff9af190000 - 0x00007ff9af199000 	C:\WINDOWS\SYSTEM32\WSOCK32.dll
0x00007ff9b97e0000 - 0x00007ff9b9851000 	C:\WINDOWS\System32\WS2_32.dll
0x00007ff9af3b0000 - 0x00007ff9af3e4000 	C:\WINDOWS\SYSTEM32\WINMM.dll
0x00007ff9b67d0000 - 0x00007ff9b67e8000 	C:\WINDOWS\SYSTEM32\kernel.appcore.dll
0x00007ff9a2a70000 - 0x00007ff9a2a7a000 	C:\Program Files\Java\jdk-19\bin\jimage.dll
0x00007ff9b4f10000 - 0x00007ff9b5143000 	C:\WINDOWS\SYSTEM32\DBGHELP.DLL
0x00007ff9b8fe0000 - 0x00007ff9b9368000 	C:\WINDOWS\System32\combase.dll
0x00007ff9b8d30000 - 0x00007ff9b8e07000 	C:\WINDOWS\System32\OLEAUT32.dll
0x00007ff9acee0000 - 0x00007ff9acf12000 	C:\WINDOWS\SYSTEM32\dbgcore.DLL
0x00007ff9b7ed0000 - 0x00007ff9b7f49000 	C:\WINDOWS\System32\bcryptPrimitives.dll
0x00007ff9b2840000 - 0x00007ff9b284e000 	C:\Program Files\Java\jdk-19\bin\instrument.dll
0x00007ff9a1900000 - 0x00007ff9a1926000 	C:\Program Files\Java\jdk-19\bin\java.dll
0x00007ff963230000 - 0x00007ff963307000 	C:\Program Files\Java\jdk-19\bin\jsvml.dll
0x00007ff9b84d0000 - 0x00007ff9b8d2c000 	C:\WINDOWS\System32\SHELL32.dll
0x00007ff9b55c0000 - 0x00007ff9b5eb9000 	C:\WINDOWS\SYSTEM32\windows.storage.dll
0x00007ff9b5480000 - 0x00007ff9b55be000 	C:\WINDOWS\SYSTEM32\wintypes.dll
0x00007ff9b8210000 - 0x00007ff9b8303000 	C:\WINDOWS\System32\SHCORE.dll
0x00007ff9b9700000 - 0x00007ff9b975e000 	C:\WINDOWS\System32\shlwapi.dll
0x00007ff9b75d0000 - 0x00007ff9b75f1000 	C:\WINDOWS\SYSTEM32\profapi.dll
0x00007ff9a0ab0000 - 0x00007ff9a0ac8000 	C:\Program Files\Java\jdk-19\bin\zip.dll
0x00007ff9a1f30000 - 0x00007ff9a1f43000 	C:\Program Files\Java\jdk-19\bin\net.dll
0x00007ff9b0f70000 - 0x00007ff9b10a6000 	C:\WINDOWS\SYSTEM32\WINHTTP.dll
0x00007ff9b6c40000 - 0x00007ff9b6ca9000 	C:\WINDOWS\system32\mswsock.dll
0x00007ff9a1a50000 - 0x00007ff9a1a66000 	C:\Program Files\Java\jdk-19\bin\nio.dll
0x00007ff9b01f0000 - 0x00007ff9b020a000 	C:\Program Files\JetBrains\IntelliJ IDEA 2022.1.2\bin\breakgen64.dll
0x00007ff9a1f10000 - 0x00007ff9a1f18000 	C:\Program Files\Java\jdk-19\bin\extnet.dll
0x0000000069ac0000 - 0x0000000069ae4000 	C:\Users\99293\AppData\Local\Temp\jansi-2.4.0-ab00d07ebadfa1ad-jansi.dll
0x00007ff9a24c0000 - 0x00007ff9a24d0000 	C:\Program Files\Java\jdk-19\bin\verify.dll
0x00007ff9b6ea0000 - 0x00007ff9b6ebb000 	C:\WINDOWS\SYSTEM32\CRYPTSP.dll
0x00007ff9b6730000 - 0x00007ff9b6765000 	C:\WINDOWS\system32\rsaenh.dll
0x00007ff9b6d40000 - 0x00007ff9b6d68000 	C:\WINDOWS\SYSTEM32\USERENV.dll
0x00007ff9b6ec0000 - 0x00007ff9b6ecc000 	C:\WINDOWS\SYSTEM32\CRYPTBASE.dll
0x00007ff9b61a0000 - 0x00007ff9b61cd000 	C:\WINDOWS\SYSTEM32\IPHLPAPI.DLL
0x00007ff9b9370000 - 0x00007ff9b9379000 	C:\WINDOWS\System32\NSI.dll
0x00007ff9b0c90000 - 0x00007ff9b0ca9000 	C:\WINDOWS\SYSTEM32\dhcpcsvc6.DLL
0x00007ff9b0c60000 - 0x00007ff9b0c7f000 	C:\WINDOWS\SYSTEM32\dhcpcsvc.DLL
0x00007ff9b61d0000 - 0x00007ff9b62c9000 	C:\WINDOWS\SYSTEM32\DNSAPI.dll

dbghelp: loaded successfully - version: 4.0.5 - missing functions: none
symbol engine: initialized successfully - sym options: 0x614 - pdb path: .;C:\Program Files\Java\jdk-19\bin;C:\WINDOWS\SYSTEM32;C:\WINDOWS\WinSxS\amd64_microsoft.windows.common-controls_6595b64144ccf1df_6.0.22621.3235_none_270f74e173860f98;C:\Program Files\Java\jdk-19\bin\server;C:\Program Files\JetBrains\IntelliJ IDEA 2022.1.2\bin;C:\Users\99293\AppData\Local\Temp

VM Arguments:
jvm_args: -Dmaven.multiModuleProjectDirectory=D:\unitedStates duplicates original -Dmaven.home=C:\Users\99293\.m2\wrapper\dists\apache-maven-3.8.6-bin\1ks0nkde5v1pk9vtc31i9d0lcd\apache-maven-3.8.6 -Dclassworlds.conf=C:\Users\99293\.m2\wrapper\dists\apache-maven-3.8.6-bin\1ks0nkde5v1pk9vtc31i9d0lcd\apache-maven-3.8.6\bin\m2.conf -Dmaven.ext.class.path=C:\Program Files\JetBrains\IntelliJ IDEA 2022.1.2\plugins\maven\lib\maven-event-listener.jar -javaagent:C:\Program Files\JetBrains\IntelliJ IDEA 2022.1.2\lib\idea_rt.jar=57925:C:\Program Files\JetBrains\IntelliJ IDEA 2022.1.2\bin -Dfile.encoding=UTF-8 
java_command: org.codehaus.classworlds.Launcher -Didea.version=2022.1.2 package
java_class_path (initial): C:\Users\99293\.m2\wrapper\dists\apache-maven-3.8.6-bin\1ks0nkde5v1pk9vtc31i9d0lcd\apache-maven-3.8.6\boot\plexus-classworlds-2.6.0.jar;C:\Users\99293\.m2\wrapper\dists\apache-maven-3.8.6-bin\1ks0nkde5v1pk9vtc31i9d0lcd\apache-maven-3.8.6\boot\plexus-classworlds.license
Launcher Type: SUN_STANDARD

[Global flags]
     intx CICompilerCount                          = 12                                        {product} {ergonomic}
     uint ConcGCThreads                            = 3                                         {product} {ergonomic}
     uint G1ConcRefinementThreads                  = 13                                        {product} {ergonomic}
   size_t G1HeapRegionSize                         = 2097152                                   {product} {ergonomic}
    uintx GCDrainStackTargetSize                   = 64                                        {product} {ergonomic}
   size_t InitialHeapSize                          = 264241152                                 {product} {ergonomic}
   size_t MarkStackSize                            = 4194304                                   {product} {ergonomic}
   size_t MaxHeapSize                              = 4196401152                                {product} {ergonomic}
   size_t MaxNewSize                               = 2516582400                                {product} {ergonomic}
   size_t MinHeapDeltaBytes                        = 2097152                                   {product} {ergonomic}
   size_t MinHeapSize                              = 8388608                                   {product} {ergonomic}
    uintx NonNMethodCodeHeapSize                   = 7602480                                {pd product} {ergonomic}
    uintx NonProfiledCodeHeapSize                  = 122027880                              {pd product} {ergonomic}
    uintx ProfiledCodeHeapSize                     = 122027880                              {pd product} {ergonomic}
    uintx ReservedCodeCacheSize                    = 251658240                              {pd product} {ergonomic}
     bool SegmentedCodeCache                       = true                                      {product} {ergonomic}
   size_t SoftMaxHeapSize                          = 4196401152                             {manageable} {ergonomic}
     bool UseCompressedClassPointers               = true                           {product lp64_product} {ergonomic}
     bool UseCompressedOops                        = true                           {product lp64_product} {ergonomic}
     bool UseG1GC                                  = true                                      {product} {ergonomic}
     bool UseLargePagesIndividualAllocation        = false                                  {pd product} {ergonomic}

Logging:
Log output configuration:
 #0: stdout all=warning uptime,level,tags foldmultilines=false
 #1: stderr all=off uptime,level,tags foldmultilines=false

Environment Variables:
PATH=C:\Program Files\Common Files\Oracle\Java\javapath;C:\Windows\system32;C:\Windows;C:\Windows\System32\Wbem;C:\Windows\System32\WindowsPowerShell\v1.0\;C:\Windows\System32\OpenSSH\;C:\Program Files (x86)\NVIDIA Corporation\PhysX\Common;C:\Program Files\NVIDIA Corporation\NVIDIA NvDLISR;C:\Program Files\Git\cmd;C:\Program Files (x86)\dotnet\;%SystemRoot%\system32;%SystemRoot%;%SystemRoot%\System32\Wbem;%SYSTEMROOT%\System32\WindowsPowerShell\v1.0\;%SYSTEMROOT%\System32\OpenSSH\;C:\Users\99293\AppData\Local\Programs\Python\Python311\Scripts\;C:\Users\99293\AppData\Local\Programs\Python\Python311\;C:\Users\99293\AppData\Local\Microsoft\WindowsApps;;C:\Program Files\JetBrains\IntelliJ IDEA 2022.1.2\bin;;C:\Program Files\heroku\bin
USERNAME=ASUS
OS=Windows_NT
PROCESSOR_IDENTIFIER=Intel64 Family 6 Model 154 Stepping 3, GenuineIntel
TMP=C:\Users\99293\AppData\Local\Temp
TEMP=C:\Users\99293\AppData\Local\Temp



---------------  S Y S T E M  ---------------

OS:
 Windows 11 , 64 bit Build 22621 (10.0.22621.3374)
OS uptime: 2 days 16:13 hours
Hyper-V role detected

CPU: total 16 (initial active 16) (8 cores per cpu, 2 threads per core) family 6 model 154 stepping 3 microcode 0x41c, cx8, cmov, fxsr, ht, mmx, 3dnowpref, sse, sse2, sse3, ssse3, sse4.1, sse4.2, popcnt, lzcnt, tsc, tscinvbit, avx, avx2, aes, erms, clmul, bmi1, bmi2, adx, sha, fma, vzeroupper, clflush, clflushopt, clwb, hv, serialize, rdtscp, rdpid, fsrm

Memory: 4k page, system-wide physical 16005M (3085M free)
TotalPageFile size 18053M (AvailPageFile size 6M)
current process WorkingSet (physical memory assigned to process): 478M, peak: 494M
current process commit charge ("private bytes"): 524M, peak: 540M

vm_info: Java HotSpot(TM) 64-Bit Server VM (19.0.2+7-44) for windows-amd64 JRE (19.0.2+7-44), built on 2022-11-30T18:02:09Z by "mach5one" with MS VC++ 17.1 (VS2022)

END.
