#
# There is insufficient memory for the Java Runtime Environment to continue.
# Native memory allocation (mmap) failed to map 65536 bytes for Failed to commit metaspace.
# Possible reasons:
#   The system is out of physical RAM or swap space
#   The process is running with CompressedOops enabled, and the Java Heap may be blocking the growth of the native heap
# Possible solutions:
#   Reduce memory load on the system
#   Increase physical memory or swap space
#   Check if swap backing store is full
#   Decrease Java heap size (-Xmx/-Xms)
#   Decrease number of Java threads
#   Decrease Java thread stack sizes (-Xss)
#   Set larger code cache with -XX:ReservedCodeCacheSize=
#   JVM is running with Zero Based Compressed Oops mode in which the Java heap is
#     placed in the first 32GB address space. The Java Heap base address is the
#     maximum limit for the native heap growth. Please use -XX:HeapBaseMinAddress
#     to set the Java Heap base and to place the Java Heap above 32GB virtual address.
# This output file may be truncated or incomplete.
#
#  Out of Memory Error (virtualSpaceNode.cpp:110), pid=10380, tid=20100
#
# JRE version: Java(TM) SE Runtime Environment (19.0.2+7) (build 19.0.2+7-44)
# Java VM: Java HotSpot(TM) 64-Bit Server VM (19.0.2+7-44, mixed mode, sharing, tiered, compressed oops, compressed class ptrs, g1 gc, windows-amd64)
# No core dump will be written. Minidumps are not enabled by default on client versions of Windows
#

---------------  S U M M A R Y ------------

Command Line: -ea -Didea.test.cyclic.buffer.size=1048576 -javaagent:C:\Program Files\JetBrains\IntelliJ IDEA 2022.1.2\lib\idea_rt.jar=61797:C:\Program Files\JetBrains\IntelliJ IDEA 2022.1.2\bin -Dfile.encoding=UTF-8 com.intellij.rt.junit.JUnitStarter -ideVersion5 -junit4 unitted_states_of_mankind.Testing,testBalance

Host: 12th Gen Intel(R) Core(TM) i7-12650H, 16 cores, 15G,  Windows 11 , 64 bit Build 22621 (10.0.22621.2070)
Time: Sat Sep  9 18:29:30 2023  Windows 11 , 64 bit Build 22621 (10.0.22621.2070) elapsed time: 0.139645 seconds (0d 0h 0m 0s)

---------------  T H R E A D  ---------------

Current thread (0x0000020b8cd2c970):  JavaThread "C1 CompilerThread2" daemon [_thread_in_vm, id=20100, stack(0x00000057b0000000,0x00000057b0100000)]


Current CompileTask:
C1:    139  495       3       java.lang.invoke.MemberName::getMethodOrFieldType (72 bytes)

Stack: [0x00000057b0000000,0x00000057b0100000]
Native frames: (J=compiled Java code, j=interpreted, Vv=VM code, C=native code)
V  [jvm.dll+0x6ee21a]
V  [jvm.dll+0x85765e]
V  [jvm.dll+0x85904e]
V  [jvm.dll+0x859703]
V  [jvm.dll+0x28298f]
V  [jvm.dll+0x8532db]
V  [jvm.dll+0x692cb6]
V  [jvm.dll+0x692d1a]
V  [jvm.dll+0x695613]
V  [jvm.dll+0x6954de]
V  [jvm.dll+0x6936de]
V  [jvm.dll+0x6a4f0a]
V  [jvm.dll+0x69df0a]
V  [jvm.dll+0x2002b0]
V  [jvm.dll+0x200498]
V  [jvm.dll+0x173571]
V  [jvm.dll+0x1733b5]
V  [jvm.dll+0x16ade5]
V  [jvm.dll+0x16d067]
V  [jvm.dll+0x16b57c]
V  [jvm.dll+0x173e93]
V  [jvm.dll+0x1733b5]
V  [jvm.dll+0x16ade5]
V  [jvm.dll+0x16d067]
V  [jvm.dll+0x16b675]
V  [jvm.dll+0x165590]
V  [jvm.dll+0x174ff6]
V  [jvm.dll+0x160bb0]
V  [jvm.dll+0x160f23]
V  [jvm.dll+0x161208]
V  [jvm.dll+0x160666]
V  [jvm.dll+0x16235d]
V  [jvm.dll+0x25b25a]
V  [jvm.dll+0x2596e8]
V  [jvm.dll+0x807588]
V  [jvm.dll+0x80125a]
V  [jvm.dll+0x6ecf0b]
C  [ucrtbase.dll+0x29363]
C  [KERNEL32.DLL+0x126ad]
C  [ntdll.dll+0x5aa68]


---------------  P R O C E S S  ---------------

Threads class SMR info:
_java_thread_list=0x0000020b8cdd4060, length=18, elements={
0x0000020be4d357f0, 0x0000020b8878bf50, 0x0000020b8878ca80, 0x0000020b887915d0,
0x0000020b88794010, 0x0000020b88794d50, 0x0000020b887960b0, 0x0000020b88797890,
0x0000020b8879df90, 0x0000020b887a03d0, 0x0000020b8ccaae60, 0x0000020b8cd26fe0,
0x0000020b8cd2c970, 0x0000020b8cd353a0, 0x0000020b8cdeae60, 0x0000020b8cdeb3a0,
0x0000020b8cdd39a0, 0x0000020b8cdcc8a0
}

Java Threads: ( => current thread )
  0x0000020be4d357f0 JavaThread "main" [_thread_in_vm, id=9520, stack(0x00000057aee00000,0x00000057aef00000)]
  0x0000020b8878bf50 JavaThread "Reference Handler" daemon [_thread_blocked, id=11420, stack(0x00000057af500000,0x00000057af600000)]
  0x0000020b8878ca80 JavaThread "Finalizer" daemon [_thread_blocked, id=1216, stack(0x00000057af600000,0x00000057af700000)]
  0x0000020b887915d0 JavaThread "Signal Dispatcher" daemon [_thread_blocked, id=3968, stack(0x00000057af700000,0x00000057af800000)]
  0x0000020b88794010 JavaThread "Attach Listener" daemon [_thread_blocked, id=10628, stack(0x00000057af800000,0x00000057af900000)]
  0x0000020b88794d50 JavaThread "Service Thread" daemon [_thread_blocked, id=8776, stack(0x00000057af900000,0x00000057afa00000)]
  0x0000020b887960b0 JavaThread "Monitor Deflation Thread" daemon [_thread_blocked, id=16108, stack(0x00000057afa00000,0x00000057afb00000)]
  0x0000020b88797890 JavaThread "C2 CompilerThread0" daemon [_thread_blocked, id=9904, stack(0x00000057afb00000,0x00000057afc00000)]
  0x0000020b8879df90 JavaThread "C1 CompilerThread0" daemon [_thread_blocked, id=3660, stack(0x00000057afc00000,0x00000057afd00000)]
  0x0000020b887a03d0 JavaThread "Sweeper thread" daemon [_thread_blocked, id=18932, stack(0x00000057afd00000,0x00000057afe00000)]
  0x0000020b8ccaae60 JavaThread "C1 CompilerThread1" daemon [_thread_blocked, id=15936, stack(0x00000057afe00000,0x00000057aff00000)]
  0x0000020b8cd26fe0 JavaThread "Common-Cleaner" daemon [_thread_blocked, id=4696, stack(0x00000057aff00000,0x00000057b0000000)]
=>0x0000020b8cd2c970 JavaThread "C1 CompilerThread2" daemon [_thread_in_vm, id=20100, stack(0x00000057b0000000,0x00000057b0100000)]
  0x0000020b8cd353a0 JavaThread "C1 CompilerThread3" daemon [_thread_blocked, id=18064, stack(0x00000057b0100000,0x00000057b0200000)]
  0x0000020b8cdeae60 JavaThread "Monitor Ctrl-Break" daemon [_thread_in_native, id=17100, stack(0x00000057b0200000,0x00000057b0300000)]
  0x0000020b8cdeb3a0 JavaThread "Notification Thread" daemon [_thread_blocked, id=2932, stack(0x00000057b0300000,0x00000057b0400000)]
  0x0000020b8cdd39a0 JavaThread "C2 CompilerThread1" daemon [_thread_blocked, id=7104, stack(0x00000057b0500000,0x00000057b0600000)]
  0x0000020b8cdcc8a0 JavaThread "C2 CompilerThread2" daemon [_thread_blocked, id=13992, stack(0x00000057b0600000,0x00000057b0700000)]

Other Threads:
  0x0000020b8876bbb0 VMThread "VM Thread" [stack: 0x00000057af400000,0x00000057af500000] [id=12428]
  0x0000020b8cdbbef0 WatcherThread "VM Periodic Task Thread" [stack: 0x00000057b0400000,0x00000057b0500000] [id=17896]
  0x0000020be4da8060 WorkerThread "GC Thread#0" [stack: 0x00000057aef00000,0x00000057af000000] [id=8040]
  0x0000020be4db8be0 ConcurrentGCThread "G1 Main Marker" [stack: 0x00000057af000000,0x00000057af100000] [id=7852]
  0x0000020be4db9cc0 WorkerThread "G1 Conc#0" [stack: 0x00000057af100000,0x00000057af200000] [id=14144]
  0x0000020b886282d0 ConcurrentGCThread "G1 Refine#0" [stack: 0x00000057af200000,0x00000057af300000] [id=13096]
  0x0000020b88629bd0 ConcurrentGCThread "G1 Service" [stack: 0x00000057af300000,0x00000057af400000] [id=16092]

Threads with active compile tasks:
C1 CompilerThread2      155  495       3       java.lang.invoke.MemberName::getMethodOrFieldType (72 bytes)

VM state: not at safepoint (normal execution)

VM Mutex/Monitor currently owned by a thread:  ([mutex/lock_event])
[0x0000020be4d2f860] Metaspace_lock - owner thread: 0x0000020b8cd2c970
[0x0000020be4d30f30] MethodData_lock - owner thread: 0x0000020b8cd2c970

Heap address: 0x0000000705e00000, size: 4002 MB, Compressed Oops mode: Zero based, Oop shift amount: 3

CDS archive(s) mapped at: [0x0000000800000000-0x0000000800c40000-0x0000000800c40000), size 12845056, SharedBaseAddress: 0x0000000800000000, ArchiveRelocationMode: 0.
Compressed class space mapped at: 0x0000000801000000-0x0000000841000000, reserved size: 1073741824
Narrow klass base: 0x0000000800000000, Narrow klass shift: 0, Narrow klass range: 0x100000000

GC Precious Log:
 CardTable entry size: 512
 Card Set container configuration: InlinePtr #cards 4 size 8 Array Of Cards #cards 16 size 48 Howl #buckets 8 coarsen threshold 3686 Howl Bitmap #cards 512 size 80 coarsen threshold 460 Card regions per heap region 1 cards per card region 4096
 CPUs: 16 total, 16 available
 Memory: 16005M
 Large Page Support: Disabled
 NUMA Support: Disabled
 Compressed Oops: Enabled (Zero based)
 Heap Region Size: 2M
 Heap Min Capacity: 8M
 Heap Initial Capacity: 252M
 Heap Max Capacity: 4002M
 Pre-touch: Disabled
 Parallel Workers: 13
 Concurrent Workers: 3
 Concurrent Refinement Workers: 13
 Periodic GC: Disabled

Heap:
 garbage-first heap   total 258048K, used 8192K [0x0000000705e00000, 0x0000000800000000)
  region size 2048K, 6 young (12288K), 0 survivors (0K)
 Metaspace       used 1394K, committed 1536K, reserved 1114112K
  class space    used 118K, committed 192K, reserved 1048576K

Heap Regions: E=young(eden), S=young(survivor), O=old, HS=humongous(starts), HC=humongous(continues), CS=collection set, F=free, OA=open archive, CA=closed archive, TAMS=top-at-mark-start (previous, next)
|   0|0x0000000705e00000, 0x0000000705e00000, 0x0000000706000000|  0%| F|  |TAMS 0x0000000705e00000, 0x0000000705e00000| Untracked 
|   1|0x0000000706000000, 0x0000000706000000, 0x0000000706200000|  0%| F|  |TAMS 0x0000000706000000, 0x0000000706000000| Untracked 
|   2|0x0000000706200000, 0x0000000706200000, 0x0000000706400000|  0%| F|  |TAMS 0x0000000706200000, 0x0000000706200000| Untracked 
|   3|0x0000000706400000, 0x0000000706400000, 0x0000000706600000|  0%| F|  |TAMS 0x0000000706400000, 0x0000000706400000| Untracked 
|   4|0x0000000706600000, 0x0000000706600000, 0x0000000706800000|  0%| F|  |TAMS 0x0000000706600000, 0x0000000706600000| Untracked 
|   5|0x0000000706800000, 0x0000000706800000, 0x0000000706a00000|  0%| F|  |TAMS 0x0000000706800000, 0x0000000706800000| Untracked 
|   6|0x0000000706a00000, 0x0000000706a00000, 0x0000000706c00000|  0%| F|  |TAMS 0x0000000706a00000, 0x0000000706a00000| Untracked 
|   7|0x0000000706c00000, 0x0000000706c00000, 0x0000000706e00000|  0%| F|  |TAMS 0x0000000706c00000, 0x0000000706c00000| Untracked 
|   8|0x0000000706e00000, 0x0000000706e00000, 0x0000000707000000|  0%| F|  |TAMS 0x0000000706e00000, 0x0000000706e00000| Untracked 
|   9|0x0000000707000000, 0x0000000707000000, 0x0000000707200000|  0%| F|  |TAMS 0x0000000707000000, 0x0000000707000000| Untracked 
|  10|0x0000000707200000, 0x0000000707200000, 0x0000000707400000|  0%| F|  |TAMS 0x0000000707200000, 0x0000000707200000| Untracked 
|  11|0x0000000707400000, 0x0000000707400000, 0x0000000707600000|  0%| F|  |TAMS 0x0000000707400000, 0x0000000707400000| Untracked 
|  12|0x0000000707600000, 0x0000000707600000, 0x0000000707800000|  0%| F|  |TAMS 0x0000000707600000, 0x0000000707600000| Untracked 
|  13|0x0000000707800000, 0x0000000707800000, 0x0000000707a00000|  0%| F|  |TAMS 0x0000000707800000, 0x0000000707800000| Untracked 
|  14|0x0000000707a00000, 0x0000000707a00000, 0x0000000707c00000|  0%| F|  |TAMS 0x0000000707a00000, 0x0000000707a00000| Untracked 
|  15|0x0000000707c00000, 0x0000000707c00000, 0x0000000707e00000|  0%| F|  |TAMS 0x0000000707c00000, 0x0000000707c00000| Untracked 
|  16|0x0000000707e00000, 0x0000000707e00000, 0x0000000708000000|  0%| F|  |TAMS 0x0000000707e00000, 0x0000000707e00000| Untracked 
|  17|0x0000000708000000, 0x0000000708000000, 0x0000000708200000|  0%| F|  |TAMS 0x0000000708000000, 0x0000000708000000| Untracked 
|  18|0x0000000708200000, 0x0000000708200000, 0x0000000708400000|  0%| F|  |TAMS 0x0000000708200000, 0x0000000708200000| Untracked 
|  19|0x0000000708400000, 0x0000000708400000, 0x0000000708600000|  0%| F|  |TAMS 0x0000000708400000, 0x0000000708400000| Untracked 
|  20|0x0000000708600000, 0x0000000708600000, 0x0000000708800000|  0%| F|  |TAMS 0x0000000708600000, 0x0000000708600000| Untracked 
|  21|0x0000000708800000, 0x0000000708800000, 0x0000000708a00000|  0%| F|  |TAMS 0x0000000708800000, 0x0000000708800000| Untracked 
|  22|0x0000000708a00000, 0x0000000708a00000, 0x0000000708c00000|  0%| F|  |TAMS 0x0000000708a00000, 0x0000000708a00000| Untracked 
|  23|0x0000000708c00000, 0x0000000708c00000, 0x0000000708e00000|  0%| F|  |TAMS 0x0000000708c00000, 0x0000000708c00000| Untracked 
|  24|0x0000000708e00000, 0x0000000708e00000, 0x0000000709000000|  0%| F|  |TAMS 0x0000000708e00000, 0x0000000708e00000| Untracked 
|  25|0x0000000709000000, 0x0000000709000000, 0x0000000709200000|  0%| F|  |TAMS 0x0000000709000000, 0x0000000709000000| Untracked 
|  26|0x0000000709200000, 0x0000000709200000, 0x0000000709400000|  0%| F|  |TAMS 0x0000000709200000, 0x0000000709200000| Untracked 
|  27|0x0000000709400000, 0x0000000709400000, 0x0000000709600000|  0%| F|  |TAMS 0x0000000709400000, 0x0000000709400000| Untracked 
|  28|0x0000000709600000, 0x0000000709600000, 0x0000000709800000|  0%| F|  |TAMS 0x0000000709600000, 0x0000000709600000| Untracked 
|  29|0x0000000709800000, 0x0000000709800000, 0x0000000709a00000|  0%| F|  |TAMS 0x0000000709800000, 0x0000000709800000| Untracked 
|  30|0x0000000709a00000, 0x0000000709a00000, 0x0000000709c00000|  0%| F|  |TAMS 0x0000000709a00000, 0x0000000709a00000| Untracked 
|  31|0x0000000709c00000, 0x0000000709c00000, 0x0000000709e00000|  0%| F|  |TAMS 0x0000000709c00000, 0x0000000709c00000| Untracked 
|  32|0x0000000709e00000, 0x0000000709e00000, 0x000000070a000000|  0%| F|  |TAMS 0x0000000709e00000, 0x0000000709e00000| Untracked 
|  33|0x000000070a000000, 0x000000070a000000, 0x000000070a200000|  0%| F|  |TAMS 0x000000070a000000, 0x000000070a000000| Untracked 
|  34|0x000000070a200000, 0x000000070a200000, 0x000000070a400000|  0%| F|  |TAMS 0x000000070a200000, 0x000000070a200000| Untracked 
|  35|0x000000070a400000, 0x000000070a400000, 0x000000070a600000|  0%| F|  |TAMS 0x000000070a400000, 0x000000070a400000| Untracked 
|  36|0x000000070a600000, 0x000000070a600000, 0x000000070a800000|  0%| F|  |TAMS 0x000000070a600000, 0x000000070a600000| Untracked 
|  37|0x000000070a800000, 0x000000070a800000, 0x000000070aa00000|  0%| F|  |TAMS 0x000000070a800000, 0x000000070a800000| Untracked 
|  38|0x000000070aa00000, 0x000000070aa00000, 0x000000070ac00000|  0%| F|  |TAMS 0x000000070aa00000, 0x000000070aa00000| Untracked 
|  39|0x000000070ac00000, 0x000000070ac00000, 0x000000070ae00000|  0%| F|  |TAMS 0x000000070ac00000, 0x000000070ac00000| Untracked 
|  40|0x000000070ae00000, 0x000000070ae00000, 0x000000070b000000|  0%| F|  |TAMS 0x000000070ae00000, 0x000000070ae00000| Untracked 
|  41|0x000000070b000000, 0x000000070b000000, 0x000000070b200000|  0%| F|  |TAMS 0x000000070b000000, 0x000000070b000000| Untracked 
|  42|0x000000070b200000, 0x000000070b200000, 0x000000070b400000|  0%| F|  |TAMS 0x000000070b200000, 0x000000070b200000| Untracked 
|  43|0x000000070b400000, 0x000000070b400000, 0x000000070b600000|  0%| F|  |TAMS 0x000000070b400000, 0x000000070b400000| Untracked 
|  44|0x000000070b600000, 0x000000070b600000, 0x000000070b800000|  0%| F|  |TAMS 0x000000070b600000, 0x000000070b600000| Untracked 
|  45|0x000000070b800000, 0x000000070b800000, 0x000000070ba00000|  0%| F|  |TAMS 0x000000070b800000, 0x000000070b800000| Untracked 
|  46|0x000000070ba00000, 0x000000070ba00000, 0x000000070bc00000|  0%| F|  |TAMS 0x000000070ba00000, 0x000000070ba00000| Untracked 
|  47|0x000000070bc00000, 0x000000070bc00000, 0x000000070be00000|  0%| F|  |TAMS 0x000000070bc00000, 0x000000070bc00000| Untracked 
|  48|0x000000070be00000, 0x000000070be00000, 0x000000070c000000|  0%| F|  |TAMS 0x000000070be00000, 0x000000070be00000| Untracked 
|  49|0x000000070c000000, 0x000000070c000000, 0x000000070c200000|  0%| F|  |TAMS 0x000000070c000000, 0x000000070c000000| Untracked 
|  50|0x000000070c200000, 0x000000070c200000, 0x000000070c400000|  0%| F|  |TAMS 0x000000070c200000, 0x000000070c200000| Untracked 
|  51|0x000000070c400000, 0x000000070c400000, 0x000000070c600000|  0%| F|  |TAMS 0x000000070c400000, 0x000000070c400000| Untracked 
|  52|0x000000070c600000, 0x000000070c600000, 0x000000070c800000|  0%| F|  |TAMS 0x000000070c600000, 0x000000070c600000| Untracked 
|  53|0x000000070c800000, 0x000000070c800000, 0x000000070ca00000|  0%| F|  |TAMS 0x000000070c800000, 0x000000070c800000| Untracked 
|  54|0x000000070ca00000, 0x000000070ca00000, 0x000000070cc00000|  0%| F|  |TAMS 0x000000070ca00000, 0x000000070ca00000| Untracked 
|  55|0x000000070cc00000, 0x000000070cc00000, 0x000000070ce00000|  0%| F|  |TAMS 0x000000070cc00000, 0x000000070cc00000| Untracked 
|  56|0x000000070ce00000, 0x000000070ce00000, 0x000000070d000000|  0%| F|  |TAMS 0x000000070ce00000, 0x000000070ce00000| Untracked 
|  57|0x000000070d000000, 0x000000070d000000, 0x000000070d200000|  0%| F|  |TAMS 0x000000070d000000, 0x000000070d000000| Untracked 
|  58|0x000000070d200000, 0x000000070d200000, 0x000000070d400000|  0%| F|  |TAMS 0x000000070d200000, 0x000000070d200000| Untracked 
|  59|0x000000070d400000, 0x000000070d400000, 0x000000070d600000|  0%| F|  |TAMS 0x000000070d400000, 0x000000070d400000| Untracked 
|  60|0x000000070d600000, 0x000000070d600000, 0x000000070d800000|  0%| F|  |TAMS 0x000000070d600000, 0x000000070d600000| Untracked 
|  61|0x000000070d800000, 0x000000070d800000, 0x000000070da00000|  0%| F|  |TAMS 0x000000070d800000, 0x000000070d800000| Untracked 
|  62|0x000000070da00000, 0x000000070da00000, 0x000000070dc00000|  0%| F|  |TAMS 0x000000070da00000, 0x000000070da00000| Untracked 
|  63|0x000000070dc00000, 0x000000070dc00000, 0x000000070de00000|  0%| F|  |TAMS 0x000000070dc00000, 0x000000070dc00000| Untracked 
|  64|0x000000070de00000, 0x000000070de00000, 0x000000070e000000|  0%| F|  |TAMS 0x000000070de00000, 0x000000070de00000| Untracked 
|  65|0x000000070e000000, 0x000000070e000000, 0x000000070e200000|  0%| F|  |TAMS 0x000000070e000000, 0x000000070e000000| Untracked 
|  66|0x000000070e200000, 0x000000070e200000, 0x000000070e400000|  0%| F|  |TAMS 0x000000070e200000, 0x000000070e200000| Untracked 
|  67|0x000000070e400000, 0x000000070e400000, 0x000000070e600000|  0%| F|  |TAMS 0x000000070e400000, 0x000000070e400000| Untracked 
|  68|0x000000070e600000, 0x000000070e600000, 0x000000070e800000|  0%| F|  |TAMS 0x000000070e600000, 0x000000070e600000| Untracked 
|  69|0x000000070e800000, 0x000000070e800000, 0x000000070ea00000|  0%| F|  |TAMS 0x000000070e800000, 0x000000070e800000| Untracked 
|  70|0x000000070ea00000, 0x000000070ea00000, 0x000000070ec00000|  0%| F|  |TAMS 0x000000070ea00000, 0x000000070ea00000| Untracked 
|  71|0x000000070ec00000, 0x000000070ec00000, 0x000000070ee00000|  0%| F|  |TAMS 0x000000070ec00000, 0x000000070ec00000| Untracked 
|  72|0x000000070ee00000, 0x000000070ee00000, 0x000000070f000000|  0%| F|  |TAMS 0x000000070ee00000, 0x000000070ee00000| Untracked 
|  73|0x000000070f000000, 0x000000070f000000, 0x000000070f200000|  0%| F|  |TAMS 0x000000070f000000, 0x000000070f000000| Untracked 
|  74|0x000000070f200000, 0x000000070f200000, 0x000000070f400000|  0%| F|  |TAMS 0x000000070f200000, 0x000000070f200000| Untracked 
|  75|0x000000070f400000, 0x000000070f400000, 0x000000070f600000|  0%| F|  |TAMS 0x000000070f400000, 0x000000070f400000| Untracked 
|  76|0x000000070f600000, 0x000000070f600000, 0x000000070f800000|  0%| F|  |TAMS 0x000000070f600000, 0x000000070f600000| Untracked 
|  77|0x000000070f800000, 0x000000070f800000, 0x000000070fa00000|  0%| F|  |TAMS 0x000000070f800000, 0x000000070f800000| Untracked 
|  78|0x000000070fa00000, 0x000000070fa00000, 0x000000070fc00000|  0%| F|  |TAMS 0x000000070fa00000, 0x000000070fa00000| Untracked 
|  79|0x000000070fc00000, 0x000000070fc00000, 0x000000070fe00000|  0%| F|  |TAMS 0x000000070fc00000, 0x000000070fc00000| Untracked 
|  80|0x000000070fe00000, 0x000000070fe00000, 0x0000000710000000|  0%| F|  |TAMS 0x000000070fe00000, 0x000000070fe00000| Untracked 
|  81|0x0000000710000000, 0x0000000710000000, 0x0000000710200000|  0%| F|  |TAMS 0x0000000710000000, 0x0000000710000000| Untracked 
|  82|0x0000000710200000, 0x0000000710200000, 0x0000000710400000|  0%| F|  |TAMS 0x0000000710200000, 0x0000000710200000| Untracked 
|  83|0x0000000710400000, 0x0000000710400000, 0x0000000710600000|  0%| F|  |TAMS 0x0000000710400000, 0x0000000710400000| Untracked 
|  84|0x0000000710600000, 0x0000000710600000, 0x0000000710800000|  0%| F|  |TAMS 0x0000000710600000, 0x0000000710600000| Untracked 
|  85|0x0000000710800000, 0x0000000710800000, 0x0000000710a00000|  0%| F|  |TAMS 0x0000000710800000, 0x0000000710800000| Untracked 
|  86|0x0000000710a00000, 0x0000000710a00000, 0x0000000710c00000|  0%| F|  |TAMS 0x0000000710a00000, 0x0000000710a00000| Untracked 
|  87|0x0000000710c00000, 0x0000000710c00000, 0x0000000710e00000|  0%| F|  |TAMS 0x0000000710c00000, 0x0000000710c00000| Untracked 
|  88|0x0000000710e00000, 0x0000000710e00000, 0x0000000711000000|  0%| F|  |TAMS 0x0000000710e00000, 0x0000000710e00000| Untracked 
|  89|0x0000000711000000, 0x0000000711000000, 0x0000000711200000|  0%| F|  |TAMS 0x0000000711000000, 0x0000000711000000| Untracked 
|  90|0x0000000711200000, 0x0000000711200000, 0x0000000711400000|  0%| F|  |TAMS 0x0000000711200000, 0x0000000711200000| Untracked 
|  91|0x0000000711400000, 0x0000000711400000, 0x0000000711600000|  0%| F|  |TAMS 0x0000000711400000, 0x0000000711400000| Untracked 
|  92|0x0000000711600000, 0x0000000711600000, 0x0000000711800000|  0%| F|  |TAMS 0x0000000711600000, 0x0000000711600000| Untracked 
|  93|0x0000000711800000, 0x0000000711800000, 0x0000000711a00000|  0%| F|  |TAMS 0x0000000711800000, 0x0000000711800000| Untracked 
|  94|0x0000000711a00000, 0x0000000711a00000, 0x0000000711c00000|  0%| F|  |TAMS 0x0000000711a00000, 0x0000000711a00000| Untracked 
|  95|0x0000000711c00000, 0x0000000711c00000, 0x0000000711e00000|  0%| F|  |TAMS 0x0000000711c00000, 0x0000000711c00000| Untracked 
|  96|0x0000000711e00000, 0x0000000711e00000, 0x0000000712000000|  0%| F|  |TAMS 0x0000000711e00000, 0x0000000711e00000| Untracked 
|  97|0x0000000712000000, 0x0000000712000000, 0x0000000712200000|  0%| F|  |TAMS 0x0000000712000000, 0x0000000712000000| Untracked 
|  98|0x0000000712200000, 0x0000000712200000, 0x0000000712400000|  0%| F|  |TAMS 0x0000000712200000, 0x0000000712200000| Untracked 
|  99|0x0000000712400000, 0x0000000712400000, 0x0000000712600000|  0%| F|  |TAMS 0x0000000712400000, 0x0000000712400000| Untracked 
| 100|0x0000000712600000, 0x0000000712600000, 0x0000000712800000|  0%| F|  |TAMS 0x0000000712600000, 0x0000000712600000| Untracked 
| 101|0x0000000712800000, 0x0000000712800000, 0x0000000712a00000|  0%| F|  |TAMS 0x0000000712800000, 0x0000000712800000| Untracked 
| 102|0x0000000712a00000, 0x0000000712a00000, 0x0000000712c00000|  0%| F|  |TAMS 0x0000000712a00000, 0x0000000712a00000| Untracked 
| 103|0x0000000712c00000, 0x0000000712c00000, 0x0000000712e00000|  0%| F|  |TAMS 0x0000000712c00000, 0x0000000712c00000| Untracked 
| 104|0x0000000712e00000, 0x0000000712e00000, 0x0000000713000000|  0%| F|  |TAMS 0x0000000712e00000, 0x0000000712e00000| Untracked 
| 105|0x0000000713000000, 0x0000000713000000, 0x0000000713200000|  0%| F|  |TAMS 0x0000000713000000, 0x0000000713000000| Untracked 
| 106|0x0000000713200000, 0x0000000713200000, 0x0000000713400000|  0%| F|  |TAMS 0x0000000713200000, 0x0000000713200000| Untracked 
| 107|0x0000000713400000, 0x0000000713400000, 0x0000000713600000|  0%| F|  |TAMS 0x0000000713400000, 0x0000000713400000| Untracked 
| 108|0x0000000713600000, 0x0000000713600000, 0x0000000713800000|  0%| F|  |TAMS 0x0000000713600000, 0x0000000713600000| Untracked 
| 109|0x0000000713800000, 0x0000000713800000, 0x0000000713a00000|  0%| F|  |TAMS 0x0000000713800000, 0x0000000713800000| Untracked 
| 110|0x0000000713a00000, 0x0000000713a00000, 0x0000000713c00000|  0%| F|  |TAMS 0x0000000713a00000, 0x0000000713a00000| Untracked 
| 111|0x0000000713c00000, 0x0000000713c00000, 0x0000000713e00000|  0%| F|  |TAMS 0x0000000713c00000, 0x0000000713c00000| Untracked 
| 112|0x0000000713e00000, 0x0000000713e00000, 0x0000000714000000|  0%| F|  |TAMS 0x0000000713e00000, 0x0000000713e00000| Untracked 
| 113|0x0000000714000000, 0x0000000714000000, 0x0000000714200000|  0%| F|  |TAMS 0x0000000714000000, 0x0000000714000000| Untracked 
| 114|0x0000000714200000, 0x0000000714200000, 0x0000000714400000|  0%| F|  |TAMS 0x0000000714200000, 0x0000000714200000| Untracked 
| 115|0x0000000714400000, 0x0000000714400000, 0x0000000714600000|  0%| F|  |TAMS 0x0000000714400000, 0x0000000714400000| Untracked 
| 116|0x0000000714600000, 0x0000000714600000, 0x0000000714800000|  0%| F|  |TAMS 0x0000000714600000, 0x0000000714600000| Untracked 
| 117|0x0000000714800000, 0x0000000714800000, 0x0000000714a00000|  0%| F|  |TAMS 0x0000000714800000, 0x0000000714800000| Untracked 
| 118|0x0000000714a00000, 0x0000000714a00000, 0x0000000714c00000|  0%| F|  |TAMS 0x0000000714a00000, 0x0000000714a00000| Untracked 
| 119|0x0000000714c00000, 0x0000000714c00000, 0x0000000714e00000|  0%| F|  |TAMS 0x0000000714c00000, 0x0000000714c00000| Untracked 
| 120|0x0000000714e00000, 0x0000000714e95348, 0x0000000715000000| 29%| E|  |TAMS 0x0000000714e00000, 0x0000000714e00000| Complete 
| 121|0x0000000715000000, 0x0000000715200000, 0x0000000715200000|100%| E|  |TAMS 0x0000000715000000, 0x0000000715000000| Complete 
| 122|0x0000000715200000, 0x0000000715400000, 0x0000000715400000|100%| E|CS|TAMS 0x0000000715200000, 0x0000000715200000| Complete 
| 123|0x0000000715400000, 0x0000000715600000, 0x0000000715600000|100%| E|CS|TAMS 0x0000000715400000, 0x0000000715400000| Complete 
| 124|0x0000000715600000, 0x0000000715800000, 0x0000000715800000|100%| E|CS|TAMS 0x0000000715600000, 0x0000000715600000| Complete 
| 125|0x0000000715800000, 0x0000000715a00000, 0x0000000715a00000|100%| E|CS|TAMS 0x0000000715800000, 0x0000000715800000| Complete 

Card table byte_map: [0x0000020bfccf0000,0x0000020bfd4d0000] _byte_map_base: 0x0000020bf94c1000

Marking Bits (Prev, Next): (CMBitMap*) 0x0000020be4da85a0, (CMBitMap*) 0x0000020be4da85e0
 Prev Bits: [0x0000020b80000000, 0x0000020b83e88000)
 Next Bits: [0x0000020b83e90000, 0x0000020b87d18000)

Polling page: 0x0000020be2cd0000

Metaspace:

Usage:
  Non-class:      1.25 MB used.
      Class:    118.98 KB used.
       Both:      1.36 MB used.

Virtual space:
  Non-class space:       64.00 MB reserved,       1.31 MB (  2%) committed,  1 nodes.
      Class space:        1.00 GB reserved,     192.00 KB ( <1%) committed,  1 nodes.
             Both:        1.06 GB reserved,       1.50 MB ( <1%) committed. 

Chunk freelists:
   Non-Class:  3.80 MB
       Class:  3.70 MB
        Both:  7.50 MB

MaxMetaspaceSize: unlimited
CompressedClassSpaceSize: 1.00 GB
Initial GC threshold: 21.00 MB
Current GC threshold: 21.00 MB
CDS: on
MetaspaceReclaimPolicy: balanced
 - commit_granule_bytes: 65536.
 - commit_granule_words: 8192.
 - virtual_space_node_default_size: 8388608.
 - enlarge_chunks_in_place: 1.
 - new_chunks_are_fully_committed: 0.
 - uncommit_free_chunks: 1.
 - use_allocation_guard: 0.


Internal statistics:

num_allocs_failed_limit: 0.
num_arena_births: 26.
num_arena_deaths: 0.
num_vsnodes_births: 2.
num_vsnodes_deaths: 0.
num_space_committed: 24.
num_space_uncommitted: 0.
num_chunks_returned_to_freelist: 0.
num_chunks_taken_from_freelist: 48.
num_chunk_merges: 0.
num_chunk_splits: 26.
num_chunks_enlarged: 16.
num_inconsistent_stats: 0.

CodeHeap 'non-profiled nmethods': size=119168Kb used=154Kb max_used=154Kb free=119013Kb
 bounds [0x0000020bf4830000, 0x0000020bf4aa0000, 0x0000020bfbc90000]
CodeHeap 'profiled nmethods': size=119104Kb used=697Kb max_used=697Kb free=118406Kb
 bounds [0x0000020becc90000, 0x0000020becf00000, 0x0000020bf40e0000]
CodeHeap 'non-nmethods': size=7488Kb used=2902Kb max_used=2932Kb free=4585Kb
 bounds [0x0000020bf40e0000, 0x0000020bf43c0000, 0x0000020bf4830000]
 total_blobs=911 nmethods=495 adapters=324
 compilation: enabled
              stopped_count=0, restarted_count=0
 full_count=0

Compilation events (20 events):
Event: 0.136 Thread 0x0000020b8cd2c970 nmethod 483 0x0000020becd36c90 code [0x0000020becd36e60, 0x0000020becd37028]
Event: 0.136 Thread 0x0000020b8ccaae60 nmethod 482 0x0000020becd37190 code [0x0000020becd37420, 0x0000020becd37d08]
Event: 0.136 Thread 0x0000020b8879df90 nmethod 481 0x0000020becd38210 code [0x0000020becd38460, 0x0000020becd38e08]
Event: 0.136 Thread 0x0000020b8879df90  485       1       java.lang.invoke.MethodTypeForm::basicType (5 bytes)
Event: 0.136 Thread 0x0000020b8879df90 nmethod 485 0x0000020bf4854990 code [0x0000020bf4854b20, 0x0000020bf4854bf8]
Event: 0.136 Thread 0x0000020b8cdcc8a0 nmethod 484 0x0000020bf4854c90 code [0x0000020bf4854e00, 0x0000020bf4854f38]
Event: 0.137 Thread 0x0000020b8879df90  487       3       java.lang.invoke.LambdaForm$Name::initIndex (26 bytes)
Event: 0.137 Thread 0x0000020b8ccaae60  488       3       java.lang.invoke.LambdaForm::argument (27 bytes)
Event: 0.137 Thread 0x0000020b8879df90 nmethod 487 0x0000020becd39090 code [0x0000020becd39240, 0x0000020becd393f8]
Event: 0.137 Thread 0x0000020b8cd2c970  489       3       java.lang.invoke.MethodType::checkPtypes (76 bytes)
Event: 0.137 Thread 0x0000020b8ccaae60 nmethod 488 0x0000020becd39490 code [0x0000020becd39660, 0x0000020becd398c8]
Event: 0.137 Thread 0x0000020b8ccaae60  491       3       java.lang.invoke.MemberName::isStatic (8 bytes)
Event: 0.137 Thread 0x0000020b8ccaae60 nmethod 491 0x0000020becd39a10 code [0x0000020becd39bc0, 0x0000020becd39d98]
Event: 0.137 Thread 0x0000020b8879df90  492   !   3       java.lang.invoke.MemberName::clone (14 bytes)
Event: 0.138 Thread 0x0000020b8cd2c970 nmethod 489 0x0000020becd39e90 code [0x0000020becd3a120, 0x0000020becd3abe8]
Event: 0.138 Thread 0x0000020b8879df90 nmethod 492 0x0000020becd3b010 code [0x0000020becd3b1e0, 0x0000020becd3b558]
Event: 0.138 Thread 0x0000020b8cd353a0  494       3       jdk.internal.org.objectweb.asm.Type::getArgumentsAndReturnSizes (140 bytes)
Event: 0.138 Thread 0x0000020b8cd2c970  495       3       java.lang.invoke.MemberName::getMethodOrFieldType (72 bytes)
Event: 0.138 Thread 0x0000020b8879df90  496       3       java.lang.invoke.LambdaForm::forceInterpretation (14 bytes)
Event: 0.138 Thread 0x0000020b8879df90 nmethod 496 0x0000020becd3b690 code [0x0000020becd3b820, 0x0000020becd3b998]

GC Heap History (0 events):
No events

Dll operation events (10 events):
Event: 0.004 Loaded shared library C:\Program Files\Java\jdk-19\bin\java.dll
Event: 0.010 Loaded shared library C:\Program Files\Java\jdk-19\bin\jsvml.dll
Event: 0.058 Loaded shared library C:\Program Files\Java\jdk-19\bin\zip.dll
Event: 0.059 Loaded shared library C:\Program Files\Java\jdk-19\bin\instrument.dll
Event: 0.063 Loaded shared library C:\Program Files\Java\jdk-19\bin\net.dll
Event: 0.064 Loaded shared library C:\Program Files\Java\jdk-19\bin\nio.dll
Event: 0.066 Loaded shared library C:\Program Files\Java\jdk-19\bin\zip.dll
Event: 0.071 Loaded shared library C:\Program Files\JetBrains\IntelliJ IDEA 2022.1.2\bin\breakgen64.dll
Event: 0.076 Loaded shared library C:\Program Files\Java\jdk-19\bin\extnet.dll
Event: 0.106 Loaded shared library C:\Program Files\Java\jdk-19\bin\verify.dll

Deoptimization events (8 events):
Event: 0.072 Thread 0x0000020be4d357f0 Uncommon trap: trap_request=0xffffff45 fr.pc=0x0000020bf4831648 relative=0x00000000000000a8
Event: 0.072 Thread 0x0000020be4d357f0 Uncommon trap: reason=unstable_if action=reinterpret pc=0x0000020bf4831648 method=java.lang.String.isLatin1()Z @ 10 c2
Event: 0.072 Thread 0x0000020be4d357f0 DEOPT PACKING pc=0x0000020bf4831648 sp=0x00000057aeefef60
Event: 0.072 Thread 0x0000020be4d357f0 DEOPT UNPACKING pc=0x0000020bf4146da3 sp=0x00000057aeefeea0 mode 2
Event: 0.087 Thread 0x0000020be4d357f0 DEOPT PACKING pc=0x0000020becc9ae67 sp=0x00000057aeefddd0
Event: 0.087 Thread 0x0000020be4d357f0 DEOPT UNPACKING pc=0x0000020bf4147543 sp=0x00000057aeefd1f0 mode 0
Event: 0.091 Thread 0x0000020be4d357f0 DEOPT PACKING pc=0x0000020becc99351 sp=0x00000057aeefe130
Event: 0.091 Thread 0x0000020be4d357f0 DEOPT UNPACKING pc=0x0000020bf4147543 sp=0x00000057aeefd5a8 mode 0

Classes loaded (20 events):
Event: 0.121 Loading class java/lang/WeakPairMap$Pair$Weak$1
Event: 0.121 Loading class java/lang/WeakPairMap$Pair$Weak$1 done
Event: 0.122 Loading class java/lang/reflect/ProxyGenerator
Event: 0.122 Loading class java/lang/reflect/ProxyGenerator done
Event: 0.122 Loading class java/lang/reflect/ProxyGenerator$ProxyMethod
Event: 0.122 Loading class java/lang/reflect/ProxyGenerator$ProxyMethod done
Event: 0.122 Loading class java/lang/InterruptedException
Event: 0.122 Loading class java/lang/InterruptedException done
Event: 0.123 Loading class java/lang/reflect/ProxyGenerator$PrimitiveTypeInfo
Event: 0.123 Loading class java/lang/reflect/ProxyGenerator$PrimitiveTypeInfo done
Event: 0.123 Loading class jdk/internal/org/objectweb/asm/Edge
Event: 0.124 Loading class jdk/internal/org/objectweb/asm/Edge done
Event: 0.124 Loading class java/lang/reflect/Proxy$ProxyBuilder$1
Event: 0.124 Loading class java/lang/reflect/Proxy$ProxyBuilder$1 done
Event: 0.125 Loading class java/lang/annotation/Documented
Event: 0.125 Loading class java/lang/annotation/Documented done
Event: 0.136 Loading class java/lang/reflect/UndeclaredThrowableException
Event: 0.136 Loading class java/lang/reflect/UndeclaredThrowableException done
Event: 0.136 Loading class java/lang/Class$AnnotationData
Event: 0.136 Loading class java/lang/Class$AnnotationData done

Classes unloaded (0 events):
No events

Classes redefined (0 events):
No events

Internal exceptions (4 events):
Event: 0.066 Thread 0x0000020be4d357f0 Exception <a 'java/lang/NoSuchMethodError'{0x00000007156e5700}: 'void java.lang.invoke.DirectMethodHandle$Holder.invokeStatic(java.lang.Object, java.lang.Object, java.lang.Object)'> (0x00000007156e5700) 
thrown [s\open\src\hotspot\share\interpreter\linkResolver.cpp, line 774]
Event: 0.069 Thread 0x0000020be4d357f0 Exception <a 'java/lang/NoSuchMethodError'{0x00000007156fdcf8}: 'java.lang.Object java.lang.invoke.Invokers$Holder.invokeExact_MT(java.lang.Object, java.lang.Object, java.lang.Object, java.lang.Object, java.lang.Object)'> (0x00000007156fdcf8) 
thrown [s\open\src\hotspot\share\interpreter\linkResolver.cpp, line 774]
Event: 0.077 Thread 0x0000020b8cdeae60 Exception <a 'java/lang/NoSuchMethodError'{0x00000007157ca7a8}: 'void java.lang.invoke.DirectMethodHandle$Holder.invokeStatic(java.lang.Object, java.lang.Object)'> (0x00000007157ca7a8) 
thrown [s\open\src\hotspot\share\interpreter\linkResolver.cpp, line 774]
Event: 0.112 Thread 0x0000020be4d357f0 Exception <a 'java/io/FileNotFoundException'{0x00000007153b4f40}> (0x00000007153b4f40) 
thrown [s\open\src\hotspot\share\prims\jni.cpp, line 517]

VM Operations (6 events):
Event: 0.052 Executing VM operation: HandshakeAllThreads
Event: 0.052 Executing VM operation: HandshakeAllThreads done
Event: 0.074 Executing VM operation: HandshakeAllThreads
Event: 0.074 Executing VM operation: HandshakeAllThreads done
Event: 0.112 Executing VM operation: HandshakeAllThreads
Event: 0.112 Executing VM operation: HandshakeAllThreads done

Events (18 events):
Event: 0.010 Thread 0x0000020be4d357f0 Thread added: 0x0000020be4d357f0
Event: 0.017 Thread 0x0000020b8878bf50 Thread added: 0x0000020b8878bf50
Event: 0.017 Thread 0x0000020b8878ca80 Thread added: 0x0000020b8878ca80
Event: 0.017 Thread 0x0000020b887915d0 Thread added: 0x0000020b887915d0
Event: 0.017 Thread 0x0000020b88794010 Thread added: 0x0000020b88794010
Event: 0.017 Thread 0x0000020b88794d50 Thread added: 0x0000020b88794d50
Event: 0.017 Thread 0x0000020b887960b0 Thread added: 0x0000020b887960b0
Event: 0.017 Thread 0x0000020b88797890 Thread added: 0x0000020b88797890
Event: 0.017 Thread 0x0000020b8879df90 Thread added: 0x0000020b8879df90
Event: 0.017 Thread 0x0000020b887a03d0 Thread added: 0x0000020b887a03d0
Event: 0.020 Thread 0x0000020b8ccaae60 Thread added: 0x0000020b8ccaae60
Event: 0.048 Thread 0x0000020b8cd26fe0 Thread added: 0x0000020b8cd26fe0
Event: 0.052 Thread 0x0000020b8cd2c970 Thread added: 0x0000020b8cd2c970
Event: 0.053 Thread 0x0000020b8cd353a0 Thread added: 0x0000020b8cd353a0
Event: 0.072 Thread 0x0000020b8cdeae60 Thread added: 0x0000020b8cdeae60
Event: 0.072 Thread 0x0000020b8cdeb3a0 Thread added: 0x0000020b8cdeb3a0
Event: 0.091 Thread 0x0000020b8cdd39a0 Thread added: 0x0000020b8cdd39a0
Event: 0.091 Thread 0x0000020b8cdcc8a0 Thread added: 0x0000020b8cdcc8a0


Dynamic libraries:
0x00007ff7821d0000 - 0x00007ff7821e0000 	C:\Program Files\Java\jdk-19\bin\java.exe
0x00007ffef27b0000 - 0x00007ffef29c4000 	C:\WINDOWS\SYSTEM32\ntdll.dll
0x00007ffef18d0000 - 0x00007ffef1994000 	C:\WINDOWS\System32\KERNEL32.DLL
0x00007ffef00f0000 - 0x00007ffef0494000 	C:\WINDOWS\System32\KERNELBASE.dll
0x00007ffeeffd0000 - 0x00007ffef00e1000 	C:\WINDOWS\System32\ucrtbase.dll
0x00007ffec3a80000 - 0x00007ffec3a98000 	C:\Program Files\Java\jdk-19\bin\jli.dll
0x00007ffec39e0000 - 0x00007ffec39fb000 	C:\Program Files\Java\jdk-19\bin\VCRUNTIME140.dll
0x00007ffef06a0000 - 0x00007ffef0750000 	C:\WINDOWS\System32\ADVAPI32.dll
0x00007ffef2620000 - 0x00007ffef26c7000 	C:\WINDOWS\System32\msvcrt.dll
0x00007ffef09e0000 - 0x00007ffef0a86000 	C:\WINDOWS\System32\sechost.dll
0x00007ffef2500000 - 0x00007ffef2617000 	C:\WINDOWS\System32\RPCRT4.dll
0x00007ffef0a90000 - 0x00007ffef0c3a000 	C:\WINDOWS\System32\USER32.dll
0x00007ffeeff20000 - 0x00007ffeeff46000 	C:\WINDOWS\System32\win32u.dll
0x00007ffed5310000 - 0x00007ffed559f000 	C:\WINDOWS\WinSxS\amd64_microsoft.windows.common-controls_6595b64144ccf1df_6.0.22621.2070_none_2713e6537381f706\COMCTL32.dll
0x00007ffef0d20000 - 0x00007ffef0d49000 	C:\WINDOWS\System32\GDI32.dll
0x00007ffeefcd0000 - 0x00007ffeefde9000 	C:\WINDOWS\System32\gdi32full.dll
0x00007ffef04a0000 - 0x00007ffef053a000 	C:\WINDOWS\System32\msvcp_win.dll
0x00007ffee6980000 - 0x00007ffee698a000 	C:\WINDOWS\SYSTEM32\VERSION.dll
0x00007ffef05e0000 - 0x00007ffef0611000 	C:\WINDOWS\System32\IMM32.DLL
0x00007ffee1ff0000 - 0x00007ffee1ffc000 	C:\Program Files\Java\jdk-19\bin\vcruntime140_1.dll
0x00007ffeaadb0000 - 0x00007ffeaae3e000 	C:\Program Files\Java\jdk-19\bin\msvcp140.dll
0x00007ffe503d0000 - 0x00007ffe51090000 	C:\Program Files\Java\jdk-19\bin\server\jvm.dll
0x00007ffeec6f0000 - 0x00007ffeec6f9000 	C:\WINDOWS\SYSTEM32\WSOCK32.dll
0x00007ffee8880000 - 0x00007ffee88b4000 	C:\WINDOWS\SYSTEM32\WINMM.dll
0x00007ffef19a0000 - 0x00007ffef1a11000 	C:\WINDOWS\System32\WS2_32.dll
0x00007ffeeec00000 - 0x00007ffeeec18000 	C:\WINDOWS\SYSTEM32\kernel.appcore.dll
0x00007ffee0a90000 - 0x00007ffee0a9a000 	C:\Program Files\Java\jdk-19\bin\jimage.dll
0x00007ffeed3a0000 - 0x00007ffeed5ce000 	C:\WINDOWS\SYSTEM32\DBGHELP.DLL
0x00007ffef2170000 - 0x00007ffef24fa000 	C:\WINDOWS\System32\combase.dll
0x00007ffef0c40000 - 0x00007ffef0d17000 	C:\WINDOWS\System32\OLEAUT32.dll
0x00007ffee6b00000 - 0x00007ffee6b32000 	C:\WINDOWS\SYSTEM32\dbgcore.DLL
0x00007ffeeff50000 - 0x00007ffeeffca000 	C:\WINDOWS\System32\bcryptPrimitives.dll
0x00007ffec6710000 - 0x00007ffec671e000 	C:\Program Files\Java\jdk-19\bin\instrument.dll
0x00007ffec0710000 - 0x00007ffec0736000 	C:\Program Files\Java\jdk-19\bin\java.dll
0x00007ffeaacd0000 - 0x00007ffeaada7000 	C:\Program Files\Java\jdk-19\bin\jsvml.dll
0x00007ffef10b0000 - 0x00007ffef18c6000 	C:\WINDOWS\System32\SHELL32.dll
0x00007ffeedb00000 - 0x00007ffeee3ea000 	C:\WINDOWS\SYSTEM32\windows.storage.dll
0x00007ffeed9c0000 - 0x00007ffeedafe000 	C:\WINDOWS\SYSTEM32\wintypes.dll
0x00007ffef1ad0000 - 0x00007ffef1bc3000 	C:\WINDOWS\System32\SHCORE.dll
0x00007ffef26d0000 - 0x00007ffef272e000 	C:\WINDOWS\System32\shlwapi.dll
0x00007ffeefa90000 - 0x00007ffeefab6000 	C:\WINDOWS\SYSTEM32\profapi.dll
0x00007ffeb7c10000 - 0x00007ffeb7c28000 	C:\Program Files\Java\jdk-19\bin\zip.dll
0x00007ffebaf70000 - 0x00007ffebaf83000 	C:\Program Files\Java\jdk-19\bin\net.dll
0x00007ffee9f60000 - 0x00007ffeea097000 	C:\WINDOWS\SYSTEM32\WINHTTP.dll
0x00007ffeef110000 - 0x00007ffeef179000 	C:\WINDOWS\system32\mswsock.dll
0x00007ffebaf50000 - 0x00007ffebaf66000 	C:\Program Files\Java\jdk-19\bin\nio.dll
0x00007ffec5a10000 - 0x00007ffec5a2a000 	C:\Program Files\JetBrains\IntelliJ IDEA 2022.1.2\bin\breakgen64.dll
0x00007ffedf3c0000 - 0x00007ffedf3c8000 	C:\Program Files\Java\jdk-19\bin\extnet.dll
0x00007ffec9570000 - 0x00007ffec9580000 	C:\Program Files\Java\jdk-19\bin\verify.dll

dbghelp: loaded successfully - version: 4.0.5 - missing functions: none
symbol engine: initialized successfully - sym options: 0x614 - pdb path: .;C:\Program Files\Java\jdk-19\bin;C:\WINDOWS\SYSTEM32;C:\WINDOWS\WinSxS\amd64_microsoft.windows.common-controls_6595b64144ccf1df_6.0.22621.2070_none_2713e6537381f706;C:\Program Files\Java\jdk-19\bin\server;C:\Program Files\JetBrains\IntelliJ IDEA 2022.1.2\bin

VM Arguments:
jvm_args: -ea -Didea.test.cyclic.buffer.size=1048576 -javaagent:C:\Program Files\JetBrains\IntelliJ IDEA 2022.1.2\lib\idea_rt.jar=61797:C:\Program Files\JetBrains\IntelliJ IDEA 2022.1.2\bin -Dfile.encoding=UTF-8 
java_command: com.intellij.rt.junit.JUnitStarter -ideVersion5 -junit4 unitted_states_of_mankind.Testing,testBalance
java_class_path (initial): C:\Program Files\JetBrains\IntelliJ IDEA 2022.1.2\lib\idea_rt.jar;C:\Program Files\JetBrains\IntelliJ IDEA 2022.1.2\plugins\junit\lib\junit5-rt.jar;C:\Program Files\JetBrains\IntelliJ IDEA 2022.1.2\plugins\junit\lib\junit-rt.jar;D:\unitedStates duplicates original\target\test-classes;D:\unitedStates duplicates original\target\classes;C:\Users\99293\.m2\repository\org\springframework\boot\spring-boot-starter-thymeleaf\2.7.5\spring-boot-starter-thymeleaf-2.7.5.jar;C:\Users\99293\.m2\repository\org\springframework\boot\spring-boot-starter\2.7.5\spring-boot-starter-2.7.5.jar;C:\Users\99293\.m2\repository\org\springframework\boot\spring-boot-starter-logging\2.7.5\spring-boot-starter-logging-2.7.5.jar;C:\Users\99293\.m2\repository\ch\qos\logback\logback-classic\1.2.11\logback-classic-1.2.11.jar;C:\Users\99293\.m2\repository\ch\qos\logback\logback-core\1.2.11\logback-core-1.2.11.jar;C:\Users\99293\.m2\repository\org\apache\logging\log4j\log4j-to-slf4j\2.17.2\log4j-to-slf4j-2.17.2.jar;C:\Users\99293\.m2\repository\org\apache\logging\log4j\log4j-api\2.17.2\log4j-api-2.17.2.jar;C:\Users\99293\.m2\repository\org\slf4j\jul-to-slf4j\1.7.36\jul-to-slf4j-1.7.36.jar;C:\Users\99293\.m2\repository\jakarta\annotation\jakarta.annotation-api\1.3.5\jakarta.annotation-api-1.3.5.jar;C:\Users\99293\.m2\repository\org\yaml\snakeyaml\1.30\snakeyaml-1.30.jar;C:\Users\99293\.m2\repository\org\thymeleaf\thymeleaf-spring5\3.0.15.RELEASE\thymeleaf-spring5-3.0.15.RELEASE.jar;C:\Users\99293\.m2\repository\org\thymeleaf\thymeleaf\3.0.15.RELEASE\thymeleaf-3.0.15.RELEASE.jar;C:\Users\99293\.m2\repository\org\attoparser\attoparser\2.0.5.RELEASE\attoparser-2.0.5.RELEASE.jar;C:\Users\99293\.m2\repository\org\unbescape\unbescape\1.1.6.RELEASE\unbescape-1.1.6.RELEASE.jar;C:\Users\99293\.m2\repository\org\slf4j\slf4j-api\1.7.36\slf4j-api-1.7.36.jar;C:\Users\99293\.m2\repository\org\thymeleaf\extras\thymeleaf-extras-java8time\3.0.4.RELEASE\thymeleaf-extras-java8time-3.0.4.RELEASE.jar;C:\Users\99293\.m2\repository\org\springframework\boot\spring-boot-starter-web\2.7.5\spring-boot-starter-web-2.7.5.jar;C:\Users\99293\.m2\repository\org\springframework\boot\spring-boot-starter-json\2.7.5\spring-boot-starter-json-2.7.5.jar;C:\Users\99293\.m2\repository\com\fasterxml\jackson\datatype\jackson-datatype-jdk8\2.13.4\jackson-datatype-jdk8-2.13.4.jar;C:\Users\99293\.m2\repository\com\fasterxml\jackson\datatype\jackson-datatype-jsr310\2.13.4\jackson-datatype-jsr310-2.13.4.jar;C:\Users\99293\.m2\repository\com\fasterxml\jackson\module\jackson-module-parameter-names\2.13.4\jackson-module-parameter-names-2.13.4.jar;C:\Users\99293\.m2\repository\org\springframework\boot\spring-boot-starter-tomcat\2.7.5\spring-boot-starter-tomcat-2.7.5.jar;C:\Users\99293\.m2\repository\org\apache\tomcat\embed\tomcat-embed-core\9.0.68\tomcat-embed-core-9.0.68.jar;C:\Users\99293\.m2\repository\org\apache\tomcat\embed\tomcat-embed-el\9.0.68\tomcat-embed-el-9.0.68.jar;C:\Users\99293\.m2\repository\org\apache\tomcat\embed\tomcat-embed-websocket\9.0.68\tomcat-embed-websocket-9.0.68.jar;C:\Users\99293\.m2\repository\org\springframework\spring-web\5.3.23\spring-web-5.3.23.jar;C:\Users\99293\.m2\repository\org\springframework\spring-beans\5.3.23\spring-beans-5.3.23.jar;C:\Users\99293\.m2\repository\org\springframework\spring-webmvc\5.3.23\spring-webmvc-5.3.23.jar;C:\Users\99293\.m2\repository\org\springframework\spring-aop\5.3.23\spring-aop-5.3.23.jar;C:\Users\99293\.m2\repository\org\springframework\spring-context\5.3.23\spring-context-5.3.23.jar;C:\Users\99293\.m2\repository\org\springframework\spring-expression\5.3.23\spring-expression-5.3.23.jar;C:\Users\99293\.m2\repository\org\springframework\boot\spring-boot-devtools\2.7.5\spring-boot-devtools-2.7.5.jar;C:\Users\99293\.m2\repository\org\springframework\boot\spring-boot\2.7.5\spring-boot-2.7.5.jar;C:\Users\99293\.m2\repository\org\springframework\boot\spring-boot-autoconfigure\2.7.5\spring-boot-autoconfigure-2.7.5.jar;C:\Users\99293\.m2\repository\org\projectlombok\lombok\1.18.24\lombok-1.18.24.jar;C:\Users\99293\.m2\repository\org\springframework\boot\spring-boot-starter-test\2.7.5\spring-boot-starter-test-2.7.5.jar;C:\Users\99293\.m2\repository\org\springframework\boot\spring-boot-test\2.7.5\spring-boot-test-2.7.5.jar;C:\Users\99293\.m2\repository\org\springframework\boot\spring-boot-test-autoconfigure\2.7.5\spring-boot-test-autoconfigure-2.7.5.jar;C:\Users\99293\.m2\repository\com\jayway\jsonpath\json-path\2.7.0\json-path-2.7.0.jar;C:\Users\99293\.m2\repository\net\minidev\json-smart\2.4.8\json-smart-2.4.8.jar;C:\Users\99293\.m2\repository\net\minidev\accessors-smart\2.4.8\accessors-smart-2.4.8.jar;C:\Users\99293\.m2\repository\org\ow2\asm\asm\9.1\asm-9.1.jar;C:\Users\99293\.m2\repository\jakarta\xml\bind\jakarta.xml.bind-api\2.3.3\jakarta.xml.bind-api-2.3.3.jar;C:\Users\99293\.m2\repository\jakarta\activation\jakarta.activation-api\1.2.2\jakarta.activation-api-1.2.2.jar;C:\Users\99293\.m2\repository\org\assertj\assertj-core\3.22.0\assertj-core-3.22.0.jar;C:\Users\99293\.m2\repository\org\hamcrest\hamcrest\2.2\hamcrest-2.2.jar;C:\Users\99293\.m2\repository\org\junit\jupiter\junit-jupiter\5.8.2\junit-jupiter-5.8.2.jar;C:\Users\99293\.m2\repository\org\junit\jupiter\junit-jupiter-api\5.8.2\junit-jupiter-api-5.8.2.jar;C:\Users\99293\.m2\repository\org\opentest4j\opentest4j\1.2.0\opentest4j-1.2.0.jar;C:\Users\99293\.m2\repository\org\junit\platform\junit-platform-commons\1.8.2\junit-platform-commons-1.8.2.jar;C:\Users\99293\.m2\repository\org\apiguardian\apiguardian-api\1.1.2\apiguardian-api-1.1.2.jar;C:\Users\99293\.m2\repository\org\junit\jupiter\junit-jupiter-params\5.8.2\junit-jupiter-params-5.8.2.jar;C:\Users\99293\.m2\repository\org\junit\jupiter\junit-jupiter-engine\5.8.2\junit-jupiter-engine-5.8.2.jar;C:\Users\99293\.m2\repository\org\junit\platform\junit-platform-engine\1.8.2\junit-platform-engine-1.8.2.jar;C:\Users\99293\.m2\repository\org\mockito\mockito-core\4.5.1\mockito-core-4.5.1.jar;C:\Users\99293\.m2\repository\net\bytebuddy\byte-buddy\1.12.18\byte-buddy-1.12.18.jar;C:\Users\99293\.m2\repository\net\bytebuddy\byte-buddy-agent\1.12.18\byte-buddy-agent-1.12.18.jar;C:\Users\99293\.m2\repository\org\objenesis\objenesis\3.2\objenesis-3.2.jar;C:\Users\99293\.m2\repository\org\mockito\mockito-junit-jupiter\4.5.1\mockito-junit-jupiter-4.5.1.jar;C:\Users\99293\.m2\repository\org\skyscreamer\jsonassert\1.5.1\jsonassert-1.5.1.jar;C:\Users\99293\.m2\repository\org\springframework\spring-core\5.3.23\spring-core-5.3.23.jar;C:\Users\99293\.m2\repository\org\springframework\spring-jcl\5.3.23\spring-jcl-5.3.23.jar;C:\Users\99293\.m2\repository\org\xmlunit\xmlunit-core\2.9.0\xmlunit-core-2.9.0.jar;C:\Users\99293\.m2\repository\log4j\log4j\1.2.17\log4j-1.2.17.jar;C:\Users\99293\.m2\repository\com\fasterxml\jackson\core\jackson-databind\2.13.3\jackson-databind-2.13.3.jar;C:\Users\99293\.m2\repository\com\fasterxml\jackson\core\jackson-annotations\2.13.4\jackson-annotations-2.13.4.jar;C:\Users\99293\.m2\repository\com\fasterxml\jackson\core\jackson-core\2.13.4\jackson-core-2.13.4.jar;C:\Users\99293\.m2\repository\junit\junit\4.12\junit-4.12.jar;C:\Users\99293\.m2\repository\org\hamcrest\hamcrest-core\2.2\hamcrest-core-2.2.jar;C:\Users\99293\.m2\repository\com\vaadin\external\google\android-json\0.0.20131108.vaadin1\android-json-0.0.20131108.vaadin1.jar;C:\Users\99293\.m2\repository\org\bouncycastle\bcprov-jdk15on\1.70\bcprov-jdk15on-1.70.jar;C:\Users\99293\.m2\repository\org\apache\httpcomponents\httpclient\4.5.14\httpclient-4.5.14.jar;C:\Users\99293\.m2\repository\org\apache\httpcomponents\httpcore\4.4.15\httpcore-4.4.15.jar;C:\Users\99293\.m2\repository\commons-codec\commons-codec\1.15\commons-codec-1.15.jar;C:\Users\99293\.m2\repository\org\springframework\boot\spring-boot-starter-websocket\2.4.0\spring-boot-starter-websocket-2.4.0.jar;C:\Users\99293\.m2\repository\org\springframework\spring-messaging\5.3.23\spring-messaging-5.3.23.jar;C:\Users\99293\.m2\repository\org\springframework\spring-websocket\5.3.23\spring-websocket-5.3.23.jar;C:\Users\99293\.m2\repository\org\springframework\spring-test\5.3.23\spring-test-5.3.23.jar;C:\Users\99293\.m2\repository\org\webjars\bootstrap\5.2.2\bootstrap-5.2.2.jar
Launcher Type: SUN_STANDARD

[Global flags]
     intx CICompilerCount                          = 12                                        {product} {ergonomic}
     uint ConcGCThreads                            = 3                                         {product} {ergonomic}
     uint G1ConcRefinementThreads                  = 13                                        {product} {ergonomic}
   size_t G1HeapRegionSize                         = 2097152                                   {product} {ergonomic}
    uintx GCDrainStackTargetSize                   = 64                                        {product} {ergonomic}
   size_t InitialHeapSize                          = 264241152                                 {product} {ergonomic}
   size_t MarkStackSize                            = 4194304                                   {product} {ergonomic}
   size_t MaxHeapSize                              = 4196401152                                {product} {ergonomic}
   size_t MaxNewSize                               = 2516582400                                {product} {ergonomic}
   size_t MinHeapDeltaBytes                        = 2097152                                   {product} {ergonomic}
   size_t MinHeapSize                              = 8388608                                   {product} {ergonomic}
    uintx NonNMethodCodeHeapSize                   = 7602480                                {pd product} {ergonomic}
    uintx NonProfiledCodeHeapSize                  = 122027880                              {pd product} {ergonomic}
    uintx ProfiledCodeHeapSize                     = 122027880                              {pd product} {ergonomic}
    uintx ReservedCodeCacheSize                    = 251658240                              {pd product} {ergonomic}
     bool SegmentedCodeCache                       = true                                      {product} {ergonomic}
   size_t SoftMaxHeapSize                          = 4196401152                             {manageable} {ergonomic}
     bool UseCompressedClassPointers               = true                           {product lp64_product} {ergonomic}
     bool UseCompressedOops                        = true                           {product lp64_product} {ergonomic}
     bool UseG1GC                                  = true                                      {product} {ergonomic}
     bool UseLargePagesIndividualAllocation        = false                                  {pd product} {ergonomic}

Logging:
Log output configuration:
 #0: stdout all=warning uptime,level,tags foldmultilines=false
 #1: stderr all=off uptime,level,tags foldmultilines=false

Environment Variables:
PATH=C:\Program Files\Common Files\Oracle\Java\javapath;C:\Windows\system32;C:\Windows;C:\Windows\System32\Wbem;C:\Windows\System32\WindowsPowerShell\v1.0\;C:\Windows\System32\OpenSSH\;C:\Program Files (x86)\NVIDIA Corporation\PhysX\Common;C:\Program Files\NVIDIA Corporation\NVIDIA NvDLISR;C:\Program Files\Git\cmd;C:\Program Files (x86)\dotnet\;%SystemRoot%\system32;%SystemRoot%;%SystemRoot%\System32\Wbem;%SYSTEMROOT%\System32\WindowsPowerShell\v1.0\;%SYSTEMROOT%\System32\OpenSSH\;C:\Users\99293\AppData\Local\Programs\Python\Python311\Scripts\;C:\Users\99293\AppData\Local\Programs\Python\Python311\;C:\Users\99293\AppData\Local\Microsoft\WindowsApps;;C:\Program Files\JetBrains\IntelliJ IDEA 2022.1.2\bin;;C:\Program Files\heroku\bin
USERNAME=ASUS
OS=Windows_NT
PROCESSOR_IDENTIFIER=Intel64 Family 6 Model 154 Stepping 3, GenuineIntel
TMP=C:\Users\99293\AppData\Local\Temp
TEMP=C:\Users\99293\AppData\Local\Temp



---------------  S Y S T E M  ---------------

OS:
 Windows 11 , 64 bit Build 22621 (10.0.22621.2070)
OS uptime: 0 days 19:57 hours
Hyper-V role detected

CPU: total 16 (initial active 16) (8 cores per cpu, 2 threads per core) family 6 model 154 stepping 3 microcode 0x41c, cx8, cmov, fxsr, ht, mmx, 3dnowpref, sse, sse2, sse3, ssse3, sse4.1, sse4.2, popcnt, lzcnt, tsc, tscinvbit, avx, avx2, aes, erms, clmul, bmi1, bmi2, adx, sha, fma, vzeroupper, clflush, clflushopt, clwb, hv, serialize, rdtscp, rdpid, fsrm

Memory: 4k page, system-wide physical 16005M (3334M free)
TotalPageFile size 18053M (AvailPageFile size 4M)
current process WorkingSet (physical memory assigned to process): 48M, peak: 48M
current process commit charge ("private bytes"): 357M, peak: 357M

vm_info: Java HotSpot(TM) 64-Bit Server VM (19.0.2+7-44) for windows-amd64 JRE (19.0.2+7-44), built on 2022-11-30T18:02:09Z by "mach5one" with MS VC++ 17.1 (VS2022)

END.
