#
# There is insufficient memory for the Java Runtime Environment to continue.
# Native memory allocation (mmap) failed to map 23068672 bytes for G1 virtual space
# Possible reasons:
#   The system is out of physical RAM or swap space
#   The process is running with CompressedOops enabled, and the Java Heap may be blocking the growth of the native heap
# Possible solutions:
#   Reduce memory load on the system
#   Increase physical memory or swap space
#   Check if swap backing store is full
#   Decrease Java heap size (-Xmx/-Xms)
#   Decrease number of Java threads
#   Decrease Java thread stack sizes (-Xss)
#   Set larger code cache with -XX:ReservedCodeCacheSize=
#   JVM is running with Zero Based Compressed Oops mode in which the Java heap is
#     placed in the first 32GB address space. The Java Heap base address is the
#     maximum limit for the native heap growth. Please use -XX:HeapBaseMinAddress
#     to set the Java Heap base and to place the Java Heap above 32GB virtual address.
# This output file may be truncated or incomplete.
#
#  Out of Memory Error (os_windows.cpp:3536), pid=3376, tid=1456
#
# JRE version: Java(TM) SE Runtime Environment (19.0.2+7) (build 19.0.2+7-44)
# Java VM: Java HotSpot(TM) 64-Bit Server VM (19.0.2+7-44, mixed mode, sharing, tiered, compressed oops, compressed class ptrs, g1 gc, windows-amd64)
# No core dump will be written. Minidumps are not enabled by default on client versions of Windows
#

---------------  S U M M A R Y ------------

Command Line: -Dmaven.multiModuleProjectDirectory=D:\unitedStates duplicates original -Dmaven.home=C:\Users\99293\.m2\wrapper\dists\apache-maven-3.8.6-bin\1ks0nkde5v1pk9vtc31i9d0lcd\apache-maven-3.8.6 -Dclassworlds.conf=C:\Users\99293\.m2\wrapper\dists\apache-maven-3.8.6-bin\1ks0nkde5v1pk9vtc31i9d0lcd\apache-maven-3.8.6\bin\m2.conf -Dmaven.ext.class.path=C:\Program Files\JetBrains\IntelliJ IDEA 2022.1.2\plugins\maven\lib\maven-event-listener.jar -javaagent:C:\Program Files\JetBrains\IntelliJ IDEA 2022.1.2\lib\idea_rt.jar=57260:C:\Program Files\JetBrains\IntelliJ IDEA 2022.1.2\bin -Dfile.encoding=UTF-8 org.codehaus.classworlds.Launcher -Didea.version=2022.1.2 package

Host: 12th Gen Intel(R) Core(TM) i7-12650H, 16 cores, 15G,  Windows 11 , 64 bit Build 22621 (10.0.22621.1928)
Time: Thu Aug 10 19:05:08 2023  Windows 11 , 64 bit Build 22621 (10.0.22621.1928) elapsed time: 3.385321 seconds (0d 0h 0m 3s)

---------------  T H R E A D  ---------------

Current thread (0x000001f97ebc2e20):  VMThread "VM Thread" [stack: 0x0000001d1fa00000,0x0000001d1fb00000] [id=1456]

Stack: [0x0000001d1fa00000,0x0000001d1fb00000]
Native frames: (J=compiled Java code, j=interpreted, Vv=VM code, C=native code)
V  [jvm.dll+0x6ee21a]
V  [jvm.dll+0x85765e]
V  [jvm.dll+0x85904e]
V  [jvm.dll+0x859703]
V  [jvm.dll+0x28298f]
V  [jvm.dll+0x6eb009]
V  [jvm.dll+0x6dfbaa]
V  [jvm.dll+0x3573f6]
V  [jvm.dll+0x35ee56]
V  [jvm.dll+0x3b541e]
V  [jvm.dll+0x3b564f]
V  [jvm.dll+0x32c9ea]
V  [jvm.dll+0x32ca97]
V  [jvm.dll+0x374cd2]
V  [jvm.dll+0x37340f]
V  [jvm.dll+0x32c210]
V  [jvm.dll+0x3729ab]
V  [jvm.dll+0x85ebc3]
V  [jvm.dll+0x85f989]
V  [jvm.dll+0x85febd]
V  [jvm.dll+0x86034b]
V  [jvm.dll+0x860407]
V  [jvm.dll+0x80125a]
V  [jvm.dll+0x6ecf0b]
C  [ucrtbase.dll+0x29363]
C  [KERNEL32.DLL+0x126ad]
C  [ntdll.dll+0x5aa68]

VM_Operation (0x0000001d1f4fbeb0): G1CollectForAllocation, mode: safepoint, requested by thread 0x000001f96cb27cd0


---------------  P R O C E S S  ---------------

Threads class SMR info:
_java_thread_list=0x000001f915985760, length=23, elements={
0x000001f96cb27cd0, 0x000001f97ebdd0e0, 0x000001f97ebddc10, 0x000001f97ebe0750,
0x000001f97ebe60b0, 0x000001f97ebe79f0, 0x000001f97ebe8680, 0x000001f97ebf5d60,
0x000001f97ebe92e0, 0x000001f97ebea050, 0x000001f97f9727f0, 0x000001f97ebb2ee0,
0x000001f97fa0deb0, 0x000001f97fa73d90, 0x000001f97fa76240, 0x000001f9151b1ed0,
0x000001f91522fc90, 0x000001f9158274c0, 0x000001f915827a40, 0x000001f91522e240,
0x000001f915a899f0, 0x000001f9164e9780, 0x000001f91a252240
}

Java Threads: ( => current thread )
  0x000001f96cb27cd0 JavaThread "main" [_thread_blocked, id=8176, stack(0x0000001d1f400000,0x0000001d1f500000)]
  0x000001f97ebdd0e0 JavaThread "Reference Handler" daemon [_thread_blocked, id=3852, stack(0x0000001d1fb00000,0x0000001d1fc00000)]
  0x000001f97ebddc10 JavaThread "Finalizer" daemon [_thread_blocked, id=16296, stack(0x0000001d1fc00000,0x0000001d1fd00000)]
  0x000001f97ebe0750 JavaThread "Signal Dispatcher" daemon [_thread_blocked, id=19976, stack(0x0000001d1fd00000,0x0000001d1fe00000)]
  0x000001f97ebe60b0 JavaThread "Attach Listener" daemon [_thread_blocked, id=4736, stack(0x0000001d1fe00000,0x0000001d1ff00000)]
  0x000001f97ebe79f0 JavaThread "Service Thread" daemon [_thread_blocked, id=392, stack(0x0000001d1ff00000,0x0000001d20000000)]
  0x000001f97ebe8680 JavaThread "Monitor Deflation Thread" daemon [_thread_blocked, id=21004, stack(0x0000001d20000000,0x0000001d20100000)]
  0x000001f97ebf5d60 JavaThread "C2 CompilerThread0" daemon [_thread_blocked, id=17504, stack(0x0000001d20100000,0x0000001d20200000)]
  0x000001f97ebe92e0 JavaThread "C1 CompilerThread0" daemon [_thread_blocked, id=18236, stack(0x0000001d20200000,0x0000001d20300000)]
  0x000001f97ebea050 JavaThread "Sweeper thread" daemon [_thread_blocked, id=11948, stack(0x0000001d20300000,0x0000001d20400000)]
  0x000001f97f9727f0 JavaThread "C1 CompilerThread1" daemon [_thread_blocked, id=5108, stack(0x0000001d20400000,0x0000001d20500000)]
  0x000001f97ebb2ee0 JavaThread "Common-Cleaner" daemon [_thread_blocked, id=10336, stack(0x0000001d20500000,0x0000001d20600000)]
  0x000001f97fa0deb0 JavaThread "C1 CompilerThread2" daemon [_thread_blocked, id=19960, stack(0x0000001d20600000,0x0000001d20700000)]
  0x000001f97fa73d90 JavaThread "Monitor Ctrl-Break" daemon [_thread_in_native, id=10708, stack(0x0000001d20700000,0x0000001d20800000)]
  0x000001f97fa76240 JavaThread "Notification Thread" daemon [_thread_blocked, id=20660, stack(0x0000001d20800000,0x0000001d20900000)]
  0x000001f9151b1ed0 JavaThread "C2 CompilerThread1" daemon [_thread_in_native, id=3644, stack(0x0000001d20a00000,0x0000001d20b00000)]
  0x000001f91522fc90 JavaThread "C1 CompilerThread3" daemon [_thread_blocked, id=18232, stack(0x0000001d20b00000,0x0000001d20c00000)]
  0x000001f9158274c0 JavaThread "C2 CompilerThread2" daemon [_thread_blocked, id=8408, stack(0x0000001d20c00000,0x0000001d20d00000)]
  0x000001f915827a40 JavaThread "C2 CompilerThread3" daemon [_thread_blocked, id=14636, stack(0x0000001d20d00000,0x0000001d20e00000)]
  0x000001f91522e240 JavaThread "C2 CompilerThread4" daemon [_thread_in_native, id=15460, stack(0x0000001d20e00000,0x0000001d20f00000)]
  0x000001f915a899f0 JavaThread "C2 CompilerThread5" daemon [_thread_in_native, id=13136, stack(0x0000001d20f00000,0x0000001d21000000)]
  0x000001f9164e9780 JavaThread "C2 CompilerThread6" daemon [_thread_blocked, id=13056, stack(0x0000001d21000000,0x0000001d21100000)]
  0x000001f91a252240 JavaThread "C2 CompilerThread7" daemon [_thread_in_native, id=21116, stack(0x0000001d21100000,0x0000001d21200000)]

Other Threads:
=>0x000001f97ebc2e20 VMThread "VM Thread" [stack: 0x0000001d1fa00000,0x0000001d1fb00000] [id=1456]
  0x000001f97fa79c40 WatcherThread "VM Periodic Task Thread" [stack: 0x0000001d20900000,0x0000001d20a00000] [id=13492]
  0x000001f96cb9a890 WorkerThread "GC Thread#0" [stack: 0x0000001d1f500000,0x0000001d1f600000] [id=10088]
  0x000001f915044870 WorkerThread "GC Thread#1" [stack: 0x0000001d21200000,0x0000001d21300000] [id=20668]
  0x000001f9150431f0 WorkerThread "GC Thread#2" [stack: 0x0000001d21300000,0x0000001d21400000] [id=10588]
  0x000001f915044e10 WorkerThread "GC Thread#3" [stack: 0x0000001d21400000,0x0000001d21500000] [id=18732]
  0x000001f9150442d0 WorkerThread "GC Thread#4" [stack: 0x0000001d21500000,0x0000001d21600000] [id=6880]
  0x000001f9150445a0 WorkerThread "GC Thread#5" [stack: 0x0000001d21600000,0x0000001d21700000] [id=4356]
  0x000001f915043790 WorkerThread "GC Thread#6" [stack: 0x0000001d21700000,0x0000001d21800000] [id=15156]
  0x000001f915043a60 WorkerThread "GC Thread#7" [stack: 0x0000001d21800000,0x0000001d21900000] [id=15672]
  0x000001f916eaa020 WorkerThread "GC Thread#8" [stack: 0x0000001d21900000,0x0000001d21a00000] [id=12920]
  0x000001f916eaa5c0 WorkerThread "GC Thread#9" [stack: 0x0000001d21a00000,0x0000001d21b00000] [id=10560]
  0x000001f916ea78c0 WorkerThread "GC Thread#10" [stack: 0x0000001d21b00000,0x0000001d21c00000] [id=17060]
  0x000001f916ea6ab0 WorkerThread "GC Thread#11" [stack: 0x0000001d21c00000,0x0000001d21d00000] [id=15532]
  0x000001f916ea7320 WorkerThread "GC Thread#12" [stack: 0x0000001d21d00000,0x0000001d21e00000] [id=8468]
  0x000001f96cbab500 ConcurrentGCThread "G1 Main Marker" [stack: 0x0000001d1f600000,0x0000001d1f700000] [id=10704]
  0x000001f96cbacf40 WorkerThread "G1 Conc#0" [stack: 0x0000001d1f700000,0x0000001d1f800000] [id=5776]
  0x000001f916ea75f0 WorkerThread "G1 Conc#1" [stack: 0x0000001d21e00000,0x0000001d21f00000] [id=18940]
  0x000001f916ea9a80 WorkerThread "G1 Conc#2" [stack: 0x0000001d21f00000,0x0000001d22000000] [id=14344]
  0x000001f96cbee020 ConcurrentGCThread "G1 Refine#0" [stack: 0x0000001d1f800000,0x0000001d1f900000] [id=12196]
  0x000001f96cbeea00 ConcurrentGCThread "G1 Service" [stack: 0x0000001d1f900000,0x0000001d1fa00000] [id=5496]

Threads with active compile tasks:
C2 CompilerThread0     3394 7020   !   4       lombok.core.AST::buildWithField0 (121 bytes)
C1 CompilerThread0     3394 7558       3       com.sun.tools.javac.util.List::appendList (6 bytes)
C1 CompilerThread1     3394 7540       3       com.sun.tools.javac.comp.Check::validateAnnotation (723 bytes)
C1 CompilerThread2     3394 7552       3       com.sun.tools.javac.code.Types::closure (153 bytes)
C2 CompilerThread1     3394 7071       4       lombok.core.AST::buildWithCollection (128 bytes)
C1 CompilerThread3     3394 7557       3       com.sun.tools.javac.util.List::toArray (82 bytes)
C2 CompilerThread2     3394 7435       4       lombok.core.configuration.BubblingConfigurationResolver::resolve (429 bytes)
C2 CompilerThread3     3394 7017       4       lombok.core.AST::buildWithField (21 bytes)
C2 CompilerThread4     3394 7034       4       lombok.javac.JavacAST::buildStatementOrExpression (104 bytes)
C2 CompilerThread5     3394 7048       4       lombok.javac.JavacAST::buildTree (176 bytes)
C2 CompilerThread6     3395 7524   !   4       lombok.javac.JavacAST::drill (146 bytes)
C2 CompilerThread7     3395 7248       4       lombok.javac.JavacAST::buildLocalVar (109 bytes)

VM state: at safepoint (normal execution)

VM Mutex/Monitor currently owned by a thread:  ([mutex/lock_event])
[0x000001f96cb25230] Threads_lock - owner thread: 0x000001f97ebc2e20
[0x000001f96cb252c0] Heap_lock - owner thread: 0x000001f96cb27cd0

Heap address: 0x0000000705e00000, size: 4002 MB, Compressed Oops mode: Zero based, Oop shift amount: 3

CDS archive(s) mapped at: [0x0000000800000000-0x0000000800c40000-0x0000000800c40000), size 12845056, SharedBaseAddress: 0x0000000800000000, ArchiveRelocationMode: 0.
Compressed class space mapped at: 0x0000000801000000-0x0000000841000000, reserved size: 1073741824
Narrow klass base: 0x0000000800000000, Narrow klass shift: 0, Narrow klass range: 0x100000000

GC Precious Log:
 CardTable entry size: 512
 Card Set container configuration: InlinePtr #cards 4 size 8 Array Of Cards #cards 16 size 48 Howl #buckets 8 coarsen threshold 3686 Howl Bitmap #cards 512 size 80 coarsen threshold 460 Card regions per heap region 1 cards per card region 4096
 CPUs: 16 total, 16 available
 Memory: 16005M
 Large Page Support: Disabled
 NUMA Support: Disabled
 Compressed Oops: Enabled (Zero based)
 Heap Region Size: 2M
 Heap Min Capacity: 8M
 Heap Initial Capacity: 252M
 Heap Max Capacity: 4002M
 Pre-touch: Disabled
 Parallel Workers: 13
 Concurrent Workers: 3
 Concurrent Refinement Workers: 13
 Periodic GC: Disabled

Heap:
 garbage-first heap   total 112640K, used 43205K [0x0000000705e00000, 0x0000000800000000)
  region size 2048K, 1 young (2048K), 1 survivors (2048K)
 Metaspace       used 28065K, committed 28544K, reserved 1114112K
  class space    used 2944K, committed 3200K, reserved 1048576K

Heap Regions: E=young(eden), S=young(survivor), O=old, HS=humongous(starts), HC=humongous(continues), CS=collection set, F=free, OA=open archive, CA=closed archive, TAMS=top-at-mark-start (previous, next)
|   0|0x0000000705e00000, 0x0000000706000000, 0x0000000706000000|100%| O|  |TAMS 0x0000000706000000, 0x0000000705e00000| Untracked 
|   1|0x0000000706000000, 0x0000000706200000, 0x0000000706200000|100%| O|  |TAMS 0x0000000706000000, 0x0000000706000000| Untracked 
|   2|0x0000000706200000, 0x0000000706400000, 0x0000000706400000|100%| O|  |TAMS 0x0000000706200000, 0x0000000706200000| Untracked 
|   3|0x0000000706400000, 0x0000000706600000, 0x0000000706600000|100%| O|  |TAMS 0x0000000706400000, 0x0000000706400000| Untracked 
|   4|0x0000000706600000, 0x0000000706800000, 0x0000000706800000|100%| O|  |TAMS 0x0000000706600000, 0x0000000706600000| Untracked 
|   5|0x0000000706800000, 0x0000000706a00000, 0x0000000706a00000|100%| O|  |TAMS 0x0000000706800000, 0x0000000706800000| Untracked 
|   6|0x0000000706a00000, 0x0000000706c00000, 0x0000000706c00000|100%| O|  |TAMS 0x0000000706a00000, 0x0000000706a00000| Untracked 
|   7|0x0000000706c00000, 0x0000000706e00000, 0x0000000706e00000|100%|HS|  |TAMS 0x0000000706c00000, 0x0000000706c00000| Complete 
|   8|0x0000000706e00000, 0x0000000707000000, 0x0000000707000000|100%| O|  |TAMS 0x0000000706e00000, 0x0000000706e00000| Untracked 
|   9|0x0000000707000000, 0x0000000707200000, 0x0000000707200000|100%| O|  |TAMS 0x0000000707000000, 0x0000000707000000| Untracked 
|  10|0x0000000707200000, 0x0000000707400000, 0x0000000707400000|100%| O|  |TAMS 0x0000000707200000, 0x0000000707200000| Untracked 
|  11|0x0000000707400000, 0x0000000707600000, 0x0000000707600000|100%| O|  |TAMS 0x0000000707400000, 0x0000000707400000| Untracked 
|  12|0x0000000707600000, 0x0000000707800000, 0x0000000707800000|100%| O|  |TAMS 0x0000000707600000, 0x0000000707600000| Untracked 
|  13|0x0000000707800000, 0x0000000707a00000, 0x0000000707a00000|100%| O|  |TAMS 0x0000000707800000, 0x0000000707800000| Untracked 
|  14|0x0000000707a00000, 0x0000000707c00000, 0x0000000707c00000|100%| O|  |TAMS 0x0000000707a00000, 0x0000000707a00000| Untracked 
|  15|0x0000000707c00000, 0x0000000707cca400, 0x0000000707e00000| 39%| O|  |TAMS 0x0000000707c00000, 0x0000000707c00000| Untracked 
|  16|0x0000000707e00000, 0x0000000707e00000, 0x0000000708000000|  0%| F|  |TAMS 0x0000000707e00000, 0x0000000707e00000| Untracked 
|  17|0x0000000708000000, 0x0000000708000000, 0x0000000708200000|  0%| F|  |TAMS 0x0000000708000000, 0x0000000708000000| Untracked 
|  18|0x0000000708200000, 0x0000000708200000, 0x0000000708400000|  0%| F|  |TAMS 0x0000000708200000, 0x0000000708200000| Untracked 
|  19|0x0000000708400000, 0x0000000708400000, 0x0000000708600000|  0%| F|  |TAMS 0x0000000708400000, 0x0000000708400000| Untracked 
|  20|0x0000000708600000, 0x0000000708600000, 0x0000000708800000|  0%| F|  |TAMS 0x0000000708600000, 0x0000000708600000| Untracked 
|  21|0x0000000708800000, 0x0000000708800000, 0x0000000708a00000|  0%| F|  |TAMS 0x0000000708800000, 0x0000000708800000| Untracked 
|  22|0x0000000708a00000, 0x0000000708a00000, 0x0000000708c00000|  0%| F|  |TAMS 0x0000000708a00000, 0x0000000708a00000| Untracked 
|  23|0x0000000708c00000, 0x0000000708c00000, 0x0000000708e00000|  0%| F|  |TAMS 0x0000000708c00000, 0x0000000708c00000| Untracked 
|  24|0x0000000708e00000, 0x0000000708e00000, 0x0000000709000000|  0%| F|  |TAMS 0x0000000708e00000, 0x0000000708e00000| Untracked 
|  25|0x0000000709000000, 0x0000000709000000, 0x0000000709200000|  0%| F|  |TAMS 0x0000000709000000, 0x0000000709000000| Untracked 
|  26|0x0000000709200000, 0x0000000709200000, 0x0000000709400000|  0%| F|  |TAMS 0x0000000709200000, 0x0000000709200000| Untracked 
|  27|0x0000000709400000, 0x0000000709400000, 0x0000000709600000|  0%| F|  |TAMS 0x0000000709400000, 0x0000000709400000| Untracked 
|  28|0x0000000709600000, 0x0000000709767048, 0x0000000709800000| 70%| S|CS|TAMS 0x0000000709600000, 0x0000000709600000| Complete 
|  29|0x0000000709800000, 0x0000000709800000, 0x0000000709a00000|  0%| F|  |TAMS 0x0000000709800000, 0x0000000709800000| Untracked 
|  30|0x0000000709a00000, 0x0000000709a00000, 0x0000000709c00000|  0%| F|  |TAMS 0x0000000709a00000, 0x0000000709a00000| Untracked 
|  31|0x0000000709c00000, 0x0000000709c00000, 0x0000000709e00000|  0%| F|  |TAMS 0x0000000709c00000, 0x0000000709c00000| Untracked 
|  32|0x0000000709e00000, 0x0000000709e00000, 0x000000070a000000|  0%| F|  |TAMS 0x0000000709e00000, 0x0000000709e00000| Untracked 
|  33|0x000000070a000000, 0x000000070a000000, 0x000000070a200000|  0%| F|  |TAMS 0x000000070a000000, 0x000000070a000000| Untracked 
|  34|0x000000070a200000, 0x000000070a200000, 0x000000070a400000|  0%| F|  |TAMS 0x000000070a200000, 0x000000070a200000| Untracked 
|  35|0x000000070a400000, 0x000000070a400000, 0x000000070a600000|  0%| F|  |TAMS 0x000000070a400000, 0x000000070a400000| Untracked 
|  36|0x000000070a600000, 0x000000070a600000, 0x000000070a800000|  0%| F|  |TAMS 0x000000070a600000, 0x000000070a600000| Untracked 
|  37|0x000000070a800000, 0x000000070a800000, 0x000000070aa00000|  0%| F|  |TAMS 0x000000070a800000, 0x000000070a800000| Untracked 
|  38|0x000000070aa00000, 0x000000070aa00000, 0x000000070ac00000|  0%| F|  |TAMS 0x000000070aa00000, 0x000000070aa00000| Untracked 
|  39|0x000000070ac00000, 0x000000070ac00000, 0x000000070ae00000|  0%| F|  |TAMS 0x000000070ac00000, 0x000000070ac00000| Untracked 
|  40|0x000000070ae00000, 0x000000070ae00000, 0x000000070b000000|  0%| F|  |TAMS 0x000000070ae00000, 0x000000070ae00000| Untracked 
|  41|0x000000070b000000, 0x000000070b000000, 0x000000070b200000|  0%| F|  |TAMS 0x000000070b000000, 0x000000070b000000| Untracked 
|  42|0x000000070b200000, 0x000000070b200000, 0x000000070b400000|  0%| F|  |TAMS 0x000000070b200000, 0x000000070b200000| Untracked 
|  60|0x000000070d600000, 0x000000070d600000, 0x000000070d800000|  0%| F|  |TAMS 0x000000070d600000, 0x000000070d600000| Untracked 
|  61|0x000000070d800000, 0x000000070d800000, 0x000000070da00000|  0%| F|  |TAMS 0x000000070d800000, 0x000000070d800000| Untracked 
|  62|0x000000070da00000, 0x000000070da00000, 0x000000070dc00000|  0%| F|  |TAMS 0x000000070da00000, 0x000000070da00000| Untracked 
|  63|0x000000070dc00000, 0x000000070dc00000, 0x000000070de00000|  0%| F|  |TAMS 0x000000070dc00000, 0x000000070dc00000| Untracked 
|  64|0x000000070de00000, 0x000000070de00000, 0x000000070e000000|  0%| F|  |TAMS 0x000000070de00000, 0x000000070de00000| Untracked 
|  65|0x000000070e000000, 0x000000070e000000, 0x000000070e200000|  0%| F|  |TAMS 0x000000070e000000, 0x000000070e000000| Untracked 
| 125|0x0000000715800000, 0x0000000715800000, 0x0000000715a00000|  0%| F|  |TAMS 0x0000000715800000, 0x0000000715800000| Untracked 
|1996|0x00000007ff600000, 0x00000007ff800000, 0x00000007ff800000|100%| O|  |TAMS 0x00000007ff600000, 0x00000007ff600000| Untracked 
|1997|0x00000007ff800000, 0x00000007ffa00000, 0x00000007ffa00000|100%| O|  |TAMS 0x00000007ff800000, 0x00000007ff800000| Untracked 
|1998|0x00000007ffa00000, 0x00000007ffc00000, 0x00000007ffc00000|100%| O|  |TAMS 0x00000007ffa00000, 0x00000007ffa00000| Untracked 
|1999|0x00000007ffc00000, 0x00000007ffe00000, 0x00000007ffe00000|100%| O|  |TAMS 0x00000007ffc00000, 0x00000007ffc00000| Untracked 
|2000|0x00000007ffe00000, 0x0000000800000000, 0x0000000800000000|100%| O|  |TAMS 0x00000007ffe00000, 0x00000007ffe00000| Untracked 

Card table byte_map: [0x000001f975b00000,0x000001f9762e0000] _byte_map_base: 0x000001f9722d1000

Marking Bits (Prev, Next): (CMBitMap*) 0x000001f96cb9af00, (CMBitMap*) 0x000001f96cb9aec0
 Prev Bits: [0x000001f97a950000, 0x000001f97e7d8000)
 Next Bits: [0x000001f976ac0000, 0x000001f97a948000)

Polling page: 0x000001f96aab0000

Metaspace:

Usage:
  Non-class:     24.53 MB used.
      Class:      2.88 MB used.
       Both:     27.41 MB used.

Virtual space:
  Non-class space:       64.00 MB reserved,      24.75 MB ( 39%) committed,  1 nodes.
      Class space:        1.00 GB reserved,       3.12 MB ( <1%) committed,  1 nodes.
             Both:        1.06 GB reserved,      27.88 MB (  3%) committed. 

Chunk freelists:
   Non-Class:  2.53 MB
       Class:  844.00 KB
        Both:  3.36 MB

MaxMetaspaceSize: unlimited
CompressedClassSpaceSize: 1.00 GB
Initial GC threshold: 21.00 MB
Current GC threshold: 35.31 MB
CDS: on
MetaspaceReclaimPolicy: balanced
 - commit_granule_bytes: 65536.
 - commit_granule_words: 8192.
 - virtual_space_node_default_size: 8388608.
 - enlarge_chunks_in_place: 1.
 - new_chunks_are_fully_committed: 0.
 - uncommit_free_chunks: 1.
 - use_allocation_guard: 0.


Internal statistics:

num_allocs_failed_limit: 3.
num_arena_births: 568.
num_arena_deaths: 0.
num_vsnodes_births: 2.
num_vsnodes_deaths: 0.
num_space_committed: 446.
num_space_uncommitted: 0.
num_chunks_returned_to_freelist: 3.
num_chunks_taken_from_freelist: 1611.
num_chunk_merges: 3.
num_chunk_splits: 1117.
num_chunks_enlarged: 800.
num_inconsistent_stats: 0.

CodeHeap 'non-profiled nmethods': size=119168Kb used=3560Kb max_used=3560Kb free=115607Kb
 bounds [0x000001f907ba0000, 0x000001f907f20000, 0x000001f90f000000]
CodeHeap 'profiled nmethods': size=119104Kb used=14837Kb max_used=14837Kb free=104266Kb
 bounds [0x000001f900000000, 0x000001f900e90000, 0x000001f907450000]
CodeHeap 'non-nmethods': size=7488Kb used=3118Kb max_used=3118Kb free=4369Kb
 bounds [0x000001f907450000, 0x000001f907770000, 0x000001f907ba0000]
 total_blobs=7212 nmethods=6669 adapters=446
 compilation: enabled
              stopped_count=0, restarted_count=0
 full_count=0

Compilation events (20 events):
Event: 3.378 Thread 0x000001f91522fc90 7547       3       lombok.core.handlers.HandlerUtil::toAllGetterNames (15 bytes)
Event: 3.378 Thread 0x000001f97ebe92e0 7548       3       com.sun.tools.javac.code.Type::hashCode (5 bytes)
Event: 3.378 Thread 0x000001f97fa0deb0 nmethod 7549 0x000001f900e75f90 code [0x000001f900e761a0, 0x000001f900e769a8]
Event: 3.378 Thread 0x000001f97fa0deb0 7550       3       lombok.javac.JavacTreeMaker::Binary (30 bytes)
Event: 3.378 Thread 0x000001f91522fc90 nmethod 7547 0x000001f900e76b90 code [0x000001f900e76d40, 0x000001f900e76e68]
Event: 3.379 Thread 0x000001f91522fc90 7545       1       lombok.core.handlers.InclusionExclusionUtils$Included::isDefaultInclude (5 bytes)
Event: 3.379 Thread 0x000001f97ebe92e0 nmethod 7548 0x000001f900e76f10 code [0x000001f900e770c0, 0x000001f900e77208]
Event: 3.379 Thread 0x000001f97ebe92e0 7551       3       com.sun.tools.javac.comp.DeferredAttr$DeferredAttrContext::<init> (55 bytes)
Event: 3.379 Thread 0x000001f91522fc90 nmethod 7545 0x000001f907f19f10 code [0x000001f907f1a0a0, 0x000001f907f1a178]
Event: 3.379 Thread 0x000001f91522fc90 7557       3       com.sun.tools.javac.util.List::toArray (82 bytes)
Event: 3.379 Thread 0x000001f97fa0deb0 nmethod 7550 0x000001f900e77290 code [0x000001f900e77480, 0x000001f900e77ca8]
Event: 3.379 Thread 0x000001f97fa0deb0 7552       3       com.sun.tools.javac.code.Types::closure (153 bytes)
Event: 3.380 Thread 0x000001f97ebe92e0 nmethod 7551 0x000001f900e7ec10 code [0x000001f900e7ee00, 0x000001f900e7f518]
Event: 3.380 Thread 0x000001f97ebe92e0 7553       3       com.sun.tools.javac.comp.Check$NestedCheckContext::<init> (10 bytes)
Event: 3.380 Thread 0x000001f97ebe92e0 nmethod 7553 0x000001f900e80a90 code [0x000001f900e80c40, 0x000001f900e80df8]
Event: 3.380 Thread 0x000001f97ebe92e0 7558       3       com.sun.tools.javac.util.List::appendList (6 bytes)
Event: 3.380 Thread 0x000001f91522fc90 nmethod 7557 0x000001f900e7f710 code [0x000001f900e7f960, 0x000001f900e806f8]
Event: 3.381 Thread 0x000001f97ebe92e0 nmethod 7558 0x000001f900e80e90 code [0x000001f900e81040, 0x000001f900e81208]
Event: 3.381 Thread 0x000001f9164e9780 7524   !   4       lombok.javac.JavacAST::drill (146 bytes)
Event: 3.381 Thread 0x000001f97f9727f0 nmethod 7540 0x000001f900e77e90 code [0x000001f900e785a0, 0x000001f900e7d4c8]

GC Heap History (20 events):
Event: 0.366 GC heap after
{Heap after GC invocations=1 (full 0):
 garbage-first heap   total 258048K, used 3930K [0x0000000705e00000, 0x0000000800000000)
  region size 2048K, 2 young (4096K), 2 survivors (4096K)
 Metaspace       used 5307K, committed 5440K, reserved 1114112K
  class space    used 580K, committed 640K, reserved 1048576K
}
Event: 0.840 GC heap before
{Heap before GC invocations=1 (full 0):
 garbage-first heap   total 258048K, used 38746K [0x0000000705e00000, 0x0000000800000000)
  region size 2048K, 19 young (38912K), 2 survivors (4096K)
 Metaspace       used 10645K, committed 10816K, reserved 1114112K
  class space    used 1237K, committed 1344K, reserved 1048576K
}
Event: 0.842 GC heap after
{Heap after GC invocations=2 (full 0):
 garbage-first heap   total 258048K, used 5873K [0x0000000705e00000, 0x0000000800000000)
  region size 2048K, 2 young (4096K), 2 survivors (4096K)
 Metaspace       used 10645K, committed 10816K, reserved 1114112K
  class space    used 1237K, committed 1344K, reserved 1048576K
}
Event: 1.853 GC heap before
{Heap before GC invocations=2 (full 0):
 garbage-first heap   total 258048K, used 155377K [0x0000000705e00000, 0x0000000800000000)
  region size 2048K, 60 young (122880K), 2 survivors (4096K)
 Metaspace       used 21134K, committed 21504K, reserved 1114112K
  class space    used 2286K, committed 2496K, reserved 1048576K
}
Event: 1.860 GC heap after
{Heap after GC invocations=3 (full 0):
 garbage-first heap   total 258048K, used 14825K [0x0000000705e00000, 0x0000000800000000)
  region size 2048K, 6 young (12288K), 6 survivors (12288K)
 Metaspace       used 21134K, committed 21504K, reserved 1114112K
  class space    used 2286K, committed 2496K, reserved 1048576K
}
Event: 2.188 GC heap before
{Heap before GC invocations=4 (full 0):
 garbage-first heap   total 61440K, used 47593K [0x0000000705e00000, 0x0000000800000000)
  region size 2048K, 22 young (45056K), 6 survivors (12288K)
 Metaspace       used 24206K, committed 24576K, reserved 1114112K
  class space    used 2577K, committed 2752K, reserved 1048576K
}
Event: 2.196 GC heap after
{Heap after GC invocations=5 (full 0):
 garbage-first heap   total 71680K, used 24794K [0x0000000705e00000, 0x0000000800000000)
  region size 2048K, 3 young (6144K), 3 survivors (6144K)
 Metaspace       used 24206K, committed 24576K, reserved 1114112K
  class space    used 2577K, committed 2752K, reserved 1048576K
}
Event: 2.216 GC heap before
{Heap before GC invocations=5 (full 0):
 garbage-first heap   total 71680K, used 26842K [0x0000000705e00000, 0x0000000800000000)
  region size 2048K, 4 young (8192K), 3 survivors (6144K)
 Metaspace       used 24242K, committed 24576K, reserved 1114112K
  class space    used 2577K, committed 2752K, reserved 1048576K
}
Event: 2.219 GC heap after
{Heap after GC invocations=6 (full 0):
 garbage-first heap   total 71680K, used 26463K [0x0000000705e00000, 0x0000000800000000)
  region size 2048K, 1 young (2048K), 1 survivors (2048K)
 Metaspace       used 24242K, committed 24576K, reserved 1114112K
  class space    used 2577K, committed 2752K, reserved 1048576K
}
Event: 2.359 GC heap before
{Heap before GC invocations=6 (full 0):
 garbage-first heap   total 71680K, used 46943K [0x0000000705e00000, 0x0000000800000000)
  region size 2048K, 12 young (24576K), 1 survivors (2048K)
 Metaspace       used 24485K, committed 24832K, reserved 1114112K
  class space    used 2599K, committed 2752K, reserved 1048576K
}
Event: 2.362 GC heap after
{Heap after GC invocations=7 (full 0):
 garbage-first heap   total 71680K, used 32152K [0x0000000705e00000, 0x0000000800000000)
  region size 2048K, 2 young (4096K), 2 survivors (4096K)
 Metaspace       used 24485K, committed 24832K, reserved 1114112K
  class space    used 2599K, committed 2752K, reserved 1048576K
}
Event: 2.441 GC heap before
{Heap before GC invocations=7 (full 0):
 garbage-first heap   total 71680K, used 48536K [0x0000000705e00000, 0x0000000800000000)
  region size 2048K, 11 young (22528K), 2 survivors (4096K)
 Metaspace       used 24845K, committed 25280K, reserved 1114112K
  class space    used 2639K, committed 2880K, reserved 1048576K
}
Event: 2.445 GC heap after
{Heap after GC invocations=8 (full 0):
 garbage-first heap   total 112640K, used 35333K [0x0000000705e00000, 0x0000000800000000)
  region size 2048K, 2 young (4096K), 2 survivors (4096K)
 Metaspace       used 24845K, committed 25280K, reserved 1114112K
  class space    used 2639K, committed 2880K, reserved 1048576K
}
Event: 2.760 GC heap before
{Heap before GC invocations=8 (full 0):
 garbage-first heap   total 112640K, used 76293K [0x0000000705e00000, 0x0000000800000000)
  region size 2048K, 22 young (45056K), 2 survivors (4096K)
 Metaspace       used 26231K, committed 26624K, reserved 1114112K
  class space    used 2758K, committed 3008K, reserved 1048576K
}
Event: 2.767 GC heap after
{Heap after GC invocations=9 (full 0):
 garbage-first heap   total 112640K, used 41625K [0x0000000705e00000, 0x0000000800000000)
  region size 2048K, 3 young (6144K), 3 survivors (6144K)
 Metaspace       used 26231K, committed 26624K, reserved 1114112K
  class space    used 2758K, committed 3008K, reserved 1048576K
}
Event: 3.060 GC heap before
{Heap before GC invocations=9 (full 0):
 garbage-first heap   total 112640K, used 78489K [0x0000000705e00000, 0x0000000800000000)
  region size 2048K, 21 young (43008K), 3 survivors (6144K)
 Metaspace       used 27308K, committed 27776K, reserved 1114112K
  class space    used 2858K, committed 3072K, reserved 1048576K
}
Event: 3.064 GC heap after
{Heap after GC invocations=10 (full 0):
 garbage-first heap   total 112640K, used 42820K [0x0000000705e00000, 0x0000000800000000)
  region size 2048K, 1 young (2048K), 1 survivors (2048K)
 Metaspace       used 27308K, committed 27776K, reserved 1114112K
  class space    used 2858K, committed 3072K, reserved 1048576K
}
Event: 3.160 GC heap before
{Heap before GC invocations=10 (full 0):
 garbage-first heap   total 112640K, used 81732K [0x0000000705e00000, 0x0000000800000000)
  region size 2048K, 20 young (40960K), 1 survivors (2048K)
 Metaspace       used 27485K, committed 27904K, reserved 1114112K
  class space    used 2874K, committed 3072K, reserved 1048576K
}
Event: 3.161 GC heap after
{Heap after GC invocations=11 (full 0):
 garbage-first heap   total 112640K, used 42250K [0x0000000705e00000, 0x0000000800000000)
  region size 2048K, 1 young (2048K), 1 survivors (2048K)
 Metaspace       used 27485K, committed 27904K, reserved 1114112K
  class space    used 2874K, committed 3072K, reserved 1048576K
}
Event: 3.381 GC heap before
{Heap before GC invocations=11 (full 0):
 garbage-first heap   total 112640K, used 81162K [0x0000000705e00000, 0x0000000800000000)
  region size 2048K, 21 young (43008K), 1 survivors (2048K)
 Metaspace       used 28065K, committed 28544K, reserved 1114112K
  class space    used 2944K, committed 3200K, reserved 1048576K
}

Dll operation events (12 events):
Event: 0.005 Loaded shared library C:\Program Files\Java\jdk-19\bin\java.dll
Event: 0.010 Loaded shared library C:\Program Files\Java\jdk-19\bin\jsvml.dll
Event: 0.036 Loaded shared library C:\Program Files\Java\jdk-19\bin\zip.dll
Event: 0.037 Loaded shared library C:\Program Files\Java\jdk-19\bin\instrument.dll
Event: 0.040 Loaded shared library C:\Program Files\Java\jdk-19\bin\net.dll
Event: 0.041 Loaded shared library C:\Program Files\Java\jdk-19\bin\nio.dll
Event: 0.042 Loaded shared library C:\Program Files\Java\jdk-19\bin\zip.dll
Event: 0.050 Loaded shared library C:\Program Files\JetBrains\IntelliJ IDEA 2022.1.2\bin\breakgen64.dll
Event: 0.055 Loaded shared library C:\Program Files\Java\jdk-19\bin\extnet.dll
Event: 0.096 Loaded shared library C:\Program Files\Java\jdk-19\bin\jimage.dll
Event: 0.119 Loaded shared library C:\Users\99293\AppData\Local\Temp\jansi-2.4.0-fe27218ee0a1d4d6-jansi.dll
Event: 0.125 Loaded shared library C:\Program Files\Java\jdk-19\bin\verify.dll

Deoptimization events (20 events):
Event: 3.263 Thread 0x000001f96cb27cd0 DEOPT PACKING pc=0x000001f900ce4072 sp=0x0000001d1f4fd2f0
Event: 3.263 Thread 0x000001f96cb27cd0 DEOPT UNPACKING pc=0x000001f9074b7543 sp=0x0000001d1f4fc7d0 mode 0
Event: 3.306 Thread 0x000001f96cb27cd0 DEOPT PACKING pc=0x000001f900d0e16c sp=0x0000001d1f4fd160
Event: 3.306 Thread 0x000001f96cb27cd0 DEOPT UNPACKING pc=0x000001f9074b7543 sp=0x0000001d1f4fc638 mode 0
Event: 3.369 Thread 0x000001f96cb27cd0 Uncommon trap: trap_request=0xffffffbe fr.pc=0x000001f907f117d0 relative=0x00000000000084d0
Event: 3.369 Thread 0x000001f96cb27cd0 Uncommon trap: reason=profile_predicate action=maybe_recompile pc=0x000001f907f117d0 method=lombok.core.AST.buildWithCollection(Ljava/lang/Class;Ljava/lang/Object;Ljava/util/Collection;I)V @ 69 c2
Event: 3.369 Thread 0x000001f96cb27cd0 DEOPT PACKING pc=0x000001f907f117d0 sp=0x0000001d1f4fce20
Event: 3.369 Thread 0x000001f96cb27cd0 DEOPT UNPACKING pc=0x000001f9074b6da3 sp=0x0000001d1f4fca30 mode 2
Event: 3.369 Thread 0x000001f96cb27cd0 Uncommon trap: trap_request=0xffffffbe fr.pc=0x000001f907f117d0 relative=0x00000000000084d0
Event: 3.369 Thread 0x000001f96cb27cd0 Uncommon trap: reason=profile_predicate action=maybe_recompile pc=0x000001f907f117d0 method=lombok.core.AST.buildWithCollection(Ljava/lang/Class;Ljava/lang/Object;Ljava/util/Collection;I)V @ 69 c2
Event: 3.369 Thread 0x000001f96cb27cd0 DEOPT PACKING pc=0x000001f907f117d0 sp=0x0000001d1f4fc440
Event: 3.369 Thread 0x000001f96cb27cd0 DEOPT UNPACKING pc=0x000001f9074b6da3 sp=0x0000001d1f4fc050 mode 2
Event: 3.369 Thread 0x000001f96cb27cd0 Uncommon trap: trap_request=0xffffffbe fr.pc=0x000001f907f117d0 relative=0x00000000000084d0
Event: 3.369 Thread 0x000001f96cb27cd0 Uncommon trap: reason=profile_predicate action=maybe_recompile pc=0x000001f907f117d0 method=lombok.core.AST.buildWithCollection(Ljava/lang/Class;Ljava/lang/Object;Ljava/util/Collection;I)V @ 69 c2
Event: 3.369 Thread 0x000001f96cb27cd0 DEOPT PACKING pc=0x000001f907f117d0 sp=0x0000001d1f4fbd10
Event: 3.369 Thread 0x000001f96cb27cd0 DEOPT UNPACKING pc=0x000001f9074b6da3 sp=0x0000001d1f4fb920 mode 2
Event: 3.369 Thread 0x000001f96cb27cd0 Uncommon trap: trap_request=0xffffffbe fr.pc=0x000001f907f117d0 relative=0x00000000000084d0
Event: 3.369 Thread 0x000001f96cb27cd0 Uncommon trap: reason=profile_predicate action=maybe_recompile pc=0x000001f907f117d0 method=lombok.core.AST.buildWithCollection(Ljava/lang/Class;Ljava/lang/Object;Ljava/util/Collection;I)V @ 69 c2
Event: 3.370 Thread 0x000001f96cb27cd0 DEOPT PACKING pc=0x000001f907f117d0 sp=0x0000001d1f4fc440
Event: 3.370 Thread 0x000001f96cb27cd0 DEOPT UNPACKING pc=0x000001f9074b6da3 sp=0x0000001d1f4fc050 mode 2

Classes loaded (20 events):
Event: 2.770 Loading class java/util/Vector$1
Event: 2.770 Loading class java/util/Vector$1 done
Event: 2.772 Loading class java/io/PushbackInputStream
Event: 2.772 Loading class java/io/PushbackInputStream done
Event: 2.859 Loading class java/util/Collections$UnmodifiableSortedSet
Event: 2.859 Loading class java/util/Collections$UnmodifiableSortedSet done
Event: 2.928 Loading class java/util/IdentityHashMap$EntrySet
Event: 2.928 Loading class java/util/IdentityHashMap$EntrySet done
Event: 2.928 Loading class java/util/IdentityHashMap$EntryIterator
Event: 2.928 Loading class java/util/IdentityHashMap$EntryIterator done
Event: 2.928 Loading class java/util/IdentityHashMap$EntryIterator$Entry
Event: 2.928 Loading class java/util/IdentityHashMap$EntryIterator$Entry done
Event: 3.150 Loading class java/util/regex/Pattern$SliceI
Event: 3.150 Loading class java/util/regex/Pattern$SliceI done
Event: 3.183 Loading class java/util/regex/Pattern$Loop
Event: 3.183 Loading class java/util/regex/Pattern$Loop done
Event: 3.183 Loading class java/util/regex/Pattern$Prolog
Event: 3.183 Loading class java/util/regex/Pattern$Prolog done
Event: 3.195 Loading class java/util/regex/Pattern$LazyLoop
Event: 3.195 Loading class java/util/regex/Pattern$LazyLoop done

Classes unloaded (0 events):
No events

Classes redefined (0 events):
No events

Internal exceptions (20 events):
Event: 2.577 Thread 0x000001f96cb27cd0 Exception <a 'sun/nio/fs/WindowsException'{0x000000070a67cd98}> (0x000000070a67cd98) 
thrown [s\open\src\hotspot\share\prims\jni.cpp, line 517]
Event: 2.577 Thread 0x000001f96cb27cd0 Exception <a 'sun/nio/fs/WindowsException'{0x000000070a67d0b8}> (0x000000070a67d0b8) 
thrown [s\open\src\hotspot\share\prims\jni.cpp, line 517]
Event: 2.577 Thread 0x000001f96cb27cd0 Exception <a 'sun/nio/fs/WindowsException'{0x000000070a690a38}> (0x000000070a690a38) 
thrown [s\open\src\hotspot\share\prims\jni.cpp, line 517]
Event: 2.577 Thread 0x000001f96cb27cd0 Exception <a 'sun/nio/fs/WindowsException'{0x000000070a690d98}> (0x000000070a690d98) 
thrown [s\open\src\hotspot\share\prims\jni.cpp, line 517]
Event: 2.577 Thread 0x000001f96cb27cd0 Exception <a 'sun/nio/fs/WindowsException'{0x000000070a691d80}> (0x000000070a691d80) 
thrown [s\open\src\hotspot\share\prims\jni.cpp, line 517]
Event: 2.577 Thread 0x000001f96cb27cd0 Exception <a 'sun/nio/fs/WindowsException'{0x000000070a692170}> (0x000000070a692170) 
thrown [s\open\src\hotspot\share\prims\jni.cpp, line 517]
Event: 2.653 Thread 0x000001f96cb27cd0 Implicit null exception at 0x000001f907cdaab3 to 0x000001f907cdae98
Event: 2.660 Thread 0x000001f96cb27cd0 Implicit null exception at 0x000001f907cd296b to 0x000001f907cd2b44
Event: 3.176 Thread 0x000001f96cb27cd0 Exception <a 'java/lang/NoSuchMethodError'{0x00000007158c7cd8}: 'void java.lang.invoke.DirectMethodHandle$Holder.invokeInterface(java.lang.Object, java.lang.Object, java.lang.Object, int)'> (0x00000007158c7cd8) 
thrown [s\open\src\hotspot\share\interpreter\linkResolver.cpp, line 774]
Event: 3.177 Thread 0x000001f96cb27cd0 Exception <a 'java/lang/NoSuchMethodError'{0x00000007158d46a8}: 'void java.lang.invoke.DelegatingMethodHandle$Holder.reinvoke_L(java.lang.Object, java.lang.Object, java.lang.Object, int)'> (0x00000007158d46a8) 
thrown [s\open\src\hotspot\share\interpreter\linkResolver.cpp, line 774]
Event: 3.180 Thread 0x000001f96cb27cd0 Exception <a 'java/lang/NoSuchMethodError'{0x0000000715901220}: 'java.lang.Object java.lang.invoke.DirectMethodHandle$Holder.invokeVirtual(java.lang.Object, java.lang.Object, java.lang.Object, java.lang.Object)'> (0x0000000715901220) 
thrown [s\open\src\hotspot\share\interpreter\linkResolver.cpp, line 774]
Event: 3.181 Thread 0x000001f96cb27cd0 Exception <a 'java/lang/NoSuchMethodError'{0x000000071590eef8}: 'long java.lang.invoke.DirectMethodHandle$Holder.invokeStatic(java.lang.Object, java.lang.Object, int)'> (0x000000071590eef8) 
thrown [s\open\src\hotspot\share\interpreter\linkResolver.cpp, line 774]
Event: 3.181 Thread 0x000001f96cb27cd0 Exception <a 'java/lang/NoSuchMethodError'{0x0000000715916fb8}: 'java.lang.Object java.lang.invoke.DirectMethodHandle$Holder.invokeSpecial(java.lang.Object, java.lang.Object, java.lang.Object, long, java.lang.Object)'> (0x0000000715916fb8) 
thrown [s\open\src\hotspot\share\interpreter\linkResolver.cpp, line 774]
Event: 3.182 Thread 0x000001f96cb27cd0 Exception <a 'java/lang/NoSuchMethodError'{0x000000071591af08}: 'java.lang.Object java.lang.invoke.DelegatingMethodHandle$Holder.reinvoke_L(java.lang.Object, java.lang.Object, long, java.lang.Object)'> (0x000000071591af08) 
thrown [s\open\src\hotspot\share\interpreter\linkResolver.cpp, line 774]
Event: 3.184 Thread 0x000001f96cb27cd0 Exception <a 'java/lang/NoSuchMethodError'{0x0000000715933b10}: 'java.lang.Object java.lang.invoke.DirectMethodHandle$Holder.invokeVirtual(java.lang.Object, java.lang.Object, java.lang.Object, java.lang.Object, java.lang.Object, java.lang.Object, java.lang.Object, java.lang.Object, java.lang.Object, java.lang.Object)'> (0x0000000715933b10) 
thrown [s\open\src\hotspot\share\interpreter\linkResolver.cpp, line 774]
Event: 3.203 Thread 0x000001f96cb27cd0 Exception <a 'java/lang/NoSuchMethodError'{0x000000070e0592e0}: 'void java.lang.invoke.DirectMethodHandle$Holder.invokeVirtual(java.lang.Object, java.lang.Object)'> (0x000000070e0592e0) 
thrown [s\open\src\hotspot\share\interpreter\linkResolver.cpp, line 774]
Event: 3.204 Thread 0x000001f96cb27cd0 Exception <a 'java/lang/NoSuchMethodError'{0x000000070e063b78}: 'void java.lang.invoke.DirectMethodHandle$Holder.invokeVirtual(java.lang.Object, java.lang.Object, java.lang.Object, java.lang.Object)'> (0x000000070e063b78) 
thrown [s\open\src\hotspot\share\interpreter\linkResolver.cpp, line 774]
Event: 3.215 Thread 0x000001f96cb27cd0 Exception <a 'java/lang/NoSuchMethodError'{0x000000070e0f6f50}: 'java.lang.Object java.lang.invoke.DirectMethodHandle$Holder.invokeVirtual(java.lang.Object, java.lang.Object, java.lang.Object, java.lang.Object, java.lang.Object, java.lang.Object)'> (0x000000070e0f6f50) 
thrown [s\open\src\hotspot\share\interpreter\linkResolver.cpp, line 774]
Event: 3.232 Thread 0x000001f96cb27cd0 Exception <a 'java/lang/NoSuchMethodError'{0x000000070de23b60}: 'java.lang.Object java.lang.invoke.DirectMethodHandle$Holder.invokeVirtual(java.lang.Object, java.lang.Object, java.lang.Object, java.lang.Object, java.lang.Object)'> (0x000000070de23b60) 
thrown [s\open\src\hotspot\share\interpreter\linkResolver.cpp, line 774]
Event: 3.234 Thread 0x000001f96cb27cd0 Exception <a 'java/lang/NoSuchMethodError'{0x000000070de42760}: 'java.lang.Object java.lang.invoke.DirectMethodHandle$Holder.invokeVirtual(java.lang.Object, java.lang.Object, long)'> (0x000000070de42760) 
thrown [s\open\src\hotspot\share\interpreter\linkResolver.cpp, line 774]

VM Operations (20 events):
Event: 2.234 Executing VM operation: HandshakeAllThreads done
Event: 2.316 Executing VM operation: HandshakeAllThreads
Event: 2.316 Executing VM operation: HandshakeAllThreads done
Event: 2.359 Executing VM operation: G1CollectForAllocation
Event: 2.363 Executing VM operation: G1CollectForAllocation done
Event: 2.440 Executing VM operation: G1CollectForAllocation
Event: 2.445 Executing VM operation: G1CollectForAllocation done
Event: 2.517 Executing VM operation: ICBufferFull
Event: 2.517 Executing VM operation: ICBufferFull done
Event: 2.518 Executing VM operation: HandshakeAllThreads
Event: 2.518 Executing VM operation: HandshakeAllThreads done
Event: 2.612 Executing VM operation: ICBufferFull
Event: 2.612 Executing VM operation: ICBufferFull done
Event: 2.760 Executing VM operation: G1CollectForAllocation
Event: 2.767 Executing VM operation: G1CollectForAllocation done
Event: 3.059 Executing VM operation: G1CollectForAllocation
Event: 3.065 Executing VM operation: G1CollectForAllocation done
Event: 3.160 Executing VM operation: G1CollectForAllocation
Event: 3.161 Executing VM operation: G1CollectForAllocation done
Event: 3.380 Executing VM operation: G1CollectForAllocation

Events (20 events):
Event: 2.243 Thread 0x000001f97ebea050 flushing nmethod 0x000001f900b1bc90
Event: 2.243 Thread 0x000001f97ebea050 flushing nmethod 0x000001f900b50290
Event: 2.243 Thread 0x000001f97ebea050 flushing nmethod 0x000001f900b50a90
Event: 2.243 Thread 0x000001f97ebea050 flushing nmethod 0x000001f900b53790
Event: 2.243 Thread 0x000001f97ebea050 flushing nmethod 0x000001f900b76290
Event: 2.243 Thread 0x000001f97ebea050 flushing nmethod 0x000001f900b76910
Event: 2.243 Thread 0x000001f97ebea050 flushing nmethod 0x000001f900b76e10
Event: 2.243 Thread 0x000001f97ebea050 flushing nmethod 0x000001f900b77310
Event: 2.243 Thread 0x000001f97ebea050 flushing nmethod 0x000001f900b77a10
Event: 2.243 Thread 0x000001f97ebea050 flushing nmethod 0x000001f900b78210
Event: 2.243 Thread 0x000001f97ebea050 flushing nmethod 0x000001f900b78e10
Event: 2.243 Thread 0x000001f97ebea050 flushing nmethod 0x000001f900b79b10
Event: 2.243 Thread 0x000001f97ebea050 flushing nmethod 0x000001f900b7bd10
Event: 2.243 Thread 0x000001f97ebea050 flushing nmethod 0x000001f900b7ec90
Event: 2.243 Thread 0x000001f97ebea050 flushing nmethod 0x000001f900b7fc10
Event: 2.243 Thread 0x000001f97ebea050 flushing nmethod 0x000001f900b80890
Event: 2.243 Thread 0x000001f97ebea050 flushing nmethod 0x000001f900b81b10
Event: 2.243 Thread 0x000001f97ebea050 flushing nmethod 0x000001f900b82c90
Event: 2.798 Thread 0x000001f918355830 Thread exited: 0x000001f918355830
Event: 3.073 Thread 0x000001f91a252240 Thread added: 0x000001f91a252240


Dynamic libraries:
0x00007ff73da80000 - 0x00007ff73da90000 	C:\Program Files\Java\jdk-19\bin\java.exe
0x00007ff939f30000 - 0x00007ff93a144000 	C:\WINDOWS\SYSTEM32\ntdll.dll
0x00007ff9393f0000 - 0x00007ff9394b2000 	C:\WINDOWS\System32\KERNEL32.DLL
0x00007ff9377a0000 - 0x00007ff937b43000 	C:\WINDOWS\System32\KERNELBASE.dll
0x00007ff937300000 - 0x00007ff937411000 	C:\WINDOWS\System32\ucrtbase.dll
0x00007ff92ef10000 - 0x00007ff92ef2b000 	C:\Program Files\Java\jdk-19\bin\VCRUNTIME140.dll
0x00007ff92eef0000 - 0x00007ff92ef08000 	C:\Program Files\Java\jdk-19\bin\jli.dll
0x00007ff9397c0000 - 0x00007ff93986e000 	C:\WINDOWS\System32\ADVAPI32.dll
0x00007ff938f00000 - 0x00007ff938fa7000 	C:\WINDOWS\System32\msvcrt.dll
0x00007ff937ce0000 - 0x00007ff937d84000 	C:\WINDOWS\System32\sechost.dll
0x00007ff9392a0000 - 0x00007ff9393b7000 	C:\WINDOWS\System32\RPCRT4.dll
0x00007ff9390b0000 - 0x00007ff93925a000 	C:\WINDOWS\System32\USER32.dll
0x00007ff937420000 - 0x00007ff937446000 	C:\WINDOWS\System32\win32u.dll
0x00007ff918920000 - 0x00007ff918bae000 	C:\WINDOWS\WinSxS\amd64_microsoft.windows.common-controls_6595b64144ccf1df_6.0.22621.1635_none_270f70857386168e\COMCTL32.dll
0x00007ff939790000 - 0x00007ff9397b9000 	C:\WINDOWS\System32\GDI32.dll
0x00007ff937b50000 - 0x00007ff937c69000 	C:\WINDOWS\System32\gdi32full.dll
0x00007ff937450000 - 0x00007ff9374ea000 	C:\WINDOWS\System32\msvcp_win.dll
0x00007ff92fc30000 - 0x00007ff92fc3a000 	C:\WINDOWS\SYSTEM32\VERSION.dll
0x00007ff939260000 - 0x00007ff939291000 	C:\WINDOWS\System32\IMM32.DLL
0x00007ff92eee0000 - 0x00007ff92eeec000 	C:\Program Files\Java\jdk-19\bin\vcruntime140_1.dll
0x00007ff8ce670000 - 0x00007ff8ce6fe000 	C:\Program Files\Java\jdk-19\bin\msvcp140.dll
0x00007ff8cd9b0000 - 0x00007ff8ce670000 	C:\Program Files\Java\jdk-19\bin\server\jvm.dll
0x00007ff92d400000 - 0x00007ff92d434000 	C:\WINDOWS\SYSTEM32\WINMM.dll
0x00007ff931b80000 - 0x00007ff931b89000 	C:\WINDOWS\SYSTEM32\WSOCK32.dll
0x00007ff939640000 - 0x00007ff9396b1000 	C:\WINDOWS\System32\WS2_32.dll
0x00007ff936430000 - 0x00007ff936448000 	C:\WINDOWS\SYSTEM32\kernel.appcore.dll
0x00007ff917950000 - 0x00007ff91795a000 	C:\Program Files\Java\jdk-19\bin\jimage.dll
0x00007ff934750000 - 0x00007ff93497e000 	C:\WINDOWS\SYSTEM32\DBGHELP.DLL
0x00007ff938b70000 - 0x00007ff938ef9000 	C:\WINDOWS\System32\combase.dll
0x00007ff9394c0000 - 0x00007ff939597000 	C:\WINDOWS\System32\OLEAUT32.dll
0x00007ff931d90000 - 0x00007ff931dc2000 	C:\WINDOWS\SYSTEM32\dbgcore.DLL
0x00007ff9374f0000 - 0x00007ff93756a000 	C:\WINDOWS\System32\bcryptPrimitives.dll
0x00007ff930de0000 - 0x00007ff930dee000 	C:\Program Files\Java\jdk-19\bin\instrument.dll
0x00007ff8d28d0000 - 0x00007ff8d28f6000 	C:\Program Files\Java\jdk-19\bin\java.dll
0x00007ff8cd5d0000 - 0x00007ff8cd6a7000 	C:\Program Files\Java\jdk-19\bin\jsvml.dll
0x00007ff938020000 - 0x00007ff938819000 	C:\WINDOWS\System32\SHELL32.dll
0x00007ff9352c0000 - 0x00007ff935b8e000 	C:\WINDOWS\SYSTEM32\windows.storage.dll
0x00007ff935180000 - 0x00007ff9352be000 	C:\WINDOWS\SYSTEM32\wintypes.dll
0x00007ff938a70000 - 0x00007ff938b61000 	C:\WINDOWS\System32\SHCORE.dll
0x00007ff937f30000 - 0x00007ff937f8e000 	C:\WINDOWS\System32\shlwapi.dll
0x00007ff937230000 - 0x00007ff937256000 	C:\WINDOWS\SYSTEM32\profapi.dll
0x00007ff8cd060000 - 0x00007ff8cd078000 	C:\Program Files\Java\jdk-19\bin\zip.dll
0x00007ff8cd470000 - 0x00007ff8cd483000 	C:\Program Files\Java\jdk-19\bin\net.dll
0x00007ff92eff0000 - 0x00007ff92f127000 	C:\WINDOWS\SYSTEM32\WINHTTP.dll
0x00007ff9368b0000 - 0x00007ff936919000 	C:\WINDOWS\system32\mswsock.dll
0x00007ff8cd450000 - 0x00007ff8cd466000 	C:\Program Files\Java\jdk-19\bin\nio.dll
0x00007ff9245e0000 - 0x00007ff9245fa000 	C:\Program Files\JetBrains\IntelliJ IDEA 2022.1.2\bin\breakgen64.dll
0x00007ff911960000 - 0x00007ff911968000 	C:\Program Files\Java\jdk-19\bin\extnet.dll
0x0000000069ac0000 - 0x0000000069ae4000 	C:\Users\99293\AppData\Local\Temp\jansi-2.4.0-fe27218ee0a1d4d6-jansi.dll
0x00007ff910f60000 - 0x00007ff910f70000 	C:\Program Files\Java\jdk-19\bin\verify.dll

dbghelp: loaded successfully - version: 4.0.5 - missing functions: none
symbol engine: initialized successfully - sym options: 0x614 - pdb path: .;C:\Program Files\Java\jdk-19\bin;C:\WINDOWS\SYSTEM32;C:\WINDOWS\WinSxS\amd64_microsoft.windows.common-controls_6595b64144ccf1df_6.0.22621.1635_none_270f70857386168e;C:\Program Files\Java\jdk-19\bin\server;C:\Program Files\JetBrains\IntelliJ IDEA 2022.1.2\bin;C:\Users\99293\AppData\Local\Temp

VM Arguments:
jvm_args: -Dmaven.multiModuleProjectDirectory=D:\unitedStates duplicates original -Dmaven.home=C:\Users\99293\.m2\wrapper\dists\apache-maven-3.8.6-bin\1ks0nkde5v1pk9vtc31i9d0lcd\apache-maven-3.8.6 -Dclassworlds.conf=C:\Users\99293\.m2\wrapper\dists\apache-maven-3.8.6-bin\1ks0nkde5v1pk9vtc31i9d0lcd\apache-maven-3.8.6\bin\m2.conf -Dmaven.ext.class.path=C:\Program Files\JetBrains\IntelliJ IDEA 2022.1.2\plugins\maven\lib\maven-event-listener.jar -javaagent:C:\Program Files\JetBrains\IntelliJ IDEA 2022.1.2\lib\idea_rt.jar=57260:C:\Program Files\JetBrains\IntelliJ IDEA 2022.1.2\bin -Dfile.encoding=UTF-8 
java_command: org.codehaus.classworlds.Launcher -Didea.version=2022.1.2 package
java_class_path (initial): C:\Users\99293\.m2\wrapper\dists\apache-maven-3.8.6-bin\1ks0nkde5v1pk9vtc31i9d0lcd\apache-maven-3.8.6\boot\plexus-classworlds-2.6.0.jar;C:\Users\99293\.m2\wrapper\dists\apache-maven-3.8.6-bin\1ks0nkde5v1pk9vtc31i9d0lcd\apache-maven-3.8.6\boot\plexus-classworlds.license
Launcher Type: SUN_STANDARD

[Global flags]
     intx CICompilerCount                          = 12                                        {product} {ergonomic}
     uint ConcGCThreads                            = 3                                         {product} {ergonomic}
     uint G1ConcRefinementThreads                  = 13                                        {product} {ergonomic}
   size_t G1HeapRegionSize                         = 2097152                                   {product} {ergonomic}
    uintx GCDrainStackTargetSize                   = 64                                        {product} {ergonomic}
   size_t InitialHeapSize                          = 264241152                                 {product} {ergonomic}
   size_t MarkStackSize                            = 4194304                                   {product} {ergonomic}
   size_t MaxHeapSize                              = 4196401152                                {product} {ergonomic}
   size_t MaxNewSize                               = 2516582400                                {product} {ergonomic}
   size_t MinHeapDeltaBytes                        = 2097152                                   {product} {ergonomic}
   size_t MinHeapSize                              = 8388608                                   {product} {ergonomic}
    uintx NonNMethodCodeHeapSize                   = 7602480                                {pd product} {ergonomic}
    uintx NonProfiledCodeHeapSize                  = 122027880                              {pd product} {ergonomic}
    uintx ProfiledCodeHeapSize                     = 122027880                              {pd product} {ergonomic}
    uintx ReservedCodeCacheSize                    = 251658240                              {pd product} {ergonomic}
     bool SegmentedCodeCache                       = true                                      {product} {ergonomic}
   size_t SoftMaxHeapSize                          = 4196401152                             {manageable} {ergonomic}
     bool UseCompressedClassPointers               = true                           {product lp64_product} {ergonomic}
     bool UseCompressedOops                        = true                           {product lp64_product} {ergonomic}
     bool UseG1GC                                  = true                                      {product} {ergonomic}
     bool UseLargePagesIndividualAllocation        = false                                  {pd product} {ergonomic}

Logging:
Log output configuration:
 #0: stdout all=warning uptime,level,tags foldmultilines=false
 #1: stderr all=off uptime,level,tags foldmultilines=false

Environment Variables:
PATH=C:\Program Files\Common Files\Oracle\Java\javapath;C:\Windows\system32;C:\Windows;C:\Windows\System32\Wbem;C:\Windows\System32\WindowsPowerShell\v1.0\;C:\Windows\System32\OpenSSH\;C:\Program Files (x86)\NVIDIA Corporation\PhysX\Common;C:\Program Files\NVIDIA Corporation\NVIDIA NvDLISR;C:\Program Files\Git\cmd;C:\Program Files (x86)\dotnet\;%SystemRoot%\system32;%SystemRoot%;%SystemRoot%\System32\Wbem;%SYSTEMROOT%\System32\WindowsPowerShell\v1.0\;%SYSTEMROOT%\System32\OpenSSH\;C:\Users\99293\AppData\Local\Programs\Python\Python311\Scripts\;C:\Users\99293\AppData\Local\Programs\Python\Python311\;C:\Users\99293\AppData\Local\Microsoft\WindowsApps;;C:\Program Files\JetBrains\IntelliJ IDEA 2022.1.2\bin;;C:\Program Files\heroku\bin
USERNAME=ASUS
OS=Windows_NT
PROCESSOR_IDENTIFIER=Intel64 Family 6 Model 154 Stepping 3, GenuineIntel
TMP=C:\Users\99293\AppData\Local\Temp
TEMP=C:\Users\99293\AppData\Local\Temp



---------------  S Y S T E M  ---------------

OS:
 Windows 11 , 64 bit Build 22621 (10.0.22621.1928)
OS uptime: 1 days 0:57 hours
Hyper-V role detected

CPU: total 16 (initial active 16) (8 cores per cpu, 2 threads per core) family 6 model 154 stepping 3 microcode 0x41c, cx8, cmov, fxsr, ht, mmx, 3dnowpref, sse, sse2, sse3, ssse3, sse4.1, sse4.2, popcnt, lzcnt, tsc, tscinvbit, avx, avx2, aes, erms, clmul, bmi1, bmi2, adx, sha, fma, vzeroupper, clflush, clflushopt, clwb, hv, serialize, rdtscp, rdpid, fsrm

Memory: 4k page, system-wide physical 16005M (2906M free)
TotalPageFile size 18053M (AvailPageFile size 6M)
current process WorkingSet (physical memory assigned to process): 367M, peak: 373M
current process commit charge ("private bytes"): 425M, peak: 443M

vm_info: Java HotSpot(TM) 64-Bit Server VM (19.0.2+7-44) for windows-amd64 JRE (19.0.2+7-44), built on 2022-11-30T18:02:09Z by "mach5one" with MS VC++ 17.1 (VS2022)

END.
