#
# There is insufficient memory for the Java Runtime Environment to continue.
# Native memory allocation (malloc) failed to allocate 1908976 bytes for Chunk::new
# Possible reasons:
#   The system is out of physical RAM or swap space
#   The process is running with CompressedOops enabled, and the Java Heap may be blocking the growth of the native heap
# Possible solutions:
#   Reduce memory load on the system
#   Increase physical memory or swap space
#   Check if swap backing store is full
#   Decrease Java heap size (-Xmx/-Xms)
#   Decrease number of Java threads
#   Decrease Java thread stack sizes (-Xss)
#   Set larger code cache with -XX:ReservedCodeCacheSize=
#   JVM is running with Zero Based Compressed Oops mode in which the Java heap is
#     placed in the first 32GB address space. The Java Heap base address is the
#     maximum limit for the native heap growth. Please use -XX:HeapBaseMinAddress
#     to set the Java Heap base and to place the Java Heap above 32GB virtual address.
# This output file may be truncated or incomplete.
#
#  Out of Memory Error (arena.cpp:184), pid=17692, tid=5804
#
# JRE version: Java(TM) SE Runtime Environment (19.0.2+7) (build 19.0.2+7-44)
# Java VM: Java HotSpot(TM) 64-Bit Server VM (19.0.2+7-44, mixed mode, sharing, tiered, compressed oops, compressed class ptrs, g1 gc, windows-amd64)
# No core dump will be written. Minidumps are not enabled by default on client versions of Windows
#

---------------  S U M M A R Y ------------

Command Line: -Dmaven.multiModuleProjectDirectory=D:\unitedStates duplicates original -Dmaven.home=C:\Users\99293\.m2\wrapper\dists\apache-maven-3.8.6-bin\1ks0nkde5v1pk9vtc31i9d0lcd\apache-maven-3.8.6 -Dclassworlds.conf=C:\Users\99293\.m2\wrapper\dists\apache-maven-3.8.6-bin\1ks0nkde5v1pk9vtc31i9d0lcd\apache-maven-3.8.6\bin\m2.conf -Dmaven.ext.class.path=C:\Program Files\JetBrains\IntelliJ IDEA 2022.1.2\plugins\maven\lib\maven-event-listener.jar -javaagent:C:\Program Files\JetBrains\IntelliJ IDEA 2022.1.2\lib\idea_rt.jar=52251:C:\Program Files\JetBrains\IntelliJ IDEA 2022.1.2\bin -Dfile.encoding=UTF-8 org.codehaus.classworlds.Launcher -Didea.version=2022.1.2 package

Host: 12th Gen Intel(R) Core(TM) i7-12650H, 16 cores, 15G,  Windows 11 , 64 bit Build 22621 (10.0.22621.2506)
Time: Sat Jan  6 20:21:43 2024  Windows 11 , 64 bit Build 22621 (10.0.22621.2506) elapsed time: 14.542708 seconds (0d 0h 0m 14s)

---------------  T H R E A D  ---------------

Current thread (0x000001dc37f9d820):  JavaThread "C2 CompilerThread0" daemon [_thread_in_native, id=5804, stack(0x0000006880b00000,0x0000006880c00000)]


Current CompileTask:
C2:  14542 12493   !   4       java.lang.ClassLoader::loadClass (121 bytes)

Stack: [0x0000006880b00000,0x0000006880c00000]
Native frames: (J=compiled Java code, j=interpreted, Vv=VM code, C=native code)
V  [jvm.dll+0x6ee21a]
V  [jvm.dll+0x85765e]
V  [jvm.dll+0x85904e]
V  [jvm.dll+0x859703]
V  [jvm.dll+0x28298f]
V  [jvm.dll+0xc9adf]
V  [jvm.dll+0xc9e65]
V  [jvm.dll+0x2f7caf]
V  [jvm.dll+0x5f076b]
V  [jvm.dll+0x255483]
V  [jvm.dll+0x24dd00]
V  [jvm.dll+0x24b673]
V  [jvm.dll+0x1d6ce1]
V  [jvm.dll+0x25b25a]
V  [jvm.dll+0x2596e8]
V  [jvm.dll+0x807588]
V  [jvm.dll+0x80125a]
V  [jvm.dll+0x6ecf0b]
C  [ucrtbase.dll+0x29363]
C  [KERNEL32.DLL+0x1257d]
C  [ntdll.dll+0x5aa58]


---------------  P R O C E S S  ---------------

Threads class SMR info:
_java_thread_list=0x000001dc451df300, length=21, elements={
0x000001dc14329700, 0x000001dc37f88000, 0x000001dc37f88df0, 0x000001dc37f8f040,
0x000001dc37f93390, 0x000001dc37f938e0, 0x000001dc37f95370, 0x000001dc37f9d820,
0x000001dc37fa85e0, 0x000001dc37f96360, 0x000001dc3c1d07e0, 0x000001dc37f958c0,
0x000001dc3c207b90, 0x000001dc3c20d050, 0x000001dc37f93e30, 0x000001dc37f92e40,
0x000001dc3f812650, 0x000001dc3f80dbf0, 0x000001dc3f812ba0, 0x000001dc3f80e140,
0x000001dc3f80ebe0
}

Java Threads: ( => current thread )
  0x000001dc14329700 JavaThread "main" [_thread_in_native, id=14100, stack(0x00000068ffe00000,0x00000068fff00000)]
  0x000001dc37f88000 JavaThread "Reference Handler" daemon [_thread_blocked, id=16536, stack(0x0000006880500000,0x0000006880600000)]
  0x000001dc37f88df0 JavaThread "Finalizer" daemon [_thread_blocked, id=1648, stack(0x0000006880600000,0x0000006880700000)]
  0x000001dc37f8f040 JavaThread "Signal Dispatcher" daemon [_thread_blocked, id=2936, stack(0x0000006880700000,0x0000006880800000)]
  0x000001dc37f93390 JavaThread "Attach Listener" daemon [_thread_blocked, id=5428, stack(0x0000006880800000,0x0000006880900000)]
  0x000001dc37f938e0 JavaThread "Service Thread" daemon [_thread_blocked, id=14804, stack(0x0000006880900000,0x0000006880a00000)]
  0x000001dc37f95370 JavaThread "Monitor Deflation Thread" daemon [_thread_blocked, id=20984, stack(0x0000006880a00000,0x0000006880b00000)]
=>0x000001dc37f9d820 JavaThread "C2 CompilerThread0" daemon [_thread_in_native, id=5804, stack(0x0000006880b00000,0x0000006880c00000)]
  0x000001dc37fa85e0 JavaThread "C1 CompilerThread0" daemon [_thread_blocked, id=16784, stack(0x0000006880c00000,0x0000006880d00000)]
  0x000001dc37f96360 JavaThread "Sweeper thread" daemon [_thread_blocked, id=20604, stack(0x0000006880d00000,0x0000006880e00000)]
  0x000001dc3c1d07e0 JavaThread "C1 CompilerThread1" daemon [_thread_blocked, id=6948, stack(0x0000006880e00000,0x0000006880f00000)]
  0x000001dc37f958c0 JavaThread "Common-Cleaner" daemon [_thread_blocked, id=8036, stack(0x0000006880f00000,0x0000006881000000)]
  0x000001dc3c207b90 JavaThread "C1 CompilerThread2" daemon [_thread_blocked, id=12728, stack(0x0000006881000000,0x0000006881100000)]
  0x000001dc3c20d050 JavaThread "C1 CompilerThread3" daemon [_thread_blocked, id=5244, stack(0x0000006881100000,0x0000006881200000)]
  0x000001dc37f93e30 JavaThread "Monitor Ctrl-Break" daemon [_thread_in_native, id=16760, stack(0x0000006881200000,0x0000006881300000)]
  0x000001dc37f92e40 JavaThread "Notification Thread" daemon [_thread_blocked, id=20772, stack(0x0000006881300000,0x0000006881400000)]
  0x000001dc3f812650 JavaThread "resolver-1" daemon [_thread_blocked, id=16608, stack(0x0000006882a00000,0x0000006882b00000)]
  0x000001dc3f80dbf0 JavaThread "resolver-2" daemon [_thread_blocked, id=8816, stack(0x0000006882b00000,0x0000006882c00000)]
  0x000001dc3f812ba0 JavaThread "resolver-3" daemon [_thread_blocked, id=3148, stack(0x0000006882c00000,0x0000006882d00000)]
  0x000001dc3f80e140 JavaThread "resolver-4" daemon [_thread_blocked, id=15396, stack(0x0000006882d00000,0x0000006882e00000)]
  0x000001dc3f80ebe0 JavaThread "resolver-5" daemon [_thread_blocked, id=19628, stack(0x0000006882e00000,0x0000006882f00000)]

Other Threads:
  0x000001dc37f6dac0 VMThread "VM Thread" [stack: 0x0000006880400000,0x0000006880500000] [id=3616]
  0x000001dc3c2cb770 WatcherThread "VM Periodic Task Thread" [stack: 0x0000006881400000,0x0000006881500000] [id=17940]
  0x000001dc1439c1d0 WorkerThread "GC Thread#0" [stack: 0x00000068fff00000,0x0000006900000000] [id=10492]
  0x000001dc3c621790 WorkerThread "GC Thread#1" [stack: 0x0000006881c00000,0x0000006881d00000] [id=17096]
  0x000001dc3c621a60 WorkerThread "GC Thread#2" [stack: 0x0000006881d00000,0x0000006881e00000] [id=15108]
  0x000001dc3c6211f0 WorkerThread "GC Thread#3" [stack: 0x0000006881e00000,0x0000006881f00000] [id=4076]
  0x000001dc3c6214c0 WorkerThread "GC Thread#4" [stack: 0x0000006881f00000,0x0000006882000000] [id=20832]
  0x000001dc3c620f20 WorkerThread "GC Thread#5" [stack: 0x0000006882000000,0x0000006882100000] [id=19132]
  0x000001dc3c622000 WorkerThread "GC Thread#6" [stack: 0x0000006882100000,0x0000006882200000] [id=9724]
  0x000001dc3c621d30 WorkerThread "GC Thread#7" [stack: 0x0000006882200000,0x0000006882300000] [id=13844]
  0x000001dc3d0c1480 WorkerThread "GC Thread#8" [stack: 0x0000006881b00000,0x0000006881c00000] [id=12844]
  0x000001dc3d0c2b00 WorkerThread "GC Thread#9" [stack: 0x0000006882300000,0x0000006882400000] [id=6376]
  0x000001dc3d0c2dd0 WorkerThread "GC Thread#10" [stack: 0x0000006882400000,0x0000006882500000] [id=16912]
  0x000001dc3d0c4720 WorkerThread "GC Thread#11" [stack: 0x0000006881800000,0x0000006881900000] [id=7340]
  0x000001dc3d0c1cf0 WorkerThread "GC Thread#12" [stack: 0x0000006881900000,0x0000006881a00000] [id=8332]
  0x000001dc143acbf0 ConcurrentGCThread "G1 Main Marker" [stack: 0x0000006880000000,0x0000006880100000] [id=2576]
  0x000001dc143aece0 WorkerThread "G1 Conc#0" [stack: 0x0000006880100000,0x0000006880200000] [id=6116]
  0x000001dc3d0c1a20 WorkerThread "G1 Conc#1" [stack: 0x0000006881a00000,0x0000006881b00000] [id=17328]
  0x000001dc3d0c4450 WorkerThread "G1 Conc#2" [stack: 0x0000006882500000,0x0000006882600000] [id=2440]
  0x000001dc37e27060 ConcurrentGCThread "G1 Refine#0" [stack: 0x0000006880200000,0x0000006880300000] [id=14080]
  0x000001dc37e27850 ConcurrentGCThread "G1 Service" [stack: 0x0000006880300000,0x0000006880400000] [id=11524]

Threads with active compile tasks:
C2 CompilerThread0    14557 12493   !   4       java.lang.ClassLoader::loadClass (121 bytes)

VM state: not at safepoint (normal execution)

VM Mutex/Monitor currently owned by a thread: None

Heap address: 0x0000000705e00000, size: 4002 MB, Compressed Oops mode: Zero based, Oop shift amount: 3

CDS archive(s) mapped at: [0x0000000800000000-0x0000000800c40000-0x0000000800c40000), size 12845056, SharedBaseAddress: 0x0000000800000000, ArchiveRelocationMode: 0.
Compressed class space mapped at: 0x0000000801000000-0x0000000841000000, reserved size: 1073741824
Narrow klass base: 0x0000000800000000, Narrow klass shift: 0, Narrow klass range: 0x100000000

GC Precious Log:
 CardTable entry size: 512
 Card Set container configuration: InlinePtr #cards 4 size 8 Array Of Cards #cards 16 size 48 Howl #buckets 8 coarsen threshold 3686 Howl Bitmap #cards 512 size 80 coarsen threshold 460 Card regions per heap region 1 cards per card region 4096
 CPUs: 16 total, 16 available
 Memory: 16005M
 Large Page Support: Disabled
 NUMA Support: Disabled
 Compressed Oops: Enabled (Zero based)
 Heap Region Size: 2M
 Heap Min Capacity: 8M
 Heap Initial Capacity: 252M
 Heap Max Capacity: 4002M
 Pre-touch: Disabled
 Parallel Workers: 13
 Concurrent Workers: 3
 Concurrent Refinement Workers: 13
 Periodic GC: Disabled

Heap:
 garbage-first heap   total 286720K, used 146711K [0x0000000705e00000, 0x0000000800000000)
  region size 2048K, 34 young (69632K), 3 survivors (6144K)
 Metaspace       used 37086K, committed 37696K, reserved 1114112K
  class space    used 3808K, committed 4096K, reserved 1048576K

Heap Regions: E=young(eden), S=young(survivor), O=old, HS=humongous(starts), HC=humongous(continues), CS=collection set, F=free, OA=open archive, CA=closed archive, TAMS=top-at-mark-start (previous, next)
|   0|0x0000000705e00000, 0x0000000706000000, 0x0000000706000000|100%| O|  |TAMS 0x0000000706000000, 0x0000000705e00000| Untracked 
|   1|0x0000000706000000, 0x0000000706200000, 0x0000000706200000|100%| O|  |TAMS 0x0000000706200000, 0x0000000706000000| Untracked 
|   2|0x0000000706200000, 0x0000000706400000, 0x0000000706400000|100%| O|  |TAMS 0x0000000706400000, 0x0000000706200000| Untracked 
|   3|0x0000000706400000, 0x0000000706600000, 0x0000000706600000|100%| O|  |TAMS 0x0000000706600000, 0x0000000706400000| Untracked 
|   4|0x0000000706600000, 0x0000000706800000, 0x0000000706800000|100%| O|  |TAMS 0x0000000706800000, 0x0000000706600000| Untracked 
|   5|0x0000000706800000, 0x0000000706a00000, 0x0000000706a00000|100%| O|  |TAMS 0x0000000706a00000, 0x0000000706800000| Untracked 
|   6|0x0000000706a00000, 0x0000000706c00000, 0x0000000706c00000|100%| O|  |TAMS 0x0000000706c00000, 0x0000000706a00000| Untracked 
|   7|0x0000000706c00000, 0x0000000706e00000, 0x0000000706e00000|100%| O|  |TAMS 0x0000000706e00000, 0x0000000706c00000| Untracked 
|   8|0x0000000706e00000, 0x0000000707000000, 0x0000000707000000|100%| O|  |TAMS 0x0000000707000000, 0x0000000706e00000| Untracked 
|   9|0x0000000707000000, 0x0000000707200000, 0x0000000707200000|100%| O|  |TAMS 0x0000000707200000, 0x0000000707000000| Untracked 
|  10|0x0000000707200000, 0x0000000707400000, 0x0000000707400000|100%| O|  |TAMS 0x0000000707400000, 0x0000000707200000| Untracked 
|  11|0x0000000707400000, 0x0000000707600000, 0x0000000707600000|100%| O|  |TAMS 0x00000007074abc00, 0x0000000707400000| Untracked 
|  12|0x0000000707600000, 0x0000000707800000, 0x0000000707800000|100%| O|  |TAMS 0x0000000707800000, 0x0000000707600000| Untracked 
|  13|0x0000000707800000, 0x0000000707a00000, 0x0000000707a00000|100%| O|  |TAMS 0x0000000707a00000, 0x0000000707800000| Untracked 
|  14|0x0000000707a00000, 0x0000000707c00000, 0x0000000707c00000|100%| O|  |TAMS 0x0000000707c00000, 0x0000000707a00000| Untracked 
|  15|0x0000000707c00000, 0x0000000707e00000, 0x0000000707e00000|100%| O|  |TAMS 0x0000000707c00000, 0x0000000707c00000| Untracked 
|  16|0x0000000707e00000, 0x0000000708000000, 0x0000000708000000|100%| O|  |TAMS 0x0000000707e00000, 0x0000000707e00000| Untracked 
|  17|0x0000000708000000, 0x0000000708200000, 0x0000000708200000|100%| O|  |TAMS 0x0000000708000000, 0x0000000708000000| Untracked 
|  18|0x0000000708200000, 0x0000000708400000, 0x0000000708400000|100%| O|  |TAMS 0x0000000708200000, 0x0000000708200000| Untracked 
|  19|0x0000000708400000, 0x0000000708600000, 0x0000000708600000|100%| O|  |TAMS 0x0000000708400000, 0x0000000708400000| Untracked 
|  20|0x0000000708600000, 0x0000000708800000, 0x0000000708800000|100%| O|  |TAMS 0x0000000708600000, 0x0000000708600000| Untracked 
|  21|0x0000000708800000, 0x0000000708a00000, 0x0000000708a00000|100%| O|  |TAMS 0x0000000708800000, 0x0000000708800000| Untracked 
|  22|0x0000000708a00000, 0x0000000708c00000, 0x0000000708c00000|100%| O|  |TAMS 0x0000000708a00000, 0x0000000708a00000| Untracked 
|  23|0x0000000708c00000, 0x0000000708e00000, 0x0000000708e00000|100%| O|  |TAMS 0x0000000708c00000, 0x0000000708c00000| Untracked 
|  24|0x0000000708e00000, 0x0000000709000000, 0x0000000709000000|100%| O|  |TAMS 0x0000000708e00000, 0x0000000708e00000| Untracked 
|  25|0x0000000709000000, 0x0000000709200000, 0x0000000709200000|100%|HS|  |TAMS 0x0000000709000000, 0x0000000709000000| Complete 
|  26|0x0000000709200000, 0x0000000709400000, 0x0000000709400000|100%|HC|  |TAMS 0x0000000709200000, 0x0000000709200000| Complete 
|  27|0x0000000709400000, 0x0000000709600000, 0x0000000709600000|100%| O|  |TAMS 0x0000000709400000, 0x0000000709400000| Untracked 
|  28|0x0000000709600000, 0x0000000709800000, 0x0000000709800000|100%| O|  |TAMS 0x0000000709600000, 0x0000000709600000| Untracked 
|  29|0x0000000709800000, 0x0000000709a00000, 0x0000000709a00000|100%| O|  |TAMS 0x0000000709800000, 0x0000000709800000| Untracked 
|  30|0x0000000709a00000, 0x0000000709c00000, 0x0000000709c00000|100%| O|  |TAMS 0x0000000709a00000, 0x0000000709a00000| Untracked 
|  31|0x0000000709c00000, 0x0000000709e00000, 0x0000000709e00000|100%| O|  |TAMS 0x0000000709c00000, 0x0000000709c00000| Untracked 
|  32|0x0000000709e00000, 0x000000070a000000, 0x000000070a000000|100%| O|  |TAMS 0x0000000709e00000, 0x0000000709e00000| Untracked 
|  33|0x000000070a000000, 0x000000070a200000, 0x000000070a200000|100%| O|  |TAMS 0x000000070a000000, 0x000000070a000000| Untracked 
|  34|0x000000070a200000, 0x000000070a400000, 0x000000070a400000|100%| O|  |TAMS 0x000000070a200000, 0x000000070a200000| Untracked 
|  35|0x000000070a400000, 0x000000070a600000, 0x000000070a600000|100%| O|  |TAMS 0x000000070a400000, 0x000000070a400000| Untracked 
|  36|0x000000070a600000, 0x000000070a800000, 0x000000070a800000|100%| O|  |TAMS 0x000000070a600000, 0x000000070a600000| Untracked 
|  37|0x000000070a800000, 0x000000070a945e00, 0x000000070aa00000| 63%| O|  |TAMS 0x000000070a800000, 0x000000070a800000| Untracked 
|  38|0x000000070aa00000, 0x000000070aa00000, 0x000000070ac00000|  0%| F|  |TAMS 0x000000070aa00000, 0x000000070aa00000| Untracked 
|  39|0x000000070ac00000, 0x000000070ac00000, 0x000000070ae00000|  0%| F|  |TAMS 0x000000070ac00000, 0x000000070ac00000| Untracked 
|  40|0x000000070ae00000, 0x000000070ae00000, 0x000000070b000000|  0%| F|  |TAMS 0x000000070ae00000, 0x000000070ae00000| Untracked 
|  41|0x000000070b000000, 0x000000070b000000, 0x000000070b200000|  0%| F|  |TAMS 0x000000070b000000, 0x000000070b000000| Untracked 
|  42|0x000000070b200000, 0x000000070b200000, 0x000000070b400000|  0%| F|  |TAMS 0x000000070b200000, 0x000000070b200000| Untracked 
|  43|0x000000070b400000, 0x000000070b400000, 0x000000070b600000|  0%| F|  |TAMS 0x000000070b400000, 0x000000070b400000| Untracked 
|  44|0x000000070b600000, 0x000000070b600000, 0x000000070b800000|  0%| F|  |TAMS 0x000000070b600000, 0x000000070b600000| Untracked 
|  45|0x000000070b800000, 0x000000070b800000, 0x000000070ba00000|  0%| F|  |TAMS 0x000000070b800000, 0x000000070b800000| Untracked 
|  46|0x000000070ba00000, 0x000000070ba00000, 0x000000070bc00000|  0%| F|  |TAMS 0x000000070ba00000, 0x000000070ba00000| Untracked 
|  47|0x000000070bc00000, 0x000000070bc00000, 0x000000070be00000|  0%| F|  |TAMS 0x000000070bc00000, 0x000000070bc00000| Untracked 
|  48|0x000000070be00000, 0x000000070be00000, 0x000000070c000000|  0%| F|  |TAMS 0x000000070be00000, 0x000000070be00000| Untracked 
|  49|0x000000070c000000, 0x000000070c000000, 0x000000070c200000|  0%| F|  |TAMS 0x000000070c000000, 0x000000070c000000| Untracked 
|  50|0x000000070c200000, 0x000000070c200000, 0x000000070c400000|  0%| F|  |TAMS 0x000000070c200000, 0x000000070c200000| Untracked 
|  51|0x000000070c400000, 0x000000070c400000, 0x000000070c600000|  0%| F|  |TAMS 0x000000070c400000, 0x000000070c400000| Untracked 
|  52|0x000000070c600000, 0x000000070c600000, 0x000000070c800000|  0%| F|  |TAMS 0x000000070c600000, 0x000000070c600000| Untracked 
|  53|0x000000070c800000, 0x000000070c800000, 0x000000070ca00000|  0%| F|  |TAMS 0x000000070c800000, 0x000000070c800000| Untracked 
|  54|0x000000070ca00000, 0x000000070ca00000, 0x000000070cc00000|  0%| F|  |TAMS 0x000000070ca00000, 0x000000070ca00000| Untracked 
|  55|0x000000070cc00000, 0x000000070cc00000, 0x000000070ce00000|  0%| F|  |TAMS 0x000000070cc00000, 0x000000070cc00000| Untracked 
|  56|0x000000070ce00000, 0x000000070ce00000, 0x000000070d000000|  0%| F|  |TAMS 0x000000070ce00000, 0x000000070ce00000| Untracked 
|  57|0x000000070d000000, 0x000000070d000000, 0x000000070d200000|  0%| F|  |TAMS 0x000000070d000000, 0x000000070d000000| Untracked 
|  58|0x000000070d200000, 0x000000070d200000, 0x000000070d400000|  0%| F|  |TAMS 0x000000070d200000, 0x000000070d200000| Untracked 
|  59|0x000000070d400000, 0x000000070d400000, 0x000000070d600000|  0%| F|  |TAMS 0x000000070d400000, 0x000000070d400000| Untracked 
|  60|0x000000070d600000, 0x000000070d600000, 0x000000070d800000|  0%| F|  |TAMS 0x000000070d600000, 0x000000070d600000| Untracked 
|  61|0x000000070d800000, 0x000000070d800000, 0x000000070da00000|  0%| F|  |TAMS 0x000000070d800000, 0x000000070d800000| Untracked 
|  62|0x000000070da00000, 0x000000070da00000, 0x000000070dc00000|  0%| F|  |TAMS 0x000000070da00000, 0x000000070da00000| Untracked 
|  63|0x000000070dc00000, 0x000000070dc00000, 0x000000070de00000|  0%| F|  |TAMS 0x000000070dc00000, 0x000000070dc00000| Untracked 
|  64|0x000000070de00000, 0x000000070de00000, 0x000000070e000000|  0%| F|  |TAMS 0x000000070de00000, 0x000000070de00000| Untracked 
|  65|0x000000070e000000, 0x000000070e000000, 0x000000070e200000|  0%| F|  |TAMS 0x000000070e000000, 0x000000070e000000| Untracked 
|  66|0x000000070e200000, 0x000000070e200000, 0x000000070e400000|  0%| F|  |TAMS 0x000000070e200000, 0x000000070e200000| Untracked 
|  67|0x000000070e400000, 0x000000070e400000, 0x000000070e600000|  0%| F|  |TAMS 0x000000070e400000, 0x000000070e400000| Untracked 
|  68|0x000000070e600000, 0x000000070e600000, 0x000000070e800000|  0%| F|  |TAMS 0x000000070e600000, 0x000000070e600000| Untracked 
|  69|0x000000070e800000, 0x000000070e800000, 0x000000070ea00000|  0%| F|  |TAMS 0x000000070e800000, 0x000000070e800000| Untracked 
|  70|0x000000070ea00000, 0x000000070ea00000, 0x000000070ec00000|  0%| F|  |TAMS 0x000000070ea00000, 0x000000070ea00000| Untracked 
|  71|0x000000070ec00000, 0x000000070ec00000, 0x000000070ee00000|  0%| F|  |TAMS 0x000000070ec00000, 0x000000070ec00000| Untracked 
|  72|0x000000070ee00000, 0x000000070ee00000, 0x000000070f000000|  0%| F|  |TAMS 0x000000070ee00000, 0x000000070ee00000| Untracked 
|  73|0x000000070f000000, 0x000000070f200000, 0x000000070f200000|100%| S|CS|TAMS 0x000000070f000000, 0x000000070f000000| Complete 
|  74|0x000000070f200000, 0x000000070f400000, 0x000000070f400000|100%| S|CS|TAMS 0x000000070f200000, 0x000000070f200000| Complete 
|  75|0x000000070f400000, 0x000000070f600000, 0x000000070f600000|100%| S|CS|TAMS 0x000000070f400000, 0x000000070f400000| Complete 
|  76|0x000000070f600000, 0x000000070f600000, 0x000000070f800000|  0%| F|  |TAMS 0x000000070f600000, 0x000000070f600000| Untracked 
|  77|0x000000070f800000, 0x000000070f800000, 0x000000070fa00000|  0%| F|  |TAMS 0x000000070f800000, 0x000000070f800000| Untracked 
|  78|0x000000070fa00000, 0x000000070fa00000, 0x000000070fc00000|  0%| F|  |TAMS 0x000000070fa00000, 0x000000070fa00000| Untracked 
|  79|0x000000070fc00000, 0x000000070fc00000, 0x000000070fe00000|  0%| F|  |TAMS 0x000000070fc00000, 0x000000070fc00000| Untracked 
|  80|0x000000070fe00000, 0x000000070fe00000, 0x0000000710000000|  0%| F|  |TAMS 0x000000070fe00000, 0x000000070fe00000| Untracked 
|  81|0x0000000710000000, 0x0000000710000000, 0x0000000710200000|  0%| F|  |TAMS 0x0000000710000000, 0x0000000710000000| Untracked 
|  82|0x0000000710200000, 0x0000000710200000, 0x0000000710400000|  0%| F|  |TAMS 0x0000000710200000, 0x0000000710200000| Untracked 
|  83|0x0000000710400000, 0x0000000710400000, 0x0000000710600000|  0%| F|  |TAMS 0x0000000710400000, 0x0000000710400000| Untracked 
|  84|0x0000000710600000, 0x0000000710600000, 0x0000000710800000|  0%| F|  |TAMS 0x0000000710600000, 0x0000000710600000| Untracked 
|  85|0x0000000710800000, 0x0000000710800000, 0x0000000710a00000|  0%| F|  |TAMS 0x0000000710800000, 0x0000000710800000| Untracked 
|  86|0x0000000710a00000, 0x0000000710a00000, 0x0000000710c00000|  0%| F|  |TAMS 0x0000000710a00000, 0x0000000710a00000| Untracked 
|  87|0x0000000710c00000, 0x0000000710c00000, 0x0000000710e00000|  0%| F|  |TAMS 0x0000000710c00000, 0x0000000710c00000| Untracked 
|  88|0x0000000710e00000, 0x0000000710e00000, 0x0000000711000000|  0%| F|  |TAMS 0x0000000710e00000, 0x0000000710e00000| Untracked 
|  89|0x0000000711000000, 0x0000000711000000, 0x0000000711200000|  0%| F|  |TAMS 0x0000000711000000, 0x0000000711000000| Untracked 
|  90|0x0000000711200000, 0x0000000711200000, 0x0000000711400000|  0%| F|  |TAMS 0x0000000711200000, 0x0000000711200000| Untracked 
|  91|0x0000000711400000, 0x0000000711400000, 0x0000000711600000|  0%| F|  |TAMS 0x0000000711400000, 0x0000000711400000| Untracked 
|  92|0x0000000711600000, 0x0000000711600000, 0x0000000711800000|  0%| F|  |TAMS 0x0000000711600000, 0x0000000711600000| Untracked 
|  93|0x0000000711800000, 0x0000000711800000, 0x0000000711a00000|  0%| F|  |TAMS 0x0000000711800000, 0x0000000711800000| Untracked 
|  94|0x0000000711a00000, 0x0000000711a00000, 0x0000000711c00000|  0%| F|  |TAMS 0x0000000711a00000, 0x0000000711a00000| Untracked 
|  95|0x0000000711c00000, 0x0000000711c00000, 0x0000000711e00000|  0%| F|  |TAMS 0x0000000711c00000, 0x0000000711c00000| Untracked 
|  96|0x0000000711e00000, 0x0000000711e00000, 0x0000000712000000|  0%| F|  |TAMS 0x0000000711e00000, 0x0000000711e00000| Untracked 
|  97|0x0000000712000000, 0x0000000712000000, 0x0000000712200000|  0%| F|  |TAMS 0x0000000712000000, 0x0000000712000000| Untracked 
|  98|0x0000000712200000, 0x0000000712200000, 0x0000000712400000|  0%| F|  |TAMS 0x0000000712200000, 0x0000000712200000| Untracked 
|  99|0x0000000712400000, 0x0000000712400000, 0x0000000712600000|  0%| F|  |TAMS 0x0000000712400000, 0x0000000712400000| Untracked 
| 100|0x0000000712600000, 0x0000000712600000, 0x0000000712800000|  0%| F|  |TAMS 0x0000000712600000, 0x0000000712600000| Untracked 
| 101|0x0000000712800000, 0x0000000712800000, 0x0000000712a00000|  0%| F|  |TAMS 0x0000000712800000, 0x0000000712800000| Untracked 
| 102|0x0000000712a00000, 0x0000000712a00000, 0x0000000712c00000|  0%| F|  |TAMS 0x0000000712a00000, 0x0000000712a00000| Untracked 
| 103|0x0000000712c00000, 0x0000000712c00000, 0x0000000712e00000|  0%| F|  |TAMS 0x0000000712c00000, 0x0000000712c00000| Untracked 
| 104|0x0000000712e00000, 0x0000000712e00000, 0x0000000713000000|  0%| F|  |TAMS 0x0000000712e00000, 0x0000000712e00000| Untracked 
| 105|0x0000000713000000, 0x0000000713000000, 0x0000000713200000|  0%| F|  |TAMS 0x0000000713000000, 0x0000000713000000| Untracked 
| 106|0x0000000713200000, 0x0000000713200000, 0x0000000713400000|  0%| F|  |TAMS 0x0000000713200000, 0x0000000713200000| Untracked 
| 107|0x0000000713400000, 0x0000000713400000, 0x0000000713600000|  0%| F|  |TAMS 0x0000000713400000, 0x0000000713400000| Untracked 
| 108|0x0000000713600000, 0x0000000713700800, 0x0000000713800000| 50%| E|  |TAMS 0x0000000713600000, 0x0000000713600000| Complete 
| 109|0x0000000713800000, 0x0000000713a00000, 0x0000000713a00000|100%| E|CS|TAMS 0x0000000713800000, 0x0000000713800000| Complete 
| 110|0x0000000713a00000, 0x0000000713c00000, 0x0000000713c00000|100%| E|CS|TAMS 0x0000000713a00000, 0x0000000713a00000| Complete 
| 111|0x0000000713c00000, 0x0000000713e00000, 0x0000000713e00000|100%| E|CS|TAMS 0x0000000713c00000, 0x0000000713c00000| Complete 
| 112|0x0000000713e00000, 0x0000000714000000, 0x0000000714000000|100%| E|CS|TAMS 0x0000000713e00000, 0x0000000713e00000| Complete 
| 113|0x0000000714000000, 0x0000000714200000, 0x0000000714200000|100%| E|CS|TAMS 0x0000000714000000, 0x0000000714000000| Complete 
| 114|0x0000000714200000, 0x0000000714400000, 0x0000000714400000|100%| E|CS|TAMS 0x0000000714200000, 0x0000000714200000| Complete 
| 115|0x0000000714400000, 0x0000000714600000, 0x0000000714600000|100%| E|CS|TAMS 0x0000000714400000, 0x0000000714400000| Complete 
| 116|0x0000000714600000, 0x0000000714800000, 0x0000000714800000|100%| E|CS|TAMS 0x0000000714600000, 0x0000000714600000| Complete 
| 117|0x0000000714800000, 0x0000000714a00000, 0x0000000714a00000|100%| E|CS|TAMS 0x0000000714800000, 0x0000000714800000| Complete 
| 118|0x0000000714a00000, 0x0000000714c00000, 0x0000000714c00000|100%| E|CS|TAMS 0x0000000714a00000, 0x0000000714a00000| Complete 
| 119|0x0000000714c00000, 0x0000000714e00000, 0x0000000714e00000|100%| E|CS|TAMS 0x0000000714c00000, 0x0000000714c00000| Complete 
| 120|0x0000000714e00000, 0x0000000715000000, 0x0000000715000000|100%| E|CS|TAMS 0x0000000714e00000, 0x0000000714e00000| Complete 
| 121|0x0000000715000000, 0x0000000715200000, 0x0000000715200000|100%| E|CS|TAMS 0x0000000715000000, 0x0000000715000000| Complete 
| 122|0x0000000715200000, 0x0000000715400000, 0x0000000715400000|100%| E|CS|TAMS 0x0000000715200000, 0x0000000715200000| Complete 
| 123|0x0000000715400000, 0x0000000715600000, 0x0000000715600000|100%| E|CS|TAMS 0x0000000715400000, 0x0000000715400000| Complete 
| 124|0x0000000715600000, 0x0000000715800000, 0x0000000715800000|100%| E|CS|TAMS 0x0000000715600000, 0x0000000715600000| Complete 
| 125|0x0000000715800000, 0x0000000715a00000, 0x0000000715a00000|100%| E|CS|TAMS 0x0000000715800000, 0x0000000715800000| Complete 
| 126|0x0000000715a00000, 0x0000000715c00000, 0x0000000715c00000|100%| E|CS|TAMS 0x0000000715a00000, 0x0000000715a00000| Complete 
| 127|0x0000000715c00000, 0x0000000715e00000, 0x0000000715e00000|100%| E|CS|TAMS 0x0000000715c00000, 0x0000000715c00000| Complete 
| 128|0x0000000715e00000, 0x0000000716000000, 0x0000000716000000|100%| E|CS|TAMS 0x0000000715e00000, 0x0000000715e00000| Complete 
| 129|0x0000000716000000, 0x0000000716200000, 0x0000000716200000|100%| E|CS|TAMS 0x0000000716000000, 0x0000000716000000| Complete 
| 130|0x0000000716200000, 0x0000000716400000, 0x0000000716400000|100%| E|CS|TAMS 0x0000000716200000, 0x0000000716200000| Complete 
| 131|0x0000000716400000, 0x0000000716600000, 0x0000000716600000|100%| E|CS|TAMS 0x0000000716400000, 0x0000000716400000| Complete 
| 132|0x0000000716600000, 0x0000000716800000, 0x0000000716800000|100%| E|CS|TAMS 0x0000000716600000, 0x0000000716600000| Complete 
| 133|0x0000000716800000, 0x0000000716a00000, 0x0000000716a00000|100%| E|CS|TAMS 0x0000000716800000, 0x0000000716800000| Complete 
| 134|0x0000000716a00000, 0x0000000716c00000, 0x0000000716c00000|100%| E|CS|TAMS 0x0000000716a00000, 0x0000000716a00000| Complete 
| 135|0x0000000716c00000, 0x0000000716e00000, 0x0000000716e00000|100%| E|CS|TAMS 0x0000000716c00000, 0x0000000716c00000| Complete 
| 136|0x0000000716e00000, 0x0000000717000000, 0x0000000717000000|100%| E|CS|TAMS 0x0000000716e00000, 0x0000000716e00000| Complete 
| 137|0x0000000717000000, 0x0000000717200000, 0x0000000717200000|100%| E|CS|TAMS 0x0000000717000000, 0x0000000717000000| Complete 
| 138|0x0000000717200000, 0x0000000717400000, 0x0000000717400000|100%| E|CS|TAMS 0x0000000717200000, 0x0000000717200000| Complete 
|2000|0x00000007ffe00000, 0x0000000800000000, 0x0000000800000000|100%| O|  |TAMS 0x0000000800000000, 0x00000007ffe00000| Untracked 

Card table byte_map: [0x000001dc2c310000,0x000001dc2caf0000] _byte_map_base: 0x000001dc28ae1000

Marking Bits (Prev, Next): (CMBitMap*) 0x000001dc1439c710, (CMBitMap*) 0x000001dc1439c750
 Prev Bits: [0x000001dc2d2d0000, 0x000001dc31158000)
 Next Bits: [0x000001dc31160000, 0x000001dc34fe8000)

Polling page: 0x000001dc122e0000

Metaspace:

Usage:
  Non-class:     32.50 MB used.
      Class:      3.72 MB used.
       Both:     36.22 MB used.

Virtual space:
  Non-class space:       64.00 MB reserved,      32.81 MB ( 51%) committed,  1 nodes.
      Class space:        1.00 GB reserved,       4.00 MB ( <1%) committed,  1 nodes.
             Both:        1.06 GB reserved,      36.81 MB (  3%) committed. 

Chunk freelists:
   Non-Class:  2.53 MB
       Class:  1.00 KB
        Both:  2.53 MB

MaxMetaspaceSize: unlimited
CompressedClassSpaceSize: 1.00 GB
Initial GC threshold: 21.00 MB
Current GC threshold: 40.44 MB
CDS: on
MetaspaceReclaimPolicy: balanced
 - commit_granule_bytes: 65536.
 - commit_granule_words: 8192.
 - virtual_space_node_default_size: 8388608.
 - enlarge_chunks_in_place: 1.
 - new_chunks_are_fully_committed: 0.
 - uncommit_free_chunks: 1.
 - use_allocation_guard: 0.


Internal statistics:

num_allocs_failed_limit: 3.
num_arena_births: 778.
num_arena_deaths: 0.
num_vsnodes_births: 2.
num_vsnodes_deaths: 0.
num_space_committed: 589.
num_space_uncommitted: 0.
num_chunks_returned_to_freelist: 3.
num_chunks_taken_from_freelist: 2247.
num_chunk_merges: 3.
num_chunk_splits: 1521.
num_chunks_enlarged: 1085.
num_inconsistent_stats: 0.

CodeHeap 'non-profiled nmethods': size=119168Kb used=9099Kb max_used=9099Kb free=110068Kb
 bounds [0x000001dc23e30000, 0x000001dc24720000, 0x000001dc2b290000]
CodeHeap 'profiled nmethods': size=119104Kb used=22214Kb max_used=22501Kb free=96889Kb
 bounds [0x000001dc1c290000, 0x000001dc1d8a0000, 0x000001dc236e0000]
CodeHeap 'non-nmethods': size=7488Kb used=3038Kb max_used=3174Kb free=4449Kb
 bounds [0x000001dc236e0000, 0x000001dc23a10000, 0x000001dc23e30000]
 total_blobs=10440 nmethods=9858 adapters=488
 compilation: enabled
              stopped_count=0, restarted_count=0
 full_count=0

Compilation events (20 events):
Event: 14.437 Thread 0x000001dc3c20d050 12544       3       org.codehaus.plexus.util.SelectorUtils::isDoubleStar (32 bytes)
Event: 14.437 Thread 0x000001dc3c20d050 nmethod 12544 0x000001dc1d384e90 code [0x000001dc1d385040, 0x000001dc1d385278]
Event: 14.437 Thread 0x000001dc37fa85e0 12545       1       org.codehaus.plexus.util.MatchPattern::getTokenizedPathChars (5 bytes)
Event: 14.437 Thread 0x000001dc37fa85e0 nmethod 12545 0x000001dc24712710 code [0x000001dc247128a0, 0x000001dc24712978]
Event: 14.437 Thread 0x000001dc37fa85e0 12546       3       org.codehaus.plexus.util.SelectorUtils::match (520 bytes)
Event: 14.438 Thread 0x000001dc3c1d07e0 12547       3       org.codehaus.plexus.util.MatchPattern::matchPath (26 bytes)
Event: 14.438 Thread 0x000001dc3c1d07e0 nmethod 12547 0x000001dc1d656990 code [0x000001dc1d656ba0, 0x000001dc1d657038]
Event: 14.438 Thread 0x000001dc3c207b90 12548       3       org.codehaus.plexus.util.SelectorUtils::matchAntPathPattern (423 bytes)
Event: 14.438 Thread 0x000001dc37fa85e0 nmethod 12546 0x000001dc1d654b90 code [0x000001dc1d654ea0, 0x000001dc1d656338]
Event: 14.440 Thread 0x000001dc3c207b90 nmethod 12548 0x000001dc1d313910 code [0x000001dc1d313c80, 0x000001dc1d3157a8]
Event: 14.440 Thread 0x000001dc3c1d07e0 12549   !   3       java.nio.file.Files::isSymbolicLink (26 bytes)
Event: 14.440 Thread 0x000001dc3c1d07e0 nmethod 12549 0x000001dc1d653e90 code [0x000001dc1d6540a0, 0x000001dc1d654818]
Event: 14.441 Thread 0x000001dc3c207b90 12551       3       org.codehaus.plexus.util.SelectorUtils::equals (37 bytes)
Event: 14.441 Thread 0x000001dc3c207b90 nmethod 12551 0x000001dc1d41bc10 code [0x000001dc1d41bde0, 0x000001dc1d41c098]
Event: 14.442 Thread 0x000001dc3c20d050 12552       3       org.codehaus.plexus.util.MatchPatterns::matches (85 bytes)
Event: 14.442 Thread 0x000001dc3c20d050 nmethod 12552 0x000001dc1d652990 code [0x000001dc1d652c00, 0x000001dc1d6537b8]
Event: 14.444 Thread 0x000001dc3c20d050 12553       3       java.io.File::list (5 bytes)
Event: 14.445 Thread 0x000001dc3c20d050 nmethod 12553 0x000001dc1d460b90 code [0x000001dc1d460d40, 0x000001dc1d460e88]
Event: 14.446 Thread 0x000001dc3c207b90 12554       1       org.codehaus.plexus.util.DirectoryScanner::isSelected (2 bytes)
Event: 14.446 Thread 0x000001dc3c207b90 nmethod 12554 0x000001dc24712a10 code [0x000001dc24712ba0, 0x000001dc24712c78]

GC Heap History (20 events):
Event: 4.477 GC heap before
{Heap before GC invocations=10 (full 0):
 garbage-first heap   total 143360K, used 109136K [0x0000000705e00000, 0x0000000800000000)
  region size 2048K, 36 young (73728K), 1 survivors (2048K)
 Metaspace       used 26299K, committed 26688K, reserved 1114112K
  class space    used 2729K, committed 2944K, reserved 1048576K
}
Event: 4.485 GC heap after
{Heap after GC invocations=11 (full 0):
 garbage-first heap   total 143360K, used 50448K [0x0000000705e00000, 0x0000000800000000)
  region size 2048K, 5 young (10240K), 5 survivors (10240K)
 Metaspace       used 26299K, committed 26688K, reserved 1114112K
  class space    used 2729K, committed 2944K, reserved 1048576K
}
Event: 4.495 GC heap before
{Heap before GC invocations=11 (full 0):
 garbage-first heap   total 143360K, used 52496K [0x0000000705e00000, 0x0000000800000000)
  region size 2048K, 6 young (12288K), 5 survivors (10240K)
 Metaspace       used 26343K, committed 26752K, reserved 1114112K
  class space    used 2741K, committed 2944K, reserved 1048576K
}
Event: 4.501 GC heap after
{Heap after GC invocations=12 (full 0):
 garbage-first heap   total 143360K, used 51769K [0x0000000705e00000, 0x0000000800000000)
  region size 2048K, 1 young (2048K), 1 survivors (2048K)
 Metaspace       used 26343K, committed 26752K, reserved 1114112K
  class space    used 2741K, committed 2944K, reserved 1048576K
}
Event: 4.888 GC heap before
{Heap before GC invocations=12 (full 0):
 garbage-first heap   total 143360K, used 100921K [0x0000000705e00000, 0x0000000800000000)
  region size 2048K, 26 young (53248K), 1 survivors (2048K)
 Metaspace       used 27592K, committed 28096K, reserved 1114112K
  class space    used 2869K, committed 3136K, reserved 1048576K
}
Event: 4.889 GC heap after
{Heap after GC invocations=13 (full 0):
 garbage-first heap   total 143360K, used 51083K [0x0000000705e00000, 0x0000000800000000)
  region size 2048K, 1 young (2048K), 1 survivors (2048K)
 Metaspace       used 27592K, committed 28096K, reserved 1114112K
  class space    used 2869K, committed 3136K, reserved 1048576K
}
Event: 5.124 GC heap before
{Heap before GC invocations=13 (full 0):
 garbage-first heap   total 143360K, used 104331K [0x0000000705e00000, 0x0000000800000000)
  region size 2048K, 28 young (57344K), 1 survivors (2048K)
 Metaspace       used 28072K, committed 28544K, reserved 1114112K
  class space    used 2939K, committed 3200K, reserved 1048576K
}
Event: 5.126 GC heap after
{Heap after GC invocations=14 (full 0):
 garbage-first heap   total 143360K, used 51227K [0x0000000705e00000, 0x0000000800000000)
  region size 2048K, 1 young (2048K), 1 survivors (2048K)
 Metaspace       used 28072K, committed 28544K, reserved 1114112K
  class space    used 2939K, committed 3200K, reserved 1048576K
}
Event: 5.318 GC heap before
{Heap before GC invocations=14 (full 0):
 garbage-first heap   total 143360K, used 108571K [0x0000000705e00000, 0x0000000800000000)
  region size 2048K, 29 young (59392K), 1 survivors (2048K)
 Metaspace       used 28451K, committed 28992K, reserved 1114112K
  class space    used 2963K, committed 3264K, reserved 1048576K
}
Event: 5.322 GC heap after
{Heap after GC invocations=15 (full 0):
 garbage-first heap   total 143360K, used 52432K [0x0000000705e00000, 0x0000000800000000)
  region size 2048K, 2 young (4096K), 2 survivors (4096K)
 Metaspace       used 28451K, committed 28992K, reserved 1114112K
  class space    used 2963K, committed 3264K, reserved 1048576K
}
Event: 5.430 GC heap before
{Heap before GC invocations=15 (full 0):
 garbage-first heap   total 143360K, used 111824K [0x0000000705e00000, 0x0000000800000000)
  region size 2048K, 31 young (63488K), 2 survivors (4096K)
 Metaspace       used 28523K, committed 29056K, reserved 1114112K
  class space    used 2965K, committed 3264K, reserved 1048576K
}
Event: 5.433 GC heap after
{Heap after GC invocations=16 (full 0):
 garbage-first heap   total 286720K, used 52922K [0x0000000705e00000, 0x0000000800000000)
  region size 2048K, 2 young (4096K), 2 survivors (4096K)
 Metaspace       used 28523K, committed 29056K, reserved 1114112K
  class space    used 2965K, committed 3264K, reserved 1048576K
}
Event: 6.070 GC heap before
{Heap before GC invocations=16 (full 0):
 garbage-first heap   total 286720K, used 206522K [0x0000000705e00000, 0x0000000800000000)
  region size 2048K, 77 young (157696K), 2 survivors (4096K)
 Metaspace       used 29839K, committed 30400K, reserved 1114112K
  class space    used 3129K, committed 3392K, reserved 1048576K
}
Event: 6.074 GC heap after
{Heap after GC invocations=17 (full 0):
 garbage-first heap   total 286720K, used 54794K [0x0000000705e00000, 0x0000000800000000)
  region size 2048K, 3 young (6144K), 3 survivors (6144K)
 Metaspace       used 29839K, committed 30400K, reserved 1114112K
  class space    used 3129K, committed 3392K, reserved 1048576K
}
Event: 7.847 GC heap before
{Heap before GC invocations=17 (full 0):
 garbage-first heap   total 286720K, used 224778K [0x0000000705e00000, 0x0000000800000000)
  region size 2048K, 84 young (172032K), 3 survivors (6144K)
 Metaspace       used 31686K, committed 32256K, reserved 1114112K
  class space    used 3230K, committed 3520K, reserved 1048576K
}
Event: 7.855 GC heap after
{Heap after GC invocations=18 (full 0):
 garbage-first heap   total 286720K, used 61286K [0x0000000705e00000, 0x0000000800000000)
  region size 2048K, 5 young (10240K), 5 survivors (10240K)
 Metaspace       used 31686K, committed 32256K, reserved 1114112K
  class space    used 3230K, committed 3520K, reserved 1048576K
}
Event: 9.234 GC heap before
{Heap before GC invocations=18 (full 0):
 garbage-first heap   total 286720K, used 223078K [0x0000000705e00000, 0x0000000800000000)
  region size 2048K, 84 young (172032K), 5 survivors (10240K)
 Metaspace       used 33485K, committed 34112K, reserved 1114112K
  class space    used 3424K, committed 3712K, reserved 1048576K
}
Event: 9.249 GC heap after
{Heap after GC invocations=19 (full 0):
 garbage-first heap   total 286720K, used 86664K [0x0000000705e00000, 0x0000000800000000)
  region size 2048K, 11 young (22528K), 11 survivors (22528K)
 Metaspace       used 33485K, committed 34112K, reserved 1114112K
  class space    used 3424K, committed 3712K, reserved 1048576K
}
Event: 10.340 GC heap before
{Heap before GC invocations=19 (full 0):
 garbage-first heap   total 286720K, used 215688K [0x0000000705e00000, 0x0000000800000000)
  region size 2048K, 74 young (151552K), 11 survivors (22528K)
 Metaspace       used 34931K, committed 35584K, reserved 1114112K
  class space    used 3549K, committed 3904K, reserved 1048576K
}
Event: 10.351 GC heap after
{Heap after GC invocations=20 (full 0):
 garbage-first heap   total 286720K, used 85271K [0x0000000705e00000, 0x0000000800000000)
  region size 2048K, 3 young (6144K), 3 survivors (6144K)
 Metaspace       used 34931K, committed 35584K, reserved 1114112K
  class space    used 3549K, committed 3904K, reserved 1048576K
}

Dll operation events (12 events):
Event: 0.010 Loaded shared library C:\Program Files\Java\jdk-19\bin\java.dll
Event: 0.016 Loaded shared library C:\Program Files\Java\jdk-19\bin\jsvml.dll
Event: 0.051 Loaded shared library C:\Program Files\Java\jdk-19\bin\zip.dll
Event: 0.053 Loaded shared library C:\Program Files\Java\jdk-19\bin\instrument.dll
Event: 0.057 Loaded shared library C:\Program Files\Java\jdk-19\bin\net.dll
Event: 0.058 Loaded shared library C:\Program Files\Java\jdk-19\bin\nio.dll
Event: 0.059 Loaded shared library C:\Program Files\Java\jdk-19\bin\zip.dll
Event: 0.069 Loaded shared library C:\Program Files\JetBrains\IntelliJ IDEA 2022.1.2\bin\breakgen64.dll
Event: 0.075 Loaded shared library C:\Program Files\Java\jdk-19\bin\extnet.dll
Event: 0.119 Loaded shared library C:\Program Files\Java\jdk-19\bin\jimage.dll
Event: 0.537 Loaded shared library C:\Users\99293\AppData\Local\Temp\jansi-2.4.0-57d549f8663e39e2-jansi.dll
Event: 0.546 Loaded shared library C:\Program Files\Java\jdk-19\bin\verify.dll

Deoptimization events (20 events):
Event: 13.482 Thread 0x000001dc14329700 DEOPT PACKING pc=0x000001dc2400b4e0 sp=0x00000068ffefc260
Event: 13.482 Thread 0x000001dc14329700 DEOPT UNPACKING pc=0x000001dc23746da3 sp=0x00000068ffefc250 mode 2
Event: 13.757 Thread 0x000001dc14329700 DEOPT PACKING pc=0x000001dc1c4cfa3b sp=0x00000068ffefd450
Event: 13.757 Thread 0x000001dc14329700 DEOPT UNPACKING pc=0x000001dc23747543 sp=0x00000068ffefc8e8 mode 0
Event: 13.776 Thread 0x000001dc14329700 Uncommon trap: trap_request=0xffffffc6 fr.pc=0x000001dc24651684 relative=0x0000000000000864
Event: 13.776 Thread 0x000001dc14329700 Uncommon trap: reason=bimorphic_or_optimized_type_check action=maybe_recompile pc=0x000001dc24651684 method=java.lang.Iterable.forEach(Ljava/util/function/Consumer;)V @ 22 c2
Event: 13.776 Thread 0x000001dc14329700 DEOPT PACKING pc=0x000001dc24651684 sp=0x00000068ffefc9e0
Event: 13.776 Thread 0x000001dc14329700 DEOPT UNPACKING pc=0x000001dc23746da3 sp=0x00000068ffefc9b0 mode 2
Event: 14.250 Thread 0x000001dc14329700 Uncommon trap: trap_request=0xfffffff4 fr.pc=0x000001dc24221ed4 relative=0x00000000000002b4
Event: 14.250 Thread 0x000001dc14329700 Uncommon trap: reason=null_check action=make_not_entrant pc=0x000001dc24221ed4 method=sun.invoke.util.VerifyType.isNullConversion(Ljava/lang/Class;Ljava/lang/Class;Z)Z @ 67 c2
Event: 14.250 Thread 0x000001dc14329700 DEOPT PACKING pc=0x000001dc24221ed4 sp=0x00000068ffefd280
Event: 14.250 Thread 0x000001dc14329700 DEOPT UNPACKING pc=0x000001dc23746da3 sp=0x00000068ffefd200 mode 2
Event: 14.401 Thread 0x000001dc14329700 Uncommon trap: trap_request=0xffffffde fr.pc=0x000001dc23ffa48c relative=0x00000000000021cc
Event: 14.401 Thread 0x000001dc14329700 Uncommon trap: reason=class_check action=maybe_recompile pc=0x000001dc23ffa48c method=org.apache.maven.model.Plugin.clone()Lorg/apache/maven/model/Plugin; @ 94 c2
Event: 14.401 Thread 0x000001dc14329700 DEOPT PACKING pc=0x000001dc23ffa48c sp=0x00000068ffefded0
Event: 14.401 Thread 0x000001dc14329700 DEOPT UNPACKING pc=0x000001dc23746da3 sp=0x00000068ffefdee0 mode 2
Event: 14.401 Thread 0x000001dc14329700 Uncommon trap: trap_request=0xffffffde fr.pc=0x000001dc246fb938 relative=0x0000000000006318
Event: 14.401 Thread 0x000001dc14329700 Uncommon trap: reason=class_check action=maybe_recompile pc=0x000001dc246fb938 method=org.apache.maven.model.BuildBase.clone()Lorg/apache/maven/model/BuildBase; @ 30 c2
Event: 14.401 Thread 0x000001dc14329700 DEOPT PACKING pc=0x000001dc246fb938 sp=0x00000068ffefe040
Event: 14.401 Thread 0x000001dc14329700 DEOPT UNPACKING pc=0x000001dc23746da3 sp=0x00000068ffefdf60 mode 2

Classes loaded (20 events):
Event: 10.499 Loading class jdk/internal/event/ProcessStartEvent
Event: 10.499 Loading class jdk/internal/event/Event
Event: 10.499 Loading class jdk/internal/event/Event done
Event: 10.499 Loading class jdk/internal/event/ProcessStartEvent done
Event: 13.026 Loading class java/io/FileFilter
Event: 13.027 Loading class java/io/FileFilter done
Event: 13.028 Loading class java/lang/invoke/WrongMethodTypeException
Event: 13.028 Loading class java/lang/invoke/WrongMethodTypeException done
Event: 13.865 Loading class java/util/zip/GZIPInputStream
Event: 13.896 Loading class java/util/zip/GZIPInputStream done
Event: 14.156 Loading class java/util/zip/GZIPOutputStream
Event: 14.156 Loading class java/util/zip/GZIPOutputStream done
Event: 14.408 Loading class java/nio/file/attribute/DosFileAttributeView
Event: 14.408 Loading class java/nio/file/attribute/DosFileAttributeView done
Event: 14.408 Loading class sun/nio/fs/FileOwnerAttributeViewImpl
Event: 14.412 Loading class sun/nio/fs/FileOwnerAttributeViewImpl done
Event: 14.413 Loading class sun/nio/fs/WindowsUserPrincipals
Event: 14.413 Loading class sun/nio/fs/WindowsUserPrincipals done
Event: 14.430 Loading class sun/nio/fs/WindowsUserPrincipals$User
Event: 14.430 Loading class sun/nio/fs/WindowsUserPrincipals$User done

Classes unloaded (0 events):
No events

Classes redefined (0 events):
No events

Internal exceptions (20 events):
Event: 9.879 Thread 0x000001dc14329700 Exception <a 'sun/nio/fs/WindowsException'{0x0000000711606da0}> (0x0000000711606da0) 
thrown [s\open\src\hotspot\share\prims\jni.cpp, line 517]
Event: 9.879 Thread 0x000001dc14329700 Exception <a 'sun/nio/fs/WindowsException'{0x0000000711607470}> (0x0000000711607470) 
thrown [s\open\src\hotspot\share\prims\jni.cpp, line 517]
Event: 9.879 Thread 0x000001dc14329700 Exception <a 'sun/nio/fs/WindowsException'{0x00000007116082d8}> (0x00000007116082d8) 
thrown [s\open\src\hotspot\share\prims\jni.cpp, line 517]
Event: 9.881 Thread 0x000001dc14329700 Exception <a 'sun/nio/fs/WindowsException'{0x00000007116163a0}> (0x00000007116163a0) 
thrown [s\open\src\hotspot\share\prims\jni.cpp, line 517]
Event: 9.881 Thread 0x000001dc14329700 Exception <a 'sun/nio/fs/WindowsException'{0x0000000711616a78}> (0x0000000711616a78) 
thrown [s\open\src\hotspot\share\prims\jni.cpp, line 517]
Event: 9.881 Thread 0x000001dc14329700 Exception <a 'sun/nio/fs/WindowsException'{0x0000000711617950}> (0x0000000711617950) 
thrown [s\open\src\hotspot\share\prims\jni.cpp, line 517]
Event: 9.894 Thread 0x000001dc14329700 Exception <a 'sun/nio/fs/WindowsException'{0x0000000711764c38}> (0x0000000711764c38) 
thrown [s\open\src\hotspot\share\prims\jni.cpp, line 517]
Event: 9.894 Thread 0x000001dc14329700 Exception <a 'sun/nio/fs/WindowsException'{0x0000000711765310}> (0x0000000711765310) 
thrown [s\open\src\hotspot\share\prims\jni.cpp, line 517]
Event: 9.894 Thread 0x000001dc14329700 Exception <a 'sun/nio/fs/WindowsException'{0x00000007117661e8}> (0x00000007117661e8) 
thrown [s\open\src\hotspot\share\prims\jni.cpp, line 517]
Event: 9.967 Thread 0x000001dc14329700 Implicit null exception at 0x000001dc24040c7a to 0x000001dc24041f04
Event: 10.232 Thread 0x000001dc14329700 Exception <a 'java/lang/NoSuchMethodError'{0x000000070fcfaad8}: 'java.lang.String org.apache.maven.execution.MavenExecutionRequest.getFailureBehavior()'> (0x000000070fcfaad8) 
thrown [s\open\src\hotspot\share\interpreter\linkResolver.cpp, line 870]
Event: 10.239 Thread 0x000001dc3f80b170 Exception <a 'java/lang/NoSuchMethodError'{0x000000070ff3bd18}: 'java.lang.Object java.lang.invoke.DirectMethodHandle$Holder.invokeStatic(java.lang.Object, long, java.lang.Object)'> (0x000000070ff3bd18) 
thrown [s\open\src\hotspot\share\interpreter\linkResolver.cpp, line 774]
Event: 10.239 Thread 0x000001dc3f80b170 Exception <a 'java/lang/NoSuchMethodError'{0x000000070ff3f368}: 'java.lang.Object java.lang.invoke.DirectMethodHandle$Holder.invokeStaticInit(java.lang.Object, long, java.lang.Object)'> (0x000000070ff3f368) 
thrown [s\open\src\hotspot\share\interpreter\linkResolver.cpp, line 774]
Event: 10.240 Thread 0x000001dc3f80b170 Exception <a 'java/lang/NoSuchMethodError'{0x000000070ff44fb8}: 'java.lang.Object java.lang.invoke.DirectMethodHandle$Holder.newInvokeSpecial(java.lang.Object, long)'> (0x000000070ff44fb8) 
thrown [s\open\src\hotspot\share\interpreter\linkResolver.cpp, line 774]
Event: 10.243 Thread 0x000001dc3f80b170 Exception <a 'java/lang/NoSuchMethodError'{0x000000070ff49848}: 'long java.lang.invoke.DirectMethodHandle$Holder.invokeInterface(java.lang.Object, java.lang.Object)'> (0x000000070ff49848) 
thrown [s\open\src\hotspot\share\interpreter\linkResolver.cpp, line 774]
Event: 10.243 Thread 0x000001dc3f80b170 Exception <a 'java/lang/NoSuchMethodError'{0x000000070ff4d1b0}: 'long java.lang.invoke.DelegatingMethodHandle$Holder.reinvoke_L(java.lang.Object, java.lang.Object)'> (0x000000070ff4d1b0) 
thrown [s\open\src\hotspot\share\interpreter\linkResolver.cpp, line 774]
Event: 10.313 Thread 0x000001dc14329700 Exception <a 'java/lang/NoSuchMethodError'{0x000000070fa97a40}: 'java.lang.Object java.lang.invoke.DirectMethodHandle$Holder.invokeStaticInit(java.lang.Object, java.lang.Object, int, int, int, int)'> (0x000000070fa97a40) 
thrown [s\open\src\hotspot\share\interpreter\linkResolver.cpp, line 774]
Event: 10.497 Thread 0x000001dc14329700 Exception <a 'java/lang/NoSuchMethodError'{0x0000000716348df8}: 'void java.lang.invoke.DirectMethodHandle$Holder.invokeStatic(java.lang.Object, long)'> (0x0000000716348df8) 
thrown [s\open\src\hotspot\share\interpreter\linkResolver.cpp, line 774]
Event: 13.027 Thread 0x000001dc14329700 Exception <a 'sun/nio/fs/WindowsException'{0x00000007161cd838}> (0x00000007161cd838) 
thrown [s\open\src\hotspot\share\prims\jni.cpp, line 517]
Event: 14.250 Thread 0x000001dc14329700 Implicit null exception at 0x000001dc24221ccb to 0x000001dc24221ec0

VM Operations (20 events):
Event: 9.988 Executing VM operation: ICBufferFull
Event: 9.988 Executing VM operation: ICBufferFull done
Event: 10.211 Executing VM operation: HandshakeAllThreads
Event: 10.211 Executing VM operation: HandshakeAllThreads done
Event: 10.340 Executing VM operation: G1CollectForAllocation
Event: 10.351 Executing VM operation: G1CollectForAllocation done
Event: 10.428 Executing VM operation: HandshakeAllThreads
Event: 10.428 Executing VM operation: HandshakeAllThreads done
Event: 10.499 Executing VM operation: HandshakeAllThreads
Event: 10.499 Executing VM operation: HandshakeAllThreads done
Event: 11.508 Executing VM operation: Cleanup
Event: 11.509 Executing VM operation: Cleanup done
Event: 12.515 Executing VM operation: Cleanup
Event: 12.515 Executing VM operation: Cleanup done
Event: 13.519 Executing VM operation: Cleanup
Event: 13.521 Executing VM operation: Cleanup done
Event: 14.116 Executing VM operation: HandshakeAllThreads
Event: 14.116 Executing VM operation: HandshakeAllThreads done
Event: 14.159 Executing VM operation: HandshakeAllThreads
Event: 14.159 Executing VM operation: HandshakeAllThreads done

Events (20 events):
Event: 10.426 Thread 0x000001dc3f80f130 Thread added: 0x000001dc3f80f130
Event: 10.450 Thread 0x000001dc3f80b170 Thread added: 0x000001dc3f80b170
Event: 10.501 Thread 0x000001dc3f80bc10 Thread added: 0x000001dc3f80bc10
Event: 10.501 Thread 0x000001dc415ad570 Thread added: 0x000001dc415ad570
Event: 10.501 Thread 0x000001dc415aeab0 Thread added: 0x000001dc415aeab0
Event: 11.626 Thread 0x000001dc40d07640 Thread exited: 0x000001dc40d07640
Event: 11.626 Thread 0x000001dc40d06b20 Thread exited: 0x000001dc40d06b20
Event: 11.626 Thread 0x000001dc40d070b0 Thread exited: 0x000001dc40d070b0
Event: 11.627 Thread 0x000001dc40d04f50 Thread exited: 0x000001dc40d04f50
Event: 11.627 Thread 0x000001dc40d05a70 Thread exited: 0x000001dc40d05a70
Event: 11.628 Thread 0x000001dc3ddee7e0 Thread exited: 0x000001dc3ddee7e0
Event: 11.628 Thread 0x000001dc3c6b3970 Thread exited: 0x000001dc3c6b3970
Event: 13.017 Thread 0x000001dc415aeab0 Thread exited: 0x000001dc415aeab0
Event: 13.017 Thread 0x000001dc415ad570 Thread exited: 0x000001dc415ad570
Event: 13.021 Thread 0x000001dc3f80b170 Thread exited: 0x000001dc3f80b170
Event: 13.021 Thread 0x000001dc3f80bc10 Thread exited: 0x000001dc3f80bc10
Event: 13.049 Thread 0x000001dc3f80c160 Thread exited: 0x000001dc3f80c160
Event: 13.049 Thread 0x000001dc3f80f130 Thread exited: 0x000001dc3f80f130
Event: 13.729 Thread 0x000001dc40d06b20 Thread added: 0x000001dc40d06b20
Event: 14.095 Thread 0x000001dc40d06b20 Thread exited: 0x000001dc40d06b20


Dynamic libraries:
0x00007ff630300000 - 0x00007ff630310000 	C:\Program Files\Java\jdk-19\bin\java.exe
0x00007ffb0db70000 - 0x00007ffb0dd87000 	C:\WINDOWS\SYSTEM32\ntdll.dll
0x00007ffb0c600000 - 0x00007ffb0c6c4000 	C:\WINDOWS\System32\KERNEL32.DLL
0x00007ffb0b140000 - 0x00007ffb0b4e6000 	C:\WINDOWS\System32\KERNELBASE.dll
0x00007ffb0b5b0000 - 0x00007ffb0b6c1000 	C:\WINDOWS\System32\ucrtbase.dll
0x00007ffb05d90000 - 0x00007ffb05da8000 	C:\Program Files\Java\jdk-19\bin\jli.dll
0x00007ffb05d70000 - 0x00007ffb05d8b000 	C:\Program Files\Java\jdk-19\bin\VCRUNTIME140.dll
0x00007ffb0c540000 - 0x00007ffb0c5f1000 	C:\WINDOWS\System32\ADVAPI32.dll
0x00007ffb0c430000 - 0x00007ffb0c4d7000 	C:\WINDOWS\System32\msvcrt.dll
0x00007ffb0b890000 - 0x00007ffb0b935000 	C:\WINDOWS\System32\sechost.dll
0x00007ffb0d9e0000 - 0x00007ffb0daf7000 	C:\WINDOWS\System32\RPCRT4.dll
0x00007ffb0c780000 - 0x00007ffb0c92e000 	C:\WINDOWS\System32\USER32.dll
0x00007ffb0b750000 - 0x00007ffb0b776000 	C:\WINDOWS\System32\win32u.dll
0x00007ffaf1410000 - 0x00007ffaf16a3000 	C:\WINDOWS\WinSxS\amd64_microsoft.windows.common-controls_6595b64144ccf1df_6.0.22621.2506_none_270c5ae97388e100\COMCTL32.dll
0x00007ffb0cc60000 - 0x00007ffb0cc89000 	C:\WINDOWS\System32\GDI32.dll
0x00007ffb0b020000 - 0x00007ffb0b138000 	C:\WINDOWS\System32\gdi32full.dll
0x00007ffb0b7f0000 - 0x00007ffb0b88a000 	C:\WINDOWS\System32\msvcp_win.dll
0x00007ffb02680000 - 0x00007ffb0268a000 	C:\WINDOWS\SYSTEM32\VERSION.dll
0x00007ffb0c930000 - 0x00007ffb0c961000 	C:\WINDOWS\System32\IMM32.DLL
0x00007ffb05dd0000 - 0x00007ffb05ddc000 	C:\Program Files\Java\jdk-19\bin\vcruntime140_1.dll
0x00007ffaf8580000 - 0x00007ffaf860e000 	C:\Program Files\Java\jdk-19\bin\msvcp140.dll
0x00007ffa8e690000 - 0x00007ffa8f350000 	C:\Program Files\Java\jdk-19\bin\server\jvm.dll
0x00007ffb03d40000 - 0x00007ffb03d74000 	C:\WINDOWS\SYSTEM32\WINMM.dll
0x00007ffb05d60000 - 0x00007ffb05d69000 	C:\WINDOWS\SYSTEM32\WSOCK32.dll
0x00007ffb0b940000 - 0x00007ffb0b9b1000 	C:\WINDOWS\System32\WS2_32.dll
0x00007ffb09fa0000 - 0x00007ffb09fb8000 	C:\WINDOWS\SYSTEM32\kernel.appcore.dll
0x00007ffb058d0000 - 0x00007ffb058da000 	C:\Program Files\Java\jdk-19\bin\jimage.dll
0x00007ffb08690000 - 0x00007ffb088c3000 	C:\WINDOWS\SYSTEM32\DBGHELP.DLL
0x00007ffb0cd40000 - 0x00007ffb0d0c9000 	C:\WINDOWS\System32\combase.dll
0x00007ffb0d120000 - 0x00007ffb0d1f7000 	C:\WINDOWS\System32\OLEAUT32.dll
0x00007ffb018f0000 - 0x00007ffb01922000 	C:\WINDOWS\SYSTEM32\dbgcore.DLL
0x00007ffb0b6d0000 - 0x00007ffb0b74a000 	C:\WINDOWS\System32\bcryptPrimitives.dll
0x00007ffaf8490000 - 0x00007ffaf849e000 	C:\Program Files\Java\jdk-19\bin\instrument.dll
0x00007ffb05300000 - 0x00007ffb05326000 	C:\Program Files\Java\jdk-19\bin\java.dll
0x00007ffaf4ca0000 - 0x00007ffaf4d77000 	C:\Program Files\Java\jdk-19\bin\jsvml.dll
0x00007ffb0ba30000 - 0x00007ffb0c28a000 	C:\WINDOWS\System32\SHELL32.dll
0x00007ffb08da0000 - 0x00007ffb09696000 	C:\WINDOWS\SYSTEM32\windows.storage.dll
0x00007ffb08c60000 - 0x00007ffb08d9e000 	C:\WINDOWS\SYSTEM32\wintypes.dll
0x00007ffb0d8e0000 - 0x00007ffb0d9d3000 	C:\WINDOWS\System32\SHCORE.dll
0x00007ffb0d200000 - 0x00007ffb0d25e000 	C:\WINDOWS\System32\shlwapi.dll
0x00007ffb0ade0000 - 0x00007ffb0ae06000 	C:\WINDOWS\SYSTEM32\profapi.dll
0x00007ffb03d20000 - 0x00007ffb03d38000 	C:\Program Files\Java\jdk-19\bin\zip.dll
0x00007ffb046e0000 - 0x00007ffb046f3000 	C:\Program Files\Java\jdk-19\bin\net.dll
0x00007ffb051a0000 - 0x00007ffb052d7000 	C:\WINDOWS\SYSTEM32\WINHTTP.dll
0x00007ffb0a420000 - 0x00007ffb0a489000 	C:\WINDOWS\system32\mswsock.dll
0x00007ffb03fc0000 - 0x00007ffb03fd6000 	C:\Program Files\Java\jdk-19\bin\nio.dll
0x00007ffaf8470000 - 0x00007ffaf848a000 	C:\Program Files\JetBrains\IntelliJ IDEA 2022.1.2\bin\breakgen64.dll
0x00007ffb034d0000 - 0x00007ffb034d8000 	C:\Program Files\Java\jdk-19\bin\extnet.dll
0x0000000069ac0000 - 0x0000000069ae4000 	C:\Users\99293\AppData\Local\Temp\jansi-2.4.0-57d549f8663e39e2-jansi.dll
0x00007ffb04620000 - 0x00007ffb04630000 	C:\Program Files\Java\jdk-19\bin\verify.dll
0x00007ffb0a670000 - 0x00007ffb0a68b000 	C:\WINDOWS\SYSTEM32\CRYPTSP.dll
0x00007ffb09f00000 - 0x00007ffb09f35000 	C:\WINDOWS\system32\rsaenh.dll
0x00007ffb0a510000 - 0x00007ffb0a53c000 	C:\WINDOWS\SYSTEM32\USERENV.dll
0x00007ffb0a860000 - 0x00007ffb0a888000 	C:\WINDOWS\SYSTEM32\bcrypt.dll
0x00007ffb0a690000 - 0x00007ffb0a69c000 	C:\WINDOWS\SYSTEM32\CRYPTBASE.dll
0x00007ffb09970000 - 0x00007ffb0999d000 	C:\WINDOWS\SYSTEM32\IPHLPAPI.DLL
0x00007ffb0c970000 - 0x00007ffb0c979000 	C:\WINDOWS\System32\NSI.dll
0x00007ffb05060000 - 0x00007ffb05079000 	C:\WINDOWS\SYSTEM32\dhcpcsvc6.DLL
0x00007ffb04fe0000 - 0x00007ffb04fff000 	C:\WINDOWS\SYSTEM32\dhcpcsvc.DLL
0x00007ffb099a0000 - 0x00007ffb09a99000 	C:\WINDOWS\SYSTEM32\DNSAPI.dll

dbghelp: loaded successfully - version: 4.0.5 - missing functions: none
symbol engine: initialized successfully - sym options: 0x614 - pdb path: .;C:\Program Files\Java\jdk-19\bin;C:\WINDOWS\SYSTEM32;C:\WINDOWS\WinSxS\amd64_microsoft.windows.common-controls_6595b64144ccf1df_6.0.22621.2506_none_270c5ae97388e100;C:\Program Files\Java\jdk-19\bin\server;C:\Program Files\JetBrains\IntelliJ IDEA 2022.1.2\bin;C:\Users\99293\AppData\Local\Temp

VM Arguments:
jvm_args: -Dmaven.multiModuleProjectDirectory=D:\unitedStates duplicates original -Dmaven.home=C:\Users\99293\.m2\wrapper\dists\apache-maven-3.8.6-bin\1ks0nkde5v1pk9vtc31i9d0lcd\apache-maven-3.8.6 -Dclassworlds.conf=C:\Users\99293\.m2\wrapper\dists\apache-maven-3.8.6-bin\1ks0nkde5v1pk9vtc31i9d0lcd\apache-maven-3.8.6\bin\m2.conf -Dmaven.ext.class.path=C:\Program Files\JetBrains\IntelliJ IDEA 2022.1.2\plugins\maven\lib\maven-event-listener.jar -javaagent:C:\Program Files\JetBrains\IntelliJ IDEA 2022.1.2\lib\idea_rt.jar=52251:C:\Program Files\JetBrains\IntelliJ IDEA 2022.1.2\bin -Dfile.encoding=UTF-8 
java_command: org.codehaus.classworlds.Launcher -Didea.version=2022.1.2 package
java_class_path (initial): C:\Users\99293\.m2\wrapper\dists\apache-maven-3.8.6-bin\1ks0nkde5v1pk9vtc31i9d0lcd\apache-maven-3.8.6\boot\plexus-classworlds-2.6.0.jar;C:\Users\99293\.m2\wrapper\dists\apache-maven-3.8.6-bin\1ks0nkde5v1pk9vtc31i9d0lcd\apache-maven-3.8.6\boot\plexus-classworlds.license
Launcher Type: SUN_STANDARD

[Global flags]
     intx CICompilerCount                          = 12                                        {product} {ergonomic}
     uint ConcGCThreads                            = 3                                         {product} {ergonomic}
     uint G1ConcRefinementThreads                  = 13                                        {product} {ergonomic}
   size_t G1HeapRegionSize                         = 2097152                                   {product} {ergonomic}
    uintx GCDrainStackTargetSize                   = 64                                        {product} {ergonomic}
   size_t InitialHeapSize                          = 264241152                                 {product} {ergonomic}
   size_t MarkStackSize                            = 4194304                                   {product} {ergonomic}
   size_t MaxHeapSize                              = 4196401152                                {product} {ergonomic}
   size_t MaxNewSize                               = 2516582400                                {product} {ergonomic}
   size_t MinHeapDeltaBytes                        = 2097152                                   {product} {ergonomic}
   size_t MinHeapSize                              = 8388608                                   {product} {ergonomic}
    uintx NonNMethodCodeHeapSize                   = 7602480                                {pd product} {ergonomic}
    uintx NonProfiledCodeHeapSize                  = 122027880                              {pd product} {ergonomic}
    uintx ProfiledCodeHeapSize                     = 122027880                              {pd product} {ergonomic}
    uintx ReservedCodeCacheSize                    = 251658240                              {pd product} {ergonomic}
     bool SegmentedCodeCache                       = true                                      {product} {ergonomic}
   size_t SoftMaxHeapSize                          = 4196401152                             {manageable} {ergonomic}
     bool UseCompressedClassPointers               = true                           {product lp64_product} {ergonomic}
     bool UseCompressedOops                        = true                           {product lp64_product} {ergonomic}
     bool UseG1GC                                  = true                                      {product} {ergonomic}
     bool UseLargePagesIndividualAllocation        = false                                  {pd product} {ergonomic}

Logging:
Log output configuration:
 #0: stdout all=warning uptime,level,tags foldmultilines=false
 #1: stderr all=off uptime,level,tags foldmultilines=false

Environment Variables:
PATH=C:\Program Files\Common Files\Oracle\Java\javapath;C:\Windows\system32;C:\Windows;C:\Windows\System32\Wbem;C:\Windows\System32\WindowsPowerShell\v1.0\;C:\Windows\System32\OpenSSH\;C:\Program Files (x86)\NVIDIA Corporation\PhysX\Common;C:\Program Files\NVIDIA Corporation\NVIDIA NvDLISR;C:\Program Files\Git\cmd;C:\Program Files (x86)\dotnet\;%SystemRoot%\system32;%SystemRoot%;%SystemRoot%\System32\Wbem;%SYSTEMROOT%\System32\WindowsPowerShell\v1.0\;%SYSTEMROOT%\System32\OpenSSH\;C:\Users\99293\AppData\Local\Programs\Python\Python311\Scripts\;C:\Users\99293\AppData\Local\Programs\Python\Python311\;C:\Users\99293\AppData\Local\Microsoft\WindowsApps;;C:\Program Files\JetBrains\IntelliJ IDEA 2022.1.2\bin;;C:\Program Files\heroku\bin
USERNAME=ASUS
OS=Windows_NT
PROCESSOR_IDENTIFIER=Intel64 Family 6 Model 154 Stepping 3, GenuineIntel
TMP=C:\Users\99293\AppData\Local\Temp
TEMP=C:\Users\99293\AppData\Local\Temp



---------------  S Y S T E M  ---------------

OS:
 Windows 11 , 64 bit Build 22621 (10.0.22621.2506)
OS uptime: 0 days 0:35 hours
Hyper-V role detected

CPU: total 16 (initial active 16) (8 cores per cpu, 2 threads per core) family 6 model 154 stepping 3 microcode 0x41c, cx8, cmov, fxsr, ht, mmx, 3dnowpref, sse, sse2, sse3, ssse3, sse4.1, sse4.2, popcnt, lzcnt, tsc, tscinvbit, avx, avx2, aes, erms, clmul, bmi1, bmi2, adx, sha, fma, vzeroupper, clflush, clflushopt, clwb, hv, serialize, rdtscp, rdpid, fsrm

Memory: 4k page, system-wide physical 16005M (1543M free)
TotalPageFile size 18053M (AvailPageFile size 6M)
current process WorkingSet (physical memory assigned to process): 551M, peak: 595M
current process commit charge ("private bytes"): 600M, peak: 648M

vm_info: Java HotSpot(TM) 64-Bit Server VM (19.0.2+7-44) for windows-amd64 JRE (19.0.2+7-44), built on 2022-11-30T18:02:09Z by "mach5one" with MS VC++ 17.1 (VS2022)

END.
