#
# There is insufficient memory for the Java Runtime Environment to continue.
# Native memory allocation (mmap) failed to map 264241152 bytes for G1 virtual space
# Possible reasons:
#   The system is out of physical RAM or swap space
#   The process is running with CompressedOops enabled, and the Java Heap may be blocking the growth of the native heap
# Possible solutions:
#   Reduce memory load on the system
#   Increase physical memory or swap space
#   Check if swap backing store is full
#   Decrease Java heap size (-Xmx/-Xms)
#   Decrease number of Java threads
#   Decrease Java thread stack sizes (-Xss)
#   Set larger code cache with -XX:ReservedCodeCacheSize=
#   JVM is running with Zero Based Compressed Oops mode in which the Java heap is
#     placed in the first 32GB address space. The Java Heap base address is the
#     maximum limit for the native heap growth. Please use -XX:HeapBaseMinAddress
#     to set the Java Heap base and to place the Java Heap above 32GB virtual address.
# This output file may be truncated or incomplete.
#
#  Out of Memory Error (os_windows.cpp:3536), pid=16568, tid=2216
#
# JRE version:  (19.0.2+7) (build )
# Java VM: Java HotSpot(TM) 64-Bit Server VM (19.0.2+7-44, mixed mode, sharing, tiered, compressed oops, compressed class ptrs, g1 gc, windows-amd64)
# No core dump will be written. Minidumps are not enabled by default on client versions of Windows
#

---------------  S U M M A R Y ------------

Command Line: -Dmaven.multiModuleProjectDirectory=D:\unitedStates duplicates original -Dmaven.home=C:\Users\99293\.m2\wrapper\dists\apache-maven-3.8.6-bin\1ks0nkde5v1pk9vtc31i9d0lcd\apache-maven-3.8.6 -Dclassworlds.conf=C:\Users\99293\.m2\wrapper\dists\apache-maven-3.8.6-bin\1ks0nkde5v1pk9vtc31i9d0lcd\apache-maven-3.8.6\bin\m2.conf -Dmaven.ext.class.path=C:\Program Files\JetBrains\IntelliJ IDEA 2022.1.2\plugins\maven\lib\maven-event-listener.jar -javaagent:C:\Program Files\JetBrains\IntelliJ IDEA 2022.1.2\lib\idea_rt.jar=50364:C:\Program Files\JetBrains\IntelliJ IDEA 2022.1.2\bin -Dfile.encoding=UTF-8 org.codehaus.classworlds.Launcher -Didea.version=2022.1.2 package

Host: 12th Gen Intel(R) Core(TM) i7-12650H, 16 cores, 15G,  Windows 11 , 64 bit Build 22621 (10.0.22621.3374)
Time: Tue May 28 01:30:34 2024  Windows 11 , 64 bit Build 22621 (10.0.22621.3374) elapsed time: 0.012018 seconds (0d 0h 0m 0s)

---------------  T H R E A D  ---------------

Current thread (0x00000213f305dbf0):  JavaThread "Unknown thread" [_thread_in_vm, id=2216, stack(0x000000a0e0500000,0x000000a0e0600000)]

Stack: [0x000000a0e0500000,0x000000a0e0600000]
Native frames: (J=compiled Java code, j=interpreted, Vv=VM code, C=native code)
V  [jvm.dll+0x6ee21a]
V  [jvm.dll+0x85765e]
V  [jvm.dll+0x85904e]
V  [jvm.dll+0x859703]
V  [jvm.dll+0x28298f]
V  [jvm.dll+0x6eb009]
V  [jvm.dll+0x6dfbaa]
V  [jvm.dll+0x3573f6]
V  [jvm.dll+0x35ee56]
V  [jvm.dll+0x3b541e]
V  [jvm.dll+0x3b564f]
V  [jvm.dll+0x32c9ea]
V  [jvm.dll+0x32d89e]
V  [jvm.dll+0x821780]
V  [jvm.dll+0x3c2661]
V  [jvm.dll+0x801f51]
V  [jvm.dll+0x44ae8f]
V  [jvm.dll+0x44c811]
C  [jli.dll+0x5287]
C  [ucrtbase.dll+0x29333]
C  [KERNEL32.DLL+0x1257d]
C  [ntdll.dll+0x5aa48]


---------------  P R O C E S S  ---------------

Threads class SMR info:
_java_thread_list=0x00007ffc8b86d048, length=0, elements={
}

Java Threads: ( => current thread )

Other Threads:
  0x00000213f30d0680 WorkerThread "GC Thread#0" [stack: 0x000000a0e0600000,0x000000a0e0700000] [id=11536]
  0x00000213f30e0ff0 ConcurrentGCThread "G1 Main Marker" [stack: 0x000000a0e0700000,0x000000a0e0800000] [id=7600]
  0x00000213f30e2a30 WorkerThread "G1 Conc#0" [stack: 0x000000a0e0800000,0x000000a0e0900000] [id=2352]

[error occurred during error reporting (printing all threads), id 0xc0000005, EXCEPTION_ACCESS_VIOLATION (0xc0000005) at pc=0x00007ffc8b02d427]

VM state: not at safepoint (not fully initialized)

VM Mutex/Monitor currently owned by a thread:  ([mutex/lock_event])
[0x00000213f3057510] Heap_lock - owner thread: 0x00000213f305dbf0

Heap address: 0x0000000705e00000, size: 4002 MB, Compressed Oops mode: Zero based, Oop shift amount: 3

CDS archive(s) mapped at: [0x0000000000000000-0x0000000000000000-0x0000000000000000), size 0, SharedBaseAddress: 0x0000000800000000, ArchiveRelocationMode: 0.
Narrow klass base: 0x0000000000000000, Narrow klass shift: 0, Narrow klass range: 0x0

GC Precious Log:
 CardTable entry size: 512
 Card Set container configuration: InlinePtr #cards 4 size 8 Array Of Cards #cards 16 size 48 Howl #buckets 8 coarsen threshold 3686 Howl Bitmap #cards 512 size 80 coarsen threshold 460 Card regions per heap region 1 cards per card region 4096

Heap:
 garbage-first heap   total 0K, used 0K [0x0000000705e00000, 0x0000000800000000)
  region size 2048K, 0 young (0K), 0 survivors (0K)

[error occurred during error reporting (printing heap information), id 0xc0000005, EXCEPTION_ACCESS_VIOLATION (0xc0000005) at pc=0x00007ffc8b436649]

GC Heap History (0 events):
No events

Dll operation events (1 events):
Event: 0.009 Loaded shared library C:\Program Files\Java\jdk-19\bin\java.dll

Deoptimization events (0 events):
No events

Classes loaded (0 events):
No events

Classes unloaded (0 events):
No events

Classes redefined (0 events):
No events

Internal exceptions (0 events):
No events

VM Operations (0 events):
No events

Events (0 events):
No events


Dynamic libraries:
0x00007ff6a48f0000 - 0x00007ff6a4900000 	C:\Program Files\Java\jdk-19\bin\java.exe
0x00007ffd1c7f0000 - 0x00007ffd1ca06000 	C:\WINDOWS\SYSTEM32\ntdll.dll
0x00007ffd1b3f0000 - 0x00007ffd1b4b4000 	C:\WINDOWS\System32\KERNEL32.DLL
0x00007ffd19b10000 - 0x00007ffd19eb7000 	C:\WINDOWS\System32\KERNELBASE.dll
0x00007ffd19ec0000 - 0x00007ffd19fd1000 	C:\WINDOWS\System32\ucrtbase.dll
0x00007ffd0d5f0000 - 0x00007ffd0d608000 	C:\Program Files\Java\jdk-19\bin\jli.dll
0x00007ffd1a5c0000 - 0x00007ffd1a672000 	C:\WINDOWS\System32\ADVAPI32.dll
0x00007ffd0cff0000 - 0x00007ffd0d00b000 	C:\Program Files\Java\jdk-19\bin\VCRUNTIME140.dll
0x00007ffd1c020000 - 0x00007ffd1c0c7000 	C:\WINDOWS\System32\msvcrt.dll
0x00007ffd1c1f0000 - 0x00007ffd1c298000 	C:\WINDOWS\System32\sechost.dll
0x00007ffd1a4c0000 - 0x00007ffd1a4e8000 	C:\WINDOWS\System32\bcrypt.dll
0x00007ffd1c0d0000 - 0x00007ffd1c1e5000 	C:\WINDOWS\System32\RPCRT4.dll
0x00007ffd1b230000 - 0x00007ffd1b3de000 	C:\WINDOWS\System32\USER32.dll
0x00007ffd1a4f0000 - 0x00007ffd1a516000 	C:\WINDOWS\System32\win32u.dll
0x00007ffcff050000 - 0x00007ffcff2e3000 	C:\WINDOWS\WinSxS\amd64_microsoft.windows.common-controls_6595b64144ccf1df_6.0.22621.3235_none_270f74e173860f98\COMCTL32.dll
0x00007ffd1b1a0000 - 0x00007ffd1b1c9000 	C:\WINDOWS\System32\GDI32.dll
0x00007ffd1a330000 - 0x00007ffd1a449000 	C:\WINDOWS\System32\gdi32full.dll
0x00007ffd1a210000 - 0x00007ffd1a2aa000 	C:\WINDOWS\System32\msvcp_win.dll
0x00007ffd0feb0000 - 0x00007ffd0feba000 	C:\WINDOWS\SYSTEM32\VERSION.dll
0x00007ffd1b4c0000 - 0x00007ffd1b4f1000 	C:\WINDOWS\System32\IMM32.DLL
0x00007ffd0b650000 - 0x00007ffd0b65c000 	C:\Program Files\Java\jdk-19\bin\vcruntime140_1.dll
0x00007ffcf7a80000 - 0x00007ffcf7b0e000 	C:\Program Files\Java\jdk-19\bin\msvcp140.dll
0x00007ffc8acf0000 - 0x00007ffc8b9b0000 	C:\Program Files\Java\jdk-19\bin\server\jvm.dll
0x00007ffd11a70000 - 0x00007ffd11aa4000 	C:\WINDOWS\SYSTEM32\WINMM.dll
0x00007ffd0b4c0000 - 0x00007ffd0b4c9000 	C:\WINDOWS\SYSTEM32\WSOCK32.dll
0x00007ffd1ac10000 - 0x00007ffd1ac81000 	C:\WINDOWS\System32\WS2_32.dll
0x00007ffd18c40000 - 0x00007ffd18c58000 	C:\WINDOWS\SYSTEM32\kernel.appcore.dll
0x00007ffd0b4b0000 - 0x00007ffd0b4ba000 	C:\Program Files\Java\jdk-19\bin\jimage.dll
0x00007ffd16ed0000 - 0x00007ffd17103000 	C:\WINDOWS\SYSTEM32\DBGHELP.DLL
0x00007ffd1ad70000 - 0x00007ffd1b0f8000 	C:\WINDOWS\System32\combase.dll
0x00007ffd1ac90000 - 0x00007ffd1ad67000 	C:\WINDOWS\System32\OLEAUT32.dll
0x00007ffd0fec0000 - 0x00007ffd0fef2000 	C:\WINDOWS\SYSTEM32\dbgcore.DLL
0x00007ffd1a2b0000 - 0x00007ffd1a329000 	C:\WINDOWS\System32\bcryptPrimitives.dll
0x00007ffd0b1c0000 - 0x00007ffd0b1ce000 	C:\Program Files\Java\jdk-19\bin\instrument.dll
0x00007ffd0b080000 - 0x00007ffd0b0a6000 	C:\Program Files\Java\jdk-19\bin\java.dll

dbghelp: loaded successfully - version: 4.0.5 - missing functions: none
symbol engine: initialized successfully - sym options: 0x614 - pdb path: .;C:\Program Files\Java\jdk-19\bin;C:\WINDOWS\SYSTEM32;C:\WINDOWS\WinSxS\amd64_microsoft.windows.common-controls_6595b64144ccf1df_6.0.22621.3235_none_270f74e173860f98;C:\Program Files\Java\jdk-19\bin\server

VM Arguments:
jvm_args: -Dmaven.multiModuleProjectDirectory=D:\unitedStates duplicates original -Dmaven.home=C:\Users\99293\.m2\wrapper\dists\apache-maven-3.8.6-bin\1ks0nkde5v1pk9vtc31i9d0lcd\apache-maven-3.8.6 -Dclassworlds.conf=C:\Users\99293\.m2\wrapper\dists\apache-maven-3.8.6-bin\1ks0nkde5v1pk9vtc31i9d0lcd\apache-maven-3.8.6\bin\m2.conf -Dmaven.ext.class.path=C:\Program Files\JetBrains\IntelliJ IDEA 2022.1.2\plugins\maven\lib\maven-event-listener.jar -javaagent:C:\Program Files\JetBrains\IntelliJ IDEA 2022.1.2\lib\idea_rt.jar=50364:C:\Program Files\JetBrains\IntelliJ IDEA 2022.1.2\bin -Dfile.encoding=UTF-8 
java_command: org.codehaus.classworlds.Launcher -Didea.version=2022.1.2 package
java_class_path (initial): C:\Users\99293\.m2\wrapper\dists\apache-maven-3.8.6-bin\1ks0nkde5v1pk9vtc31i9d0lcd\apache-maven-3.8.6\boot\plexus-classworlds-2.6.0.jar;C:\Users\99293\.m2\wrapper\dists\apache-maven-3.8.6-bin\1ks0nkde5v1pk9vtc31i9d0lcd\apache-maven-3.8.6\boot\plexus-classworlds.license
Launcher Type: SUN_STANDARD

[Global flags]
     intx CICompilerCount                          = 12                                        {product} {ergonomic}
     uint ConcGCThreads                            = 3                                         {product} {ergonomic}
     uint G1ConcRefinementThreads                  = 13                                        {product} {ergonomic}
   size_t G1HeapRegionSize                         = 2097152                                   {product} {ergonomic}
    uintx GCDrainStackTargetSize                   = 64                                        {product} {ergonomic}
   size_t InitialHeapSize                          = 264241152                                 {product} {ergonomic}
   size_t MarkStackSize                            = 4194304                                   {product} {ergonomic}
   size_t MaxHeapSize                              = 4196401152                                {product} {ergonomic}
   size_t MinHeapDeltaBytes                        = 2097152                                   {product} {ergonomic}
   size_t MinHeapSize                              = 8388608                                   {product} {ergonomic}
    uintx NonNMethodCodeHeapSize                   = 7602480                                {pd product} {ergonomic}
    uintx NonProfiledCodeHeapSize                  = 122027880                              {pd product} {ergonomic}
    uintx ProfiledCodeHeapSize                     = 122027880                              {pd product} {ergonomic}
    uintx ReservedCodeCacheSize                    = 251658240                              {pd product} {ergonomic}
     bool SegmentedCodeCache                       = true                                      {product} {ergonomic}
   size_t SoftMaxHeapSize                          = 4196401152                             {manageable} {ergonomic}
     bool UseCompressedClassPointers               = true                           {product lp64_product} {ergonomic}
     bool UseCompressedOops                        = true                           {product lp64_product} {ergonomic}
     bool UseG1GC                                  = true                                      {product} {ergonomic}
     bool UseLargePagesIndividualAllocation        = false                                  {pd product} {ergonomic}

Logging:
Log output configuration:
 #0: stdout all=warning uptime,level,tags foldmultilines=false
 #1: stderr all=off uptime,level,tags foldmultilines=false

Environment Variables:
JAVA_HOME=C:\Program Files\Java\jdk-19
PATH=C:\Program Files\Common Files\Oracle\Java\javapath;C:\Windows\system32;C:\Windows;C:\Windows\System32\Wbem;C:\Windows\System32\WindowsPowerShell\v1.0\;C:\Windows\System32\OpenSSH\;C:\Program Files (x86)\NVIDIA Corporation\PhysX\Common;C:\Program Files\NVIDIA Corporation\NVIDIA NvDLISR;C:\Program Files\Git\cmd;C:\Program Files (x86)\dotnet\;C:\WINDOWS\system32;C:\WINDOWS;C:\WINDOWS\System32\Wbem;C:\WINDOWS\System32\WindowsPowerShell\v1.0\;C:\WINDOWS\System32\OpenSSH\;C:\Program Files\Java\jdk-19\bin;C:\Users\99293\AppData\Local\Programs\Python\Python311\Scripts\;C:\Users\99293\AppData\Local\Programs\Python\Python311\;C:\Users\99293\AppData\Local\Microsoft\WindowsApps;;C:\Program Files\JetBrains\IntelliJ IDEA 2022.1.2\bin;;C:\Program Files\heroku\bin
USERNAME=ASUS
OS=Windows_NT
PROCESSOR_IDENTIFIER=Intel64 Family 6 Model 154 Stepping 3, GenuineIntel
TMP=C:\Users\99293\AppData\Local\Temp
TEMP=C:\Users\99293\AppData\Local\Temp



---------------  S Y S T E M  ---------------

OS:
 Windows 11 , 64 bit Build 22621 (10.0.22621.3374)
OS uptime: 0 days 3:28 hours
Hyper-V role detected

CPU: total 16 (initial active 16) (8 cores per cpu, 2 threads per core) family 6 model 154 stepping 3 microcode 0x41c, cx8, cmov, fxsr, ht, mmx, 3dnowpref, sse, sse2, sse3, ssse3, sse4.1, sse4.2, popcnt, lzcnt, tsc, tscinvbit, avx, avx2, aes, erms, clmul, bmi1, bmi2, adx, sha, fma, vzeroupper, clflush, clflushopt, clwb, hv, serialize, rdtscp, rdpid, fsrm

Memory: 4k page, system-wide physical 16005M (2411M free)
TotalPageFile size 18053M (AvailPageFile size 173M)
current process WorkingSet (physical memory assigned to process): 11M, peak: 11M
current process commit charge ("private bytes"): 71M, peak: 322M

vm_info: Java HotSpot(TM) 64-Bit Server VM (19.0.2+7-44) for windows-amd64 JRE (19.0.2+7-44), built on 2022-11-30T18:02:09Z by "mach5one" with MS VC++ 17.1 (VS2022)

END.
