#
# There is insufficient memory for the Java Runtime Environment to continue.
# Native memory allocation (malloc) failed to allocate 324912 bytes for Chunk::new
# Possible reasons:
#   The system is out of physical RAM or swap space
#   The process is running with CompressedOops enabled, and the Java Heap may be blocking the growth of the native heap
# Possible solutions:
#   Reduce memory load on the system
#   Increase physical memory or swap space
#   Check if swap backing store is full
#   Decrease Java heap size (-Xmx/-Xms)
#   Decrease number of Java threads
#   Decrease Java thread stack sizes (-Xss)
#   Set larger code cache with -XX:ReservedCodeCacheSize=
#   JVM is running with Zero Based Compressed Oops mode in which the Java heap is
#     placed in the first 32GB address space. The Java Heap base address is the
#     maximum limit for the native heap growth. Please use -XX:HeapBaseMinAddress
#     to set the Java Heap base and to place the Java Heap above 32GB virtual address.
# This output file may be truncated or incomplete.
#
#  Out of Memory Error (arena.cpp:184), pid=9368, tid=16832
#
# JRE version: Java(TM) SE Runtime Environment (19.0.2+7) (build 19.0.2+7-44)
# Java VM: Java HotSpot(TM) 64-Bit Server VM (19.0.2+7-44, mixed mode, sharing, tiered, compressed oops, compressed class ptrs, g1 gc, windows-amd64)
# No core dump will be written. Minidumps are not enabled by default on client versions of Windows
#

---------------  S U M M A R Y ------------

Command Line: -Dmaven.multiModuleProjectDirectory=D:\unitedStates duplicates original -Dmaven.home=C:\Users\99293\.m2\wrapper\dists\apache-maven-3.8.6-bin\1ks0nkde5v1pk9vtc31i9d0lcd\apache-maven-3.8.6 -Dclassworlds.conf=C:\Users\99293\.m2\wrapper\dists\apache-maven-3.8.6-bin\1ks0nkde5v1pk9vtc31i9d0lcd\apache-maven-3.8.6\bin\m2.conf -Dmaven.ext.class.path=C:\Program Files\JetBrains\IntelliJ IDEA 2022.1.2\plugins\maven\lib\maven-event-listener.jar -javaagent:C:\Program Files\JetBrains\IntelliJ IDEA 2022.1.2\lib\idea_rt.jar=62548:C:\Program Files\JetBrains\IntelliJ IDEA 2022.1.2\bin -Dfile.encoding=UTF-8 org.codehaus.classworlds.Launcher -Didea.version=2022.1.2 package

Host: 12th Gen Intel(R) Core(TM) i7-12650H, 16 cores, 15G,  Windows 11 , 64 bit Build 22621 (10.0.22621.1778)
Time: Fri Jul 21 18:03:23 2023  Windows 11 , 64 bit Build 22621 (10.0.22621.1778) elapsed time: 1.520730 seconds (0d 0h 0m 1s)

---------------  T H R E A D  ---------------

Current thread (0x000002391fa97f40):  JavaThread "C2 CompilerThread7" daemon [_thread_in_native, id=16832, stack(0x0000007b3ea00000,0x0000007b3eb00000)]


Current CompileTask:
C2:   1520 1191   !   4       sun.nio.cs.StreamDecoder::read (78 bytes)

Stack: [0x0000007b3ea00000,0x0000007b3eb00000]
Native frames: (J=compiled Java code, j=interpreted, Vv=VM code, C=native code)
V  [jvm.dll+0x6ee21a]
V  [jvm.dll+0x85765e]
V  [jvm.dll+0x85904e]
V  [jvm.dll+0x859703]
V  [jvm.dll+0x28298f]
V  [jvm.dll+0xc9adf]
V  [jvm.dll+0xc9e65]
V  [jvm.dll+0x3bca4c]
V  [jvm.dll+0x1ee29a]
V  [jvm.dll+0x24c52b]
V  [jvm.dll+0x24b781]
V  [jvm.dll+0x1d6ce1]
V  [jvm.dll+0x25b25a]
V  [jvm.dll+0x2596e8]
V  [jvm.dll+0x807588]
V  [jvm.dll+0x80125a]
V  [jvm.dll+0x6ecf0b]
C  [ucrtbase.dll+0x29363]
C  [KERNEL32.DLL+0x126ad]
C  [ntdll.dll+0x5a9f8]


---------------  P R O C E S S  ---------------

Threads class SMR info:
_java_thread_list=0x000002391f3f1920, length=23, elements={
0x0000023976ee9480, 0x000002391ab6d690, 0x000002391ab6dfd0, 0x000002391ab6eaa0,
0x000002391ab73590, 0x000002391ab73ec0, 0x000002391ab75800, 0x000002391ab76460,
0x000002391ab7a2d0, 0x000002391ab7ac40, 0x000002391edf2be0, 0x000002391edf5100,
0x000002391edfd6b0, 0x000002391eebf6c0, 0x000002391eebfc00, 0x000002391f2c53b0,
0x000002391f2d8800, 0x000002391f3f27a0, 0x000002391fa4b710, 0x000002391fa4c590,
0x000002391f99eae0, 0x000002391fc97130, 0x000002391fa97f40
}

Java Threads: ( => current thread )
  0x0000023976ee9480 JavaThread "main" [_thread_in_native, id=21084, stack(0x0000007b3cd00000,0x0000007b3ce00000)]
  0x000002391ab6d690 JavaThread "Reference Handler" daemon [_thread_blocked, id=1852, stack(0x0000007b3d400000,0x0000007b3d500000)]
  0x000002391ab6dfd0 JavaThread "Finalizer" daemon [_thread_blocked, id=20300, stack(0x0000007b3d500000,0x0000007b3d600000)]
  0x000002391ab6eaa0 JavaThread "Signal Dispatcher" daemon [_thread_blocked, id=19052, stack(0x0000007b3d600000,0x0000007b3d700000)]
  0x000002391ab73590 JavaThread "Attach Listener" daemon [_thread_blocked, id=10388, stack(0x0000007b3d700000,0x0000007b3d800000)]
  0x000002391ab73ec0 JavaThread "Service Thread" daemon [_thread_blocked, id=6316, stack(0x0000007b3d800000,0x0000007b3d900000)]
  0x000002391ab75800 JavaThread "Monitor Deflation Thread" daemon [_thread_blocked, id=9452, stack(0x0000007b3d900000,0x0000007b3da00000)]
  0x000002391ab76460 JavaThread "C2 CompilerThread0" daemon [_thread_in_native, id=23612, stack(0x0000007b3da00000,0x0000007b3db00000)]
  0x000002391ab7a2d0 JavaThread "C1 CompilerThread0" daemon [_thread_blocked, id=11380, stack(0x0000007b3db00000,0x0000007b3dc00000)]
  0x000002391ab7ac40 JavaThread "Sweeper thread" daemon [_thread_blocked, id=4256, stack(0x0000007b3dc00000,0x0000007b3dd00000)]
  0x000002391edf2be0 JavaThread "Common-Cleaner" daemon [_thread_blocked, id=1728, stack(0x0000007b3dd00000,0x0000007b3de00000)]
  0x000002391edf5100 JavaThread "C1 CompilerThread1" daemon [_thread_blocked, id=21932, stack(0x0000007b3de00000,0x0000007b3df00000)]
  0x000002391edfd6b0 JavaThread "C1 CompilerThread2" daemon [_thread_in_native, id=3900, stack(0x0000007b3df00000,0x0000007b3e000000)]
  0x000002391eebf6c0 JavaThread "Monitor Ctrl-Break" daemon [_thread_in_native, id=8600, stack(0x0000007b3e000000,0x0000007b3e100000)]
  0x000002391eebfc00 JavaThread "Notification Thread" daemon [_thread_blocked, id=24100, stack(0x0000007b3e100000,0x0000007b3e200000)]
  0x000002391f2c53b0 JavaThread "C1 CompilerThread3" daemon [_thread_blocked, id=16116, stack(0x0000007b3e300000,0x0000007b3e400000)]
  0x000002391f2d8800 JavaThread "C2 CompilerThread1" daemon [_thread_in_native, id=13016, stack(0x0000007b3e400000,0x0000007b3e500000)]
  0x000002391f3f27a0 JavaThread "C2 CompilerThread2" daemon [_thread_in_native, id=23112, stack(0x0000007b3e500000,0x0000007b3e600000)]
  0x000002391fa4b710 JavaThread "C2 CompilerThread3" daemon [_thread_in_native, id=4556, stack(0x0000007b3e600000,0x0000007b3e700000)]
  0x000002391fa4c590 JavaThread "C2 CompilerThread4" daemon [_thread_in_native, id=18584, stack(0x0000007b3e700000,0x0000007b3e800000)]
  0x000002391f99eae0 JavaThread "C2 CompilerThread5" daemon [_thread_in_native, id=23688, stack(0x0000007b3e800000,0x0000007b3e900000)]
  0x000002391fc97130 JavaThread "C2 CompilerThread6" daemon [_thread_in_native, id=14032, stack(0x0000007b3e900000,0x0000007b3ea00000)]
=>0x000002391fa97f40 JavaThread "C2 CompilerThread7" daemon [_thread_in_native, id=16832, stack(0x0000007b3ea00000,0x0000007b3eb00000)]

Other Threads:
  0x000002391ab53490 VMThread "VM Thread" [stack: 0x0000007b3d300000,0x0000007b3d400000] [id=18692]
  0x000002391eec51a0 WatcherThread "VM Periodic Task Thread" [stack: 0x0000007b3e200000,0x0000007b3e300000] [id=13044]
  0x0000023976f5cd40 WorkerThread "GC Thread#0" [stack: 0x0000007b3ce00000,0x0000007b3cf00000] [id=1136]
  0x000002391f20fd50 WorkerThread "GC Thread#1" [stack: 0x0000007b3eb00000,0x0000007b3ec00000] [id=2368]
  0x000002391f20e9a0 WorkerThread "GC Thread#2" [stack: 0x0000007b3ec00000,0x0000007b3ed00000] [id=23584]
  0x000002391f210020 WorkerThread "GC Thread#3" [stack: 0x0000007b3ed00000,0x0000007b3ee00000] [id=15832]
  0x000002391f20f210 WorkerThread "GC Thread#4" [stack: 0x0000007b3ee00000,0x0000007b3ef00000] [id=5688]
  0x000002391f20ec70 WorkerThread "GC Thread#5" [stack: 0x0000007b3ef00000,0x0000007b3f000000] [id=7616]
  0x000002391f20ef40 WorkerThread "GC Thread#6" [stack: 0x0000007b3f000000,0x0000007b3f100000] [id=22672]
  0x000002391f20f7b0 WorkerThread "GC Thread#7" [stack: 0x0000007b3f100000,0x0000007b3f200000] [id=21140]
  0x000002391f20fa80 WorkerThread "GC Thread#8" [stack: 0x0000007b3f200000,0x0000007b3f300000] [id=1292]
  0x000002391fe33de0 WorkerThread "GC Thread#9" [stack: 0x0000007b3f300000,0x0000007b3f400000] [id=17772]
  0x0000023976f705d0 ConcurrentGCThread "G1 Main Marker" [stack: 0x0000007b3cf00000,0x0000007b3d000000] [id=21628]
  0x0000023976f72210 WorkerThread "G1 Conc#0" [stack: 0x0000007b3d000000,0x0000007b3d100000] [id=16056]
  0x000002391aa0b970 ConcurrentGCThread "G1 Refine#0" [stack: 0x0000007b3d100000,0x0000007b3d200000] [id=21976]
  0x000002391aa0c3b0 ConcurrentGCThread "G1 Service" [stack: 0x0000007b3d200000,0x0000007b3d300000] [id=22704]

Threads with active compile tasks:
C2 CompilerThread0     1535 1190       4       sun.nio.cs.StreamDecoder::lockedRead (189 bytes)
C2 CompilerThread1     1535 1183       4       sun.nio.cs.StreamDecoder::lockedRead0 (95 bytes)
C2 CompilerThread2     1535 1144       4       java.io.InputStreamReader::read (11 bytes)
C2 CompilerThread3     1535 1201       4       org.codehaus.plexus.util.xml.pull.MXParser::parseEndTag (434 bytes)
C2 CompilerThread4     1535 1145       4       org.codehaus.plexus.util.xml.XmlReader::read (11 bytes)
C2 CompilerThread5     1535 1182   !   4       sun.nio.cs.StreamDecoder::read0 (59 bytes)
C2 CompilerThread6     1535 1147       4       java.io.Reader::read (21 bytes)
C2 CompilerThread7     1535 1191   !   4       sun.nio.cs.StreamDecoder::read (78 bytes)

VM state: not at safepoint (normal execution)

VM Mutex/Monitor currently owned by a thread: None

Heap address: 0x0000000705e00000, size: 4002 MB, Compressed Oops mode: Zero based, Oop shift amount: 3

CDS archive(s) mapped at: [0x0000000800000000-0x0000000800c40000-0x0000000800c40000), size 12845056, SharedBaseAddress: 0x0000000800000000, ArchiveRelocationMode: 0.
Compressed class space mapped at: 0x0000000801000000-0x0000000841000000, reserved size: 1073741824
Narrow klass base: 0x0000000800000000, Narrow klass shift: 0, Narrow klass range: 0x100000000

GC Precious Log:
 CardTable entry size: 512
 Card Set container configuration: InlinePtr #cards 4 size 8 Array Of Cards #cards 16 size 48 Howl #buckets 8 coarsen threshold 3686 Howl Bitmap #cards 512 size 80 coarsen threshold 460 Card regions per heap region 1 cards per card region 4096
 CPUs: 16 total, 16 available
 Memory: 16005M
 Large Page Support: Disabled
 NUMA Support: Disabled
 Compressed Oops: Enabled (Zero based)
 Heap Region Size: 2M
 Heap Min Capacity: 8M
 Heap Initial Capacity: 252M
 Heap Max Capacity: 4002M
 Pre-touch: Disabled
 Parallel Workers: 13
 Concurrent Workers: 3
 Concurrent Refinement Workers: 13
 Periodic GC: Disabled

Heap:
 garbage-first heap   total 258048K, used 8279K [0x0000000705e00000, 0x0000000800000000)
  region size 2048K, 5 young (10240K), 2 survivors (4096K)
 Metaspace       used 5745K, committed 5888K, reserved 1114112K
  class space    used 632K, committed 704K, reserved 1048576K

Heap Regions: E=young(eden), S=young(survivor), O=old, HS=humongous(starts), HC=humongous(continues), CS=collection set, F=free, OA=open archive, CA=closed archive, TAMS=top-at-mark-start (previous, next)
|   0|0x0000000705e00000, 0x0000000705e15c00, 0x0000000706000000|  4%| O|  |TAMS 0x0000000705e00000, 0x0000000705e00000| Untracked 
|   1|0x0000000706000000, 0x0000000706000000, 0x0000000706200000|  0%| F|  |TAMS 0x0000000706000000, 0x0000000706000000| Untracked 
|   2|0x0000000706200000, 0x0000000706200000, 0x0000000706400000|  0%| F|  |TAMS 0x0000000706200000, 0x0000000706200000| Untracked 
|   3|0x0000000706400000, 0x0000000706400000, 0x0000000706600000|  0%| F|  |TAMS 0x0000000706400000, 0x0000000706400000| Untracked 
|   4|0x0000000706600000, 0x0000000706600000, 0x0000000706800000|  0%| F|  |TAMS 0x0000000706600000, 0x0000000706600000| Untracked 
|   5|0x0000000706800000, 0x0000000706800000, 0x0000000706a00000|  0%| F|  |TAMS 0x0000000706800000, 0x0000000706800000| Untracked 
|   6|0x0000000706a00000, 0x0000000706a00000, 0x0000000706c00000|  0%| F|  |TAMS 0x0000000706a00000, 0x0000000706a00000| Untracked 
|   7|0x0000000706c00000, 0x0000000706c00000, 0x0000000706e00000|  0%| F|  |TAMS 0x0000000706c00000, 0x0000000706c00000| Untracked 
|   8|0x0000000706e00000, 0x0000000706e00000, 0x0000000707000000|  0%| F|  |TAMS 0x0000000706e00000, 0x0000000706e00000| Untracked 
|   9|0x0000000707000000, 0x0000000707000000, 0x0000000707200000|  0%| F|  |TAMS 0x0000000707000000, 0x0000000707000000| Untracked 
|  10|0x0000000707200000, 0x0000000707200000, 0x0000000707400000|  0%| F|  |TAMS 0x0000000707200000, 0x0000000707200000| Untracked 
|  11|0x0000000707400000, 0x0000000707400000, 0x0000000707600000|  0%| F|  |TAMS 0x0000000707400000, 0x0000000707400000| Untracked 
|  12|0x0000000707600000, 0x0000000707600000, 0x0000000707800000|  0%| F|  |TAMS 0x0000000707600000, 0x0000000707600000| Untracked 
|  13|0x0000000707800000, 0x0000000707800000, 0x0000000707a00000|  0%| F|  |TAMS 0x0000000707800000, 0x0000000707800000| Untracked 
|  14|0x0000000707a00000, 0x0000000707a00000, 0x0000000707c00000|  0%| F|  |TAMS 0x0000000707a00000, 0x0000000707a00000| Untracked 
|  15|0x0000000707c00000, 0x0000000707c00000, 0x0000000707e00000|  0%| F|  |TAMS 0x0000000707c00000, 0x0000000707c00000| Untracked 
|  16|0x0000000707e00000, 0x0000000707e00000, 0x0000000708000000|  0%| F|  |TAMS 0x0000000707e00000, 0x0000000707e00000| Untracked 
|  17|0x0000000708000000, 0x0000000708000000, 0x0000000708200000|  0%| F|  |TAMS 0x0000000708000000, 0x0000000708000000| Untracked 
|  18|0x0000000708200000, 0x0000000708200000, 0x0000000708400000|  0%| F|  |TAMS 0x0000000708200000, 0x0000000708200000| Untracked 
|  19|0x0000000708400000, 0x0000000708400000, 0x0000000708600000|  0%| F|  |TAMS 0x0000000708400000, 0x0000000708400000| Untracked 
|  20|0x0000000708600000, 0x0000000708600000, 0x0000000708800000|  0%| F|  |TAMS 0x0000000708600000, 0x0000000708600000| Untracked 
|  21|0x0000000708800000, 0x0000000708800000, 0x0000000708a00000|  0%| F|  |TAMS 0x0000000708800000, 0x0000000708800000| Untracked 
|  22|0x0000000708a00000, 0x0000000708a00000, 0x0000000708c00000|  0%| F|  |TAMS 0x0000000708a00000, 0x0000000708a00000| Untracked 
|  23|0x0000000708c00000, 0x0000000708c00000, 0x0000000708e00000|  0%| F|  |TAMS 0x0000000708c00000, 0x0000000708c00000| Untracked 
|  24|0x0000000708e00000, 0x0000000708e00000, 0x0000000709000000|  0%| F|  |TAMS 0x0000000708e00000, 0x0000000708e00000| Untracked 
|  25|0x0000000709000000, 0x0000000709000000, 0x0000000709200000|  0%| F|  |TAMS 0x0000000709000000, 0x0000000709000000| Untracked 
|  26|0x0000000709200000, 0x0000000709200000, 0x0000000709400000|  0%| F|  |TAMS 0x0000000709200000, 0x0000000709200000| Untracked 
|  27|0x0000000709400000, 0x0000000709400000, 0x0000000709600000|  0%| F|  |TAMS 0x0000000709400000, 0x0000000709400000| Untracked 
|  28|0x0000000709600000, 0x0000000709600000, 0x0000000709800000|  0%| F|  |TAMS 0x0000000709600000, 0x0000000709600000| Untracked 
|  29|0x0000000709800000, 0x0000000709800000, 0x0000000709a00000|  0%| F|  |TAMS 0x0000000709800000, 0x0000000709800000| Untracked 
|  30|0x0000000709a00000, 0x0000000709a00000, 0x0000000709c00000|  0%| F|  |TAMS 0x0000000709a00000, 0x0000000709a00000| Untracked 
|  31|0x0000000709c00000, 0x0000000709c00000, 0x0000000709e00000|  0%| F|  |TAMS 0x0000000709c00000, 0x0000000709c00000| Untracked 
|  32|0x0000000709e00000, 0x0000000709e00000, 0x000000070a000000|  0%| F|  |TAMS 0x0000000709e00000, 0x0000000709e00000| Untracked 
|  33|0x000000070a000000, 0x000000070a000000, 0x000000070a200000|  0%| F|  |TAMS 0x000000070a000000, 0x000000070a000000| Untracked 
|  34|0x000000070a200000, 0x000000070a200000, 0x000000070a400000|  0%| F|  |TAMS 0x000000070a200000, 0x000000070a200000| Untracked 
|  35|0x000000070a400000, 0x000000070a400000, 0x000000070a600000|  0%| F|  |TAMS 0x000000070a400000, 0x000000070a400000| Untracked 
|  36|0x000000070a600000, 0x000000070a600000, 0x000000070a800000|  0%| F|  |TAMS 0x000000070a600000, 0x000000070a600000| Untracked 
|  37|0x000000070a800000, 0x000000070a800000, 0x000000070aa00000|  0%| F|  |TAMS 0x000000070a800000, 0x000000070a800000| Untracked 
|  38|0x000000070aa00000, 0x000000070aa00000, 0x000000070ac00000|  0%| F|  |TAMS 0x000000070aa00000, 0x000000070aa00000| Untracked 
|  39|0x000000070ac00000, 0x000000070ac00000, 0x000000070ae00000|  0%| F|  |TAMS 0x000000070ac00000, 0x000000070ac00000| Untracked 
|  40|0x000000070ae00000, 0x000000070ae00000, 0x000000070b000000|  0%| F|  |TAMS 0x000000070ae00000, 0x000000070ae00000| Untracked 
|  41|0x000000070b000000, 0x000000070b000000, 0x000000070b200000|  0%| F|  |TAMS 0x000000070b000000, 0x000000070b000000| Untracked 
|  42|0x000000070b200000, 0x000000070b200000, 0x000000070b400000|  0%| F|  |TAMS 0x000000070b200000, 0x000000070b200000| Untracked 
|  43|0x000000070b400000, 0x000000070b400000, 0x000000070b600000|  0%| F|  |TAMS 0x000000070b400000, 0x000000070b400000| Untracked 
|  44|0x000000070b600000, 0x000000070b600000, 0x000000070b800000|  0%| F|  |TAMS 0x000000070b600000, 0x000000070b600000| Untracked 
|  45|0x000000070b800000, 0x000000070b800000, 0x000000070ba00000|  0%| F|  |TAMS 0x000000070b800000, 0x000000070b800000| Untracked 
|  46|0x000000070ba00000, 0x000000070ba00000, 0x000000070bc00000|  0%| F|  |TAMS 0x000000070ba00000, 0x000000070ba00000| Untracked 
|  47|0x000000070bc00000, 0x000000070bc00000, 0x000000070be00000|  0%| F|  |TAMS 0x000000070bc00000, 0x000000070bc00000| Untracked 
|  48|0x000000070be00000, 0x000000070be00000, 0x000000070c000000|  0%| F|  |TAMS 0x000000070be00000, 0x000000070be00000| Untracked 
|  49|0x000000070c000000, 0x000000070c000000, 0x000000070c200000|  0%| F|  |TAMS 0x000000070c000000, 0x000000070c000000| Untracked 
|  50|0x000000070c200000, 0x000000070c200000, 0x000000070c400000|  0%| F|  |TAMS 0x000000070c200000, 0x000000070c200000| Untracked 
|  51|0x000000070c400000, 0x000000070c400000, 0x000000070c600000|  0%| F|  |TAMS 0x000000070c400000, 0x000000070c400000| Untracked 
|  52|0x000000070c600000, 0x000000070c600000, 0x000000070c800000|  0%| F|  |TAMS 0x000000070c600000, 0x000000070c600000| Untracked 
|  53|0x000000070c800000, 0x000000070c800000, 0x000000070ca00000|  0%| F|  |TAMS 0x000000070c800000, 0x000000070c800000| Untracked 
|  54|0x000000070ca00000, 0x000000070ca00000, 0x000000070cc00000|  0%| F|  |TAMS 0x000000070ca00000, 0x000000070ca00000| Untracked 
|  55|0x000000070cc00000, 0x000000070cc00000, 0x000000070ce00000|  0%| F|  |TAMS 0x000000070cc00000, 0x000000070cc00000| Untracked 
|  56|0x000000070ce00000, 0x000000070ce00000, 0x000000070d000000|  0%| F|  |TAMS 0x000000070ce00000, 0x000000070ce00000| Untracked 
|  57|0x000000070d000000, 0x000000070d000000, 0x000000070d200000|  0%| F|  |TAMS 0x000000070d000000, 0x000000070d000000| Untracked 
|  58|0x000000070d200000, 0x000000070d200000, 0x000000070d400000|  0%| F|  |TAMS 0x000000070d200000, 0x000000070d200000| Untracked 
|  59|0x000000070d400000, 0x000000070d400000, 0x000000070d600000|  0%| F|  |TAMS 0x000000070d400000, 0x000000070d400000| Untracked 
|  60|0x000000070d600000, 0x000000070d600000, 0x000000070d800000|  0%| F|  |TAMS 0x000000070d600000, 0x000000070d600000| Untracked 
|  61|0x000000070d800000, 0x000000070d800000, 0x000000070da00000|  0%| F|  |TAMS 0x000000070d800000, 0x000000070d800000| Untracked 
|  62|0x000000070da00000, 0x000000070da00000, 0x000000070dc00000|  0%| F|  |TAMS 0x000000070da00000, 0x000000070da00000| Untracked 
|  63|0x000000070dc00000, 0x000000070dc00000, 0x000000070de00000|  0%| F|  |TAMS 0x000000070dc00000, 0x000000070dc00000| Untracked 
|  64|0x000000070de00000, 0x000000070de00000, 0x000000070e000000|  0%| F|  |TAMS 0x000000070de00000, 0x000000070de00000| Untracked 
|  65|0x000000070e000000, 0x000000070e000000, 0x000000070e200000|  0%| F|  |TAMS 0x000000070e000000, 0x000000070e000000| Untracked 
|  66|0x000000070e200000, 0x000000070e200000, 0x000000070e400000|  0%| F|  |TAMS 0x000000070e200000, 0x000000070e200000| Untracked 
|  67|0x000000070e400000, 0x000000070e400000, 0x000000070e600000|  0%| F|  |TAMS 0x000000070e400000, 0x000000070e400000| Untracked 
|  68|0x000000070e600000, 0x000000070e600000, 0x000000070e800000|  0%| F|  |TAMS 0x000000070e600000, 0x000000070e600000| Untracked 
|  69|0x000000070e800000, 0x000000070e800000, 0x000000070ea00000|  0%| F|  |TAMS 0x000000070e800000, 0x000000070e800000| Untracked 
|  70|0x000000070ea00000, 0x000000070ea00000, 0x000000070ec00000|  0%| F|  |TAMS 0x000000070ea00000, 0x000000070ea00000| Untracked 
|  71|0x000000070ec00000, 0x000000070ec00000, 0x000000070ee00000|  0%| F|  |TAMS 0x000000070ec00000, 0x000000070ec00000| Untracked 
|  72|0x000000070ee00000, 0x000000070ee00000, 0x000000070f000000|  0%| F|  |TAMS 0x000000070ee00000, 0x000000070ee00000| Untracked 
|  73|0x000000070f000000, 0x000000070f000000, 0x000000070f200000|  0%| F|  |TAMS 0x000000070f000000, 0x000000070f000000| Untracked 
|  74|0x000000070f200000, 0x000000070f200000, 0x000000070f400000|  0%| F|  |TAMS 0x000000070f200000, 0x000000070f200000| Untracked 
|  75|0x000000070f400000, 0x000000070f400000, 0x000000070f600000|  0%| F|  |TAMS 0x000000070f400000, 0x000000070f400000| Untracked 
|  76|0x000000070f600000, 0x000000070f600000, 0x000000070f800000|  0%| F|  |TAMS 0x000000070f600000, 0x000000070f600000| Untracked 
|  77|0x000000070f800000, 0x000000070f800000, 0x000000070fa00000|  0%| F|  |TAMS 0x000000070f800000, 0x000000070f800000| Untracked 
|  78|0x000000070fa00000, 0x000000070fa00000, 0x000000070fc00000|  0%| F|  |TAMS 0x000000070fa00000, 0x000000070fa00000| Untracked 
|  79|0x000000070fc00000, 0x000000070fc00000, 0x000000070fe00000|  0%| F|  |TAMS 0x000000070fc00000, 0x000000070fc00000| Untracked 
|  80|0x000000070fe00000, 0x000000070fe00000, 0x0000000710000000|  0%| F|  |TAMS 0x000000070fe00000, 0x000000070fe00000| Untracked 
|  81|0x0000000710000000, 0x0000000710000000, 0x0000000710200000|  0%| F|  |TAMS 0x0000000710000000, 0x0000000710000000| Untracked 
|  82|0x0000000710200000, 0x0000000710200000, 0x0000000710400000|  0%| F|  |TAMS 0x0000000710200000, 0x0000000710200000| Untracked 
|  83|0x0000000710400000, 0x0000000710400000, 0x0000000710600000|  0%| F|  |TAMS 0x0000000710400000, 0x0000000710400000| Untracked 
|  84|0x0000000710600000, 0x0000000710600000, 0x0000000710800000|  0%| F|  |TAMS 0x0000000710600000, 0x0000000710600000| Untracked 
|  85|0x0000000710800000, 0x0000000710800000, 0x0000000710a00000|  0%| F|  |TAMS 0x0000000710800000, 0x0000000710800000| Untracked 
|  86|0x0000000710a00000, 0x0000000710a00000, 0x0000000710c00000|  0%| F|  |TAMS 0x0000000710a00000, 0x0000000710a00000| Untracked 
|  87|0x0000000710c00000, 0x0000000710c00000, 0x0000000710e00000|  0%| F|  |TAMS 0x0000000710c00000, 0x0000000710c00000| Untracked 
|  88|0x0000000710e00000, 0x0000000710e00000, 0x0000000711000000|  0%| F|  |TAMS 0x0000000710e00000, 0x0000000710e00000| Untracked 
|  89|0x0000000711000000, 0x0000000711000000, 0x0000000711200000|  0%| F|  |TAMS 0x0000000711000000, 0x0000000711000000| Untracked 
|  90|0x0000000711200000, 0x0000000711200000, 0x0000000711400000|  0%| F|  |TAMS 0x0000000711200000, 0x0000000711200000| Untracked 
|  91|0x0000000711400000, 0x0000000711400000, 0x0000000711600000|  0%| F|  |TAMS 0x0000000711400000, 0x0000000711400000| Untracked 
|  92|0x0000000711600000, 0x0000000711600000, 0x0000000711800000|  0%| F|  |TAMS 0x0000000711600000, 0x0000000711600000| Untracked 
|  93|0x0000000711800000, 0x0000000711800000, 0x0000000711a00000|  0%| F|  |TAMS 0x0000000711800000, 0x0000000711800000| Untracked 
|  94|0x0000000711a00000, 0x0000000711a00000, 0x0000000711c00000|  0%| F|  |TAMS 0x0000000711a00000, 0x0000000711a00000| Untracked 
|  95|0x0000000711c00000, 0x0000000711c00000, 0x0000000711e00000|  0%| F|  |TAMS 0x0000000711c00000, 0x0000000711c00000| Untracked 
|  96|0x0000000711e00000, 0x0000000711e00000, 0x0000000712000000|  0%| F|  |TAMS 0x0000000711e00000, 0x0000000711e00000| Untracked 
|  97|0x0000000712000000, 0x0000000712000000, 0x0000000712200000|  0%| F|  |TAMS 0x0000000712000000, 0x0000000712000000| Untracked 
|  98|0x0000000712200000, 0x0000000712200000, 0x0000000712400000|  0%| F|  |TAMS 0x0000000712200000, 0x0000000712200000| Untracked 
|  99|0x0000000712400000, 0x0000000712400000, 0x0000000712600000|  0%| F|  |TAMS 0x0000000712400000, 0x0000000712400000| Untracked 
| 100|0x0000000712600000, 0x0000000712600000, 0x0000000712800000|  0%| F|  |TAMS 0x0000000712600000, 0x0000000712600000| Untracked 
| 101|0x0000000712800000, 0x0000000712800000, 0x0000000712a00000|  0%| F|  |TAMS 0x0000000712800000, 0x0000000712800000| Untracked 
| 102|0x0000000712a00000, 0x0000000712a00000, 0x0000000712c00000|  0%| F|  |TAMS 0x0000000712a00000, 0x0000000712a00000| Untracked 
| 103|0x0000000712c00000, 0x0000000712c00000, 0x0000000712e00000|  0%| F|  |TAMS 0x0000000712c00000, 0x0000000712c00000| Untracked 
| 104|0x0000000712e00000, 0x0000000712e00000, 0x0000000713000000|  0%| F|  |TAMS 0x0000000712e00000, 0x0000000712e00000| Untracked 
| 105|0x0000000713000000, 0x0000000713000000, 0x0000000713200000|  0%| F|  |TAMS 0x0000000713000000, 0x0000000713000000| Untracked 
| 106|0x0000000713200000, 0x0000000713200000, 0x0000000713400000|  0%| F|  |TAMS 0x0000000713200000, 0x0000000713200000| Untracked 
| 107|0x0000000713400000, 0x0000000713400000, 0x0000000713600000|  0%| F|  |TAMS 0x0000000713400000, 0x0000000713400000| Untracked 
| 108|0x0000000713600000, 0x0000000713600000, 0x0000000713800000|  0%| F|  |TAMS 0x0000000713600000, 0x0000000713600000| Untracked 
| 109|0x0000000713800000, 0x0000000713800000, 0x0000000713a00000|  0%| F|  |TAMS 0x0000000713800000, 0x0000000713800000| Untracked 
| 110|0x0000000713a00000, 0x0000000713a00000, 0x0000000713c00000|  0%| F|  |TAMS 0x0000000713a00000, 0x0000000713a00000| Untracked 
| 111|0x0000000713c00000, 0x0000000713c00000, 0x0000000713e00000|  0%| F|  |TAMS 0x0000000713c00000, 0x0000000713c00000| Untracked 
| 112|0x0000000713e00000, 0x0000000713e00000, 0x0000000714000000|  0%| F|  |TAMS 0x0000000713e00000, 0x0000000713e00000| Untracked 
| 113|0x0000000714000000, 0x0000000714200000, 0x0000000714200000|100%| S|CS|TAMS 0x0000000714000000, 0x0000000714000000| Complete 
| 114|0x0000000714200000, 0x0000000714400000, 0x0000000714400000|100%| S|CS|TAMS 0x0000000714200000, 0x0000000714200000| Complete 
| 115|0x0000000714400000, 0x0000000714400000, 0x0000000714600000|  0%| F|  |TAMS 0x0000000714400000, 0x0000000714400000| Untracked 
| 116|0x0000000714600000, 0x0000000714600000, 0x0000000714800000|  0%| F|  |TAMS 0x0000000714600000, 0x0000000714600000| Untracked 
| 117|0x0000000714800000, 0x0000000714800000, 0x0000000714a00000|  0%| F|  |TAMS 0x0000000714800000, 0x0000000714800000| Untracked 
| 118|0x0000000714a00000, 0x0000000714a00000, 0x0000000714c00000|  0%| F|  |TAMS 0x0000000714a00000, 0x0000000714a00000| Untracked 
| 119|0x0000000714c00000, 0x0000000714c00000, 0x0000000714e00000|  0%| F|  |TAMS 0x0000000714c00000, 0x0000000714c00000| Untracked 
| 120|0x0000000714e00000, 0x0000000714e00000, 0x0000000715000000|  0%| F|  |TAMS 0x0000000714e00000, 0x0000000714e00000| Untracked 
| 121|0x0000000715000000, 0x0000000715000000, 0x0000000715200000|  0%| F|  |TAMS 0x0000000715000000, 0x0000000715000000| Untracked 
| 122|0x0000000715200000, 0x0000000715200000, 0x0000000715400000|  0%| F|  |TAMS 0x0000000715200000, 0x0000000715200000| Untracked 
| 123|0x0000000715400000, 0x00000007155f4db8, 0x0000000715600000| 97%| E|  |TAMS 0x0000000715400000, 0x0000000715400000| Complete 
| 124|0x0000000715600000, 0x0000000715800000, 0x0000000715800000|100%| E|CS|TAMS 0x0000000715600000, 0x0000000715600000| Complete 
| 125|0x0000000715800000, 0x0000000715a00000, 0x0000000715a00000|100%| E|CS|TAMS 0x0000000715800000, 0x0000000715800000| Complete 

Card table byte_map: [0x000002390f000000,0x000002390f7e0000] _byte_map_base: 0x000002390b7d1000

Marking Bits (Prev, Next): (CMBitMap*) 0x0000023976f5d270, (CMBitMap*) 0x0000023976f5d2b0
 Prev Bits: [0x000002390ffc0000, 0x0000023913e48000)
 Next Bits: [0x0000023913e50000, 0x0000023917cd8000)

Polling page: 0x0000023974e60000

Metaspace:

Usage:
  Non-class:      5.00 MB used.
      Class:    632.48 KB used.
       Both:      5.62 MB used.

Virtual space:
  Non-class space:       64.00 MB reserved,       5.06 MB (  8%) committed,  1 nodes.
      Class space:        1.00 GB reserved,     704.00 KB ( <1%) committed,  1 nodes.
             Both:        1.06 GB reserved,       5.75 MB ( <1%) committed. 

Chunk freelists:
   Non-Class:  1.28 MB
       Class:  3.31 MB
        Both:  4.59 MB

MaxMetaspaceSize: unlimited
CompressedClassSpaceSize: 1.00 GB
Initial GC threshold: 21.00 MB
Current GC threshold: 21.00 MB
CDS: on
MetaspaceReclaimPolicy: balanced
 - commit_granule_bytes: 65536.
 - commit_granule_words: 8192.
 - virtual_space_node_default_size: 8388608.
 - enlarge_chunks_in_place: 1.
 - new_chunks_are_fully_committed: 0.
 - uncommit_free_chunks: 1.
 - use_allocation_guard: 0.


Internal statistics:

num_allocs_failed_limit: 0.
num_arena_births: 48.
num_arena_deaths: 0.
num_vsnodes_births: 2.
num_vsnodes_deaths: 0.
num_space_committed: 92.
num_space_uncommitted: 0.
num_chunks_returned_to_freelist: 0.
num_chunks_taken_from_freelist: 190.
num_chunk_merges: 0.
num_chunk_splits: 130.
num_chunks_enlarged: 108.
num_inconsistent_stats: 0.

CodeHeap 'non-profiled nmethods': size=119168Kb used=387Kb max_used=387Kb free=118780Kb
 bounds [0x0000023907ba0000, 0x0000023907e10000, 0x000002390f000000]
CodeHeap 'profiled nmethods': size=119104Kb used=2331Kb max_used=2331Kb free=116772Kb
 bounds [0x0000023900000000, 0x0000023900270000, 0x0000023907450000]
CodeHeap 'non-nmethods': size=7488Kb used=2942Kb max_used=3006Kb free=4546Kb
 bounds [0x0000023907450000, 0x0000023907750000, 0x0000023907ba0000]
 total_blobs=1654 nmethods=1186 adapters=376
 compilation: enabled
              stopped_count=0, restarted_count=0
 full_count=0

Compilation events (20 events):
Event: 1.486 Thread 0x000002391f99eae0 nmethod 1167 0x0000023907bfaf90 code [0x0000023907bfb120, 0x0000023907bfb418]
Event: 1.486 Thread 0x000002391f99eae0 1176       4       sun.nio.cs.UTF_8$Decoder::decodeArrayLoop (688 bytes)
Event: 1.486 Thread 0x000002391edf5100 1194 %     3       org.codehaus.plexus.util.InterpolationFilterReader::read @ 3 (48 bytes)
Event: 1.487 Thread 0x000002391edf5100 nmethod 1194% 0x0000023900239090 code [0x0000023900239260, 0x0000023900239648]
Event: 1.488 Thread 0x000002391edf5100 1195       3       org.codehaus.plexus.util.xml.pull.MXParser::require (443 bytes)
Event: 1.489 Thread 0x000002391edfd6b0 1196       3       java.util.Collections::emptyMap (4 bytes)
Event: 1.489 Thread 0x000002391edfd6b0 nmethod 1196 0x0000023900239810 code [0x00000239002399a0, 0x0000023900239a98]
Event: 1.492 Thread 0x000002391edfd6b0 1197       3       org.codehaus.plexus.util.InterpolationFilterReader::read (48 bytes)
Event: 1.492 Thread 0x000002391edfd6b0 nmethod 1197 0x000002390023ee90 code [0x000002390023f060, 0x000002390023f388]
Event: 1.493 Thread 0x000002391edf5100 nmethod 1195 0x0000023900239b10 code [0x000002390023a320, 0x000002390023da68]
Event: 1.497 Thread 0x000002391f99eae0 nmethod 1176 0x0000023907bfb510 code [0x0000023907bfb6c0, 0x0000023907bfbe68]
Event: 1.498 Thread 0x000002391edfd6b0 1198       3       org.eclipse.sisu.space.URLClassSpace::deferLoadClass (10 bytes)
Event: 1.498 Thread 0x000002391edf5100 1199       3       org.eclipse.sisu.space.NamedClass::<init> (15 bytes)
Event: 1.498 Thread 0x000002391f2c53b0 1200       3       org.eclipse.sisu.space.AbstractDeferredClass::<init> (5 bytes)
Event: 1.498 Thread 0x000002391f99eae0 1182   !   4       sun.nio.cs.StreamDecoder::read0 (59 bytes)
Event: 1.499 Thread 0x000002391f2c53b0 nmethod 1200 0x000002390023f510 code [0x000002390023f6c0, 0x000002390023f818]
Event: 1.499 Thread 0x000002391edf5100 nmethod 1199 0x000002390023f910 code [0x000002390023fac0, 0x000002390023fd58]
Event: 1.499 Thread 0x000002391edfd6b0 nmethod 1198 0x000002390023fe10 code [0x000002390023ffc0, 0x0000023900240318]
Event: 1.502 Thread 0x000002391f2d8800 nmethod 1193 0x0000023907bfc610 code [0x0000023907bfc860, 0x0000023907bfd3c8]
Event: 1.504 Thread 0x000002391f2d8800 1183       4       sun.nio.cs.StreamDecoder::lockedRead0 (95 bytes)

GC Heap History (2 events):
Event: 1.460 GC heap before
{Heap before GC invocations=0 (full 0):
 garbage-first heap   total 258048K, used 22528K [0x0000000705e00000, 0x0000000800000000)
  region size 2048K, 11 young (22528K), 0 survivors (0K)
 Metaspace       used 5546K, committed 5760K, reserved 1114112K
  class space    used 598K, committed 704K, reserved 1048576K
}
Event: 1.462 GC heap after
{Heap after GC invocations=1 (full 0):
 garbage-first heap   total 258048K, used 4183K [0x0000000705e00000, 0x0000000800000000)
  region size 2048K, 2 young (4096K), 2 survivors (4096K)
 Metaspace       used 5546K, committed 5760K, reserved 1114112K
  class space    used 598K, committed 704K, reserved 1048576K
}

Dll operation events (12 events):
Event: 0.009 Loaded shared library C:\Program Files\Java\jdk-19\bin\java.dll
Event: 0.015 Loaded shared library C:\Program Files\Java\jdk-19\bin\jsvml.dll
Event: 0.048 Loaded shared library C:\Program Files\Java\jdk-19\bin\zip.dll
Event: 0.055 Loaded shared library C:\Program Files\Java\jdk-19\bin\instrument.dll
Event: 0.059 Loaded shared library C:\Program Files\Java\jdk-19\bin\net.dll
Event: 0.060 Loaded shared library C:\Program Files\Java\jdk-19\bin\nio.dll
Event: 0.070 Loaded shared library C:\Program Files\Java\jdk-19\bin\zip.dll
Event: 0.087 Loaded shared library C:\Program Files\JetBrains\IntelliJ IDEA 2022.1.2\bin\breakgen64.dll
Event: 0.101 Loaded shared library C:\Program Files\Java\jdk-19\bin\extnet.dll
Event: 0.661 Loaded shared library C:\Program Files\Java\jdk-19\bin\jimage.dll
Event: 0.698 Loaded shared library C:\Users\99293\AppData\Local\Temp\jansi-2.4.0-be96dd105abe93fe-jansi.dll
Event: 0.709 Loaded shared library C:\Program Files\Java\jdk-19\bin\verify.dll

Deoptimization events (20 events):
Event: 1.406 Thread 0x0000023976ee9480 DEOPT PACKING pc=0x0000023907bf4134 sp=0x0000007b3cdfd7c0
Event: 1.406 Thread 0x0000023976ee9480 DEOPT UNPACKING pc=0x00000239074b6da3 sp=0x0000007b3cdfd748 mode 2
Event: 1.412 Thread 0x0000023976ee9480 Uncommon trap: trap_request=0xffffff45 fr.pc=0x0000023907bcf388 relative=0x0000000000000988
Event: 1.412 Thread 0x0000023976ee9480 Uncommon trap: reason=unstable_if action=reinterpret pc=0x0000023907bcf388 method=java.util.HashMap.putVal(ILjava/lang/Object;Ljava/lang/Object;ZZ)Ljava/lang/Object; @ 181 c2
Event: 1.412 Thread 0x0000023976ee9480 DEOPT PACKING pc=0x0000023907bcf388 sp=0x0000007b3cdfe550
Event: 1.412 Thread 0x0000023976ee9480 DEOPT UNPACKING pc=0x00000239074b6da3 sp=0x0000007b3cdfe4f0 mode 2
Event: 1.413 Thread 0x0000023976ee9480 DEOPT PACKING pc=0x000002390007215e sp=0x0000007b3cdfe340
Event: 1.413 Thread 0x0000023976ee9480 DEOPT UNPACKING pc=0x00000239074b7543 sp=0x0000007b3cdfd818 mode 0
Event: 1.413 Thread 0x0000023976ee9480 Uncommon trap: trap_request=0xffffffde fr.pc=0x0000023907be8370 relative=0x0000000000000670
Event: 1.413 Thread 0x0000023976ee9480 Uncommon trap: reason=class_check action=maybe_recompile pc=0x0000023907be8370 method=java.util.regex.Matcher.search(I)Z @ 121 c2
Event: 1.413 Thread 0x0000023976ee9480 DEOPT PACKING pc=0x0000023907be8370 sp=0x0000007b3cdfe430
Event: 1.413 Thread 0x0000023976ee9480 DEOPT UNPACKING pc=0x00000239074b6da3 sp=0x0000007b3cdfe400 mode 2
Event: 1.413 Thread 0x0000023976ee9480 Uncommon trap: trap_request=0xffffff45 fr.pc=0x0000023907bcdad0 relative=0x00000000000000b0
Event: 1.413 Thread 0x0000023976ee9480 Uncommon trap: reason=unstable_if action=reinterpret pc=0x0000023907bcdad0 method=org.codehaus.plexus.util.xml.pull.MXParser.more()C @ 8 c2
Event: 1.413 Thread 0x0000023976ee9480 DEOPT PACKING pc=0x0000023907bcdad0 sp=0x0000007b3cdfe670
Event: 1.413 Thread 0x0000023976ee9480 DEOPT UNPACKING pc=0x00000239074b6da3 sp=0x0000007b3cdfe600 mode 2
Event: 1.459 Thread 0x0000023976ee9480 Uncommon trap: trap_request=0xffffffde fr.pc=0x0000023907be8370 relative=0x0000000000000670
Event: 1.459 Thread 0x0000023976ee9480 Uncommon trap: reason=class_check action=maybe_recompile pc=0x0000023907be8370 method=java.util.regex.Matcher.search(I)Z @ 121 c2
Event: 1.459 Thread 0x0000023976ee9480 DEOPT PACKING pc=0x0000023907be8370 sp=0x0000007b3cdfe430
Event: 1.459 Thread 0x0000023976ee9480 DEOPT UNPACKING pc=0x00000239074b6da3 sp=0x0000007b3cdfe400 mode 2

Classes loaded (20 events):
Event: 1.392 Loading class java/lang/reflect/TypeVariable
Event: 1.392 Loading class java/lang/reflect/TypeVariable done
Event: 1.392 Loading class sun/reflect/generics/tree/FormalTypeParameter
Event: 1.392 Loading class sun/reflect/generics/tree/FormalTypeParameter done
Event: 1.392 Loading class sun/reflect/generics/tree/ClassSignature
Event: 1.392 Loading class sun/reflect/generics/tree/Signature
Event: 1.392 Loading class sun/reflect/generics/tree/Signature done
Event: 1.392 Loading class sun/reflect/generics/tree/ClassSignature done
Event: 1.392 Loading class java/lang/reflect/WildcardType
Event: 1.392 Loading class java/lang/reflect/WildcardType done
Event: 1.395 Loading class sun/reflect/generics/tree/TypeVariableSignature
Event: 1.395 Loading class sun/reflect/generics/tree/TypeVariableSignature done
Event: 1.408 Loading class java/lang/annotation/IncompleteAnnotationException
Event: 1.408 Loading class java/lang/annotation/IncompleteAnnotationException done
Event: 1.448 Loading class java/lang/foreign/MemorySegment
Event: 1.448 Loading class java/lang/foreign/Addressable
Event: 1.448 Loading class java/lang/foreign/Addressable done
Event: 1.448 Loading class java/lang/foreign/MemorySegment done
Event: 1.463 Loading class java/util/concurrent/locks/AbstractQueuedSynchronizer$ExclusiveNode
Event: 1.463 Loading class java/util/concurrent/locks/AbstractQueuedSynchronizer$ExclusiveNode done

Classes unloaded (0 events):
No events

Classes redefined (0 events):
No events

Internal exceptions (15 events):
Event: 0.077 Thread 0x0000023976ee9480 Exception <a 'java/lang/NoSuchMethodError'{0x00000007156ca880}: 'void java.lang.invoke.DirectMethodHandle$Holder.invokeStatic(java.lang.Object, java.lang.Object, java.lang.Object)'> (0x00000007156ca880) 
thrown [s\open\src\hotspot\share\interpreter\linkResolver.cpp, line 774]
Event: 0.081 Thread 0x0000023976ee9480 Exception <a 'java/lang/NoSuchMethodError'{0x0000000715753b20}: 'java.lang.Object java.lang.invoke.Invokers$Holder.invokeExact_MT(java.lang.Object, java.lang.Object, java.lang.Object, java.lang.Object, java.lang.Object)'> (0x0000000715753b20) 
thrown [s\open\src\hotspot\share\interpreter\linkResolver.cpp, line 774]
Event: 0.101 Thread 0x000002391eebf6c0 Exception <a 'java/lang/NoSuchMethodError'{0x00000007154077f8}: 'void java.lang.invoke.DirectMethodHandle$Holder.invokeStatic(java.lang.Object, java.lang.Object)'> (0x00000007154077f8) 
thrown [s\open\src\hotspot\share\interpreter\linkResolver.cpp, line 774]
Event: 0.659 Thread 0x0000023976ee9480 Exception <a 'java/lang/NullPointerException'{0x0000000715254078}> (0x0000000715254078) 
thrown [s\open\src\hotspot\share\interpreter\linkResolver.cpp, line 1374]
Event: 0.699 Thread 0x0000023976ee9480 Exception <a 'java/lang/NullPointerException'{0x00000007152d2500}> (0x00000007152d2500) 
thrown [s\open\src\hotspot\share\interpreter\linkResolver.cpp, line 1374]
Event: 0.699 Thread 0x0000023976ee9480 Exception <a 'java/lang/NullPointerException'{0x00000007152d27e0}> (0x00000007152d27e0) 
thrown [s\open\src\hotspot\share\interpreter\linkResolver.cpp, line 1374]
Event: 0.699 Thread 0x0000023976ee9480 Exception <a 'java/lang/NullPointerException'{0x00000007152d2ac0}> (0x00000007152d2ac0) 
thrown [s\open\src\hotspot\share\interpreter\linkResolver.cpp, line 1374]
Event: 0.701 Thread 0x0000023976ee9480 Exception <a 'java/lang/NullPointerException'{0x00000007152d7da0}> (0x00000007152d7da0) 
thrown [s\open\src\hotspot\share\interpreter\linkResolver.cpp, line 1374]
Event: 0.702 Thread 0x0000023976ee9480 Exception <a 'java/lang/NullPointerException'{0x00000007152ebd90}> (0x00000007152ebd90) 
thrown [s\open\src\hotspot\share\interpreter\linkResolver.cpp, line 1374]
Event: 0.702 Thread 0x0000023976ee9480 Exception <a 'java/lang/NullPointerException'{0x00000007152ec070}> (0x00000007152ec070) 
thrown [s\open\src\hotspot\share\interpreter\linkResolver.cpp, line 1374]
Event: 0.702 Thread 0x0000023976ee9480 Exception <a 'java/lang/NullPointerException'{0x00000007152ec350}> (0x00000007152ec350) 
thrown [s\open\src\hotspot\share\interpreter\linkResolver.cpp, line 1374]
Event: 0.702 Thread 0x0000023976ee9480 Exception <a 'java/lang/NullPointerException'{0x00000007152ec630}> (0x00000007152ec630) 
thrown [s\open\src\hotspot\share\interpreter\linkResolver.cpp, line 1374]
Event: 1.083 Thread 0x000002391ab73590 Exception <a 'java/lang/NoSuchMethodError'{0x0000000714a88750}: 'java.lang.Object java.lang.invoke.Invokers$Holder.invokeExact_MT(java.lang.Object, java.lang.Object, java.lang.Object, java.lang.Object, java.lang.Object, java.lang.Object)'> (0x0000000714a88750) 
thrown [s\open\src\hotspot\share\interpreter\linkResolver.cpp, line 774]
Event: 1.313 Thread 0x0000023976ee9480 Exception <a 'java/lang/NoSuchMethodError'{0x00000007146233b8}: 'java.lang.Object java.lang.invoke.DirectMethodHandle$Holder.newInvokeSpecial(java.lang.Object, java.lang.Object, java.lang.Object, java.lang.Object, java.lang.Object)'> (0x00000007146233b8) 
thrown [s\open\src\hotspot\share\interpreter\linkResolver.cpp, line 774]
Event: 1.409 Thread 0x0000023976ee9480 Exception <a 'java/lang/NoClassDefFoundError'{0x000000071477a9a0}: javax/enterprise/inject/Typed> (0x000000071477a9a0) 
thrown [s\open\src\hotspot\share\classfile\systemDictionary.cpp, line 244]

VM Operations (12 events):
Event: 0.090 Executing VM operation: HandshakeAllThreads
Event: 0.090 Executing VM operation: HandshakeAllThreads done
Event: 0.658 Executing VM operation: HandshakeAllThreads
Event: 0.658 Executing VM operation: HandshakeAllThreads done
Event: 0.664 Executing VM operation: HandshakeAllThreads
Event: 0.664 Executing VM operation: HandshakeAllThreads done
Event: 1.402 Executing VM operation: ICBufferFull
Event: 1.403 Executing VM operation: ICBufferFull done
Event: 1.459 Executing VM operation: G1CollectForAllocation
Event: 1.463 Executing VM operation: G1CollectForAllocation done
Event: 1.463 Executing VM operation: HandshakeAllThreads
Event: 1.463 Executing VM operation: HandshakeAllThreads done

Events (20 events):
Event: 0.022 Thread 0x000002391ab6eaa0 Thread added: 0x000002391ab6eaa0
Event: 0.022 Thread 0x000002391ab73590 Thread added: 0x000002391ab73590
Event: 0.022 Thread 0x000002391ab73ec0 Thread added: 0x000002391ab73ec0
Event: 0.022 Thread 0x000002391ab75800 Thread added: 0x000002391ab75800
Event: 0.022 Thread 0x000002391ab76460 Thread added: 0x000002391ab76460
Event: 0.022 Thread 0x000002391ab7a2d0 Thread added: 0x000002391ab7a2d0
Event: 0.022 Thread 0x000002391ab7ac40 Thread added: 0x000002391ab7ac40
Event: 0.035 Thread 0x000002391edf2be0 Thread added: 0x000002391edf2be0
Event: 0.039 Thread 0x000002391edf5100 Thread added: 0x000002391edf5100
Event: 0.039 Thread 0x000002391edfd6b0 Thread added: 0x000002391edfd6b0
Event: 0.088 Thread 0x000002391eebf6c0 Thread added: 0x000002391eebf6c0
Event: 0.088 Thread 0x000002391eebfc00 Thread added: 0x000002391eebfc00
Event: 0.897 Thread 0x000002391f2c53b0 Thread added: 0x000002391f2c53b0
Event: 0.899 Thread 0x000002391f2d8800 Thread added: 0x000002391f2d8800
Event: 1.447 Thread 0x000002391f3f27a0 Thread added: 0x000002391f3f27a0
Event: 1.447 Thread 0x000002391fa4b710 Thread added: 0x000002391fa4b710
Event: 1.449 Thread 0x000002391fa4c590 Thread added: 0x000002391fa4c590
Event: 1.456 Thread 0x000002391f99eae0 Thread added: 0x000002391f99eae0
Event: 1.456 Thread 0x000002391fc97130 Thread added: 0x000002391fc97130
Event: 1.456 Thread 0x000002391fa97f40 Thread added: 0x000002391fa97f40


Dynamic libraries:
0x00007ff6e1710000 - 0x00007ff6e1720000 	C:\Program Files\Java\jdk-19\bin\java.exe
0x00007ff8d2790000 - 0x00007ff8d29a4000 	C:\WINDOWS\SYSTEM32\ntdll.dll
0x00007ff8d1620000 - 0x00007ff8d16e2000 	C:\WINDOWS\System32\KERNEL32.DLL
0x00007ff8cff30000 - 0x00007ff8d02d3000 	C:\WINDOWS\System32\KERNELBASE.dll
0x00007ff8cfc00000 - 0x00007ff8cfd11000 	C:\WINDOWS\System32\ucrtbase.dll
0x00007ff8bc4c0000 - 0x00007ff8bc4d8000 	C:\Program Files\Java\jdk-19\bin\jli.dll
0x00007ff8d0a40000 - 0x00007ff8d0aee000 	C:\WINDOWS\System32\ADVAPI32.dll
0x00007ff8bc240000 - 0x00007ff8bc25b000 	C:\Program Files\Java\jdk-19\bin\VCRUNTIME140.dll
0x00007ff8d1a00000 - 0x00007ff8d1aa7000 	C:\WINDOWS\System32\msvcrt.dll
0x00007ff8d05c0000 - 0x00007ff8d0664000 	C:\WINDOWS\System32\sechost.dll
0x00007ff8d1500000 - 0x00007ff8d1617000 	C:\WINDOWS\System32\RPCRT4.dll
0x00007ff8d0850000 - 0x00007ff8d09fb000 	C:\WINDOWS\System32\USER32.dll
0x00007ff8cff00000 - 0x00007ff8cff26000 	C:\WINDOWS\System32\win32u.dll
0x00007ff8b9550000 - 0x00007ff8b97de000 	C:\WINDOWS\WinSxS\amd64_microsoft.windows.common-controls_6595b64144ccf1df_6.0.22621.1635_none_270f70857386168e\COMCTL32.dll
0x00007ff8d0c20000 - 0x00007ff8d0c49000 	C:\WINDOWS\System32\GDI32.dll
0x00007ff8d0420000 - 0x00007ff8d0539000 	C:\WINDOWS\System32\gdi32full.dll
0x00007ff8cfb60000 - 0x00007ff8cfbfa000 	C:\WINDOWS\System32\msvcp_win.dll
0x00007ff8c8cc0000 - 0x00007ff8c8cca000 	C:\WINDOWS\SYSTEM32\VERSION.dll
0x00007ff8d0a00000 - 0x00007ff8d0a31000 	C:\WINDOWS\System32\IMM32.DLL
0x00007ff8bfea0000 - 0x00007ff8bfeac000 	C:\Program Files\Java\jdk-19\bin\vcruntime140_1.dll
0x00007ff8ac810000 - 0x00007ff8ac89e000 	C:\Program Files\Java\jdk-19\bin\msvcp140.dll
0x00007ff857790000 - 0x00007ff858450000 	C:\Program Files\Java\jdk-19\bin\server\jvm.dll
0x00007ff8c5c70000 - 0x00007ff8c5ca4000 	C:\WINDOWS\SYSTEM32\WINMM.dll
0x00007ff8ae7b0000 - 0x00007ff8ae7b9000 	C:\WINDOWS\SYSTEM32\WSOCK32.dll
0x00007ff8d1980000 - 0x00007ff8d19f1000 	C:\WINDOWS\System32\WS2_32.dll
0x00007ff8ceca0000 - 0x00007ff8cecb8000 	C:\WINDOWS\SYSTEM32\kernel.appcore.dll
0x00007ff8bd310000 - 0x00007ff8bd31a000 	C:\Program Files\Java\jdk-19\bin\jimage.dll
0x00007ff8ccf00000 - 0x00007ff8cd12e000 	C:\WINDOWS\SYSTEM32\DBGHELP.DLL
0x00007ff8d1c30000 - 0x00007ff8d1fb9000 	C:\WINDOWS\System32\combase.dll
0x00007ff8d1af0000 - 0x00007ff8d1bc7000 	C:\WINDOWS\System32\OLEAUT32.dll
0x00007ff8ca710000 - 0x00007ff8ca742000 	C:\WINDOWS\SYSTEM32\dbgcore.DLL
0x00007ff8d02e0000 - 0x00007ff8d035b000 	C:\WINDOWS\System32\bcryptPrimitives.dll
0x00007ff8b09b0000 - 0x00007ff8b09be000 	C:\Program Files\Java\jdk-19\bin\instrument.dll
0x00007ff8b76b0000 - 0x00007ff8b76d6000 	C:\Program Files\Java\jdk-19\bin\java.dll
0x00007ff8aaf60000 - 0x00007ff8ab037000 	C:\Program Files\Java\jdk-19\bin\jsvml.dll
0x00007ff8d0d00000 - 0x00007ff8d14fa000 	C:\WINDOWS\System32\SHELL32.dll
0x00007ff8cdb30000 - 0x00007ff8ce3fe000 	C:\WINDOWS\SYSTEM32\windows.storage.dll
0x00007ff8cd9f0000 - 0x00007ff8cdb2e000 	C:\WINDOWS\SYSTEM32\wintypes.dll
0x00007ff8d1760000 - 0x00007ff8d1851000 	C:\WINDOWS\System32\SHCORE.dll
0x00007ff8d1bd0000 - 0x00007ff8d1c2e000 	C:\WINDOWS\System32\shlwapi.dll
0x00007ff8cfa90000 - 0x00007ff8cfab1000 	C:\WINDOWS\SYSTEM32\profapi.dll
0x00007ff8b0dd0000 - 0x00007ff8b0de8000 	C:\Program Files\Java\jdk-19\bin\zip.dll
0x00007ff8b38e0000 - 0x00007ff8b38f3000 	C:\Program Files\Java\jdk-19\bin\net.dll
0x00007ff8c7450000 - 0x00007ff8c7587000 	C:\WINDOWS\SYSTEM32\WINHTTP.dll
0x00007ff8cf110000 - 0x00007ff8cf179000 	C:\WINDOWS\system32\mswsock.dll
0x00007ff8b3600000 - 0x00007ff8b3616000 	C:\Program Files\Java\jdk-19\bin\nio.dll
0x00007ff8b0990000 - 0x00007ff8b09aa000 	C:\Program Files\JetBrains\IntelliJ IDEA 2022.1.2\bin\breakgen64.dll
0x00007ff8b0db0000 - 0x00007ff8b0db8000 	C:\Program Files\Java\jdk-19\bin\extnet.dll
0x0000000069ac0000 - 0x0000000069ae4000 	C:\Users\99293\AppData\Local\Temp\jansi-2.4.0-be96dd105abe93fe-jansi.dll
0x00007ff8bc750000 - 0x00007ff8bc760000 	C:\Program Files\Java\jdk-19\bin\verify.dll

dbghelp: loaded successfully - version: 4.0.5 - missing functions: none
symbol engine: initialized successfully - sym options: 0x614 - pdb path: .;C:\Program Files\Java\jdk-19\bin;C:\WINDOWS\SYSTEM32;C:\WINDOWS\WinSxS\amd64_microsoft.windows.common-controls_6595b64144ccf1df_6.0.22621.1635_none_270f70857386168e;C:\Program Files\Java\jdk-19\bin\server;C:\Program Files\JetBrains\IntelliJ IDEA 2022.1.2\bin;C:\Users\99293\AppData\Local\Temp

VM Arguments:
jvm_args: -Dmaven.multiModuleProjectDirectory=D:\unitedStates duplicates original -Dmaven.home=C:\Users\99293\.m2\wrapper\dists\apache-maven-3.8.6-bin\1ks0nkde5v1pk9vtc31i9d0lcd\apache-maven-3.8.6 -Dclassworlds.conf=C:\Users\99293\.m2\wrapper\dists\apache-maven-3.8.6-bin\1ks0nkde5v1pk9vtc31i9d0lcd\apache-maven-3.8.6\bin\m2.conf -Dmaven.ext.class.path=C:\Program Files\JetBrains\IntelliJ IDEA 2022.1.2\plugins\maven\lib\maven-event-listener.jar -javaagent:C:\Program Files\JetBrains\IntelliJ IDEA 2022.1.2\lib\idea_rt.jar=62548:C:\Program Files\JetBrains\IntelliJ IDEA 2022.1.2\bin -Dfile.encoding=UTF-8 
java_command: org.codehaus.classworlds.Launcher -Didea.version=2022.1.2 package
java_class_path (initial): C:\Users\99293\.m2\wrapper\dists\apache-maven-3.8.6-bin\1ks0nkde5v1pk9vtc31i9d0lcd\apache-maven-3.8.6\boot\plexus-classworlds-2.6.0.jar;C:\Users\99293\.m2\wrapper\dists\apache-maven-3.8.6-bin\1ks0nkde5v1pk9vtc31i9d0lcd\apache-maven-3.8.6\boot\plexus-classworlds.license
Launcher Type: SUN_STANDARD

[Global flags]
     intx CICompilerCount                          = 12                                        {product} {ergonomic}
     uint ConcGCThreads                            = 3                                         {product} {ergonomic}
     uint G1ConcRefinementThreads                  = 13                                        {product} {ergonomic}
   size_t G1HeapRegionSize                         = 2097152                                   {product} {ergonomic}
    uintx GCDrainStackTargetSize                   = 64                                        {product} {ergonomic}
   size_t InitialHeapSize                          = 264241152                                 {product} {ergonomic}
   size_t MarkStackSize                            = 4194304                                   {product} {ergonomic}
   size_t MaxHeapSize                              = 4196401152                                {product} {ergonomic}
   size_t MaxNewSize                               = 2516582400                                {product} {ergonomic}
   size_t MinHeapDeltaBytes                        = 2097152                                   {product} {ergonomic}
   size_t MinHeapSize                              = 8388608                                   {product} {ergonomic}
    uintx NonNMethodCodeHeapSize                   = 7602480                                {pd product} {ergonomic}
    uintx NonProfiledCodeHeapSize                  = 122027880                              {pd product} {ergonomic}
    uintx ProfiledCodeHeapSize                     = 122027880                              {pd product} {ergonomic}
    uintx ReservedCodeCacheSize                    = 251658240                              {pd product} {ergonomic}
     bool SegmentedCodeCache                       = true                                      {product} {ergonomic}
   size_t SoftMaxHeapSize                          = 4196401152                             {manageable} {ergonomic}
     bool UseCompressedClassPointers               = true                           {product lp64_product} {ergonomic}
     bool UseCompressedOops                        = true                           {product lp64_product} {ergonomic}
     bool UseG1GC                                  = true                                      {product} {ergonomic}
     bool UseLargePagesIndividualAllocation        = false                                  {pd product} {ergonomic}

Logging:
Log output configuration:
 #0: stdout all=warning uptime,level,tags foldmultilines=false
 #1: stderr all=off uptime,level,tags foldmultilines=false

Environment Variables:
PATH=C:\Program Files\Common Files\Oracle\Java\javapath;C:\Windows\system32;C:\Windows;C:\Windows\System32\Wbem;C:\Windows\System32\WindowsPowerShell\v1.0\;C:\Windows\System32\OpenSSH\;C:\Program Files (x86)\NVIDIA Corporation\PhysX\Common;C:\Program Files\NVIDIA Corporation\NVIDIA NvDLISR;C:\Program Files\Git\cmd;C:\Program Files (x86)\dotnet\;%SystemRoot%\system32;%SystemRoot%;%SystemRoot%\System32\Wbem;%SYSTEMROOT%\System32\WindowsPowerShell\v1.0\;%SYSTEMROOT%\System32\OpenSSH\;C:\Users\99293\AppData\Local\Programs\Python\Python311\Scripts\;C:\Users\99293\AppData\Local\Programs\Python\Python311\;C:\Users\99293\AppData\Local\Microsoft\WindowsApps;;C:\Program Files\JetBrains\IntelliJ IDEA 2022.1.2\bin;;C:\Program Files\heroku\bin
USERNAME=ASUS
OS=Windows_NT
PROCESSOR_IDENTIFIER=Intel64 Family 6 Model 154 Stepping 3, GenuineIntel
TMP=C:\Users\99293\AppData\Local\Temp
TEMP=C:\Users\99293\AppData\Local\Temp



---------------  S Y S T E M  ---------------

OS:
 Windows 11 , 64 bit Build 22621 (10.0.22621.1778)
OS uptime: 8 days 5:46 hours
Hyper-V role detected

CPU: total 16 (initial active 16) (8 cores per cpu, 2 threads per core) family 6 model 154 stepping 3 microcode 0x41c, cx8, cmov, fxsr, ht, mmx, 3dnowpref, sse, sse2, sse3, ssse3, sse4.1, sse4.2, popcnt, lzcnt, tsc, tscinvbit, avx, avx2, aes, erms, clmul, bmi1, bmi2, adx, sha, fma, vzeroupper, clflush, clflushopt, clwb, hv, serialize, rdtscp, rdpid, fsrm

Memory: 4k page, system-wide physical 16005M (2254M free)
TotalPageFile size 18053M (AvailPageFile size 6M)
current process WorkingSet (physical memory assigned to process): 106M, peak: 109M
current process commit charge ("private bytes"): 396M, peak: 399M

vm_info: Java HotSpot(TM) 64-Bit Server VM (19.0.2+7-44) for windows-amd64 JRE (19.0.2+7-44), built on 2022-11-30T18:02:09Z by "mach5one" with MS VC++ 17.1 (VS2022)

END.
