#
# There is insufficient memory for the Java Runtime Environment to continue.
# Native memory allocation (mmap) failed to map 117440512 bytes for G1 virtual space
# Possible reasons:
#   The system is out of physical RAM or swap space
#   The process is running with CompressedOops enabled, and the Java Heap may be blocking the growth of the native heap
# Possible solutions:
#   Reduce memory load on the system
#   Increase physical memory or swap space
#   Check if swap backing store is full
#   Decrease Java heap size (-Xmx/-Xms)
#   Decrease number of Java threads
#   Decrease Java thread stack sizes (-Xss)
#   Set larger code cache with -XX:ReservedCodeCacheSize=
#   JVM is running with Zero Based Compressed Oops mode in which the Java heap is
#     placed in the first 32GB address space. The Java Heap base address is the
#     maximum limit for the native heap growth. Please use -XX:HeapBaseMinAddress
#     to set the Java Heap base and to place the Java Heap above 32GB virtual address.
# This output file may be truncated or incomplete.
#
#  Out of Memory Error (os_windows.cpp:3536), pid=9236, tid=7880
#
# JRE version: Java(TM) SE Runtime Environment (19.0.2+7) (build 19.0.2+7-44)
# Java VM: Java HotSpot(TM) 64-Bit Server VM (19.0.2+7-44, mixed mode, sharing, tiered, compressed oops, compressed class ptrs, g1 gc, windows-amd64)
# No core dump will be written. Minidumps are not enabled by default on client versions of Windows
#

---------------  S U M M A R Y ------------

Command Line: -Dmaven.multiModuleProjectDirectory=D:\unitedStates duplicates original -Dmaven.home=C:\Users\99293\.m2\wrapper\dists\apache-maven-3.8.6-bin\1ks0nkde5v1pk9vtc31i9d0lcd\apache-maven-3.8.6 -Dclassworlds.conf=C:\Users\99293\.m2\wrapper\dists\apache-maven-3.8.6-bin\1ks0nkde5v1pk9vtc31i9d0lcd\apache-maven-3.8.6\bin\m2.conf -Dmaven.ext.class.path=C:\Program Files\JetBrains\IntelliJ IDEA 2022.1.2\plugins\maven\lib\maven-event-listener.jar -javaagent:C:\Program Files\JetBrains\IntelliJ IDEA 2022.1.2\lib\idea_rt.jar=65527:C:\Program Files\JetBrains\IntelliJ IDEA 2022.1.2\bin -Dfile.encoding=UTF-8 org.codehaus.classworlds.Launcher -Didea.version=2022.1.2 package

Host: 12th Gen Intel(R) Core(TM) i7-12650H, 16 cores, 15G,  Windows 11 , 64 bit Build 22621 (10.0.22621.2506)
Time: Mon Jan 29 16:53:48 2024  Windows 11 , 64 bit Build 22621 (10.0.22621.2506) elapsed time: 4.283032 seconds (0d 0h 0m 4s)

---------------  T H R E A D  ---------------

Current thread (0x000001f8597f7c70):  VMThread "VM Thread" [stack: 0x00000052fdf00000,0x00000052fe000000] [id=7880]

Stack: [0x00000052fdf00000,0x00000052fe000000]
Native frames: (J=compiled Java code, j=interpreted, Vv=VM code, C=native code)
V  [jvm.dll+0x6ee21a]
V  [jvm.dll+0x85765e]
V  [jvm.dll+0x85904e]
V  [jvm.dll+0x859703]
V  [jvm.dll+0x28298f]
V  [jvm.dll+0x6eb009]
V  [jvm.dll+0x6dfbaa]
V  [jvm.dll+0x3573f6]
V  [jvm.dll+0x35ee56]
V  [jvm.dll+0x3b541e]
V  [jvm.dll+0x3b564f]
V  [jvm.dll+0x32c9ea]
V  [jvm.dll+0x32ca97]
V  [jvm.dll+0x374cd2]
V  [jvm.dll+0x37340f]
V  [jvm.dll+0x32c210]
V  [jvm.dll+0x3729ab]
V  [jvm.dll+0x85ebc3]
V  [jvm.dll+0x85f989]
V  [jvm.dll+0x85febd]
V  [jvm.dll+0x86034b]
V  [jvm.dll+0x860407]
V  [jvm.dll+0x80125a]
V  [jvm.dll+0x6ecf0b]
C  [ucrtbase.dll+0x29363]
C  [KERNEL32.DLL+0x1257d]
C  [ntdll.dll+0x5aa58]

VM_Operation (0x00000052fd9fc980): G1CollectForAllocation, mode: safepoint, requested by thread 0x000001f835bb0c30


---------------  P R O C E S S  ---------------

Threads class SMR info:
_java_thread_list=0x000001f861ad8b00, length=23, elements={
0x000001f835bb0c30, 0x000001f85980fdd0, 0x000001f859812bd0, 0x000001f8598149d0,
0x000001f859816510, 0x000001f859818e50, 0x000001f859819d90, 0x000001f85981e620,
0x000001f859826f10, 0x000001f85982e9b0, 0x000001f85dd08130, 0x000001f85dd11660,
0x000001f85dd11ff0, 0x000001f85dd34950, 0x000001f85dd5fcf0, 0x000001f85dd08bd0,
0x000001f85dd0a110, 0x000001f85e418560, 0x000001f85e7fe810, 0x000001f85eb79c90,
0x000001f85ecddb60, 0x000001f85ec1d730, 0x000001f861ab78e0
}

Java Threads: ( => current thread )
  0x000001f835bb0c30 JavaThread "main" [_thread_blocked, id=18448, stack(0x00000052fd900000,0x00000052fda00000)]
  0x000001f85980fdd0 JavaThread "Reference Handler" daemon [_thread_blocked, id=16088, stack(0x00000052fe000000,0x00000052fe100000)]
  0x000001f859812bd0 JavaThread "Finalizer" daemon [_thread_blocked, id=11656, stack(0x00000052fe100000,0x00000052fe200000)]
  0x000001f8598149d0 JavaThread "Signal Dispatcher" daemon [_thread_blocked, id=21448, stack(0x00000052fe200000,0x00000052fe300000)]
  0x000001f859816510 JavaThread "Attach Listener" daemon [_thread_blocked, id=10216, stack(0x00000052fe300000,0x00000052fe400000)]
  0x000001f859818e50 JavaThread "Service Thread" daemon [_thread_blocked, id=16560, stack(0x00000052fe400000,0x00000052fe500000)]
  0x000001f859819d90 JavaThread "Monitor Deflation Thread" daemon [_thread_blocked, id=5780, stack(0x00000052fe500000,0x00000052fe600000)]
  0x000001f85981e620 JavaThread "C2 CompilerThread0" daemon [_thread_blocked, id=16840, stack(0x00000052fe600000,0x00000052fe700000)]
  0x000001f859826f10 JavaThread "C1 CompilerThread0" daemon [_thread_blocked, id=5072, stack(0x00000052fe700000,0x00000052fe800000)]
  0x000001f85982e9b0 JavaThread "Sweeper thread" daemon [_thread_blocked, id=1320, stack(0x00000052fe800000,0x00000052fe900000)]
  0x000001f85dd08130 JavaThread "Common-Cleaner" daemon [_thread_blocked, id=17784, stack(0x00000052fe900000,0x00000052fea00000)]
  0x000001f85dd11660 JavaThread "C1 CompilerThread1" daemon [_thread_blocked, id=1136, stack(0x00000052fea00000,0x00000052feb00000)]
  0x000001f85dd11ff0 JavaThread "C1 CompilerThread2" daemon [_thread_blocked, id=3752, stack(0x00000052feb00000,0x00000052fec00000)]
  0x000001f85dd34950 JavaThread "C1 CompilerThread3" daemon [_thread_blocked, id=13060, stack(0x00000052fec00000,0x00000052fed00000)]
  0x000001f85dd5fcf0 JavaThread "C2 CompilerThread1" daemon [_thread_blocked, id=15620, stack(0x00000052fed00000,0x00000052fee00000)]
  0x000001f85dd08bd0 JavaThread "Monitor Ctrl-Break" daemon [_thread_in_native, id=17324, stack(0x00000052fee00000,0x00000052fef00000)]
  0x000001f85dd0a110 JavaThread "Notification Thread" daemon [_thread_blocked, id=9664, stack(0x00000052fef00000,0x00000052ff000000)]
  0x000001f85e418560 JavaThread "C2 CompilerThread2" daemon [_thread_blocked, id=1824, stack(0x00000052ff100000,0x00000052ff200000)]
  0x000001f85e7fe810 JavaThread "C2 CompilerThread3" daemon [_thread_blocked, id=8584, stack(0x00000052ff200000,0x00000052ff300000)]
  0x000001f85eb79c90 JavaThread "C2 CompilerThread4" daemon [_thread_blocked, id=17460, stack(0x00000052ff300000,0x00000052ff400000)]
  0x000001f85ecddb60 JavaThread "C2 CompilerThread5" daemon [_thread_blocked, id=16224, stack(0x00000052ff400000,0x00000052ff500000)]
  0x000001f85ec1d730 JavaThread "C2 CompilerThread6" daemon [_thread_blocked, id=4684, stack(0x00000052ff500000,0x00000052ff600000)]
  0x000001f861ab78e0 JavaThread "C2 CompilerThread7" daemon [_thread_blocked, id=7308, stack(0x0000005280500000,0x0000005280600000)]

Other Threads:
=>0x000001f8597f7c70 VMThread "VM Thread" [stack: 0x00000052fdf00000,0x00000052fe000000] [id=7880]
  0x000001f85de4f680 WatcherThread "VM Periodic Task Thread" [stack: 0x00000052ff000000,0x00000052ff100000] [id=9468]
  0x000001f835c205d0 WorkerThread "GC Thread#0" [stack: 0x00000052fda00000,0x00000052fdb00000] [id=10184]
  0x000001f85e1746a0 WorkerThread "GC Thread#1" [stack: 0x00000052ff700000,0x00000052ff800000] [id=16664]
  0x000001f85e174c40 WorkerThread "GC Thread#2" [stack: 0x00000052ff800000,0x00000052ff900000] [id=11796]
  0x000001f85e1751e0 WorkerThread "GC Thread#3" [stack: 0x00000052ff900000,0x00000052ffa00000] [id=9820]
  0x000001f85e1754b0 WorkerThread "GC Thread#4" [stack: 0x00000052ffa00000,0x00000052ffb00000] [id=15048]
  0x000001f85e175ff0 WorkerThread "GC Thread#5" [stack: 0x00000052ffb00000,0x00000052ffc00000] [id=16540]
  0x000001f85e175780 WorkerThread "GC Thread#6" [stack: 0x00000052ffc00000,0x00000052ffd00000] [id=18192]
  0x000001f85e175a50 WorkerThread "GC Thread#7" [stack: 0x00000052ffd00000,0x00000052ffe00000] [id=1176]
  0x000001f860772ea0 WorkerThread "GC Thread#8" [stack: 0x00000052ffe00000,0x00000052fff00000] [id=8444]
  0x000001f860772360 WorkerThread "GC Thread#9" [stack: 0x00000052fff00000,0x0000005300000000] [id=15828]
  0x000001f860771550 WorkerThread "GC Thread#10" [stack: 0x0000005280000000,0x0000005280100000] [id=19052]
  0x000001f860771af0 WorkerThread "GC Thread#11" [stack: 0x0000005280100000,0x0000005280200000] [id=5692]
  0x000001f860770fb0 WorkerThread "GC Thread#12" [stack: 0x0000005280200000,0x0000005280300000] [id=1100]
  0x000001f835c33100 ConcurrentGCThread "G1 Main Marker" [stack: 0x00000052fdb00000,0x00000052fdc00000] [id=17620]
  0x000001f835c33b30 WorkerThread "G1 Conc#0" [stack: 0x00000052fdc00000,0x00000052fdd00000] [id=9728]
  0x000001f860772090 WorkerThread "G1 Conc#1" [stack: 0x0000005280300000,0x0000005280400000] [id=9896]
  0x000001f860772bd0 WorkerThread "G1 Conc#2" [stack: 0x0000005280400000,0x0000005280500000] [id=5136]
  0x000001f8596b1d60 ConcurrentGCThread "G1 Refine#0" [stack: 0x00000052fdd00000,0x00000052fde00000] [id=5440]
  0x000001f8596b28a0 ConcurrentGCThread "G1 Service" [stack: 0x00000052fde00000,0x00000052fdf00000] [id=7768]

Threads with active compile tasks:
C2 CompilerThread0     4293 8374       4       com.sun.tools.javac.comp.Resolve::findType (512 bytes)
C2 CompilerThread1     4293 8249       4       com.sun.tools.javac.comp.Attr::attribType (12 bytes)
C2 CompilerThread2     4293 8351       4       com.sun.tools.javac.code.Types::capture (556 bytes)
C2 CompilerThread3     4293 8132       4       com.sun.tools.javac.comp.Resolve::findInheritedMemberType (186 bytes)
C2 CompilerThread4     4293 8298       4       com.sun.tools.javac.tree.JCTree$JCMethodInvocation::accept (6 bytes)
C2 CompilerThread5     4293 8250       4       com.sun.tools.javac.comp.Attr::attribType (23 bytes)
C2 CompilerThread6     4293 8383       4       java.util.HashMap::put (13 bytes)
C2 CompilerThread7     4293 8347       4       com.sun.tools.javac.comp.Attr::visitIdent (552 bytes)

VM state: at safepoint (normal execution)

VM Mutex/Monitor currently owned by a thread:  ([mutex/lock_event])
[0x000001f835baa820] Threads_lock - owner thread: 0x000001f8597f7c70
[0x000001f835babea0] Heap_lock - owner thread: 0x000001f835bb0c30

Heap address: 0x0000000705e00000, size: 4002 MB, Compressed Oops mode: Zero based, Oop shift amount: 3

CDS archive(s) mapped at: [0x0000000800000000-0x0000000800c40000-0x0000000800c40000), size 12845056, SharedBaseAddress: 0x0000000800000000, ArchiveRelocationMode: 0.
Compressed class space mapped at: 0x0000000801000000-0x0000000841000000, reserved size: 1073741824
Narrow klass base: 0x0000000800000000, Narrow klass shift: 0, Narrow klass range: 0x100000000

GC Precious Log:
 CardTable entry size: 512
 Card Set container configuration: InlinePtr #cards 4 size 8 Array Of Cards #cards 16 size 48 Howl #buckets 8 coarsen threshold 3686 Howl Bitmap #cards 512 size 80 coarsen threshold 460 Card regions per heap region 1 cards per card region 4096
 CPUs: 16 total, 16 available
 Memory: 16005M
 Large Page Support: Disabled
 NUMA Support: Disabled
 Compressed Oops: Enabled (Zero based)
 Heap Region Size: 2M
 Heap Min Capacity: 8M
 Heap Initial Capacity: 252M
 Heap Max Capacity: 4002M
 Pre-touch: Disabled
 Parallel Workers: 13
 Concurrent Workers: 3
 Concurrent Refinement Workers: 13
 Periodic GC: Disabled

Heap:
 garbage-first heap   total 137216K, used 56206K [0x0000000705e00000, 0x0000000800000000)
  region size 2048K, 3 young (6144K), 3 survivors (6144K)
 Metaspace       used 28657K, committed 29184K, reserved 1114112K
  class space    used 2963K, committed 3264K, reserved 1048576K

Heap Regions: E=young(eden), S=young(survivor), O=old, HS=humongous(starts), HC=humongous(continues), CS=collection set, F=free, OA=open archive, CA=closed archive, TAMS=top-at-mark-start (previous, next)
|   0|0x0000000705e00000, 0x0000000706000000, 0x0000000706000000|100%| O|  |TAMS 0x0000000706000000, 0x0000000705e00000| Untracked 
|   1|0x0000000706000000, 0x0000000706200000, 0x0000000706200000|100%| O|  |TAMS 0x0000000706200000, 0x0000000706000000| Untracked 
|   2|0x0000000706200000, 0x0000000706400000, 0x0000000706400000|100%| O|  |TAMS 0x0000000706400000, 0x0000000706200000| Untracked 
|   3|0x0000000706400000, 0x0000000706400000, 0x0000000706600000|  0%| F|  |TAMS 0x0000000706400000, 0x0000000706400000| Untracked 
|   4|0x0000000706600000, 0x0000000706800000, 0x0000000706800000|100%| O|  |TAMS 0x0000000706800000, 0x0000000706600000| Untracked 
|   5|0x0000000706800000, 0x0000000706a00000, 0x0000000706a00000|100%| O|  |TAMS 0x0000000706a00000, 0x0000000706800000| Untracked 
|   6|0x0000000706a00000, 0x0000000706c00000, 0x0000000706c00000|100%| O|  |TAMS 0x0000000706c00000, 0x0000000706a00000| Untracked 
|   7|0x0000000706c00000, 0x0000000706e00000, 0x0000000706e00000|100%| O|  |TAMS 0x0000000706e00000, 0x0000000706c00000| Untracked 
|   8|0x0000000706e00000, 0x0000000707000000, 0x0000000707000000|100%| O|  |TAMS 0x0000000707000000, 0x0000000706e00000| Untracked 
|   9|0x0000000707000000, 0x0000000707200000, 0x0000000707200000|100%| O|  |TAMS 0x0000000707200000, 0x0000000707000000| Untracked 
|  10|0x0000000707200000, 0x0000000707400000, 0x0000000707400000|100%| O|  |TAMS 0x0000000707400000, 0x0000000707200000| Untracked 
|  11|0x0000000707400000, 0x0000000707600000, 0x0000000707600000|100%| O|  |TAMS 0x0000000707600000, 0x0000000707400000| Untracked 
|  12|0x0000000707600000, 0x0000000707800000, 0x0000000707800000|100%| O|  |TAMS 0x0000000707800000, 0x0000000707600000| Untracked 
|  13|0x0000000707800000, 0x0000000707a00000, 0x0000000707a00000|100%| O|  |TAMS 0x0000000707a00000, 0x0000000707800000| Untracked 
|  14|0x0000000707a00000, 0x0000000707c00000, 0x0000000707c00000|100%|HS|  |TAMS 0x0000000707c00000, 0x0000000707a00000| Complete 
|  15|0x0000000707c00000, 0x0000000707e00000, 0x0000000707e00000|100%| O|  |TAMS 0x0000000707e00000, 0x0000000707c00000| Untracked 
|  16|0x0000000707e00000, 0x0000000708000000, 0x0000000708000000|100%| O|  |TAMS 0x0000000707e5e800, 0x0000000707e00000| Untracked 
|  17|0x0000000708000000, 0x0000000708200000, 0x0000000708200000|100%| O|  |TAMS 0x0000000708000000, 0x0000000708000000| Untracked 
|  18|0x0000000708200000, 0x00000007082aa200, 0x0000000708400000| 33%| O|  |TAMS 0x0000000708200000, 0x0000000708200000| Untracked 
|  19|0x0000000708400000, 0x0000000708400000, 0x0000000708600000|  0%| F|  |TAMS 0x0000000708400000, 0x0000000708400000| Untracked 
|  20|0x0000000708600000, 0x0000000708600000, 0x0000000708800000|  0%| F|  |TAMS 0x0000000708600000, 0x0000000708600000| Untracked 
|  21|0x0000000708800000, 0x0000000708800000, 0x0000000708a00000|  0%| F|  |TAMS 0x0000000708800000, 0x0000000708800000| Untracked 
|  22|0x0000000708a00000, 0x0000000708a00000, 0x0000000708c00000|  0%| F|  |TAMS 0x0000000708a00000, 0x0000000708a00000| Untracked 
|  23|0x0000000708c00000, 0x0000000708c00000, 0x0000000708e00000|  0%| F|  |TAMS 0x0000000708c00000, 0x0000000708c00000| Untracked 
|  24|0x0000000708e00000, 0x0000000708e00000, 0x0000000709000000|  0%| F|  |TAMS 0x0000000708e00000, 0x0000000708e00000| Untracked 
|  25|0x0000000709000000, 0x0000000709000000, 0x0000000709200000|  0%| F|  |TAMS 0x0000000709000000, 0x0000000709000000| Untracked 
|  26|0x0000000709200000, 0x00000007092398f8, 0x0000000709400000| 11%| S|CS|TAMS 0x0000000709200000, 0x0000000709200000| Complete 
|  27|0x0000000709400000, 0x0000000709600000, 0x0000000709600000|100%| S|CS|TAMS 0x0000000709400000, 0x0000000709400000| Complete 
|  28|0x0000000709600000, 0x0000000709800000, 0x0000000709800000|100%| S|CS|TAMS 0x0000000709600000, 0x0000000709600000| Complete 
|  29|0x0000000709800000, 0x0000000709800000, 0x0000000709a00000|  0%| F|  |TAMS 0x0000000709800000, 0x0000000709800000| Untracked 
|  30|0x0000000709a00000, 0x0000000709a00000, 0x0000000709c00000|  0%| F|  |TAMS 0x0000000709a00000, 0x0000000709a00000| Untracked 
|  31|0x0000000709c00000, 0x0000000709c00000, 0x0000000709e00000|  0%| F|  |TAMS 0x0000000709c00000, 0x0000000709c00000| Untracked 
|  32|0x0000000709e00000, 0x0000000709e00000, 0x000000070a000000|  0%| F|  |TAMS 0x0000000709e00000, 0x0000000709e00000| Untracked 
|  33|0x000000070a000000, 0x000000070a000000, 0x000000070a200000|  0%| F|  |TAMS 0x000000070a000000, 0x000000070a000000| Untracked 
|  34|0x000000070a200000, 0x000000070a200000, 0x000000070a400000|  0%| F|  |TAMS 0x000000070a200000, 0x000000070a200000| Untracked 
|  35|0x000000070a400000, 0x000000070a400000, 0x000000070a600000|  0%| F|  |TAMS 0x000000070a400000, 0x000000070a400000| Untracked 
|  36|0x000000070a600000, 0x000000070a600000, 0x000000070a800000|  0%| F|  |TAMS 0x000000070a600000, 0x000000070a600000| Untracked 
|  37|0x000000070a800000, 0x000000070a800000, 0x000000070aa00000|  0%| F|  |TAMS 0x000000070a800000, 0x000000070a800000| Untracked 
|  38|0x000000070aa00000, 0x000000070aa00000, 0x000000070ac00000|  0%| F|  |TAMS 0x000000070aa00000, 0x000000070aa00000| Untracked 
|  39|0x000000070ac00000, 0x000000070ac00000, 0x000000070ae00000|  0%| F|  |TAMS 0x000000070ac00000, 0x000000070ac00000| Untracked 
|  40|0x000000070ae00000, 0x000000070ae00000, 0x000000070b000000|  0%| F|  |TAMS 0x000000070ae00000, 0x000000070ae00000| Untracked 
|  41|0x000000070b000000, 0x000000070b000000, 0x000000070b200000|  0%| F|  |TAMS 0x000000070b000000, 0x000000070b000000| Untracked 
|  42|0x000000070b200000, 0x000000070b200000, 0x000000070b400000|  0%| F|  |TAMS 0x000000070b200000, 0x000000070b200000| Untracked 
|  43|0x000000070b400000, 0x000000070b400000, 0x000000070b600000|  0%| F|  |TAMS 0x000000070b400000, 0x000000070b400000| Untracked 
|  44|0x000000070b600000, 0x000000070b600000, 0x000000070b800000|  0%| F|  |TAMS 0x000000070b600000, 0x000000070b600000| Untracked 
|  45|0x000000070b800000, 0x000000070b800000, 0x000000070ba00000|  0%| F|  |TAMS 0x000000070b800000, 0x000000070b800000| Untracked 
|  46|0x000000070ba00000, 0x000000070ba00000, 0x000000070bc00000|  0%| F|  |TAMS 0x000000070ba00000, 0x000000070ba00000| Untracked 
|  47|0x000000070bc00000, 0x000000070bc00000, 0x000000070be00000|  0%| F|  |TAMS 0x000000070bc00000, 0x000000070bc00000| Untracked 
|  48|0x000000070be00000, 0x000000070be00000, 0x000000070c000000|  0%| F|  |TAMS 0x000000070be00000, 0x000000070be00000| Untracked 
|  49|0x000000070c000000, 0x000000070c000000, 0x000000070c200000|  0%| F|  |TAMS 0x000000070c000000, 0x000000070c000000| Untracked 
|  50|0x000000070c200000, 0x000000070c200000, 0x000000070c400000|  0%| F|  |TAMS 0x000000070c200000, 0x000000070c200000| Untracked 
|  51|0x000000070c400000, 0x000000070c400000, 0x000000070c600000|  0%| F|  |TAMS 0x000000070c400000, 0x000000070c400000| Untracked 
|  52|0x000000070c600000, 0x000000070c600000, 0x000000070c800000|  0%| F|  |TAMS 0x000000070c600000, 0x000000070c600000| Untracked 
|  53|0x000000070c800000, 0x000000070c800000, 0x000000070ca00000|  0%| F|  |TAMS 0x000000070c800000, 0x000000070c800000| Untracked 
|  54|0x000000070ca00000, 0x000000070ca00000, 0x000000070cc00000|  0%| F|  |TAMS 0x000000070ca00000, 0x000000070ca00000| Untracked 
|  55|0x000000070cc00000, 0x000000070cc00000, 0x000000070ce00000|  0%| F|  |TAMS 0x000000070cc00000, 0x000000070cc00000| Untracked 
|  56|0x000000070ce00000, 0x000000070ce00000, 0x000000070d000000|  0%| F|  |TAMS 0x000000070ce00000, 0x000000070ce00000| Untracked 
|  57|0x000000070d000000, 0x000000070d000000, 0x000000070d200000|  0%| F|  |TAMS 0x000000070d000000, 0x000000070d000000| Untracked 
| 125|0x0000000715800000, 0x0000000715800000, 0x0000000715a00000|  0%| F|  |TAMS 0x0000000715800000, 0x0000000715800000| Untracked 
|1993|0x00000007ff000000, 0x00000007ff200000, 0x00000007ff200000|100%| O|  |TAMS 0x00000007ff200000, 0x00000007ff000000| Untracked 
|1994|0x00000007ff200000, 0x00000007ff400000, 0x00000007ff400000|100%| O|  |TAMS 0x00000007ff400000, 0x00000007ff200000| Untracked 
|1995|0x00000007ff400000, 0x00000007ff600000, 0x00000007ff600000|100%| O|  |TAMS 0x00000007ff600000, 0x00000007ff400000| Untracked 
|1996|0x00000007ff600000, 0x00000007ff800000, 0x00000007ff800000|100%| O|  |TAMS 0x00000007ff800000, 0x00000007ff600000| Untracked 
|1997|0x00000007ff800000, 0x00000007ffa00000, 0x00000007ffa00000|100%| O|  |TAMS 0x00000007ffa00000, 0x00000007ff800000| Untracked 
|1998|0x00000007ffa00000, 0x00000007ffc00000, 0x00000007ffc00000|100%| O|  |TAMS 0x00000007ffc00000, 0x00000007ffa00000| Untracked 
|1999|0x00000007ffc00000, 0x00000007ffe00000, 0x00000007ffe00000|100%| O|  |TAMS 0x00000007ffe00000, 0x00000007ffc00000| Untracked 
|2000|0x00000007ffe00000, 0x0000000800000000, 0x0000000800000000|100%| O|  |TAMS 0x0000000800000000, 0x00000007ffe00000| Untracked 

Card table byte_map: [0x000001f84db80000,0x000001f84e360000] _byte_map_base: 0x000001f84a351000

Marking Bits (Prev, Next): (CMBitMap*) 0x000001f835c21c10, (CMBitMap*) 0x000001f835c21c50
 Prev Bits: [0x000001f84eb40000, 0x000001f8529c8000)
 Next Bits: [0x000001f8529d0000, 0x000001f856858000)

Polling page: 0x000001f833b70000

Metaspace:

Usage:
  Non-class:     25.09 MB used.
      Class:      2.89 MB used.
       Both:     27.99 MB used.

Virtual space:
  Non-class space:       64.00 MB reserved,      25.31 MB ( 40%) committed,  1 nodes.
      Class space:        1.00 GB reserved,       3.19 MB ( <1%) committed,  1 nodes.
             Both:        1.06 GB reserved,      28.50 MB (  3%) committed. 

Chunk freelists:
   Non-Class:  2.02 MB
       Class:  824.00 KB
        Both:  2.82 MB

MaxMetaspaceSize: unlimited
CompressedClassSpaceSize: 1.00 GB
Initial GC threshold: 21.00 MB
Current GC threshold: 45.31 MB
CDS: on
MetaspaceReclaimPolicy: balanced
 - commit_granule_bytes: 65536.
 - commit_granule_words: 8192.
 - virtual_space_node_default_size: 8388608.
 - enlarge_chunks_in_place: 1.
 - new_chunks_are_fully_committed: 0.
 - uncommit_free_chunks: 1.
 - use_allocation_guard: 0.


Internal statistics:

num_allocs_failed_limit: 3.
num_arena_births: 600.
num_arena_deaths: 0.
num_vsnodes_births: 2.
num_vsnodes_deaths: 0.
num_space_committed: 456.
num_space_uncommitted: 0.
num_chunks_returned_to_freelist: 3.
num_chunks_taken_from_freelist: 1719.
num_chunk_merges: 3.
num_chunk_splits: 1180.
num_chunks_enlarged: 820.
num_inconsistent_stats: 0.

CodeHeap 'non-profiled nmethods': size=119168Kb used=4902Kb max_used=4902Kb free=114265Kb
 bounds [0x000001f8456b0000, 0x000001f845b80000, 0x000001f84cb10000]
CodeHeap 'profiled nmethods': size=119104Kb used=17092Kb max_used=17092Kb free=102011Kb
 bounds [0x000001f83db10000, 0x000001f83ebd0000, 0x000001f844f60000]
CodeHeap 'non-nmethods': size=7488Kb used=3003Kb max_used=3085Kb free=4484Kb
 bounds [0x000001f844f60000, 0x000001f845270000, 0x000001f8456b0000]
 total_blobs=8019 nmethods=7480 adapters=446
 compilation: enabled
              stopped_count=0, restarted_count=0
 full_count=0

Compilation events (20 events):
Event: 4.262 Thread 0x000001f85dd11ff0 nmethod 8367 0x000001f83ebbe390 code [0x000001f83ebbe5a0, 0x000001f83ebbecb8]
Event: 4.262 Thread 0x000001f85981e620 nmethod 8349 0x000001f845b71a90 code [0x000001f845b71c00, 0x000001f845b71d98]
Event: 4.263 Thread 0x000001f85981e620 8374       4       com.sun.tools.javac.comp.Resolve::findType (512 bytes)
Event: 4.263 Thread 0x000001f85dd5fcf0 nmethod 8256 0x000001f845b70010 code [0x000001f845b70260, 0x000001f845b71220]
Event: 4.264 Thread 0x000001f85ecddb60 nmethod 8258 0x000001f845b71e10 code [0x000001f845b72060, 0x000001f845b72cb8]
Event: 4.266 Thread 0x000001f85dd34950 8379       2       com.sun.tools.javac.comp.Check::checkImportsResolvable (181 bytes)
Event: 4.266 Thread 0x000001f85dd11ff0 8380       2       com.sun.tools.javac.comp.Check::checkImportedPackagesObservable (135 bytes)
Event: 4.266 Thread 0x000001f85dd5fcf0 8249       4       com.sun.tools.javac.comp.Attr::attribType (12 bytes)
Event: 4.266 Thread 0x000001f85ecddb60 8250       4       com.sun.tools.javac.comp.Attr::attribType (23 bytes)
Event: 4.267 Thread 0x000001f85dd11660 nmethod 8375 0x000001f83ebbef90 code [0x000001f83ebbf420, 0x000001f83ebc0b78]
Event: 4.268 Thread 0x000001f85dd11ff0 nmethod 8380 0x000001f83ebc1710 code [0x000001f83ebc19a0, 0x000001f83ebc2048]
Event: 4.268 Thread 0x000001f85ec1d730 nmethod 8225 0x000001f845b73610 code [0x000001f845b738e0, 0x000001f845b75480]
Event: 4.268 Thread 0x000001f85dd34950 nmethod 8379 0x000001f83ebc2510 code [0x000001f83ebc27a0, 0x000001f83ebc3188]
Event: 4.269 Thread 0x000001f85eb79c90 nmethod 8226 0x000001f845b76510 code [0x000001f845b767e0, 0x000001f845b78240]
Event: 4.271 Thread 0x000001f85ec1d730 8378       4       com.sun.tools.javac.code.Type::withTypeVar (2 bytes)
Event: 4.272 Thread 0x000001f85ec1d730 nmethod 8378 0x000001f845b79290 code [0x000001f845b79400, 0x000001f845b79478]
Event: 4.272 Thread 0x000001f85ec1d730 8259       4       com.sun.tools.javac.code.Scope$CompoundScope$$Lambda$206/0x00000008012ce6d0::apply (20 bytes)
Event: 4.274 Thread 0x000001f85eb79c90 8298       4       com.sun.tools.javac.tree.JCTree$JCMethodInvocation::accept (6 bytes)
Event: 4.276 Thread 0x000001f85ec1d730 nmethod 8259 0x000001f845b79590 code [0x000001f845b79740, 0x000001f845b79898]
Event: 4.276 Thread 0x000001f85ec1d730 8383       4       java.util.HashMap::put (13 bytes)

GC Heap History (20 events):
Event: 2.877 GC heap after
{Heap after GC invocations=9 (full 0):
 garbage-first heap   total 104448K, used 47500K [0x0000000705e00000, 0x0000000800000000)
  region size 2048K, 2 young (4096K), 2 survivors (4096K)
 Metaspace       used 25249K, committed 25664K, reserved 1114112K
  class space    used 2642K, committed 2880K, reserved 1048576K
}
Event: 3.135 GC heap before
{Heap before GC invocations=9 (full 0):
 garbage-first heap   total 104448K, used 74124K [0x0000000705e00000, 0x0000000800000000)
  region size 2048K, 15 young (30720K), 2 survivors (4096K)
 Metaspace       used 26403K, committed 26880K, reserved 1114112K
  class space    used 2764K, committed 3008K, reserved 1048576K
}
Event: 3.141 GC heap after
{Heap after GC invocations=10 (full 0):
 garbage-first heap   total 104448K, used 52258K [0x0000000705e00000, 0x0000000800000000)
  region size 2048K, 2 young (4096K), 2 survivors (4096K)
 Metaspace       used 26403K, committed 26880K, reserved 1114112K
  class space    used 2764K, committed 3008K, reserved 1048576K
}
Event: 3.395 GC heap before
{Heap before GC invocations=10 (full 0):
 garbage-first heap   total 104448K, used 74786K [0x0000000705e00000, 0x0000000800000000)
  region size 2048K, 14 young (28672K), 2 survivors (4096K)
 Metaspace       used 27390K, committed 27776K, reserved 1114112K
  class space    used 2858K, committed 3072K, reserved 1048576K
}
Event: 3.398 GC heap after
{Heap after GC invocations=11 (full 0):
 garbage-first heap   total 104448K, used 53232K [0x0000000705e00000, 0x0000000800000000)
  region size 2048K, 1 young (2048K), 1 survivors (2048K)
 Metaspace       used 27390K, committed 27776K, reserved 1114112K
  class space    used 2858K, committed 3072K, reserved 1048576K
}
Event: 3.490 GC heap before
{Heap before GC invocations=12 (full 0):
 garbage-first heap   total 104448K, used 77808K [0x0000000705e00000, 0x0000000800000000)
  region size 2048K, 13 young (26624K), 1 survivors (2048K)
 Metaspace       used 27510K, committed 27968K, reserved 1114112K
  class space    used 2865K, committed 3136K, reserved 1048576K
}
Event: 3.491 GC heap after
{Heap after GC invocations=13 (full 0):
 garbage-first heap   total 104448K, used 53329K [0x0000000705e00000, 0x0000000800000000)
  region size 2048K, 1 young (2048K), 1 survivors (2048K)
 Metaspace       used 27510K, committed 27968K, reserved 1114112K
  class space    used 2865K, committed 3136K, reserved 1048576K
}
Event: 3.497 GC heap before
{Heap before GC invocations=13 (full 0):
 garbage-first heap   total 104448K, used 55377K [0x0000000705e00000, 0x0000000800000000)
  region size 2048K, 2 young (4096K), 1 survivors (2048K)
 Metaspace       used 27516K, committed 27968K, reserved 1114112K
  class space    used 2865K, committed 3136K, reserved 1048576K
}
Event: 3.499 GC heap after
{Heap after GC invocations=14 (full 0):
 garbage-first heap   total 133120K, used 52363K [0x0000000705e00000, 0x0000000800000000)
  region size 2048K, 1 young (2048K), 1 survivors (2048K)
 Metaspace       used 27516K, committed 27968K, reserved 1114112K
  class space    used 2865K, committed 3136K, reserved 1048576K
}
Event: 3.637 GC heap before
{Heap before GC invocations=14 (full 0):
 garbage-first heap   total 133120K, used 97419K [0x0000000705e00000, 0x0000000800000000)
  region size 2048K, 24 young (49152K), 1 survivors (2048K)
 Metaspace       used 27662K, committed 28160K, reserved 1114112K
  class space    used 2881K, committed 3136K, reserved 1048576K
}
Event: 3.638 GC heap after
{Heap after GC invocations=15 (full 0):
 garbage-first heap   total 133120K, used 52435K [0x0000000705e00000, 0x0000000800000000)
  region size 2048K, 1 young (2048K), 1 survivors (2048K)
 Metaspace       used 27662K, committed 28160K, reserved 1114112K
  class space    used 2881K, committed 3136K, reserved 1048576K
}
Event: 3.856 GC heap before
{Heap before GC invocations=15 (full 0):
 garbage-first heap   total 133120K, used 99539K [0x0000000705e00000, 0x0000000800000000)
  region size 2048K, 25 young (51200K), 1 survivors (2048K)
 Metaspace       used 28267K, committed 28864K, reserved 1114112K
  class space    used 2958K, committed 3264K, reserved 1048576K
}
Event: 3.859 GC heap after
{Heap after GC invocations=16 (full 0):
 garbage-first heap   total 133120K, used 53449K [0x0000000705e00000, 0x0000000800000000)
  region size 2048K, 1 young (2048K), 1 survivors (2048K)
 Metaspace       used 28267K, committed 28864K, reserved 1114112K
  class space    used 2958K, committed 3264K, reserved 1048576K
}
Event: 3.967 GC heap before
{Heap before GC invocations=16 (full 0):
 garbage-first heap   total 133120K, used 104649K [0x0000000705e00000, 0x0000000800000000)
  region size 2048K, 26 young (53248K), 1 survivors (2048K)
 Metaspace       used 28414K, committed 28992K, reserved 1114112K
  class space    used 2960K, committed 3264K, reserved 1048576K
}
Event: 3.970 GC heap after
{Heap after GC invocations=17 (full 0):
 garbage-first heap   total 133120K, used 54393K [0x0000000705e00000, 0x0000000800000000)
  region size 2048K, 2 young (4096K), 2 survivors (4096K)
 Metaspace       used 28414K, committed 28992K, reserved 1114112K
  class space    used 2960K, committed 3264K, reserved 1048576K
}
Event: 4.072 GC heap before
{Heap before GC invocations=17 (full 0):
 garbage-first heap   total 133120K, used 105593K [0x0000000705e00000, 0x0000000800000000)
  region size 2048K, 27 young (55296K), 2 survivors (4096K)
 Metaspace       used 28493K, committed 29056K, reserved 1114112K
  class space    used 2963K, committed 3264K, reserved 1048576K
}
Event: 4.076 GC heap after
{Heap after GC invocations=18 (full 0):
 garbage-first heap   total 133120K, used 55719K [0x0000000705e00000, 0x0000000800000000)
  region size 2048K, 2 young (4096K), 2 survivors (4096K)
 Metaspace       used 28493K, committed 29056K, reserved 1114112K
  class space    used 2963K, committed 3264K, reserved 1048576K
}
Event: 4.170 GC heap before
{Heap before GC invocations=18 (full 0):
 garbage-first heap   total 133120K, used 104871K [0x0000000705e00000, 0x0000000800000000)
  region size 2048K, 27 young (55296K), 2 survivors (4096K)
 Metaspace       used 28589K, committed 29120K, reserved 1114112K
  class space    used 2963K, committed 3264K, reserved 1048576K
}
Event: 4.173 GC heap after
{Heap after GC invocations=19 (full 0):
 garbage-first heap   total 133120K, used 55836K [0x0000000705e00000, 0x0000000800000000)
  region size 2048K, 2 young (4096K), 2 survivors (4096K)
 Metaspace       used 28589K, committed 29120K, reserved 1114112K
  class space    used 2963K, committed 3264K, reserved 1048576K
}
Event: 4.278 GC heap before
{Heap before GC invocations=19 (full 0):
 garbage-first heap   total 133120K, used 109084K [0x0000000705e00000, 0x0000000800000000)
  region size 2048K, 28 young (57344K), 2 survivors (4096K)
 Metaspace       used 28657K, committed 29184K, reserved 1114112K
  class space    used 2963K, committed 3264K, reserved 1048576K
}

Dll operation events (12 events):
Event: 0.005 Loaded shared library C:\Program Files\Java\jdk-19\bin\java.dll
Event: 0.010 Loaded shared library C:\Program Files\Java\jdk-19\bin\jsvml.dll
Event: 0.041 Loaded shared library C:\Program Files\Java\jdk-19\bin\zip.dll
Event: 0.042 Loaded shared library C:\Program Files\Java\jdk-19\bin\instrument.dll
Event: 0.047 Loaded shared library C:\Program Files\Java\jdk-19\bin\net.dll
Event: 0.048 Loaded shared library C:\Program Files\Java\jdk-19\bin\nio.dll
Event: 0.050 Loaded shared library C:\Program Files\Java\jdk-19\bin\zip.dll
Event: 0.059 Loaded shared library C:\Program Files\JetBrains\IntelliJ IDEA 2022.1.2\bin\breakgen64.dll
Event: 0.064 Loaded shared library C:\Program Files\Java\jdk-19\bin\extnet.dll
Event: 0.109 Loaded shared library C:\Program Files\Java\jdk-19\bin\jimage.dll
Event: 0.197 Loaded shared library C:\Users\99293\AppData\Local\Temp\jansi-2.4.0-470c745dae664083-jansi.dll
Event: 0.205 Loaded shared library C:\Program Files\Java\jdk-19\bin\verify.dll

Deoptimization events (20 events):
Event: 4.148 Thread 0x000001f835bb0c30 Uncommon trap: trap_request=0xffffffc6 fr.pc=0x000001f845a50428 relative=0x00000000000000c8
Event: 4.148 Thread 0x000001f835bb0c30 Uncommon trap: reason=bimorphic_or_optimized_type_check action=maybe_recompile pc=0x000001f845a50428 method=lombok.javac.JavacNode.traverse(Llombok/javac/JavacASTVisitor;)V @ 369 c2
Event: 4.148 Thread 0x000001f835bb0c30 DEOPT PACKING pc=0x000001f845a50428 sp=0x00000052fd9fd170
Event: 4.148 Thread 0x000001f835bb0c30 DEOPT UNPACKING pc=0x000001f844fc6da3 sp=0x00000052fd9fd0f8 mode 2
Event: 4.232 Thread 0x000001f835bb0c30 Uncommon trap: trap_request=0xffffff45 fr.pc=0x000001f8457c7f9c relative=0x000000000000199c
Event: 4.232 Thread 0x000001f835bb0c30 Uncommon trap: reason=unstable_if action=reinterpret pc=0x000001f8457c7f9c method=java.util.HashMap.hash(Ljava/lang/Object;)I @ 1 c2
Event: 4.232 Thread 0x000001f835bb0c30 DEOPT PACKING pc=0x000001f8457c7f9c sp=0x00000052fd9fd690
Event: 4.232 Thread 0x000001f835bb0c30 DEOPT UNPACKING pc=0x000001f844fc6da3 sp=0x00000052fd9fd5a0 mode 2
Event: 4.232 Thread 0x000001f835bb0c30 Uncommon trap: trap_request=0xffffff45 fr.pc=0x000001f8456fc678 relative=0x00000000000000d8
Event: 4.232 Thread 0x000001f835bb0c30 Uncommon trap: reason=unstable_if action=reinterpret pc=0x000001f8456fc678 method=java.util.HashMap.hash(Ljava/lang/Object;)I @ 1 c2
Event: 4.232 Thread 0x000001f835bb0c30 DEOPT PACKING pc=0x000001f8456fc678 sp=0x00000052fd9fd660
Event: 4.232 Thread 0x000001f835bb0c30 DEOPT UNPACKING pc=0x000001f844fc6da3 sp=0x00000052fd9fd5a0 mode 2
Event: 4.232 Thread 0x000001f835bb0c30 Uncommon trap: trap_request=0xfffffff4 fr.pc=0x000001f84587ee24 relative=0x00000000000007c4
Event: 4.232 Thread 0x000001f835bb0c30 Uncommon trap: reason=null_check action=make_not_entrant pc=0x000001f84587ee24 method=java.util.IdentityHashMap.put(Ljava/lang/Object;Ljava/lang/Object;)Ljava/lang/Object; @ 57 c2
Event: 4.232 Thread 0x000001f835bb0c30 DEOPT PACKING pc=0x000001f84587ee24 sp=0x00000052fd9fd670
Event: 4.232 Thread 0x000001f835bb0c30 DEOPT UNPACKING pc=0x000001f844fc6da3 sp=0x00000052fd9fd640 mode 2
Event: 4.232 Thread 0x000001f835bb0c30 Uncommon trap: trap_request=0xfffffff4 fr.pc=0x000001f845b135a4 relative=0x0000000000000084
Event: 4.232 Thread 0x000001f835bb0c30 Uncommon trap: reason=null_check action=make_not_entrant pc=0x000001f845b135a4 method=java.lang.Long.equals(Ljava/lang/Object;)Z @ 1 c2
Event: 4.233 Thread 0x000001f835bb0c30 DEOPT PACKING pc=0x000001f845b135a4 sp=0x00000052fd9fd6e0
Event: 4.233 Thread 0x000001f835bb0c30 DEOPT UNPACKING pc=0x000001f844fc6da3 sp=0x00000052fd9fd680 mode 2

Classes loaded (20 events):
Event: 3.145 Loading class java/util/Vector$1
Event: 3.145 Loading class java/util/Vector$1 done
Event: 3.148 Loading class java/io/PushbackInputStream
Event: 3.148 Loading class java/io/PushbackInputStream done
Event: 3.232 Loading class java/util/Collections$UnmodifiableSortedSet
Event: 3.232 Loading class java/util/Collections$UnmodifiableSortedSet done
Event: 3.305 Loading class java/util/IdentityHashMap$EntrySet
Event: 3.305 Loading class java/util/IdentityHashMap$EntrySet done
Event: 3.305 Loading class java/util/IdentityHashMap$EntryIterator
Event: 3.305 Loading class java/util/IdentityHashMap$EntryIterator done
Event: 3.305 Loading class java/util/IdentityHashMap$EntryIterator$Entry
Event: 3.305 Loading class java/util/IdentityHashMap$EntryIterator$Entry done
Event: 3.626 Loading class java/util/regex/Pattern$SliceI
Event: 3.626 Loading class java/util/regex/Pattern$SliceI done
Event: 3.666 Loading class java/util/regex/Pattern$Loop
Event: 3.666 Loading class java/util/regex/Pattern$Loop done
Event: 3.666 Loading class java/util/regex/Pattern$Prolog
Event: 3.666 Loading class java/util/regex/Pattern$Prolog done
Event: 3.682 Loading class java/util/regex/Pattern$LazyLoop
Event: 3.682 Loading class java/util/regex/Pattern$LazyLoop done

Classes unloaded (0 events):
No events

Classes redefined (0 events):
No events

Internal exceptions (20 events):
Event: 4.029 Thread 0x000001f835bb0c30 Exception <a 'sun/nio/fs/WindowsException'{0x000000070ac91080}> (0x000000070ac91080) 
thrown [s\open\src\hotspot\share\prims\jni.cpp, line 517]
Event: 4.029 Thread 0x000001f835bb0c30 Exception <a 'sun/nio/fs/WindowsException'{0x000000070ac913d0}> (0x000000070ac913d0) 
thrown [s\open\src\hotspot\share\prims\jni.cpp, line 517]
Event: 4.029 Thread 0x000001f835bb0c30 Exception <a 'sun/nio/fs/WindowsException'{0x000000070ac923b0}> (0x000000070ac923b0) 
thrown [s\open\src\hotspot\share\prims\jni.cpp, line 517]
Event: 4.029 Thread 0x000001f835bb0c30 Exception <a 'sun/nio/fs/WindowsException'{0x000000070ac92680}> (0x000000070ac92680) 
thrown [s\open\src\hotspot\share\prims\jni.cpp, line 517]
Event: 4.108 Thread 0x000001f835bb0c30 Exception <a 'sun/nio/fs/WindowsException'{0x000000070bdc94e8}> (0x000000070bdc94e8) 
thrown [s\open\src\hotspot\share\prims\jni.cpp, line 517]
Event: 4.108 Thread 0x000001f835bb0c30 Exception <a 'sun/nio/fs/WindowsException'{0x000000070bdc97a8}> (0x000000070bdc97a8) 
thrown [s\open\src\hotspot\share\prims\jni.cpp, line 517]
Event: 4.108 Thread 0x000001f835bb0c30 Exception <a 'sun/nio/fs/WindowsException'{0x000000070bdca6a8}> (0x000000070bdca6a8) 
thrown [s\open\src\hotspot\share\prims\jni.cpp, line 517]
Event: 4.108 Thread 0x000001f835bb0c30 Exception <a 'sun/nio/fs/WindowsException'{0x000000070bdca9f8}> (0x000000070bdca9f8) 
thrown [s\open\src\hotspot\share\prims\jni.cpp, line 517]
Event: 4.108 Thread 0x000001f835bb0c30 Exception <a 'sun/nio/fs/WindowsException'{0x000000070bdcb9d8}> (0x000000070bdcb9d8) 
thrown [s\open\src\hotspot\share\prims\jni.cpp, line 517]
Event: 4.108 Thread 0x000001f835bb0c30 Exception <a 'sun/nio/fs/WindowsException'{0x000000070bdcbca8}> (0x000000070bdcbca8) 
thrown [s\open\src\hotspot\share\prims\jni.cpp, line 517]
Event: 4.232 Thread 0x000001f835bb0c30 Implicit null exception at 0x000001f8457c6658 to 0x000001f8457c7f88
Event: 4.232 Thread 0x000001f835bb0c30 Implicit null exception at 0x000001f8456fc5d8 to 0x000001f8456fc66e
Event: 4.232 Thread 0x000001f835bb0c30 Implicit null exception at 0x000001f84587e960 to 0x000001f84587ee14
Event: 4.232 Thread 0x000001f835bb0c30 Implicit null exception at 0x000001f845b1354c to 0x000001f845b13594
Event: 4.237 Thread 0x000001f835bb0c30 Exception <a 'sun/nio/fs/WindowsException'{0x000000070a883cb0}> (0x000000070a883cb0) 
thrown [s\open\src\hotspot\share\prims\jni.cpp, line 517]
Event: 4.237 Thread 0x000001f835bb0c30 Exception <a 'sun/nio/fs/WindowsException'{0x000000070a883f70}> (0x000000070a883f70) 
thrown [s\open\src\hotspot\share\prims\jni.cpp, line 517]
Event: 4.237 Thread 0x000001f835bb0c30 Exception <a 'sun/nio/fs/WindowsException'{0x000000070a884e70}> (0x000000070a884e70) 
thrown [s\open\src\hotspot\share\prims\jni.cpp, line 517]
Event: 4.237 Thread 0x000001f835bb0c30 Exception <a 'sun/nio/fs/WindowsException'{0x000000070a8851c0}> (0x000000070a8851c0) 
thrown [s\open\src\hotspot\share\prims\jni.cpp, line 517]
Event: 4.237 Thread 0x000001f835bb0c30 Exception <a 'sun/nio/fs/WindowsException'{0x000000070a8861a0}> (0x000000070a8861a0) 
thrown [s\open\src\hotspot\share\prims\jni.cpp, line 517]
Event: 4.237 Thread 0x000001f835bb0c30 Exception <a 'sun/nio/fs/WindowsException'{0x000000070a886470}> (0x000000070a886470) 
thrown [s\open\src\hotspot\share\prims\jni.cpp, line 517]

VM Operations (20 events):
Event: 3.414 Executing VM operation: G1PauseRemark done
Event: 3.422 Executing VM operation: G1PauseCleanup
Event: 3.422 Executing VM operation: G1PauseCleanup done
Event: 3.437 Executing VM operation: HandshakeAllThreads
Event: 3.437 Executing VM operation: HandshakeAllThreads done
Event: 3.490 Executing VM operation: G1CollectForAllocation
Event: 3.491 Executing VM operation: G1CollectForAllocation done
Event: 3.497 Executing VM operation: G1CollectForAllocation
Event: 3.499 Executing VM operation: G1CollectForAllocation done
Event: 3.637 Executing VM operation: G1CollectForAllocation
Event: 3.638 Executing VM operation: G1CollectForAllocation done
Event: 3.856 Executing VM operation: G1CollectForAllocation
Event: 3.859 Executing VM operation: G1CollectForAllocation done
Event: 3.967 Executing VM operation: G1CollectForAllocation
Event: 3.970 Executing VM operation: G1CollectForAllocation done
Event: 4.072 Executing VM operation: G1CollectForAllocation
Event: 4.076 Executing VM operation: G1CollectForAllocation done
Event: 4.170 Executing VM operation: G1CollectForAllocation
Event: 4.173 Executing VM operation: G1CollectForAllocation done
Event: 4.277 Executing VM operation: G1CollectForAllocation

Events (20 events):
Event: 2.462 Thread 0x000001f85982e9b0 flushing nmethod 0x000001f83e629590
Event: 2.462 Thread 0x000001f85982e9b0 flushing nmethod 0x000001f83e687c90
Event: 2.462 Thread 0x000001f85982e9b0 flushing nmethod 0x000001f83e6a5410
Event: 2.462 Thread 0x000001f85982e9b0 flushing nmethod 0x000001f83e6acb10
Event: 2.462 Thread 0x000001f85982e9b0 flushing nmethod 0x000001f83e6ad190
Event: 2.462 Thread 0x000001f85982e9b0 flushing nmethod 0x000001f83e6ae610
Event: 3.273 Thread 0x000001f85e826bc0 Thread exited: 0x000001f85e826bc0
Event: 3.443 Thread 0x000001f85982e9b0 flushing nmethod 0x000001f83e53f590
Event: 3.443 Thread 0x000001f85982e9b0 flushing nmethod 0x000001f83e58cc90
Event: 3.443 Thread 0x000001f85982e9b0 flushing nmethod 0x000001f83e58d010
Event: 3.443 Thread 0x000001f85982e9b0 flushing nmethod 0x000001f83e58d610
Event: 3.443 Thread 0x000001f85982e9b0 flushing nmethod 0x000001f83e599390
Event: 3.443 Thread 0x000001f85982e9b0 flushing nmethod 0x000001f83e5aa590
Event: 3.443 Thread 0x000001f85982e9b0 flushing nmethod 0x000001f83e5d8790
Event: 3.443 Thread 0x000001f85982e9b0 flushing nmethod 0x000001f83e5deb90
Event: 3.443 Thread 0x000001f85982e9b0 flushing nmethod 0x000001f83e5e7290
Event: 3.443 Thread 0x000001f85982e9b0 flushing nmethod 0x000001f83e5e8d10
Event: 3.443 Thread 0x000001f85982e9b0 flushing nmethod 0x000001f83e5efa10
Event: 3.443 Thread 0x000001f85982e9b0 flushing nmethod 0x000001f83e5f2210
Event: 3.472 Thread 0x000001f861ab78e0 Thread added: 0x000001f861ab78e0


Dynamic libraries:
0x00007ff615f10000 - 0x00007ff615f20000 	C:\Program Files\Java\jdk-19\bin\java.exe
0x00007ffc2ea90000 - 0x00007ffc2eca7000 	C:\WINDOWS\SYSTEM32\ntdll.dll
0x00007ffc2da50000 - 0x00007ffc2db14000 	C:\WINDOWS\System32\KERNEL32.DLL
0x00007ffc2be90000 - 0x00007ffc2c236000 	C:\WINDOWS\System32\KERNELBASE.dll
0x00007ffc2c240000 - 0x00007ffc2c351000 	C:\WINDOWS\System32\ucrtbase.dll
0x00007ffc12f20000 - 0x00007ffc12f3b000 	C:\Program Files\Java\jdk-19\bin\VCRUNTIME140.dll
0x00007ffc12f40000 - 0x00007ffc12f58000 	C:\Program Files\Java\jdk-19\bin\jli.dll
0x00007ffc2ca00000 - 0x00007ffc2cab3000 	C:\WINDOWS\System32\ADVAPI32.dll
0x00007ffc2c7f0000 - 0x00007ffc2c897000 	C:\WINDOWS\System32\msvcrt.dll
0x00007ffc2cc00000 - 0x00007ffc2cca8000 	C:\WINDOWS\System32\sechost.dll
0x00007ffc2c480000 - 0x00007ffc2c4a8000 	C:\WINDOWS\System32\bcrypt.dll
0x00007ffc2e0c0000 - 0x00007ffc2e1d7000 	C:\WINDOWS\System32\RPCRT4.dll
0x00007ffc2cce0000 - 0x00007ffc2ce8e000 	C:\WINDOWS\System32\USER32.dll
0x00007ffc2bda0000 - 0x00007ffc2bdc6000 	C:\WINDOWS\System32\win32u.dll
0x00007ffc15930000 - 0x00007ffc15bc3000 	C:\WINDOWS\WinSxS\amd64_microsoft.windows.common-controls_6595b64144ccf1df_6.0.22621.2506_none_270c5ae97388e100\COMCTL32.dll
0x00007ffc2ccb0000 - 0x00007ffc2ccd9000 	C:\WINDOWS\System32\GDI32.dll
0x00007ffc2c360000 - 0x00007ffc2c478000 	C:\WINDOWS\System32\gdi32full.dll
0x00007ffc2c520000 - 0x00007ffc2c5ba000 	C:\WINDOWS\System32\msvcp_win.dll
0x00007ffc24cd0000 - 0x00007ffc24cda000 	C:\WINDOWS\SYSTEM32\VERSION.dll
0x00007ffc2c7b0000 - 0x00007ffc2c7e1000 	C:\WINDOWS\System32\IMM32.DLL
0x00007ffc18030000 - 0x00007ffc1803c000 	C:\Program Files\Java\jdk-19\bin\vcruntime140_1.dll
0x00007ffc10ec0000 - 0x00007ffc10f4e000 	C:\Program Files\Java\jdk-19\bin\msvcp140.dll
0x00007ffb7e360000 - 0x00007ffb7f020000 	C:\Program Files\Java\jdk-19\bin\server\jvm.dll
0x00007ffc26f00000 - 0x00007ffc26f09000 	C:\WINDOWS\SYSTEM32\WSOCK32.dll
0x00007ffc24420000 - 0x00007ffc24454000 	C:\WINDOWS\SYSTEM32\WINMM.dll
0x00007ffc2dee0000 - 0x00007ffc2df51000 	C:\WINDOWS\System32\WS2_32.dll
0x00007ffc2aec0000 - 0x00007ffc2aed8000 	C:\WINDOWS\SYSTEM32\kernel.appcore.dll
0x00007ffc17f00000 - 0x00007ffc17f0a000 	C:\Program Files\Java\jdk-19\bin\jimage.dll
0x00007ffc29090000 - 0x00007ffc292c3000 	C:\WINDOWS\SYSTEM32\DBGHELP.DLL
0x00007ffc2db50000 - 0x00007ffc2ded9000 	C:\WINDOWS\System32\combase.dll
0x00007ffc2df80000 - 0x00007ffc2e057000 	C:\WINDOWS\System32\OLEAUT32.dll
0x00007ffc22500000 - 0x00007ffc22532000 	C:\WINDOWS\SYSTEM32\dbgcore.DLL
0x00007ffc2c5c0000 - 0x00007ffc2c63a000 	C:\WINDOWS\System32\bcryptPrimitives.dll
0x00007ffc18060000 - 0x00007ffc1806e000 	C:\Program Files\Java\jdk-19\bin\instrument.dll
0x00007ffc128b0000 - 0x00007ffc128d6000 	C:\Program Files\Java\jdk-19\bin\java.dll
0x00007ffbf83a0000 - 0x00007ffbf8477000 	C:\Program Files\Java\jdk-19\bin\jsvml.dll
0x00007ffc2d030000 - 0x00007ffc2d88a000 	C:\WINDOWS\System32\SHELL32.dll
0x00007ffc29cc0000 - 0x00007ffc2a5b6000 	C:\WINDOWS\SYSTEM32\windows.storage.dll
0x00007ffc29b80000 - 0x00007ffc29cbe000 	C:\WINDOWS\SYSTEM32\wintypes.dll
0x00007ffc2e1e0000 - 0x00007ffc2e2d3000 	C:\WINDOWS\System32\SHCORE.dll
0x00007ffc2e060000 - 0x00007ffc2e0be000 	C:\WINDOWS\System32\shlwapi.dll
0x00007ffc2bcd0000 - 0x00007ffc2bcf6000 	C:\WINDOWS\SYSTEM32\profapi.dll
0x00007ffc123f0000 - 0x00007ffc12408000 	C:\Program Files\Java\jdk-19\bin\zip.dll
0x00007ffc12890000 - 0x00007ffc128a3000 	C:\Program Files\Java\jdk-19\bin\net.dll
0x00007ffc260f0000 - 0x00007ffc26227000 	C:\WINDOWS\SYSTEM32\WINHTTP.dll
0x00007ffc2b340000 - 0x00007ffc2b3a9000 	C:\WINDOWS\system32\mswsock.dll
0x00007ffc12870000 - 0x00007ffc12886000 	C:\Program Files\Java\jdk-19\bin\nio.dll
0x00007ffc18040000 - 0x00007ffc1805a000 	C:\Program Files\JetBrains\IntelliJ IDEA 2022.1.2\bin\breakgen64.dll
0x00007ffc17d30000 - 0x00007ffc17d38000 	C:\Program Files\Java\jdk-19\bin\extnet.dll
0x0000000069ac0000 - 0x0000000069ae4000 	C:\Users\99293\AppData\Local\Temp\jansi-2.4.0-470c745dae664083-jansi.dll
0x00007ffc154e0000 - 0x00007ffc154f0000 	C:\Program Files\Java\jdk-19\bin\verify.dll

dbghelp: loaded successfully - version: 4.0.5 - missing functions: none
symbol engine: initialized successfully - sym options: 0x614 - pdb path: .;C:\Program Files\Java\jdk-19\bin;C:\WINDOWS\SYSTEM32;C:\WINDOWS\WinSxS\amd64_microsoft.windows.common-controls_6595b64144ccf1df_6.0.22621.2506_none_270c5ae97388e100;C:\Program Files\Java\jdk-19\bin\server;C:\Program Files\JetBrains\IntelliJ IDEA 2022.1.2\bin;C:\Users\99293\AppData\Local\Temp

VM Arguments:
jvm_args: -Dmaven.multiModuleProjectDirectory=D:\unitedStates duplicates original -Dmaven.home=C:\Users\99293\.m2\wrapper\dists\apache-maven-3.8.6-bin\1ks0nkde5v1pk9vtc31i9d0lcd\apache-maven-3.8.6 -Dclassworlds.conf=C:\Users\99293\.m2\wrapper\dists\apache-maven-3.8.6-bin\1ks0nkde5v1pk9vtc31i9d0lcd\apache-maven-3.8.6\bin\m2.conf -Dmaven.ext.class.path=C:\Program Files\JetBrains\IntelliJ IDEA 2022.1.2\plugins\maven\lib\maven-event-listener.jar -javaagent:C:\Program Files\JetBrains\IntelliJ IDEA 2022.1.2\lib\idea_rt.jar=65527:C:\Program Files\JetBrains\IntelliJ IDEA 2022.1.2\bin -Dfile.encoding=UTF-8 
java_command: org.codehaus.classworlds.Launcher -Didea.version=2022.1.2 package
java_class_path (initial): C:\Users\99293\.m2\wrapper\dists\apache-maven-3.8.6-bin\1ks0nkde5v1pk9vtc31i9d0lcd\apache-maven-3.8.6\boot\plexus-classworlds-2.6.0.jar;C:\Users\99293\.m2\wrapper\dists\apache-maven-3.8.6-bin\1ks0nkde5v1pk9vtc31i9d0lcd\apache-maven-3.8.6\boot\plexus-classworlds.license
Launcher Type: SUN_STANDARD

[Global flags]
     intx CICompilerCount                          = 12                                        {product} {ergonomic}
     uint ConcGCThreads                            = 3                                         {product} {ergonomic}
     uint G1ConcRefinementThreads                  = 13                                        {product} {ergonomic}
   size_t G1HeapRegionSize                         = 2097152                                   {product} {ergonomic}
    uintx GCDrainStackTargetSize                   = 64                                        {product} {ergonomic}
   size_t InitialHeapSize                          = 264241152                                 {product} {ergonomic}
   size_t MarkStackSize                            = 4194304                                   {product} {ergonomic}
   size_t MaxHeapSize                              = 4196401152                                {product} {ergonomic}
   size_t MaxNewSize                               = 2516582400                                {product} {ergonomic}
   size_t MinHeapDeltaBytes                        = 2097152                                   {product} {ergonomic}
   size_t MinHeapSize                              = 8388608                                   {product} {ergonomic}
    uintx NonNMethodCodeHeapSize                   = 7602480                                {pd product} {ergonomic}
    uintx NonProfiledCodeHeapSize                  = 122027880                              {pd product} {ergonomic}
    uintx ProfiledCodeHeapSize                     = 122027880                              {pd product} {ergonomic}
    uintx ReservedCodeCacheSize                    = 251658240                              {pd product} {ergonomic}
     bool SegmentedCodeCache                       = true                                      {product} {ergonomic}
   size_t SoftMaxHeapSize                          = 4196401152                             {manageable} {ergonomic}
     bool UseCompressedClassPointers               = true                           {product lp64_product} {ergonomic}
     bool UseCompressedOops                        = true                           {product lp64_product} {ergonomic}
     bool UseG1GC                                  = true                                      {product} {ergonomic}
     bool UseLargePagesIndividualAllocation        = false                                  {pd product} {ergonomic}

Logging:
Log output configuration:
 #0: stdout all=warning uptime,level,tags foldmultilines=false
 #1: stderr all=off uptime,level,tags foldmultilines=false

Environment Variables:
PATH=C:\Program Files\Common Files\Oracle\Java\javapath;C:\Windows\system32;C:\Windows;C:\Windows\System32\Wbem;C:\Windows\System32\WindowsPowerShell\v1.0\;C:\Windows\System32\OpenSSH\;C:\Program Files (x86)\NVIDIA Corporation\PhysX\Common;C:\Program Files\NVIDIA Corporation\NVIDIA NvDLISR;C:\Program Files\Git\cmd;C:\Program Files (x86)\dotnet\;%SystemRoot%\system32;%SystemRoot%;%SystemRoot%\System32\Wbem;%SYSTEMROOT%\System32\WindowsPowerShell\v1.0\;%SYSTEMROOT%\System32\OpenSSH\;C:\Users\99293\AppData\Local\Programs\Python\Python311\Scripts\;C:\Users\99293\AppData\Local\Programs\Python\Python311\;C:\Users\99293\AppData\Local\Microsoft\WindowsApps;;C:\Program Files\JetBrains\IntelliJ IDEA 2022.1.2\bin;;C:\Program Files\heroku\bin
USERNAME=ASUS
OS=Windows_NT
PROCESSOR_IDENTIFIER=Intel64 Family 6 Model 154 Stepping 3, GenuineIntel
TMP=C:\Users\99293\AppData\Local\Temp
TEMP=C:\Users\99293\AppData\Local\Temp



---------------  S Y S T E M  ---------------

OS:
 Windows 11 , 64 bit Build 22621 (10.0.22621.2506)
OS uptime: 0 days 23:56 hours
Hyper-V role detected

CPU: total 16 (initial active 16) (8 cores per cpu, 2 threads per core) family 6 model 154 stepping 3 microcode 0x41c, cx8, cmov, fxsr, ht, mmx, 3dnowpref, sse, sse2, sse3, ssse3, sse4.1, sse4.2, popcnt, lzcnt, tsc, tscinvbit, avx, avx2, aes, erms, clmul, bmi1, bmi2, adx, sha, fma, vzeroupper, clflush, clflushopt, clwb, hv, serialize, rdtscp, rdpid, fsrm

Memory: 4k page, system-wide physical 16005M (2571M free)
TotalPageFile size 18053M (AvailPageFile size 83M)
current process WorkingSet (physical memory assigned to process): 362M, peak: 390M
current process commit charge ("private bytes"): 414M, peak: 526M

vm_info: Java HotSpot(TM) 64-Bit Server VM (19.0.2+7-44) for windows-amd64 JRE (19.0.2+7-44), built on 2022-11-30T18:02:09Z by "mach5one" with MS VC++ 17.1 (VS2022)

END.
