#
# There is insufficient memory for the Java Runtime Environment to continue.
# Native memory allocation (mmap) failed to map 65536 bytes for Failed to commit metaspace.
# Possible reasons:
#   The system is out of physical RAM or swap space
#   The process is running with CompressedOops enabled, and the Java Heap may be blocking the growth of the native heap
# Possible solutions:
#   Reduce memory load on the system
#   Increase physical memory or swap space
#   Check if swap backing store is full
#   Decrease Java heap size (-Xmx/-Xms)
#   Decrease number of Java threads
#   Decrease Java thread stack sizes (-Xss)
#   Set larger code cache with -XX:ReservedCodeCacheSize=
#   JVM is running with Zero Based Compressed Oops mode in which the Java heap is
#     placed in the first 32GB address space. The Java Heap base address is the
#     maximum limit for the native heap growth. Please use -XX:HeapBaseMinAddress
#     to set the Java Heap base and to place the Java Heap above 32GB virtual address.
# This output file may be truncated or incomplete.
#
#  Out of Memory Error (virtualSpaceNode.cpp:110), pid=17328, tid=22836
#
# JRE version: Java(TM) SE Runtime Environment (19.0.2+7) (build 19.0.2+7-44)
# Java VM: Java HotSpot(TM) 64-Bit Server VM (19.0.2+7-44, mixed mode, sharing, tiered, compressed oops, compressed class ptrs, g1 gc, windows-amd64)
# No core dump will be written. Minidumps are not enabled by default on client versions of Windows
#

---------------  S U M M A R Y ------------

Command Line: -Dmaven.multiModuleProjectDirectory=D:\unitedStates duplicates original -Dmaven.home=C:\Users\99293\.m2\wrapper\dists\apache-maven-3.8.6-bin\1ks0nkde5v1pk9vtc31i9d0lcd\apache-maven-3.8.6 -Dclassworlds.conf=C:\Users\99293\.m2\wrapper\dists\apache-maven-3.8.6-bin\1ks0nkde5v1pk9vtc31i9d0lcd\apache-maven-3.8.6\bin\m2.conf -Dmaven.ext.class.path=C:\Program Files\JetBrains\IntelliJ IDEA 2022.1.2\plugins\maven\lib\maven-event-listener.jar -javaagent:C:\Program Files\JetBrains\IntelliJ IDEA 2022.1.2\lib\idea_rt.jar=63221:C:\Program Files\JetBrains\IntelliJ IDEA 2022.1.2\bin -Dfile.encoding=UTF-8 org.codehaus.classworlds.Launcher -Didea.version=2022.1.2 package

Host: 12th Gen Intel(R) Core(TM) i7-12650H, 16 cores, 15G,  Windows 11 , 64 bit Build 22621 (10.0.22621.4391)
Time: Sun Jan 12 12:44:54 2025  Windows 11 , 64 bit Build 22621 (10.0.22621.4391) elapsed time: 12.593486 seconds (0d 0h 0m 12s)

---------------  T H R E A D  ---------------

Current thread (0x00000199773170a0):  JavaThread "ThreadedStreamConsumer" daemon [_thread_in_vm, id=22836, stack(0x0000007f79a00000,0x0000007f79b00000)]

Stack: [0x0000007f79a00000,0x0000007f79b00000]
Native frames: (J=compiled Java code, j=interpreted, Vv=VM code, C=native code)
V  [jvm.dll+0x6ee21a]
V  [jvm.dll+0x85765e]
V  [jvm.dll+0x85904e]
V  [jvm.dll+0x859703]
V  [jvm.dll+0x28298f]
V  [jvm.dll+0x8532db]
V  [jvm.dll+0x692cb6]
V  [jvm.dll+0x692d1a]
V  [jvm.dll+0x695613]
V  [jvm.dll+0x6954de]
V  [jvm.dll+0x6936de]
V  [jvm.dll+0x26f591]
V  [jvm.dll+0x21ea57]
V  [jvm.dll+0x2146a1]
V  [jvm.dll+0x5a9cb6]
V  [jvm.dll+0x2257aa]
V  [jvm.dll+0x7cc802]
V  [jvm.dll+0x7cdc4a]
V  [jvm.dll+0x7cdf78]
V  [jvm.dll+0x271e1b]
V  [jvm.dll+0x3da25e]
C  0x000001995c75d327

Java frames: (J=compiled Java code, j=interpreted, Vv=VM code)
j  java.lang.Throwable.printStackTrace(Ljava/io/PrintWriter;)V+1 java.base@19.0.2
j  org.apache.maven.surefire.util.internal.DumpFileUtils.dumpException(Ljava/lang/Throwable;Ljava/lang/String;Ljava/io/File;)V+63
j  org.apache.maven.plugin.surefire.booterclient.output.InPluginProcessDumpSingleton.dumpStreamException(Ljava/lang/Throwable;Ljava/lang/String;Ljava/io/File;I)Ljava/io/File;+21
j  org.apache.maven.plugin.surefire.booterclient.output.ForkClient.logStreamWarning(Ljava/lang/Throwable;Ljava/lang/String;)V+144
j  org.apache.maven.plugin.surefire.booterclient.output.ForkClient.processLine(Ljava/lang/String;)V+16
j  org.apache.maven.plugin.surefire.booterclient.output.ForkClient.consumeLine(Ljava/lang/String;)V+9
j  org.apache.maven.plugin.surefire.booterclient.output.ThreadedStreamConsumer$Pumper.run()V+46
j  java.lang.Thread.run()V+13 java.base@19.0.2
v  ~StubRoutines::call_stub 0x000001995c73100e

---------------  P R O C E S S  ---------------

Threads class SMR info:
_java_thread_list=0x0000019977415dd0, length=27, elements={
0x000001994d37fbf0, 0x00000199710916f0, 0x00000199710924e0, 0x0000019971094b00,
0x00000199754203f0, 0x0000019975420d20, 0x0000019975421650, 0x000001997109ecb0,
0x000001997109fa30, 0x00000199710b6250, 0x00000199754d9780, 0x00000199755546b0,
0x0000019975553c10, 0x00000199755516e0, 0x0000019975a5f8b0, 0x0000019975a5fe30,
0x0000019977313630, 0x0000019977315b60, 0x0000019977311650, 0x00000199773140d0,
0x0000019977314b70, 0x00000199773160b0, 0x0000019977316600, 0x00000199773170a0,
0x0000019977318090, 0x00000199773185e0, 0x0000019977311ba0
}

Java Threads: ( => current thread )
  0x000001994d37fbf0 JavaThread "main" [_thread_in_native, id=3452, stack(0x0000007f76700000,0x0000007f76800000)]
  0x00000199710916f0 JavaThread "Reference Handler" daemon [_thread_blocked, id=3400, stack(0x0000007f76e00000,0x0000007f76f00000)]
  0x00000199710924e0 JavaThread "Finalizer" daemon [_thread_blocked, id=18436, stack(0x0000007f76f00000,0x0000007f77000000)]
  0x0000019971094b00 JavaThread "Signal Dispatcher" daemon [_thread_blocked, id=10072, stack(0x0000007f77000000,0x0000007f77100000)]
  0x00000199754203f0 JavaThread "Attach Listener" daemon [_thread_blocked, id=17416, stack(0x0000007f77100000,0x0000007f77200000)]
  0x0000019975420d20 JavaThread "Service Thread" daemon [_thread_blocked, id=16664, stack(0x0000007f77200000,0x0000007f77300000)]
  0x0000019975421650 JavaThread "Monitor Deflation Thread" daemon [_thread_blocked, id=7304, stack(0x0000007f77300000,0x0000007f77400000)]
  0x000001997109ecb0 JavaThread "C2 CompilerThread0" daemon [_thread_blocked, id=13344, stack(0x0000007f77400000,0x0000007f77500000)]
  0x000001997109fa30 JavaThread "C1 CompilerThread0" daemon [_thread_blocked, id=23512, stack(0x0000007f77500000,0x0000007f77600000)]
  0x00000199710b6250 JavaThread "Sweeper thread" daemon [_thread_blocked, id=22356, stack(0x0000007f77600000,0x0000007f77700000)]
  0x00000199754d9780 JavaThread "C1 CompilerThread1" daemon [_thread_blocked, id=12016, stack(0x0000007f77700000,0x0000007f77800000)]
  0x00000199755546b0 JavaThread "Common-Cleaner" daemon [_thread_blocked, id=13516, stack(0x0000007f77800000,0x0000007f77900000)]
  0x0000019975553c10 JavaThread "Monitor Ctrl-Break" daemon [_thread_in_native, id=7612, stack(0x0000007f77900000,0x0000007f77a00000)]
  0x00000199755516e0 JavaThread "Notification Thread" daemon [_thread_blocked, id=17672, stack(0x0000007f77a00000,0x0000007f77b00000)]
  0x0000019975a5f8b0 JavaThread "C1 CompilerThread2" daemon [_thread_blocked, id=17696, stack(0x0000007f77d00000,0x0000007f77e00000)]
  0x0000019975a5fe30 JavaThread "C1 CompilerThread3" daemon [_thread_blocked, id=19424, stack(0x0000007f77e00000,0x0000007f77f00000)]
  0x0000019977313630 JavaThread "resolver-1" daemon [_thread_blocked, id=19076, stack(0x0000007f79300000,0x0000007f79400000)]
  0x0000019977315b60 JavaThread "resolver-2" daemon [_thread_blocked, id=14716, stack(0x0000007f79400000,0x0000007f79500000)]
  0x0000019977311650 JavaThread "resolver-3" daemon [_thread_blocked, id=3916, stack(0x0000007f79500000,0x0000007f79600000)]
  0x00000199773140d0 JavaThread "resolver-4" daemon [_thread_blocked, id=18592, stack(0x0000007f79600000,0x0000007f79700000)]
  0x0000019977314b70 JavaThread "resolver-5" daemon [_thread_blocked, id=6300, stack(0x0000007f79700000,0x0000007f79800000)]
  0x00000199773160b0 JavaThread "timeout-check-timer" daemon [_thread_blocked, id=1760, stack(0x0000007f79800000,0x0000007f79900000)]
  0x0000019977316600 JavaThread "ping-timer-10s" daemon [_thread_blocked, id=7344, stack(0x0000007f79900000,0x0000007f79a00000)]
=>0x00000199773170a0 JavaThread "ThreadedStreamConsumer" daemon [_thread_in_vm, id=22836, stack(0x0000007f79a00000,0x0000007f79b00000)]
  0x0000019977318090 JavaThread "Thread-2" [_thread_blocked, id=19956, stack(0x0000007f79b00000,0x0000007f79c00000)]
  0x00000199773185e0 JavaThread "Thread-3" [_thread_in_native, id=15700, stack(0x0000007f79c00000,0x0000007f79d00000)]
  0x0000019977311ba0 JavaThread "Thread-4" [_thread_in_native, id=7100, stack(0x0000007f79d00000,0x0000007f79e00000)]

Other Threads:
  0x00000199710799a0 VMThread "VM Thread" [stack: 0x0000007f76d00000,0x0000007f76e00000] [id=4736]
  0x00000199756a1020 WatcherThread "VM Periodic Task Thread" [stack: 0x0000007f77b00000,0x0000007f77c00000] [id=19144]
  0x000001994d3f17a0 WorkerThread "GC Thread#0" [stack: 0x0000007f76800000,0x0000007f76900000] [id=1732]
  0x00000199759c3510 WorkerThread "GC Thread#1" [stack: 0x0000007f78500000,0x0000007f78600000] [id=18512]
  0x00000199759c29d0 WorkerThread "GC Thread#2" [stack: 0x0000007f78600000,0x0000007f78700000] [id=21784]
  0x00000199759c1bc0 WorkerThread "GC Thread#3" [stack: 0x0000007f78700000,0x0000007f78800000] [id=13356]
  0x00000199759c18f0 WorkerThread "GC Thread#4" [stack: 0x0000007f78800000,0x0000007f78900000] [id=10212]
  0x00000199759c1e90 WorkerThread "GC Thread#5" [stack: 0x0000007f78900000,0x0000007f78a00000] [id=12788]
  0x00000199759c2160 WorkerThread "GC Thread#6" [stack: 0x0000007f78a00000,0x0000007f78b00000] [id=17652]
  0x00000199759c2430 WorkerThread "GC Thread#7" [stack: 0x0000007f78b00000,0x0000007f78c00000] [id=22648]
  0x0000019976cd8340 WorkerThread "GC Thread#8" [stack: 0x0000007f78400000,0x0000007f78500000] [id=15400]
  0x0000019976cd8e80 WorkerThread "GC Thread#9" [stack: 0x0000007f78c00000,0x0000007f78d00000] [id=11124]
  0x0000019976cd88e0 WorkerThread "GC Thread#10" [stack: 0x0000007f78d00000,0x0000007f78e00000] [id=23636]
  0x0000019976cd69f0 WorkerThread "GC Thread#11" [stack: 0x0000007f78e00000,0x0000007f78f00000] [id=13804]
  0x0000019976cd96f0 WorkerThread "GC Thread#12" [stack: 0x0000007f78f00000,0x0000007f79000000] [id=22276]
  0x000001994d402110 ConcurrentGCThread "G1 Main Marker" [stack: 0x0000007f76900000,0x0000007f76a00000] [id=10704]
  0x000001994d402b40 WorkerThread "G1 Conc#0" [stack: 0x0000007f76a00000,0x0000007f76b00000] [id=21540]
  0x0000019976cd8610 WorkerThread "G1 Conc#1" [stack: 0x0000007f79000000,0x0000007f79100000] [id=15268]
  0x0000019976cd99c0 WorkerThread "G1 Conc#2" [stack: 0x0000007f79100000,0x0000007f79200000] [id=13964]
  0x0000019970f311e0 ConcurrentGCThread "G1 Refine#0" [stack: 0x0000007f76b00000,0x0000007f76c00000] [id=14396]
  0x0000019970f31d20 ConcurrentGCThread "G1 Service" [stack: 0x0000007f76c00000,0x0000007f76d00000] [id=11916]

Threads with active compile tasks:

VM state: not at safepoint (normal execution)

VM Mutex/Monitor currently owned by a thread:  ([mutex/lock_event])
[0x000001994d378d70] Metaspace_lock - owner thread: 0x00000199773170a0

Heap address: 0x0000000705e00000, size: 4002 MB, Compressed Oops mode: Zero based, Oop shift amount: 3

CDS archive(s) mapped at: [0x0000000800000000-0x0000000800c40000-0x0000000800c40000), size 12845056, SharedBaseAddress: 0x0000000800000000, ArchiveRelocationMode: 0.
Compressed class space mapped at: 0x0000000801000000-0x0000000841000000, reserved size: 1073741824
Narrow klass base: 0x0000000800000000, Narrow klass shift: 0, Narrow klass range: 0x100000000

GC Precious Log:
 CardTable entry size: 512
 Card Set container configuration: InlinePtr #cards 4 size 8 Array Of Cards #cards 16 size 48 Howl #buckets 8 coarsen threshold 3686 Howl Bitmap #cards 512 size 80 coarsen threshold 460 Card regions per heap region 1 cards per card region 4096
 CPUs: 16 total, 16 available
 Memory: 16004M
 Large Page Support: Disabled
 NUMA Support: Disabled
 Compressed Oops: Enabled (Zero based)
 Heap Region Size: 2M
 Heap Min Capacity: 8M
 Heap Initial Capacity: 252M
 Heap Max Capacity: 4002M
 Pre-touch: Disabled
 Parallel Workers: 13
 Concurrent Workers: 3
 Concurrent Refinement Workers: 13
 Periodic GC: Disabled

Heap:
 garbage-first heap   total 231424K, used 100112K [0x0000000705e00000, 0x0000000800000000)
  region size 2048K, 5 young (10240K), 3 survivors (6144K)
 Metaspace       used 34198K, committed 35392K, reserved 1114112K
  class space    used 3445K, committed 3840K, reserved 1048576K

Heap Regions: E=young(eden), S=young(survivor), O=old, HS=humongous(starts), HC=humongous(continues), CS=collection set, F=free, OA=open archive, CA=closed archive, TAMS=top-at-mark-start (previous, next)
|   0|0x0000000705e00000, 0x0000000706000000, 0x0000000706000000|100%| O|  |TAMS 0x0000000706000000, 0x0000000705e00000| Untracked 
|   1|0x0000000706000000, 0x0000000706200000, 0x0000000706200000|100%| O|  |TAMS 0x0000000706200000, 0x0000000706000000| Untracked 
|   2|0x0000000706200000, 0x0000000706400000, 0x0000000706400000|100%| O|  |TAMS 0x0000000706400000, 0x0000000706200000| Untracked 
|   3|0x0000000706400000, 0x0000000706600000, 0x0000000706600000|100%| O|  |TAMS 0x0000000706600000, 0x0000000706400000| Complete 
|   4|0x0000000706600000, 0x0000000706800000, 0x0000000706800000|100%| O|  |TAMS 0x0000000706800000, 0x0000000706600000| Untracked 
|   5|0x0000000706800000, 0x0000000706a00000, 0x0000000706a00000|100%| O|  |TAMS 0x0000000706a00000, 0x0000000706800000| Complete 
|   6|0x0000000706a00000, 0x0000000706c00000, 0x0000000706c00000|100%| O|  |TAMS 0x0000000706c00000, 0x0000000706a00000| Untracked 
|   7|0x0000000706c00000, 0x0000000706e00000, 0x0000000706e00000|100%| O|  |TAMS 0x0000000706e00000, 0x0000000706c00000| Complete 
|   8|0x0000000706e00000, 0x0000000707000000, 0x0000000707000000|100%| O|  |TAMS 0x0000000707000000, 0x0000000706e00000| Complete 
|   9|0x0000000707000000, 0x0000000707200000, 0x0000000707200000|100%| O|  |TAMS 0x0000000707200000, 0x0000000707000000| Complete 
|  10|0x0000000707200000, 0x0000000707400000, 0x0000000707400000|100%| O|  |TAMS 0x0000000707400000, 0x0000000707200000| Complete 
|  11|0x0000000707400000, 0x0000000707600000, 0x0000000707600000|100%| O|  |TAMS 0x0000000707600000, 0x0000000707400000| Complete 
|  12|0x0000000707600000, 0x0000000707800000, 0x0000000707800000|100%| O|  |TAMS 0x0000000707800000, 0x0000000707600000| Untracked 
|  13|0x0000000707800000, 0x0000000707a00000, 0x0000000707a00000|100%| O|  |TAMS 0x0000000707a00000, 0x0000000707800000| Complete 
|  14|0x0000000707a00000, 0x0000000707c00000, 0x0000000707c00000|100%| O|  |TAMS 0x0000000707c00000, 0x0000000707a00000| Complete 
|  15|0x0000000707c00000, 0x0000000707e00000, 0x0000000707e00000|100%| O|  |TAMS 0x0000000707e00000, 0x0000000707c00000| Complete 
|  16|0x0000000707e00000, 0x0000000708000000, 0x0000000708000000|100%| O|  |TAMS 0x0000000708000000, 0x0000000707e00000| Complete 
|  17|0x0000000708000000, 0x0000000708200000, 0x0000000708200000|100%| O|  |TAMS 0x0000000708200000, 0x0000000708000000| Complete 
|  18|0x0000000708200000, 0x0000000708400000, 0x0000000708400000|100%| O|  |TAMS 0x0000000708400000, 0x0000000708200000| Complete 
|  19|0x0000000708400000, 0x0000000708600000, 0x0000000708600000|100%| O|  |TAMS 0x0000000708600000, 0x0000000708400000| Complete 
|  20|0x0000000708600000, 0x0000000708800000, 0x0000000708800000|100%|HS|  |TAMS 0x0000000708800000, 0x0000000708600000| Complete 
|  21|0x0000000708800000, 0x0000000708a00000, 0x0000000708a00000|100%|HC|  |TAMS 0x0000000708a00000, 0x0000000708800000| Complete 
|  22|0x0000000708a00000, 0x0000000708c00000, 0x0000000708c00000|100%| O|  |TAMS 0x0000000708c00000, 0x0000000708a00000| Complete 
|  23|0x0000000708c00000, 0x0000000708e00000, 0x0000000708e00000|100%| O|  |TAMS 0x0000000708e00000, 0x0000000708c00000| Complete 
|  24|0x0000000708e00000, 0x0000000709000000, 0x0000000709000000|100%| O|  |TAMS 0x0000000709000000, 0x0000000708e00000| Untracked 
|  25|0x0000000709000000, 0x0000000709200000, 0x0000000709200000|100%| O|  |TAMS 0x0000000709200000, 0x0000000709000000| Untracked 
|  26|0x0000000709200000, 0x0000000709400000, 0x0000000709400000|100%| O|  |TAMS 0x0000000709400000, 0x0000000709200000| Untracked 
|  27|0x0000000709400000, 0x0000000709600000, 0x0000000709600000|100%| O|  |TAMS 0x0000000709600000, 0x0000000709400000| Complete 
|  28|0x0000000709600000, 0x0000000709800000, 0x0000000709800000|100%| O|  |TAMS 0x0000000709800000, 0x0000000709600000| Complete 
|  29|0x0000000709800000, 0x0000000709a00000, 0x0000000709a00000|100%| O|  |TAMS 0x0000000709a00000, 0x0000000709800000| Untracked 
|  30|0x0000000709a00000, 0x0000000709c00000, 0x0000000709c00000|100%| O|  |TAMS 0x0000000709c00000, 0x0000000709a00000| Complete 
|  31|0x0000000709c00000, 0x0000000709e00000, 0x0000000709e00000|100%| O|  |TAMS 0x0000000709c00000, 0x0000000709c00000| Untracked 
|  32|0x0000000709e00000, 0x000000070a000000, 0x000000070a000000|100%| O|  |TAMS 0x0000000709e00000, 0x0000000709e00000| Untracked 
|  33|0x000000070a000000, 0x000000070a080400, 0x000000070a200000| 25%| O|  |TAMS 0x000000070a000000, 0x000000070a000000| Untracked 
|  34|0x000000070a200000, 0x000000070a200000, 0x000000070a400000|  0%| F|  |TAMS 0x000000070a200000, 0x000000070a200000| Untracked 
|  35|0x000000070a400000, 0x000000070a400000, 0x000000070a600000|  0%| F|  |TAMS 0x000000070a400000, 0x000000070a400000| Untracked 
|  36|0x000000070a600000, 0x000000070a800000, 0x000000070a800000|100%| O|  |TAMS 0x000000070a800000, 0x000000070a600000| Complete 
|  37|0x000000070a800000, 0x000000070aa00000, 0x000000070aa00000|100%| O|  |TAMS 0x000000070aa00000, 0x000000070a800000| Complete 
|  38|0x000000070aa00000, 0x000000070ac00000, 0x000000070ac00000|100%| O|  |TAMS 0x000000070ac00000, 0x000000070aa00000| Complete 
|  39|0x000000070ac00000, 0x000000070ae00000, 0x000000070ae00000|100%| O|  |TAMS 0x000000070ae00000, 0x000000070ac00000| Complete 
|  40|0x000000070ae00000, 0x000000070ae00000, 0x000000070b000000|  0%| F|  |TAMS 0x000000070ae00000, 0x000000070ae00000| Untracked 
|  41|0x000000070b000000, 0x000000070b200000, 0x000000070b200000|100%| O|  |TAMS 0x000000070b200000, 0x000000070b000000| Complete 
|  42|0x000000070b200000, 0x000000070b200000, 0x000000070b400000|  0%| F|  |TAMS 0x000000070b200000, 0x000000070b200000| Untracked 
|  43|0x000000070b400000, 0x000000070b600000, 0x000000070b600000|100%| O|  |TAMS 0x000000070b600000, 0x000000070b400000| Untracked 
|  44|0x000000070b600000, 0x000000070b600000, 0x000000070b800000|  0%| F|  |TAMS 0x000000070b600000, 0x000000070b600000| Untracked 
|  45|0x000000070b800000, 0x000000070b800000, 0x000000070ba00000|  0%| F|  |TAMS 0x000000070b800000, 0x000000070b800000| Untracked 
|  46|0x000000070ba00000, 0x000000070ba00000, 0x000000070bc00000|  0%| F|  |TAMS 0x000000070ba00000, 0x000000070ba00000| Untracked 
|  47|0x000000070bc00000, 0x000000070bc00000, 0x000000070be00000|  0%| F|  |TAMS 0x000000070bc00000, 0x000000070bc00000| Untracked 
|  48|0x000000070be00000, 0x000000070be00000, 0x000000070c000000|  0%| F|  |TAMS 0x000000070be00000, 0x000000070be00000| Untracked 
|  49|0x000000070c000000, 0x000000070c000000, 0x000000070c200000|  0%| F|  |TAMS 0x000000070c000000, 0x000000070c000000| Untracked 
|  50|0x000000070c200000, 0x000000070c200000, 0x000000070c400000|  0%| F|  |TAMS 0x000000070c200000, 0x000000070c200000| Untracked 
|  51|0x000000070c400000, 0x000000070c400000, 0x000000070c600000|  0%| F|  |TAMS 0x000000070c400000, 0x000000070c400000| Untracked 
|  52|0x000000070c600000, 0x000000070c600000, 0x000000070c800000|  0%| F|  |TAMS 0x000000070c600000, 0x000000070c600000| Untracked 
|  53|0x000000070c800000, 0x000000070c800000, 0x000000070ca00000|  0%| F|  |TAMS 0x000000070c800000, 0x000000070c800000| Untracked 
|  54|0x000000070ca00000, 0x000000070ca00000, 0x000000070cc00000|  0%| F|  |TAMS 0x000000070ca00000, 0x000000070ca00000| Untracked 
|  55|0x000000070cc00000, 0x000000070cc00000, 0x000000070ce00000|  0%| F|  |TAMS 0x000000070cc00000, 0x000000070cc00000| Untracked 
|  56|0x000000070ce00000, 0x000000070ce00000, 0x000000070d000000|  0%| F|  |TAMS 0x000000070ce00000, 0x000000070ce00000| Untracked 
|  57|0x000000070d000000, 0x000000070d000000, 0x000000070d200000|  0%| F|  |TAMS 0x000000070d000000, 0x000000070d000000| Untracked 
|  58|0x000000070d200000, 0x000000070d200000, 0x000000070d400000|  0%| F|  |TAMS 0x000000070d200000, 0x000000070d200000| Untracked 
|  59|0x000000070d400000, 0x000000070d400000, 0x000000070d600000|  0%| F|  |TAMS 0x000000070d400000, 0x000000070d400000| Untracked 
|  60|0x000000070d600000, 0x000000070d600000, 0x000000070d800000|  0%| F|  |TAMS 0x000000070d600000, 0x000000070d600000| Untracked 
|  61|0x000000070d800000, 0x000000070d800000, 0x000000070da00000|  0%| F|  |TAMS 0x000000070d800000, 0x000000070d800000| Untracked 
|  62|0x000000070da00000, 0x000000070da00000, 0x000000070dc00000|  0%| F|  |TAMS 0x000000070da00000, 0x000000070da00000| Untracked 
|  63|0x000000070dc00000, 0x000000070dd43e10, 0x000000070de00000| 63%| S|CS|TAMS 0x000000070dc00000, 0x000000070dc00000| Complete 
|  64|0x000000070de00000, 0x000000070e000000, 0x000000070e000000|100%| S|CS|TAMS 0x000000070de00000, 0x000000070de00000| Complete 
|  65|0x000000070e000000, 0x000000070e200000, 0x000000070e200000|100%| S|CS|TAMS 0x000000070e000000, 0x000000070e000000| Complete 
|  66|0x000000070e200000, 0x000000070e200000, 0x000000070e400000|  0%| F|  |TAMS 0x000000070e200000, 0x000000070e200000| Untracked 
|  67|0x000000070e400000, 0x000000070e400000, 0x000000070e600000|  0%| F|  |TAMS 0x000000070e400000, 0x000000070e400000| Untracked 
|  68|0x000000070e600000, 0x000000070e600000, 0x000000070e800000|  0%| F|  |TAMS 0x000000070e600000, 0x000000070e600000| Untracked 
|  69|0x000000070e800000, 0x000000070e800000, 0x000000070ea00000|  0%| F|  |TAMS 0x000000070e800000, 0x000000070e800000| Untracked 
|  70|0x000000070ea00000, 0x000000070ea00000, 0x000000070ec00000|  0%| F|  |TAMS 0x000000070ea00000, 0x000000070ea00000| Untracked 
|  71|0x000000070ec00000, 0x000000070ec00000, 0x000000070ee00000|  0%| F|  |TAMS 0x000000070ec00000, 0x000000070ec00000| Untracked 
|  72|0x000000070ee00000, 0x000000070ee00000, 0x000000070f000000|  0%| F|  |TAMS 0x000000070ee00000, 0x000000070ee00000| Untracked 
|  73|0x000000070f000000, 0x000000070f000000, 0x000000070f200000|  0%| F|  |TAMS 0x000000070f000000, 0x000000070f000000| Untracked 
|  74|0x000000070f200000, 0x000000070f200000, 0x000000070f400000|  0%| F|  |TAMS 0x000000070f200000, 0x000000070f200000| Untracked 
|  75|0x000000070f400000, 0x000000070f400000, 0x000000070f600000|  0%| F|  |TAMS 0x000000070f400000, 0x000000070f400000| Untracked 
|  76|0x000000070f600000, 0x000000070f600000, 0x000000070f800000|  0%| F|  |TAMS 0x000000070f600000, 0x000000070f600000| Untracked 
|  77|0x000000070f800000, 0x000000070f800000, 0x000000070fa00000|  0%| F|  |TAMS 0x000000070f800000, 0x000000070f800000| Untracked 
|  78|0x000000070fa00000, 0x000000070fa00000, 0x000000070fc00000|  0%| F|  |TAMS 0x000000070fa00000, 0x000000070fa00000| Untracked 
|  79|0x000000070fc00000, 0x000000070fc00000, 0x000000070fe00000|  0%| F|  |TAMS 0x000000070fc00000, 0x000000070fc00000| Untracked 
|  80|0x000000070fe00000, 0x000000070fe00000, 0x0000000710000000|  0%| F|  |TAMS 0x000000070fe00000, 0x000000070fe00000| Untracked 
|  81|0x0000000710000000, 0x0000000710000000, 0x0000000710200000|  0%| F|  |TAMS 0x0000000710000000, 0x0000000710000000| Untracked 
|  82|0x0000000710200000, 0x0000000710200000, 0x0000000710400000|  0%| F|  |TAMS 0x0000000710200000, 0x0000000710200000| Untracked 
|  83|0x0000000710400000, 0x0000000710400000, 0x0000000710600000|  0%| F|  |TAMS 0x0000000710400000, 0x0000000710400000| Untracked 
|  84|0x0000000710600000, 0x0000000710600000, 0x0000000710800000|  0%| F|  |TAMS 0x0000000710600000, 0x0000000710600000| Untracked 
|  85|0x0000000710800000, 0x0000000710800000, 0x0000000710a00000|  0%| F|  |TAMS 0x0000000710800000, 0x0000000710800000| Untracked 
|  86|0x0000000710a00000, 0x0000000710a00000, 0x0000000710c00000|  0%| F|  |TAMS 0x0000000710a00000, 0x0000000710a00000| Untracked 
|  87|0x0000000710c00000, 0x0000000710c00000, 0x0000000710e00000|  0%| F|  |TAMS 0x0000000710c00000, 0x0000000710c00000| Untracked 
|  88|0x0000000710e00000, 0x0000000710e00000, 0x0000000711000000|  0%| F|  |TAMS 0x0000000710e00000, 0x0000000710e00000| Untracked 
|  89|0x0000000711000000, 0x0000000711000000, 0x0000000711200000|  0%| F|  |TAMS 0x0000000711000000, 0x0000000711000000| Untracked 
|  90|0x0000000711200000, 0x0000000711200000, 0x0000000711400000|  0%| F|  |TAMS 0x0000000711200000, 0x0000000711200000| Untracked 
|  91|0x0000000711400000, 0x0000000711400000, 0x0000000711600000|  0%| F|  |TAMS 0x0000000711400000, 0x0000000711400000| Untracked 
|  92|0x0000000711600000, 0x0000000711600000, 0x0000000711800000|  0%| F|  |TAMS 0x0000000711600000, 0x0000000711600000| Untracked 
|  93|0x0000000711800000, 0x0000000711800000, 0x0000000711a00000|  0%| F|  |TAMS 0x0000000711800000, 0x0000000711800000| Untracked 
|  94|0x0000000711a00000, 0x0000000711a00000, 0x0000000711c00000|  0%| F|  |TAMS 0x0000000711a00000, 0x0000000711a00000| Untracked 
|  95|0x0000000711c00000, 0x0000000711c00000, 0x0000000711e00000|  0%| F|  |TAMS 0x0000000711c00000, 0x0000000711c00000| Untracked 
|  96|0x0000000711e00000, 0x0000000711e00000, 0x0000000712000000|  0%| F|  |TAMS 0x0000000711e00000, 0x0000000711e00000| Untracked 
|  97|0x0000000712000000, 0x0000000712000000, 0x0000000712200000|  0%| F|  |TAMS 0x0000000712000000, 0x0000000712000000| Untracked 
|  98|0x0000000712200000, 0x0000000712200000, 0x0000000712400000|  0%| F|  |TAMS 0x0000000712200000, 0x0000000712200000| Untracked 
|  99|0x0000000712400000, 0x0000000712400000, 0x0000000712600000|  0%| F|  |TAMS 0x0000000712400000, 0x0000000712400000| Untracked 
| 100|0x0000000712600000, 0x0000000712600000, 0x0000000712800000|  0%| F|  |TAMS 0x0000000712600000, 0x0000000712600000| Untracked 
| 101|0x0000000712800000, 0x0000000712800000, 0x0000000712a00000|  0%| F|  |TAMS 0x0000000712800000, 0x0000000712800000| Untracked 
| 102|0x0000000712a00000, 0x0000000712a00000, 0x0000000712c00000|  0%| F|  |TAMS 0x0000000712a00000, 0x0000000712a00000| Untracked 
| 103|0x0000000712c00000, 0x0000000712c00000, 0x0000000712e00000|  0%| F|  |TAMS 0x0000000712c00000, 0x0000000712c00000| Untracked 
| 104|0x0000000712e00000, 0x0000000712e00000, 0x0000000713000000|  0%| F|  |TAMS 0x0000000712e00000, 0x0000000712e00000| Untracked 
| 105|0x0000000713000000, 0x0000000713200000, 0x0000000713200000|100%| E|  |TAMS 0x0000000713000000, 0x0000000713000000| Complete 
| 125|0x0000000715800000, 0x0000000715a00000, 0x0000000715a00000|100%| E|CS|TAMS 0x0000000715800000, 0x0000000715800000| Complete 
|1995|0x00000007ff400000, 0x00000007ff600000, 0x00000007ff600000|100%| O|  |TAMS 0x00000007ff600000, 0x00000007ff400000| Untracked 
|1996|0x00000007ff600000, 0x00000007ff800000, 0x00000007ff800000|100%| O|  |TAMS 0x00000007ff800000, 0x00000007ff600000| Complete 
|1997|0x00000007ff800000, 0x00000007ffa00000, 0x00000007ffa00000|100%| O|  |TAMS 0x00000007ffa00000, 0x00000007ff800000| Untracked 
|1998|0x00000007ffa00000, 0x00000007ffc00000, 0x00000007ffc00000|100%| O|  |TAMS 0x00000007ffc00000, 0x00000007ffa00000| Untracked 
|1999|0x00000007ffc00000, 0x00000007ffe00000, 0x00000007ffe00000|100%| O|  |TAMS 0x00000007ffe00000, 0x00000007ffc00000| Untracked 
|2000|0x00000007ffe00000, 0x0000000800000000, 0x0000000800000000|100%| O|  |TAMS 0x0000000800000000, 0x00000007ffe00000| Untracked 

Card table byte_map: [0x0000019965350000,0x0000019965b30000] _byte_map_base: 0x0000019961b21000

Marking Bits (Prev, Next): (CMBitMap*) 0x000001994d3f1dd0, (CMBitMap*) 0x000001994d3f1e10
 Prev Bits: [0x0000019966310000, 0x000001996a198000)
 Next Bits: [0x000001996a1a0000, 0x000001996e028000)

Polling page: 0x000001994cb40000

Metaspace:

Usage:
  Non-class:     30.03 MB used.
      Class:      3.36 MB used.
       Both:     33.40 MB used.

Virtual space:
  Non-class space:       64.00 MB reserved,      30.81 MB ( 48%) committed,  1 nodes.
      Class space:        1.00 GB reserved,       3.75 MB ( <1%) committed,  1 nodes.
             Both:        1.06 GB reserved,      34.56 MB (  3%) committed. 

Chunk freelists:
   Non-Class:  1.48 MB
       Class:  377.00 KB
        Both:  1.84 MB

MaxMetaspaceSize: unlimited
CompressedClassSpaceSize: 1.00 GB
Initial GC threshold: 21.00 MB
Current GC threshold: 57.31 MB
CDS: on
MetaspaceReclaimPolicy: balanced
 - commit_granule_bytes: 65536.
 - commit_granule_words: 8192.
 - virtual_space_node_default_size: 8388608.
 - enlarge_chunks_in_place: 1.
 - new_chunks_are_fully_committed: 0.
 - uncommit_free_chunks: 1.
 - use_allocation_guard: 0.


Internal statistics:

num_allocs_failed_limit: 6.
num_arena_births: 784.
num_arena_deaths: 6.
num_vsnodes_births: 2.
num_vsnodes_deaths: 0.
num_space_committed: 568.
num_space_uncommitted: 9.
num_chunks_returned_to_freelist: 111.
num_chunks_taken_from_freelist: 2181.
num_chunk_merges: 27.
num_chunk_splits: 1493.
num_chunks_enlarged: 1069.
num_inconsistent_stats: 0.

CodeHeap 'non-profiled nmethods': size=119168Kb used=7800Kb max_used=8117Kb free=111367Kb
 bounds [0x000001995ce80000, 0x000001995d6a0000, 0x00000199642e0000]
CodeHeap 'profiled nmethods': size=119104Kb used=20500Kb max_used=22801Kb free=98603Kb
 bounds [0x00000199552e0000, 0x0000019956930000, 0x000001995c730000]
CodeHeap 'non-nmethods': size=7488Kb used=3035Kb max_used=3159Kb free=4452Kb
 bounds [0x000001995c730000, 0x000001995ca50000, 0x000001995ce80000]
 total_blobs=10106 nmethods=9529 adapters=483
 compilation: enabled
              stopped_count=0, restarted_count=0
 full_count=0

Compilation events (20 events):
Event: 10.260 Thread 0x0000019975a5fe30 nmethod 12400 0x00000199558b6590 code [0x00000199558b6740, 0x00000199558b6a68]
Event: 10.260 Thread 0x000001997109fa30 nmethod 12401 0x00000199559b9290 code [0x00000199559b9440, 0x00000199559b9708]
Event: 10.277 Thread 0x0000019975b6f1c0 nmethod 12270 0x000001995d32cd10 code [0x000001995d32d2a0, 0x000001995d332090]
Event: 10.325 Thread 0x00000199768a4450 nmethod 12265 0x000001995d2ee410 code [0x000001995d2eeaa0, 0x000001995d2f4a38]
Event: 10.335 Thread 0x000001997109ecb0 nmethod 12378 0x000001995d36fc10 code [0x000001995d370060, 0x000001995d373820]
Event: 10.378 Thread 0x0000019979348d70 nmethod 12281 0x000001995d242590 code [0x000001995d242c40, 0x000001995d2496b0]
Event: 10.430 Thread 0x00000199763da770 nmethod 12293 0x000001995d25a190 code [0x000001995d25a760, 0x000001995d2622f0]
Event: 10.877 Thread 0x00000199758d3290 nmethod 12133 0x000001995d66d410 code [0x000001995d66e280, 0x000001995d68b920]
Event: 12.558 Thread 0x0000019975a5fe30 12403       3       java.io.BufferedReader::implReadLine (302 bytes)
Event: 12.558 Thread 0x000001997109fa30 12404       3       java.lang.AbstractStringBuilder::append (37 bytes)
Event: 12.558 Thread 0x00000199754d9780 12405       3       org.apache.maven.surefire.util.internal.StringUtils::digit (33 bytes)
Event: 12.558 Thread 0x000001997109fa30 nmethod 12404 0x0000019955834990 code [0x0000019955834b60, 0x0000019955834e68]
Event: 12.559 Thread 0x00000199754d9780 nmethod 12405 0x00000199553f9210 code [0x00000199553f93c0, 0x00000199553f9598]
Event: 12.559 Thread 0x0000019975a5fe30 nmethod 12403 0x00000199560ee390 code [0x00000199560ee680, 0x00000199560ef718]
Event: 12.559 Thread 0x0000019975a5f8b0 12406   !   3       java.io.FileInputStream::available (24 bytes)
Event: 12.559 Thread 0x0000019975a5f8b0 nmethod 12406 0x0000019955dcea10 code [0x0000019955dcebe0, 0x0000019955dcedd8]
Event: 12.560 Thread 0x000001997109ecb0 12407       4       org.apache.maven.surefire.util.internal.StringUtils::digit (33 bytes)
Event: 12.560 Thread 0x000001997109ecb0 nmethod 12407 0x000001995d254810 code [0x000001995d254980, 0x000001995d2549f8]
Event: 12.560 Thread 0x0000019975a5f8b0 12408       3       org.apache.maven.surefire.util.internal.StringUtils::unescapeString (130 bytes)
Event: 12.561 Thread 0x0000019975a5f8b0 nmethod 12408 0x0000019956082d90 code [0x0000019956083020, 0x0000019956083d88]

GC Heap History (20 events):
Event: 5.337 GC heap before
{Heap before GC invocations=15 (full 0):
 garbage-first heap   total 159744K, used 127777K [0x0000000705e00000, 0x0000000800000000)
  region size 2048K, 37 young (75776K), 2 survivors (4096K)
 Metaspace       used 28694K, committed 29248K, reserved 1114112K
  class space    used 2973K, committed 3264K, reserved 1048576K
}
Event: 5.343 GC heap after
{Heap after GC invocations=16 (full 0):
 garbage-first heap   total 159744K, used 57353K [0x0000000705e00000, 0x0000000800000000)
  region size 2048K, 3 young (6144K), 3 survivors (6144K)
 Metaspace       used 28694K, committed 29248K, reserved 1114112K
  class space    used 2973K, committed 3264K, reserved 1048576K
}
Event: 5.497 GC heap before
{Heap before GC invocations=16 (full 0):
 garbage-first heap   total 159744K, used 129033K [0x0000000705e00000, 0x0000000800000000)
  region size 2048K, 38 young (77824K), 3 survivors (6144K)
 Metaspace       used 28749K, committed 29312K, reserved 1114112K
  class space    used 2975K, committed 3264K, reserved 1048576K
}
Event: 5.503 GC heap after
{Heap after GC invocations=17 (full 0):
 garbage-first heap   total 192512K, used 57813K [0x0000000705e00000, 0x0000000800000000)
  region size 2048K, 3 young (6144K), 3 survivors (6144K)
 Metaspace       used 28749K, committed 29312K, reserved 1114112K
  class space    used 2975K, committed 3264K, reserved 1048576K
}
Event: 6.650 GC heap before
{Heap before GC invocations=17 (full 0):
 garbage-first heap   total 192512K, used 156117K [0x0000000705e00000, 0x0000000800000000)
  region size 2048K, 51 young (104448K), 3 survivors (6144K)
 Metaspace       used 31322K, committed 31872K, reserved 1114112K
  class space    used 3235K, committed 3520K, reserved 1048576K
}
Event: 6.658 GC heap after
{Heap after GC invocations=18 (full 0):
 garbage-first heap   total 192512K, used 59073K [0x0000000705e00000, 0x0000000800000000)
  region size 2048K, 4 young (8192K), 4 survivors (8192K)
 Metaspace       used 31322K, committed 31872K, reserved 1114112K
  class space    used 3235K, committed 3520K, reserved 1048576K
}
Event: 7.256 GC heap before
{Heap before GC invocations=18 (full 0):
 garbage-first heap   total 192512K, used 159425K [0x0000000705e00000, 0x0000000800000000)
  region size 2048K, 51 young (104448K), 4 survivors (8192K)
 Metaspace       used 31659K, committed 32256K, reserved 1114112K
  class space    used 3243K, committed 3520K, reserved 1048576K
}
Event: 7.264 GC heap after
{Heap after GC invocations=19 (full 0):
 garbage-first heap   total 192512K, used 64906K [0x0000000705e00000, 0x0000000800000000)
  region size 2048K, 4 young (8192K), 4 survivors (8192K)
 Metaspace       used 31659K, committed 32256K, reserved 1114112K
  class space    used 3243K, committed 3520K, reserved 1048576K
}
Event: 7.740 GC heap before
{Heap before GC invocations=19 (full 0):
 garbage-first heap   total 192512K, used 159114K [0x0000000705e00000, 0x0000000800000000)
  region size 2048K, 50 young (102400K), 4 survivors (8192K)
 Metaspace       used 31949K, committed 32512K, reserved 1114112K
  class space    used 3249K, committed 3520K, reserved 1048576K
}
Event: 7.749 GC heap after
{Heap after GC invocations=20 (full 0):
 garbage-first heap   total 192512K, used 65427K [0x0000000705e00000, 0x0000000800000000)
  region size 2048K, 5 young (10240K), 5 survivors (10240K)
 Metaspace       used 31949K, committed 32512K, reserved 1114112K
  class space    used 3249K, committed 3520K, reserved 1048576K
}
Event: 8.373 GC heap before
{Heap before GC invocations=20 (full 0):
 garbage-first heap   total 192512K, used 155539K [0x0000000705e00000, 0x0000000800000000)
  region size 2048K, 50 young (102400K), 5 survivors (10240K)
 Metaspace       used 32102K, committed 32704K, reserved 1114112K
  class space    used 3259K, committed 3584K, reserved 1048576K
}
Event: 8.387 GC heap after
{Heap after GC invocations=21 (full 0):
 garbage-first heap   total 192512K, used 87616K [0x0000000705e00000, 0x0000000800000000)
  region size 2048K, 7 young (14336K), 7 survivors (14336K)
 Metaspace       used 32102K, committed 32704K, reserved 1114112K
  class space    used 3259K, committed 3584K, reserved 1048576K
}
Event: 8.884 GC heap before
{Heap before GC invocations=21 (full 0):
 garbage-first heap   total 192512K, used 144960K [0x0000000705e00000, 0x0000000800000000)
  region size 2048K, 35 young (71680K), 7 survivors (14336K)
 Metaspace       used 33460K, committed 34048K, reserved 1114112K
  class space    used 3412K, committed 3712K, reserved 1048576K
}
Event: 8.893 GC heap after
{Heap after GC invocations=22 (full 0):
 garbage-first heap   total 231424K, used 93698K [0x0000000705e00000, 0x0000000800000000)
  region size 2048K, 3 young (6144K), 3 survivors (6144K)
 Metaspace       used 33460K, committed 34048K, reserved 1114112K
  class space    used 3412K, committed 3712K, reserved 1048576K
}
Event: 9.200 GC heap before
{Heap before GC invocations=22 (full 0):
 garbage-first heap   total 231424K, used 175618K [0x0000000705e00000, 0x0000000800000000)
  region size 2048K, 43 young (88064K), 3 survivors (6144K)
 Metaspace       used 33764K, committed 34368K, reserved 1114112K
  class space    used 3449K, committed 3776K, reserved 1048576K
}
Event: 9.203 GC heap after
{Heap after GC invocations=23 (full 0):
 garbage-first heap   total 231424K, used 93674K [0x0000000705e00000, 0x0000000800000000)
  region size 2048K, 3 young (6144K), 3 survivors (6144K)
 Metaspace       used 33764K, committed 34368K, reserved 1114112K
  class space    used 3449K, committed 3776K, reserved 1048576K
}
Event: 9.545 GC heap before
{Heap before GC invocations=23 (full 0):
 garbage-first heap   total 231424K, used 181738K [0x0000000705e00000, 0x0000000800000000)
  region size 2048K, 46 young (94208K), 3 survivors (6144K)
 Metaspace       used 33900K, committed 34496K, reserved 1114112K
  class space    used 3457K, committed 3776K, reserved 1048576K
}
Event: 9.549 GC heap after
{Heap after GC invocations=24 (full 0):
 garbage-first heap   total 231424K, used 95029K [0x0000000705e00000, 0x0000000800000000)
  region size 2048K, 4 young (8192K), 4 survivors (8192K)
 Metaspace       used 33900K, committed 34496K, reserved 1114112K
  class space    used 3457K, committed 3776K, reserved 1048576K
}
Event: 10.118 GC heap before
{Heap before GC invocations=24 (full 0):
 garbage-first heap   total 231424K, used 176949K [0x0000000705e00000, 0x0000000800000000)
  region size 2048K, 45 young (92160K), 4 survivors (8192K)
 Metaspace       used 35506K, committed 36096K, reserved 1114112K
  class space    used 3587K, committed 3904K, reserved 1048576K
}
Event: 10.124 GC heap after
{Heap after GC invocations=25 (full 0):
 garbage-first heap   total 231424K, used 98064K [0x0000000705e00000, 0x0000000800000000)
  region size 2048K, 3 young (6144K), 3 survivors (6144K)
 Metaspace       used 35506K, committed 36096K, reserved 1114112K
  class space    used 3587K, committed 3904K, reserved 1048576K
}

Dll operation events (12 events):
Event: 0.005 Loaded shared library C:\Program Files\Java\jdk-19\bin\java.dll
Event: 0.010 Loaded shared library C:\Program Files\Java\jdk-19\bin\jsvml.dll
Event: 0.044 Loaded shared library C:\Program Files\Java\jdk-19\bin\zip.dll
Event: 0.046 Loaded shared library C:\Program Files\Java\jdk-19\bin\instrument.dll
Event: 0.049 Loaded shared library C:\Program Files\Java\jdk-19\bin\net.dll
Event: 0.051 Loaded shared library C:\Program Files\Java\jdk-19\bin\nio.dll
Event: 0.053 Loaded shared library C:\Program Files\Java\jdk-19\bin\zip.dll
Event: 0.066 Loaded shared library C:\Program Files\JetBrains\IntelliJ IDEA 2022.1.2\bin\breakgen64.dll
Event: 0.072 Loaded shared library C:\Program Files\Java\jdk-19\bin\extnet.dll
Event: 0.131 Loaded shared library C:\Program Files\Java\jdk-19\bin\jimage.dll
Event: 0.215 Loaded shared library C:\Users\99293\AppData\Local\Temp\jansi-2.4.0-77dedeb44aa7c47a-jansi.dll
Event: 0.221 Loaded shared library C:\Program Files\Java\jdk-19\bin\verify.dll

Deoptimization events (20 events):
Event: 10.031 Thread 0x0000019977311650 DEOPT PACKING pc=0x000001995d161ad4 sp=0x0000007f795ff330
Event: 10.031 Thread 0x0000019977311650 DEOPT UNPACKING pc=0x000001995c796da3 sp=0x0000007f795ff2f8 mode 2
Event: 10.031 Thread 0x0000019977313630 DEOPT PACKING pc=0x000001995d161ad4 sp=0x0000007f793ff400
Event: 10.031 Thread 0x0000019977313630 DEOPT UNPACKING pc=0x000001995c796da3 sp=0x0000007f793ff3c8 mode 2
Event: 12.557 Thread 0x00000199773185e0 Uncommon trap: trap_request=0xffffff45 fr.pc=0x000001995d0c3240 relative=0x00000000000014a0
Event: 12.557 Thread 0x00000199773185e0 Uncommon trap: reason=unstable_if action=reinterpret pc=0x000001995d0c3240 method=java.io.BufferedReader.implReadLine(Z[Z)Ljava/lang/String; @ 269 c2
Event: 12.557 Thread 0x00000199773185e0 DEOPT PACKING pc=0x000001995d0c3240 sp=0x0000007f79cff100
Event: 12.557 Thread 0x00000199773185e0 DEOPT UNPACKING pc=0x000001995c796da3 sp=0x0000007f79cff0c0 mode 2
Event: 12.592 Thread 0x00000199773170a0 Uncommon trap: trap_request=0xffffffc6 fr.pc=0x000001995d60671c relative=0x0000000000000c9c
Event: 12.592 Thread 0x00000199773170a0 Uncommon trap: reason=bimorphic_or_optimized_type_check action=maybe_recompile pc=0x000001995d60671c method=java.util.stream.AbstractPipeline.copyIntoWithCancel(Ljava/util/stream/Sink;Ljava/util/Spliterator;)Z @ 19 c2
Event: 12.592 Thread 0x00000199773170a0 DEOPT PACKING pc=0x000001995d60671c sp=0x0000007f79afea70
Event: 12.592 Thread 0x00000199773170a0 DEOPT UNPACKING pc=0x000001995c796da3 sp=0x0000007f79afe960 mode 2
Event: 12.592 Thread 0x00000199773170a0 Uncommon trap: trap_request=0xffffffc6 fr.pc=0x000001995d60671c relative=0x0000000000000c9c
Event: 12.592 Thread 0x00000199773170a0 Uncommon trap: reason=bimorphic_or_optimized_type_check action=maybe_recompile pc=0x000001995d60671c method=java.util.stream.AbstractPipeline.copyIntoWithCancel(Ljava/util/stream/Sink;Ljava/util/Spliterator;)Z @ 19 c2
Event: 12.592 Thread 0x00000199773170a0 DEOPT PACKING pc=0x000001995d60671c sp=0x0000007f79afea70
Event: 12.592 Thread 0x00000199773170a0 DEOPT UNPACKING pc=0x000001995c796da3 sp=0x0000007f79afe960 mode 2
Event: 12.592 Thread 0x00000199773170a0 Uncommon trap: trap_request=0xffffffc6 fr.pc=0x000001995d60671c relative=0x0000000000000c9c
Event: 12.592 Thread 0x00000199773170a0 Uncommon trap: reason=bimorphic_or_optimized_type_check action=maybe_recompile pc=0x000001995d60671c method=java.util.stream.AbstractPipeline.copyIntoWithCancel(Ljava/util/stream/Sink;Ljava/util/Spliterator;)Z @ 19 c2
Event: 12.592 Thread 0x00000199773170a0 DEOPT PACKING pc=0x000001995d60671c sp=0x0000007f79afea70
Event: 12.592 Thread 0x00000199773170a0 DEOPT UNPACKING pc=0x000001995c796da3 sp=0x0000007f79afe960 mode 2

Classes loaded (20 events):
Event: 10.247 Loading class java/util/concurrent/ArrayBlockingQueue done
Event: 10.252 Loading class java/util/DualPivotQuicksort
Event: 10.252 Loading class java/util/DualPivotQuicksort done
Event: 10.257 Loading class java/lang/IllegalThreadStateException
Event: 10.257 Loading class java/lang/IllegalThreadStateException done
Event: 10.258 Loading class java/lang/ProcessBuilder
Event: 10.258 Loading class java/lang/ProcessBuilder done
Event: 10.258 Loading class java/lang/ProcessImpl
Event: 10.258 Loading class java/lang/Process
Event: 10.259 Loading class java/lang/Process done
Event: 10.259 Loading class java/lang/ProcessImpl done
Event: 10.274 Loading class java/lang/ProcessImpl$2
Event: 10.274 Loading class java/lang/ProcessImpl$2 done
Event: 10.275 Loading class java/lang/Process$PipeInputStream
Event: 10.275 Loading class java/lang/Process$PipeInputStream done
Event: 10.276 Loading class jdk/internal/event/ProcessStartEvent
Event: 10.277 Loading class jdk/internal/event/Event
Event: 10.277 Loading class jdk/internal/event/Event done
Event: 10.277 Loading class jdk/internal/event/ProcessStartEvent done
Event: 12.592 Loading class java/lang/Throwable$WrappedPrintWriter

Classes unloaded (20 events):
Event: 10.140 Thread 0x00000199710799a0 Unloading class 0x00000008012e2bd0 'lombok/javac/apt/LombokFileObject'
Event: 10.140 Thread 0x00000199710799a0 Unloading class 0x00000008012e29e0 'lombok/javac/apt/LombokFileObjects'
Event: 10.140 Thread 0x00000199710799a0 Unloading class 0x00000008012e27b8 'lombok/javac/apt/MessagerDiagnosticsReceiver'
Event: 10.140 Thread 0x00000199710799a0 Unloading class 0x00000008012e2400 'lombok/javac/apt/InterceptingJavaFileManager'
Event: 10.140 Thread 0x00000199710799a0 Unloading class 0x00000008012e2208 'lombok/permit/dummy/Parent'
Event: 10.140 Thread 0x00000199710799a0 Unloading class 0x00000008012e2000 'lombok/core/CleanupRegistry'
Event: 10.140 Thread 0x00000199710799a0 Unloading class 0x00000008012e1cc8 'lombok/permit/Permit$Fake'
Event: 10.140 Thread 0x00000199710799a0 Unloading class 0x00000008012e1ad8 'lombok/permit/Permit'
Event: 10.140 Thread 0x00000199710799a0 Unloading class 0x00000008012e1800 'lombok/javac/apt/LombokProcessor$1'
Event: 10.140 Thread 0x00000199710799a0 Unloading class 0x00000008012e0d28 'lombok/core/DiagnosticsReceiver'
Event: 10.140 Thread 0x00000199710799a0 Unloading class 0x00000008012e0aa0 'lombok/javac/apt/LombokProcessor'
Event: 10.140 Thread 0x00000199710799a0 Unloading class 0x00000008012e0880 'lombok/core/AnnotationProcessor$EcjDescriptor'
Event: 10.140 Thread 0x00000199710799a0 Unloading class 0x00000008012e0658 'lombok/core/AnnotationProcessor$JavacDescriptor'
Event: 10.140 Thread 0x00000199710799a0 Unloading class 0x00000008012e0270 'lombok/core/AnnotationProcessor$ProcessorDescriptor'
Event: 10.140 Thread 0x00000199710799a0 Unloading class 0x00000008012e0000 'lombok/core/AnnotationProcessor'
Event: 10.140 Thread 0x00000199710799a0 Unloading class 0x00000008012e11f0 'lombok/launch/AnnotationProcessorHider$ClaimingProcessor'
Event: 10.140 Thread 0x00000199710799a0 Unloading class 0x00000008012e1000 'lombok/launch/AnnotationProcessorHider$AstModificationNotifierData'
Event: 10.140 Thread 0x00000199710799a0 Unloading class 0x00000008012b0460 'lombok/launch/ShadowClassLoader'
Event: 10.140 Thread 0x00000199710799a0 Unloading class 0x00000008012b0270 'lombok/launch/Main'
Event: 10.140 Thread 0x00000199710799a0 Unloading class 0x00000008012b0000 'lombok/launch/AnnotationProcessorHider$AnnotationProcessor'

Classes redefined (0 events):
No events

Internal exceptions (20 events):
Event: 9.657 Thread 0x000001994d37fbf0 Exception <a 'sun/nio/fs/WindowsException'{0x00000007116d7c38}> (0x00000007116d7c38) 
thrown [s\open\src\hotspot\share\prims\jni.cpp, line 517]
Event: 9.657 Thread 0x000001994d37fbf0 Exception <a 'sun/nio/fs/WindowsException'{0x00000007116d8310}> (0x00000007116d8310) 
thrown [s\open\src\hotspot\share\prims\jni.cpp, line 517]
Event: 9.658 Thread 0x000001994d37fbf0 Exception <a 'sun/nio/fs/WindowsException'{0x00000007116d91e8}> (0x00000007116d91e8) 
thrown [s\open\src\hotspot\share\prims\jni.cpp, line 517]
Event: 9.665 Thread 0x000001994d37fbf0 Exception <a 'sun/nio/fs/WindowsException'{0x00000007117e1cb8}> (0x00000007117e1cb8) 
thrown [s\open\src\hotspot\share\prims\jni.cpp, line 517]
Event: 9.665 Thread 0x000001994d37fbf0 Exception <a 'sun/nio/fs/WindowsException'{0x00000007117e2390}> (0x00000007117e2390) 
thrown [s\open\src\hotspot\share\prims\jni.cpp, line 517]
Event: 9.665 Thread 0x000001994d37fbf0 Exception <a 'sun/nio/fs/WindowsException'{0x00000007117e3268}> (0x00000007117e3268) 
thrown [s\open\src\hotspot\share\prims\jni.cpp, line 517]
Event: 9.668 Thread 0x000001994d37fbf0 Exception <a 'sun/nio/fs/WindowsException'{0x00000007114640a0}> (0x00000007114640a0) 
thrown [s\open\src\hotspot\share\prims\jni.cpp, line 517]
Event: 9.668 Thread 0x000001994d37fbf0 Exception <a 'sun/nio/fs/WindowsException'{0x0000000711464778}> (0x0000000711464778) 
thrown [s\open\src\hotspot\share\prims\jni.cpp, line 517]
Event: 9.668 Thread 0x000001994d37fbf0 Exception <a 'sun/nio/fs/WindowsException'{0x0000000711465650}> (0x0000000711465650) 
thrown [s\open\src\hotspot\share\prims\jni.cpp, line 517]
Event: 9.679 Thread 0x000001994d37fbf0 Exception <a 'sun/nio/fs/WindowsException'{0x000000071131fed8}> (0x000000071131fed8) 
thrown [s\open\src\hotspot\share\prims\jni.cpp, line 517]
Event: 9.679 Thread 0x000001994d37fbf0 Exception <a 'sun/nio/fs/WindowsException'{0x00000007113205a8}> (0x00000007113205a8) 
thrown [s\open\src\hotspot\share\prims\jni.cpp, line 517]
Event: 9.679 Thread 0x000001994d37fbf0 Exception <a 'sun/nio/fs/WindowsException'{0x0000000711321410}> (0x0000000711321410) 
thrown [s\open\src\hotspot\share\prims\jni.cpp, line 517]
Event: 9.922 Thread 0x000001994d37fbf0 Exception <a 'java/lang/NoSuchMethodError'{0x000000070f871cd0}: 'java.lang.String org.apache.maven.execution.MavenExecutionRequest.getFailureBehavior()'> (0x000000070f871cd0) 
thrown [s\open\src\hotspot\share\interpreter\linkResolver.cpp, line 870]
Event: 9.928 Thread 0x0000019977311650 Exception <a 'java/lang/NoSuchMethodError'{0x000000070fa3b7a0}: 'java.lang.Object java.lang.invoke.DirectMethodHandle$Holder.invokeStatic(java.lang.Object, long, java.lang.Object)'> (0x000000070fa3b7a0) 
thrown [s\open\src\hotspot\share\interpreter\linkResolver.cpp, line 774]
Event: 9.928 Thread 0x0000019977311650 Exception <a 'java/lang/NoSuchMethodError'{0x000000070fa3edf0}: 'java.lang.Object java.lang.invoke.DirectMethodHandle$Holder.invokeStaticInit(java.lang.Object, long, java.lang.Object)'> (0x000000070fa3edf0) 
thrown [s\open\src\hotspot\share\interpreter\linkResolver.cpp, line 774]
Event: 9.929 Thread 0x0000019977311650 Exception <a 'java/lang/NoSuchMethodError'{0x000000070fa44a40}: 'java.lang.Object java.lang.invoke.DirectMethodHandle$Holder.newInvokeSpecial(java.lang.Object, long)'> (0x000000070fa44a40) 
thrown [s\open\src\hotspot\share\interpreter\linkResolver.cpp, line 774]
Event: 9.931 Thread 0x0000019977311650 Exception <a 'java/lang/NoSuchMethodError'{0x000000070fa49278}: 'long java.lang.invoke.DirectMethodHandle$Holder.invokeInterface(java.lang.Object, java.lang.Object)'> (0x000000070fa49278) 
thrown [s\open\src\hotspot\share\interpreter\linkResolver.cpp, line 774]
Event: 9.932 Thread 0x0000019977311650 Exception <a 'java/lang/NoSuchMethodError'{0x000000070fa4cbe0}: 'long java.lang.invoke.DelegatingMethodHandle$Holder.reinvoke_L(java.lang.Object, java.lang.Object)'> (0x000000070fa4cbe0) 
thrown [s\open\src\hotspot\share\interpreter\linkResolver.cpp, line 774]
Event: 9.987 Thread 0x000001994d37fbf0 Exception <a 'java/lang/NoSuchMethodError'{0x000000070f60d0a8}: 'java.lang.Object java.lang.invoke.DirectMethodHandle$Holder.invokeStaticInit(java.lang.Object, java.lang.Object, int, int, int, int)'> (0x000000070f60d0a8) 
thrown [s\open\src\hotspot\share\interpreter\linkResolver.cpp, line 774]
Event: 10.273 Thread 0x000001994d37fbf0 Exception <a 'java/lang/NoSuchMethodError'{0x0000000713070730}: 'void java.lang.invoke.DirectMethodHandle$Holder.invokeStatic(java.lang.Object, long)'> (0x0000000713070730) 
thrown [s\open\src\hotspot\share\interpreter\linkResolver.cpp, line 774]

VM Operations (20 events):
Event: 9.805 Executing VM operation: ICBufferFull
Event: 9.805 Executing VM operation: ICBufferFull done
Event: 9.899 Executing VM operation: HandshakeAllThreads
Event: 9.899 Executing VM operation: HandshakeAllThreads done
Event: 10.118 Executing VM operation: CollectForMetadataAllocation
Event: 10.124 Executing VM operation: CollectForMetadataAllocation done
Event: 10.138 Executing VM operation: G1PauseRemark
Event: 10.153 Executing VM operation: G1PauseRemark done
Event: 10.153 Executing VM operation: HandshakeAllThreads
Event: 10.154 Executing VM operation: HandshakeAllThreads done
Event: 10.168 Executing VM operation: G1PauseCleanup
Event: 10.168 Executing VM operation: G1PauseCleanup done
Event: 10.198 Executing VM operation: HandshakeAllThreads
Event: 10.199 Executing VM operation: HandshakeAllThreads done
Event: 10.199 Executing VM operation: HandshakeAllThreads
Event: 10.199 Executing VM operation: HandshakeAllThreads done
Event: 10.276 Executing VM operation: HandshakeAllThreads
Event: 10.276 Executing VM operation: HandshakeAllThreads done
Event: 11.279 Executing VM operation: Cleanup
Event: 11.280 Executing VM operation: Cleanup done

Events (20 events):
Event: 10.247 Thread 0x00000199710b6250 flushing nmethod 0x000001995678cc10
Event: 10.247 Thread 0x00000199710b6250 flushing nmethod 0x000001995678d410
Event: 10.247 Thread 0x00000199710b6250 flushing nmethod 0x00000199567ae990
Event: 10.247 Thread 0x00000199710b6250 flushing nmethod 0x00000199567c8910
Event: 10.248 Thread 0x00000199710b6250 flushing nmethod 0x00000199567dd090
Event: 10.249 Thread 0x00000199710b6250 flushing nmethod 0x00000199567f6f10
Event: 10.249 Thread 0x00000199710b6250 flushing nmethod 0x0000019956804110
Event: 10.249 Thread 0x00000199710b6250 flushing nmethod 0x0000019956808810
Event: 10.249 Thread 0x00000199710b6250 flushing nmethod 0x0000019956809090
Event: 10.250 Thread 0x00000199773170a0 Thread added: 0x00000199773170a0
Event: 10.283 Thread 0x0000019977318090 Thread added: 0x0000019977318090
Event: 10.283 Thread 0x00000199773185e0 Thread added: 0x00000199773185e0
Event: 10.283 Thread 0x0000019977311ba0 Thread added: 0x0000019977311ba0
Event: 12.558 Thread 0x0000019979348d70 Thread exited: 0x0000019979348d70
Event: 12.558 Thread 0x00000199768a4450 Thread exited: 0x00000199768a4450
Event: 12.558 Thread 0x00000199763da770 Thread exited: 0x00000199763da770
Event: 12.558 Thread 0x0000019976264c30 Thread exited: 0x0000019976264c30
Event: 12.558 Thread 0x0000019975b6f1c0 Thread exited: 0x0000019975b6f1c0
Event: 12.558 Thread 0x00000199758d3290 Thread exited: 0x00000199758d3290
Event: 12.558 Thread 0x000001997600aa40 Thread exited: 0x000001997600aa40


Dynamic libraries:
0x00007ff619270000 - 0x00007ff619280000 	C:\Program Files\Java\jdk-19\bin\java.exe
0x00007ffc01c30000 - 0x00007ffc01e47000 	C:\WINDOWS\SYSTEM32\ntdll.dll
0x00007ffc001d0000 - 0x00007ffc00294000 	C:\WINDOWS\System32\KERNEL32.DLL
0x00007ffbff210000 - 0x00007ffbff5ca000 	C:\WINDOWS\System32\KERNELBASE.dll
0x00007ffbff7e0000 - 0x00007ffbff8f1000 	C:\WINDOWS\System32\ucrtbase.dll
0x00007ffbe6ab0000 - 0x00007ffbe6acb000 	C:\Program Files\Java\jdk-19\bin\VCRUNTIME140.dll
0x00007ffbe70a0000 - 0x00007ffbe70b8000 	C:\Program Files\Java\jdk-19\bin\jli.dll
0x00007ffc005f0000 - 0x00007ffc006a2000 	C:\WINDOWS\System32\ADVAPI32.dll
0x00007ffc00400000 - 0x00007ffc004a7000 	C:\WINDOWS\System32\msvcrt.dll
0x00007ffc01120000 - 0x00007ffc011c7000 	C:\WINDOWS\System32\sechost.dll
0x00007ffbff7b0000 - 0x00007ffbff7d8000 	C:\WINDOWS\System32\bcrypt.dll
0x00007ffc004d0000 - 0x00007ffc005e4000 	C:\WINDOWS\System32\RPCRT4.dll
0x00007ffc014d0000 - 0x00007ffc0167e000 	C:\WINDOWS\System32\USER32.dll
0x00007ffbfeed0000 - 0x00007ffbfeef6000 	C:\WINDOWS\System32\win32u.dll
0x00007ffbe8130000 - 0x00007ffbe83c2000 	C:\WINDOWS\WinSxS\amd64_microsoft.windows.common-controls_6595b64144ccf1df_6.0.22621.4541_none_2710d1c57384c085\COMCTL32.dll
0x00007ffc01680000 - 0x00007ffc016a9000 	C:\WINDOWS\System32\GDI32.dll
0x00007ffbff690000 - 0x00007ffbff7ab000 	C:\WINDOWS\System32\gdi32full.dll
0x00007ffbfef00000 - 0x00007ffbfef9a000 	C:\WINDOWS\System32\msvcp_win.dll
0x00007ffbf6670000 - 0x00007ffbf667a000 	C:\WINDOWS\SYSTEM32\VERSION.dll
0x00007ffc01240000 - 0x00007ffc01271000 	C:\WINDOWS\System32\IMM32.DLL
0x00007ffbe6a40000 - 0x00007ffbe6a4c000 	C:\Program Files\Java\jdk-19\bin\vcruntime140_1.dll
0x00007ffba4e40000 - 0x00007ffba4ece000 	C:\Program Files\Java\jdk-19\bin\msvcp140.dll
0x00007ffb88d30000 - 0x00007ffb899f0000 	C:\Program Files\Java\jdk-19\bin\server\jvm.dll
0x00007ffbf8910000 - 0x00007ffbf8944000 	C:\WINDOWS\SYSTEM32\WINMM.dll
0x00007ffbf8c90000 - 0x00007ffbf8c99000 	C:\WINDOWS\SYSTEM32\WSOCK32.dll
0x00007ffc01450000 - 0x00007ffc014c1000 	C:\WINDOWS\System32\WS2_32.dll
0x00007ffbfe000000 - 0x00007ffbfe018000 	C:\WINDOWS\SYSTEM32\kernel.appcore.dll
0x00007ffbe3d30000 - 0x00007ffbe3d3a000 	C:\Program Files\Java\jdk-19\bin\jimage.dll
0x00007ffbfc6b0000 - 0x00007ffbfc8e2000 	C:\WINDOWS\SYSTEM32\DBGHELP.DLL
0x00007ffbffc20000 - 0x00007ffbfffaf000 	C:\WINDOWS\System32\combase.dll
0x00007ffc006b0000 - 0x00007ffc00787000 	C:\WINDOWS\System32\OLEAUT32.dll
0x00007ffbf4750000 - 0x00007ffbf4782000 	C:\WINDOWS\SYSTEM32\dbgcore.DLL
0x00007ffbfefa0000 - 0x00007ffbff01b000 	C:\WINDOWS\System32\bcryptPrimitives.dll
0x00007ffbf9ee0000 - 0x00007ffbf9eee000 	C:\Program Files\Java\jdk-19\bin\instrument.dll
0x00007ffbbc3e0000 - 0x00007ffbbc406000 	C:\Program Files\Java\jdk-19\bin\java.dll
0x00007ffb8ce70000 - 0x00007ffb8cf47000 	C:\Program Files\Java\jdk-19\bin\jsvml.dll
0x00007ffc00890000 - 0x00007ffc01108000 	C:\WINDOWS\System32\SHELL32.dll
0x00007ffbfcde0000 - 0x00007ffbfd6e8000 	C:\WINDOWS\SYSTEM32\windows.storage.dll
0x00007ffbfcca0000 - 0x00007ffbfcddf000 	C:\WINDOWS\SYSTEM32\wintypes.dll
0x00007ffbff900000 - 0x00007ffbff9fa000 	C:\WINDOWS\System32\SHCORE.dll
0x00007ffc003a0000 - 0x00007ffc003fe000 	C:\WINDOWS\System32\shlwapi.dll
0x00007ffbfee00000 - 0x00007ffbfee2b000 	C:\WINDOWS\SYSTEM32\profapi.dll
0x00007ffbd4200000 - 0x00007ffbd4218000 	C:\Program Files\Java\jdk-19\bin\zip.dll
0x00007ffbc51c0000 - 0x00007ffbc51d3000 	C:\Program Files\Java\jdk-19\bin\net.dll
0x00007ffbfa920000 - 0x00007ffbfaa56000 	C:\WINDOWS\SYSTEM32\WINHTTP.dll
0x00007ffbfe480000 - 0x00007ffbfe4e9000 	C:\WINDOWS\system32\mswsock.dll
0x00007ffbc5060000 - 0x00007ffbc5076000 	C:\Program Files\Java\jdk-19\bin\nio.dll
0x00007ffbf9e20000 - 0x00007ffbf9e3a000 	C:\Program Files\JetBrains\IntelliJ IDEA 2022.1.2\bin\breakgen64.dll
0x00007ffbe3b90000 - 0x00007ffbe3b98000 	C:\Program Files\Java\jdk-19\bin\extnet.dll
0x0000000069ac0000 - 0x0000000069ae4000 	C:\Users\99293\AppData\Local\Temp\jansi-2.4.0-77dedeb44aa7c47a-jansi.dll
0x00007ffbe30c0000 - 0x00007ffbe30d0000 	C:\Program Files\Java\jdk-19\bin\verify.dll
0x00007ffbfe6d0000 - 0x00007ffbfe6eb000 	C:\WINDOWS\SYSTEM32\CRYPTSP.dll
0x00007ffbfdf60000 - 0x00007ffbfdf95000 	C:\WINDOWS\system32\rsaenh.dll
0x00007ffbfe570000 - 0x00007ffbfe598000 	C:\WINDOWS\SYSTEM32\USERENV.dll
0x00007ffbfe6f0000 - 0x00007ffbfe6fc000 	C:\WINDOWS\SYSTEM32\CRYPTBASE.dll
0x00007ffbfd9c0000 - 0x00007ffbfd9ed000 	C:\WINDOWS\SYSTEM32\IPHLPAPI.DLL
0x00007ffc001c0000 - 0x00007ffc001c9000 	C:\WINDOWS\System32\NSI.dll
0x00007ffbfa0c0000 - 0x00007ffbfa0d9000 	C:\WINDOWS\SYSTEM32\dhcpcsvc6.DLL
0x00007ffbf9ea0000 - 0x00007ffbf9ebf000 	C:\WINDOWS\SYSTEM32\dhcpcsvc.DLL
0x00007ffbfda30000 - 0x00007ffbfdb32000 	C:\WINDOWS\SYSTEM32\DNSAPI.dll

dbghelp: loaded successfully - version: 4.0.5 - missing functions: none
symbol engine: initialized successfully - sym options: 0x614 - pdb path: .;C:\Program Files\Java\jdk-19\bin;C:\WINDOWS\SYSTEM32;C:\WINDOWS\WinSxS\amd64_microsoft.windows.common-controls_6595b64144ccf1df_6.0.22621.4541_none_2710d1c57384c085;C:\Program Files\Java\jdk-19\bin\server;C:\Program Files\JetBrains\IntelliJ IDEA 2022.1.2\bin;C:\Users\99293\AppData\Local\Temp

VM Arguments:
jvm_args: -Dmaven.multiModuleProjectDirectory=D:\unitedStates duplicates original -Dmaven.home=C:\Users\99293\.m2\wrapper\dists\apache-maven-3.8.6-bin\1ks0nkde5v1pk9vtc31i9d0lcd\apache-maven-3.8.6 -Dclassworlds.conf=C:\Users\99293\.m2\wrapper\dists\apache-maven-3.8.6-bin\1ks0nkde5v1pk9vtc31i9d0lcd\apache-maven-3.8.6\bin\m2.conf -Dmaven.ext.class.path=C:\Program Files\JetBrains\IntelliJ IDEA 2022.1.2\plugins\maven\lib\maven-event-listener.jar -javaagent:C:\Program Files\JetBrains\IntelliJ IDEA 2022.1.2\lib\idea_rt.jar=63221:C:\Program Files\JetBrains\IntelliJ IDEA 2022.1.2\bin -Dfile.encoding=UTF-8 
java_command: org.codehaus.classworlds.Launcher -Didea.version=2022.1.2 package
java_class_path (initial): C:\Users\99293\.m2\wrapper\dists\apache-maven-3.8.6-bin\1ks0nkde5v1pk9vtc31i9d0lcd\apache-maven-3.8.6\boot\plexus-classworlds-2.6.0.jar;C:\Users\99293\.m2\wrapper\dists\apache-maven-3.8.6-bin\1ks0nkde5v1pk9vtc31i9d0lcd\apache-maven-3.8.6\boot\plexus-classworlds.license
Launcher Type: SUN_STANDARD

[Global flags]
     intx CICompilerCount                          = 12                                        {product} {ergonomic}
     uint ConcGCThreads                            = 3                                         {product} {ergonomic}
     uint G1ConcRefinementThreads                  = 13                                        {product} {ergonomic}
   size_t G1HeapRegionSize                         = 2097152                                   {product} {ergonomic}
    uintx GCDrainStackTargetSize                   = 64                                        {product} {ergonomic}
   size_t InitialHeapSize                          = 264241152                                 {product} {ergonomic}
   size_t MarkStackSize                            = 4194304                                   {product} {ergonomic}
   size_t MaxHeapSize                              = 4196401152                                {product} {ergonomic}
   size_t MaxNewSize                               = 2516582400                                {product} {ergonomic}
   size_t MinHeapDeltaBytes                        = 2097152                                   {product} {ergonomic}
   size_t MinHeapSize                              = 8388608                                   {product} {ergonomic}
    uintx NonNMethodCodeHeapSize                   = 7602480                                {pd product} {ergonomic}
    uintx NonProfiledCodeHeapSize                  = 122027880                              {pd product} {ergonomic}
    uintx ProfiledCodeHeapSize                     = 122027880                              {pd product} {ergonomic}
    uintx ReservedCodeCacheSize                    = 251658240                              {pd product} {ergonomic}
     bool SegmentedCodeCache                       = true                                      {product} {ergonomic}
   size_t SoftMaxHeapSize                          = 4196401152                             {manageable} {ergonomic}
     bool UseCompressedClassPointers               = true                           {product lp64_product} {ergonomic}
     bool UseCompressedOops                        = true                           {product lp64_product} {ergonomic}
     bool UseG1GC                                  = true                                      {product} {ergonomic}
     bool UseLargePagesIndividualAllocation        = false                                  {pd product} {ergonomic}

Logging:
Log output configuration:
 #0: stdout all=warning uptime,level,tags foldmultilines=false
 #1: stderr all=off uptime,level,tags foldmultilines=false

Environment Variables:
JAVA_HOME=C:\Program Files\Java\jdk-19
PATH=C:\Program Files\Common Files\Oracle\Java\javapath;C:\Windows\system32;C:\Windows;C:\Windows\System32\Wbem;C:\Windows\System32\WindowsPowerShell\v1.0\;C:\Windows\System32\OpenSSH\;C:\Program Files (x86)\NVIDIA Corporation\PhysX\Common;C:\Program Files\NVIDIA Corporation\NVIDIA NvDLISR;C:\Program Files (x86)\dotnet\;C:\WINDOWS\system32;C:\WINDOWS;C:\WINDOWS\System32\Wbem;C:\WINDOWS\System32\WindowsPowerShell\v1.0\;C:\WINDOWS\System32\OpenSSH\;C:\Program Files\Java\jdk-19\bin;C:\Program Files\Git\cmd;C:\Users\99293\AppData\Local\Programs\Python\Python311\Scripts\;C:\Users\99293\AppData\Local\Programs\Python\Python311\;C:\Users\99293\AppData\Local\Microsoft\WindowsApps;;C:\Program Files\JetBrains\IntelliJ IDEA 2022.1.2\bin;;C:\Program Files\heroku\bin
USERNAME=ASUS
OS=Windows_NT
PROCESSOR_IDENTIFIER=Intel64 Family 6 Model 154 Stepping 3, GenuineIntel
TMP=C:\Users\99293\AppData\Local\Temp
TEMP=C:\Users\99293\AppData\Local\Temp



---------------  S Y S T E M  ---------------

OS:
 Windows 11 , 64 bit Build 22621 (10.0.22621.4391)
OS uptime: 0 days 15:04 hours
Hyper-V role detected

CPU: total 16 (initial active 16) (8 cores per cpu, 2 threads per core) family 6 model 154 stepping 3 microcode 0x429, cx8, cmov, fxsr, ht, mmx, 3dnowpref, sse, sse2, sse3, ssse3, sse4.1, sse4.2, popcnt, lzcnt, tsc, tscinvbit, avx, avx2, aes, erms, clmul, bmi1, bmi2, adx, sha, fma, vzeroupper, clflush, clflushopt, clwb, hv, serialize, rdtscp, rdpid, fsrm

Memory: 4k page, system-wide physical 16004M (2772M free)
TotalPageFile size 18052M (AvailPageFile size 0M)
current process WorkingSet (physical memory assigned to process): 462M, peak: 543M
current process commit charge ("private bytes"): 503M, peak: 595M

vm_info: Java HotSpot(TM) 64-Bit Server VM (19.0.2+7-44) for windows-amd64 JRE (19.0.2+7-44), built on 2022-11-30T18:02:09Z by "mach5one" with MS VC++ 17.1 (VS2022)

END.
