#
# There is insufficient memory for the Java Runtime Environment to continue.
# Native memory allocation (malloc) failed to allocate 5319264 bytes for Chunk::new
# Possible reasons:
#   The system is out of physical RAM or swap space
#   The process is running with CompressedOops enabled, and the Java Heap may be blocking the growth of the native heap
# Possible solutions:
#   Reduce memory load on the system
#   Increase physical memory or swap space
#   Check if swap backing store is full
#   Decrease Java heap size (-Xmx/-Xms)
#   Decrease number of Java threads
#   Decrease Java thread stack sizes (-Xss)
#   Set larger code cache with -XX:ReservedCodeCacheSize=
#   JVM is running with Zero Based Compressed Oops mode in which the Java heap is
#     placed in the first 32GB address space. The Java Heap base address is the
#     maximum limit for the native heap growth. Please use -XX:HeapBaseMinAddress
#     to set the Java Heap base and to place the Java Heap above 32GB virtual address.
# This output file may be truncated or incomplete.
#
#  Out of Memory Error (arena.cpp:184), pid=14388, tid=19664
#
# JRE version: Java(TM) SE Runtime Environment (19.0.2+7) (build 19.0.2+7-44)
# Java VM: Java HotSpot(TM) 64-Bit Server VM (19.0.2+7-44, mixed mode, sharing, tiered, compressed oops, compressed class ptrs, g1 gc, windows-amd64)
# No core dump will be written. Minidumps are not enabled by default on client versions of Windows
#

---------------  S U M M A R Y ------------

Command Line: -Dmaven.multiModuleProjectDirectory=D:\unitedStates duplicates original -Dmaven.home=C:\Users\99293\.m2\wrapper\dists\apache-maven-3.8.6-bin\1ks0nkde5v1pk9vtc31i9d0lcd\apache-maven-3.8.6 -Dclassworlds.conf=C:\Users\99293\.m2\wrapper\dists\apache-maven-3.8.6-bin\1ks0nkde5v1pk9vtc31i9d0lcd\apache-maven-3.8.6\bin\m2.conf -Dmaven.ext.class.path=C:\Program Files\JetBrains\IntelliJ IDEA 2022.1.2\plugins\maven\lib\maven-event-listener.jar -javaagent:C:\Program Files\JetBrains\IntelliJ IDEA 2022.1.2\lib\idea_rt.jar=61614:C:\Program Files\JetBrains\IntelliJ IDEA 2022.1.2\bin -Dfile.encoding=UTF-8 org.codehaus.classworlds.Launcher -Didea.version=2022.1.2 package

Host: 12th Gen Intel(R) Core(TM) i7-12650H, 16 cores, 15G,  Windows 11 , 64 bit Build 22621 (10.0.22621.2215)
Time: Wed Oct 11 21:10:42 2023  Windows 11 , 64 bit Build 22621 (10.0.22621.2215) elapsed time: 11.305946 seconds (0d 0h 0m 11s)

---------------  T H R E A D  ---------------

Current thread (0x000001257ed53500):  JavaThread "C2 CompilerThread0" daemon [_thread_in_native, id=19664, stack(0x000000149f900000,0x000000149fa00000)]


Current CompileTask:
C2:  11306 11681   !   4       java.lang.ClassLoader::loadClass (121 bytes)

Stack: [0x000000149f900000,0x000000149fa00000]
Native frames: (J=compiled Java code, j=interpreted, Vv=VM code, C=native code)
V  [jvm.dll+0x6ee21a]
V  [jvm.dll+0x85765e]
V  [jvm.dll+0x85904e]
V  [jvm.dll+0x859703]
V  [jvm.dll+0x28298f]
V  [jvm.dll+0xc9adf]
V  [jvm.dll+0xc9e65]
V  [jvm.dll+0x3bca4c]
V  [jvm.dll+0x1ee0aa]
V  [jvm.dll+0x24c52b]
V  [jvm.dll+0x24b781]
V  [jvm.dll+0x1d6ce1]
V  [jvm.dll+0x25b25a]
V  [jvm.dll+0x2596e8]
V  [jvm.dll+0x807588]
V  [jvm.dll+0x80125a]
V  [jvm.dll+0x6ecf0b]
C  [ucrtbase.dll+0x29363]
C  [KERNEL32.DLL+0x1257d]
C  [ntdll.dll+0x5aa68]


---------------  P R O C E S S  ---------------

Threads class SMR info:
_java_thread_list=0x000001252086f0d0, length=34, elements={
0x00000125729ba400, 0x000001257ed3a1a0, 0x000001257ed3af90, 0x000001257ed3bd80,
0x000001257ed437f0, 0x000001257ed44480, 0x000001257ed46dc0, 0x000001257ed53500,
0x000001257ed53e70, 0x000001257ed5b2d0, 0x000001257ed5a2e0, 0x000001251b1236c0,
0x000001257ed592f0, 0x000001257ed5bd70, 0x000001251b572890, 0x000001251b62e200,
0x000001251b62d930, 0x000001251eb683f0, 0x000001251e3f9860, 0x000001251dd7cf00,
0x000001251bde9c00, 0x000001251d6e99b0, 0x000001251d6ec0a0, 0x000001252286e650,
0x000001252286d660, 0x00000125228700e0, 0x000001252286eba0, 0x000001252286f0f0,
0x000001252286f640, 0x000001252286d110, 0x000001257ed5ad80, 0x0000012522d00a10,
0x0000012522cfe4e0, 0x0000012522cfcfa0
}

Java Threads: ( => current thread )
  0x00000125729ba400 JavaThread "main" [_thread_in_native, id=10476, stack(0x000000149ec00000,0x000000149ed00000)]
  0x000001257ed3a1a0 JavaThread "Reference Handler" daemon [_thread_blocked, id=2552, stack(0x000000149f300000,0x000000149f400000)]
  0x000001257ed3af90 JavaThread "Finalizer" daemon [_thread_blocked, id=15696, stack(0x000000149f400000,0x000000149f500000)]
  0x000001257ed3bd80 JavaThread "Signal Dispatcher" daemon [_thread_blocked, id=12156, stack(0x000000149f500000,0x000000149f600000)]
  0x000001257ed437f0 JavaThread "Attach Listener" daemon [_thread_blocked, id=3680, stack(0x000000149f600000,0x000000149f700000)]
  0x000001257ed44480 JavaThread "Service Thread" daemon [_thread_blocked, id=15544, stack(0x000000149f700000,0x000000149f800000)]
  0x000001257ed46dc0 JavaThread "Monitor Deflation Thread" daemon [_thread_blocked, id=20436, stack(0x000000149f800000,0x000000149f900000)]
=>0x000001257ed53500 JavaThread "C2 CompilerThread0" daemon [_thread_in_native, id=19664, stack(0x000000149f900000,0x000000149fa00000)]
  0x000001257ed53e70 JavaThread "C1 CompilerThread0" daemon [_thread_blocked, id=3756, stack(0x000000149fa00000,0x000000149fb00000)]
  0x000001257ed5b2d0 JavaThread "Sweeper thread" daemon [_thread_blocked, id=19320, stack(0x000000149fb00000,0x000000149fc00000)]
  0x000001257ed5a2e0 JavaThread "Common-Cleaner" daemon [_thread_blocked, id=13200, stack(0x000000149fc00000,0x000000149fd00000)]
  0x000001251b1236c0 JavaThread "C1 CompilerThread1" daemon [_thread_blocked, id=14708, stack(0x000000149fd00000,0x000000149fe00000)]
  0x000001257ed592f0 JavaThread "Monitor Ctrl-Break" daemon [_thread_in_native, id=20768, stack(0x000000149fe00000,0x000000149ff00000)]
  0x000001257ed5bd70 JavaThread "Notification Thread" daemon [_thread_blocked, id=8260, stack(0x000000149ff00000,0x00000014a0000000)]
  0x000001251b572890 JavaThread "C1 CompilerThread2" daemon [_thread_blocked, id=1832, stack(0x00000014a0100000,0x00000014a0200000)]
  0x000001251b62e200 JavaThread "C2 CompilerThread1" daemon [_thread_blocked, id=12564, stack(0x00000014a0200000,0x00000014a0300000)]
  0x000001251b62d930 JavaThread "C1 CompilerThread3" daemon [_thread_blocked, id=15728, stack(0x00000014a0400000,0x00000014a0500000)]
  0x000001251eb683f0 JavaThread "C2 CompilerThread2" daemon [_thread_blocked, id=13300, stack(0x00000014a0600000,0x00000014a0700000)]
  0x000001251e3f9860 JavaThread "C2 CompilerThread3" daemon [_thread_blocked, id=19464, stack(0x00000014a0700000,0x00000014a0800000)]
  0x000001251dd7cf00 JavaThread "C2 CompilerThread4" daemon [_thread_blocked, id=18732, stack(0x00000014a1400000,0x00000014a1500000)]
  0x000001251bde9c00 JavaThread "C2 CompilerThread5" daemon [_thread_in_native, id=11684, stack(0x00000014a1500000,0x00000014a1600000)]
  0x000001251d6e99b0 JavaThread "C2 CompilerThread6" daemon [_thread_blocked, id=19840, stack(0x00000014a1600000,0x00000014a1700000)]
  0x000001251d6ec0a0 JavaThread "C2 CompilerThread7" daemon [_thread_blocked, id=18980, stack(0x00000014a1700000,0x00000014a1800000)]
  0x000001252286e650 JavaThread "resolver-1" daemon [_thread_blocked, id=5704, stack(0x00000014a1800000,0x00000014a1900000)]
  0x000001252286d660 JavaThread "resolver-2" daemon [_thread_blocked, id=15204, stack(0x00000014a1900000,0x00000014a1a00000)]
  0x00000125228700e0 JavaThread "resolver-3" daemon [_thread_blocked, id=2348, stack(0x00000014a1a00000,0x00000014a1b00000)]
  0x000001252286eba0 JavaThread "resolver-4" daemon [_thread_blocked, id=11792, stack(0x00000014a1b00000,0x00000014a1c00000)]
  0x000001252286f0f0 JavaThread "resolver-5" daemon [_thread_blocked, id=11520, stack(0x00000014a1c00000,0x00000014a1d00000)]
  0x000001252286f640 JavaThread "timeout-check-timer" daemon [_thread_blocked, id=16300, stack(0x00000014a1d00000,0x00000014a1e00000)]
  0x000001252286d110 JavaThread "ping-timer-10s" daemon [_thread_blocked, id=21708, stack(0x00000014a1e00000,0x00000014a1f00000)]
  0x000001257ed5ad80 JavaThread "ThreadedStreamConsumer" daemon [_thread_blocked, id=4320, stack(0x00000014a1f00000,0x00000014a2000000)]
  0x0000012522d00a10 JavaThread "Thread-2" [_thread_blocked, id=12660, stack(0x00000014a2000000,0x00000014a2100000)]
  0x0000012522cfe4e0 JavaThread "Thread-3" [_thread_in_native, id=15208, stack(0x00000014a2100000,0x00000014a2200000)]
  0x0000012522cfcfa0 JavaThread "Thread-4" [_thread_in_native, id=14596, stack(0x00000014a2200000,0x00000014a2300000)]

Other Threads:
  0x000001257ed20e80 VMThread "VM Thread" [stack: 0x000000149f200000,0x000000149f300000] [id=6096]
  0x000001251b1f6e00 WatcherThread "VM Periodic Task Thread" [stack: 0x00000014a0000000,0x00000014a0100000] [id=3180]
  0x0000012572a2bfb0 WorkerThread "GC Thread#0" [stack: 0x000000149ed00000,0x000000149ee00000] [id=16524]
  0x000001251b523850 WorkerThread "GC Thread#1" [stack: 0x00000014a0a00000,0x00000014a0b00000] [id=13592]
  0x000001251b522fe0 WorkerThread "GC Thread#2" [stack: 0x00000014a0b00000,0x00000014a0c00000] [id=7756]
  0x000001251b5240c0 WorkerThread "GC Thread#3" [stack: 0x00000014a0c00000,0x00000014a0d00000] [id=19340]
  0x000001251b524390 WorkerThread "GC Thread#4" [stack: 0x00000014a0d00000,0x00000014a0e00000] [id=15372]
  0x000001251b524660 WorkerThread "GC Thread#5" [stack: 0x00000014a0e00000,0x00000014a0f00000] [id=11372]
  0x000001251b523580 WorkerThread "GC Thread#6" [stack: 0x00000014a0f00000,0x00000014a1000000] [id=7868]
  0x000001251b523b20 WorkerThread "GC Thread#7" [stack: 0x00000014a1000000,0x00000014a1100000] [id=15452]
  0x000001251beea800 WorkerThread "GC Thread#8" [stack: 0x00000014a0800000,0x00000014a0900000] [id=10996]
  0x000001251beeada0 WorkerThread "GC Thread#9" [stack: 0x00000014a0900000,0x00000014a0a00000] [id=5416]
  0x000001251bee7b00 WorkerThread "GC Thread#10" [stack: 0x00000014a1100000,0x00000014a1200000] [id=8712]
  0x000001251beeaad0 WorkerThread "GC Thread#11" [stack: 0x00000014a1200000,0x00000014a1300000] [id=10188]
  0x000001251bee8910 WorkerThread "GC Thread#12" [stack: 0x00000014a1300000,0x00000014a1400000] [id=11696]
  0x0000012572a3c920 ConcurrentGCThread "G1 Main Marker" [stack: 0x000000149ee00000,0x000000149ef00000] [id=20712]
  0x0000012572a3e360 WorkerThread "G1 Conc#0" [stack: 0x000000149ef00000,0x000000149f000000] [id=9580]
  0x000001251bee9450 WorkerThread "G1 Conc#1" [stack: 0x00000014a0300000,0x00000014a0400000] [id=4936]
  0x000001251bee9cc0 WorkerThread "G1 Conc#2" [stack: 0x00000014a0500000,0x00000014a0600000] [id=1620]
  0x0000012572a7e700 ConcurrentGCThread "G1 Refine#0" [stack: 0x000000149f000000,0x000000149f100000] [id=4736]
  0x000001257ebde280 ConcurrentGCThread "G1 Service" [stack: 0x000000149f100000,0x000000149f200000] [id=21796]

Threads with active compile tasks:
C2 CompilerThread0    11321 11681   !   4       java.lang.ClassLoader::loadClass (121 bytes)
C2 CompilerThread5    11321 11828       4       org.apache.maven.model.inheritance.DefaultInheritanceAssembler$InheritanceModelMerger::mergePluginContainer_Plugins (430 bytes)

VM state: not at safepoint (normal execution)

VM Mutex/Monitor currently owned by a thread: None

Heap address: 0x0000000705e00000, size: 4002 MB, Compressed Oops mode: Zero based, Oop shift amount: 3

CDS archive(s) mapped at: [0x0000000800000000-0x0000000800c40000-0x0000000800c40000), size 12845056, SharedBaseAddress: 0x0000000800000000, ArchiveRelocationMode: 0.
Compressed class space mapped at: 0x0000000801000000-0x0000000841000000, reserved size: 1073741824
Narrow klass base: 0x0000000800000000, Narrow klass shift: 0, Narrow klass range: 0x100000000

GC Precious Log:
 CardTable entry size: 512
 Card Set container configuration: InlinePtr #cards 4 size 8 Array Of Cards #cards 16 size 48 Howl #buckets 8 coarsen threshold 3686 Howl Bitmap #cards 512 size 80 coarsen threshold 460 Card regions per heap region 1 cards per card region 4096
 CPUs: 16 total, 16 available
 Memory: 16005M
 Large Page Support: Disabled
 NUMA Support: Disabled
 Compressed Oops: Enabled (Zero based)
 Heap Region Size: 2M
 Heap Min Capacity: 8M
 Heap Initial Capacity: 252M
 Heap Max Capacity: 4002M
 Pre-touch: Disabled
 Parallel Workers: 13
 Concurrent Workers: 3
 Concurrent Refinement Workers: 13
 Periodic GC: Disabled

Heap:
 garbage-first heap   total 274432K, used 180409K [0x0000000705e00000, 0x0000000800000000)
  region size 2048K, 53 young (108544K), 7 survivors (14336K)
 Metaspace       used 35570K, committed 36224K, reserved 1114112K
  class space    used 3618K, committed 3904K, reserved 1048576K

Heap Regions: E=young(eden), S=young(survivor), O=old, HS=humongous(starts), HC=humongous(continues), CS=collection set, F=free, OA=open archive, CA=closed archive, TAMS=top-at-mark-start (previous, next)
|   0|0x0000000705e00000, 0x0000000706000000, 0x0000000706000000|100%| O|  |TAMS 0x0000000706000000, 0x0000000705e00000| Untracked 
|   1|0x0000000706000000, 0x0000000706200000, 0x0000000706200000|100%| O|  |TAMS 0x0000000706017a00, 0x0000000706000000| Untracked 
|   2|0x0000000706200000, 0x0000000706400000, 0x0000000706400000|100%| O|  |TAMS 0x0000000706400000, 0x0000000706200000| Untracked 
|   3|0x0000000706400000, 0x0000000706600000, 0x0000000706600000|100%| O|  |TAMS 0x0000000706600000, 0x0000000706400000| Untracked 
|   4|0x0000000706600000, 0x0000000706800000, 0x0000000706800000|100%| O|  |TAMS 0x0000000706800000, 0x0000000706600000| Untracked 
|   5|0x0000000706800000, 0x0000000706a00000, 0x0000000706a00000|100%| O|  |TAMS 0x0000000706a00000, 0x0000000706800000| Untracked 
|   6|0x0000000706a00000, 0x0000000706c00000, 0x0000000706c00000|100%| O|  |TAMS 0x0000000706c00000, 0x0000000706a00000| Untracked 
|   7|0x0000000706c00000, 0x0000000706e00000, 0x0000000706e00000|100%| O|  |TAMS 0x0000000706e00000, 0x0000000706c00000| Untracked 
|   8|0x0000000706e00000, 0x0000000707000000, 0x0000000707000000|100%| O|  |TAMS 0x0000000707000000, 0x0000000706e00000| Untracked 
|   9|0x0000000707000000, 0x0000000707200000, 0x0000000707200000|100%| O|  |TAMS 0x0000000707000000, 0x0000000707000000| Untracked 
|  10|0x0000000707200000, 0x0000000707400000, 0x0000000707400000|100%| O|  |TAMS 0x0000000707200000, 0x0000000707200000| Untracked 
|  11|0x0000000707400000, 0x0000000707600000, 0x0000000707600000|100%| O|  |TAMS 0x0000000707400000, 0x0000000707400000| Untracked 
|  12|0x0000000707600000, 0x0000000707800000, 0x0000000707800000|100%| O|  |TAMS 0x0000000707800000, 0x0000000707600000| Untracked 
|  13|0x0000000707800000, 0x0000000707a00000, 0x0000000707a00000|100%| O|  |TAMS 0x0000000707a00000, 0x0000000707800000| Untracked 
|  14|0x0000000707a00000, 0x0000000707c00000, 0x0000000707c00000|100%| O|  |TAMS 0x0000000707c00000, 0x0000000707a00000| Untracked 
|  15|0x0000000707c00000, 0x0000000707e00000, 0x0000000707e00000|100%| O|  |TAMS 0x0000000707e00000, 0x0000000707c00000| Untracked 
|  16|0x0000000707e00000, 0x0000000708000000, 0x0000000708000000|100%| O|  |TAMS 0x0000000707e00000, 0x0000000707e00000| Untracked 
|  17|0x0000000708000000, 0x0000000708200000, 0x0000000708200000|100%| O|  |TAMS 0x0000000708000000, 0x0000000708000000| Untracked 
|  18|0x0000000708200000, 0x0000000708400000, 0x0000000708400000|100%| O|  |TAMS 0x0000000708200000, 0x0000000708200000| Untracked 
|  19|0x0000000708400000, 0x0000000708600000, 0x0000000708600000|100%| O|  |TAMS 0x0000000708400000, 0x0000000708400000| Untracked 
|  20|0x0000000708600000, 0x0000000708800000, 0x0000000708800000|100%| O|  |TAMS 0x0000000708600000, 0x0000000708600000| Untracked 
|  21|0x0000000708800000, 0x0000000708a00000, 0x0000000708a00000|100%| O|  |TAMS 0x0000000708800000, 0x0000000708800000| Untracked 
|  22|0x0000000708a00000, 0x0000000708c00000, 0x0000000708c00000|100%| O|  |TAMS 0x0000000708a00000, 0x0000000708a00000| Untracked 
|  23|0x0000000708c00000, 0x0000000708e00000, 0x0000000708e00000|100%| O|  |TAMS 0x0000000708c00000, 0x0000000708c00000| Untracked 
|  24|0x0000000708e00000, 0x0000000709000000, 0x0000000709000000|100%| O|  |TAMS 0x0000000708e00000, 0x0000000708e00000| Untracked 
|  25|0x0000000709000000, 0x0000000709200000, 0x0000000709200000|100%|HS|  |TAMS 0x0000000709000000, 0x0000000709000000| Complete 
|  26|0x0000000709200000, 0x0000000709400000, 0x0000000709400000|100%|HC|  |TAMS 0x0000000709200000, 0x0000000709200000| Complete 
|  27|0x0000000709400000, 0x0000000709600000, 0x0000000709600000|100%| O|  |TAMS 0x0000000709400000, 0x0000000709400000| Untracked 
|  28|0x0000000709600000, 0x0000000709800000, 0x0000000709800000|100%| O|  |TAMS 0x0000000709600000, 0x0000000709600000| Untracked 
|  29|0x0000000709800000, 0x0000000709a00000, 0x0000000709a00000|100%| O|  |TAMS 0x0000000709800000, 0x0000000709800000| Untracked 
|  30|0x0000000709a00000, 0x0000000709c00000, 0x0000000709c00000|100%| O|  |TAMS 0x0000000709a00000, 0x0000000709a00000| Untracked 
|  31|0x0000000709c00000, 0x0000000709e00000, 0x0000000709e00000|100%| O|  |TAMS 0x0000000709c00000, 0x0000000709c00000| Untracked 
|  32|0x0000000709e00000, 0x000000070a000000, 0x000000070a000000|100%| O|  |TAMS 0x0000000709e00000, 0x0000000709e00000| Untracked 
|  33|0x000000070a000000, 0x000000070a200000, 0x000000070a200000|100%| O|  |TAMS 0x000000070a000000, 0x000000070a000000| Untracked 
|  34|0x000000070a200000, 0x000000070a400000, 0x000000070a400000|100%| O|  |TAMS 0x000000070a200000, 0x000000070a200000| Untracked 
|  35|0x000000070a400000, 0x000000070a458200, 0x000000070a600000| 17%| O|  |TAMS 0x000000070a400000, 0x000000070a400000| Untracked 
|  36|0x000000070a600000, 0x000000070a600000, 0x000000070a800000|  0%| F|  |TAMS 0x000000070a600000, 0x000000070a600000| Untracked 
|  37|0x000000070a800000, 0x000000070a800000, 0x000000070aa00000|  0%| F|  |TAMS 0x000000070a800000, 0x000000070a800000| Untracked 
|  38|0x000000070aa00000, 0x000000070aa00000, 0x000000070ac00000|  0%| F|  |TAMS 0x000000070aa00000, 0x000000070aa00000| Untracked 
|  39|0x000000070ac00000, 0x000000070ac00000, 0x000000070ae00000|  0%| F|  |TAMS 0x000000070ac00000, 0x000000070ac00000| Untracked 
|  40|0x000000070ae00000, 0x000000070ae00000, 0x000000070b000000|  0%| F|  |TAMS 0x000000070ae00000, 0x000000070ae00000| Untracked 
|  41|0x000000070b000000, 0x000000070b000000, 0x000000070b200000|  0%| F|  |TAMS 0x000000070b000000, 0x000000070b000000| Untracked 
|  42|0x000000070b200000, 0x000000070b200000, 0x000000070b400000|  0%| F|  |TAMS 0x000000070b200000, 0x000000070b200000| Untracked 
|  43|0x000000070b400000, 0x000000070b400000, 0x000000070b600000|  0%| F|  |TAMS 0x000000070b400000, 0x000000070b400000| Untracked 
|  44|0x000000070b600000, 0x000000070b600000, 0x000000070b800000|  0%| F|  |TAMS 0x000000070b600000, 0x000000070b600000| Untracked 
|  45|0x000000070b800000, 0x000000070b800000, 0x000000070ba00000|  0%| F|  |TAMS 0x000000070b800000, 0x000000070b800000| Untracked 
|  46|0x000000070ba00000, 0x000000070ba00000, 0x000000070bc00000|  0%| F|  |TAMS 0x000000070ba00000, 0x000000070ba00000| Untracked 
|  47|0x000000070bc00000, 0x000000070bc00000, 0x000000070be00000|  0%| F|  |TAMS 0x000000070bc00000, 0x000000070bc00000| Untracked 
|  48|0x000000070be00000, 0x000000070be00000, 0x000000070c000000|  0%| F|  |TAMS 0x000000070be00000, 0x000000070be00000| Untracked 
|  49|0x000000070c000000, 0x000000070c000000, 0x000000070c200000|  0%| F|  |TAMS 0x000000070c000000, 0x000000070c000000| Untracked 
|  50|0x000000070c200000, 0x000000070c200000, 0x000000070c400000|  0%| F|  |TAMS 0x000000070c200000, 0x000000070c200000| Untracked 
|  51|0x000000070c400000, 0x000000070c400000, 0x000000070c600000|  0%| F|  |TAMS 0x000000070c400000, 0x000000070c400000| Untracked 
|  52|0x000000070c600000, 0x000000070c600000, 0x000000070c800000|  0%| F|  |TAMS 0x000000070c600000, 0x000000070c600000| Untracked 
|  53|0x000000070c800000, 0x000000070c800000, 0x000000070ca00000|  0%| F|  |TAMS 0x000000070c800000, 0x000000070c800000| Untracked 
|  54|0x000000070ca00000, 0x000000070ca00000, 0x000000070cc00000|  0%| F|  |TAMS 0x000000070ca00000, 0x000000070ca00000| Untracked 
|  55|0x000000070cc00000, 0x000000070cc00000, 0x000000070ce00000|  0%| F|  |TAMS 0x000000070cc00000, 0x000000070cc00000| Untracked 
|  56|0x000000070ce00000, 0x000000070ce00000, 0x000000070d000000|  0%| F|  |TAMS 0x000000070ce00000, 0x000000070ce00000| Untracked 
|  57|0x000000070d000000, 0x000000070d000000, 0x000000070d200000|  0%| F|  |TAMS 0x000000070d000000, 0x000000070d000000| Untracked 
|  58|0x000000070d200000, 0x000000070d200000, 0x000000070d400000|  0%| F|  |TAMS 0x000000070d200000, 0x000000070d200000| Untracked 
|  59|0x000000070d400000, 0x000000070d400000, 0x000000070d600000|  0%| F|  |TAMS 0x000000070d400000, 0x000000070d400000| Untracked 
|  60|0x000000070d600000, 0x000000070d7d6590, 0x000000070d800000| 91%| S|CS|TAMS 0x000000070d600000, 0x000000070d600000| Complete 
|  61|0x000000070d800000, 0x000000070da00000, 0x000000070da00000|100%| S|CS|TAMS 0x000000070d800000, 0x000000070d800000| Complete 
|  62|0x000000070da00000, 0x000000070dc00000, 0x000000070dc00000|100%| S|CS|TAMS 0x000000070da00000, 0x000000070da00000| Complete 
|  63|0x000000070dc00000, 0x000000070de00000, 0x000000070de00000|100%| S|CS|TAMS 0x000000070dc00000, 0x000000070dc00000| Complete 
|  64|0x000000070de00000, 0x000000070e000000, 0x000000070e000000|100%| S|CS|TAMS 0x000000070de00000, 0x000000070de00000| Complete 
|  65|0x000000070e000000, 0x000000070e200000, 0x000000070e200000|100%| S|CS|TAMS 0x000000070e000000, 0x000000070e000000| Complete 
|  66|0x000000070e200000, 0x000000070e400000, 0x000000070e400000|100%| S|CS|TAMS 0x000000070e200000, 0x000000070e200000| Complete 
|  67|0x000000070e400000, 0x000000070e400000, 0x000000070e600000|  0%| F|  |TAMS 0x000000070e400000, 0x000000070e400000| Untracked 
|  68|0x000000070e600000, 0x000000070e600000, 0x000000070e800000|  0%| F|  |TAMS 0x000000070e600000, 0x000000070e600000| Untracked 
|  69|0x000000070e800000, 0x000000070e800000, 0x000000070ea00000|  0%| F|  |TAMS 0x000000070e800000, 0x000000070e800000| Untracked 
|  70|0x000000070ea00000, 0x000000070ea00000, 0x000000070ec00000|  0%| F|  |TAMS 0x000000070ea00000, 0x000000070ea00000| Untracked 
|  71|0x000000070ec00000, 0x000000070ec00000, 0x000000070ee00000|  0%| F|  |TAMS 0x000000070ec00000, 0x000000070ec00000| Untracked 
|  72|0x000000070ee00000, 0x000000070ee00000, 0x000000070f000000|  0%| F|  |TAMS 0x000000070ee00000, 0x000000070ee00000| Untracked 
|  73|0x000000070f000000, 0x000000070f000000, 0x000000070f200000|  0%| F|  |TAMS 0x000000070f000000, 0x000000070f000000| Untracked 
|  74|0x000000070f200000, 0x000000070f200000, 0x000000070f400000|  0%| F|  |TAMS 0x000000070f200000, 0x000000070f200000| Untracked 
|  75|0x000000070f400000, 0x000000070f400000, 0x000000070f600000|  0%| F|  |TAMS 0x000000070f400000, 0x000000070f400000| Untracked 
|  76|0x000000070f600000, 0x000000070f600000, 0x000000070f800000|  0%| F|  |TAMS 0x000000070f600000, 0x000000070f600000| Untracked 
|  77|0x000000070f800000, 0x000000070f800000, 0x000000070fa00000|  0%| F|  |TAMS 0x000000070f800000, 0x000000070f800000| Untracked 
|  78|0x000000070fa00000, 0x000000070fa00000, 0x000000070fc00000|  0%| F|  |TAMS 0x000000070fa00000, 0x000000070fa00000| Untracked 
|  79|0x000000070fc00000, 0x000000070fc00000, 0x000000070fe00000|  0%| F|  |TAMS 0x000000070fc00000, 0x000000070fc00000| Untracked 
|  80|0x000000070fe00000, 0x000000070fe00000, 0x0000000710000000|  0%| F|  |TAMS 0x000000070fe00000, 0x000000070fe00000| Untracked 
|  81|0x0000000710000000, 0x0000000710000000, 0x0000000710200000|  0%| F|  |TAMS 0x0000000710000000, 0x0000000710000000| Untracked 
|  82|0x0000000710200000, 0x0000000710200000, 0x0000000710400000|  0%| F|  |TAMS 0x0000000710200000, 0x0000000710200000| Untracked 
|  83|0x0000000710400000, 0x0000000710400000, 0x0000000710600000|  0%| F|  |TAMS 0x0000000710400000, 0x0000000710400000| Untracked 
|  84|0x0000000710600000, 0x0000000710600000, 0x0000000710800000|  0%| F|  |TAMS 0x0000000710600000, 0x0000000710600000| Untracked 
|  85|0x0000000710800000, 0x0000000710800000, 0x0000000710a00000|  0%| F|  |TAMS 0x0000000710800000, 0x0000000710800000| Untracked 
|  86|0x0000000710a00000, 0x0000000710a00000, 0x0000000710c00000|  0%| F|  |TAMS 0x0000000710a00000, 0x0000000710a00000| Untracked 
|  87|0x0000000710c00000, 0x0000000710c00800, 0x0000000710e00000|  0%| E|  |TAMS 0x0000000710c00000, 0x0000000710c00000| Complete 
|  88|0x0000000710e00000, 0x0000000711000000, 0x0000000711000000|100%| E|CS|TAMS 0x0000000710e00000, 0x0000000710e00000| Complete 
|  89|0x0000000711000000, 0x0000000711200000, 0x0000000711200000|100%| E|CS|TAMS 0x0000000711000000, 0x0000000711000000| Complete 
|  90|0x0000000711200000, 0x0000000711400000, 0x0000000711400000|100%| E|CS|TAMS 0x0000000711200000, 0x0000000711200000| Complete 
|  91|0x0000000711400000, 0x0000000711600000, 0x0000000711600000|100%| E|CS|TAMS 0x0000000711400000, 0x0000000711400000| Complete 
|  92|0x0000000711600000, 0x0000000711800000, 0x0000000711800000|100%| E|CS|TAMS 0x0000000711600000, 0x0000000711600000| Complete 
|  93|0x0000000711800000, 0x0000000711a00000, 0x0000000711a00000|100%| E|CS|TAMS 0x0000000711800000, 0x0000000711800000| Complete 
|  94|0x0000000711a00000, 0x0000000711c00000, 0x0000000711c00000|100%| E|CS|TAMS 0x0000000711a00000, 0x0000000711a00000| Complete 
|  95|0x0000000711c00000, 0x0000000711e00000, 0x0000000711e00000|100%| E|CS|TAMS 0x0000000711c00000, 0x0000000711c00000| Complete 
|  96|0x0000000711e00000, 0x0000000712000000, 0x0000000712000000|100%| E|CS|TAMS 0x0000000711e00000, 0x0000000711e00000| Complete 
|  97|0x0000000712000000, 0x0000000712200000, 0x0000000712200000|100%| E|CS|TAMS 0x0000000712000000, 0x0000000712000000| Complete 
|  98|0x0000000712200000, 0x0000000712400000, 0x0000000712400000|100%| E|CS|TAMS 0x0000000712200000, 0x0000000712200000| Complete 
|  99|0x0000000712400000, 0x0000000712600000, 0x0000000712600000|100%| E|CS|TAMS 0x0000000712400000, 0x0000000712400000| Complete 
| 100|0x0000000712600000, 0x0000000712800000, 0x0000000712800000|100%| E|CS|TAMS 0x0000000712600000, 0x0000000712600000| Complete 
| 101|0x0000000712800000, 0x0000000712a00000, 0x0000000712a00000|100%| E|CS|TAMS 0x0000000712800000, 0x0000000712800000| Complete 
| 102|0x0000000712a00000, 0x0000000712c00000, 0x0000000712c00000|100%| E|CS|TAMS 0x0000000712a00000, 0x0000000712a00000| Complete 
| 103|0x0000000712c00000, 0x0000000712e00000, 0x0000000712e00000|100%| E|CS|TAMS 0x0000000712c00000, 0x0000000712c00000| Complete 
| 104|0x0000000712e00000, 0x0000000713000000, 0x0000000713000000|100%| E|CS|TAMS 0x0000000712e00000, 0x0000000712e00000| Complete 
| 105|0x0000000713000000, 0x0000000713200000, 0x0000000713200000|100%| E|CS|TAMS 0x0000000713000000, 0x0000000713000000| Complete 
| 106|0x0000000713200000, 0x0000000713400000, 0x0000000713400000|100%| E|CS|TAMS 0x0000000713200000, 0x0000000713200000| Complete 
| 107|0x0000000713400000, 0x0000000713600000, 0x0000000713600000|100%| E|CS|TAMS 0x0000000713400000, 0x0000000713400000| Complete 
| 108|0x0000000713600000, 0x0000000713800000, 0x0000000713800000|100%| E|CS|TAMS 0x0000000713600000, 0x0000000713600000| Complete 
| 109|0x0000000713800000, 0x0000000713a00000, 0x0000000713a00000|100%| E|CS|TAMS 0x0000000713800000, 0x0000000713800000| Complete 
| 110|0x0000000713a00000, 0x0000000713c00000, 0x0000000713c00000|100%| E|CS|TAMS 0x0000000713a00000, 0x0000000713a00000| Complete 
| 111|0x0000000713c00000, 0x0000000713e00000, 0x0000000713e00000|100%| E|CS|TAMS 0x0000000713c00000, 0x0000000713c00000| Complete 
| 112|0x0000000713e00000, 0x0000000714000000, 0x0000000714000000|100%| E|CS|TAMS 0x0000000713e00000, 0x0000000713e00000| Complete 
| 113|0x0000000714000000, 0x0000000714200000, 0x0000000714200000|100%| E|CS|TAMS 0x0000000714000000, 0x0000000714000000| Complete 
| 114|0x0000000714200000, 0x0000000714400000, 0x0000000714400000|100%| E|CS|TAMS 0x0000000714200000, 0x0000000714200000| Complete 
| 115|0x0000000714400000, 0x0000000714600000, 0x0000000714600000|100%| E|CS|TAMS 0x0000000714400000, 0x0000000714400000| Complete 
| 116|0x0000000714600000, 0x0000000714800000, 0x0000000714800000|100%| E|CS|TAMS 0x0000000714600000, 0x0000000714600000| Complete 
| 117|0x0000000714800000, 0x0000000714a00000, 0x0000000714a00000|100%| E|CS|TAMS 0x0000000714800000, 0x0000000714800000| Complete 
| 118|0x0000000714a00000, 0x0000000714c00000, 0x0000000714c00000|100%| E|CS|TAMS 0x0000000714a00000, 0x0000000714a00000| Complete 
| 119|0x0000000714c00000, 0x0000000714e00000, 0x0000000714e00000|100%| E|CS|TAMS 0x0000000714c00000, 0x0000000714c00000| Complete 
| 120|0x0000000714e00000, 0x0000000715000000, 0x0000000715000000|100%| E|CS|TAMS 0x0000000714e00000, 0x0000000714e00000| Complete 
| 121|0x0000000715000000, 0x0000000715200000, 0x0000000715200000|100%| E|CS|TAMS 0x0000000715000000, 0x0000000715000000| Complete 
| 122|0x0000000715200000, 0x0000000715400000, 0x0000000715400000|100%| E|CS|TAMS 0x0000000715200000, 0x0000000715200000| Complete 
| 123|0x0000000715400000, 0x0000000715600000, 0x0000000715600000|100%| E|CS|TAMS 0x0000000715400000, 0x0000000715400000| Complete 
| 124|0x0000000715600000, 0x0000000715800000, 0x0000000715800000|100%| E|CS|TAMS 0x0000000715600000, 0x0000000715600000| Complete 
| 125|0x0000000715800000, 0x0000000715a00000, 0x0000000715a00000|100%| E|CS|TAMS 0x0000000715800000, 0x0000000715800000| Complete 
| 126|0x0000000715a00000, 0x0000000715c00000, 0x0000000715c00000|100%| E|CS|TAMS 0x0000000715a00000, 0x0000000715a00000| Complete 
| 127|0x0000000715c00000, 0x0000000715e00000, 0x0000000715e00000|100%| E|CS|TAMS 0x0000000715c00000, 0x0000000715c00000| Complete 
| 128|0x0000000715e00000, 0x0000000716000000, 0x0000000716000000|100%| E|CS|TAMS 0x0000000715e00000, 0x0000000715e00000| Complete 
| 129|0x0000000716000000, 0x0000000716200000, 0x0000000716200000|100%| E|CS|TAMS 0x0000000716000000, 0x0000000716000000| Complete 
| 130|0x0000000716200000, 0x0000000716400000, 0x0000000716400000|100%| E|CS|TAMS 0x0000000716200000, 0x0000000716200000| Complete 
| 131|0x0000000716400000, 0x0000000716600000, 0x0000000716600000|100%| E|CS|TAMS 0x0000000716400000, 0x0000000716400000| Complete 
| 132|0x0000000716600000, 0x0000000716800000, 0x0000000716800000|100%| E|CS|TAMS 0x0000000716600000, 0x0000000716600000| Complete 
|2000|0x00000007ffe00000, 0x0000000800000000, 0x0000000800000000|100%| O|  |TAMS 0x0000000800000000, 0x00000007ffe00000| Untracked 

Card table byte_map: [0x000001257b980000,0x000001257c160000] _byte_map_base: 0x0000012578151000

Marking Bits (Prev, Next): (CMBitMap*) 0x0000012572a2c5e0, (CMBitMap*) 0x0000012572a2c620
 Prev Bits: [0x000001250f000000, 0x0000012512e88000)
 Next Bits: [0x0000012512e90000, 0x0000012516d18000)

Polling page: 0x0000012570990000

Metaspace:

Usage:
  Non-class:     31.20 MB used.
      Class:      3.53 MB used.
       Both:     34.74 MB used.

Virtual space:
  Non-class space:       64.00 MB reserved,      31.56 MB ( 49%) committed,  1 nodes.
      Class space:        1.00 GB reserved,       3.81 MB ( <1%) committed,  1 nodes.
             Both:        1.06 GB reserved,      35.38 MB (  3%) committed. 

Chunk freelists:
   Non-Class:  3.73 MB
       Class:  79.00 KB
        Both:  3.81 MB

MaxMetaspaceSize: unlimited
CompressedClassSpaceSize: 1.00 GB
Initial GC threshold: 21.00 MB
Current GC threshold: 40.44 MB
CDS: on
MetaspaceReclaimPolicy: balanced
 - commit_granule_bytes: 65536.
 - commit_granule_words: 8192.
 - virtual_space_node_default_size: 8388608.
 - enlarge_chunks_in_place: 1.
 - new_chunks_are_fully_committed: 0.
 - uncommit_free_chunks: 1.
 - use_allocation_guard: 0.


Internal statistics:

num_allocs_failed_limit: 3.
num_arena_births: 772.
num_arena_deaths: 0.
num_vsnodes_births: 2.
num_vsnodes_deaths: 0.
num_space_committed: 566.
num_space_uncommitted: 0.
num_chunks_returned_to_freelist: 3.
num_chunks_taken_from_freelist: 2159.
num_chunk_merges: 3.
num_chunk_splits: 1488.
num_chunks_enlarged: 1059.
num_inconsistent_stats: 0.

CodeHeap 'non-profiled nmethods': size=119168Kb used=7536Kb max_used=7536Kb free=111631Kb
 bounds [0x0000012507ba0000, 0x0000012508300000, 0x000001250f000000]
CodeHeap 'profiled nmethods': size=119104Kb used=21712Kb max_used=21712Kb free=97391Kb
 bounds [0x0000012500000000, 0x0000012501570000, 0x0000012507450000]
CodeHeap 'non-nmethods': size=7488Kb used=3031Kb max_used=3132Kb free=4457Kb
 bounds [0x0000012507450000, 0x0000012507770000, 0x0000012507ba0000]
 total_blobs=10291 nmethods=9715 adapters=483
 compilation: enabled
              stopped_count=0, restarted_count=0
 full_count=0

Compilation events (20 events):
Event: 10.885 Thread 0x000001251b62d930 nmethod 11925 0x0000012500a61990 code [0x0000012500a61b40, 0x0000012500a61dc8]
Event: 10.886 Thread 0x000001251b572890 nmethod 11918 0x00000125014a3110 code [0x00000125014a33e0, 0x00000125014a4688]
Event: 10.887 Thread 0x000001251e3f9860 nmethod 11926 0x00000125082de610 code [0x00000125082de7a0, 0x00000125082de978]
Event: 10.892 Thread 0x000001251b62d930 11927       3       java.util.Arrays::binarySearch (9 bytes)
Event: 10.892 Thread 0x000001257ed53e70 11928       3       java.util.Arrays::binarySearch0 (72 bytes)
Event: 10.893 Thread 0x000001251b62d930 nmethod 11927 0x0000012501068710 code [0x00000125010688c0, 0x00000125010689e8]
Event: 10.893 Thread 0x000001257ed53e70 nmethod 11928 0x00000125014a2b90 code [0x00000125014a2d40, 0x00000125014a2fd8]
Event: 10.897 Thread 0x000001257ed53e70 11929       3       java.lang.ProcessEnvironment$CheckedEntrySet$1::next (20 bytes)
Event: 10.897 Thread 0x000001251b1236c0 11930       3       java.lang.ProcessEnvironment$CheckedEntry::<init> (10 bytes)
Event: 10.898 Thread 0x000001251b62d930 11931       3       java.lang.ProcessEnvironment$CheckedEntry::getKey (13 bytes)
Event: 10.898 Thread 0x000001251b572890 11932       3       java.lang.ProcessEnvironment$CheckedEntry::getKey (5 bytes)
Event: 10.898 Thread 0x000001257ed53e70 nmethod 11929 0x00000125014a2410 code [0x00000125014a25e0, 0x00000125014a2a48]
Event: 10.898 Thread 0x000001251b1236c0 nmethod 11930 0x00000125014a2010 code [0x00000125014a21c0, 0x00000125014a2378]
Event: 10.898 Thread 0x000001257ed53e70 11933       3       java.lang.ProcessEnvironment$CheckedEntry::getValue (13 bytes)
Event: 10.898 Thread 0x000001251b62d930 nmethod 11931 0x00000125014a1810 code [0x00000125014a19c0, 0x00000125014a1c88]
Event: 10.898 Thread 0x000001251b572890 nmethod 11932 0x0000012500fbc110 code [0x0000012500fbc2c0, 0x0000012500fbc5e8]
Event: 10.898 Thread 0x000001257ed53e70 nmethod 11933 0x0000012500fbbb90 code [0x0000012500fbbd40, 0x0000012500fbc008]
Event: 10.956 Thread 0x000001251eb683f0 nmethod 11851 0x00000125082ded10 code [0x00000125082df2c0, 0x00000125082e4828]
Event: 10.976 Thread 0x000001251dd7cf00 nmethod 11908 0x00000125082e7690 code [0x00000125082e7b60, 0x00000125082ebec8]
Event: 10.997 Thread 0x000001251d6e99b0 nmethod 11815 0x00000125082ee690 code [0x00000125082eed60, 0x00000125082f5ad0]

GC Heap History (20 events):
Event: 4.119 GC heap before
{Heap before GC invocations=7 (full 0):
 garbage-first heap   total 63488K, used 41054K [0x0000000705e00000, 0x0000000800000000)
  region size 2048K, 8 young (16384K), 2 survivors (4096K)
 Metaspace       used 24422K, committed 24832K, reserved 1114112K
  class space    used 2579K, committed 2816K, reserved 1048576K
}
Event: 4.123 GC heap after
{Heap after GC invocations=8 (full 0):
 garbage-first heap   total 161792K, used 35490K [0x0000000705e00000, 0x0000000800000000)
  region size 2048K, 1 young (2048K), 1 survivors (2048K)
 Metaspace       used 24422K, committed 24832K, reserved 1114112K
  class space    used 2579K, committed 2816K, reserved 1048576K
}
Event: 4.644 GC heap before
{Heap before GC invocations=9 (full 0):
 garbage-first heap   total 137216K, used 103074K [0x0000000705e00000, 0x0000000800000000)
  region size 2048K, 34 young (69632K), 1 survivors (2048K)
 Metaspace       used 25305K, committed 25792K, reserved 1114112K
  class space    used 2642K, committed 2880K, reserved 1048576K
}
Event: 4.655 GC heap after
{Heap after GC invocations=10 (full 0):
 garbage-first heap   total 137216K, used 49448K [0x0000000705e00000, 0x0000000800000000)
  region size 2048K, 5 young (10240K), 5 survivors (10240K)
 Metaspace       used 25305K, committed 25792K, reserved 1114112K
  class space    used 2642K, committed 2880K, reserved 1048576K
}
Event: 4.668 GC heap before
{Heap before GC invocations=10 (full 0):
 garbage-first heap   total 137216K, used 51496K [0x0000000705e00000, 0x0000000800000000)
  region size 2048K, 6 young (12288K), 5 survivors (10240K)
 Metaspace       used 25334K, committed 25792K, reserved 1114112K
  class space    used 2643K, committed 2880K, reserved 1048576K
}
Event: 4.677 GC heap after
{Heap after GC invocations=11 (full 0):
 garbage-first heap   total 137216K, used 50859K [0x0000000705e00000, 0x0000000800000000)
  region size 2048K, 1 young (2048K), 1 survivors (2048K)
 Metaspace       used 25334K, committed 25792K, reserved 1114112K
  class space    used 2643K, committed 2880K, reserved 1048576K
}
Event: 5.390 GC heap before
{Heap before GC invocations=11 (full 0):
 garbage-first heap   total 137216K, used 91819K [0x0000000705e00000, 0x0000000800000000)
  region size 2048K, 22 young (45056K), 1 survivors (2048K)
 Metaspace       used 27457K, committed 27840K, reserved 1114112K
  class space    used 2863K, committed 3072K, reserved 1048576K
}
Event: 5.393 GC heap after
{Heap after GC invocations=12 (full 0):
 garbage-first heap   total 137216K, used 51210K [0x0000000705e00000, 0x0000000800000000)
  region size 2048K, 1 young (2048K), 1 survivors (2048K)
 Metaspace       used 27457K, committed 27840K, reserved 1114112K
  class space    used 2863K, committed 3072K, reserved 1048576K
}
Event: 5.563 GC heap before
{Heap before GC invocations=12 (full 0):
 garbage-first heap   total 137216K, used 96266K [0x0000000705e00000, 0x0000000800000000)
  region size 2048K, 23 young (47104K), 1 survivors (2048K)
 Metaspace       used 27596K, committed 28096K, reserved 1114112K
  class space    used 2870K, committed 3136K, reserved 1048576K
}
Event: 5.566 GC heap after
{Heap after GC invocations=13 (full 0):
 garbage-first heap   total 137216K, used 51371K [0x0000000705e00000, 0x0000000800000000)
  region size 2048K, 1 young (2048K), 1 survivors (2048K)
 Metaspace       used 27596K, committed 28096K, reserved 1114112K
  class space    used 2870K, committed 3136K, reserved 1048576K
}
Event: 5.899 GC heap before
{Heap before GC invocations=13 (full 0):
 garbage-first heap   total 137216K, used 98475K [0x0000000705e00000, 0x0000000800000000)
  region size 2048K, 25 young (51200K), 1 survivors (2048K)
 Metaspace       used 28233K, committed 28736K, reserved 1114112K
  class space    used 2952K, committed 3200K, reserved 1048576K
}
Event: 5.903 GC heap after
{Heap after GC invocations=14 (full 0):
 garbage-first heap   total 274432K, used 51875K [0x0000000705e00000, 0x0000000800000000)
  region size 2048K, 2 young (4096K), 2 survivors (4096K)
 Metaspace       used 28233K, committed 28736K, reserved 1114112K
  class space    used 2952K, committed 3200K, reserved 1048576K
}
Event: 6.414 GC heap before
{Heap before GC invocations=14 (full 0):
 garbage-first heap   total 274432K, used 199331K [0x0000000705e00000, 0x0000000800000000)
  region size 2048K, 74 young (151552K), 2 survivors (4096K)
 Metaspace       used 28615K, committed 29184K, reserved 1114112K
  class space    used 2968K, committed 3264K, reserved 1048576K
}
Event: 6.418 GC heap after
{Heap after GC invocations=15 (full 0):
 garbage-first heap   total 274432K, used 54366K [0x0000000705e00000, 0x0000000800000000)
  region size 2048K, 3 young (6144K), 3 survivors (6144K)
 Metaspace       used 28615K, committed 29184K, reserved 1114112K
  class space    used 2968K, committed 3264K, reserved 1048576K
}
Event: 7.839 GC heap before
{Heap before GC invocations=15 (full 0):
 garbage-first heap   total 274432K, used 207966K [0x0000000705e00000, 0x0000000800000000)
  region size 2048K, 78 young (159744K), 3 survivors (6144K)
 Metaspace       used 31264K, committed 31872K, reserved 1114112K
  class space    used 3216K, committed 3520K, reserved 1048576K
}
Event: 7.844 GC heap after
{Heap after GC invocations=16 (full 0):
 garbage-first heap   total 274432K, used 56311K [0x0000000705e00000, 0x0000000800000000)
  region size 2048K, 4 young (8192K), 4 survivors (8192K)
 Metaspace       used 31264K, committed 31872K, reserved 1114112K
  class space    used 3216K, committed 3520K, reserved 1048576K
}
Event: 9.067 GC heap before
{Heap before GC invocations=16 (full 0):
 garbage-first heap   total 274432K, used 214007K [0x0000000705e00000, 0x0000000800000000)
  region size 2048K, 80 young (163840K), 4 survivors (8192K)
 Metaspace       used 31761K, committed 32320K, reserved 1114112K
  class space    used 3240K, committed 3520K, reserved 1048576K
}
Event: 9.075 GC heap after
{Heap after GC invocations=17 (full 0):
 garbage-first heap   total 274432K, used 73790K [0x0000000705e00000, 0x0000000800000000)
  region size 2048K, 10 young (20480K), 10 survivors (20480K)
 Metaspace       used 31761K, committed 32320K, reserved 1114112K
  class space    used 3240K, committed 3520K, reserved 1048576K
}
Event: 10.014 GC heap before
{Heap before GC invocations=17 (full 0):
 garbage-first heap   total 274432K, used 208958K [0x0000000705e00000, 0x0000000800000000)
  region size 2048K, 76 young (155648K), 10 survivors (20480K)
 Metaspace       used 33401K, committed 34048K, reserved 1114112K
  class space    used 3425K, committed 3712K, reserved 1048576K
}
Event: 10.027 GC heap after
{Heap after GC invocations=18 (full 0):
 garbage-first heap   total 274432K, used 88249K [0x0000000705e00000, 0x0000000800000000)
  region size 2048K, 7 young (14336K), 7 survivors (14336K)
 Metaspace       used 33401K, committed 34048K, reserved 1114112K
  class space    used 3425K, committed 3712K, reserved 1048576K
}

Dll operation events (12 events):
Event: 0.005 Loaded shared library C:\Program Files\Java\jdk-19\bin\java.dll
Event: 0.011 Loaded shared library C:\Program Files\Java\jdk-19\bin\jsvml.dll
Event: 0.057 Loaded shared library C:\Program Files\Java\jdk-19\bin\zip.dll
Event: 0.060 Loaded shared library C:\Program Files\Java\jdk-19\bin\instrument.dll
Event: 0.064 Loaded shared library C:\Program Files\Java\jdk-19\bin\net.dll
Event: 0.065 Loaded shared library C:\Program Files\Java\jdk-19\bin\nio.dll
Event: 0.067 Loaded shared library C:\Program Files\Java\jdk-19\bin\zip.dll
Event: 0.079 Loaded shared library C:\Program Files\JetBrains\IntelliJ IDEA 2022.1.2\bin\breakgen64.dll
Event: 0.086 Loaded shared library C:\Program Files\Java\jdk-19\bin\extnet.dll
Event: 0.143 Loaded shared library C:\Program Files\Java\jdk-19\bin\jimage.dll
Event: 0.202 Loaded shared library C:\Users\99293\AppData\Local\Temp\jansi-2.4.0-d9b368cdf8b49757-jansi.dll
Event: 0.210 Loaded shared library C:\Program Files\Java\jdk-19\bin\verify.dll

Deoptimization events (20 events):
Event: 10.650 Thread 0x00000125729ba400 DEOPT PACKING pc=0x0000012507dea360 sp=0x000000149ecfe020
Event: 10.650 Thread 0x00000125729ba400 DEOPT UNPACKING pc=0x00000125074b6da3 sp=0x000000149ecfdfa8 mode 2
Event: 10.730 Thread 0x000001252286e650 Uncommon trap: trap_request=0xffffffc6 fr.pc=0x0000012507c419d4 relative=0x0000000000000214
Event: 10.730 Thread 0x000001252286e650 Uncommon trap: reason=bimorphic_or_optimized_type_check action=maybe_recompile pc=0x0000012507c419d4 method=java.util.concurrent.locks.AbstractQueuedSynchronizer.release(I)Z @ 2 c2
Event: 10.730 Thread 0x000001252286e650 DEOPT PACKING pc=0x0000012507c419d4 sp=0x00000014a18ff010
Event: 10.730 Thread 0x000001252286e650 DEOPT UNPACKING pc=0x00000125074b6da3 sp=0x00000014a18fefd8 mode 2
Event: 10.730 Thread 0x000001252286d660 Uncommon trap: trap_request=0xffffffc6 fr.pc=0x0000012507c419d4 relative=0x0000000000000214
Event: 10.730 Thread 0x000001252286e650 Uncommon trap: trap_request=0xffffffc6 fr.pc=0x0000012507c419d4 relative=0x0000000000000214
Event: 10.730 Thread 0x000001252286d660 Uncommon trap: reason=bimorphic_or_optimized_type_check action=maybe_recompile pc=0x0000012507c419d4 method=java.util.concurrent.locks.AbstractQueuedSynchronizer.release(I)Z @ 2 c2
Event: 10.730 Thread 0x000001252286e650 Uncommon trap: reason=bimorphic_or_optimized_type_check action=maybe_recompile pc=0x0000012507c419d4 method=java.util.concurrent.locks.AbstractQueuedSynchronizer.release(I)Z @ 2 c2
Event: 10.730 Thread 0x000001252286d660 DEOPT PACKING pc=0x0000012507c419d4 sp=0x00000014a19feff0
Event: 10.730 Thread 0x000001252286e650 DEOPT PACKING pc=0x0000012507c419d4 sp=0x00000014a18ff010
Event: 10.730 Thread 0x000001252286d660 DEOPT UNPACKING pc=0x00000125074b6da3 sp=0x00000014a19fefb8 mode 2
Event: 10.730 Thread 0x000001252286e650 DEOPT UNPACKING pc=0x00000125074b6da3 sp=0x00000014a18fefd8 mode 2
Event: 10.730 Thread 0x00000125228700e0 Uncommon trap: trap_request=0xffffffc6 fr.pc=0x0000012507c419d4 relative=0x0000000000000214
Event: 10.730 Thread 0x00000125228700e0 Uncommon trap: reason=bimorphic_or_optimized_type_check action=maybe_recompile pc=0x0000012507c419d4 method=java.util.concurrent.locks.AbstractQueuedSynchronizer.release(I)Z @ 2 c2
Event: 10.730 Thread 0x00000125228700e0 DEOPT PACKING pc=0x0000012507c419d4 sp=0x00000014a1aff160
Event: 10.730 Thread 0x00000125228700e0 DEOPT UNPACKING pc=0x00000125074b6da3 sp=0x00000014a1aff128 mode 2
Event: 10.797 Thread 0x00000125729ba400 DEOPT PACKING pc=0x00000125009be97f sp=0x000000149ecfccc0
Event: 10.797 Thread 0x00000125729ba400 DEOPT UNPACKING pc=0x00000125074b7543 sp=0x000000149ecfc160 mode 0

Classes loaded (20 events):
Event: 10.889 Loading class java/util/concurrent/ArrayBlockingQueue
Event: 10.889 Loading class java/util/concurrent/ArrayBlockingQueue done
Event: 10.892 Loading class java/util/DualPivotQuicksort
Event: 10.892 Loading class java/util/DualPivotQuicksort done
Event: 10.895 Loading class java/lang/IllegalThreadStateException
Event: 10.895 Loading class java/lang/IllegalThreadStateException done
Event: 10.896 Loading class java/lang/ProcessBuilder
Event: 10.896 Loading class java/lang/ProcessBuilder done
Event: 10.896 Loading class java/lang/ProcessImpl
Event: 10.897 Loading class java/lang/Process
Event: 10.897 Loading class java/lang/Process done
Event: 10.897 Loading class java/lang/ProcessImpl done
Event: 10.920 Loading class java/lang/ProcessImpl$2
Event: 10.920 Loading class java/lang/ProcessImpl$2 done
Event: 10.920 Loading class java/lang/Process$PipeInputStream
Event: 10.920 Loading class java/lang/Process$PipeInputStream done
Event: 10.921 Loading class jdk/internal/event/ProcessStartEvent
Event: 10.922 Loading class jdk/internal/event/Event
Event: 10.922 Loading class jdk/internal/event/Event done
Event: 10.922 Loading class jdk/internal/event/ProcessStartEvent done

Classes unloaded (0 events):
No events

Classes redefined (0 events):
No events

Internal exceptions (20 events):
Event: 10.220 Thread 0x00000125729ba400 Exception <a 'sun/nio/fs/WindowsException'{0x0000000714d789d0}> (0x0000000714d789d0) 
thrown [s\open\src\hotspot\share\prims\jni.cpp, line 517]
Event: 10.220 Thread 0x00000125729ba400 Exception <a 'sun/nio/fs/WindowsException'{0x0000000714d79b70}> (0x0000000714d79b70) 
thrown [s\open\src\hotspot\share\prims\jni.cpp, line 517]
Event: 10.230 Thread 0x00000125729ba400 Exception <a 'sun/nio/fs/WindowsException'{0x0000000714ad2530}> (0x0000000714ad2530) 
thrown [s\open\src\hotspot\share\prims\jni.cpp, line 517]
Event: 10.231 Thread 0x00000125729ba400 Exception <a 'sun/nio/fs/WindowsException'{0x0000000714ad2c08}> (0x0000000714ad2c08) 
thrown [s\open\src\hotspot\share\prims\jni.cpp, line 517]
Event: 10.231 Thread 0x00000125729ba400 Exception <a 'sun/nio/fs/WindowsException'{0x0000000714ad3ae0}> (0x0000000714ad3ae0) 
thrown [s\open\src\hotspot\share\prims\jni.cpp, line 517]
Event: 10.269 Thread 0x00000125729ba400 Exception <a 'sun/nio/fs/WindowsException'{0x0000000714062718}> (0x0000000714062718) 
thrown [s\open\src\hotspot\share\prims\jni.cpp, line 517]
Event: 10.270 Thread 0x00000125729ba400 Exception <a 'sun/nio/fs/WindowsException'{0x0000000714062dc8}> (0x0000000714062dc8) 
thrown [s\open\src\hotspot\share\prims\jni.cpp, line 517]
Event: 10.270 Thread 0x00000125729ba400 Exception <a 'sun/nio/fs/WindowsException'{0x0000000714063b20}> (0x0000000714063b20) 
thrown [s\open\src\hotspot\share\prims\jni.cpp, line 517]
Event: 10.274 Thread 0x00000125729ba400 Exception <a 'sun/nio/fs/WindowsException'{0x000000071412e2b8}> (0x000000071412e2b8) 
thrown [s\open\src\hotspot\share\prims\jni.cpp, line 517]
Event: 10.274 Thread 0x00000125729ba400 Exception <a 'sun/nio/fs/WindowsException'{0x000000071412e9a0}> (0x000000071412e9a0) 
thrown [s\open\src\hotspot\share\prims\jni.cpp, line 517]
Event: 10.274 Thread 0x00000125729ba400 Exception <a 'sun/nio/fs/WindowsException'{0x000000071412f8d8}> (0x000000071412f8d8) 
thrown [s\open\src\hotspot\share\prims\jni.cpp, line 517]
Event: 10.331 Thread 0x00000125729ba400 Implicit null exception at 0x0000012507dd9b62 to 0x0000012507dded28
Event: 10.620 Thread 0x00000125729ba400 Exception <a 'java/lang/NoSuchMethodError'{0x000000071263f598}: 'java.lang.String org.apache.maven.execution.MavenExecutionRequest.getFailureBehavior()'> (0x000000071263f598) 
thrown [s\open\src\hotspot\share\interpreter\linkResolver.cpp, line 870]
Event: 10.631 Thread 0x000001252286d660 Exception <a 'java/lang/NoSuchMethodError'{0x000000071283b7a0}: 'java.lang.Object java.lang.invoke.DirectMethodHandle$Holder.invokeStatic(java.lang.Object, long, java.lang.Object)'> (0x000000071283b7a0) 
thrown [s\open\src\hotspot\share\interpreter\linkResolver.cpp, line 774]
Event: 10.632 Thread 0x000001252286d660 Exception <a 'java/lang/NoSuchMethodError'{0x000000071283edf0}: 'java.lang.Object java.lang.invoke.DirectMethodHandle$Holder.invokeStaticInit(java.lang.Object, long, java.lang.Object)'> (0x000000071283edf0) 
thrown [s\open\src\hotspot\share\interpreter\linkResolver.cpp, line 774]
Event: 10.632 Thread 0x000001252286d660 Exception <a 'java/lang/NoSuchMethodError'{0x0000000712844a40}: 'java.lang.Object java.lang.invoke.DirectMethodHandle$Holder.newInvokeSpecial(java.lang.Object, long)'> (0x0000000712844a40) 
thrown [s\open\src\hotspot\share\interpreter\linkResolver.cpp, line 774]
Event: 10.633 Thread 0x000001252286d660 Exception <a 'java/lang/NoSuchMethodError'{0x0000000712849278}: 'long java.lang.invoke.DirectMethodHandle$Holder.invokeInterface(java.lang.Object, java.lang.Object)'> (0x0000000712849278) 
thrown [s\open\src\hotspot\share\interpreter\linkResolver.cpp, line 774]
Event: 10.634 Thread 0x000001252286d660 Exception <a 'java/lang/NoSuchMethodError'{0x000000071284cbe0}: 'long java.lang.invoke.DelegatingMethodHandle$Holder.reinvoke_L(java.lang.Object, java.lang.Object)'> (0x000000071284cbe0) 
thrown [s\open\src\hotspot\share\interpreter\linkResolver.cpp, line 774]
Event: 10.693 Thread 0x00000125729ba400 Exception <a 'java/lang/NoSuchMethodError'{0x00000007127d3608}: 'java.lang.Object java.lang.invoke.DirectMethodHandle$Holder.invokeStaticInit(java.lang.Object, java.lang.Object, int, int, int, int)'> (0x00000007127d3608) 
thrown [s\open\src\hotspot\share\interpreter\linkResolver.cpp, line 774]
Event: 10.919 Thread 0x00000125729ba400 Exception <a 'java/lang/NoSuchMethodError'{0x0000000710e67500}: 'void java.lang.invoke.DirectMethodHandle$Holder.invokeStatic(java.lang.Object, long)'> (0x0000000710e67500) 
thrown [s\open\src\hotspot\share\interpreter\linkResolver.cpp, line 774]

VM Operations (20 events):
Event: 9.240 Executing VM operation: HandshakeAllThreads
Event: 9.240 Executing VM operation: HandshakeAllThreads done
Event: 9.334 Executing VM operation: HandshakeAllThreads
Event: 9.335 Executing VM operation: HandshakeAllThreads done
Event: 9.637 Executing VM operation: ICBufferFull
Event: 9.637 Executing VM operation: ICBufferFull done
Event: 10.014 Executing VM operation: G1CollectForAllocation
Event: 10.027 Executing VM operation: G1CollectForAllocation done
Event: 10.159 Executing VM operation: ICBufferFull
Event: 10.159 Executing VM operation: ICBufferFull done
Event: 10.595 Executing VM operation: HandshakeAllThreads
Event: 10.595 Executing VM operation: HandshakeAllThreads done
Event: 10.686 Executing VM operation: HandshakeAllThreads
Event: 10.686 Executing VM operation: HandshakeAllThreads done
Event: 10.687 Executing VM operation: ICBufferFull
Event: 10.688 Executing VM operation: ICBufferFull done
Event: 10.854 Executing VM operation: HandshakeAllThreads
Event: 10.855 Executing VM operation: HandshakeAllThreads done
Event: 10.921 Executing VM operation: HandshakeAllThreads
Event: 10.921 Executing VM operation: HandshakeAllThreads done

Events (20 events):
Event: 10.691 Thread 0x000001257ed5b2d0 flushing nmethod 0x000001250027e990
Event: 10.691 Thread 0x000001257ed5b2d0 flushing nmethod 0x00000125002ccd90
Event: 10.692 Thread 0x000001257ed5b2d0 flushing nmethod 0x00000125003ecf10
Event: 10.692 Thread 0x000001257ed5b2d0 flushing nmethod 0x0000012500540d90
Event: 10.693 Thread 0x000001257ed5b2d0 flushing nmethod 0x000001250059fd10
Event: 10.695 Thread 0x000001257ed5b2d0 flushing nmethod 0x0000012500b76d10
Event: 10.699 Thread 0x000001257ed5b2d0 flushing nmethod 0x0000012501518110
Event: 10.699 Thread 0x000001257ed5b2d0 flushing nmethod 0x000001250151b510
Event: 10.699 Thread 0x000001257ed5b2d0 flushing nmethod 0x000001250151f510
Event: 10.730 Thread 0x000001252286e650 Thread added: 0x000001252286e650
Event: 10.730 Thread 0x000001252286d660 Thread added: 0x000001252286d660
Event: 10.730 Thread 0x00000125228700e0 Thread added: 0x00000125228700e0
Event: 10.806 Thread 0x000001252286eba0 Thread added: 0x000001252286eba0
Event: 10.806 Thread 0x000001252286f0f0 Thread added: 0x000001252286f0f0
Event: 10.843 Thread 0x000001252286f640 Thread added: 0x000001252286f640
Event: 10.852 Thread 0x000001252286d110 Thread added: 0x000001252286d110
Event: 10.891 Thread 0x000001257ed5ad80 Thread added: 0x000001257ed5ad80
Event: 10.927 Thread 0x0000012522d00a10 Thread added: 0x0000012522d00a10
Event: 10.927 Thread 0x0000012522cfe4e0 Thread added: 0x0000012522cfe4e0
Event: 10.927 Thread 0x0000012522cfcfa0 Thread added: 0x0000012522cfcfa0


Dynamic libraries:
0x00007ff70ff30000 - 0x00007ff70ff40000 	C:\Program Files\Java\jdk-19\bin\java.exe
0x00007ffe1c2b0000 - 0x00007ffe1c4c4000 	C:\WINDOWS\SYSTEM32\ntdll.dll
0x00007ffe1b000000 - 0x00007ffe1b0c4000 	C:\WINDOWS\System32\KERNEL32.DLL
0x00007ffe19ac0000 - 0x00007ffe19e64000 	C:\WINDOWS\System32\KERNELBASE.dll
0x00007ffe19800000 - 0x00007ffe19911000 	C:\WINDOWS\System32\ucrtbase.dll
0x00007ffdf2840000 - 0x00007ffdf285b000 	C:\Program Files\Java\jdk-19\bin\VCRUNTIME140.dll
0x00007ffdf48f0000 - 0x00007ffdf4908000 	C:\Program Files\Java\jdk-19\bin\jli.dll
0x00007ffe1ba50000 - 0x00007ffe1bb00000 	C:\WINDOWS\System32\ADVAPI32.dll
0x00007ffe1bc60000 - 0x00007ffe1bd07000 	C:\WINDOWS\System32\msvcrt.dll
0x00007ffe1a010000 - 0x00007ffe1a0b6000 	C:\WINDOWS\System32\sechost.dll
0x00007ffe1a890000 - 0x00007ffe1a9a7000 	C:\WINDOWS\System32\RPCRT4.dll
0x00007ffe1bdb0000 - 0x00007ffe1bf5e000 	C:\WINDOWS\System32\USER32.dll
0x00007ffe19a90000 - 0x00007ffe19ab6000 	C:\WINDOWS\System32\win32u.dll
0x00007ffe18830000 - 0x00007ffe18ac3000 	C:\WINDOWS\WinSxS\amd64_microsoft.windows.common-controls_6595b64144ccf1df_6.0.22621.2215_none_270d72677387dfc3\COMCTL32.dll
0x00007ffe1a170000 - 0x00007ffe1a199000 	C:\WINDOWS\System32\GDI32.dll
0x00007ffe19e70000 - 0x00007ffe19f88000 	C:\WINDOWS\System32\gdi32full.dll
0x00007ffe196a0000 - 0x00007ffe1973a000 	C:\WINDOWS\System32\msvcp_win.dll
0x00007ffe12200000 - 0x00007ffe1220a000 	C:\WINDOWS\SYSTEM32\VERSION.dll
0x00007ffe1bd70000 - 0x00007ffe1bda1000 	C:\WINDOWS\System32\IMM32.DLL
0x00007ffe0f600000 - 0x00007ffe0f60c000 	C:\Program Files\Java\jdk-19\bin\vcruntime140_1.dll
0x00007ffde4880000 - 0x00007ffde490e000 	C:\Program Files\Java\jdk-19\bin\msvcp140.dll
0x00007ffdc09b0000 - 0x00007ffdc1670000 	C:\Program Files\Java\jdk-19\bin\server\jvm.dll
0x00007ffe121c0000 - 0x00007ffe121f4000 	C:\WINDOWS\SYSTEM32\WINMM.dll
0x00007ffe18f10000 - 0x00007ffe18f19000 	C:\WINDOWS\SYSTEM32\WSOCK32.dll
0x00007ffe1abe0000 - 0x00007ffe1ac51000 	C:\WINDOWS\System32\WS2_32.dll
0x00007ffe18320000 - 0x00007ffe18338000 	C:\WINDOWS\SYSTEM32\kernel.appcore.dll
0x00007ffe0e070000 - 0x00007ffe0e07a000 	C:\Program Files\Java\jdk-19\bin\jimage.dll
0x00007ffe18fb0000 - 0x00007ffe191de000 	C:\WINDOWS\SYSTEM32\DBGHELP.DLL
0x00007ffe1ac60000 - 0x00007ffe1afea000 	C:\WINDOWS\System32\combase.dll
0x00007ffe1c100000 - 0x00007ffe1c1d7000 	C:\WINDOWS\System32\OLEAUT32.dll
0x00007ffe18e20000 - 0x00007ffe18e52000 	C:\WINDOWS\SYSTEM32\dbgcore.DLL
0x00007ffe19f90000 - 0x00007ffe1a00a000 	C:\WINDOWS\System32\bcryptPrimitives.dll
0x00007ffe01dc0000 - 0x00007ffe01dce000 	C:\Program Files\Java\jdk-19\bin\instrument.dll
0x00007ffdf27e0000 - 0x00007ffdf2806000 	C:\Program Files\Java\jdk-19\bin\java.dll
0x00007ffddbb00000 - 0x00007ffddbbd7000 	C:\Program Files\Java\jdk-19\bin\jsvml.dll
0x00007ffe1b220000 - 0x00007ffe1ba43000 	C:\WINDOWS\System32\SHELL32.dll
0x00007ffe16ec0000 - 0x00007ffe177aa000 	C:\WINDOWS\SYSTEM32\windows.storage.dll
0x00007ffe16d80000 - 0x00007ffe16ebe000 	C:\WINDOWS\SYSTEM32\wintypes.dll
0x00007ffe1bb50000 - 0x00007ffe1bc43000 	C:\WINDOWS\System32\SHCORE.dll
0x00007ffe1bd10000 - 0x00007ffe1bd6e000 	C:\WINDOWS\System32\shlwapi.dll
0x00007ffe19560000 - 0x00007ffe19586000 	C:\WINDOWS\SYSTEM32\profapi.dll
0x00007ffde82c0000 - 0x00007ffde82d8000 	C:\Program Files\Java\jdk-19\bin\zip.dll
0x00007ffdf10b0000 - 0x00007ffdf10c3000 	C:\Program Files\Java\jdk-19\bin\net.dll
0x00007ffe135f0000 - 0x00007ffe13727000 	C:\WINDOWS\SYSTEM32\WINHTTP.dll
0x00007ffe18470000 - 0x00007ffe184d9000 	C:\WINDOWS\system32\mswsock.dll
0x00007ffdece50000 - 0x00007ffdece66000 	C:\Program Files\Java\jdk-19\bin\nio.dll
0x00007ffde7c30000 - 0x00007ffde7c4a000 	C:\Program Files\JetBrains\IntelliJ IDEA 2022.1.2\bin\breakgen64.dll
0x00007ffe07c80000 - 0x00007ffe07c88000 	C:\Program Files\Java\jdk-19\bin\extnet.dll
0x0000000069ac0000 - 0x0000000069ae4000 	C:\Users\99293\AppData\Local\Temp\jansi-2.4.0-d9b368cdf8b49757-jansi.dll
0x00007ffe01790000 - 0x00007ffe017a0000 	C:\Program Files\Java\jdk-19\bin\verify.dll
0x00007ffe192d0000 - 0x00007ffe192eb000 	C:\WINDOWS\SYSTEM32\CRYPTSP.dll
0x00007ffe17fa0000 - 0x00007ffe17fd5000 	C:\WINDOWS\system32\rsaenh.dll
0x00007ffe18700000 - 0x00007ffe1872c000 	C:\WINDOWS\SYSTEM32\USERENV.dll
0x00007ffe18e60000 - 0x00007ffe18e88000 	C:\WINDOWS\SYSTEM32\bcrypt.dll
0x00007ffe18730000 - 0x00007ffe1873c000 	C:\WINDOWS\SYSTEM32\CRYPTBASE.dll
0x00007ffe17af0000 - 0x00007ffe17b1d000 	C:\WINDOWS\SYSTEM32\IPHLPAPI.DLL
0x00007ffe1aff0000 - 0x00007ffe1aff9000 	C:\WINDOWS\System32\NSI.dll
0x00007ffe12890000 - 0x00007ffe128a9000 	C:\WINDOWS\SYSTEM32\dhcpcsvc6.DLL
0x00007ffe12870000 - 0x00007ffe1288f000 	C:\WINDOWS\SYSTEM32\dhcpcsvc.DLL
0x00007ffe17b70000 - 0x00007ffe17c62000 	C:\WINDOWS\SYSTEM32\DNSAPI.dll

dbghelp: loaded successfully - version: 4.0.5 - missing functions: none
symbol engine: initialized successfully - sym options: 0x614 - pdb path: .;C:\Program Files\Java\jdk-19\bin;C:\WINDOWS\SYSTEM32;C:\WINDOWS\WinSxS\amd64_microsoft.windows.common-controls_6595b64144ccf1df_6.0.22621.2215_none_270d72677387dfc3;C:\Program Files\Java\jdk-19\bin\server;C:\Program Files\JetBrains\IntelliJ IDEA 2022.1.2\bin;C:\Users\99293\AppData\Local\Temp

VM Arguments:
jvm_args: -Dmaven.multiModuleProjectDirectory=D:\unitedStates duplicates original -Dmaven.home=C:\Users\99293\.m2\wrapper\dists\apache-maven-3.8.6-bin\1ks0nkde5v1pk9vtc31i9d0lcd\apache-maven-3.8.6 -Dclassworlds.conf=C:\Users\99293\.m2\wrapper\dists\apache-maven-3.8.6-bin\1ks0nkde5v1pk9vtc31i9d0lcd\apache-maven-3.8.6\bin\m2.conf -Dmaven.ext.class.path=C:\Program Files\JetBrains\IntelliJ IDEA 2022.1.2\plugins\maven\lib\maven-event-listener.jar -javaagent:C:\Program Files\JetBrains\IntelliJ IDEA 2022.1.2\lib\idea_rt.jar=61614:C:\Program Files\JetBrains\IntelliJ IDEA 2022.1.2\bin -Dfile.encoding=UTF-8 
java_command: org.codehaus.classworlds.Launcher -Didea.version=2022.1.2 package
java_class_path (initial): C:\Users\99293\.m2\wrapper\dists\apache-maven-3.8.6-bin\1ks0nkde5v1pk9vtc31i9d0lcd\apache-maven-3.8.6\boot\plexus-classworlds-2.6.0.jar;C:\Users\99293\.m2\wrapper\dists\apache-maven-3.8.6-bin\1ks0nkde5v1pk9vtc31i9d0lcd\apache-maven-3.8.6\boot\plexus-classworlds.license
Launcher Type: SUN_STANDARD

[Global flags]
     intx CICompilerCount                          = 12                                        {product} {ergonomic}
     uint ConcGCThreads                            = 3                                         {product} {ergonomic}
     uint G1ConcRefinementThreads                  = 13                                        {product} {ergonomic}
   size_t G1HeapRegionSize                         = 2097152                                   {product} {ergonomic}
    uintx GCDrainStackTargetSize                   = 64                                        {product} {ergonomic}
   size_t InitialHeapSize                          = 264241152                                 {product} {ergonomic}
   size_t MarkStackSize                            = 4194304                                   {product} {ergonomic}
   size_t MaxHeapSize                              = 4196401152                                {product} {ergonomic}
   size_t MaxNewSize                               = 2516582400                                {product} {ergonomic}
   size_t MinHeapDeltaBytes                        = 2097152                                   {product} {ergonomic}
   size_t MinHeapSize                              = 8388608                                   {product} {ergonomic}
    uintx NonNMethodCodeHeapSize                   = 7602480                                {pd product} {ergonomic}
    uintx NonProfiledCodeHeapSize                  = 122027880                              {pd product} {ergonomic}
    uintx ProfiledCodeHeapSize                     = 122027880                              {pd product} {ergonomic}
    uintx ReservedCodeCacheSize                    = 251658240                              {pd product} {ergonomic}
     bool SegmentedCodeCache                       = true                                      {product} {ergonomic}
   size_t SoftMaxHeapSize                          = 4196401152                             {manageable} {ergonomic}
     bool UseCompressedClassPointers               = true                           {product lp64_product} {ergonomic}
     bool UseCompressedOops                        = true                           {product lp64_product} {ergonomic}
     bool UseG1GC                                  = true                                      {product} {ergonomic}
     bool UseLargePagesIndividualAllocation        = false                                  {pd product} {ergonomic}

Logging:
Log output configuration:
 #0: stdout all=warning uptime,level,tags foldmultilines=false
 #1: stderr all=off uptime,level,tags foldmultilines=false

Environment Variables:
PATH=C:\Program Files\Common Files\Oracle\Java\javapath;C:\Windows\system32;C:\Windows;C:\Windows\System32\Wbem;C:\Windows\System32\WindowsPowerShell\v1.0\;C:\Windows\System32\OpenSSH\;C:\Program Files (x86)\NVIDIA Corporation\PhysX\Common;C:\Program Files\NVIDIA Corporation\NVIDIA NvDLISR;C:\Program Files\Git\cmd;C:\Program Files (x86)\dotnet\;%SystemRoot%\system32;%SystemRoot%;%SystemRoot%\System32\Wbem;%SYSTEMROOT%\System32\WindowsPowerShell\v1.0\;%SYSTEMROOT%\System32\OpenSSH\;C:\Users\99293\AppData\Local\Programs\Python\Python311\Scripts\;C:\Users\99293\AppData\Local\Programs\Python\Python311\;C:\Users\99293\AppData\Local\Microsoft\WindowsApps;;C:\Program Files\JetBrains\IntelliJ IDEA 2022.1.2\bin;;C:\Program Files\heroku\bin
USERNAME=ASUS
OS=Windows_NT
PROCESSOR_IDENTIFIER=Intel64 Family 6 Model 154 Stepping 3, GenuineIntel
TMP=C:\Users\99293\AppData\Local\Temp
TEMP=C:\Users\99293\AppData\Local\Temp



---------------  S Y S T E M  ---------------

OS:
 Windows 11 , 64 bit Build 22621 (10.0.22621.2215)
OS uptime: 1 days 5:08 hours
Hyper-V role detected

CPU: total 16 (initial active 16) (8 cores per cpu, 2 threads per core) family 6 model 154 stepping 3 microcode 0x41c, cx8, cmov, fxsr, ht, mmx, 3dnowpref, sse, sse2, sse3, ssse3, sse4.1, sse4.2, popcnt, lzcnt, tsc, tscinvbit, avx, avx2, aes, erms, clmul, bmi1, bmi2, adx, sha, fma, vzeroupper, clflush, clflushopt, clwb, hv, serialize, rdtscp, rdpid, fsrm

Memory: 4k page, system-wide physical 16005M (2192M free)
TotalPageFile size 18053M (AvailPageFile size 5M)
current process WorkingSet (physical memory assigned to process): 517M, peak: 562M
current process commit charge ("private bytes"): 572M, peak: 615M

vm_info: Java HotSpot(TM) 64-Bit Server VM (19.0.2+7-44) for windows-amd64 JRE (19.0.2+7-44), built on 2022-11-30T18:02:09Z by "mach5one" with MS VC++ 17.1 (VS2022)

END.
