#
# There is insufficient memory for the Java Runtime Environment to continue.
# Native memory allocation (malloc) failed to allocate 559856 bytes for Chunk::new
# Possible reasons:
#   The system is out of physical RAM or swap space
#   The process is running with CompressedOops enabled, and the Java Heap may be blocking the growth of the native heap
# Possible solutions:
#   Reduce memory load on the system
#   Increase physical memory or swap space
#   Check if swap backing store is full
#   Decrease Java heap size (-Xmx/-Xms)
#   Decrease number of Java threads
#   Decrease Java thread stack sizes (-Xss)
#   Set larger code cache with -XX:ReservedCodeCacheSize=
#   JVM is running with Zero Based Compressed Oops mode in which the Java heap is
#     placed in the first 32GB address space. The Java Heap base address is the
#     maximum limit for the native heap growth. Please use -XX:HeapBaseMinAddress
#     to set the Java Heap base and to place the Java Heap above 32GB virtual address.
# This output file may be truncated or incomplete.
#
#  Out of Memory Error (arena.cpp:184), pid=15716, tid=21940
#
# JRE version: Java(TM) SE Runtime Environment (19.0.2+7) (build 19.0.2+7-44)
# Java VM: Java HotSpot(TM) 64-Bit Server VM (19.0.2+7-44, mixed mode, sharing, tiered, compressed oops, compressed class ptrs, g1 gc, windows-amd64)
# No core dump will be written. Minidumps are not enabled by default on client versions of Windows
#

---------------  S U M M A R Y ------------

Command Line: -Dmaven.multiModuleProjectDirectory=D:\unitedStates duplicates original -Dmaven.home=C:\Users\99293\.m2\wrapper\dists\apache-maven-3.8.6-bin\1ks0nkde5v1pk9vtc31i9d0lcd\apache-maven-3.8.6 -Dclassworlds.conf=C:\Users\99293\.m2\wrapper\dists\apache-maven-3.8.6-bin\1ks0nkde5v1pk9vtc31i9d0lcd\apache-maven-3.8.6\bin\m2.conf -Dmaven.ext.class.path=C:\Program Files\JetBrains\IntelliJ IDEA 2022.1.2\plugins\maven\lib\maven-event-listener.jar -javaagent:C:\Program Files\JetBrains\IntelliJ IDEA 2022.1.2\lib\idea_rt.jar=64282:C:\Program Files\JetBrains\IntelliJ IDEA 2022.1.2\bin -Dfile.encoding=UTF-8 org.codehaus.classworlds.Launcher -Didea.version=2022.1.2 package

Host: 12th Gen Intel(R) Core(TM) i7-12650H, 16 cores, 15G,  Windows 11 , 64 bit Build 22621 (10.0.22621.1778)
Time: Fri Jul 21 18:10:35 2023  Windows 11 , 64 bit Build 22621 (10.0.22621.1778) elapsed time: 0.466472 seconds (0d 0h 0m 0s)

---------------  T H R E A D  ---------------

Current thread (0x00000170ae3d8990):  JavaThread "C2 CompilerThread4" daemon [_thread_in_native, id=21940, stack(0x0000002d5bc00000,0x0000002d5bd00000)]


Current CompileTask:
C2:    466 1157   !   4       sun.nio.cs.StreamDecoder::read0 (59 bytes)

Stack: [0x0000002d5bc00000,0x0000002d5bd00000]
Native frames: (J=compiled Java code, j=interpreted, Vv=VM code, C=native code)
V  [jvm.dll+0x6ee21a]
V  [jvm.dll+0x85765e]
V  [jvm.dll+0x85904e]
V  [jvm.dll+0x859703]
V  [jvm.dll+0x28298f]
V  [jvm.dll+0xc9adf]
V  [jvm.dll+0xc9e65]
V  [jvm.dll+0x3bca12]
V  [jvm.dll+0x1ee0aa]
V  [jvm.dll+0x24c52b]
V  [jvm.dll+0x24b781]
V  [jvm.dll+0x1d6ce1]
V  [jvm.dll+0x25b25a]
V  [jvm.dll+0x2596e8]
V  [jvm.dll+0x807588]
V  [jvm.dll+0x80125a]
V  [jvm.dll+0x6ecf0b]
C  [ucrtbase.dll+0x29363]
C  [KERNEL32.DLL+0x126ad]
C  [ntdll.dll+0x5a9f8]


---------------  P R O C E S S  ---------------

Threads class SMR info:
_java_thread_list=0x00000170ae8c6190, length=23, elements={
0x00000170853b8d90, 0x00000170a8ddbbe0, 0x00000170a8ddc710, 0x00000170a8ddd240,
0x00000170a8dddc70, 0x00000170a8dde900, 0x00000170ad4084b0, 0x00000170ad409110,
0x00000170ad40ba90, 0x00000170ad40c400, 0x00000170ad5198e0, 0x00000170ad51e720,
0x00000170ad5212d0, 0x00000170ad605480, 0x00000170ad6059c0, 0x00000170ad7885a0,
0x00000170ad9def40, 0x00000170adffdb80, 0x00000170ae3d8410, 0x00000170ae3d8990,
0x00000170ae8c5370, 0x00000170ae8c58f0, 0x00000170ae8c6280
}

Java Threads: ( => current thread )
  0x00000170853b8d90 JavaThread "main" [_thread_in_vm, id=3372, stack(0x0000002d5a200000,0x0000002d5a300000)]
  0x00000170a8ddbbe0 JavaThread "Reference Handler" daemon [_thread_blocked, id=15836, stack(0x0000002d5a900000,0x0000002d5aa00000)]
  0x00000170a8ddc710 JavaThread "Finalizer" daemon [_thread_blocked, id=8064, stack(0x0000002d5aa00000,0x0000002d5ab00000)]
  0x00000170a8ddd240 JavaThread "Signal Dispatcher" daemon [_thread_blocked, id=16524, stack(0x0000002d5ab00000,0x0000002d5ac00000)]
  0x00000170a8dddc70 JavaThread "Attach Listener" daemon [_thread_blocked, id=20700, stack(0x0000002d5ac00000,0x0000002d5ad00000)]
  0x00000170a8dde900 JavaThread "Service Thread" daemon [_thread_blocked, id=16708, stack(0x0000002d5ad00000,0x0000002d5ae00000)]
  0x00000170ad4084b0 JavaThread "Monitor Deflation Thread" daemon [_thread_blocked, id=16060, stack(0x0000002d5ae00000,0x0000002d5af00000)]
  0x00000170ad409110 JavaThread "C2 CompilerThread0" daemon [_thread_in_native, id=14104, stack(0x0000002d5af00000,0x0000002d5b000000)]
  0x00000170ad40ba90 JavaThread "C1 CompilerThread0" daemon [_thread_in_native, id=22836, stack(0x0000002d5b000000,0x0000002d5b100000)]
  0x00000170ad40c400 JavaThread "Sweeper thread" daemon [_thread_blocked, id=14964, stack(0x0000002d5b100000,0x0000002d5b200000)]
  0x00000170ad5198e0 JavaThread "Common-Cleaner" daemon [_thread_blocked, id=2400, stack(0x0000002d5b200000,0x0000002d5b300000)]
  0x00000170ad51e720 JavaThread "C1 CompilerThread1" daemon [_thread_in_native, id=5504, stack(0x0000002d5b300000,0x0000002d5b400000)]
  0x00000170ad5212d0 JavaThread "C1 CompilerThread2" daemon [_thread_in_native, id=24032, stack(0x0000002d5b400000,0x0000002d5b500000)]
  0x00000170ad605480 JavaThread "Monitor Ctrl-Break" daemon [_thread_in_native, id=12832, stack(0x0000002d5b500000,0x0000002d5b600000)]
  0x00000170ad6059c0 JavaThread "Notification Thread" daemon [_thread_blocked, id=11316, stack(0x0000002d5b600000,0x0000002d5b700000)]
  0x00000170ad7885a0 JavaThread "C2 CompilerThread1" daemon [_thread_in_native, id=23812, stack(0x0000002d5b800000,0x0000002d5b900000)]
  0x00000170ad9def40 JavaThread "C1 CompilerThread3" daemon [_thread_in_native, id=1724, stack(0x0000002d5b900000,0x0000002d5ba00000)]
  0x00000170adffdb80 JavaThread "C2 CompilerThread2" daemon [_thread_in_native, id=14788, stack(0x0000002d5ba00000,0x0000002d5bb00000)]
  0x00000170ae3d8410 JavaThread "C2 CompilerThread3" daemon [_thread_in_native, id=1940, stack(0x0000002d5bb00000,0x0000002d5bc00000)]
=>0x00000170ae3d8990 JavaThread "C2 CompilerThread4" daemon [_thread_in_native, id=21940, stack(0x0000002d5bc00000,0x0000002d5bd00000)]
  0x00000170ae8c5370 JavaThread "C2 CompilerThread5" daemon [_thread_in_native, id=12392, stack(0x0000002d5bd00000,0x0000002d5be00000)]
  0x00000170ae8c58f0 JavaThread "C2 CompilerThread6" daemon [_thread_blocked, id=24424, stack(0x0000002d5be00000,0x0000002d5bf00000)]
  0x00000170ae8c6280 JavaThread "C2 CompilerThread7" daemon [_thread_in_native, id=24064, stack(0x0000002d5bf00000,0x0000002d5c000000)]

Other Threads:
  0x00000170a8dc2210 VMThread "VM Thread" [stack: 0x0000002d5a800000,0x0000002d5a900000] [id=1140]
  0x00000170ad6073b0 WatcherThread "VM Periodic Task Thread" [stack: 0x0000002d5b700000,0x0000002d5b800000] [id=12280]
  0x000001708542a940 WorkerThread "GC Thread#0" [stack: 0x0000002d5a300000,0x0000002d5a400000] [id=9312]
  0x00000170ad60a230 WorkerThread "GC Thread#1" [stack: 0x0000002d5c000000,0x0000002d5c100000] [id=15912]
  0x00000170ad60a7d0 WorkerThread "GC Thread#2" [stack: 0x0000002d5c100000,0x0000002d5c200000] [id=3916]
  0x00000170ad60a500 WorkerThread "GC Thread#3" [stack: 0x0000002d5c200000,0x0000002d5c300000] [id=15068]
  0x00000170ad60aaa0 WorkerThread "GC Thread#4" [stack: 0x0000002d5c300000,0x0000002d5c400000] [id=12788]
  0x00000170ad60ad70 WorkerThread "GC Thread#5" [stack: 0x0000002d5c400000,0x0000002d5c500000] [id=15648]
  0x00000170ad60b040 WorkerThread "GC Thread#6" [stack: 0x0000002d5c500000,0x0000002d5c600000] [id=2276]
  0x00000170ad60b310 WorkerThread "GC Thread#7" [stack: 0x0000002d5c600000,0x0000002d5c700000] [id=18852]
  0x000001708543c2c0 ConcurrentGCThread "G1 Main Marker" [stack: 0x0000002d5a400000,0x0000002d5a500000] [id=19024]
  0x000001708543ccf0 WorkerThread "G1 Conc#0" [stack: 0x0000002d5a500000,0x0000002d5a600000] [id=17472]
  0x000001708547e3e0 ConcurrentGCThread "G1 Refine#0" [stack: 0x0000002d5a600000,0x0000002d5a700000] [id=12888]
  0x00000170a8c7e0a0 ConcurrentGCThread "G1 Service" [stack: 0x0000002d5a700000,0x0000002d5a800000] [id=2728]

Threads with active compile tasks:
C2 CompilerThread0      474 1198       4       sun.nio.cs.StreamDecoder::lockedRead (189 bytes)
C1 CompilerThread0      474 1318       3       jdk.internal.org.objectweb.asm.Type::getReturnTypeOffset (64 bytes)
C2 CompilerThread1      474 1206       4       java.io.InputStreamReader::read (11 bytes)
C1 CompilerThread3      474 1321       3       jdk.internal.org.objectweb.asm.Frame::merge (395 bytes)
C2 CompilerThread2      475 1201   !   4       sun.nio.cs.StreamDecoder::read (78 bytes)
C2 CompilerThread3      475 1306       4       java.lang.AbstractStringBuilder::append (77 bytes)
C2 CompilerThread4      475 1157   !   4       sun.nio.cs.StreamDecoder::read0 (59 bytes)
C2 CompilerThread5      475 1324       4       java.nio.DirectIntBufferU::ix (10 bytes)
C2 CompilerThread7      475 1179       4       sun.nio.cs.StreamDecoder::lockedRead0 (95 bytes)

VM state: not at safepoint (normal execution)

VM Mutex/Monitor currently owned by a thread: None

Heap address: 0x0000000705e00000, size: 4002 MB, Compressed Oops mode: Zero based, Oop shift amount: 3

CDS archive(s) mapped at: [0x0000000800000000-0x0000000800c40000-0x0000000800c40000), size 12845056, SharedBaseAddress: 0x0000000800000000, ArchiveRelocationMode: 0.
Compressed class space mapped at: 0x0000000801000000-0x0000000841000000, reserved size: 1073741824
Narrow klass base: 0x0000000800000000, Narrow klass shift: 0, Narrow klass range: 0x100000000

GC Precious Log:
 CardTable entry size: 512
 Card Set container configuration: InlinePtr #cards 4 size 8 Array Of Cards #cards 16 size 48 Howl #buckets 8 coarsen threshold 3686 Howl Bitmap #cards 512 size 80 coarsen threshold 460 Card regions per heap region 1 cards per card region 4096
 CPUs: 16 total, 16 available
 Memory: 16005M
 Large Page Support: Disabled
 NUMA Support: Disabled
 Compressed Oops: Enabled (Zero based)
 Heap Region Size: 2M
 Heap Min Capacity: 8M
 Heap Initial Capacity: 252M
 Heap Max Capacity: 4002M
 Pre-touch: Disabled
 Parallel Workers: 13
 Concurrent Workers: 3
 Concurrent Refinement Workers: 13
 Periodic GC: Disabled

Heap:
 garbage-first heap   total 258048K, used 10018K [0x0000000705e00000, 0x0000000800000000)
  region size 2048K, 6 young (12288K), 2 survivors (4096K)
 Metaspace       used 5750K, committed 5952K, reserved 1114112K
  class space    used 636K, committed 704K, reserved 1048576K

Heap Regions: E=young(eden), S=young(survivor), O=old, HS=humongous(starts), HC=humongous(continues), CS=collection set, F=free, OA=open archive, CA=closed archive, TAMS=top-at-mark-start (previous, next)
|   0|0x0000000705e00000, 0x0000000705e00000, 0x0000000706000000|  0%| F|  |TAMS 0x0000000705e00000, 0x0000000705e00000| Untracked 
|   1|0x0000000706000000, 0x0000000706000000, 0x0000000706200000|  0%| F|  |TAMS 0x0000000706000000, 0x0000000706000000| Untracked 
|   2|0x0000000706200000, 0x0000000706200000, 0x0000000706400000|  0%| F|  |TAMS 0x0000000706200000, 0x0000000706200000| Untracked 
|   3|0x0000000706400000, 0x0000000706400000, 0x0000000706600000|  0%| F|  |TAMS 0x0000000706400000, 0x0000000706400000| Untracked 
|   4|0x0000000706600000, 0x0000000706600000, 0x0000000706800000|  0%| F|  |TAMS 0x0000000706600000, 0x0000000706600000| Untracked 
|   5|0x0000000706800000, 0x0000000706800000, 0x0000000706a00000|  0%| F|  |TAMS 0x0000000706800000, 0x0000000706800000| Untracked 
|   6|0x0000000706a00000, 0x0000000706a00000, 0x0000000706c00000|  0%| F|  |TAMS 0x0000000706a00000, 0x0000000706a00000| Untracked 
|   7|0x0000000706c00000, 0x0000000706c00000, 0x0000000706e00000|  0%| F|  |TAMS 0x0000000706c00000, 0x0000000706c00000| Untracked 
|   8|0x0000000706e00000, 0x0000000706e00000, 0x0000000707000000|  0%| F|  |TAMS 0x0000000706e00000, 0x0000000706e00000| Untracked 
|   9|0x0000000707000000, 0x0000000707000000, 0x0000000707200000|  0%| F|  |TAMS 0x0000000707000000, 0x0000000707000000| Untracked 
|  10|0x0000000707200000, 0x0000000707200000, 0x0000000707400000|  0%| F|  |TAMS 0x0000000707200000, 0x0000000707200000| Untracked 
|  11|0x0000000707400000, 0x0000000707400000, 0x0000000707600000|  0%| F|  |TAMS 0x0000000707400000, 0x0000000707400000| Untracked 
|  12|0x0000000707600000, 0x0000000707600000, 0x0000000707800000|  0%| F|  |TAMS 0x0000000707600000, 0x0000000707600000| Untracked 
|  13|0x0000000707800000, 0x0000000707800000, 0x0000000707a00000|  0%| F|  |TAMS 0x0000000707800000, 0x0000000707800000| Untracked 
|  14|0x0000000707a00000, 0x0000000707a00000, 0x0000000707c00000|  0%| F|  |TAMS 0x0000000707a00000, 0x0000000707a00000| Untracked 
|  15|0x0000000707c00000, 0x0000000707c00000, 0x0000000707e00000|  0%| F|  |TAMS 0x0000000707c00000, 0x0000000707c00000| Untracked 
|  16|0x0000000707e00000, 0x0000000707e00000, 0x0000000708000000|  0%| F|  |TAMS 0x0000000707e00000, 0x0000000707e00000| Untracked 
|  17|0x0000000708000000, 0x0000000708000000, 0x0000000708200000|  0%| F|  |TAMS 0x0000000708000000, 0x0000000708000000| Untracked 
|  18|0x0000000708200000, 0x0000000708200000, 0x0000000708400000|  0%| F|  |TAMS 0x0000000708200000, 0x0000000708200000| Untracked 
|  19|0x0000000708400000, 0x0000000708400000, 0x0000000708600000|  0%| F|  |TAMS 0x0000000708400000, 0x0000000708400000| Untracked 
|  20|0x0000000708600000, 0x0000000708600000, 0x0000000708800000|  0%| F|  |TAMS 0x0000000708600000, 0x0000000708600000| Untracked 
|  21|0x0000000708800000, 0x0000000708800000, 0x0000000708a00000|  0%| F|  |TAMS 0x0000000708800000, 0x0000000708800000| Untracked 
|  22|0x0000000708a00000, 0x0000000708a00000, 0x0000000708c00000|  0%| F|  |TAMS 0x0000000708a00000, 0x0000000708a00000| Untracked 
|  23|0x0000000708c00000, 0x0000000708c00000, 0x0000000708e00000|  0%| F|  |TAMS 0x0000000708c00000, 0x0000000708c00000| Untracked 
|  24|0x0000000708e00000, 0x0000000708e00000, 0x0000000709000000|  0%| F|  |TAMS 0x0000000708e00000, 0x0000000708e00000| Untracked 
|  25|0x0000000709000000, 0x0000000709000000, 0x0000000709200000|  0%| F|  |TAMS 0x0000000709000000, 0x0000000709000000| Untracked 
|  26|0x0000000709200000, 0x0000000709200000, 0x0000000709400000|  0%| F|  |TAMS 0x0000000709200000, 0x0000000709200000| Untracked 
|  27|0x0000000709400000, 0x0000000709400000, 0x0000000709600000|  0%| F|  |TAMS 0x0000000709400000, 0x0000000709400000| Untracked 
|  28|0x0000000709600000, 0x0000000709600000, 0x0000000709800000|  0%| F|  |TAMS 0x0000000709600000, 0x0000000709600000| Untracked 
|  29|0x0000000709800000, 0x0000000709800000, 0x0000000709a00000|  0%| F|  |TAMS 0x0000000709800000, 0x0000000709800000| Untracked 
|  30|0x0000000709a00000, 0x0000000709a00000, 0x0000000709c00000|  0%| F|  |TAMS 0x0000000709a00000, 0x0000000709a00000| Untracked 
|  31|0x0000000709c00000, 0x0000000709c00000, 0x0000000709e00000|  0%| F|  |TAMS 0x0000000709c00000, 0x0000000709c00000| Untracked 
|  32|0x0000000709e00000, 0x0000000709e00000, 0x000000070a000000|  0%| F|  |TAMS 0x0000000709e00000, 0x0000000709e00000| Untracked 
|  33|0x000000070a000000, 0x000000070a000000, 0x000000070a200000|  0%| F|  |TAMS 0x000000070a000000, 0x000000070a000000| Untracked 
|  34|0x000000070a200000, 0x000000070a200000, 0x000000070a400000|  0%| F|  |TAMS 0x000000070a200000, 0x000000070a200000| Untracked 
|  35|0x000000070a400000, 0x000000070a400000, 0x000000070a600000|  0%| F|  |TAMS 0x000000070a400000, 0x000000070a400000| Untracked 
|  36|0x000000070a600000, 0x000000070a600000, 0x000000070a800000|  0%| F|  |TAMS 0x000000070a600000, 0x000000070a600000| Untracked 
|  37|0x000000070a800000, 0x000000070a800000, 0x000000070aa00000|  0%| F|  |TAMS 0x000000070a800000, 0x000000070a800000| Untracked 
|  38|0x000000070aa00000, 0x000000070aa00000, 0x000000070ac00000|  0%| F|  |TAMS 0x000000070aa00000, 0x000000070aa00000| Untracked 
|  39|0x000000070ac00000, 0x000000070ac00000, 0x000000070ae00000|  0%| F|  |TAMS 0x000000070ac00000, 0x000000070ac00000| Untracked 
|  40|0x000000070ae00000, 0x000000070ae00000, 0x000000070b000000|  0%| F|  |TAMS 0x000000070ae00000, 0x000000070ae00000| Untracked 
|  41|0x000000070b000000, 0x000000070b000000, 0x000000070b200000|  0%| F|  |TAMS 0x000000070b000000, 0x000000070b000000| Untracked 
|  42|0x000000070b200000, 0x000000070b200000, 0x000000070b400000|  0%| F|  |TAMS 0x000000070b200000, 0x000000070b200000| Untracked 
|  43|0x000000070b400000, 0x000000070b400000, 0x000000070b600000|  0%| F|  |TAMS 0x000000070b400000, 0x000000070b400000| Untracked 
|  44|0x000000070b600000, 0x000000070b600000, 0x000000070b800000|  0%| F|  |TAMS 0x000000070b600000, 0x000000070b600000| Untracked 
|  45|0x000000070b800000, 0x000000070b800000, 0x000000070ba00000|  0%| F|  |TAMS 0x000000070b800000, 0x000000070b800000| Untracked 
|  46|0x000000070ba00000, 0x000000070ba00000, 0x000000070bc00000|  0%| F|  |TAMS 0x000000070ba00000, 0x000000070ba00000| Untracked 
|  47|0x000000070bc00000, 0x000000070bc00000, 0x000000070be00000|  0%| F|  |TAMS 0x000000070bc00000, 0x000000070bc00000| Untracked 
|  48|0x000000070be00000, 0x000000070be00000, 0x000000070c000000|  0%| F|  |TAMS 0x000000070be00000, 0x000000070be00000| Untracked 
|  49|0x000000070c000000, 0x000000070c000000, 0x000000070c200000|  0%| F|  |TAMS 0x000000070c000000, 0x000000070c000000| Untracked 
|  50|0x000000070c200000, 0x000000070c200000, 0x000000070c400000|  0%| F|  |TAMS 0x000000070c200000, 0x000000070c200000| Untracked 
|  51|0x000000070c400000, 0x000000070c400000, 0x000000070c600000|  0%| F|  |TAMS 0x000000070c400000, 0x000000070c400000| Untracked 
|  52|0x000000070c600000, 0x000000070c600000, 0x000000070c800000|  0%| F|  |TAMS 0x000000070c600000, 0x000000070c600000| Untracked 
|  53|0x000000070c800000, 0x000000070c800000, 0x000000070ca00000|  0%| F|  |TAMS 0x000000070c800000, 0x000000070c800000| Untracked 
|  54|0x000000070ca00000, 0x000000070ca00000, 0x000000070cc00000|  0%| F|  |TAMS 0x000000070ca00000, 0x000000070ca00000| Untracked 
|  55|0x000000070cc00000, 0x000000070cc00000, 0x000000070ce00000|  0%| F|  |TAMS 0x000000070cc00000, 0x000000070cc00000| Untracked 
|  56|0x000000070ce00000, 0x000000070ce00000, 0x000000070d000000|  0%| F|  |TAMS 0x000000070ce00000, 0x000000070ce00000| Untracked 
|  57|0x000000070d000000, 0x000000070d000000, 0x000000070d200000|  0%| F|  |TAMS 0x000000070d000000, 0x000000070d000000| Untracked 
|  58|0x000000070d200000, 0x000000070d200000, 0x000000070d400000|  0%| F|  |TAMS 0x000000070d200000, 0x000000070d200000| Untracked 
|  59|0x000000070d400000, 0x000000070d400000, 0x000000070d600000|  0%| F|  |TAMS 0x000000070d400000, 0x000000070d400000| Untracked 
|  60|0x000000070d600000, 0x000000070d600000, 0x000000070d800000|  0%| F|  |TAMS 0x000000070d600000, 0x000000070d600000| Untracked 
|  61|0x000000070d800000, 0x000000070d800000, 0x000000070da00000|  0%| F|  |TAMS 0x000000070d800000, 0x000000070d800000| Untracked 
|  62|0x000000070da00000, 0x000000070da00000, 0x000000070dc00000|  0%| F|  |TAMS 0x000000070da00000, 0x000000070da00000| Untracked 
|  63|0x000000070dc00000, 0x000000070dc00000, 0x000000070de00000|  0%| F|  |TAMS 0x000000070dc00000, 0x000000070dc00000| Untracked 
|  64|0x000000070de00000, 0x000000070de00000, 0x000000070e000000|  0%| F|  |TAMS 0x000000070de00000, 0x000000070de00000| Untracked 
|  65|0x000000070e000000, 0x000000070e000000, 0x000000070e200000|  0%| F|  |TAMS 0x000000070e000000, 0x000000070e000000| Untracked 
|  66|0x000000070e200000, 0x000000070e200000, 0x000000070e400000|  0%| F|  |TAMS 0x000000070e200000, 0x000000070e200000| Untracked 
|  67|0x000000070e400000, 0x000000070e400000, 0x000000070e600000|  0%| F|  |TAMS 0x000000070e400000, 0x000000070e400000| Untracked 
|  68|0x000000070e600000, 0x000000070e600000, 0x000000070e800000|  0%| F|  |TAMS 0x000000070e600000, 0x000000070e600000| Untracked 
|  69|0x000000070e800000, 0x000000070e800000, 0x000000070ea00000|  0%| F|  |TAMS 0x000000070e800000, 0x000000070e800000| Untracked 
|  70|0x000000070ea00000, 0x000000070ea00000, 0x000000070ec00000|  0%| F|  |TAMS 0x000000070ea00000, 0x000000070ea00000| Untracked 
|  71|0x000000070ec00000, 0x000000070ec00000, 0x000000070ee00000|  0%| F|  |TAMS 0x000000070ec00000, 0x000000070ec00000| Untracked 
|  72|0x000000070ee00000, 0x000000070ee00000, 0x000000070f000000|  0%| F|  |TAMS 0x000000070ee00000, 0x000000070ee00000| Untracked 
|  73|0x000000070f000000, 0x000000070f000000, 0x000000070f200000|  0%| F|  |TAMS 0x000000070f000000, 0x000000070f000000| Untracked 
|  74|0x000000070f200000, 0x000000070f200000, 0x000000070f400000|  0%| F|  |TAMS 0x000000070f200000, 0x000000070f200000| Untracked 
|  75|0x000000070f400000, 0x000000070f400000, 0x000000070f600000|  0%| F|  |TAMS 0x000000070f400000, 0x000000070f400000| Untracked 
|  76|0x000000070f600000, 0x000000070f600000, 0x000000070f800000|  0%| F|  |TAMS 0x000000070f600000, 0x000000070f600000| Untracked 
|  77|0x000000070f800000, 0x000000070f800000, 0x000000070fa00000|  0%| F|  |TAMS 0x000000070f800000, 0x000000070f800000| Untracked 
|  78|0x000000070fa00000, 0x000000070fa00000, 0x000000070fc00000|  0%| F|  |TAMS 0x000000070fa00000, 0x000000070fa00000| Untracked 
|  79|0x000000070fc00000, 0x000000070fc00000, 0x000000070fe00000|  0%| F|  |TAMS 0x000000070fc00000, 0x000000070fc00000| Untracked 
|  80|0x000000070fe00000, 0x000000070fe00000, 0x0000000710000000|  0%| F|  |TAMS 0x000000070fe00000, 0x000000070fe00000| Untracked 
|  81|0x0000000710000000, 0x0000000710000000, 0x0000000710200000|  0%| F|  |TAMS 0x0000000710000000, 0x0000000710000000| Untracked 
|  82|0x0000000710200000, 0x0000000710200000, 0x0000000710400000|  0%| F|  |TAMS 0x0000000710200000, 0x0000000710200000| Untracked 
|  83|0x0000000710400000, 0x0000000710400000, 0x0000000710600000|  0%| F|  |TAMS 0x0000000710400000, 0x0000000710400000| Untracked 
|  84|0x0000000710600000, 0x0000000710600000, 0x0000000710800000|  0%| F|  |TAMS 0x0000000710600000, 0x0000000710600000| Untracked 
|  85|0x0000000710800000, 0x0000000710800000, 0x0000000710a00000|  0%| F|  |TAMS 0x0000000710800000, 0x0000000710800000| Untracked 
|  86|0x0000000710a00000, 0x0000000710a00000, 0x0000000710c00000|  0%| F|  |TAMS 0x0000000710a00000, 0x0000000710a00000| Untracked 
|  87|0x0000000710c00000, 0x0000000710c00000, 0x0000000710e00000|  0%| F|  |TAMS 0x0000000710c00000, 0x0000000710c00000| Untracked 
|  88|0x0000000710e00000, 0x0000000710e00000, 0x0000000711000000|  0%| F|  |TAMS 0x0000000710e00000, 0x0000000710e00000| Untracked 
|  89|0x0000000711000000, 0x0000000711000000, 0x0000000711200000|  0%| F|  |TAMS 0x0000000711000000, 0x0000000711000000| Untracked 
|  90|0x0000000711200000, 0x0000000711200000, 0x0000000711400000|  0%| F|  |TAMS 0x0000000711200000, 0x0000000711200000| Untracked 
|  91|0x0000000711400000, 0x0000000711400000, 0x0000000711600000|  0%| F|  |TAMS 0x0000000711400000, 0x0000000711400000| Untracked 
|  92|0x0000000711600000, 0x0000000711600000, 0x0000000711800000|  0%| F|  |TAMS 0x0000000711600000, 0x0000000711600000| Untracked 
|  93|0x0000000711800000, 0x0000000711800000, 0x0000000711a00000|  0%| F|  |TAMS 0x0000000711800000, 0x0000000711800000| Untracked 
|  94|0x0000000711a00000, 0x0000000711a00000, 0x0000000711c00000|  0%| F|  |TAMS 0x0000000711a00000, 0x0000000711a00000| Untracked 
|  95|0x0000000711c00000, 0x0000000711c00000, 0x0000000711e00000|  0%| F|  |TAMS 0x0000000711c00000, 0x0000000711c00000| Untracked 
|  96|0x0000000711e00000, 0x0000000711e00000, 0x0000000712000000|  0%| F|  |TAMS 0x0000000711e00000, 0x0000000711e00000| Untracked 
|  97|0x0000000712000000, 0x0000000712000000, 0x0000000712200000|  0%| F|  |TAMS 0x0000000712000000, 0x0000000712000000| Untracked 
|  98|0x0000000712200000, 0x0000000712200000, 0x0000000712400000|  0%| F|  |TAMS 0x0000000712200000, 0x0000000712200000| Untracked 
|  99|0x0000000712400000, 0x0000000712400000, 0x0000000712600000|  0%| F|  |TAMS 0x0000000712400000, 0x0000000712400000| Untracked 
| 100|0x0000000712600000, 0x0000000712600000, 0x0000000712800000|  0%| F|  |TAMS 0x0000000712600000, 0x0000000712600000| Untracked 
| 101|0x0000000712800000, 0x0000000712800000, 0x0000000712a00000|  0%| F|  |TAMS 0x0000000712800000, 0x0000000712800000| Untracked 
| 102|0x0000000712a00000, 0x0000000712a00000, 0x0000000712c00000|  0%| F|  |TAMS 0x0000000712a00000, 0x0000000712a00000| Untracked 
| 103|0x0000000712c00000, 0x0000000712c00000, 0x0000000712e00000|  0%| F|  |TAMS 0x0000000712c00000, 0x0000000712c00000| Untracked 
| 104|0x0000000712e00000, 0x0000000712e00000, 0x0000000713000000|  0%| F|  |TAMS 0x0000000712e00000, 0x0000000712e00000| Untracked 
| 105|0x0000000713000000, 0x0000000713000000, 0x0000000713200000|  0%| F|  |TAMS 0x0000000713000000, 0x0000000713000000| Untracked 
| 106|0x0000000713200000, 0x0000000713200000, 0x0000000713400000|  0%| F|  |TAMS 0x0000000713200000, 0x0000000713200000| Untracked 
| 107|0x0000000713400000, 0x0000000713400000, 0x0000000713600000|  0%| F|  |TAMS 0x0000000713400000, 0x0000000713400000| Untracked 
| 108|0x0000000713600000, 0x0000000713600000, 0x0000000713800000|  0%| F|  |TAMS 0x0000000713600000, 0x0000000713600000| Untracked 
| 109|0x0000000713800000, 0x0000000713800000, 0x0000000713a00000|  0%| F|  |TAMS 0x0000000713800000, 0x0000000713800000| Untracked 
| 110|0x0000000713a00000, 0x0000000713a00000, 0x0000000713c00000|  0%| F|  |TAMS 0x0000000713a00000, 0x0000000713a00000| Untracked 
| 111|0x0000000713c00000, 0x0000000713c00000, 0x0000000713e00000|  0%| F|  |TAMS 0x0000000713c00000, 0x0000000713c00000| Untracked 
| 112|0x0000000713e00000, 0x0000000713e00000, 0x0000000714000000|  0%| F|  |TAMS 0x0000000713e00000, 0x0000000713e00000| Untracked 
| 113|0x0000000714000000, 0x00000007141c8a60, 0x0000000714200000| 89%| S|CS|TAMS 0x0000000714000000, 0x0000000714000000| Complete 
| 114|0x0000000714200000, 0x0000000714400000, 0x0000000714400000|100%| S|CS|TAMS 0x0000000714200000, 0x0000000714200000| Complete 
| 115|0x0000000714400000, 0x0000000714400000, 0x0000000714600000|  0%| F|  |TAMS 0x0000000714400000, 0x0000000714400000| Untracked 
| 116|0x0000000714600000, 0x0000000714600000, 0x0000000714800000|  0%| F|  |TAMS 0x0000000714600000, 0x0000000714600000| Untracked 
| 117|0x0000000714800000, 0x0000000714800000, 0x0000000714a00000|  0%| F|  |TAMS 0x0000000714800000, 0x0000000714800000| Untracked 
| 118|0x0000000714a00000, 0x0000000714a00000, 0x0000000714c00000|  0%| F|  |TAMS 0x0000000714a00000, 0x0000000714a00000| Untracked 
| 119|0x0000000714c00000, 0x0000000714c00000, 0x0000000714e00000|  0%| F|  |TAMS 0x0000000714c00000, 0x0000000714c00000| Untracked 
| 120|0x0000000714e00000, 0x0000000714e00000, 0x0000000715000000|  0%| F|  |TAMS 0x0000000714e00000, 0x0000000714e00000| Untracked 
| 121|0x0000000715000000, 0x0000000715000000, 0x0000000715200000|  0%| F|  |TAMS 0x0000000715000000, 0x0000000715000000| Untracked 
| 122|0x0000000715200000, 0x00000007153177b8, 0x0000000715400000| 54%| E|  |TAMS 0x0000000715200000, 0x0000000715200000| Complete 
| 123|0x0000000715400000, 0x0000000715600000, 0x0000000715600000|100%| E|CS|TAMS 0x0000000715400000, 0x0000000715400000| Complete 
| 124|0x0000000715600000, 0x0000000715800000, 0x0000000715800000|100%| E|CS|TAMS 0x0000000715600000, 0x0000000715600000| Complete 
| 125|0x0000000715800000, 0x0000000715a00000, 0x0000000715a00000|100%| E|CS|TAMS 0x0000000715800000, 0x0000000715800000| Complete 

Card table byte_map: [0x000001709d390000,0x000001709db70000] _byte_map_base: 0x0000017099b61000

Marking Bits (Prev, Next): (CMBitMap*) 0x000001708542bf80, (CMBitMap*) 0x000001708542bfc0
 Prev Bits: [0x000001709e350000, 0x00000170a21d8000)
 Next Bits: [0x00000170a21e0000, 0x00000170a6068000)

Polling page: 0x0000017084b80000

Metaspace:

Usage:
  Non-class:      5.01 MB used.
      Class:    637.29 KB used.
       Both:      5.63 MB used.

Virtual space:
  Non-class space:       64.00 MB reserved,       5.12 MB (  8%) committed,  1 nodes.
      Class space:        1.00 GB reserved,     704.00 KB ( <1%) committed,  1 nodes.
             Both:        1.06 GB reserved,       5.81 MB ( <1%) committed. 

Chunk freelists:
   Non-Class:  1.09 MB
       Class:  3.29 MB
        Both:  4.39 MB

MaxMetaspaceSize: unlimited
CompressedClassSpaceSize: 1.00 GB
Initial GC threshold: 21.00 MB
Current GC threshold: 21.00 MB
CDS: on
MetaspaceReclaimPolicy: balanced
 - commit_granule_bytes: 65536.
 - commit_granule_words: 8192.
 - virtual_space_node_default_size: 8388608.
 - enlarge_chunks_in_place: 1.
 - new_chunks_are_fully_committed: 0.
 - uncommit_free_chunks: 1.
 - use_allocation_guard: 0.


Internal statistics:

num_allocs_failed_limit: 0.
num_arena_births: 48.
num_arena_deaths: 0.
num_vsnodes_births: 2.
num_vsnodes_deaths: 0.
num_space_committed: 93.
num_space_uncommitted: 0.
num_chunks_returned_to_freelist: 0.
num_chunks_taken_from_freelist: 191.
num_chunk_merges: 0.
num_chunk_splits: 136.
num_chunks_enlarged: 115.
num_inconsistent_stats: 0.

CodeHeap 'non-profiled nmethods': size=119168Kb used=416Kb max_used=416Kb free=118751Kb
 bounds [0x0000017094ec0000, 0x0000017095130000, 0x000001709c320000]
CodeHeap 'profiled nmethods': size=119104Kb used=2555Kb max_used=2555Kb free=116548Kb
 bounds [0x000001708d320000, 0x000001708d5a0000, 0x0000017094770000]
CodeHeap 'non-nmethods': size=7488Kb used=2937Kb max_used=2968Kb free=4550Kb
 bounds [0x0000017094770000, 0x0000017094a60000, 0x0000017094ec0000]
 total_blobs=1777 nmethods=1315 adapters=370
 compilation: enabled
              stopped_count=0, restarted_count=0
 full_count=0

Compilation events (20 events):
Event: 0.462 Thread 0x00000170ad51e720 1297       3       java.util.HashMap::<init> (98 bytes)
Event: 0.462 Thread 0x00000170ad5212d0 1298       3       sun.reflect.generics.parser.SignatureParser::skipIdentifier (67 bytes)
Event: 0.462 Thread 0x00000170ad40ba90 1299       3       jdk.internal.org.objectweb.asm.MethodWriter::endCurrentBasicBlockWithNoSuccessor (94 bytes)
Event: 0.462 Thread 0x00000170ad9def40 1300       3       jdk.internal.org.objectweb.asm.Frame::getInputStackSize (6 bytes)
Event: 0.463 Thread 0x00000170ad5212d0 nmethod 1298 0x000001708d590090 code [0x000001708d5902a0, 0x000001708d590848]
Event: 0.463 Thread 0x00000170ad9def40 nmethod 1300 0x000001708d590a10 code [0x000001708d590ba0, 0x000001708d590cb8]
Event: 0.463 Thread 0x00000170ad5212d0 1303       3       jdk.internal.org.objectweb.asm.SymbolTable::addConstantNameAndType (137 bytes)
Event: 0.463 Thread 0x00000170ad9def40 1302       3       jdk.internal.org.objectweb.asm.Frame::<init> (10 bytes)
Event: 0.463 Thread 0x00000170ad40ba90 nmethod 1299 0x000001708d592610 code [0x000001708d592800, 0x000001708d592ea8]
Event: 0.463 Thread 0x00000170ad40ba90 1304       3       jdk.internal.org.objectweb.asm.SymbolTable$Entry::<init> (20 bytes)
Event: 0.463 Thread 0x00000170ad9def40 nmethod 1302 0x000001708d593090 code [0x000001708d593240, 0x000001708d5933f8]
Event: 0.463 Thread 0x00000170ad9def40 1301       3       jdk.internal.org.objectweb.asm.ByteVector::put11 (52 bytes)
Event: 0.464 Thread 0x00000170ad51e720 nmethod 1297 0x000001708d590d90 code [0x000001708d5910a0, 0x000001708d592038]
Event: 0.464 Thread 0x00000170ad40ba90 nmethod 1304 0x000001708d593490 code [0x000001708d593640, 0x000001708d593788]
Event: 0.464 Thread 0x00000170ae3d8410 nmethod 1175 0x0000017094f22c90 code [0x0000017094f22e20, 0x0000017094f230b8]
Event: 0.464 Thread 0x00000170ad51e720 1305       3       java.util.Arrays::hashCode (56 bytes)
Event: 0.464 Thread 0x00000170ad9def40 nmethod 1301 0x000001708d594690 code [0x000001708d594840, 0x000001708d594a68]
Event: 0.464 Thread 0x00000170ad5212d0 nmethod 1303 0x000001708d593890 code [0x000001708d593ae0, 0x000001708d594228]
Event: 0.464 Thread 0x00000170ae3d8410 1177       4       java.nio.CharBuffer::limit (6 bytes)
Event: 0.465 Thread 0x00000170ad51e720 nmethod 1305 0x000001708d594b90 code [0x000001708d594d60, 0x000001708d5950c8]

GC Heap History (2 events):
Event: 0.362 GC heap before
{Heap before GC invocations=0 (full 0):
 garbage-first heap   total 258048K, used 22528K [0x0000000705e00000, 0x0000000800000000)
  region size 2048K, 11 young (22528K), 0 survivors (0K)
 Metaspace       used 5304K, committed 5440K, reserved 1114112K
  class space    used 578K, committed 640K, reserved 1048576K
}
Event: 0.365 GC heap after
{Heap after GC invocations=1 (full 0):
 garbage-first heap   total 258048K, used 3874K [0x0000000705e00000, 0x0000000800000000)
  region size 2048K, 2 young (4096K), 2 survivors (4096K)
 Metaspace       used 5304K, committed 5440K, reserved 1114112K
  class space    used 578K, committed 640K, reserved 1048576K
}

Dll operation events (12 events):
Event: 0.004 Loaded shared library C:\Program Files\Java\jdk-19\bin\java.dll
Event: 0.010 Loaded shared library C:\Program Files\Java\jdk-19\bin\jsvml.dll
Event: 0.042 Loaded shared library C:\Program Files\Java\jdk-19\bin\zip.dll
Event: 0.044 Loaded shared library C:\Program Files\Java\jdk-19\bin\instrument.dll
Event: 0.048 Loaded shared library C:\Program Files\Java\jdk-19\bin\net.dll
Event: 0.049 Loaded shared library C:\Program Files\Java\jdk-19\bin\nio.dll
Event: 0.050 Loaded shared library C:\Program Files\Java\jdk-19\bin\zip.dll
Event: 0.058 Loaded shared library C:\Program Files\JetBrains\IntelliJ IDEA 2022.1.2\bin\breakgen64.dll
Event: 0.064 Loaded shared library C:\Program Files\Java\jdk-19\bin\extnet.dll
Event: 0.109 Loaded shared library C:\Program Files\Java\jdk-19\bin\jimage.dll
Event: 0.139 Loaded shared library C:\Users\99293\AppData\Local\Temp\jansi-2.4.0-e2db94736dc9bdce-jansi.dll
Event: 0.146 Loaded shared library C:\Program Files\Java\jdk-19\bin\verify.dll

Deoptimization events (20 events):
Event: 0.410 Thread 0x00000170853b8d90 Uncommon trap: trap_request=0xffffffde fr.pc=0x0000017094efcc70 relative=0x0000000000000670
Event: 0.410 Thread 0x00000170853b8d90 Uncommon trap: reason=class_check action=maybe_recompile pc=0x0000017094efcc70 method=java.util.regex.Matcher.search(I)Z @ 121 c2
Event: 0.410 Thread 0x00000170853b8d90 DEOPT PACKING pc=0x0000017094efcc70 sp=0x0000002d5a2fe000
Event: 0.410 Thread 0x00000170853b8d90 DEOPT UNPACKING pc=0x00000170947d6da3 sp=0x0000002d5a2fdfd0 mode 2
Event: 0.412 Thread 0x00000170853b8d90 Uncommon trap: trap_request=0xffffffde fr.pc=0x0000017094efcc70 relative=0x0000000000000670
Event: 0.412 Thread 0x00000170853b8d90 Uncommon trap: reason=class_check action=maybe_recompile pc=0x0000017094efcc70 method=java.util.regex.Matcher.search(I)Z @ 121 c2
Event: 0.412 Thread 0x00000170853b8d90 DEOPT PACKING pc=0x0000017094efcc70 sp=0x0000002d5a2fe000
Event: 0.412 Thread 0x00000170853b8d90 DEOPT UNPACKING pc=0x00000170947d6da3 sp=0x0000002d5a2fdfd0 mode 2
Event: 0.419 Thread 0x00000170853b8d90 Uncommon trap: trap_request=0xffffffc6 fr.pc=0x0000017094f02d38 relative=0x00000000000002f8
Event: 0.419 Thread 0x00000170853b8d90 Uncommon trap: reason=bimorphic_or_optimized_type_check action=maybe_recompile pc=0x0000017094f02d38 method=java.util.concurrent.ConcurrentHashMap.get(Ljava/lang/Object;)Ljava/lang/Object; @ 149 c2
Event: 0.420 Thread 0x00000170853b8d90 DEOPT PACKING pc=0x0000017094f02d38 sp=0x0000002d5a2fd610
Event: 0.420 Thread 0x00000170853b8d90 DEOPT UNPACKING pc=0x00000170947d6da3 sp=0x0000002d5a2fd580 mode 2
Event: 0.456 Thread 0x00000170853b8d90 Uncommon trap: trap_request=0xffffff45 fr.pc=0x0000017094f22094 relative=0x00000000000002d4
Event: 0.456 Thread 0x00000170853b8d90 Uncommon trap: reason=unstable_if action=reinterpret pc=0x0000017094f22094 method=java.nio.charset.CharsetDecoder.decode(Ljava/nio/ByteBuffer;Ljava/nio/CharBuffer;Z)Ljava/nio/charset/CoderResult; @ 1 c2
Event: 0.456 Thread 0x00000170853b8d90 DEOPT PACKING pc=0x0000017094f22094 sp=0x0000002d5a2fd4b0
Event: 0.456 Thread 0x00000170853b8d90 DEOPT UNPACKING pc=0x00000170947d6da3 sp=0x0000002d5a2fd468 mode 2
Event: 0.462 Thread 0x00000170853b8d90 Uncommon trap: trap_request=0xffffffc6 fr.pc=0x0000017094f02d38 relative=0x00000000000002f8
Event: 0.462 Thread 0x00000170853b8d90 Uncommon trap: reason=bimorphic_or_optimized_type_check action=maybe_recompile pc=0x0000017094f02d38 method=java.util.concurrent.ConcurrentHashMap.get(Ljava/lang/Object;)Ljava/lang/Object; @ 149 c2
Event: 0.462 Thread 0x00000170853b8d90 DEOPT PACKING pc=0x0000017094f02d38 sp=0x0000002d5a2fd200
Event: 0.462 Thread 0x00000170853b8d90 DEOPT UNPACKING pc=0x00000170947d6da3 sp=0x0000002d5a2fd170 mode 2

Classes loaded (20 events):
Event: 0.321 Loading class java/lang/reflect/WildcardType
Event: 0.321 Loading class java/lang/reflect/WildcardType done
Event: 0.322 Loading class sun/reflect/generics/tree/TypeVariableSignature
Event: 0.322 Loading class sun/reflect/generics/tree/TypeVariableSignature done
Event: 0.327 Loading class java/lang/annotation/IncompleteAnnotationException
Event: 0.327 Loading class java/lang/annotation/IncompleteAnnotationException done
Event: 0.342 Loading class java/lang/foreign/MemorySegment
Event: 0.342 Loading class java/lang/foreign/Addressable
Event: 0.342 Loading class java/lang/foreign/Addressable done
Event: 0.342 Loading class java/lang/foreign/MemorySegment done
Event: 0.365 Loading class java/util/concurrent/locks/AbstractQueuedSynchronizer$ExclusiveNode
Event: 0.365 Loading class java/util/concurrent/locks/AbstractQueuedSynchronizer$ExclusiveNode done
Event: 0.413 Loading class sun/reflect/generics/reflectiveObjects/TypeVariableImpl
Event: 0.413 Loading class sun/reflect/generics/reflectiveObjects/LazyReflectiveObjectGenerator
Event: 0.413 Loading class sun/reflect/generics/reflectiveObjects/LazyReflectiveObjectGenerator done
Event: 0.413 Loading class sun/reflect/generics/reflectiveObjects/TypeVariableImpl done
Event: 0.413 Loading class sun/reflect/generics/reflectiveObjects/ParameterizedTypeImpl
Event: 0.414 Loading class sun/reflect/generics/reflectiveObjects/ParameterizedTypeImpl done
Event: 0.414 Loading class sun/reflect/misc/ReflectUtil
Event: 0.414 Loading class sun/reflect/misc/ReflectUtil done

Classes unloaded (0 events):
No events

Classes redefined (0 events):
No events

Internal exceptions (14 events):
Event: 0.054 Thread 0x00000170853b8d90 Exception <a 'java/lang/NoSuchMethodError'{0x00000007156ca850}: 'void java.lang.invoke.DirectMethodHandle$Holder.invokeStatic(java.lang.Object, java.lang.Object, java.lang.Object)'> (0x00000007156ca850) 
thrown [s\open\src\hotspot\share\interpreter\linkResolver.cpp, line 774]
Event: 0.057 Thread 0x00000170853b8d90 Exception <a 'java/lang/NoSuchMethodError'{0x0000000715753ae8}: 'java.lang.Object java.lang.invoke.Invokers$Holder.invokeExact_MT(java.lang.Object, java.lang.Object, java.lang.Object, java.lang.Object, java.lang.Object)'> (0x0000000715753ae8) 
thrown [s\open\src\hotspot\share\interpreter\linkResolver.cpp, line 774]
Event: 0.065 Thread 0x00000170ad605480 Exception <a 'java/lang/NoSuchMethodError'{0x00000007157ca960}: 'void java.lang.invoke.DirectMethodHandle$Holder.invokeStatic(java.lang.Object, java.lang.Object)'> (0x00000007157ca960) 
thrown [s\open\src\hotspot\share\interpreter\linkResolver.cpp, line 774]
Event: 0.107 Thread 0x00000170853b8d90 Exception <a 'java/lang/NullPointerException'{0x0000000715252ae8}> (0x0000000715252ae8) 
thrown [s\open\src\hotspot\share\interpreter\linkResolver.cpp, line 1374]
Event: 0.141 Thread 0x00000170853b8d90 Exception <a 'java/lang/NullPointerException'{0x00000007152d1058}> (0x00000007152d1058) 
thrown [s\open\src\hotspot\share\interpreter\linkResolver.cpp, line 1374]
Event: 0.141 Thread 0x00000170853b8d90 Exception <a 'java/lang/NullPointerException'{0x00000007152d1338}> (0x00000007152d1338) 
thrown [s\open\src\hotspot\share\interpreter\linkResolver.cpp, line 1374]
Event: 0.141 Thread 0x00000170853b8d90 Exception <a 'java/lang/NullPointerException'{0x00000007152d1618}> (0x00000007152d1618) 
thrown [s\open\src\hotspot\share\interpreter\linkResolver.cpp, line 1374]
Event: 0.142 Thread 0x00000170853b8d90 Exception <a 'java/lang/NullPointerException'{0x00000007152d68f8}> (0x00000007152d68f8) 
thrown [s\open\src\hotspot\share\interpreter\linkResolver.cpp, line 1374]
Event: 0.143 Thread 0x00000170853b8d90 Exception <a 'java/lang/NullPointerException'{0x00000007152eab38}> (0x00000007152eab38) 
thrown [s\open\src\hotspot\share\interpreter\linkResolver.cpp, line 1374]
Event: 0.143 Thread 0x00000170853b8d90 Exception <a 'java/lang/NullPointerException'{0x00000007152eae18}> (0x00000007152eae18) 
thrown [s\open\src\hotspot\share\interpreter\linkResolver.cpp, line 1374]
Event: 0.143 Thread 0x00000170853b8d90 Exception <a 'java/lang/NullPointerException'{0x00000007152eb0f8}> (0x00000007152eb0f8) 
thrown [s\open\src\hotspot\share\interpreter\linkResolver.cpp, line 1374]
Event: 0.143 Thread 0x00000170853b8d90 Exception <a 'java/lang/NullPointerException'{0x00000007152eb3d8}> (0x00000007152eb3d8) 
thrown [s\open\src\hotspot\share\interpreter\linkResolver.cpp, line 1374]
Event: 0.308 Thread 0x00000170853b8d90 Exception <a 'java/lang/NoSuchMethodError'{0x000000071491e630}: 'java.lang.Object java.lang.invoke.DirectMethodHandle$Holder.newInvokeSpecial(java.lang.Object, java.lang.Object, java.lang.Object, java.lang.Object, java.lang.Object)'> (0x000000071491e630) 
thrown [s\open\src\hotspot\share\interpreter\linkResolver.cpp, line 774]
Event: 0.327 Thread 0x00000170853b8d90 Exception <a 'java/lang/NoClassDefFoundError'{0x000000071467a468}: javax/enterprise/inject/Typed> (0x000000071467a468) 
thrown [s\open\src\hotspot\share\classfile\systemDictionary.cpp, line 244]

VM Operations (14 events):
Event: 0.034 Executing VM operation: HandshakeAllThreads
Event: 0.034 Executing VM operation: HandshakeAllThreads done
Event: 0.060 Executing VM operation: HandshakeAllThreads
Event: 0.060 Executing VM operation: HandshakeAllThreads done
Event: 0.106 Executing VM operation: HandshakeAllThreads
Event: 0.106 Executing VM operation: HandshakeAllThreads done
Event: 0.110 Executing VM operation: HandshakeAllThreads
Event: 0.110 Executing VM operation: HandshakeAllThreads done
Event: 0.329 Executing VM operation: ICBufferFull
Event: 0.329 Executing VM operation: ICBufferFull done
Event: 0.362 Executing VM operation: G1CollectForAllocation
Event: 0.365 Executing VM operation: G1CollectForAllocation done
Event: 0.365 Executing VM operation: HandshakeAllThreads
Event: 0.365 Executing VM operation: HandshakeAllThreads done

Events (20 events):
Event: 0.017 Thread 0x00000170a8ddd240 Thread added: 0x00000170a8ddd240
Event: 0.017 Thread 0x00000170a8dddc70 Thread added: 0x00000170a8dddc70
Event: 0.017 Thread 0x00000170a8dde900 Thread added: 0x00000170a8dde900
Event: 0.017 Thread 0x00000170ad4084b0 Thread added: 0x00000170ad4084b0
Event: 0.017 Thread 0x00000170ad409110 Thread added: 0x00000170ad409110
Event: 0.017 Thread 0x00000170ad40ba90 Thread added: 0x00000170ad40ba90
Event: 0.017 Thread 0x00000170ad40c400 Thread added: 0x00000170ad40c400
Event: 0.030 Thread 0x00000170ad5198e0 Thread added: 0x00000170ad5198e0
Event: 0.034 Thread 0x00000170ad51e720 Thread added: 0x00000170ad51e720
Event: 0.034 Thread 0x00000170ad5212d0 Thread added: 0x00000170ad5212d0
Event: 0.059 Thread 0x00000170ad605480 Thread added: 0x00000170ad605480
Event: 0.059 Thread 0x00000170ad6059c0 Thread added: 0x00000170ad6059c0
Event: 0.085 Thread 0x00000170ad7885a0 Thread added: 0x00000170ad7885a0
Event: 0.212 Thread 0x00000170ad9def40 Thread added: 0x00000170ad9def40
Event: 0.336 Thread 0x00000170adffdb80 Thread added: 0x00000170adffdb80
Event: 0.344 Thread 0x00000170ae3d8410 Thread added: 0x00000170ae3d8410
Event: 0.344 Thread 0x00000170ae3d8990 Thread added: 0x00000170ae3d8990
Event: 0.352 Thread 0x00000170ae8c5370 Thread added: 0x00000170ae8c5370
Event: 0.352 Thread 0x00000170ae8c58f0 Thread added: 0x00000170ae8c58f0
Event: 0.352 Thread 0x00000170ae8c6280 Thread added: 0x00000170ae8c6280


Dynamic libraries:
0x00007ff6e1710000 - 0x00007ff6e1720000 	C:\Program Files\Java\jdk-19\bin\java.exe
0x00007ff8d2790000 - 0x00007ff8d29a4000 	C:\WINDOWS\SYSTEM32\ntdll.dll
0x00007ff8d1620000 - 0x00007ff8d16e2000 	C:\WINDOWS\System32\KERNEL32.DLL
0x00007ff8cff30000 - 0x00007ff8d02d3000 	C:\WINDOWS\System32\KERNELBASE.dll
0x00007ff8cfc00000 - 0x00007ff8cfd11000 	C:\WINDOWS\System32\ucrtbase.dll
0x00007ff8bc240000 - 0x00007ff8bc25b000 	C:\Program Files\Java\jdk-19\bin\VCRUNTIME140.dll
0x00007ff8bc4c0000 - 0x00007ff8bc4d8000 	C:\Program Files\Java\jdk-19\bin\jli.dll
0x00007ff8d0a40000 - 0x00007ff8d0aee000 	C:\WINDOWS\System32\ADVAPI32.dll
0x00007ff8d1a00000 - 0x00007ff8d1aa7000 	C:\WINDOWS\System32\msvcrt.dll
0x00007ff8d05c0000 - 0x00007ff8d0664000 	C:\WINDOWS\System32\sechost.dll
0x00007ff8d1500000 - 0x00007ff8d1617000 	C:\WINDOWS\System32\RPCRT4.dll
0x00007ff8d0850000 - 0x00007ff8d09fb000 	C:\WINDOWS\System32\USER32.dll
0x00007ff8cff00000 - 0x00007ff8cff26000 	C:\WINDOWS\System32\win32u.dll
0x00007ff8d0c20000 - 0x00007ff8d0c49000 	C:\WINDOWS\System32\GDI32.dll
0x00007ff8d0420000 - 0x00007ff8d0539000 	C:\WINDOWS\System32\gdi32full.dll
0x00007ff8cfb60000 - 0x00007ff8cfbfa000 	C:\WINDOWS\System32\msvcp_win.dll
0x00007ff8b9550000 - 0x00007ff8b97de000 	C:\WINDOWS\WinSxS\amd64_microsoft.windows.common-controls_6595b64144ccf1df_6.0.22621.1635_none_270f70857386168e\COMCTL32.dll
0x00007ff8c8cc0000 - 0x00007ff8c8cca000 	C:\WINDOWS\SYSTEM32\VERSION.dll
0x00007ff8d0a00000 - 0x00007ff8d0a31000 	C:\WINDOWS\System32\IMM32.DLL
0x00007ff8bfea0000 - 0x00007ff8bfeac000 	C:\Program Files\Java\jdk-19\bin\vcruntime140_1.dll
0x00007ff8ac810000 - 0x00007ff8ac89e000 	C:\Program Files\Java\jdk-19\bin\msvcp140.dll
0x00007ff857790000 - 0x00007ff858450000 	C:\Program Files\Java\jdk-19\bin\server\jvm.dll
0x00007ff8ae7b0000 - 0x00007ff8ae7b9000 	C:\WINDOWS\SYSTEM32\WSOCK32.dll
0x00007ff8d1980000 - 0x00007ff8d19f1000 	C:\WINDOWS\System32\WS2_32.dll
0x00007ff8c5c70000 - 0x00007ff8c5ca4000 	C:\WINDOWS\SYSTEM32\WINMM.dll
0x00007ff8ceca0000 - 0x00007ff8cecb8000 	C:\WINDOWS\SYSTEM32\kernel.appcore.dll
0x00007ff8bd310000 - 0x00007ff8bd31a000 	C:\Program Files\Java\jdk-19\bin\jimage.dll
0x00007ff8ccf00000 - 0x00007ff8cd12e000 	C:\WINDOWS\SYSTEM32\DBGHELP.DLL
0x00007ff8d1c30000 - 0x00007ff8d1fb9000 	C:\WINDOWS\System32\combase.dll
0x00007ff8d1af0000 - 0x00007ff8d1bc7000 	C:\WINDOWS\System32\OLEAUT32.dll
0x00007ff8ca710000 - 0x00007ff8ca742000 	C:\WINDOWS\SYSTEM32\dbgcore.DLL
0x00007ff8d02e0000 - 0x00007ff8d035b000 	C:\WINDOWS\System32\bcryptPrimitives.dll
0x00007ff8bc290000 - 0x00007ff8bc29e000 	C:\Program Files\Java\jdk-19\bin\instrument.dll
0x00007ff8b76b0000 - 0x00007ff8b76d6000 	C:\Program Files\Java\jdk-19\bin\java.dll
0x00007ff8aaf60000 - 0x00007ff8ab037000 	C:\Program Files\Java\jdk-19\bin\jsvml.dll
0x00007ff8d0d00000 - 0x00007ff8d14fa000 	C:\WINDOWS\System32\SHELL32.dll
0x00007ff8cdb30000 - 0x00007ff8ce3fe000 	C:\WINDOWS\SYSTEM32\windows.storage.dll
0x00007ff8cd9f0000 - 0x00007ff8cdb2e000 	C:\WINDOWS\SYSTEM32\wintypes.dll
0x00007ff8d1760000 - 0x00007ff8d1851000 	C:\WINDOWS\System32\SHCORE.dll
0x00007ff8d1bd0000 - 0x00007ff8d1c2e000 	C:\WINDOWS\System32\shlwapi.dll
0x00007ff8cfa90000 - 0x00007ff8cfab1000 	C:\WINDOWS\SYSTEM32\profapi.dll
0x00007ff8b0dd0000 - 0x00007ff8b0de8000 	C:\Program Files\Java\jdk-19\bin\zip.dll
0x00007ff8b38e0000 - 0x00007ff8b38f3000 	C:\Program Files\Java\jdk-19\bin\net.dll
0x00007ff8c7450000 - 0x00007ff8c7587000 	C:\WINDOWS\SYSTEM32\WINHTTP.dll
0x00007ff8cf110000 - 0x00007ff8cf179000 	C:\WINDOWS\system32\mswsock.dll
0x00007ff8b3600000 - 0x00007ff8b3616000 	C:\Program Files\Java\jdk-19\bin\nio.dll
0x00007ff8bc270000 - 0x00007ff8bc28a000 	C:\Program Files\JetBrains\IntelliJ IDEA 2022.1.2\bin\breakgen64.dll
0x00007ff8b0db0000 - 0x00007ff8b0db8000 	C:\Program Files\Java\jdk-19\bin\extnet.dll
0x0000000069ac0000 - 0x0000000069ae4000 	C:\Users\99293\AppData\Local\Temp\jansi-2.4.0-e2db94736dc9bdce-jansi.dll
0x00007ff8bc750000 - 0x00007ff8bc760000 	C:\Program Files\Java\jdk-19\bin\verify.dll

dbghelp: loaded successfully - version: 4.0.5 - missing functions: none
symbol engine: initialized successfully - sym options: 0x614 - pdb path: .;C:\Program Files\Java\jdk-19\bin;C:\WINDOWS\SYSTEM32;C:\WINDOWS\WinSxS\amd64_microsoft.windows.common-controls_6595b64144ccf1df_6.0.22621.1635_none_270f70857386168e;C:\Program Files\Java\jdk-19\bin\server;C:\Program Files\JetBrains\IntelliJ IDEA 2022.1.2\bin;C:\Users\99293\AppData\Local\Temp

VM Arguments:
jvm_args: -Dmaven.multiModuleProjectDirectory=D:\unitedStates duplicates original -Dmaven.home=C:\Users\99293\.m2\wrapper\dists\apache-maven-3.8.6-bin\1ks0nkde5v1pk9vtc31i9d0lcd\apache-maven-3.8.6 -Dclassworlds.conf=C:\Users\99293\.m2\wrapper\dists\apache-maven-3.8.6-bin\1ks0nkde5v1pk9vtc31i9d0lcd\apache-maven-3.8.6\bin\m2.conf -Dmaven.ext.class.path=C:\Program Files\JetBrains\IntelliJ IDEA 2022.1.2\plugins\maven\lib\maven-event-listener.jar -javaagent:C:\Program Files\JetBrains\IntelliJ IDEA 2022.1.2\lib\idea_rt.jar=64282:C:\Program Files\JetBrains\IntelliJ IDEA 2022.1.2\bin -Dfile.encoding=UTF-8 
java_command: org.codehaus.classworlds.Launcher -Didea.version=2022.1.2 package
java_class_path (initial): C:\Users\99293\.m2\wrapper\dists\apache-maven-3.8.6-bin\1ks0nkde5v1pk9vtc31i9d0lcd\apache-maven-3.8.6\boot\plexus-classworlds-2.6.0.jar;C:\Users\99293\.m2\wrapper\dists\apache-maven-3.8.6-bin\1ks0nkde5v1pk9vtc31i9d0lcd\apache-maven-3.8.6\boot\plexus-classworlds.license
Launcher Type: SUN_STANDARD

[Global flags]
     intx CICompilerCount                          = 12                                        {product} {ergonomic}
     uint ConcGCThreads                            = 3                                         {product} {ergonomic}
     uint G1ConcRefinementThreads                  = 13                                        {product} {ergonomic}
   size_t G1HeapRegionSize                         = 2097152                                   {product} {ergonomic}
    uintx GCDrainStackTargetSize                   = 64                                        {product} {ergonomic}
   size_t InitialHeapSize                          = 264241152                                 {product} {ergonomic}
   size_t MarkStackSize                            = 4194304                                   {product} {ergonomic}
   size_t MaxHeapSize                              = 4196401152                                {product} {ergonomic}
   size_t MaxNewSize                               = 2516582400                                {product} {ergonomic}
   size_t MinHeapDeltaBytes                        = 2097152                                   {product} {ergonomic}
   size_t MinHeapSize                              = 8388608                                   {product} {ergonomic}
    uintx NonNMethodCodeHeapSize                   = 7602480                                {pd product} {ergonomic}
    uintx NonProfiledCodeHeapSize                  = 122027880                              {pd product} {ergonomic}
    uintx ProfiledCodeHeapSize                     = 122027880                              {pd product} {ergonomic}
    uintx ReservedCodeCacheSize                    = 251658240                              {pd product} {ergonomic}
     bool SegmentedCodeCache                       = true                                      {product} {ergonomic}
   size_t SoftMaxHeapSize                          = 4196401152                             {manageable} {ergonomic}
     bool UseCompressedClassPointers               = true                           {product lp64_product} {ergonomic}
     bool UseCompressedOops                        = true                           {product lp64_product} {ergonomic}
     bool UseG1GC                                  = true                                      {product} {ergonomic}
     bool UseLargePagesIndividualAllocation        = false                                  {pd product} {ergonomic}

Logging:
Log output configuration:
 #0: stdout all=warning uptime,level,tags foldmultilines=false
 #1: stderr all=off uptime,level,tags foldmultilines=false

Environment Variables:
PATH=C:\Program Files\Common Files\Oracle\Java\javapath;C:\Windows\system32;C:\Windows;C:\Windows\System32\Wbem;C:\Windows\System32\WindowsPowerShell\v1.0\;C:\Windows\System32\OpenSSH\;C:\Program Files (x86)\NVIDIA Corporation\PhysX\Common;C:\Program Files\NVIDIA Corporation\NVIDIA NvDLISR;C:\Program Files\Git\cmd;C:\Program Files (x86)\dotnet\;%SystemRoot%\system32;%SystemRoot%;%SystemRoot%\System32\Wbem;%SYSTEMROOT%\System32\WindowsPowerShell\v1.0\;%SYSTEMROOT%\System32\OpenSSH\;C:\Users\99293\AppData\Local\Programs\Python\Python311\Scripts\;C:\Users\99293\AppData\Local\Programs\Python\Python311\;C:\Users\99293\AppData\Local\Microsoft\WindowsApps;;C:\Program Files\JetBrains\IntelliJ IDEA 2022.1.2\bin;;C:\Program Files\heroku\bin
USERNAME=ASUS
OS=Windows_NT
PROCESSOR_IDENTIFIER=Intel64 Family 6 Model 154 Stepping 3, GenuineIntel
TMP=C:\Users\99293\AppData\Local\Temp
TEMP=C:\Users\99293\AppData\Local\Temp



---------------  S Y S T E M  ---------------

OS:
 Windows 11 , 64 bit Build 22621 (10.0.22621.1778)
OS uptime: 8 days 5:53 hours
Hyper-V role detected

CPU: total 16 (initial active 16) (8 cores per cpu, 2 threads per core) family 6 model 154 stepping 3 microcode 0x41c, cx8, cmov, fxsr, ht, mmx, 3dnowpref, sse, sse2, sse3, ssse3, sse4.1, sse4.2, popcnt, lzcnt, tsc, tscinvbit, avx, avx2, aes, erms, clmul, bmi1, bmi2, adx, sha, fma, vzeroupper, clflush, clflushopt, clwb, hv, serialize, rdtscp, rdpid, fsrm

Memory: 4k page, system-wide physical 16005M (2213M free)
TotalPageFile size 18053M (AvailPageFile size 5M)
current process WorkingSet (physical memory assigned to process): 112M, peak: 112M
current process commit charge ("private bytes"): 401M, peak: 402M

vm_info: Java HotSpot(TM) 64-Bit Server VM (19.0.2+7-44) for windows-amd64 JRE (19.0.2+7-44), built on 2022-11-30T18:02:09Z by "mach5one" with MS VC++ 17.1 (VS2022)

END.
