#
# There is insufficient memory for the Java Runtime Environment to continue.
# Native memory allocation (malloc) failed to allocate 1525056 bytes for Chunk::new
# Possible reasons:
#   The system is out of physical RAM or swap space
#   The process is running with CompressedOops enabled, and the Java Heap may be blocking the growth of the native heap
# Possible solutions:
#   Reduce memory load on the system
#   Increase physical memory or swap space
#   Check if swap backing store is full
#   Decrease Java heap size (-Xmx/-Xms)
#   Decrease number of Java threads
#   Decrease Java thread stack sizes (-Xss)
#   Set larger code cache with -XX:ReservedCodeCacheSize=
#   JVM is running with Zero Based Compressed Oops mode in which the Java heap is
#     placed in the first 32GB address space. The Java Heap base address is the
#     maximum limit for the native heap growth. Please use -XX:HeapBaseMinAddress
#     to set the Java Heap base and to place the Java Heap above 32GB virtual address.
# This output file may be truncated or incomplete.
#
#  Out of Memory Error (arena.cpp:184), pid=11280, tid=20748
#
# JRE version: Java(TM) SE Runtime Environment (19.0.2+7) (build 19.0.2+7-44)
# Java VM: Java HotSpot(TM) 64-Bit Server VM (19.0.2+7-44, mixed mode, sharing, tiered, compressed oops, compressed class ptrs, g1 gc, windows-amd64)
# No core dump will be written. Minidumps are not enabled by default on client versions of Windows
#

---------------  S U M M A R Y ------------

Command Line: -Dmaven.multiModuleProjectDirectory=D:\unitedStates duplicates original -Dmaven.home=C:\Users\99293\.m2\wrapper\dists\apache-maven-3.8.6-bin\1ks0nkde5v1pk9vtc31i9d0lcd\apache-maven-3.8.6 -Dclassworlds.conf=C:\Users\99293\.m2\wrapper\dists\apache-maven-3.8.6-bin\1ks0nkde5v1pk9vtc31i9d0lcd\apache-maven-3.8.6\bin\m2.conf -Dmaven.ext.class.path=C:\Program Files\JetBrains\IntelliJ IDEA 2022.1.2\plugins\maven\lib\maven-event-listener.jar -javaagent:C:\Program Files\JetBrains\IntelliJ IDEA 2022.1.2\lib\idea_rt.jar=58950:C:\Program Files\JetBrains\IntelliJ IDEA 2022.1.2\bin -Dfile.encoding=UTF-8 org.codehaus.classworlds.Launcher -Didea.version=2022.1.2 package

Host: 12th Gen Intel(R) Core(TM) i7-12650H, 16 cores, 15G,  Windows 11 , 64 bit Build 22621 (10.0.22621.4391)
Time: Fri Jan 10 21:05:24 2025  Windows 11 , 64 bit Build 22621 (10.0.22621.4391) elapsed time: 8.418222 seconds (0d 0h 0m 8s)

---------------  T H R E A D  ---------------

Current thread (0x0000014797c3c4f0):  JavaThread "C2 CompilerThread4" daemon [_thread_in_native, id=20748, stack(0x0000000982600000,0x0000000982700000)]


Current CompileTask:
C2:   8418 10440       4       com.sun.tools.javac.comp.Resolve$4::argumentsAcceptable (69 bytes)

Stack: [0x0000000982600000,0x0000000982700000]
Native frames: (J=compiled Java code, j=interpreted, Vv=VM code, C=native code)
V  [jvm.dll+0x6ee21a]
V  [jvm.dll+0x85765e]
V  [jvm.dll+0x85904e]
V  [jvm.dll+0x859703]
V  [jvm.dll+0x28298f]
V  [jvm.dll+0xc9adf]
V  [jvm.dll+0xc9e65]
V  [jvm.dll+0x3bca4c]
V  [jvm.dll+0x1ee29a]
V  [jvm.dll+0x24c52b]
V  [jvm.dll+0x24b781]
V  [jvm.dll+0x1d6ce1]
V  [jvm.dll+0x25b25a]
V  [jvm.dll+0x2596e8]
V  [jvm.dll+0x807588]
V  [jvm.dll+0x80125a]
V  [jvm.dll+0x6ecf0b]
C  [ucrtbase.dll+0x29333]
C  [KERNEL32.DLL+0x1259d]
C  [ntdll.dll+0x5af38]


---------------  P R O C E S S  ---------------

Threads class SMR info:
_java_thread_list=0x0000014798b9ce60, length=22, elements={
0x00000147ee540c60, 0x0000014797001970, 0x0000014797002760, 0x0000014797005560,
0x00000147970070a0, 0x00000147970099e0, 0x000001479700cac0, 0x000001479700dd30,
0x000001479702f8e0, 0x0000014797036270, 0x00000147970eb1c0, 0x00000147970f3750,
0x00000147971c1050, 0x00000147971c7fb0, 0x0000014797245630, 0x000001479724ba30,
0x0000014797640db0, 0x0000014797a08a10, 0x0000014797c3bf70, 0x0000014797c3c4f0,
0x0000014797f2e980, 0x000001479828e500
}

Java Threads: ( => current thread )
  0x00000147ee540c60 JavaThread "main" [_thread_in_vm, id=24424, stack(0x0000000980c00000,0x0000000980d00000)]
  0x0000014797001970 JavaThread "Reference Handler" daemon [_thread_blocked, id=11476, stack(0x0000000981300000,0x0000000981400000)]
  0x0000014797002760 JavaThread "Finalizer" daemon [_thread_blocked, id=22448, stack(0x0000000981400000,0x0000000981500000)]
  0x0000014797005560 JavaThread "Signal Dispatcher" daemon [_thread_blocked, id=15028, stack(0x0000000981500000,0x0000000981600000)]
  0x00000147970070a0 JavaThread "Attach Listener" daemon [_thread_blocked, id=1164, stack(0x0000000981600000,0x0000000981700000)]
  0x00000147970099e0 JavaThread "Service Thread" daemon [_thread_blocked, id=9732, stack(0x0000000981700000,0x0000000981800000)]
  0x000001479700cac0 JavaThread "Monitor Deflation Thread" daemon [_thread_blocked, id=29352, stack(0x0000000981800000,0x0000000981900000)]
  0x000001479700dd30 JavaThread "C2 CompilerThread0" daemon [_thread_blocked, id=15788, stack(0x0000000981900000,0x0000000981a00000)]
  0x000001479702f8e0 JavaThread "C1 CompilerThread0" daemon [_thread_blocked, id=28416, stack(0x0000000981a00000,0x0000000981b00000)]
  0x0000014797036270 JavaThread "Sweeper thread" daemon [_thread_blocked, id=30384, stack(0x0000000981b00000,0x0000000981c00000)]
  0x00000147970eb1c0 JavaThread "C1 CompilerThread1" daemon [_thread_blocked, id=27732, stack(0x0000000981c00000,0x0000000981d00000)]
  0x00000147970f3750 JavaThread "C1 CompilerThread2" daemon [_thread_blocked, id=8208, stack(0x0000000981d00000,0x0000000981e00000)]
  0x00000147971c1050 JavaThread "Common-Cleaner" daemon [_thread_blocked, id=11148, stack(0x0000000981e00000,0x0000000981f00000)]
  0x00000147971c7fb0 JavaThread "C2 CompilerThread1" daemon [_thread_blocked, id=436, stack(0x0000000981f00000,0x0000000982000000)]
  0x0000014797245630 JavaThread "Monitor Ctrl-Break" daemon [_thread_in_native, id=22712, stack(0x0000000982000000,0x0000000982100000)]
  0x000001479724ba30 JavaThread "Notification Thread" daemon [_thread_blocked, id=9976, stack(0x0000000982100000,0x0000000982200000)]
  0x0000014797640db0 JavaThread "C1 CompilerThread3" daemon [_thread_blocked, id=2828, stack(0x0000000982300000,0x0000000982400000)]
  0x0000014797a08a10 JavaThread "C2 CompilerThread2" daemon [_thread_in_native, id=27100, stack(0x0000000982400000,0x0000000982500000)]
  0x0000014797c3bf70 JavaThread "C2 CompilerThread3" daemon [_thread_blocked, id=6196, stack(0x0000000982500000,0x0000000982600000)]
=>0x0000014797c3c4f0 JavaThread "C2 CompilerThread4" daemon [_thread_in_native, id=20748, stack(0x0000000982600000,0x0000000982700000)]
  0x0000014797f2e980 JavaThread "C2 CompilerThread5" daemon [_thread_in_native, id=19848, stack(0x0000000982700000,0x0000000982800000)]
  0x000001479828e500 JavaThread "C2 CompilerThread6" daemon [_thread_in_native, id=28360, stack(0x0000000983600000,0x0000000983700000)]

Other Threads:
  0x00000147fefd6980 VMThread "VM Thread" [stack: 0x0000000981200000,0x0000000981300000] [id=30240]
  0x000001479724d080 WatcherThread "VM Periodic Task Thread" [stack: 0x0000000982200000,0x0000000982300000] [id=20296]
  0x00000147ee5b1800 WorkerThread "GC Thread#0" [stack: 0x0000000980d00000,0x0000000980e00000] [id=29024]
  0x0000014797591d00 WorkerThread "GC Thread#1" [stack: 0x0000000982a00000,0x0000000982b00000] [id=27488]
  0x00000147975922a0 WorkerThread "GC Thread#2" [stack: 0x0000000982b00000,0x0000000982c00000] [id=14072]
  0x0000014797592570 WorkerThread "GC Thread#3" [stack: 0x0000000982c00000,0x0000000982d00000] [id=20520]
  0x0000014797591fd0 WorkerThread "GC Thread#4" [stack: 0x0000000982d00000,0x0000000982e00000] [id=19944]
  0x00000147975911c0 WorkerThread "GC Thread#5" [stack: 0x0000000982e00000,0x0000000982f00000] [id=13896]
  0x0000014797591490 WorkerThread "GC Thread#6" [stack: 0x0000000982f00000,0x0000000983000000] [id=30860]
  0x0000014797591760 WorkerThread "GC Thread#7" [stack: 0x0000000983000000,0x0000000983100000] [id=13840]
  0x0000014797c7b190 WorkerThread "GC Thread#8" [stack: 0x0000000982900000,0x0000000982a00000] [id=27268]
  0x0000014797c7de90 WorkerThread "GC Thread#9" [stack: 0x0000000983100000,0x0000000983200000] [id=29816]
  0x0000014797c7c540 WorkerThread "GC Thread#10" [stack: 0x0000000983200000,0x0000000983300000] [id=2732]
  0x0000014797c7b730 WorkerThread "GC Thread#11" [stack: 0x0000000982800000,0x0000000982900000] [id=31320]
  0x0000014797c7ba00 WorkerThread "GC Thread#12" [stack: 0x0000000983300000,0x0000000983400000] [id=24324]
  0x00000147ee5c2170 ConcurrentGCThread "G1 Main Marker" [stack: 0x0000000980e00000,0x0000000980f00000] [id=22612]
  0x00000147ee5c2ba0 WorkerThread "G1 Conc#0" [stack: 0x0000000980f00000,0x0000000981000000] [id=27848]
  0x0000014797c7e700 WorkerThread "G1 Conc#1" [stack: 0x0000000983400000,0x0000000983500000] [id=10588]
  0x0000014797c7dbc0 WorkerThread "G1 Conc#2" [stack: 0x0000000983500000,0x0000000983600000] [id=18584]
  0x00000147fee90810 ConcurrentGCThread "G1 Refine#0" [stack: 0x0000000981000000,0x0000000981100000] [id=17460]
  0x00000147fee91260 ConcurrentGCThread "G1 Service" [stack: 0x0000000981100000,0x0000000981200000] [id=5808]

Threads with active compile tasks:
C2 CompilerThread2     8441 10476       4       com.sun.tools.javac.comp.Resolve::rawInstantiate (508 bytes)
C2 CompilerThread4     8441 10440       4       com.sun.tools.javac.comp.Resolve$4::argumentsAcceptable (69 bytes)
C2 CompilerThread5     8441 10680       4       com.sun.tools.javac.jvm.PoolWriter$WriteablePoolHelper::writeConstant (863 bytes)
C2 CompilerThread6     8441 10549       4       com.sun.tools.javac.comp.Resolve::findMethod (549 bytes)

VM state: not at safepoint (normal execution)

VM Mutex/Monitor currently owned by a thread: None

Heap address: 0x0000000705e00000, size: 4002 MB, Compressed Oops mode: Zero based, Oop shift amount: 3

CDS archive(s) mapped at: [0x0000000800000000-0x0000000800c40000-0x0000000800c40000), size 12845056, SharedBaseAddress: 0x0000000800000000, ArchiveRelocationMode: 0.
Compressed class space mapped at: 0x0000000801000000-0x0000000841000000, reserved size: 1073741824
Narrow klass base: 0x0000000800000000, Narrow klass shift: 0, Narrow klass range: 0x100000000

GC Precious Log:
 CardTable entry size: 512
 Card Set container configuration: InlinePtr #cards 4 size 8 Array Of Cards #cards 16 size 48 Howl #buckets 8 coarsen threshold 3686 Howl Bitmap #cards 512 size 80 coarsen threshold 460 Card regions per heap region 1 cards per card region 4096
 CPUs: 16 total, 16 available
 Memory: 16004M
 Large Page Support: Disabled
 NUMA Support: Disabled
 Compressed Oops: Enabled (Zero based)
 Heap Region Size: 2M
 Heap Min Capacity: 8M
 Heap Initial Capacity: 252M
 Heap Max Capacity: 4002M
 Pre-touch: Disabled
 Parallel Workers: 13
 Concurrent Workers: 3
 Concurrent Refinement Workers: 13
 Periodic GC: Disabled

Heap:
 garbage-first heap   total 245760K, used 81625K [0x0000000705e00000, 0x0000000800000000)
  region size 2048K, 17 young (34816K), 5 survivors (10240K)
 Metaspace       used 31614K, committed 32192K, reserved 1114112K
  class space    used 3240K, committed 3520K, reserved 1048576K

Heap Regions: E=young(eden), S=young(survivor), O=old, HS=humongous(starts), HC=humongous(continues), CS=collection set, F=free, OA=open archive, CA=closed archive, TAMS=top-at-mark-start (previous, next)
|   0|0x0000000705e00000, 0x0000000706000000, 0x0000000706000000|100%| O|  |TAMS 0x0000000706000000, 0x0000000705e00000| Untracked 
|   1|0x0000000706000000, 0x0000000706200000, 0x0000000706200000|100%| O|  |TAMS 0x0000000706000000, 0x0000000706000000| Untracked 
|   2|0x0000000706200000, 0x0000000706400000, 0x0000000706400000|100%| O|  |TAMS 0x0000000706200000, 0x0000000706200000| Untracked 
|   3|0x0000000706400000, 0x0000000706600000, 0x0000000706600000|100%| O|  |TAMS 0x0000000706400000, 0x0000000706400000| Untracked 
|   4|0x0000000706600000, 0x0000000706800000, 0x0000000706800000|100%| O|  |TAMS 0x0000000706600000, 0x0000000706600000| Untracked 
|   5|0x0000000706800000, 0x0000000706a00000, 0x0000000706a00000|100%| O|  |TAMS 0x0000000706800000, 0x0000000706800000| Untracked 
|   6|0x0000000706a00000, 0x0000000706c00000, 0x0000000706c00000|100%| O|  |TAMS 0x0000000706a00000, 0x0000000706a00000| Untracked 
|   7|0x0000000706c00000, 0x0000000706e00000, 0x0000000706e00000|100%| O|  |TAMS 0x0000000706c00000, 0x0000000706c00000| Untracked 
|   8|0x0000000706e00000, 0x0000000707000000, 0x0000000707000000|100%| O|  |TAMS 0x0000000706e00000, 0x0000000706e00000| Untracked 
|   9|0x0000000707000000, 0x0000000707200000, 0x0000000707200000|100%| O|  |TAMS 0x0000000707000000, 0x0000000707000000| Untracked 
|  10|0x0000000707200000, 0x0000000707400000, 0x0000000707400000|100%| O|  |TAMS 0x0000000707200000, 0x0000000707200000| Untracked 
|  11|0x0000000707400000, 0x0000000707600000, 0x0000000707600000|100%|HS|  |TAMS 0x0000000707400000, 0x0000000707400000| Complete 
|  12|0x0000000707600000, 0x0000000707800000, 0x0000000707800000|100%| O|  |TAMS 0x0000000707600000, 0x0000000707600000| Untracked 
|  13|0x0000000707800000, 0x0000000707a00000, 0x0000000707a00000|100%| O|  |TAMS 0x0000000707800000, 0x0000000707800000| Untracked 
|  14|0x0000000707a00000, 0x0000000707c00000, 0x0000000707c00000|100%| O|  |TAMS 0x0000000707a00000, 0x0000000707a00000| Untracked 
|  15|0x0000000707c00000, 0x0000000707e00000, 0x0000000707e00000|100%| O|  |TAMS 0x0000000707c00000, 0x0000000707c00000| Untracked 
|  16|0x0000000707e00000, 0x0000000708000000, 0x0000000708000000|100%| O|  |TAMS 0x0000000707e00000, 0x0000000707e00000| Untracked 
|  17|0x0000000708000000, 0x0000000708200000, 0x0000000708200000|100%| O|  |TAMS 0x0000000708000000, 0x0000000708000000| Untracked 
|  18|0x0000000708200000, 0x0000000708400000, 0x0000000708400000|100%| O|  |TAMS 0x0000000708200000, 0x0000000708200000| Untracked 
|  19|0x0000000708400000, 0x0000000708600000, 0x0000000708600000|100%| O|  |TAMS 0x0000000708400000, 0x0000000708400000| Untracked 
|  20|0x0000000708600000, 0x0000000708800000, 0x0000000708800000|100%| O|  |TAMS 0x0000000708600000, 0x0000000708600000| Untracked 
|  21|0x0000000708800000, 0x0000000708a00000, 0x0000000708a00000|100%| O|  |TAMS 0x0000000708800000, 0x0000000708800000| Untracked 
|  22|0x0000000708a00000, 0x0000000708c00000, 0x0000000708c00000|100%| O|  |TAMS 0x0000000708a00000, 0x0000000708a00000| Untracked 
|  23|0x0000000708c00000, 0x0000000708cece00, 0x0000000708e00000| 46%| O|  |TAMS 0x0000000708c00000, 0x0000000708c00000| Untracked 
|  24|0x0000000708e00000, 0x0000000708e00000, 0x0000000709000000|  0%| F|  |TAMS 0x0000000708e00000, 0x0000000708e00000| Untracked 
|  25|0x0000000709000000, 0x0000000709000000, 0x0000000709200000|  0%| F|  |TAMS 0x0000000709000000, 0x0000000709000000| Untracked 
|  26|0x0000000709200000, 0x0000000709200000, 0x0000000709400000|  0%| F|  |TAMS 0x0000000709200000, 0x0000000709200000| Untracked 
|  27|0x0000000709400000, 0x0000000709400000, 0x0000000709600000|  0%| F|  |TAMS 0x0000000709400000, 0x0000000709400000| Untracked 
|  28|0x0000000709600000, 0x0000000709600000, 0x0000000709800000|  0%| F|  |TAMS 0x0000000709600000, 0x0000000709600000| Untracked 
|  29|0x0000000709800000, 0x0000000709800000, 0x0000000709a00000|  0%| F|  |TAMS 0x0000000709800000, 0x0000000709800000| Untracked 
|  30|0x0000000709a00000, 0x0000000709a00000, 0x0000000709c00000|  0%| F|  |TAMS 0x0000000709a00000, 0x0000000709a00000| Untracked 
|  31|0x0000000709c00000, 0x0000000709c00000, 0x0000000709e00000|  0%| F|  |TAMS 0x0000000709c00000, 0x0000000709c00000| Untracked 
|  32|0x0000000709e00000, 0x0000000709e00000, 0x000000070a000000|  0%| F|  |TAMS 0x0000000709e00000, 0x0000000709e00000| Untracked 
|  33|0x000000070a000000, 0x000000070a000000, 0x000000070a200000|  0%| F|  |TAMS 0x000000070a000000, 0x000000070a000000| Untracked 
|  34|0x000000070a200000, 0x000000070a200000, 0x000000070a400000|  0%| F|  |TAMS 0x000000070a200000, 0x000000070a200000| Untracked 
|  35|0x000000070a400000, 0x000000070a400000, 0x000000070a600000|  0%| F|  |TAMS 0x000000070a400000, 0x000000070a400000| Untracked 
|  36|0x000000070a600000, 0x000000070a600000, 0x000000070a800000|  0%| F|  |TAMS 0x000000070a600000, 0x000000070a600000| Untracked 
|  37|0x000000070a800000, 0x000000070a800000, 0x000000070aa00000|  0%| F|  |TAMS 0x000000070a800000, 0x000000070a800000| Untracked 
|  38|0x000000070aa00000, 0x000000070aa00000, 0x000000070ac00000|  0%| F|  |TAMS 0x000000070aa00000, 0x000000070aa00000| Untracked 
|  39|0x000000070ac00000, 0x000000070ac00000, 0x000000070ae00000|  0%| F|  |TAMS 0x000000070ac00000, 0x000000070ac00000| Untracked 
|  40|0x000000070ae00000, 0x000000070aec9960, 0x000000070b000000| 39%| S|CS|TAMS 0x000000070ae00000, 0x000000070ae00000| Complete 
|  41|0x000000070b000000, 0x000000070b200000, 0x000000070b200000|100%| S|CS|TAMS 0x000000070b000000, 0x000000070b000000| Complete 
|  42|0x000000070b200000, 0x000000070b400000, 0x000000070b400000|100%| S|CS|TAMS 0x000000070b200000, 0x000000070b200000| Complete 
|  43|0x000000070b400000, 0x000000070b600000, 0x000000070b600000|100%| S|CS|TAMS 0x000000070b400000, 0x000000070b400000| Complete 
|  44|0x000000070b600000, 0x000000070b600000, 0x000000070b800000|  0%| F|  |TAMS 0x000000070b600000, 0x000000070b600000| Untracked 
|  45|0x000000070b800000, 0x000000070ba00000, 0x000000070ba00000|100%| S|CS|TAMS 0x000000070b800000, 0x000000070b800000| Complete 
|  46|0x000000070ba00000, 0x000000070ba00000, 0x000000070bc00000|  0%| F|  |TAMS 0x000000070ba00000, 0x000000070ba00000| Untracked 
|  47|0x000000070bc00000, 0x000000070bc00000, 0x000000070be00000|  0%| F|  |TAMS 0x000000070bc00000, 0x000000070bc00000| Untracked 
|  48|0x000000070be00000, 0x000000070be00000, 0x000000070c000000|  0%| F|  |TAMS 0x000000070be00000, 0x000000070be00000| Untracked 
|  49|0x000000070c000000, 0x000000070c000000, 0x000000070c200000|  0%| F|  |TAMS 0x000000070c000000, 0x000000070c000000| Untracked 
|  50|0x000000070c200000, 0x000000070c200000, 0x000000070c400000|  0%| F|  |TAMS 0x000000070c200000, 0x000000070c200000| Untracked 
|  51|0x000000070c400000, 0x000000070c400000, 0x000000070c600000|  0%| F|  |TAMS 0x000000070c400000, 0x000000070c400000| Untracked 
|  52|0x000000070c600000, 0x000000070c600000, 0x000000070c800000|  0%| F|  |TAMS 0x000000070c600000, 0x000000070c600000| Untracked 
|  53|0x000000070c800000, 0x000000070c800000, 0x000000070ca00000|  0%| F|  |TAMS 0x000000070c800000, 0x000000070c800000| Untracked 
|  54|0x000000070ca00000, 0x000000070ca00000, 0x000000070cc00000|  0%| F|  |TAMS 0x000000070ca00000, 0x000000070ca00000| Untracked 
|  55|0x000000070cc00000, 0x000000070cc00000, 0x000000070ce00000|  0%| F|  |TAMS 0x000000070cc00000, 0x000000070cc00000| Untracked 
|  56|0x000000070ce00000, 0x000000070ce00000, 0x000000070d000000|  0%| F|  |TAMS 0x000000070ce00000, 0x000000070ce00000| Untracked 
|  57|0x000000070d000000, 0x000000070d000000, 0x000000070d200000|  0%| F|  |TAMS 0x000000070d000000, 0x000000070d000000| Untracked 
|  58|0x000000070d200000, 0x000000070d200000, 0x000000070d400000|  0%| F|  |TAMS 0x000000070d200000, 0x000000070d200000| Untracked 
|  59|0x000000070d400000, 0x000000070d400000, 0x000000070d600000|  0%| F|  |TAMS 0x000000070d400000, 0x000000070d400000| Untracked 
|  60|0x000000070d600000, 0x000000070d600000, 0x000000070d800000|  0%| F|  |TAMS 0x000000070d600000, 0x000000070d600000| Untracked 
|  61|0x000000070d800000, 0x000000070d800000, 0x000000070da00000|  0%| F|  |TAMS 0x000000070d800000, 0x000000070d800000| Untracked 
|  62|0x000000070da00000, 0x000000070da00000, 0x000000070dc00000|  0%| F|  |TAMS 0x000000070da00000, 0x000000070da00000| Untracked 
|  63|0x000000070dc00000, 0x000000070dc00000, 0x000000070de00000|  0%| F|  |TAMS 0x000000070dc00000, 0x000000070dc00000| Untracked 
|  64|0x000000070de00000, 0x000000070de00000, 0x000000070e000000|  0%| F|  |TAMS 0x000000070de00000, 0x000000070de00000| Untracked 
|  65|0x000000070e000000, 0x000000070e000000, 0x000000070e200000|  0%| F|  |TAMS 0x000000070e000000, 0x000000070e000000| Untracked 
|  66|0x000000070e200000, 0x000000070e200000, 0x000000070e400000|  0%| F|  |TAMS 0x000000070e200000, 0x000000070e200000| Untracked 
|  67|0x000000070e400000, 0x000000070e400000, 0x000000070e600000|  0%| F|  |TAMS 0x000000070e400000, 0x000000070e400000| Untracked 
|  68|0x000000070e600000, 0x000000070e600000, 0x000000070e800000|  0%| F|  |TAMS 0x000000070e600000, 0x000000070e600000| Untracked 
|  69|0x000000070e800000, 0x000000070e800000, 0x000000070ea00000|  0%| F|  |TAMS 0x000000070e800000, 0x000000070e800000| Untracked 
|  70|0x000000070ea00000, 0x000000070ea00000, 0x000000070ec00000|  0%| F|  |TAMS 0x000000070ea00000, 0x000000070ea00000| Untracked 
|  71|0x000000070ec00000, 0x000000070ec00000, 0x000000070ee00000|  0%| F|  |TAMS 0x000000070ec00000, 0x000000070ec00000| Untracked 
|  72|0x000000070ee00000, 0x000000070ee00000, 0x000000070f000000|  0%| F|  |TAMS 0x000000070ee00000, 0x000000070ee00000| Untracked 
|  73|0x000000070f000000, 0x000000070f000000, 0x000000070f200000|  0%| F|  |TAMS 0x000000070f000000, 0x000000070f000000| Untracked 
|  74|0x000000070f200000, 0x000000070f200000, 0x000000070f400000|  0%| F|  |TAMS 0x000000070f200000, 0x000000070f200000| Untracked 
|  75|0x000000070f400000, 0x000000070f400000, 0x000000070f600000|  0%| F|  |TAMS 0x000000070f400000, 0x000000070f400000| Untracked 
|  76|0x000000070f600000, 0x000000070f600000, 0x000000070f800000|  0%| F|  |TAMS 0x000000070f600000, 0x000000070f600000| Untracked 
|  77|0x000000070f800000, 0x000000070f800000, 0x000000070fa00000|  0%| F|  |TAMS 0x000000070f800000, 0x000000070f800000| Untracked 
|  78|0x000000070fa00000, 0x000000070fa00000, 0x000000070fc00000|  0%| F|  |TAMS 0x000000070fa00000, 0x000000070fa00000| Untracked 
|  79|0x000000070fc00000, 0x000000070fc00000, 0x000000070fe00000|  0%| F|  |TAMS 0x000000070fc00000, 0x000000070fc00000| Untracked 
|  80|0x000000070fe00000, 0x000000070fe00000, 0x0000000710000000|  0%| F|  |TAMS 0x000000070fe00000, 0x000000070fe00000| Untracked 
|  81|0x0000000710000000, 0x0000000710000000, 0x0000000710200000|  0%| F|  |TAMS 0x0000000710000000, 0x0000000710000000| Untracked 
|  82|0x0000000710200000, 0x0000000710200000, 0x0000000710400000|  0%| F|  |TAMS 0x0000000710200000, 0x0000000710200000| Untracked 
|  83|0x0000000710400000, 0x0000000710400000, 0x0000000710600000|  0%| F|  |TAMS 0x0000000710400000, 0x0000000710400000| Untracked 
|  84|0x0000000710600000, 0x0000000710600000, 0x0000000710800000|  0%| F|  |TAMS 0x0000000710600000, 0x0000000710600000| Untracked 
|  85|0x0000000710800000, 0x0000000710800000, 0x0000000710a00000|  0%| F|  |TAMS 0x0000000710800000, 0x0000000710800000| Untracked 
|  86|0x0000000710a00000, 0x0000000710a00000, 0x0000000710c00000|  0%| F|  |TAMS 0x0000000710a00000, 0x0000000710a00000| Untracked 
|  87|0x0000000710c00000, 0x0000000710c00000, 0x0000000710e00000|  0%| F|  |TAMS 0x0000000710c00000, 0x0000000710c00000| Untracked 
|  88|0x0000000710e00000, 0x0000000710e00000, 0x0000000711000000|  0%| F|  |TAMS 0x0000000710e00000, 0x0000000710e00000| Untracked 
|  89|0x0000000711000000, 0x0000000711000000, 0x0000000711200000|  0%| F|  |TAMS 0x0000000711000000, 0x0000000711000000| Untracked 
|  90|0x0000000711200000, 0x0000000711200000, 0x0000000711400000|  0%| F|  |TAMS 0x0000000711200000, 0x0000000711200000| Untracked 
|  91|0x0000000711400000, 0x0000000711400000, 0x0000000711600000|  0%| F|  |TAMS 0x0000000711400000, 0x0000000711400000| Untracked 
|  92|0x0000000711600000, 0x0000000711600000, 0x0000000711800000|  0%| F|  |TAMS 0x0000000711600000, 0x0000000711600000| Untracked 
|  93|0x0000000711800000, 0x0000000711800000, 0x0000000711a00000|  0%| F|  |TAMS 0x0000000711800000, 0x0000000711800000| Untracked 
|  94|0x0000000711a00000, 0x0000000711a00000, 0x0000000711c00000|  0%| F|  |TAMS 0x0000000711a00000, 0x0000000711a00000| Untracked 
|  95|0x0000000711c00000, 0x0000000711c00000, 0x0000000711e00000|  0%| F|  |TAMS 0x0000000711c00000, 0x0000000711c00000| Untracked 
|  96|0x0000000711e00000, 0x0000000711e00000, 0x0000000712000000|  0%| F|  |TAMS 0x0000000711e00000, 0x0000000711e00000| Untracked 
|  97|0x0000000712000000, 0x0000000712000000, 0x0000000712200000|  0%| F|  |TAMS 0x0000000712000000, 0x0000000712000000| Untracked 
|  98|0x0000000712200000, 0x0000000712200000, 0x0000000712400000|  0%| F|  |TAMS 0x0000000712200000, 0x0000000712200000| Untracked 
|  99|0x0000000712400000, 0x0000000712400000, 0x0000000712600000|  0%| F|  |TAMS 0x0000000712400000, 0x0000000712400000| Untracked 
| 100|0x0000000712600000, 0x0000000712600000, 0x0000000712800000|  0%| F|  |TAMS 0x0000000712600000, 0x0000000712600000| Untracked 
| 101|0x0000000712800000, 0x0000000712800000, 0x0000000712a00000|  0%| F|  |TAMS 0x0000000712800000, 0x0000000712800000| Untracked 
| 102|0x0000000712a00000, 0x0000000712a00000, 0x0000000712c00000|  0%| F|  |TAMS 0x0000000712a00000, 0x0000000712a00000| Untracked 
| 103|0x0000000712c00000, 0x0000000712c00000, 0x0000000712e00000|  0%| F|  |TAMS 0x0000000712c00000, 0x0000000712c00000| Untracked 
| 104|0x0000000712e00000, 0x0000000712e00000, 0x0000000713000000|  0%| F|  |TAMS 0x0000000712e00000, 0x0000000712e00000| Untracked 
| 105|0x0000000713000000, 0x0000000713000000, 0x0000000713200000|  0%| F|  |TAMS 0x0000000713000000, 0x0000000713000000| Untracked 
| 106|0x0000000713200000, 0x0000000713200000, 0x0000000713400000|  0%| F|  |TAMS 0x0000000713200000, 0x0000000713200000| Untracked 
| 107|0x0000000713400000, 0x0000000713500800, 0x0000000713600000| 50%| E|  |TAMS 0x0000000713400000, 0x0000000713400000| Complete 
| 108|0x0000000713600000, 0x0000000713800000, 0x0000000713800000|100%| E|CS|TAMS 0x0000000713600000, 0x0000000713600000| Complete 
| 109|0x0000000713800000, 0x0000000713a00000, 0x0000000713a00000|100%| E|CS|TAMS 0x0000000713800000, 0x0000000713800000| Complete 
| 110|0x0000000713a00000, 0x0000000713c00000, 0x0000000713c00000|100%| E|CS|TAMS 0x0000000713a00000, 0x0000000713a00000| Complete 
| 111|0x0000000713c00000, 0x0000000713e00000, 0x0000000713e00000|100%| E|CS|TAMS 0x0000000713c00000, 0x0000000713c00000| Complete 
| 112|0x0000000713e00000, 0x0000000714000000, 0x0000000714000000|100%| E|CS|TAMS 0x0000000713e00000, 0x0000000713e00000| Complete 
| 113|0x0000000714000000, 0x0000000714200000, 0x0000000714200000|100%| E|CS|TAMS 0x0000000714000000, 0x0000000714000000| Complete 
| 114|0x0000000714200000, 0x0000000714400000, 0x0000000714400000|100%| E|CS|TAMS 0x0000000714200000, 0x0000000714200000| Complete 
| 115|0x0000000714400000, 0x0000000714600000, 0x0000000714600000|100%| E|CS|TAMS 0x0000000714400000, 0x0000000714400000| Complete 
| 116|0x0000000714600000, 0x0000000714800000, 0x0000000714800000|100%| E|CS|TAMS 0x0000000714600000, 0x0000000714600000| Complete 
| 117|0x0000000714800000, 0x0000000714a00000, 0x0000000714a00000|100%| E|CS|TAMS 0x0000000714800000, 0x0000000714800000| Complete 
| 125|0x0000000715800000, 0x0000000715a00000, 0x0000000715a00000|100%| E|CS|TAMS 0x0000000715800000, 0x0000000715800000| Complete 
|2000|0x00000007ffe00000, 0x0000000800000000, 0x0000000800000000|100%| O|  |TAMS 0x00000007ffe00000, 0x00000007ffe00000| Untracked 

Card table byte_map: [0x00000147f7500000,0x00000147f7ce0000] _byte_map_base: 0x00000147f3cd1000

Marking Bits (Prev, Next): (CMBitMap*) 0x00000147ee5b1e70, (CMBitMap*) 0x00000147ee5b1e30
 Prev Bits: [0x000001478f000000, 0x0000014792e88000)
 Next Bits: [0x00000147f84c0000, 0x00000147fc348000)

Polling page: 0x00000147ec520000

Metaspace:

Usage:
  Non-class:     27.71 MB used.
      Class:      3.16 MB used.
       Both:     30.87 MB used.

Virtual space:
  Non-class space:       64.00 MB reserved,      28.00 MB ( 44%) committed,  1 nodes.
      Class space:        1.00 GB reserved,       3.44 MB ( <1%) committed,  1 nodes.
             Both:        1.06 GB reserved,      31.44 MB (  3%) committed. 

Chunk freelists:
   Non-Class:  3.57 MB
       Class:  592.00 KB
        Both:  4.15 MB

MaxMetaspaceSize: unlimited
CompressedClassSpaceSize: 1.00 GB
Initial GC threshold: 21.00 MB
Current GC threshold: 35.25 MB
CDS: on
MetaspaceReclaimPolicy: balanced
 - commit_granule_bytes: 65536.
 - commit_granule_words: 8192.
 - virtual_space_node_default_size: 8388608.
 - enlarge_chunks_in_place: 1.
 - new_chunks_are_fully_committed: 0.
 - uncommit_free_chunks: 1.
 - use_allocation_guard: 0.


Internal statistics:

num_allocs_failed_limit: 3.
num_arena_births: 740.
num_arena_deaths: 0.
num_vsnodes_births: 2.
num_vsnodes_deaths: 0.
num_space_committed: 503.
num_space_uncommitted: 0.
num_chunks_returned_to_freelist: 3.
num_chunks_taken_from_freelist: 1979.
num_chunk_merges: 3.
num_chunk_splits: 1367.
num_chunks_enlarged: 962.
num_inconsistent_stats: 0.

CodeHeap 'non-profiled nmethods': size=119168Kb used=6344Kb max_used=6344Kb free=112823Kb
 bounds [0x0000014787ba0000, 0x00000147881e0000, 0x000001478f000000]
CodeHeap 'profiled nmethods': size=119104Kb used=20960Kb max_used=20960Kb free=98143Kb
 bounds [0x0000014780000000, 0x0000014781480000, 0x0000014787450000]
CodeHeap 'non-nmethods': size=7488Kb used=3007Kb max_used=3088Kb free=4480Kb
 bounds [0x0000014787450000, 0x0000014787760000, 0x0000014787ba0000]
 total_blobs=9726 nmethods=9184 adapters=449
 compilation: enabled
              stopped_count=0, restarted_count=0
 full_count=0

Compilation events (20 events):
Event: 8.402 Thread 0x000001479700dd30 nmethod 10685 0x00000147881c9490 code [0x00000147881c9620, 0x00000147881c97b8]
Event: 8.402 Thread 0x000001479700dd30 9933       4       com.sun.tools.javac.comp.Resolve$InterfaceLookupPhase$2::update (2 bytes)
Event: 8.403 Thread 0x000001479700dd30 nmethod 9933 0x00000147881c9990 code [0x00000147881c9b00, 0x00000147881c9b78]
Event: 8.403 Thread 0x000001479700dd30 9838       4       com.sun.tools.javac.code.Type$BottomType::getTag (4 bytes)
Event: 8.403 Thread 0x000001479700dd30 nmethod 9838 0x00000147881c9c90 code [0x00000147881c9e20, 0x00000147881c9e98]
Event: 8.403 Thread 0x000001479700dd30 9781       4       com.sun.tools.javac.tree.JCTree$JCNewClass::getTag (4 bytes)
Event: 8.404 Thread 0x000001479700dd30 nmethod 9781 0x00000147881c9f90 code [0x00000147881ca120, 0x00000147881ca198]
Event: 8.404 Thread 0x000001479700dd30 10229       4       com.sun.tools.javac.jvm.Items$StackItem::load (2 bytes)
Event: 8.405 Thread 0x000001479700dd30 nmethod 10229 0x00000147881ca290 code [0x00000147881ca400, 0x00000147881ca478]
Event: 8.405 Thread 0x000001479700dd30 10434       4       com.sun.tools.javac.tree.JCTree$JCTry::getTag (4 bytes)
Event: 8.406 Thread 0x000001479700dd30 nmethod 10434 0x00000147881ca590 code [0x00000147881ca720, 0x00000147881ca798]
Event: 8.406 Thread 0x000001479700dd30 10102       4       com.sun.tools.javac.tree.JCTree$JCParens::getTag (4 bytes)
Event: 8.408 Thread 0x000001479700dd30 nmethod 10102 0x00000147881ca890 code [0x00000147881caa20, 0x00000147881caa98]
Event: 8.408 Thread 0x000001479700dd30 10291       4       com.sun.tools.javac.jvm.ClassWriter::putInt (64 bytes)
Event: 8.410 Thread 0x000001479700dd30 nmethod 10291 0x00000147881cab90 code [0x00000147881cad20, 0x00000147881cae38]
Event: 8.410 Thread 0x000001479700dd30 10499       4       com.sun.tools.javac.tree.JCTree::setPos (7 bytes)
Event: 8.412 Thread 0x000001479700dd30 nmethod 10499 0x00000147881caf90 code [0x00000147881cb100, 0x00000147881cb178]
Event: 8.412 Thread 0x000001479700dd30 10683       4       com.sun.tools.javac.jvm.Items$Item::drop (1 bytes)
Event: 8.413 Thread 0x000001479700dd30 nmethod 10683 0x00000147881cb290 code [0x00000147881cb400, 0x00000147881cb478]
Event: 8.413 Thread 0x000001479700dd30 10236       4       com.sun.tools.javac.code.Types::memberType (33 bytes)

GC Heap History (20 events):
Event: 3.685 GC heap before
{Heap before GC invocations=6 (full 0):
 garbage-first heap   total 63488K, used 40850K [0x0000000705e00000, 0x0000000800000000)
  region size 2048K, 9 young (18432K), 1 survivors (2048K)
 Metaspace       used 24371K, committed 24768K, reserved 1114112K
  class space    used 2581K, committed 2816K, reserved 1048576K
}
Event: 3.691 GC heap after
{Heap after GC invocations=7 (full 0):
 garbage-first heap   total 63488K, used 30596K [0x0000000705e00000, 0x0000000800000000)
  region size 2048K, 2 young (4096K), 2 survivors (4096K)
 Metaspace       used 24371K, committed 24768K, reserved 1114112K
  class space    used 2581K, committed 2816K, reserved 1048576K
}
Event: 3.914 GC heap before
{Heap before GC invocations=7 (full 0):
 garbage-first heap   total 63488K, used 42884K [0x0000000705e00000, 0x0000000800000000)
  region size 2048K, 9 young (18432K), 2 survivors (4096K)
 Metaspace       used 24433K, committed 24832K, reserved 1114112K
  class space    used 2581K, committed 2816K, reserved 1048576K
}
Event: 3.930 GC heap after
{Heap after GC invocations=8 (full 0):
 garbage-first heap   total 161792K, used 35313K [0x0000000705e00000, 0x0000000800000000)
  region size 2048K, 2 young (4096K), 2 survivors (4096K)
 Metaspace       used 24433K, committed 24832K, reserved 1114112K
  class space    used 2581K, committed 2816K, reserved 1048576K
}
Event: 4.699 GC heap before
{Heap before GC invocations=8 (full 0):
 garbage-first heap   total 161792K, used 102897K [0x0000000705e00000, 0x0000000800000000)
  region size 2048K, 34 young (69632K), 2 survivors (4096K)
 Metaspace       used 25343K, committed 25792K, reserved 1114112K
  class space    used 2647K, committed 2880K, reserved 1048576K
}
Event: 4.716 GC heap after
{Heap after GC invocations=9 (full 0):
 garbage-first heap   total 161792K, used 49831K [0x0000000705e00000, 0x0000000800000000)
  region size 2048K, 5 young (10240K), 5 survivors (10240K)
 Metaspace       used 25343K, committed 25792K, reserved 1114112K
  class space    used 2647K, committed 2880K, reserved 1048576K
}
Event: 5.456 GC heap before
{Heap before GC invocations=9 (full 0):
 garbage-first heap   total 161792K, used 107175K [0x0000000705e00000, 0x0000000800000000)
  region size 2048K, 33 young (67584K), 5 survivors (10240K)
 Metaspace       used 27566K, committed 28032K, reserved 1114112K
  class space    used 2867K, committed 3072K, reserved 1048576K
}
Event: 5.465 GC heap after
{Heap after GC invocations=10 (full 0):
 garbage-first heap   total 161792K, used 53627K [0x0000000705e00000, 0x0000000800000000)
  region size 2048K, 2 young (4096K), 2 survivors (4096K)
 Metaspace       used 27566K, committed 28032K, reserved 1114112K
  class space    used 2867K, committed 3072K, reserved 1048576K
}
Event: 5.644 GC heap before
{Heap before GC invocations=10 (full 0):
 garbage-first heap   total 161792K, used 113019K [0x0000000705e00000, 0x0000000800000000)
  region size 2048K, 31 young (63488K), 2 survivors (4096K)
 Metaspace       used 27704K, committed 28160K, reserved 1114112K
  class space    used 2875K, committed 3136K, reserved 1048576K
}
Event: 5.648 GC heap after
{Heap after GC invocations=11 (full 0):
 garbage-first heap   total 161792K, used 53162K [0x0000000705e00000, 0x0000000800000000)
  region size 2048K, 2 young (4096K), 2 survivors (4096K)
 Metaspace       used 27704K, committed 28160K, reserved 1114112K
  class space    used 2875K, committed 3136K, reserved 1048576K
}
Event: 5.996 GC heap before
{Heap before GC invocations=11 (full 0):
 garbage-first heap   total 161792K, used 116650K [0x0000000705e00000, 0x0000000800000000)
  region size 2048K, 33 young (67584K), 2 survivors (4096K)
 Metaspace       used 28402K, committed 28992K, reserved 1114112K
  class space    used 2963K, committed 3264K, reserved 1048576K
}
Event: 6.002 GC heap after
{Heap after GC invocations=12 (full 0):
 garbage-first heap   total 204800K, used 54195K [0x0000000705e00000, 0x0000000800000000)
  region size 2048K, 2 young (4096K), 2 survivors (4096K)
 Metaspace       used 28402K, committed 28992K, reserved 1114112K
  class space    used 2963K, committed 3264K, reserved 1048576K
}
Event: 6.235 GC heap before
{Heap before GC invocations=12 (full 0):
 garbage-first heap   total 204800K, used 146355K [0x0000000705e00000, 0x0000000800000000)
  region size 2048K, 47 young (96256K), 2 survivors (4096K)
 Metaspace       used 28573K, committed 29120K, reserved 1114112K
  class space    used 2970K, committed 3264K, reserved 1048576K
}
Event: 6.240 GC heap after
{Heap after GC invocations=13 (full 0):
 garbage-first heap   total 204800K, used 55646K [0x0000000705e00000, 0x0000000800000000)
  region size 2048K, 3 young (6144K), 3 survivors (6144K)
 Metaspace       used 28573K, committed 29120K, reserved 1114112K
  class space    used 2970K, committed 3264K, reserved 1048576K
}
Event: 6.487 GC heap before
{Heap before GC invocations=13 (full 0):
 garbage-first heap   total 204800K, used 151902K [0x0000000705e00000, 0x0000000800000000)
  region size 2048K, 50 young (102400K), 3 survivors (6144K)
 Metaspace       used 28722K, committed 29248K, reserved 1114112K
  class space    used 2972K, committed 3264K, reserved 1048576K
}
Event: 6.494 GC heap after
{Heap after GC invocations=14 (full 0):
 garbage-first heap   total 204800K, used 57175K [0x0000000705e00000, 0x0000000800000000)
  region size 2048K, 4 young (8192K), 4 survivors (8192K)
 Metaspace       used 28722K, committed 29248K, reserved 1114112K
  class space    used 2972K, committed 3264K, reserved 1048576K
}
Event: 6.701 GC heap before
{Heap before GC invocations=14 (full 0):
 garbage-first heap   total 204800K, used 155479K [0x0000000705e00000, 0x0000000800000000)
  region size 2048K, 52 young (106496K), 4 survivors (8192K)
 Metaspace       used 28803K, committed 29376K, reserved 1114112K
  class space    used 2974K, committed 3264K, reserved 1048576K
}
Event: 6.707 GC heap after
{Heap after GC invocations=15 (full 0):
 garbage-first heap   total 204800K, used 56031K [0x0000000705e00000, 0x0000000800000000)
  region size 2048K, 3 young (6144K), 3 survivors (6144K)
 Metaspace       used 28803K, committed 29376K, reserved 1114112K
  class space    used 2974K, committed 3264K, reserved 1048576K
}
Event: 7.876 GC heap before
{Heap before GC invocations=15 (full 0):
 garbage-first heap   total 204800K, used 160479K [0x0000000705e00000, 0x0000000800000000)
  region size 2048K, 54 young (110592K), 3 survivors (6144K)
 Metaspace       used 31534K, committed 32064K, reserved 1114112K
  class space    used 3237K, committed 3520K, reserved 1048576K
}
Event: 7.886 GC heap after
{Heap after GC invocations=16 (full 0):
 garbage-first heap   total 245760K, used 59097K [0x0000000705e00000, 0x0000000800000000)
  region size 2048K, 5 young (10240K), 5 survivors (10240K)
 Metaspace       used 31534K, committed 32064K, reserved 1114112K
  class space    used 3237K, committed 3520K, reserved 1048576K
}

Dll operation events (12 events):
Event: 0.006 Loaded shared library C:\Program Files\Java\jdk-19\bin\java.dll
Event: 0.013 Loaded shared library C:\Program Files\Java\jdk-19\bin\jsvml.dll
Event: 0.049 Loaded shared library C:\Program Files\Java\jdk-19\bin\zip.dll
Event: 0.051 Loaded shared library C:\Program Files\Java\jdk-19\bin\instrument.dll
Event: 0.054 Loaded shared library C:\Program Files\Java\jdk-19\bin\net.dll
Event: 0.056 Loaded shared library C:\Program Files\Java\jdk-19\bin\nio.dll
Event: 0.058 Loaded shared library C:\Program Files\Java\jdk-19\bin\zip.dll
Event: 0.069 Loaded shared library C:\Program Files\JetBrains\IntelliJ IDEA 2022.1.2\bin\breakgen64.dll
Event: 0.076 Loaded shared library C:\Program Files\Java\jdk-19\bin\extnet.dll
Event: 0.143 Loaded shared library C:\Program Files\Java\jdk-19\bin\jimage.dll
Event: 0.229 Loaded shared library C:\Users\99293\AppData\Local\Temp\jansi-2.4.0-57fdffc1b73e99ed-jansi.dll
Event: 0.238 Loaded shared library C:\Program Files\Java\jdk-19\bin\verify.dll

Deoptimization events (20 events):
Event: 7.924 Thread 0x00000147ee540c60 Uncommon trap: trap_request=0xffffff45 fr.pc=0x000001478816b90c relative=0x000000000000024c
Event: 7.924 Thread 0x00000147ee540c60 Uncommon trap: reason=unstable_if action=reinterpret pc=0x000001478816b90c method=com.sun.tools.javac.code.Symbol$VarSymbol.getConstValue()Ljava/lang/Object; @ 17 c2
Event: 7.925 Thread 0x00000147ee540c60 DEOPT PACKING pc=0x000001478816b90c sp=0x0000000980cfc220
Event: 7.925 Thread 0x00000147ee540c60 DEOPT UNPACKING pc=0x00000147874b6da3 sp=0x0000000980cfc1d0 mode 2
Event: 7.944 Thread 0x00000147ee540c60 Uncommon trap: trap_request=0xffffff45 fr.pc=0x0000014788138a38 relative=0x0000000000001138
Event: 7.944 Thread 0x00000147ee540c60 Uncommon trap: reason=unstable_if action=reinterpret pc=0x0000014788138a38 method=com.sun.tools.javac.comp.Check.checkUnique(Lcom/sun/tools/javac/util/JCDiagnostic$DiagnosticPosition;Lcom/sun/tools/javac/code/Symbol;Lcom/sun/tools/javac/code/Scope;)Z @ 7 
Event: 7.944 Thread 0x00000147ee540c60 DEOPT PACKING pc=0x0000014788138a38 sp=0x0000000980cfaa00
Event: 7.944 Thread 0x00000147ee540c60 DEOPT UNPACKING pc=0x00000147874b6da3 sp=0x0000000980cfa9f0 mode 2
Event: 8.096 Thread 0x00000147ee540c60 Uncommon trap: trap_request=0xffffff45 fr.pc=0x0000014788118c18 relative=0x0000000000000b98
Event: 8.096 Thread 0x00000147ee540c60 Uncommon trap: reason=unstable_if action=reinterpret pc=0x0000014788118c18 method=java.util.HashMap.removeNode(ILjava/lang/Object;Ljava/lang/Object;ZZ)Ljava/util/HashMap$Node; @ 71 c2
Event: 8.096 Thread 0x00000147ee540c60 DEOPT PACKING pc=0x0000014788118c18 sp=0x0000000980cfb340
Event: 8.096 Thread 0x00000147ee540c60 DEOPT UNPACKING pc=0x00000147874b6da3 sp=0x0000000980cfb2e0 mode 2
Event: 8.291 Thread 0x00000147ee540c60 Uncommon trap: trap_request=0xffffff45 fr.pc=0x0000014787e45ef4 relative=0x0000000000000394
Event: 8.291 Thread 0x00000147ee540c60 Uncommon trap: reason=unstable_if action=reinterpret pc=0x0000014787e45ef4 method=com.sun.tools.javac.util.IntHashTable.lookup(Ljava/lang/Object;)I @ 73 c2
Event: 8.291 Thread 0x00000147ee540c60 DEOPT PACKING pc=0x0000014787e45ef4 sp=0x0000000980cfcd90
Event: 8.291 Thread 0x00000147ee540c60 DEOPT UNPACKING pc=0x00000147874b6da3 sp=0x0000000980cfcca0 mode 2
Event: 8.344 Thread 0x00000147ee540c60 Uncommon trap: trap_request=0xffffffc6 fr.pc=0x000001478819da20 relative=0x0000000000000140
Event: 8.344 Thread 0x00000147ee540c60 Uncommon trap: reason=bimorphic_or_optimized_type_check action=maybe_recompile pc=0x000001478819da20 method=com.sun.tools.javac.jvm.Items$Item.coerce(I)Lcom/sun/tools/javac/jvm/Items$Item; @ 11 c2
Event: 8.344 Thread 0x00000147ee540c60 DEOPT PACKING pc=0x000001478819da20 sp=0x0000000980cfcee0
Event: 8.344 Thread 0x00000147ee540c60 DEOPT UNPACKING pc=0x00000147874b6da3 sp=0x0000000980cfce58 mode 2

Classes loaded (20 events):
Event: 6.936 Loading class sun/nio/ch/ChannelOutputStream
Event: 6.936 Loading class sun/nio/ch/ChannelOutputStream done
Event: 6.964 Loading class java/util/EnumMap$EntrySet
Event: 6.965 Loading class java/util/EnumMap$EntrySet done
Event: 6.965 Loading class java/util/EnumMap$EntryIterator
Event: 6.965 Loading class java/util/EnumMap$EnumMapIterator
Event: 6.965 Loading class java/util/EnumMap$EnumMapIterator done
Event: 6.965 Loading class java/util/EnumMap$EntryIterator done
Event: 6.965 Loading class java/util/EnumMap$EntryIterator$Entry
Event: 6.965 Loading class java/util/EnumMap$EntryIterator$Entry done
Event: 7.187 Loading class java/util/stream/ReduceOps$2
Event: 7.188 Loading class java/util/stream/ReduceOps$2 done
Event: 7.188 Loading class java/util/stream/ReduceOps$2ReducingSink
Event: 7.188 Loading class java/util/stream/ReduceOps$2ReducingSink done
Event: 7.203 Loading class java/io/DataOutputStream
Event: 7.204 Loading class java/io/DataOutputStream done
Event: 7.223 Loading class java/lang/invoke/MethodHandleImpl$CountingWrapper
Event: 7.223 Loading class java/lang/invoke/MethodHandleImpl$CountingWrapper done
Event: 7.766 Loading class java/lang/invoke/MethodHandleImpl$CountingWrapper$1
Event: 7.766 Loading class java/lang/invoke/MethodHandleImpl$CountingWrapper$1 done

Classes unloaded (0 events):
No events

Classes redefined (0 events):
No events

Internal exceptions (20 events):
Event: 7.864 Thread 0x00000147ee540c60 Exception <a 'sun/nio/fs/WindowsException'{0x000000070bdcc958}> (0x000000070bdcc958) 
thrown [s\open\src\hotspot\share\prims\jni.cpp, line 517]
Event: 7.864 Thread 0x00000147ee540c60 Exception <a 'sun/nio/fs/WindowsException'{0x000000070bdcd028}> (0x000000070bdcd028) 
thrown [s\open\src\hotspot\share\prims\jni.cpp, line 517]
Event: 7.864 Thread 0x00000147ee540c60 Exception <a 'sun/nio/fs/WindowsException'{0x000000070bdcde90}> (0x000000070bdcde90) 
thrown [s\open\src\hotspot\share\prims\jni.cpp, line 517]
Event: 7.958 Thread 0x00000147ee540c60 Exception <a 'sun/nio/fs/WindowsException'{0x0000000713f1b3d8}> (0x0000000713f1b3d8) 
thrown [s\open\src\hotspot\share\prims\jni.cpp, line 517]
Event: 7.958 Thread 0x00000147ee540c60 Exception <a 'sun/nio/fs/WindowsException'{0x0000000713f1b6d0}> (0x0000000713f1b6d0) 
thrown [s\open\src\hotspot\share\prims\jni.cpp, line 517]
Event: 7.959 Thread 0x00000147ee540c60 Exception <a 'sun/nio/fs/WindowsException'{0x0000000713f2f818}> (0x0000000713f2f818) 
thrown [s\open\src\hotspot\share\prims\jni.cpp, line 517]
Event: 7.959 Thread 0x00000147ee540c60 Exception <a 'sun/nio/fs/WindowsException'{0x0000000713f2fab8}> (0x0000000713f2fab8) 
thrown [s\open\src\hotspot\share\prims\jni.cpp, line 517]
Event: 7.960 Thread 0x00000147ee540c60 Exception <a 'sun/nio/fs/WindowsException'{0x0000000713f70d48}> (0x0000000713f70d48) 
thrown [s\open\src\hotspot\share\prims\jni.cpp, line 517]
Event: 7.960 Thread 0x00000147ee540c60 Exception <a 'sun/nio/fs/WindowsException'{0x0000000713f71038}> (0x0000000713f71038) 
thrown [s\open\src\hotspot\share\prims\jni.cpp, line 517]
Event: 7.960 Thread 0x00000147ee540c60 Exception <a 'sun/nio/fs/WindowsException'{0x0000000713f72fd0}> (0x0000000713f72fd0) 
thrown [s\open\src\hotspot\share\prims\jni.cpp, line 517]
Event: 7.960 Thread 0x00000147ee540c60 Exception <a 'sun/nio/fs/WindowsException'{0x0000000713f73350}> (0x0000000713f73350) 
thrown [s\open\src\hotspot\share\prims\jni.cpp, line 517]
Event: 8.039 Thread 0x00000147ee540c60 Exception <a 'sun/nio/fs/WindowsException'{0x0000000713de0c28}> (0x0000000713de0c28) 
thrown [s\open\src\hotspot\share\prims\jni.cpp, line 517]
Event: 8.040 Thread 0x00000147ee540c60 Exception <a 'sun/nio/fs/WindowsException'{0x0000000713de12e8}> (0x0000000713de12e8) 
thrown [s\open\src\hotspot\share\prims\jni.cpp, line 517]
Event: 8.041 Thread 0x00000147ee540c60 Exception <a 'sun/nio/fs/WindowsException'{0x0000000713de20c8}> (0x0000000713de20c8) 
thrown [s\open\src\hotspot\share\prims\jni.cpp, line 517]
Event: 8.062 Thread 0x00000147ee540c60 Exception <a 'sun/nio/fs/WindowsException'{0x0000000713a94b40}> (0x0000000713a94b40) 
thrown [s\open\src\hotspot\share\prims\jni.cpp, line 517]
Event: 8.063 Thread 0x00000147ee540c60 Exception <a 'sun/nio/fs/WindowsException'{0x0000000713a95208}> (0x0000000713a95208) 
thrown [s\open\src\hotspot\share\prims\jni.cpp, line 517]
Event: 8.063 Thread 0x00000147ee540c60 Exception <a 'sun/nio/fs/WindowsException'{0x0000000713a96030}> (0x0000000713a96030) 
thrown [s\open\src\hotspot\share\prims\jni.cpp, line 517]
Event: 8.347 Thread 0x00000147ee540c60 Exception <a 'sun/nio/fs/WindowsException'{0x00000007137d9848}> (0x00000007137d9848) 
thrown [s\open\src\hotspot\share\prims\jni.cpp, line 517]
Event: 8.347 Thread 0x00000147ee540c60 Exception <a 'sun/nio/fs/WindowsException'{0x00000007137d9ef8}> (0x00000007137d9ef8) 
thrown [s\open\src\hotspot\share\prims\jni.cpp, line 517]
Event: 8.347 Thread 0x00000147ee540c60 Exception <a 'sun/nio/fs/WindowsException'{0x00000007137dac50}> (0x00000007137dac50) 
thrown [s\open\src\hotspot\share\prims\jni.cpp, line 517]

VM Operations (20 events):
Event: 7.371 Executing VM operation: ICBufferFull
Event: 7.371 Executing VM operation: ICBufferFull done
Event: 7.465 Executing VM operation: ICBufferFull
Event: 7.465 Executing VM operation: ICBufferFull done
Event: 7.554 Executing VM operation: HandshakeAllThreads
Event: 7.554 Executing VM operation: HandshakeAllThreads done
Event: 7.574 Executing VM operation: ICBufferFull
Event: 7.574 Executing VM operation: ICBufferFull done
Event: 7.596 Executing VM operation: HandshakeAllThreads
Event: 7.596 Executing VM operation: HandshakeAllThreads done
Event: 7.598 Executing VM operation: HandshakeAllThreads
Event: 7.598 Executing VM operation: HandshakeAllThreads done
Event: 7.674 Executing VM operation: ICBufferFull
Event: 7.674 Executing VM operation: ICBufferFull done
Event: 7.759 Executing VM operation: ICBufferFull
Event: 7.759 Executing VM operation: ICBufferFull done
Event: 7.876 Executing VM operation: G1CollectForAllocation
Event: 7.887 Executing VM operation: G1CollectForAllocation done
Event: 8.249 Executing VM operation: ICBufferFull
Event: 8.250 Executing VM operation: ICBufferFull done

Events (20 events):
Event: 6.465 Thread 0x0000014797036270 flushing nmethod 0x0000014780f6d810
Event: 6.465 Thread 0x0000014797036270 flushing nmethod 0x0000014780f75610
Event: 6.465 Thread 0x0000014797036270 flushing nmethod 0x0000014780f77010
Event: 6.466 Thread 0x0000014797036270 flushing nmethod 0x0000014780f7c290
Event: 6.466 Thread 0x0000014797036270 flushing nmethod 0x0000014780f7ed10
Event: 6.466 Thread 0x0000014797036270 flushing nmethod 0x0000014780f81c90
Event: 6.466 Thread 0x0000014797036270 flushing nmethod 0x0000014780f8c410
Event: 6.466 Thread 0x0000014797036270 flushing nmethod 0x0000014780fb2e90
Event: 6.466 Thread 0x0000014797036270 flushing nmethod 0x0000014781006610
Event: 6.466 Thread 0x0000014797036270 flushing nmethod 0x0000014781026010
Event: 6.466 Thread 0x0000014797036270 flushing nmethod 0x0000014781026490
Event: 6.466 Thread 0x0000014797036270 flushing nmethod 0x0000014781027690
Event: 6.466 Thread 0x0000014797036270 flushing nmethod 0x0000014781034810
Event: 7.261 Thread 0x0000014797036270 flushing nmethod 0x0000014780220c10
Event: 7.261 Thread 0x0000014797036270 flushing nmethod 0x0000014780222a90
Event: 7.278 Thread 0x0000014797036270 flushing nmethod 0x0000014780bc2210
Event: 7.280 Thread 0x0000014797036270 flushing nmethod 0x0000014780cf6510
Event: 7.280 Thread 0x0000014797036270 flushing nmethod 0x0000014780cf6990
Event: 7.280 Thread 0x0000014797036270 flushing nmethod 0x0000014780d70710
Event: 7.283 Thread 0x0000014797036270 flushing nmethod 0x0000014780f60090


Dynamic libraries:
0x00007ff758fd0000 - 0x00007ff758fe0000 	C:\Program Files\Java\jdk-19\bin\java.exe
0x00007ff971270000 - 0x00007ff971487000 	C:\WINDOWS\SYSTEM32\ntdll.dll
0x00007ff970370000 - 0x00007ff970434000 	C:\WINDOWS\System32\KERNEL32.DLL
0x00007ff96eb00000 - 0x00007ff96eeba000 	C:\WINDOWS\System32\KERNELBASE.dll
0x00007ff96e6f0000 - 0x00007ff96e801000 	C:\WINDOWS\System32\ucrtbase.dll
0x00007ff94db60000 - 0x00007ff94db7b000 	C:\Program Files\Java\jdk-19\bin\VCRUNTIME140.dll
0x00007ff959080000 - 0x00007ff959098000 	C:\Program Files\Java\jdk-19\bin\jli.dll
0x00007ff970100000 - 0x00007ff9701b2000 	C:\WINDOWS\System32\ADVAPI32.dll
0x00007ff9708b0000 - 0x00007ff970957000 	C:\WINDOWS\System32\msvcrt.dll
0x00007ff970280000 - 0x00007ff970327000 	C:\WINDOWS\System32\sechost.dll
0x00007ff96e810000 - 0x00007ff96e838000 	C:\WINDOWS\System32\bcrypt.dll
0x00007ff96fb40000 - 0x00007ff96fc54000 	C:\WINDOWS\System32\RPCRT4.dll
0x00007ff970680000 - 0x00007ff97082e000 	C:\WINDOWS\System32\USER32.dll
0x00007ff957730000 - 0x00007ff9579c2000 	C:\WINDOWS\WinSxS\amd64_microsoft.windows.common-controls_6595b64144ccf1df_6.0.22621.4541_none_2710d1c57384c085\COMCTL32.dll
0x00007ff96e840000 - 0x00007ff96e866000 	C:\WINDOWS\System32\win32u.dll
0x00007ff970250000 - 0x00007ff970279000 	C:\WINDOWS\System32\GDI32.dll
0x00007ff96e5d0000 - 0x00007ff96e6eb000 	C:\WINDOWS\System32\gdi32full.dll
0x00007ff96ea60000 - 0x00007ff96eafa000 	C:\WINDOWS\System32\msvcp_win.dll
0x00007ff965ed0000 - 0x00007ff965eda000 	C:\WINDOWS\SYSTEM32\VERSION.dll
0x00007ff970330000 - 0x00007ff970361000 	C:\WINDOWS\System32\IMM32.DLL
0x00007ff966970000 - 0x00007ff96697c000 	C:\Program Files\Java\jdk-19\bin\vcruntime140_1.dll
0x00007ff907560000 - 0x00007ff9075ee000 	C:\Program Files\Java\jdk-19\bin\msvcp140.dll
0x00007ff8dc800000 - 0x00007ff8dd4c0000 	C:\Program Files\Java\jdk-19\bin\server\jvm.dll
0x00007ff969480000 - 0x00007ff969489000 	C:\WINDOWS\SYSTEM32\WSOCK32.dll
0x00007ff9664e0000 - 0x00007ff966514000 	C:\WINDOWS\SYSTEM32\WINMM.dll
0x00007ff970a60000 - 0x00007ff970ad1000 	C:\WINDOWS\System32\WS2_32.dll
0x00007ff96d640000 - 0x00007ff96d658000 	C:\WINDOWS\SYSTEM32\kernel.appcore.dll
0x00007ff9662b0000 - 0x00007ff9662ba000 	C:\Program Files\Java\jdk-19\bin\jimage.dll
0x00007ff96bd00000 - 0x00007ff96bf32000 	C:\WINDOWS\SYSTEM32\DBGHELP.DLL
0x00007ff96fc60000 - 0x00007ff96ffef000 	C:\WINDOWS\System32\combase.dll
0x00007ff9710d0000 - 0x00007ff9711a7000 	C:\WINDOWS\System32\OLEAUT32.dll
0x00007ff963ca0000 - 0x00007ff963cd2000 	C:\WINDOWS\SYSTEM32\dbgcore.DLL
0x00007ff96eec0000 - 0x00007ff96ef3b000 	C:\WINDOWS\System32\bcryptPrimitives.dll
0x00007ff9669a0000 - 0x00007ff9669ae000 	C:\Program Files\Java\jdk-19\bin\instrument.dll
0x00007ff93c940000 - 0x00007ff93c966000 	C:\Program Files\Java\jdk-19\bin\java.dll
0x00007ff903680000 - 0x00007ff903757000 	C:\Program Files\Java\jdk-19\bin\jsvml.dll
0x00007ff96ef50000 - 0x00007ff96f7c8000 	C:\WINDOWS\System32\SHELL32.dll
0x00007ff96c420000 - 0x00007ff96cd28000 	C:\WINDOWS\SYSTEM32\windows.storage.dll
0x00007ff96c2e0000 - 0x00007ff96c41f000 	C:\WINDOWS\SYSTEM32\wintypes.dll
0x00007ff9704d0000 - 0x00007ff9705ca000 	C:\WINDOWS\System32\SHCORE.dll
0x00007ff96fff0000 - 0x00007ff97004e000 	C:\WINDOWS\System32\shlwapi.dll
0x00007ff96e440000 - 0x00007ff96e46b000 	C:\WINDOWS\SYSTEM32\profapi.dll
0x00007ff93bda0000 - 0x00007ff93bdb8000 	C:\Program Files\Java\jdk-19\bin\zip.dll
0x00007ff93bdc0000 - 0x00007ff93bdd3000 	C:\Program Files\Java\jdk-19\bin\net.dll
0x00007ff969f60000 - 0x00007ff96a096000 	C:\WINDOWS\SYSTEM32\WINHTTP.dll
0x00007ff96dac0000 - 0x00007ff96db29000 	C:\WINDOWS\system32\mswsock.dll
0x00007ff93c920000 - 0x00007ff93c936000 	C:\Program Files\Java\jdk-19\bin\nio.dll
0x00007ff9666c0000 - 0x00007ff9666da000 	C:\Program Files\JetBrains\IntelliJ IDEA 2022.1.2\bin\breakgen64.dll
0x00007ff9551e0000 - 0x00007ff9551e8000 	C:\Program Files\Java\jdk-19\bin\extnet.dll
0x0000000069ac0000 - 0x0000000069ae4000 	C:\Users\99293\AppData\Local\Temp\jansi-2.4.0-57fdffc1b73e99ed-jansi.dll
0x00007ff940850000 - 0x00007ff940860000 	C:\Program Files\Java\jdk-19\bin\verify.dll

dbghelp: loaded successfully - version: 4.0.5 - missing functions: none
symbol engine: initialized successfully - sym options: 0x614 - pdb path: .;C:\Program Files\Java\jdk-19\bin;C:\WINDOWS\SYSTEM32;C:\WINDOWS\WinSxS\amd64_microsoft.windows.common-controls_6595b64144ccf1df_6.0.22621.4541_none_2710d1c57384c085;C:\Program Files\Java\jdk-19\bin\server;C:\Program Files\JetBrains\IntelliJ IDEA 2022.1.2\bin;C:\Users\99293\AppData\Local\Temp

VM Arguments:
jvm_args: -Dmaven.multiModuleProjectDirectory=D:\unitedStates duplicates original -Dmaven.home=C:\Users\99293\.m2\wrapper\dists\apache-maven-3.8.6-bin\1ks0nkde5v1pk9vtc31i9d0lcd\apache-maven-3.8.6 -Dclassworlds.conf=C:\Users\99293\.m2\wrapper\dists\apache-maven-3.8.6-bin\1ks0nkde5v1pk9vtc31i9d0lcd\apache-maven-3.8.6\bin\m2.conf -Dmaven.ext.class.path=C:\Program Files\JetBrains\IntelliJ IDEA 2022.1.2\plugins\maven\lib\maven-event-listener.jar -javaagent:C:\Program Files\JetBrains\IntelliJ IDEA 2022.1.2\lib\idea_rt.jar=58950:C:\Program Files\JetBrains\IntelliJ IDEA 2022.1.2\bin -Dfile.encoding=UTF-8 
java_command: org.codehaus.classworlds.Launcher -Didea.version=2022.1.2 package
java_class_path (initial): C:\Users\99293\.m2\wrapper\dists\apache-maven-3.8.6-bin\1ks0nkde5v1pk9vtc31i9d0lcd\apache-maven-3.8.6\boot\plexus-classworlds-2.6.0.jar;C:\Users\99293\.m2\wrapper\dists\apache-maven-3.8.6-bin\1ks0nkde5v1pk9vtc31i9d0lcd\apache-maven-3.8.6\boot\plexus-classworlds.license
Launcher Type: SUN_STANDARD

[Global flags]
     intx CICompilerCount                          = 12                                        {product} {ergonomic}
     uint ConcGCThreads                            = 3                                         {product} {ergonomic}
     uint G1ConcRefinementThreads                  = 13                                        {product} {ergonomic}
   size_t G1HeapRegionSize                         = 2097152                                   {product} {ergonomic}
    uintx GCDrainStackTargetSize                   = 64                                        {product} {ergonomic}
   size_t InitialHeapSize                          = 264241152                                 {product} {ergonomic}
   size_t MarkStackSize                            = 4194304                                   {product} {ergonomic}
   size_t MaxHeapSize                              = 4196401152                                {product} {ergonomic}
   size_t MaxNewSize                               = 2516582400                                {product} {ergonomic}
   size_t MinHeapDeltaBytes                        = 2097152                                   {product} {ergonomic}
   size_t MinHeapSize                              = 8388608                                   {product} {ergonomic}
    uintx NonNMethodCodeHeapSize                   = 7602480                                {pd product} {ergonomic}
    uintx NonProfiledCodeHeapSize                  = 122027880                              {pd product} {ergonomic}
    uintx ProfiledCodeHeapSize                     = 122027880                              {pd product} {ergonomic}
    uintx ReservedCodeCacheSize                    = 251658240                              {pd product} {ergonomic}
     bool SegmentedCodeCache                       = true                                      {product} {ergonomic}
   size_t SoftMaxHeapSize                          = 4196401152                             {manageable} {ergonomic}
     bool UseCompressedClassPointers               = true                           {product lp64_product} {ergonomic}
     bool UseCompressedOops                        = true                           {product lp64_product} {ergonomic}
     bool UseG1GC                                  = true                                      {product} {ergonomic}
     bool UseLargePagesIndividualAllocation        = false                                  {pd product} {ergonomic}

Logging:
Log output configuration:
 #0: stdout all=warning uptime,level,tags foldmultilines=false
 #1: stderr all=off uptime,level,tags foldmultilines=false

Environment Variables:
JAVA_HOME=C:\Program Files\Java\jdk-19
PATH=C:\Program Files\Common Files\Oracle\Java\javapath;C:\Windows\system32;C:\Windows;C:\Windows\System32\Wbem;C:\Windows\System32\WindowsPowerShell\v1.0\;C:\Windows\System32\OpenSSH\;C:\Program Files (x86)\NVIDIA Corporation\PhysX\Common;C:\Program Files\NVIDIA Corporation\NVIDIA NvDLISR;C:\Program Files (x86)\dotnet\;C:\WINDOWS\system32;C:\WINDOWS;C:\WINDOWS\System32\Wbem;C:\WINDOWS\System32\WindowsPowerShell\v1.0\;C:\WINDOWS\System32\OpenSSH\;C:\Program Files\Java\jdk-19\bin;C:\Program Files\Git\cmd;C:\Users\99293\AppData\Local\Programs\Python\Python311\Scripts\;C:\Users\99293\AppData\Local\Programs\Python\Python311\;C:\Users\99293\AppData\Local\Microsoft\WindowsApps;;C:\Program Files\JetBrains\IntelliJ IDEA 2022.1.2\bin;;C:\Program Files\heroku\bin
USERNAME=ASUS
OS=Windows_NT
PROCESSOR_IDENTIFIER=Intel64 Family 6 Model 154 Stepping 3, GenuineIntel
TMP=C:\Users\99293\AppData\Local\Temp
TEMP=C:\Users\99293\AppData\Local\Temp



---------------  S Y S T E M  ---------------

OS:
 Windows 11 , 64 bit Build 22621 (10.0.22621.4391)
OS uptime: 8 days 22:10 hours
Hyper-V role detected

CPU: total 16 (initial active 16) (8 cores per cpu, 2 threads per core) family 6 model 154 stepping 3 microcode 0x429, cx8, cmov, fxsr, ht, mmx, 3dnowpref, sse, sse2, sse3, ssse3, sse4.1, sse4.2, popcnt, lzcnt, tsc, tscinvbit, avx, avx2, aes, erms, clmul, bmi1, bmi2, adx, sha, fma, vzeroupper, clflush, clflushopt, clwb, hv, serialize, rdtscp, rdpid, fsrm

Memory: 4k page, system-wide physical 16004M (1366M free)
TotalPageFile size 18052M (AvailPageFile size 6M)
current process WorkingSet (physical memory assigned to process): 440M, peak: 442M
current process commit charge ("private bytes"): 544M, peak: 545M

vm_info: Java HotSpot(TM) 64-Bit Server VM (19.0.2+7-44) for windows-amd64 JRE (19.0.2+7-44), built on 2022-11-30T18:02:09Z by "mach5one" with MS VC++ 17.1 (VS2022)

END.
