#
# There is insufficient memory for the Java Runtime Environment to continue.
# Native memory allocation (malloc) failed to allocate 156816 bytes for Chunk::new
# Possible reasons:
#   The system is out of physical RAM or swap space
#   The process is running with CompressedOops enabled, and the Java Heap may be blocking the growth of the native heap
# Possible solutions:
#   Reduce memory load on the system
#   Increase physical memory or swap space
#   Check if swap backing store is full
#   Decrease Java heap size (-Xmx/-Xms)
#   Decrease number of Java threads
#   Decrease Java thread stack sizes (-Xss)
#   Set larger code cache with -XX:ReservedCodeCacheSize=
#   JVM is running with Zero Based Compressed Oops mode in which the Java heap is
#     placed in the first 32GB address space. The Java Heap base address is the
#     maximum limit for the native heap growth. Please use -XX:HeapBaseMinAddress
#     to set the Java Heap base and to place the Java Heap above 32GB virtual address.
# This output file may be truncated or incomplete.
#
#  Out of Memory Error (arena.cpp:184), pid=18228, tid=16476
#
# JRE version: Java(TM) SE Runtime Environment (19.0.2+7) (build 19.0.2+7-44)
# Java VM: Java HotSpot(TM) 64-Bit Server VM (19.0.2+7-44, mixed mode, sharing, tiered, compressed oops, compressed class ptrs, g1 gc, windows-amd64)
# No core dump will be written. Minidumps are not enabled by default on client versions of Windows
#

---------------  S U M M A R Y ------------

Command Line: C:\Users\99293\AppData\Local\Temp\surefire5979012395947403709\surefirebooter10478271708243618750.jar C:\Users\99293\AppData\Local\Temp\surefire5979012395947403709 2023-09-02T19-39-48_570-jvmRun1 surefire14674230701329698674tmp surefire_015057811775088819008tmp

Host: 12th Gen Intel(R) Core(TM) i7-12650H, 16 cores, 15G,  Windows 11 , 64 bit Build 22621 (10.0.22621.2070)
Time: Sat Sep  2 19:39:49 2023  Windows 11 , 64 bit Build 22621 (10.0.22621.2070) elapsed time: 0.307182 seconds (0d 0h 0m 0s)

---------------  T H R E A D  ---------------

Current thread (0x000001df6c406e60):  JavaThread "C2 CompilerThread0" daemon [_thread_in_native, id=16476, stack(0x000000c142800000,0x000000c142900000)]


Current CompileTask:
C2:    307  823   !   4       java.util.zip.ZipFile::getEntry (59 bytes)

Stack: [0x000000c142800000,0x000000c142900000]
Native frames: (J=compiled Java code, j=interpreted, Vv=VM code, C=native code)
V  [jvm.dll+0x6ee21a]
V  [jvm.dll+0x85765e]
V  [jvm.dll+0x85904e]
V  [jvm.dll+0x859703]
V  [jvm.dll+0x28298f]
V  [jvm.dll+0xc9adf]
V  [jvm.dll+0xc9e65]
V  [jvm.dll+0x3bca12]
V  [jvm.dll+0x3860e1]
V  [jvm.dll+0x38555a]
V  [jvm.dll+0x24c3d9]
V  [jvm.dll+0x24b781]
V  [jvm.dll+0x1d6ce1]
V  [jvm.dll+0x25b25a]
V  [jvm.dll+0x2596e8]
V  [jvm.dll+0x807588]
V  [jvm.dll+0x80125a]
V  [jvm.dll+0x6ecf0b]
C  [ucrtbase.dll+0x29363]
C  [KERNEL32.DLL+0x126ad]
C  [ntdll.dll+0x5aa68]


---------------  P R O C E S S  ---------------

Threads class SMR info:
_java_thread_list=0x000001df6c6b5fc0, length=18, elements={
0x000001df44547430, 0x000001df67c64f40, 0x000001df67c66220, 0x000001df67c69670,
0x000001df67c6c350, 0x000001df6c400080, 0x000001df6c405ec0, 0x000001df6c406e60,
0x000001df6c407970, 0x000001df6c432a90, 0x000001df6c4c2580, 0x000001df6c58bac0,
0x000001df6c5940e0, 0x000001df6c5bbd50, 0x000001df6c6b44c0, 0x000001df6c6ddc50,
0x000001df6c737a40, 0x000001df6c7e0e50
}

Java Threads: ( => current thread )
  0x000001df44547430 JavaThread "main" [_thread_in_vm, id=22948, stack(0x000000c141b00000,0x000000c141c00000)]
  0x000001df67c64f40 JavaThread "Reference Handler" daemon [_thread_blocked, id=13460, stack(0x000000c142200000,0x000000c142300000)]
  0x000001df67c66220 JavaThread "Finalizer" daemon [_thread_blocked, id=7360, stack(0x000000c142300000,0x000000c142400000)]
  0x000001df67c69670 JavaThread "Signal Dispatcher" daemon [_thread_blocked, id=20148, stack(0x000000c142400000,0x000000c142500000)]
  0x000001df67c6c350 JavaThread "Attach Listener" daemon [_thread_blocked, id=16980, stack(0x000000c142500000,0x000000c142600000)]
  0x000001df6c400080 JavaThread "Service Thread" daemon [_thread_blocked, id=17200, stack(0x000000c142600000,0x000000c142700000)]
  0x000001df6c405ec0 JavaThread "Monitor Deflation Thread" daemon [_thread_blocked, id=7000, stack(0x000000c142700000,0x000000c142800000)]
=>0x000001df6c406e60 JavaThread "C2 CompilerThread0" daemon [_thread_in_native, id=16476, stack(0x000000c142800000,0x000000c142900000)]
  0x000001df6c407970 JavaThread "C1 CompilerThread0" daemon [_thread_blocked, id=11188, stack(0x000000c142900000,0x000000c142a00000)]
  0x000001df6c432a90 JavaThread "Sweeper thread" daemon [_thread_blocked, id=22868, stack(0x000000c142a00000,0x000000c142b00000)]
  0x000001df6c4c2580 JavaThread "C1 CompilerThread1" daemon [_thread_in_native, id=3888, stack(0x000000c142b00000,0x000000c142c00000)]
  0x000001df6c58bac0 JavaThread "Notification Thread" daemon [_thread_blocked, id=1036, stack(0x000000c142c00000,0x000000c142d00000)]
  0x000001df6c5940e0 JavaThread "Common-Cleaner" daemon [_thread_blocked, id=16012, stack(0x000000c142e00000,0x000000c142f00000)]
  0x000001df6c5bbd50 JavaThread "surefire-forkedjvm-command-thread" daemon [_thread_in_native, id=19112, stack(0x000000c142f00000,0x000000c143000000)]
  0x000001df6c6b44c0 JavaThread "C2 CompilerThread1" daemon [_thread_in_native, id=3600, stack(0x000000c143000000,0x000000c143100000)]
  0x000001df6c6ddc50 JavaThread "C1 CompilerThread2" daemon [_thread_blocked, id=17892, stack(0x000000c143100000,0x000000c143200000)]
  0x000001df6c737a40 JavaThread "C1 CompilerThread3" daemon [_thread_blocked, id=16308, stack(0x000000c143200000,0x000000c143300000)]
  0x000001df6c7e0e50 JavaThread "surefire-forkedjvm-ping-30s" daemon [_thread_in_native, id=12932, stack(0x000000c143300000,0x000000c143400000)]

Other Threads:
  0x000001df67c49d90 VMThread "VM Thread" [stack: 0x000000c142100000,0x000000c142200000] [id=9936]
  0x000001df6c58d240 WatcherThread "VM Periodic Task Thread" [stack: 0x000000c142d00000,0x000000c142e00000] [id=22508]
  0x000001df445b6e40 WorkerThread "GC Thread#0" [stack: 0x000000c141c00000,0x000000c141d00000] [id=11988]
  0x000001df445c77b0 ConcurrentGCThread "G1 Main Marker" [stack: 0x000000c141d00000,0x000000c141e00000] [id=16132]
  0x000001df445c9c90 WorkerThread "G1 Conc#0" [stack: 0x000000c141e00000,0x000000c141f00000] [id=3780]
  0x000001df4460e680 ConcurrentGCThread "G1 Refine#0" [stack: 0x000000c141f00000,0x000000c142000000] [id=5368]
  0x000001df67afe6c0 ConcurrentGCThread "G1 Service" [stack: 0x000000c142000000,0x000000c142100000] [id=13152]

Threads with active compile tasks:
C2 CompilerThread0      319  823   !   4       java.util.zip.ZipFile::getEntry (59 bytes)
C1 CompilerThread1      319  852       3       java.net.URLStreamHandler::parseURL (1124 bytes)
C2 CompilerThread1      319  853 %     4       java.lang.StringLatin1::indexOf @ 30 (121 bytes)

VM state: not at safepoint (normal execution)

VM Mutex/Monitor currently owned by a thread:  ([mutex/lock_event])
[0x000001df421ebb80] Metaspace_lock - owner thread: 0x000001df44547430

Heap address: 0x0000000705e00000, size: 4002 MB, Compressed Oops mode: Zero based, Oop shift amount: 3

CDS archive(s) mapped at: [0x0000000800000000-0x0000000800c40000-0x0000000800c40000), size 12845056, SharedBaseAddress: 0x0000000800000000, ArchiveRelocationMode: 0.
Compressed class space mapped at: 0x0000000801000000-0x0000000841000000, reserved size: 1073741824
Narrow klass base: 0x0000000800000000, Narrow klass shift: 0, Narrow klass range: 0x100000000

GC Precious Log:
 CardTable entry size: 512
 Card Set container configuration: InlinePtr #cards 4 size 8 Array Of Cards #cards 16 size 48 Howl #buckets 8 coarsen threshold 3686 Howl Bitmap #cards 512 size 80 coarsen threshold 460 Card regions per heap region 1 cards per card region 4096
 CPUs: 16 total, 16 available
 Memory: 16005M
 Large Page Support: Disabled
 NUMA Support: Disabled
 Compressed Oops: Enabled (Zero based)
 Heap Region Size: 2M
 Heap Min Capacity: 8M
 Heap Initial Capacity: 252M
 Heap Max Capacity: 4002M
 Pre-touch: Disabled
 Parallel Workers: 13
 Concurrent Workers: 3
 Concurrent Refinement Workers: 13
 Periodic GC: Disabled

Heap:
 garbage-first heap   total 258048K, used 16384K [0x0000000705e00000, 0x0000000800000000)
  region size 2048K, 9 young (18432K), 0 survivors (0K)
 Metaspace       used 2980K, committed 3136K, reserved 1114112K
  class space    used 281K, committed 384K, reserved 1048576K

Heap Regions: E=young(eden), S=young(survivor), O=old, HS=humongous(starts), HC=humongous(continues), CS=collection set, F=free, OA=open archive, CA=closed archive, TAMS=top-at-mark-start (previous, next)
|   0|0x0000000705e00000, 0x0000000705e00000, 0x0000000706000000|  0%| F|  |TAMS 0x0000000705e00000, 0x0000000705e00000| Untracked 
|   1|0x0000000706000000, 0x0000000706000000, 0x0000000706200000|  0%| F|  |TAMS 0x0000000706000000, 0x0000000706000000| Untracked 
|   2|0x0000000706200000, 0x0000000706200000, 0x0000000706400000|  0%| F|  |TAMS 0x0000000706200000, 0x0000000706200000| Untracked 
|   3|0x0000000706400000, 0x0000000706400000, 0x0000000706600000|  0%| F|  |TAMS 0x0000000706400000, 0x0000000706400000| Untracked 
|   4|0x0000000706600000, 0x0000000706600000, 0x0000000706800000|  0%| F|  |TAMS 0x0000000706600000, 0x0000000706600000| Untracked 
|   5|0x0000000706800000, 0x0000000706800000, 0x0000000706a00000|  0%| F|  |TAMS 0x0000000706800000, 0x0000000706800000| Untracked 
|   6|0x0000000706a00000, 0x0000000706a00000, 0x0000000706c00000|  0%| F|  |TAMS 0x0000000706a00000, 0x0000000706a00000| Untracked 
|   7|0x0000000706c00000, 0x0000000706c00000, 0x0000000706e00000|  0%| F|  |TAMS 0x0000000706c00000, 0x0000000706c00000| Untracked 
|   8|0x0000000706e00000, 0x0000000706e00000, 0x0000000707000000|  0%| F|  |TAMS 0x0000000706e00000, 0x0000000706e00000| Untracked 
|   9|0x0000000707000000, 0x0000000707000000, 0x0000000707200000|  0%| F|  |TAMS 0x0000000707000000, 0x0000000707000000| Untracked 
|  10|0x0000000707200000, 0x0000000707200000, 0x0000000707400000|  0%| F|  |TAMS 0x0000000707200000, 0x0000000707200000| Untracked 
|  11|0x0000000707400000, 0x0000000707400000, 0x0000000707600000|  0%| F|  |TAMS 0x0000000707400000, 0x0000000707400000| Untracked 
|  12|0x0000000707600000, 0x0000000707600000, 0x0000000707800000|  0%| F|  |TAMS 0x0000000707600000, 0x0000000707600000| Untracked 
|  13|0x0000000707800000, 0x0000000707800000, 0x0000000707a00000|  0%| F|  |TAMS 0x0000000707800000, 0x0000000707800000| Untracked 
|  14|0x0000000707a00000, 0x0000000707a00000, 0x0000000707c00000|  0%| F|  |TAMS 0x0000000707a00000, 0x0000000707a00000| Untracked 
|  15|0x0000000707c00000, 0x0000000707c00000, 0x0000000707e00000|  0%| F|  |TAMS 0x0000000707c00000, 0x0000000707c00000| Untracked 
|  16|0x0000000707e00000, 0x0000000707e00000, 0x0000000708000000|  0%| F|  |TAMS 0x0000000707e00000, 0x0000000707e00000| Untracked 
|  17|0x0000000708000000, 0x0000000708000000, 0x0000000708200000|  0%| F|  |TAMS 0x0000000708000000, 0x0000000708000000| Untracked 
|  18|0x0000000708200000, 0x0000000708200000, 0x0000000708400000|  0%| F|  |TAMS 0x0000000708200000, 0x0000000708200000| Untracked 
|  19|0x0000000708400000, 0x0000000708400000, 0x0000000708600000|  0%| F|  |TAMS 0x0000000708400000, 0x0000000708400000| Untracked 
|  20|0x0000000708600000, 0x0000000708600000, 0x0000000708800000|  0%| F|  |TAMS 0x0000000708600000, 0x0000000708600000| Untracked 
|  21|0x0000000708800000, 0x0000000708800000, 0x0000000708a00000|  0%| F|  |TAMS 0x0000000708800000, 0x0000000708800000| Untracked 
|  22|0x0000000708a00000, 0x0000000708a00000, 0x0000000708c00000|  0%| F|  |TAMS 0x0000000708a00000, 0x0000000708a00000| Untracked 
|  23|0x0000000708c00000, 0x0000000708c00000, 0x0000000708e00000|  0%| F|  |TAMS 0x0000000708c00000, 0x0000000708c00000| Untracked 
|  24|0x0000000708e00000, 0x0000000708e00000, 0x0000000709000000|  0%| F|  |TAMS 0x0000000708e00000, 0x0000000708e00000| Untracked 
|  25|0x0000000709000000, 0x0000000709000000, 0x0000000709200000|  0%| F|  |TAMS 0x0000000709000000, 0x0000000709000000| Untracked 
|  26|0x0000000709200000, 0x0000000709200000, 0x0000000709400000|  0%| F|  |TAMS 0x0000000709200000, 0x0000000709200000| Untracked 
|  27|0x0000000709400000, 0x0000000709400000, 0x0000000709600000|  0%| F|  |TAMS 0x0000000709400000, 0x0000000709400000| Untracked 
|  28|0x0000000709600000, 0x0000000709600000, 0x0000000709800000|  0%| F|  |TAMS 0x0000000709600000, 0x0000000709600000| Untracked 
|  29|0x0000000709800000, 0x0000000709800000, 0x0000000709a00000|  0%| F|  |TAMS 0x0000000709800000, 0x0000000709800000| Untracked 
|  30|0x0000000709a00000, 0x0000000709a00000, 0x0000000709c00000|  0%| F|  |TAMS 0x0000000709a00000, 0x0000000709a00000| Untracked 
|  31|0x0000000709c00000, 0x0000000709c00000, 0x0000000709e00000|  0%| F|  |TAMS 0x0000000709c00000, 0x0000000709c00000| Untracked 
|  32|0x0000000709e00000, 0x0000000709e00000, 0x000000070a000000|  0%| F|  |TAMS 0x0000000709e00000, 0x0000000709e00000| Untracked 
|  33|0x000000070a000000, 0x000000070a000000, 0x000000070a200000|  0%| F|  |TAMS 0x000000070a000000, 0x000000070a000000| Untracked 
|  34|0x000000070a200000, 0x000000070a200000, 0x000000070a400000|  0%| F|  |TAMS 0x000000070a200000, 0x000000070a200000| Untracked 
|  35|0x000000070a400000, 0x000000070a400000, 0x000000070a600000|  0%| F|  |TAMS 0x000000070a400000, 0x000000070a400000| Untracked 
|  36|0x000000070a600000, 0x000000070a600000, 0x000000070a800000|  0%| F|  |TAMS 0x000000070a600000, 0x000000070a600000| Untracked 
|  37|0x000000070a800000, 0x000000070a800000, 0x000000070aa00000|  0%| F|  |TAMS 0x000000070a800000, 0x000000070a800000| Untracked 
|  38|0x000000070aa00000, 0x000000070aa00000, 0x000000070ac00000|  0%| F|  |TAMS 0x000000070aa00000, 0x000000070aa00000| Untracked 
|  39|0x000000070ac00000, 0x000000070ac00000, 0x000000070ae00000|  0%| F|  |TAMS 0x000000070ac00000, 0x000000070ac00000| Untracked 
|  40|0x000000070ae00000, 0x000000070ae00000, 0x000000070b000000|  0%| F|  |TAMS 0x000000070ae00000, 0x000000070ae00000| Untracked 
|  41|0x000000070b000000, 0x000000070b000000, 0x000000070b200000|  0%| F|  |TAMS 0x000000070b000000, 0x000000070b000000| Untracked 
|  42|0x000000070b200000, 0x000000070b200000, 0x000000070b400000|  0%| F|  |TAMS 0x000000070b200000, 0x000000070b200000| Untracked 
|  43|0x000000070b400000, 0x000000070b400000, 0x000000070b600000|  0%| F|  |TAMS 0x000000070b400000, 0x000000070b400000| Untracked 
|  44|0x000000070b600000, 0x000000070b600000, 0x000000070b800000|  0%| F|  |TAMS 0x000000070b600000, 0x000000070b600000| Untracked 
|  45|0x000000070b800000, 0x000000070b800000, 0x000000070ba00000|  0%| F|  |TAMS 0x000000070b800000, 0x000000070b800000| Untracked 
|  46|0x000000070ba00000, 0x000000070ba00000, 0x000000070bc00000|  0%| F|  |TAMS 0x000000070ba00000, 0x000000070ba00000| Untracked 
|  47|0x000000070bc00000, 0x000000070bc00000, 0x000000070be00000|  0%| F|  |TAMS 0x000000070bc00000, 0x000000070bc00000| Untracked 
|  48|0x000000070be00000, 0x000000070be00000, 0x000000070c000000|  0%| F|  |TAMS 0x000000070be00000, 0x000000070be00000| Untracked 
|  49|0x000000070c000000, 0x000000070c000000, 0x000000070c200000|  0%| F|  |TAMS 0x000000070c000000, 0x000000070c000000| Untracked 
|  50|0x000000070c200000, 0x000000070c200000, 0x000000070c400000|  0%| F|  |TAMS 0x000000070c200000, 0x000000070c200000| Untracked 
|  51|0x000000070c400000, 0x000000070c400000, 0x000000070c600000|  0%| F|  |TAMS 0x000000070c400000, 0x000000070c400000| Untracked 
|  52|0x000000070c600000, 0x000000070c600000, 0x000000070c800000|  0%| F|  |TAMS 0x000000070c600000, 0x000000070c600000| Untracked 
|  53|0x000000070c800000, 0x000000070c800000, 0x000000070ca00000|  0%| F|  |TAMS 0x000000070c800000, 0x000000070c800000| Untracked 
|  54|0x000000070ca00000, 0x000000070ca00000, 0x000000070cc00000|  0%| F|  |TAMS 0x000000070ca00000, 0x000000070ca00000| Untracked 
|  55|0x000000070cc00000, 0x000000070cc00000, 0x000000070ce00000|  0%| F|  |TAMS 0x000000070cc00000, 0x000000070cc00000| Untracked 
|  56|0x000000070ce00000, 0x000000070ce00000, 0x000000070d000000|  0%| F|  |TAMS 0x000000070ce00000, 0x000000070ce00000| Untracked 
|  57|0x000000070d000000, 0x000000070d000000, 0x000000070d200000|  0%| F|  |TAMS 0x000000070d000000, 0x000000070d000000| Untracked 
|  58|0x000000070d200000, 0x000000070d200000, 0x000000070d400000|  0%| F|  |TAMS 0x000000070d200000, 0x000000070d200000| Untracked 
|  59|0x000000070d400000, 0x000000070d400000, 0x000000070d600000|  0%| F|  |TAMS 0x000000070d400000, 0x000000070d400000| Untracked 
|  60|0x000000070d600000, 0x000000070d600000, 0x000000070d800000|  0%| F|  |TAMS 0x000000070d600000, 0x000000070d600000| Untracked 
|  61|0x000000070d800000, 0x000000070d800000, 0x000000070da00000|  0%| F|  |TAMS 0x000000070d800000, 0x000000070d800000| Untracked 
|  62|0x000000070da00000, 0x000000070da00000, 0x000000070dc00000|  0%| F|  |TAMS 0x000000070da00000, 0x000000070da00000| Untracked 
|  63|0x000000070dc00000, 0x000000070dc00000, 0x000000070de00000|  0%| F|  |TAMS 0x000000070dc00000, 0x000000070dc00000| Untracked 
|  64|0x000000070de00000, 0x000000070de00000, 0x000000070e000000|  0%| F|  |TAMS 0x000000070de00000, 0x000000070de00000| Untracked 
|  65|0x000000070e000000, 0x000000070e000000, 0x000000070e200000|  0%| F|  |TAMS 0x000000070e000000, 0x000000070e000000| Untracked 
|  66|0x000000070e200000, 0x000000070e200000, 0x000000070e400000|  0%| F|  |TAMS 0x000000070e200000, 0x000000070e200000| Untracked 
|  67|0x000000070e400000, 0x000000070e400000, 0x000000070e600000|  0%| F|  |TAMS 0x000000070e400000, 0x000000070e400000| Untracked 
|  68|0x000000070e600000, 0x000000070e600000, 0x000000070e800000|  0%| F|  |TAMS 0x000000070e600000, 0x000000070e600000| Untracked 
|  69|0x000000070e800000, 0x000000070e800000, 0x000000070ea00000|  0%| F|  |TAMS 0x000000070e800000, 0x000000070e800000| Untracked 
|  70|0x000000070ea00000, 0x000000070ea00000, 0x000000070ec00000|  0%| F|  |TAMS 0x000000070ea00000, 0x000000070ea00000| Untracked 
|  71|0x000000070ec00000, 0x000000070ec00000, 0x000000070ee00000|  0%| F|  |TAMS 0x000000070ec00000, 0x000000070ec00000| Untracked 
|  72|0x000000070ee00000, 0x000000070ee00000, 0x000000070f000000|  0%| F|  |TAMS 0x000000070ee00000, 0x000000070ee00000| Untracked 
|  73|0x000000070f000000, 0x000000070f000000, 0x000000070f200000|  0%| F|  |TAMS 0x000000070f000000, 0x000000070f000000| Untracked 
|  74|0x000000070f200000, 0x000000070f200000, 0x000000070f400000|  0%| F|  |TAMS 0x000000070f200000, 0x000000070f200000| Untracked 
|  75|0x000000070f400000, 0x000000070f400000, 0x000000070f600000|  0%| F|  |TAMS 0x000000070f400000, 0x000000070f400000| Untracked 
|  76|0x000000070f600000, 0x000000070f600000, 0x000000070f800000|  0%| F|  |TAMS 0x000000070f600000, 0x000000070f600000| Untracked 
|  77|0x000000070f800000, 0x000000070f800000, 0x000000070fa00000|  0%| F|  |TAMS 0x000000070f800000, 0x000000070f800000| Untracked 
|  78|0x000000070fa00000, 0x000000070fa00000, 0x000000070fc00000|  0%| F|  |TAMS 0x000000070fa00000, 0x000000070fa00000| Untracked 
|  79|0x000000070fc00000, 0x000000070fc00000, 0x000000070fe00000|  0%| F|  |TAMS 0x000000070fc00000, 0x000000070fc00000| Untracked 
|  80|0x000000070fe00000, 0x000000070fe00000, 0x0000000710000000|  0%| F|  |TAMS 0x000000070fe00000, 0x000000070fe00000| Untracked 
|  81|0x0000000710000000, 0x0000000710000000, 0x0000000710200000|  0%| F|  |TAMS 0x0000000710000000, 0x0000000710000000| Untracked 
|  82|0x0000000710200000, 0x0000000710200000, 0x0000000710400000|  0%| F|  |TAMS 0x0000000710200000, 0x0000000710200000| Untracked 
|  83|0x0000000710400000, 0x0000000710400000, 0x0000000710600000|  0%| F|  |TAMS 0x0000000710400000, 0x0000000710400000| Untracked 
|  84|0x0000000710600000, 0x0000000710600000, 0x0000000710800000|  0%| F|  |TAMS 0x0000000710600000, 0x0000000710600000| Untracked 
|  85|0x0000000710800000, 0x0000000710800000, 0x0000000710a00000|  0%| F|  |TAMS 0x0000000710800000, 0x0000000710800000| Untracked 
|  86|0x0000000710a00000, 0x0000000710a00000, 0x0000000710c00000|  0%| F|  |TAMS 0x0000000710a00000, 0x0000000710a00000| Untracked 
|  87|0x0000000710c00000, 0x0000000710c00000, 0x0000000710e00000|  0%| F|  |TAMS 0x0000000710c00000, 0x0000000710c00000| Untracked 
|  88|0x0000000710e00000, 0x0000000710e00000, 0x0000000711000000|  0%| F|  |TAMS 0x0000000710e00000, 0x0000000710e00000| Untracked 
|  89|0x0000000711000000, 0x0000000711000000, 0x0000000711200000|  0%| F|  |TAMS 0x0000000711000000, 0x0000000711000000| Untracked 
|  90|0x0000000711200000, 0x0000000711200000, 0x0000000711400000|  0%| F|  |TAMS 0x0000000711200000, 0x0000000711200000| Untracked 
|  91|0x0000000711400000, 0x0000000711400000, 0x0000000711600000|  0%| F|  |TAMS 0x0000000711400000, 0x0000000711400000| Untracked 
|  92|0x0000000711600000, 0x0000000711600000, 0x0000000711800000|  0%| F|  |TAMS 0x0000000711600000, 0x0000000711600000| Untracked 
|  93|0x0000000711800000, 0x0000000711800000, 0x0000000711a00000|  0%| F|  |TAMS 0x0000000711800000, 0x0000000711800000| Untracked 
|  94|0x0000000711a00000, 0x0000000711a00000, 0x0000000711c00000|  0%| F|  |TAMS 0x0000000711a00000, 0x0000000711a00000| Untracked 
|  95|0x0000000711c00000, 0x0000000711c00000, 0x0000000711e00000|  0%| F|  |TAMS 0x0000000711c00000, 0x0000000711c00000| Untracked 
|  96|0x0000000711e00000, 0x0000000711e00000, 0x0000000712000000|  0%| F|  |TAMS 0x0000000711e00000, 0x0000000711e00000| Untracked 
|  97|0x0000000712000000, 0x0000000712000000, 0x0000000712200000|  0%| F|  |TAMS 0x0000000712000000, 0x0000000712000000| Untracked 
|  98|0x0000000712200000, 0x0000000712200000, 0x0000000712400000|  0%| F|  |TAMS 0x0000000712200000, 0x0000000712200000| Untracked 
|  99|0x0000000712400000, 0x0000000712400000, 0x0000000712600000|  0%| F|  |TAMS 0x0000000712400000, 0x0000000712400000| Untracked 
| 100|0x0000000712600000, 0x0000000712600000, 0x0000000712800000|  0%| F|  |TAMS 0x0000000712600000, 0x0000000712600000| Untracked 
| 101|0x0000000712800000, 0x0000000712800000, 0x0000000712a00000|  0%| F|  |TAMS 0x0000000712800000, 0x0000000712800000| Untracked 
| 102|0x0000000712a00000, 0x0000000712a00000, 0x0000000712c00000|  0%| F|  |TAMS 0x0000000712a00000, 0x0000000712a00000| Untracked 
| 103|0x0000000712c00000, 0x0000000712c00000, 0x0000000712e00000|  0%| F|  |TAMS 0x0000000712c00000, 0x0000000712c00000| Untracked 
| 104|0x0000000712e00000, 0x0000000712e00000, 0x0000000713000000|  0%| F|  |TAMS 0x0000000712e00000, 0x0000000712e00000| Untracked 
| 105|0x0000000713000000, 0x0000000713000000, 0x0000000713200000|  0%| F|  |TAMS 0x0000000713000000, 0x0000000713000000| Untracked 
| 106|0x0000000713200000, 0x0000000713200000, 0x0000000713400000|  0%| F|  |TAMS 0x0000000713200000, 0x0000000713200000| Untracked 
| 107|0x0000000713400000, 0x0000000713400000, 0x0000000713600000|  0%| F|  |TAMS 0x0000000713400000, 0x0000000713400000| Untracked 
| 108|0x0000000713600000, 0x0000000713600000, 0x0000000713800000|  0%| F|  |TAMS 0x0000000713600000, 0x0000000713600000| Untracked 
| 109|0x0000000713800000, 0x0000000713800000, 0x0000000713a00000|  0%| F|  |TAMS 0x0000000713800000, 0x0000000713800000| Untracked 
| 110|0x0000000713a00000, 0x0000000713a00000, 0x0000000713c00000|  0%| F|  |TAMS 0x0000000713a00000, 0x0000000713a00000| Untracked 
| 111|0x0000000713c00000, 0x0000000713c00000, 0x0000000713e00000|  0%| F|  |TAMS 0x0000000713c00000, 0x0000000713c00000| Untracked 
| 112|0x0000000713e00000, 0x0000000713e00000, 0x0000000714000000|  0%| F|  |TAMS 0x0000000713e00000, 0x0000000713e00000| Untracked 
| 113|0x0000000714000000, 0x0000000714000000, 0x0000000714200000|  0%| F|  |TAMS 0x0000000714000000, 0x0000000714000000| Untracked 
| 114|0x0000000714200000, 0x0000000714200000, 0x0000000714400000|  0%| F|  |TAMS 0x0000000714200000, 0x0000000714200000| Untracked 
| 115|0x0000000714400000, 0x0000000714400000, 0x0000000714600000|  0%| F|  |TAMS 0x0000000714400000, 0x0000000714400000| Untracked 
| 116|0x0000000714600000, 0x0000000714600000, 0x0000000714800000|  0%| F|  |TAMS 0x0000000714600000, 0x0000000714600000| Untracked 
| 117|0x0000000714800000, 0x0000000714871258, 0x0000000714a00000| 22%| E|  |TAMS 0x0000000714800000, 0x0000000714800000| Complete 
| 118|0x0000000714a00000, 0x0000000714c00000, 0x0000000714c00000|100%| E|CS|TAMS 0x0000000714a00000, 0x0000000714a00000| Complete 
| 119|0x0000000714c00000, 0x0000000714e00000, 0x0000000714e00000|100%| E|CS|TAMS 0x0000000714c00000, 0x0000000714c00000| Complete 
| 120|0x0000000714e00000, 0x0000000715000000, 0x0000000715000000|100%| E|CS|TAMS 0x0000000714e00000, 0x0000000714e00000| Complete 
| 121|0x0000000715000000, 0x0000000715200000, 0x0000000715200000|100%| E|CS|TAMS 0x0000000715000000, 0x0000000715000000| Complete 
| 122|0x0000000715200000, 0x0000000715400000, 0x0000000715400000|100%| E|CS|TAMS 0x0000000715200000, 0x0000000715200000| Complete 
| 123|0x0000000715400000, 0x0000000715600000, 0x0000000715600000|100%| E|CS|TAMS 0x0000000715400000, 0x0000000715400000| Complete 
| 124|0x0000000715600000, 0x0000000715800000, 0x0000000715800000|100%| E|CS|TAMS 0x0000000715600000, 0x0000000715600000| Complete 
| 125|0x0000000715800000, 0x0000000715a00000, 0x0000000715a00000|100%| E|CS|TAMS 0x0000000715800000, 0x0000000715800000| Complete 

Card table byte_map: [0x000001df5c510000,0x000001df5ccf0000] _byte_map_base: 0x000001df58ce1000

Marking Bits (Prev, Next): (CMBitMap*) 0x000001df445b7470, (CMBitMap*) 0x000001df445b74b0
 Prev Bits: [0x000001df5d4d0000, 0x000001df61358000)
 Next Bits: [0x000001df61360000, 0x000001df651e8000)

Polling page: 0x000001df424a0000

Metaspace:

Usage:
  Non-class:      2.64 MB used.
      Class:    281.30 KB used.
       Both:      2.91 MB used.

Virtual space:
  Non-class space:       64.00 MB reserved,       2.69 MB (  4%) committed,  1 nodes.
      Class space:        1.00 GB reserved,     384.00 KB ( <1%) committed,  1 nodes.
             Both:        1.06 GB reserved,       3.06 MB ( <1%) committed. 

Chunk freelists:
   Non-Class:  3.11 MB
       Class:  3.61 MB
        Both:  6.72 MB

MaxMetaspaceSize: unlimited
CompressedClassSpaceSize: 1.00 GB
Initial GC threshold: 21.00 MB
Current GC threshold: 21.00 MB
CDS: on
MetaspaceReclaimPolicy: balanced
 - commit_granule_bytes: 65536.
 - commit_granule_words: 8192.
 - virtual_space_node_default_size: 8388608.
 - enlarge_chunks_in_place: 1.
 - new_chunks_are_fully_committed: 0.
 - uncommit_free_chunks: 1.
 - use_allocation_guard: 0.


Internal statistics:

num_allocs_failed_limit: 0.
num_arena_births: 38.
num_arena_deaths: 0.
num_vsnodes_births: 2.
num_vsnodes_deaths: 0.
num_space_committed: 49.
num_space_uncommitted: 0.
num_chunks_returned_to_freelist: 0.
num_chunks_taken_from_freelist: 93.
num_chunk_merges: 0.
num_chunk_splits: 55.
num_chunks_enlarged: 42.
num_inconsistent_stats: 0.

CodeHeap 'non-profiled nmethods': size=119168Kb used=250Kb max_used=250Kb free=118917Kb
 bounds [0x000001df54050000, 0x000001df542c0000, 0x000001df5b4b0000]
CodeHeap 'profiled nmethods': size=119104Kb used=1489Kb max_used=1489Kb free=117614Kb
 bounds [0x000001df4c4b0000, 0x000001df4c720000, 0x000001df53900000]
CodeHeap 'non-nmethods': size=7488Kb used=2933Kb max_used=2949Kb free=4554Kb
 bounds [0x000001df53900000, 0x000001df53bf0000, 0x000001df54050000]
 total_blobs=1320 nmethods=866 adapters=362
 compilation: enabled
              stopped_count=0, restarted_count=0
 full_count=0

Compilation events (20 events):
Event: 0.299 Thread 0x000001df6c6ddc50  845       3       java.net.URL::toString (5 bytes)
Event: 0.299 Thread 0x000001df6c407970  847       3       java.net.URLStreamHandler::toExternalForm (156 bytes)
Event: 0.299 Thread 0x000001df6c737a40 nmethod 846 0x000001df4c61a290 code [0x000001df4c61a440, 0x000001df4c61a628]
Event: 0.300 Thread 0x000001df6c6ddc50 nmethod 845 0x000001df4c61a710 code [0x000001df4c61a8c0, 0x000001df4c61aae8]
Event: 0.300 Thread 0x000001df6c6ddc50  849       3       jdk.internal.org.objectweb.asm.ByteVector::<init> (13 bytes)
Event: 0.300 Thread 0x000001df6c6ddc50 nmethod 849 0x000001df4c61ac10 code [0x000001df4c61adc0, 0x000001df4c61b038]
Event: 0.300 Thread 0x000001df6c407970 nmethod 847 0x000001df4c61b110 code [0x000001df4c61b4e0, 0x000001df4c61ca58]
Event: 0.301 Thread 0x000001df6c407970  850       3       sun.net.www.protocol.jar.Handler::checkNestedProtocol (18 bytes)
Event: 0.301 Thread 0x000001df6c407970 nmethod 850 0x000001df4c61d210 code [0x000001df4c61d3c0, 0x000001df4c61d5a8]
Event: 0.301 Thread 0x000001df6c407970  851       3       sun.net.www.protocol.file.Handler::parseURL (18 bytes)
Event: 0.301 Thread 0x000001df6c4c2580  852       3       java.net.URLStreamHandler::parseURL (1124 bytes)
Event: 0.302 Thread 0x000001df6c407970 nmethod 851 0x000001df4c61d690 code [0x000001df4c61d840, 0x000001df4c61d9f8]
Event: 0.302 Thread 0x000001df6c407970  854       3       java.lang.invoke.MethodHandles$Lookup::isClassAccessible (53 bytes)
Event: 0.302 Thread 0x000001df6c407970 nmethod 854 0x000001df4c61db10 code [0x000001df4c61dd20, 0x000001df4c61e2f8]
Event: 0.304 Thread 0x000001df6c407970  855       1       jdk.internal.org.objectweb.asm.MethodWriter::hasAsmInstructions (5 bytes)
Event: 0.304 Thread 0x000001df6c6ddc50  856       3       jdk.internal.org.objectweb.asm.Handler::getExceptionTableSize (10 bytes)
Event: 0.304 Thread 0x000001df6c407970 nmethod 855 0x000001df5408cf90 code [0x000001df5408d120, 0x000001df5408d1f8]
Event: 0.304 Thread 0x000001df6c407970  857       3       java.lang.invoke.MethodTypeForm::cachedLambdaForm (23 bytes)
Event: 0.304 Thread 0x000001df6c6ddc50 nmethod 856 0x000001df4c61e510 code [0x000001df4c61e6c0, 0x000001df4c61e8b8]
Event: 0.304 Thread 0x000001df6c407970 nmethod 857 0x000001df4c61ea10 code [0x000001df4c61ebe0, 0x000001df4c61ef48]

GC Heap History (0 events):
No events

Dll operation events (9 events):
Event: 0.006 Loaded shared library C:\Program Files\Java\jdk-19\bin\java.dll
Event: 0.017 Loaded shared library C:\Program Files\Java\jdk-19\bin\jsvml.dll
Event: 0.051 Loaded shared library C:\Program Files\Java\jdk-19\bin\net.dll
Event: 0.053 Loaded shared library C:\Program Files\Java\jdk-19\bin\nio.dll
Event: 0.054 Loaded shared library C:\Program Files\Java\jdk-19\bin\zip.dll
Event: 0.090 Loaded shared library C:\Program Files\Java\jdk-19\bin\management.dll
Event: 0.093 Loaded shared library C:\Program Files\Java\jdk-19\bin\management_ext.dll
Event: 0.120 Loaded shared library C:\Program Files\Java\jdk-19\bin\jimage.dll
Event: 0.162 Loaded shared library C:\Program Files\Java\jdk-19\bin\verify.dll

Deoptimization events (20 events):
Event: 0.160 Thread 0x000001df44547430 DEOPT PACKING pc=0x000001df4c4ca1e7 sp=0x000000c141bfe6d0
Event: 0.160 Thread 0x000001df44547430 DEOPT UNPACKING pc=0x000001df53967543 sp=0x000000c141bfdaf0 mode 0
Event: 0.170 Thread 0x000001df44547430 DEOPT PACKING pc=0x000001df4c4c9551 sp=0x000000c141bfc960
Event: 0.170 Thread 0x000001df44547430 DEOPT UNPACKING pc=0x000001df53967543 sp=0x000000c141bfbdd8 mode 0
Event: 0.184 Thread 0x000001df6c7e0e50 Uncommon trap: trap_request=0xffffff45 fr.pc=0x000001df5406c288 relative=0x0000000000000708
Event: 0.184 Thread 0x000001df6c7e0e50 Uncommon trap: reason=unstable_if action=reinterpret pc=0x000001df5406c288 method=java.util.regex.Pattern$Start.match(Ljava/util/regex/Matcher;ILjava/lang/CharSequence;)Z @ 10 c2
Event: 0.184 Thread 0x000001df6c7e0e50 DEOPT PACKING pc=0x000001df5406c288 sp=0x000000c1433ff040
Event: 0.184 Thread 0x000001df6c7e0e50 DEOPT UNPACKING pc=0x000001df53966da3 sp=0x000000c1433fefa0 mode 2
Event: 0.219 Thread 0x000001df44547430 DEOPT PACKING pc=0x000001df4c58e3de sp=0x000000c141bfe800
Event: 0.219 Thread 0x000001df44547430 DEOPT UNPACKING pc=0x000001df53967543 sp=0x000000c141bfdcd8 mode 0
Event: 0.233 Thread 0x000001df44547430 Uncommon trap: trap_request=0xffffff45 fr.pc=0x000001df540621e8 relative=0x00000000000000c8
Event: 0.233 Thread 0x000001df44547430 Uncommon trap: reason=unstable_if action=reinterpret pc=0x000001df540621e8 method=java.util.concurrent.locks.ReentrantLock$Sync.tryRelease(I)Z @ 26 c2
Event: 0.233 Thread 0x000001df44547430 DEOPT PACKING pc=0x000001df540621e8 sp=0x000000c141bfdd40
Event: 0.233 Thread 0x000001df44547430 DEOPT UNPACKING pc=0x000001df53966da3 sp=0x000000c141bfdce0 mode 2
Event: 0.238 Thread 0x000001df44547430 DEOPT PACKING pc=0x000001df4c4cbb68 sp=0x000000c141bfdc70
Event: 0.238 Thread 0x000001df44547430 DEOPT UNPACKING pc=0x000001df53967543 sp=0x000000c141bfd100 mode 0
Event: 0.241 Thread 0x000001df44547430 Uncommon trap: trap_request=0xffffff45 fr.pc=0x000001df54077804 relative=0x0000000000000064
Event: 0.241 Thread 0x000001df44547430 Uncommon trap: reason=unstable_if action=reinterpret pc=0x000001df54077804 method=java.io.WinNTFileSystem.isSlash(C)Z @ 9 c2
Event: 0.241 Thread 0x000001df44547430 DEOPT PACKING pc=0x000001df54077804 sp=0x000000c141bfe450
Event: 0.241 Thread 0x000001df44547430 DEOPT UNPACKING pc=0x000001df53966da3 sp=0x000000c141bfe3d8 mode 2

Classes loaded (20 events):
Event: 0.279 Loading class java/util/stream/MatchOps
Event: 0.279 Loading class java/util/stream/MatchOps done
Event: 0.279 Loading class java/util/stream/MatchOps$MatchOp
Event: 0.279 Loading class java/util/stream/MatchOps$MatchOp done
Event: 0.279 Loading class java/util/stream/MatchOps$BooleanTerminalSink
Event: 0.279 Loading class java/util/stream/MatchOps$BooleanTerminalSink done
Event: 0.280 Loading class java/util/stream/MatchOps$1MatchSink
Event: 0.280 Loading class java/util/stream/MatchOps$1MatchSink done
Event: 0.282 Loading class java/io/UnsupportedEncodingException
Event: 0.282 Loading class java/io/UnsupportedEncodingException done
Event: 0.282 Loading class java/lang/AssertionError
Event: 0.282 Loading class java/lang/AssertionError done
Event: 0.283 Loading class java/util/Formatter$FixedString
Event: 0.283 Loading class java/util/Formatter$FixedString done
Event: 0.284 Loading class java/net/URLEncoder
Event: 0.284 Loading class java/net/URLEncoder done
Event: 0.284 Loading class java/util/BitSet
Event: 0.284 Loading class java/util/BitSet done
Event: 0.284 Loading class java/io/CharArrayWriter
Event: 0.284 Loading class java/io/CharArrayWriter done

Classes unloaded (0 events):
No events

Classes redefined (0 events):
No events

Internal exceptions (10 events):
Event: 0.084 Thread 0x000001df44547430 Exception <a 'java/lang/NoSuchMethodError'{0x0000000715737ec8}: 'java.lang.Object java.lang.invoke.DirectMethodHandle$Holder.invokeStaticInit(java.lang.Object)'> (0x0000000715737ec8) 
thrown [s\open\src\hotspot\share\interpreter\linkResolver.cpp, line 774]
Event: 0.101 Thread 0x000001df44547430 Exception <a 'java/lang/NoSuchMethodError'{0x00000007157e0800}: 'int java.lang.invoke.DirectMethodHandle$Holder.invokeSpecial(java.lang.Object, java.lang.Object, java.lang.Object)'> (0x00000007157e0800) 
thrown [s\open\src\hotspot\share\interpreter\linkResolver.cpp, line 774]
Event: 0.174 Thread 0x000001df6c7e0e50 Exception <a 'java/lang/NoSuchMethodError'{0x00000007152a7a10}: 'void java.lang.invoke.DirectMethodHandle$Holder.invokeStatic(java.lang.Object, long)'> (0x00000007152a7a10) 
thrown [s\open\src\hotspot\share\interpreter\linkResolver.cpp, line 774]
Event: 0.175 Thread 0x000001df6c7e0e50 Exception <a 'java/lang/NoSuchMethodError'{0x00000007152ad108}: 'java.lang.Object java.lang.invoke.DirectMethodHandle$Holder.newInvokeSpecial(java.lang.Object, long)'> (0x00000007152ad108) 
thrown [s\open\src\hotspot\share\interpreter\linkResolver.cpp, line 774]
Event: 0.176 Thread 0x000001df6c7e0e50 Exception <a 'java/lang/NoSuchMethodError'{0x00000007152b5590}: 'java.lang.Object java.lang.invoke.DirectMethodHandle$Holder.invokeStatic(java.lang.Object, long, java.lang.Object)'> (0x00000007152b5590) 
thrown [s\open\src\hotspot\share\interpreter\linkResolver.cpp, line 774]
Event: 0.177 Thread 0x000001df6c7e0e50 Exception <a 'java/lang/NoSuchMethodError'{0x00000007152b8fc0}: 'java.lang.Object java.lang.invoke.DirectMethodHandle$Holder.invokeStaticInit(java.lang.Object, long, java.lang.Object)'> (0x00000007152b8fc0) 
thrown [s\open\src\hotspot\share\interpreter\linkResolver.cpp, line 774]
Event: 0.251 Thread 0x000001df44547430 Exception <a 'java/lang/NoSuchMethodError'{0x0000000714a4c200}: 'void java.lang.invoke.DirectMethodHandle$Holder.invokeStatic(java.lang.Object, java.lang.Object, java.lang.Object)'> (0x0000000714a4c200) 
thrown [s\open\src\hotspot\share\interpreter\linkResolver.cpp, line 774]
Event: 0.272 Thread 0x000001df44547430 Exception <a 'java/lang/NoSuchMethodError'{0x0000000714aecde0}: 'void java.lang.invoke.DirectMethodHandle$Holder.invokeSpecial(java.lang.Object, java.lang.Object, java.lang.Object)'> (0x0000000714aecde0) 
thrown [s\open\src\hotspot\share\interpreter\linkResolver.cpp, line 774]
Event: 0.278 Thread 0x000001df44547430 Exception <a 'java/lang/NoSuchMethodError'{0x0000000714b185e8}: 'int java.lang.invoke.DirectMethodHandle$Holder.invokeVirtual(java.lang.Object, java.lang.Object)'> (0x0000000714b185e8) 
thrown [s\open\src\hotspot\share\interpreter\linkResolver.cpp, line 774]
Event: 0.283 Thread 0x000001df44547430 Exception <a 'java/lang/NoSuchMethodError'{0x0000000714b35f90}: 'java.lang.Object java.lang.invoke.DirectMethodHandle$Holder.invokeStaticInit(java.lang.Object, int)'> (0x0000000714b35f90) 
thrown [s\open\src\hotspot\share\interpreter\linkResolver.cpp, line 774]

VM Operations (10 events):
Event: 0.055 Executing VM operation: HandshakeAllThreads
Event: 0.055 Executing VM operation: HandshakeAllThreads done
Event: 0.140 Executing VM operation: HandshakeAllThreads
Event: 0.140 Executing VM operation: HandshakeAllThreads done
Event: 0.152 Executing VM operation: HandshakeAllThreads
Event: 0.152 Executing VM operation: HandshakeAllThreads done
Event: 0.241 Executing VM operation: HandshakeAllThreads
Event: 0.241 Executing VM operation: HandshakeAllThreads done
Event: 0.263 Executing VM operation: HandshakeAllThreads
Event: 0.263 Executing VM operation: HandshakeAllThreads done

Events (18 events):
Event: 0.017 Thread 0x000001df44547430 Thread added: 0x000001df44547430
Event: 0.030 Thread 0x000001df67c64f40 Thread added: 0x000001df67c64f40
Event: 0.031 Thread 0x000001df67c66220 Thread added: 0x000001df67c66220
Event: 0.031 Thread 0x000001df67c69670 Thread added: 0x000001df67c69670
Event: 0.032 Thread 0x000001df67c6c350 Thread added: 0x000001df67c6c350
Event: 0.032 Thread 0x000001df6c400080 Thread added: 0x000001df6c400080
Event: 0.033 Thread 0x000001df6c405ec0 Thread added: 0x000001df6c405ec0
Event: 0.033 Thread 0x000001df6c406e60 Thread added: 0x000001df6c406e60
Event: 0.034 Thread 0x000001df6c407970 Thread added: 0x000001df6c407970
Event: 0.034 Thread 0x000001df6c432a90 Thread added: 0x000001df6c432a90
Event: 0.039 Thread 0x000001df6c4c2580 Thread added: 0x000001df6c4c2580
Event: 0.046 Thread 0x000001df6c58bac0 Thread added: 0x000001df6c58bac0
Event: 0.049 Thread 0x000001df6c5940e0 Thread added: 0x000001df6c5940e0
Event: 0.071 Thread 0x000001df6c5bbd50 Thread added: 0x000001df6c5bbd50
Event: 0.128 Thread 0x000001df6c6b44c0 Thread added: 0x000001df6c6b44c0
Event: 0.130 Thread 0x000001df6c6ddc50 Thread added: 0x000001df6c6ddc50
Event: 0.133 Thread 0x000001df6c737a40 Thread added: 0x000001df6c737a40
Event: 0.151 Thread 0x000001df6c7e0e50 Thread added: 0x000001df6c7e0e50


Dynamic libraries:
0x00007ff6a4a20000 - 0x00007ff6a4a30000 	C:\Program Files\Java\jdk-19\bin\java.exe
0x00007ffa5d9d0000 - 0x00007ffa5dbe4000 	C:\WINDOWS\SYSTEM32\ntdll.dll
0x00007ffa5caa0000 - 0x00007ffa5cb64000 	C:\WINDOWS\System32\KERNEL32.DLL
0x00007ffa5ae50000 - 0x00007ffa5b1f4000 	C:\WINDOWS\System32\KERNELBASE.dll
0x00007ffa5b3b0000 - 0x00007ffa5b4c1000 	C:\WINDOWS\System32\ucrtbase.dll
0x00007ffa551c0000 - 0x00007ffa551d8000 	C:\Program Files\Java\jdk-19\bin\jli.dll
0x00007ffa5c630000 - 0x00007ffa5c6e0000 	C:\WINDOWS\System32\ADVAPI32.dll
0x00007ffa541e0000 - 0x00007ffa541fb000 	C:\Program Files\Java\jdk-19\bin\VCRUNTIME140.dll
0x00007ffa5bee0000 - 0x00007ffa5bf87000 	C:\WINDOWS\System32\msvcrt.dll
0x00007ffa5b770000 - 0x00007ffa5b816000 	C:\WINDOWS\System32\sechost.dll
0x00007ffa5c300000 - 0x00007ffa5c417000 	C:\WINDOWS\System32\RPCRT4.dll
0x00007ffa5cb90000 - 0x00007ffa5cd3a000 	C:\WINDOWS\System32\USER32.dll
0x00007ffa5ad80000 - 0x00007ffa5ada6000 	C:\WINDOWS\System32\win32u.dll
0x00007ffa40720000 - 0x00007ffa409af000 	C:\WINDOWS\WinSxS\amd64_microsoft.windows.common-controls_6595b64144ccf1df_6.0.22621.2070_none_2713e6537381f706\COMCTL32.dll
0x00007ffa5cec0000 - 0x00007ffa5cee9000 	C:\WINDOWS\System32\GDI32.dll
0x00007ffa5b4d0000 - 0x00007ffa5b5e9000 	C:\WINDOWS\System32\gdi32full.dll
0x00007ffa5adb0000 - 0x00007ffa5ae4a000 	C:\WINDOWS\System32\msvcp_win.dll
0x00007ffa52160000 - 0x00007ffa5216a000 	C:\WINDOWS\SYSTEM32\VERSION.dll
0x00007ffa5c020000 - 0x00007ffa5c051000 	C:\WINDOWS\System32\IMM32.DLL
0x00007ffa55240000 - 0x00007ffa5524c000 	C:\Program Files\Java\jdk-19\bin\vcruntime140_1.dll
0x00007ffa2ccc0000 - 0x00007ffa2cd4e000 	C:\Program Files\Java\jdk-19\bin\msvcp140.dll
0x00007ff9f3960000 - 0x00007ff9f4620000 	C:\Program Files\Java\jdk-19\bin\server\jvm.dll
0x00007ffa54010000 - 0x00007ffa54044000 	C:\WINDOWS\SYSTEM32\WINMM.dll
0x00007ffa551b0000 - 0x00007ffa551b9000 	C:\WINDOWS\SYSTEM32\WSOCK32.dll
0x00007ffa5be60000 - 0x00007ffa5bed1000 	C:\WINDOWS\System32\WS2_32.dll
0x00007ffa59e60000 - 0x00007ffa59e78000 	C:\WINDOWS\SYSTEM32\kernel.appcore.dll
0x00007ffa53e90000 - 0x00007ffa53e9a000 	C:\Program Files\Java\jdk-19\bin\jimage.dll
0x00007ffa587e0000 - 0x00007ffa58a0e000 	C:\WINDOWS\SYSTEM32\DBGHELP.DLL
0x00007ffa5c6e0000 - 0x00007ffa5ca6a000 	C:\WINDOWS\System32\combase.dll
0x00007ffa5c070000 - 0x00007ffa5c147000 	C:\WINDOWS\System32\OLEAUT32.dll
0x00007ffa523e0000 - 0x00007ffa52412000 	C:\WINDOWS\SYSTEM32\dbgcore.DLL
0x00007ffa5b330000 - 0x00007ffa5b3aa000 	C:\WINDOWS\System32\bcryptPrimitives.dll
0x00007ffa53e00000 - 0x00007ffa53e26000 	C:\Program Files\Java\jdk-19\bin\java.dll
0x00007ffa1ade0000 - 0x00007ffa1aeb7000 	C:\Program Files\Java\jdk-19\bin\jsvml.dll
0x00007ffa5cff0000 - 0x00007ffa5d806000 	C:\WINDOWS\System32\SHELL32.dll
0x00007ffa58d20000 - 0x00007ffa5960a000 	C:\WINDOWS\SYSTEM32\windows.storage.dll
0x00007ffa58be0000 - 0x00007ffa58d1e000 	C:\WINDOWS\SYSTEM32\wintypes.dll
0x00007ffa5d810000 - 0x00007ffa5d903000 	C:\WINDOWS\System32\SHCORE.dll
0x00007ffa5c550000 - 0x00007ffa5c5ae000 	C:\WINDOWS\System32\shlwapi.dll
0x00007ffa5acb0000 - 0x00007ffa5acd6000 	C:\WINDOWS\SYSTEM32\profapi.dll
0x00007ffa4d1d0000 - 0x00007ffa4d1e3000 	C:\Program Files\Java\jdk-19\bin\net.dll
0x00007ffa55780000 - 0x00007ffa558b7000 	C:\WINDOWS\SYSTEM32\WINHTTP.dll
0x00007ffa5a330000 - 0x00007ffa5a399000 	C:\WINDOWS\system32\mswsock.dll
0x00007ffa4c4f0000 - 0x00007ffa4c506000 	C:\Program Files\Java\jdk-19\bin\nio.dll
0x00007ffa4c4d0000 - 0x00007ffa4c4e8000 	C:\Program Files\Java\jdk-19\bin\zip.dll
0x00007ffa523b0000 - 0x00007ffa523ba000 	C:\Program Files\Java\jdk-19\bin\management.dll
0x00007ffa4a430000 - 0x00007ffa4a43b000 	C:\Program Files\Java\jdk-19\bin\management_ext.dll
0x00007ffa5b760000 - 0x00007ffa5b768000 	C:\WINDOWS\System32\PSAPI.DLL
0x00007ffa52700000 - 0x00007ffa52710000 	C:\Program Files\Java\jdk-19\bin\verify.dll

dbghelp: loaded successfully - version: 4.0.5 - missing functions: none
symbol engine: initialized successfully - sym options: 0x614 - pdb path: .;C:\Program Files\Java\jdk-19\bin;C:\WINDOWS\SYSTEM32;C:\WINDOWS\WinSxS\amd64_microsoft.windows.common-controls_6595b64144ccf1df_6.0.22621.2070_none_2713e6537381f706;C:\Program Files\Java\jdk-19\bin\server

VM Arguments:
java_command: C:\Users\99293\AppData\Local\Temp\surefire5979012395947403709\surefirebooter10478271708243618750.jar C:\Users\99293\AppData\Local\Temp\surefire5979012395947403709 2023-09-02T19-39-48_570-jvmRun1 surefire14674230701329698674tmp surefire_015057811775088819008tmp
java_class_path (initial): C:\Users\99293\AppData\Local\Temp\surefire5979012395947403709\surefirebooter10478271708243618750.jar
Launcher Type: SUN_STANDARD

[Global flags]
     intx CICompilerCount                          = 12                                        {product} {ergonomic}
     uint ConcGCThreads                            = 3                                         {product} {ergonomic}
     uint G1ConcRefinementThreads                  = 13                                        {product} {ergonomic}
   size_t G1HeapRegionSize                         = 2097152                                   {product} {ergonomic}
    uintx GCDrainStackTargetSize                   = 64                                        {product} {ergonomic}
   size_t InitialHeapSize                          = 264241152                                 {product} {ergonomic}
   size_t MarkStackSize                            = 4194304                                   {product} {ergonomic}
   size_t MaxHeapSize                              = 4196401152                                {product} {ergonomic}
   size_t MaxNewSize                               = 2516582400                                {product} {ergonomic}
   size_t MinHeapDeltaBytes                        = 2097152                                   {product} {ergonomic}
   size_t MinHeapSize                              = 8388608                                   {product} {ergonomic}
    uintx NonNMethodCodeHeapSize                   = 7602480                                {pd product} {ergonomic}
    uintx NonProfiledCodeHeapSize                  = 122027880                              {pd product} {ergonomic}
    uintx ProfiledCodeHeapSize                     = 122027880                              {pd product} {ergonomic}
    uintx ReservedCodeCacheSize                    = 251658240                              {pd product} {ergonomic}
     bool SegmentedCodeCache                       = true                                      {product} {ergonomic}
   size_t SoftMaxHeapSize                          = 4196401152                             {manageable} {ergonomic}
     bool UseCompressedClassPointers               = true                           {product lp64_product} {ergonomic}
     bool UseCompressedOops                        = true                           {product lp64_product} {ergonomic}
     bool UseG1GC                                  = true                                      {product} {ergonomic}
     bool UseLargePagesIndividualAllocation        = false                                  {pd product} {ergonomic}

Logging:
Log output configuration:
 #0: stdout all=warning uptime,level,tags foldmultilines=false
 #1: stderr all=off uptime,level,tags foldmultilines=false

Environment Variables:
PATH=C:\Program Files\Common Files\Oracle\Java\javapath;C:\Windows\system32;C:\Windows;C:\Windows\System32\Wbem;C:\Windows\System32\WindowsPowerShell\v1.0\;C:\Windows\System32\OpenSSH\;C:\Program Files (x86)\NVIDIA Corporation\PhysX\Common;C:\Program Files\NVIDIA Corporation\NVIDIA NvDLISR;C:\Program Files\Git\cmd;C:\Program Files (x86)\dotnet\;%SystemRoot%\system32;%SystemRoot%;%SystemRoot%\System32\Wbem;%SYSTEMROOT%\System32\WindowsPowerShell\v1.0\;%SYSTEMROOT%\System32\OpenSSH\;C:\Users\99293\AppData\Local\Programs\Python\Python311\Scripts\;C:\Users\99293\AppData\Local\Programs\Python\Python311\;C:\Users\99293\AppData\Local\Microsoft\WindowsApps;;C:\Program Files\JetBrains\IntelliJ IDEA 2022.1.2\bin;;C:\Program Files\heroku\bin
USERNAME=ASUS
OS=Windows_NT
PROCESSOR_IDENTIFIER=Intel64 Family 6 Model 154 Stepping 3, GenuineIntel
TMP=C:\Users\99293\AppData\Local\Temp
TEMP=C:\Users\99293\AppData\Local\Temp



---------------  S Y S T E M  ---------------

OS:
 Windows 11 , 64 bit Build 22621 (10.0.22621.2070)
OS uptime: 0 days 21:56 hours
Hyper-V role detected

CPU: total 16 (initial active 16) (8 cores per cpu, 2 threads per core) family 6 model 154 stepping 3 microcode 0x41c, cx8, cmov, fxsr, ht, mmx, 3dnowpref, sse, sse2, sse3, ssse3, sse4.1, sse4.2, popcnt, lzcnt, tsc, tscinvbit, avx, avx2, aes, erms, clmul, bmi1, bmi2, adx, sha, fma, vzeroupper, clflush, clflushopt, clwb, hv, serialize, rdtscp, rdpid, fsrm

Memory: 4k page, system-wide physical 16005M (2872M free)
TotalPageFile size 18053M (AvailPageFile size 4M)
current process WorkingSet (physical memory assigned to process): 63M, peak: 63M
current process commit charge ("private bytes"): 364M, peak: 365M

vm_info: Java HotSpot(TM) 64-Bit Server VM (19.0.2+7-44) for windows-amd64 JRE (19.0.2+7-44), built on 2022-11-30T18:02:09Z by "mach5one" with MS VC++ 17.1 (VS2022)

END.
