#
# There is insufficient memory for the Java Runtime Environment to continue.
# Native memory allocation (malloc) failed to allocate 100976 bytes for Chunk::new
# Possible reasons:
#   The system is out of physical RAM or swap space
#   The process is running with CompressedOops enabled, and the Java Heap may be blocking the growth of the native heap
# Possible solutions:
#   Reduce memory load on the system
#   Increase physical memory or swap space
#   Check if swap backing store is full
#   Decrease Java heap size (-Xmx/-Xms)
#   Decrease number of Java threads
#   Decrease Java thread stack sizes (-Xss)
#   Set larger code cache with -XX:ReservedCodeCacheSize=
#   JVM is running with Zero Based Compressed Oops mode in which the Java heap is
#     placed in the first 32GB address space. The Java Heap base address is the
#     maximum limit for the native heap growth. Please use -XX:HeapBaseMinAddress
#     to set the Java Heap base and to place the Java Heap above 32GB virtual address.
# This output file may be truncated or incomplete.
#
#  Out of Memory Error (arena.cpp:184), pid=6928, tid=9892
#
# JRE version: Java(TM) SE Runtime Environment (19.0.2+7) (build 19.0.2+7-44)
# Java VM: Java HotSpot(TM) 64-Bit Server VM (19.0.2+7-44, mixed mode, sharing, tiered, compressed oops, compressed class ptrs, g1 gc, windows-amd64)
# No core dump will be written. Minidumps are not enabled by default on client versions of Windows
#

---------------  S U M M A R Y ------------

Command Line: -Dmaven.multiModuleProjectDirectory=D:\unitedStates duplicates original -Dmaven.home=C:\Users\99293\.m2\wrapper\dists\apache-maven-3.8.6-bin\1ks0nkde5v1pk9vtc31i9d0lcd\apache-maven-3.8.6 -Dclassworlds.conf=C:\Users\99293\.m2\wrapper\dists\apache-maven-3.8.6-bin\1ks0nkde5v1pk9vtc31i9d0lcd\apache-maven-3.8.6\bin\m2.conf -Dmaven.ext.class.path=C:\Program Files\JetBrains\IntelliJ IDEA 2022.1.2\plugins\maven\lib\maven-event-listener.jar -javaagent:C:\Program Files\JetBrains\IntelliJ IDEA 2022.1.2\lib\idea_rt.jar=58976:C:\Program Files\JetBrains\IntelliJ IDEA 2022.1.2\bin -Dfile.encoding=UTF-8 org.codehaus.classworlds.Launcher -Didea.version=2022.1.2 package

Host: 12th Gen Intel(R) Core(TM) i7-12650H, 16 cores, 15G,  Windows 11 , 64 bit Build 22621 (10.0.22621.4391)
Time: Mon Feb 24 20:51:26 2025  Windows 11 , 64 bit Build 22621 (10.0.22621.4391) elapsed time: 1.152685 seconds (0d 0h 0m 1s)

---------------  T H R E A D  ---------------

Current thread (0x000001d3ad418690):  JavaThread "C2 CompilerThread2" daemon [_thread_in_native, id=9892, stack(0x0000006902000000,0x0000006902100000)]


Current CompileTask:
C2:   1152 2668       4       java.util.HashMap::putVal (300 bytes)

Stack: [0x0000006902000000,0x0000006902100000]
Native frames: (J=compiled Java code, j=interpreted, Vv=VM code, C=native code)
V  [jvm.dll+0x6ee21a]
V  [jvm.dll+0x85765e]
V  [jvm.dll+0x85904e]
V  [jvm.dll+0x859703]
V  [jvm.dll+0x28298f]
V  [jvm.dll+0xc9adf]
V  [jvm.dll+0xc9e65]
V  [jvm.dll+0x2f7caf]
V  [jvm.dll+0x5f076b]
V  [jvm.dll+0x25590c]
V  [jvm.dll+0x24e1a7]
V  [jvm.dll+0x24b673]
V  [jvm.dll+0x1d6ce1]
V  [jvm.dll+0x25b25a]
V  [jvm.dll+0x2596e8]
V  [jvm.dll+0x807588]
V  [jvm.dll+0x80125a]
V  [jvm.dll+0x6ecf0b]
C  [ucrtbase.dll+0x29333]
C  [KERNEL32.DLL+0x1259d]
C  [ntdll.dll+0x5af38]


---------------  P R O C E S S  ---------------

Threads class SMR info:
_java_thread_list=0x000001d3aecd1120, length=22, elements={
0x000001d384900740, 0x000001d3a853ede0, 0x000001d3a85419e0, 0x000001d3a85425d0,
0x000001d3a8548e60, 0x000001d3a854c2a0, 0x000001d3a8558110, 0x000001d3a8558d70,
0x000001d3a8559e80, 0x000001d3a855cfa0, 0x000001d3a8518300, 0x000001d3a856df10,
0x000001d3a856e490, 0x000001d3a856ea10, 0x000001d3ac9bc860, 0x000001d3ac9be290,
0x000001d3accff050, 0x000001d3ad418690, 0x000001d3ad419cd0, 0x000001d3ad419740,
0x000001d3ad418100, 0x000001d3ad41ad80
}

Java Threads: ( => current thread )
  0x000001d384900740 JavaThread "main" [_thread_in_vm, id=19480, stack(0x0000006900800000,0x0000006900900000)]
  0x000001d3a853ede0 JavaThread "Reference Handler" daemon [_thread_blocked, id=16220, stack(0x0000006900f00000,0x0000006901000000)]
  0x000001d3a85419e0 JavaThread "Finalizer" daemon [_thread_blocked, id=10724, stack(0x0000006901000000,0x0000006901100000)]
  0x000001d3a85425d0 JavaThread "Signal Dispatcher" daemon [_thread_blocked, id=18096, stack(0x0000006901100000,0x0000006901200000)]
  0x000001d3a8548e60 JavaThread "Attach Listener" daemon [_thread_blocked, id=1808, stack(0x0000006901200000,0x0000006901300000)]
  0x000001d3a854c2a0 JavaThread "Service Thread" daemon [_thread_blocked, id=22752, stack(0x0000006901300000,0x0000006901400000)]
  0x000001d3a8558110 JavaThread "Monitor Deflation Thread" daemon [_thread_blocked, id=22192, stack(0x0000006901400000,0x0000006901500000)]
  0x000001d3a8558d70 JavaThread "C2 CompilerThread0" daemon [_thread_in_native, id=22392, stack(0x0000006901500000,0x0000006901600000)]
  0x000001d3a8559e80 JavaThread "C1 CompilerThread0" daemon [_thread_blocked, id=11932, stack(0x0000006901600000,0x0000006901700000)]
  0x000001d3a855cfa0 JavaThread "Sweeper thread" daemon [_thread_blocked, id=5924, stack(0x0000006901700000,0x0000006901800000)]
  0x000001d3a8518300 JavaThread "Common-Cleaner" daemon [_thread_blocked, id=2792, stack(0x0000006901800000,0x0000006901900000)]
  0x000001d3a856df10 JavaThread "C1 CompilerThread1" daemon [_thread_blocked, id=5776, stack(0x0000006901900000,0x0000006901a00000)]
  0x000001d3a856e490 JavaThread "C1 CompilerThread2" daemon [_thread_blocked, id=21892, stack(0x0000006901a00000,0x0000006901b00000)]
  0x000001d3a856ea10 JavaThread "C1 CompilerThread3" daemon [_thread_in_vm, id=8372, stack(0x0000006901b00000,0x0000006901c00000)]
  0x000001d3ac9bc860 JavaThread "Monitor Ctrl-Break" daemon [_thread_in_native, id=23448, stack(0x0000006901c00000,0x0000006901d00000)]
  0x000001d3ac9be290 JavaThread "Notification Thread" daemon [_thread_blocked, id=23920, stack(0x0000006901d00000,0x0000006901e00000)]
  0x000001d3accff050 JavaThread "C2 CompilerThread1" daemon [_thread_blocked, id=5788, stack(0x0000006901f00000,0x0000006902000000)]
=>0x000001d3ad418690 JavaThread "C2 CompilerThread2" daemon [_thread_in_native, id=9892, stack(0x0000006902000000,0x0000006902100000)]
  0x000001d3ad419cd0 JavaThread "C2 CompilerThread3" daemon [_thread_blocked, id=20660, stack(0x0000006902100000,0x0000006902200000)]
  0x000001d3ad419740 JavaThread "C2 CompilerThread4" daemon [_thread_blocked, id=20204, stack(0x0000006902200000,0x0000006902300000)]
  0x000001d3ad418100 JavaThread "C2 CompilerThread5" daemon [_thread_blocked, id=9232, stack(0x0000006902a00000,0x0000006902b00000)]
  0x000001d3ad41ad80 JavaThread "C2 CompilerThread6" daemon [_thread_blocked, id=14044, stack(0x0000006902b00000,0x0000006902c00000)]

Other Threads:
  0x000001d3a8527140 VMThread "VM Thread" [stack: 0x0000006900e00000,0x0000006900f00000] [id=18056]
  0x000001d3ac9c1800 WatcherThread "VM Periodic Task Thread" [stack: 0x0000006901e00000,0x0000006901f00000] [id=9684]
  0x000001d384970fe0 WorkerThread "GC Thread#0" [stack: 0x0000006900900000,0x0000006900a00000] [id=21240]
  0x000001d3acd3e4c0 WorkerThread "GC Thread#1" [stack: 0x0000006902300000,0x0000006902400000] [id=23444]
  0x000001d3acd3f000 WorkerThread "GC Thread#2" [stack: 0x0000006902400000,0x0000006902500000] [id=11820]
  0x000001d3acd3dc50 WorkerThread "GC Thread#3" [stack: 0x0000006902500000,0x0000006902600000] [id=17128]
  0x000001d3acd3f5a0 WorkerThread "GC Thread#4" [stack: 0x0000006902600000,0x0000006902700000] [id=21116]
  0x000001d3acd3e1f0 WorkerThread "GC Thread#5" [stack: 0x0000006902700000,0x0000006902800000] [id=11236]
  0x000001d3acd3e790 WorkerThread "GC Thread#6" [stack: 0x0000006902800000,0x0000006902900000] [id=22720]
  0x000001d3acd3ea60 WorkerThread "GC Thread#7" [stack: 0x0000006902900000,0x0000006902a00000] [id=20900]
  0x000001d3ad5d87e0 WorkerThread "GC Thread#8" [stack: 0x0000006902c00000,0x0000006902d00000] [id=23300]
  0x000001d3ad5da9a0 WorkerThread "GC Thread#9" [stack: 0x0000006902d00000,0x0000006902e00000] [id=5572]
  0x000001d3ad5dac70 WorkerThread "GC Thread#10" [stack: 0x0000006902e00000,0x0000006902f00000] [id=18108]
  0x000001d384982a00 ConcurrentGCThread "G1 Main Marker" [stack: 0x0000006900a00000,0x0000006900b00000] [id=23436]
  0x000001d384983330 WorkerThread "G1 Conc#0" [stack: 0x0000006900b00000,0x0000006900c00000] [id=9676]
  0x000001d3a83df7c0 ConcurrentGCThread "G1 Refine#0" [stack: 0x0000006900c00000,0x0000006900d00000] [id=24464]
  0x000001d3a83e0200 ConcurrentGCThread "G1 Service" [stack: 0x0000006900d00000,0x0000006900e00000] [id=20540]

Threads with active compile tasks:
C2 CompilerThread0     1167 2623       4       org.codehaus.plexus.util.xml.pull.MXParser::parseStartTag (1195 bytes)
C1 CompilerThread3     1167 2713       3       org.eclipse.sisu.bean.BeanPropertyField::getType (11 bytes)
C2 CompilerThread2     1167 2668       4       java.util.HashMap::putVal (300 bytes)

VM state: not at safepoint (normal execution)

VM Mutex/Monitor currently owned by a thread: None

Heap address: 0x0000000705e00000, size: 4002 MB, Compressed Oops mode: Zero based, Oop shift amount: 3

CDS archive(s) mapped at: [0x0000000800000000-0x0000000800c40000-0x0000000800c40000), size 12845056, SharedBaseAddress: 0x0000000800000000, ArchiveRelocationMode: 0.
Compressed class space mapped at: 0x0000000801000000-0x0000000841000000, reserved size: 1073741824
Narrow klass base: 0x0000000800000000, Narrow klass shift: 0, Narrow klass range: 0x100000000

GC Precious Log:
 CardTable entry size: 512
 Card Set container configuration: InlinePtr #cards 4 size 8 Array Of Cards #cards 16 size 48 Howl #buckets 8 coarsen threshold 3686 Howl Bitmap #cards 512 size 80 coarsen threshold 460 Card regions per heap region 1 cards per card region 4096
 CPUs: 16 total, 16 available
 Memory: 16004M
 Large Page Support: Disabled
 NUMA Support: Disabled
 Compressed Oops: Enabled (Zero based)
 Heap Region Size: 2M
 Heap Min Capacity: 8M
 Heap Initial Capacity: 252M
 Heap Max Capacity: 4002M
 Pre-touch: Disabled
 Parallel Workers: 13
 Concurrent Workers: 3
 Concurrent Refinement Workers: 13
 Periodic GC: Disabled

Heap:
 garbage-first heap   total 258048K, used 17841K [0x0000000705e00000, 0x0000000800000000)
  region size 2048K, 9 young (18432K), 2 survivors (4096K)
 Metaspace       used 12854K, committed 13056K, reserved 1114112K
  class space    used 1447K, committed 1536K, reserved 1048576K

Heap Regions: E=young(eden), S=young(survivor), O=old, HS=humongous(starts), HC=humongous(continues), CS=collection set, F=free, OA=open archive, CA=closed archive, TAMS=top-at-mark-start (previous, next)
|   0|0x0000000705e00000, 0x0000000706000000, 0x0000000706000000|100%| O|  |TAMS 0x0000000705e00000, 0x0000000705e00000| Untracked 
|   1|0x0000000706000000, 0x0000000706153e00, 0x0000000706200000| 66%| O|  |TAMS 0x0000000706000000, 0x0000000706000000| Untracked 
|   2|0x0000000706200000, 0x0000000706200000, 0x0000000706400000|  0%| F|  |TAMS 0x0000000706200000, 0x0000000706200000| Untracked 
|   3|0x0000000706400000, 0x0000000706400000, 0x0000000706600000|  0%| F|  |TAMS 0x0000000706400000, 0x0000000706400000| Untracked 
|   4|0x0000000706600000, 0x0000000706600000, 0x0000000706800000|  0%| F|  |TAMS 0x0000000706600000, 0x0000000706600000| Untracked 
|   5|0x0000000706800000, 0x0000000706800000, 0x0000000706a00000|  0%| F|  |TAMS 0x0000000706800000, 0x0000000706800000| Untracked 
|   6|0x0000000706a00000, 0x0000000706a00000, 0x0000000706c00000|  0%| F|  |TAMS 0x0000000706a00000, 0x0000000706a00000| Untracked 
|   7|0x0000000706c00000, 0x0000000706c00000, 0x0000000706e00000|  0%| F|  |TAMS 0x0000000706c00000, 0x0000000706c00000| Untracked 
|   8|0x0000000706e00000, 0x0000000706e00000, 0x0000000707000000|  0%| F|  |TAMS 0x0000000706e00000, 0x0000000706e00000| Untracked 
|   9|0x0000000707000000, 0x0000000707000000, 0x0000000707200000|  0%| F|  |TAMS 0x0000000707000000, 0x0000000707000000| Untracked 
|  10|0x0000000707200000, 0x0000000707200000, 0x0000000707400000|  0%| F|  |TAMS 0x0000000707200000, 0x0000000707200000| Untracked 
|  11|0x0000000707400000, 0x0000000707400000, 0x0000000707600000|  0%| F|  |TAMS 0x0000000707400000, 0x0000000707400000| Untracked 
|  12|0x0000000707600000, 0x0000000707600000, 0x0000000707800000|  0%| F|  |TAMS 0x0000000707600000, 0x0000000707600000| Untracked 
|  13|0x0000000707800000, 0x0000000707800000, 0x0000000707a00000|  0%| F|  |TAMS 0x0000000707800000, 0x0000000707800000| Untracked 
|  14|0x0000000707a00000, 0x0000000707a00000, 0x0000000707c00000|  0%| F|  |TAMS 0x0000000707a00000, 0x0000000707a00000| Untracked 
|  15|0x0000000707c00000, 0x0000000707c00000, 0x0000000707e00000|  0%| F|  |TAMS 0x0000000707c00000, 0x0000000707c00000| Untracked 
|  16|0x0000000707e00000, 0x0000000707e00000, 0x0000000708000000|  0%| F|  |TAMS 0x0000000707e00000, 0x0000000707e00000| Untracked 
|  17|0x0000000708000000, 0x0000000708000000, 0x0000000708200000|  0%| F|  |TAMS 0x0000000708000000, 0x0000000708000000| Untracked 
|  18|0x0000000708200000, 0x0000000708200000, 0x0000000708400000|  0%| F|  |TAMS 0x0000000708200000, 0x0000000708200000| Untracked 
|  19|0x0000000708400000, 0x0000000708400000, 0x0000000708600000|  0%| F|  |TAMS 0x0000000708400000, 0x0000000708400000| Untracked 
|  20|0x0000000708600000, 0x0000000708600000, 0x0000000708800000|  0%| F|  |TAMS 0x0000000708600000, 0x0000000708600000| Untracked 
|  21|0x0000000708800000, 0x0000000708800000, 0x0000000708a00000|  0%| F|  |TAMS 0x0000000708800000, 0x0000000708800000| Untracked 
|  22|0x0000000708a00000, 0x0000000708a00000, 0x0000000708c00000|  0%| F|  |TAMS 0x0000000708a00000, 0x0000000708a00000| Untracked 
|  23|0x0000000708c00000, 0x0000000708c00000, 0x0000000708e00000|  0%| F|  |TAMS 0x0000000708c00000, 0x0000000708c00000| Untracked 
|  24|0x0000000708e00000, 0x0000000708e00000, 0x0000000709000000|  0%| F|  |TAMS 0x0000000708e00000, 0x0000000708e00000| Untracked 
|  25|0x0000000709000000, 0x0000000709000000, 0x0000000709200000|  0%| F|  |TAMS 0x0000000709000000, 0x0000000709000000| Untracked 
|  26|0x0000000709200000, 0x0000000709200000, 0x0000000709400000|  0%| F|  |TAMS 0x0000000709200000, 0x0000000709200000| Untracked 
|  27|0x0000000709400000, 0x0000000709400000, 0x0000000709600000|  0%| F|  |TAMS 0x0000000709400000, 0x0000000709400000| Untracked 
|  28|0x0000000709600000, 0x0000000709600000, 0x0000000709800000|  0%| F|  |TAMS 0x0000000709600000, 0x0000000709600000| Untracked 
|  29|0x0000000709800000, 0x0000000709800000, 0x0000000709a00000|  0%| F|  |TAMS 0x0000000709800000, 0x0000000709800000| Untracked 
|  30|0x0000000709a00000, 0x0000000709a00000, 0x0000000709c00000|  0%| F|  |TAMS 0x0000000709a00000, 0x0000000709a00000| Untracked 
|  31|0x0000000709c00000, 0x0000000709c00000, 0x0000000709e00000|  0%| F|  |TAMS 0x0000000709c00000, 0x0000000709c00000| Untracked 
|  32|0x0000000709e00000, 0x0000000709e00000, 0x000000070a000000|  0%| F|  |TAMS 0x0000000709e00000, 0x0000000709e00000| Untracked 
|  33|0x000000070a000000, 0x000000070a000000, 0x000000070a200000|  0%| F|  |TAMS 0x000000070a000000, 0x000000070a000000| Untracked 
|  34|0x000000070a200000, 0x000000070a200000, 0x000000070a400000|  0%| F|  |TAMS 0x000000070a200000, 0x000000070a200000| Untracked 
|  35|0x000000070a400000, 0x000000070a400000, 0x000000070a600000|  0%| F|  |TAMS 0x000000070a400000, 0x000000070a400000| Untracked 
|  36|0x000000070a600000, 0x000000070a600000, 0x000000070a800000|  0%| F|  |TAMS 0x000000070a600000, 0x000000070a600000| Untracked 
|  37|0x000000070a800000, 0x000000070a800000, 0x000000070aa00000|  0%| F|  |TAMS 0x000000070a800000, 0x000000070a800000| Untracked 
|  38|0x000000070aa00000, 0x000000070aa00000, 0x000000070ac00000|  0%| F|  |TAMS 0x000000070aa00000, 0x000000070aa00000| Untracked 
|  39|0x000000070ac00000, 0x000000070ac00000, 0x000000070ae00000|  0%| F|  |TAMS 0x000000070ac00000, 0x000000070ac00000| Untracked 
|  40|0x000000070ae00000, 0x000000070ae00000, 0x000000070b000000|  0%| F|  |TAMS 0x000000070ae00000, 0x000000070ae00000| Untracked 
|  41|0x000000070b000000, 0x000000070b000000, 0x000000070b200000|  0%| F|  |TAMS 0x000000070b000000, 0x000000070b000000| Untracked 
|  42|0x000000070b200000, 0x000000070b200000, 0x000000070b400000|  0%| F|  |TAMS 0x000000070b200000, 0x000000070b200000| Untracked 
|  43|0x000000070b400000, 0x000000070b400000, 0x000000070b600000|  0%| F|  |TAMS 0x000000070b400000, 0x000000070b400000| Untracked 
|  44|0x000000070b600000, 0x000000070b600000, 0x000000070b800000|  0%| F|  |TAMS 0x000000070b600000, 0x000000070b600000| Untracked 
|  45|0x000000070b800000, 0x000000070b800000, 0x000000070ba00000|  0%| F|  |TAMS 0x000000070b800000, 0x000000070b800000| Untracked 
|  46|0x000000070ba00000, 0x000000070ba00000, 0x000000070bc00000|  0%| F|  |TAMS 0x000000070ba00000, 0x000000070ba00000| Untracked 
|  47|0x000000070bc00000, 0x000000070bc00000, 0x000000070be00000|  0%| F|  |TAMS 0x000000070bc00000, 0x000000070bc00000| Untracked 
|  48|0x000000070be00000, 0x000000070be00000, 0x000000070c000000|  0%| F|  |TAMS 0x000000070be00000, 0x000000070be00000| Untracked 
|  49|0x000000070c000000, 0x000000070c000000, 0x000000070c200000|  0%| F|  |TAMS 0x000000070c000000, 0x000000070c000000| Untracked 
|  50|0x000000070c200000, 0x000000070c200000, 0x000000070c400000|  0%| F|  |TAMS 0x000000070c200000, 0x000000070c200000| Untracked 
|  51|0x000000070c400000, 0x000000070c400000, 0x000000070c600000|  0%| F|  |TAMS 0x000000070c400000, 0x000000070c400000| Untracked 
|  52|0x000000070c600000, 0x000000070c600000, 0x000000070c800000|  0%| F|  |TAMS 0x000000070c600000, 0x000000070c600000| Untracked 
|  53|0x000000070c800000, 0x000000070c800000, 0x000000070ca00000|  0%| F|  |TAMS 0x000000070c800000, 0x000000070c800000| Untracked 
|  54|0x000000070ca00000, 0x000000070ca00000, 0x000000070cc00000|  0%| F|  |TAMS 0x000000070ca00000, 0x000000070ca00000| Untracked 
|  55|0x000000070cc00000, 0x000000070cc00000, 0x000000070ce00000|  0%| F|  |TAMS 0x000000070cc00000, 0x000000070cc00000| Untracked 
|  56|0x000000070ce00000, 0x000000070ce00000, 0x000000070d000000|  0%| F|  |TAMS 0x000000070ce00000, 0x000000070ce00000| Untracked 
|  57|0x000000070d000000, 0x000000070d000000, 0x000000070d200000|  0%| F|  |TAMS 0x000000070d000000, 0x000000070d000000| Untracked 
|  58|0x000000070d200000, 0x000000070d200000, 0x000000070d400000|  0%| F|  |TAMS 0x000000070d200000, 0x000000070d200000| Untracked 
|  59|0x000000070d400000, 0x000000070d400000, 0x000000070d600000|  0%| F|  |TAMS 0x000000070d400000, 0x000000070d400000| Untracked 
|  60|0x000000070d600000, 0x000000070d600000, 0x000000070d800000|  0%| F|  |TAMS 0x000000070d600000, 0x000000070d600000| Untracked 
|  61|0x000000070d800000, 0x000000070d800000, 0x000000070da00000|  0%| F|  |TAMS 0x000000070d800000, 0x000000070d800000| Untracked 
|  62|0x000000070da00000, 0x000000070da00000, 0x000000070dc00000|  0%| F|  |TAMS 0x000000070da00000, 0x000000070da00000| Untracked 
|  63|0x000000070dc00000, 0x000000070dc00000, 0x000000070de00000|  0%| F|  |TAMS 0x000000070dc00000, 0x000000070dc00000| Untracked 
|  64|0x000000070de00000, 0x000000070de00000, 0x000000070e000000|  0%| F|  |TAMS 0x000000070de00000, 0x000000070de00000| Untracked 
|  65|0x000000070e000000, 0x000000070e000000, 0x000000070e200000|  0%| F|  |TAMS 0x000000070e000000, 0x000000070e000000| Untracked 
|  66|0x000000070e200000, 0x000000070e200000, 0x000000070e400000|  0%| F|  |TAMS 0x000000070e200000, 0x000000070e200000| Untracked 
|  67|0x000000070e400000, 0x000000070e400000, 0x000000070e600000|  0%| F|  |TAMS 0x000000070e400000, 0x000000070e400000| Untracked 
|  68|0x000000070e600000, 0x000000070e600000, 0x000000070e800000|  0%| F|  |TAMS 0x000000070e600000, 0x000000070e600000| Untracked 
|  69|0x000000070e800000, 0x000000070e800000, 0x000000070ea00000|  0%| F|  |TAMS 0x000000070e800000, 0x000000070e800000| Untracked 
|  70|0x000000070ea00000, 0x000000070ea00000, 0x000000070ec00000|  0%| F|  |TAMS 0x000000070ea00000, 0x000000070ea00000| Untracked 
|  71|0x000000070ec00000, 0x000000070ec00000, 0x000000070ee00000|  0%| F|  |TAMS 0x000000070ec00000, 0x000000070ec00000| Untracked 
|  72|0x000000070ee00000, 0x000000070ee00000, 0x000000070f000000|  0%| F|  |TAMS 0x000000070ee00000, 0x000000070ee00000| Untracked 
|  73|0x000000070f000000, 0x000000070f000000, 0x000000070f200000|  0%| F|  |TAMS 0x000000070f000000, 0x000000070f000000| Untracked 
|  74|0x000000070f200000, 0x000000070f200000, 0x000000070f400000|  0%| F|  |TAMS 0x000000070f200000, 0x000000070f200000| Untracked 
|  75|0x000000070f400000, 0x000000070f400000, 0x000000070f600000|  0%| F|  |TAMS 0x000000070f400000, 0x000000070f400000| Untracked 
|  76|0x000000070f600000, 0x000000070f600000, 0x000000070f800000|  0%| F|  |TAMS 0x000000070f600000, 0x000000070f600000| Untracked 
|  77|0x000000070f800000, 0x000000070f800000, 0x000000070fa00000|  0%| F|  |TAMS 0x000000070f800000, 0x000000070f800000| Untracked 
|  78|0x000000070fa00000, 0x000000070fa00000, 0x000000070fc00000|  0%| F|  |TAMS 0x000000070fa00000, 0x000000070fa00000| Untracked 
|  79|0x000000070fc00000, 0x000000070fc00000, 0x000000070fe00000|  0%| F|  |TAMS 0x000000070fc00000, 0x000000070fc00000| Untracked 
|  80|0x000000070fe00000, 0x000000070fe00000, 0x0000000710000000|  0%| F|  |TAMS 0x000000070fe00000, 0x000000070fe00000| Untracked 
|  81|0x0000000710000000, 0x0000000710000000, 0x0000000710200000|  0%| F|  |TAMS 0x0000000710000000, 0x0000000710000000| Untracked 
|  82|0x0000000710200000, 0x0000000710200000, 0x0000000710400000|  0%| F|  |TAMS 0x0000000710200000, 0x0000000710200000| Untracked 
|  83|0x0000000710400000, 0x0000000710400000, 0x0000000710600000|  0%| F|  |TAMS 0x0000000710400000, 0x0000000710400000| Untracked 
|  84|0x0000000710600000, 0x0000000710600000, 0x0000000710800000|  0%| F|  |TAMS 0x0000000710600000, 0x0000000710600000| Untracked 
|  85|0x0000000710800000, 0x0000000710800000, 0x0000000710a00000|  0%| F|  |TAMS 0x0000000710800000, 0x0000000710800000| Untracked 
|  86|0x0000000710a00000, 0x0000000710a00000, 0x0000000710c00000|  0%| F|  |TAMS 0x0000000710a00000, 0x0000000710a00000| Untracked 
|  87|0x0000000710c00000, 0x0000000710c00000, 0x0000000710e00000|  0%| F|  |TAMS 0x0000000710c00000, 0x0000000710c00000| Untracked 
|  88|0x0000000710e00000, 0x0000000710e00000, 0x0000000711000000|  0%| F|  |TAMS 0x0000000710e00000, 0x0000000710e00000| Untracked 
|  89|0x0000000711000000, 0x0000000711000000, 0x0000000711200000|  0%| F|  |TAMS 0x0000000711000000, 0x0000000711000000| Untracked 
|  90|0x0000000711200000, 0x0000000711200000, 0x0000000711400000|  0%| F|  |TAMS 0x0000000711200000, 0x0000000711200000| Untracked 
|  91|0x0000000711400000, 0x0000000711400000, 0x0000000711600000|  0%| F|  |TAMS 0x0000000711400000, 0x0000000711400000| Untracked 
|  92|0x0000000711600000, 0x0000000711600000, 0x0000000711800000|  0%| F|  |TAMS 0x0000000711600000, 0x0000000711600000| Untracked 
|  93|0x0000000711800000, 0x0000000711800000, 0x0000000711a00000|  0%| F|  |TAMS 0x0000000711800000, 0x0000000711800000| Untracked 
|  94|0x0000000711a00000, 0x0000000711a00000, 0x0000000711c00000|  0%| F|  |TAMS 0x0000000711a00000, 0x0000000711a00000| Untracked 
|  95|0x0000000711c00000, 0x0000000711c00000, 0x0000000711e00000|  0%| F|  |TAMS 0x0000000711c00000, 0x0000000711c00000| Untracked 
|  96|0x0000000711e00000, 0x0000000711e00000, 0x0000000712000000|  0%| F|  |TAMS 0x0000000711e00000, 0x0000000711e00000| Untracked 
|  97|0x0000000712000000, 0x0000000712000000, 0x0000000712200000|  0%| F|  |TAMS 0x0000000712000000, 0x0000000712000000| Untracked 
|  98|0x0000000712200000, 0x0000000712200000, 0x0000000712400000|  0%| F|  |TAMS 0x0000000712200000, 0x0000000712200000| Untracked 
|  99|0x0000000712400000, 0x0000000712400000, 0x0000000712600000|  0%| F|  |TAMS 0x0000000712400000, 0x0000000712400000| Untracked 
| 100|0x0000000712600000, 0x0000000712600000, 0x0000000712800000|  0%| F|  |TAMS 0x0000000712600000, 0x0000000712600000| Untracked 
| 101|0x0000000712800000, 0x0000000712800000, 0x0000000712a00000|  0%| F|  |TAMS 0x0000000712800000, 0x0000000712800000| Untracked 
| 102|0x0000000712a00000, 0x0000000712a00000, 0x0000000712c00000|  0%| F|  |TAMS 0x0000000712a00000, 0x0000000712a00000| Untracked 
| 103|0x0000000712c00000, 0x0000000712c00000, 0x0000000712e00000|  0%| F|  |TAMS 0x0000000712c00000, 0x0000000712c00000| Untracked 
| 104|0x0000000712e00000, 0x0000000712e00000, 0x0000000713000000|  0%| F|  |TAMS 0x0000000712e00000, 0x0000000712e00000| Untracked 
| 105|0x0000000713000000, 0x00000007130188a0, 0x0000000713200000|  4%| S|CS|TAMS 0x0000000713000000, 0x0000000713000000| Complete 
| 106|0x0000000713200000, 0x0000000713400000, 0x0000000713400000|100%| S|CS|TAMS 0x0000000713200000, 0x0000000713200000| Complete 
| 107|0x0000000713400000, 0x0000000713400000, 0x0000000713600000|  0%| F|  |TAMS 0x0000000713400000, 0x0000000713400000| Untracked 
| 108|0x0000000713600000, 0x0000000713600000, 0x0000000713800000|  0%| F|  |TAMS 0x0000000713600000, 0x0000000713600000| Untracked 
| 109|0x0000000713800000, 0x0000000713800000, 0x0000000713a00000|  0%| F|  |TAMS 0x0000000713800000, 0x0000000713800000| Untracked 
| 110|0x0000000713a00000, 0x0000000713a00000, 0x0000000713c00000|  0%| F|  |TAMS 0x0000000713a00000, 0x0000000713a00000| Untracked 
| 111|0x0000000713c00000, 0x0000000713c00000, 0x0000000713e00000|  0%| F|  |TAMS 0x0000000713c00000, 0x0000000713c00000| Untracked 
| 112|0x0000000713e00000, 0x0000000713e00000, 0x0000000714000000|  0%| F|  |TAMS 0x0000000713e00000, 0x0000000713e00000| Untracked 
| 113|0x0000000714000000, 0x0000000714000000, 0x0000000714200000|  0%| F|  |TAMS 0x0000000714000000, 0x0000000714000000| Untracked 
| 114|0x0000000714200000, 0x0000000714200000, 0x0000000714400000|  0%| F|  |TAMS 0x0000000714200000, 0x0000000714200000| Untracked 
| 115|0x0000000714400000, 0x0000000714400000, 0x0000000714600000|  0%| F|  |TAMS 0x0000000714400000, 0x0000000714400000| Untracked 
| 116|0x0000000714600000, 0x0000000714600000, 0x0000000714800000|  0%| F|  |TAMS 0x0000000714600000, 0x0000000714600000| Untracked 
| 117|0x0000000714800000, 0x0000000714800000, 0x0000000714a00000|  0%| F|  |TAMS 0x0000000714800000, 0x0000000714800000| Untracked 
| 118|0x0000000714a00000, 0x0000000714a00000, 0x0000000714c00000|  0%| F|  |TAMS 0x0000000714a00000, 0x0000000714a00000| Untracked 
| 119|0x0000000714c00000, 0x0000000714ca5450, 0x0000000714e00000| 32%| E|  |TAMS 0x0000000714c00000, 0x0000000714c00000| Complete 
| 120|0x0000000714e00000, 0x0000000715000000, 0x0000000715000000|100%| E|CS|TAMS 0x0000000714e00000, 0x0000000714e00000| Complete 
| 121|0x0000000715000000, 0x0000000715200000, 0x0000000715200000|100%| E|CS|TAMS 0x0000000715000000, 0x0000000715000000| Complete 
| 122|0x0000000715200000, 0x0000000715400000, 0x0000000715400000|100%| E|CS|TAMS 0x0000000715200000, 0x0000000715200000| Complete 
| 123|0x0000000715400000, 0x0000000715600000, 0x0000000715600000|100%| E|CS|TAMS 0x0000000715400000, 0x0000000715400000| Complete 
| 124|0x0000000715600000, 0x0000000715800000, 0x0000000715800000|100%| E|CS|TAMS 0x0000000715600000, 0x0000000715600000| Complete 
| 125|0x0000000715800000, 0x0000000715a00000, 0x0000000715a00000|100%| E|CS|TAMS 0x0000000715800000, 0x0000000715800000| Complete 

Card table byte_map: [0x000001d39c8c0000,0x000001d39d0a0000] _byte_map_base: 0x000001d399091000

Marking Bits (Prev, Next): (CMBitMap*) 0x000001d384972520, (CMBitMap*) 0x000001d384972560
 Prev Bits: [0x000001d39d880000, 0x000001d3a1708000)
 Next Bits: [0x000001d3a1710000, 0x000001d3a5598000)

Polling page: 0x000001d382820000

Metaspace:

Usage:
  Non-class:     11.17 MB used.
      Class:      1.42 MB used.
       Both:     12.58 MB used.

Virtual space:
  Non-class space:       64.00 MB reserved,      11.25 MB ( 18%) committed,  1 nodes.
      Class space:        1.00 GB reserved,       1.50 MB ( <1%) committed,  1 nodes.
             Both:        1.06 GB reserved,      12.75 MB (  1%) committed. 

Chunk freelists:
   Non-Class:  3.94 MB
       Class:  2.51 MB
        Both:  6.45 MB

MaxMetaspaceSize: unlimited
CompressedClassSpaceSize: 1.00 GB
Initial GC threshold: 21.00 MB
Current GC threshold: 21.00 MB
CDS: on
MetaspaceReclaimPolicy: balanced
 - commit_granule_bytes: 65536.
 - commit_granule_words: 8192.
 - virtual_space_node_default_size: 8388608.
 - enlarge_chunks_in_place: 1.
 - new_chunks_are_fully_committed: 0.
 - uncommit_free_chunks: 1.
 - use_allocation_guard: 0.


Internal statistics:

num_allocs_failed_limit: 0.
num_arena_births: 236.
num_arena_deaths: 0.
num_vsnodes_births: 2.
num_vsnodes_deaths: 0.
num_space_committed: 204.
num_space_uncommitted: 0.
num_chunks_returned_to_freelist: 0.
num_chunks_taken_from_freelist: 645.
num_chunk_merges: 0.
num_chunk_splits: 464.
num_chunks_enlarged: 346.
num_inconsistent_stats: 0.

CodeHeap 'non-profiled nmethods': size=119168Kb used=968Kb max_used=968Kb free=118199Kb
 bounds [0x000001d394400000, 0x000001d394670000, 0x000001d39b860000]
CodeHeap 'profiled nmethods': size=119104Kb used=5417Kb max_used=5417Kb free=113687Kb
 bounds [0x000001d38c860000, 0x000001d38cdb0000, 0x000001d393cb0000]
CodeHeap 'non-nmethods': size=7488Kb used=2960Kb max_used=3008Kb free=4527Kb
 bounds [0x000001d393cb0000, 0x000001d393fb0000, 0x000001d394400000]
 total_blobs=3195 nmethods=2711 adapters=391
 compilation: enabled
              stopped_count=0, restarted_count=0
 full_count=0

Compilation events (20 events):
Event: 1.148 Thread 0x000001d3a856e490 nmethod 2662 0x000001d38cd90690 code [0x000001d38cd90840, 0x000001d38cd90b68]
Event: 1.148 Thread 0x000001d3a856df10 nmethod 2664 0x000001d38cd90c90 code [0x000001d38cd90e40, 0x000001d38cd90f88]
Event: 1.148 Thread 0x000001d3a8559e80 2666       1       org.apache.maven.model.Plugin::getVersion (5 bytes)
Event: 1.148 Thread 0x000001d3a856e490 2667       3       org.apache.maven.model.ConfigurationContainer::setLocation (156 bytes)
Event: 1.148 Thread 0x000001d3a8559e80 nmethod 2666 0x000001d3944eab90 code [0x000001d3944ead20, 0x000001d3944eadf8]
Event: 1.148 Thread 0x000001d3ad418690 2668       4       java.util.HashMap::putVal (300 bytes)
Event: 1.148 Thread 0x000001d3ad418100 nmethod 2649 0x000001d3944eae90 code [0x000001d3944eb020, 0x000001d3944eb518]
Event: 1.148 Thread 0x000001d3ad41ad80 2669       4       java.util.LinkedHashMap$Entry::<init> (10 bytes)
Event: 1.149 Thread 0x000001d3a856e490 nmethod 2667 0x000001d38cd91090 code [0x000001d38cd91340, 0x000001d38cd92538]
Event: 1.149 Thread 0x000001d3a856df10 2671       3       org.codehaus.plexus.util.xml.Xpp3Dom::addChild (17 bytes)
Event: 1.149 Thread 0x000001d3a8559e80 2672       1       org.codehaus.plexus.util.xml.Xpp3Dom::getName (5 bytes)
Event: 1.149 Thread 0x000001d3a856e490 2673       1       org.apache.maven.model.Plugin::setGroupId (6 bytes)
Event: 1.149 Thread 0x000001d3ad418100 2670       4       java.util.LinkedHashMap::afterNodeInsertion (40 bytes)
Event: 1.149 Thread 0x000001d3a856ea10 2674       3       org.apache.maven.model.ConfigurationContainer::getLocation (147 bytes)
Event: 1.149 Thread 0x000001d3a8559e80 nmethod 2672 0x000001d3944eb790 code [0x000001d3944eb920, 0x000001d3944eb9f8]
Event: 1.149 Thread 0x000001d3a856e490 nmethod 2673 0x000001d3944eba90 code [0x000001d3944ebc20, 0x000001d3944ebd38]
Event: 1.149 Thread 0x000001d3a856df10 nmethod 2671 0x000001d38cd92890 code [0x000001d38cd92a40, 0x000001d38cd92ca8]
Event: 1.149 Thread 0x000001d3a856ea10 nmethod 2674 0x000001d38cd92d90 code [0x000001d38cd93000, 0x000001d38cd93c58]
Event: 1.150 Thread 0x000001d3ad418100 nmethod 2670 0x000001d3944ebd90 code [0x000001d3944ebf20, 0x000001d3944ebfb8]
Event: 1.151 Thread 0x000001d3ad419cd0 nmethod 2647 0x000001d3944ec090 code [0x000001d3944ec240, 0x000001d3944ecaf8]

GC Heap History (4 events):
Event: 0.571 GC heap before
{Heap before GC invocations=0 (full 0):
 garbage-first heap   total 258048K, used 22528K [0x0000000705e00000, 0x0000000800000000)
  region size 2048K, 11 young (22528K), 0 survivors (0K)
 Metaspace       used 5278K, committed 5376K, reserved 1114112K
  class space    used 572K, committed 640K, reserved 1048576K
}
Event: 0.574 GC heap after
{Heap after GC invocations=1 (full 0):
 garbage-first heap   total 258048K, used 3769K [0x0000000705e00000, 0x0000000800000000)
  region size 2048K, 2 young (4096K), 2 survivors (4096K)
 Metaspace       used 5278K, committed 5376K, reserved 1114112K
  class space    used 572K, committed 640K, reserved 1048576K
}
Event: 0.992 GC heap before
{Heap before GC invocations=1 (full 0):
 garbage-first heap   total 258048K, used 38585K [0x0000000705e00000, 0x0000000800000000)
  region size 2048K, 19 young (38912K), 2 survivors (4096K)
 Metaspace       used 10410K, committed 10624K, reserved 1114112K
  class space    used 1218K, committed 1344K, reserved 1048576K
}
Event: 0.996 GC heap after
{Heap after GC invocations=2 (full 0):
 garbage-first heap   total 258048K, used 5553K [0x0000000705e00000, 0x0000000800000000)
  region size 2048K, 2 young (4096K), 2 survivors (4096K)
 Metaspace       used 10410K, committed 10624K, reserved 1114112K
  class space    used 1218K, committed 1344K, reserved 1048576K
}

Dll operation events (12 events):
Event: 0.006 Loaded shared library C:\Program Files\Java\jdk-19\bin\java.dll
Event: 0.012 Loaded shared library C:\Program Files\Java\jdk-19\bin\jsvml.dll
Event: 0.045 Loaded shared library C:\Program Files\Java\jdk-19\bin\zip.dll
Event: 0.048 Loaded shared library C:\Program Files\Java\jdk-19\bin\instrument.dll
Event: 0.051 Loaded shared library C:\Program Files\Java\jdk-19\bin\net.dll
Event: 0.052 Loaded shared library C:\Program Files\Java\jdk-19\bin\nio.dll
Event: 0.054 Loaded shared library C:\Program Files\Java\jdk-19\bin\zip.dll
Event: 0.063 Loaded shared library C:\Program Files\JetBrains\IntelliJ IDEA 2022.1.2\bin\breakgen64.dll
Event: 0.068 Loaded shared library C:\Program Files\Java\jdk-19\bin\extnet.dll
Event: 0.114 Loaded shared library C:\Program Files\Java\jdk-19\bin\jimage.dll
Event: 0.340 Loaded shared library C:\Users\99293\AppData\Local\Temp\jansi-2.4.0-e4617df0006b479e-jansi.dll
Event: 0.349 Loaded shared library C:\Program Files\Java\jdk-19\bin\verify.dll

Deoptimization events (20 events):
Event: 1.130 Thread 0x000001d384900740 Uncommon trap: trap_request=0xffffffc6 fr.pc=0x000001d3944cdc0c relative=0x000000000000086c
Event: 1.130 Thread 0x000001d384900740 Uncommon trap: reason=bimorphic_or_optimized_type_check action=maybe_recompile pc=0x000001d3944cdc0c method=java.util.HashMap.putVal(ILjava/lang/Object;Ljava/lang/Object;ZZ)Ljava/lang/Object; @ 203 c2
Event: 1.130 Thread 0x000001d384900740 DEOPT PACKING pc=0x000001d3944cdc0c sp=0x00000069008fe800
Event: 1.130 Thread 0x000001d384900740 DEOPT UNPACKING pc=0x000001d393d16da3 sp=0x00000069008fe790 mode 2
Event: 1.134 Thread 0x000001d384900740 Uncommon trap: trap_request=0xffffff45 fr.pc=0x000001d394476a3c relative=0x000000000000031c
Event: 1.134 Thread 0x000001d384900740 Uncommon trap: reason=unstable_if action=reinterpret pc=0x000001d394476a3c method=java.lang.String.<init>([CIILjava/lang/Void;)V @ 5 c2
Event: 1.134 Thread 0x000001d384900740 DEOPT PACKING pc=0x000001d394476a3c sp=0x00000069008fdf40
Event: 1.134 Thread 0x000001d384900740 DEOPT UNPACKING pc=0x000001d393d16da3 sp=0x00000069008fdf00 mode 2
Event: 1.136 Thread 0x000001d384900740 Uncommon trap: trap_request=0xfffffff4 fr.pc=0x000001d3944bb674 relative=0x0000000000000254
Event: 1.136 Thread 0x000001d384900740 Uncommon trap: reason=null_check action=make_not_entrant pc=0x000001d3944bb674 method=java.util.ArrayList.add(Ljava/lang/Object;[Ljava/lang/Object;I)V @ 14 c2
Event: 1.136 Thread 0x000001d384900740 DEOPT PACKING pc=0x000001d3944bb674 sp=0x00000069008fe010
Event: 1.136 Thread 0x000001d384900740 DEOPT UNPACKING pc=0x000001d393d16da3 sp=0x00000069008fdf58 mode 2
Event: 1.137 Thread 0x000001d384900740 Uncommon trap: trap_request=0xffffff45 fr.pc=0x000001d394489340 relative=0x0000000000000600
Event: 1.137 Thread 0x000001d384900740 Uncommon trap: reason=unstable_if action=reinterpret pc=0x000001d394489340 method=java.lang.String.replace(CC)Ljava/lang/String; @ 2 c2
Event: 1.137 Thread 0x000001d384900740 DEOPT PACKING pc=0x000001d394489340 sp=0x00000069008fe6c0
Event: 1.137 Thread 0x000001d384900740 DEOPT UNPACKING pc=0x000001d393d16da3 sp=0x00000069008fe670 mode 2
Event: 1.148 Thread 0x000001d384900740 Uncommon trap: trap_request=0xffffffc6 fr.pc=0x000001d3944cdc0c relative=0x000000000000086c
Event: 1.148 Thread 0x000001d384900740 Uncommon trap: reason=bimorphic_or_optimized_type_check action=maybe_recompile pc=0x000001d3944cdc0c method=java.util.HashMap.putVal(ILjava/lang/Object;Ljava/lang/Object;ZZ)Ljava/lang/Object; @ 203 c2
Event: 1.148 Thread 0x000001d384900740 DEOPT PACKING pc=0x000001d3944cdc0c sp=0x00000069008fe1a0
Event: 1.148 Thread 0x000001d384900740 DEOPT UNPACKING pc=0x000001d393d16da3 sp=0x00000069008fe130 mode 2

Classes loaded (20 events):
Event: 1.114 Loading class java/util/ArrayList$SubList$1
Event: 1.114 Loading class java/util/ArrayList$SubList$1 done
Event: 1.116 Loading class java/net/URL$ThreadTrackHolder
Event: 1.116 Loading class java/net/URL$ThreadTrackHolder done
Event: 1.116 Loading class jdk/internal/misc/ThreadTracker
Event: 1.116 Loading class jdk/internal/misc/ThreadTracker done
Event: 1.116 Loading class jdk/internal/misc/ThreadTracker$ThreadRef
Event: 1.116 Loading class jdk/internal/misc/ThreadTracker$ThreadRef done
Event: 1.116 Loading class java/net/URL$2
Event: 1.116 Loading class java/net/URL$2 done
Event: 1.116 Loading class java/net/URL$1
Event: 1.116 Loading class java/net/URL$1 done
Event: 1.116 Loading class java/net/spi/URLStreamHandlerProvider
Event: 1.116 Loading class java/net/spi/URLStreamHandlerProvider done
Event: 1.117 Loading class sun/net/www/protocol/https/Handler
Event: 1.117 Loading class sun/net/www/protocol/http/Handler
Event: 1.117 Loading class sun/net/www/protocol/http/Handler done
Event: 1.117 Loading class sun/net/www/protocol/https/Handler done
Event: 1.118 Loading class java/util/regex/Pattern$Pos
Event: 1.118 Loading class java/util/regex/Pattern$Pos done

Classes unloaded (0 events):
No events

Classes redefined (0 events):
No events

Internal exceptions (20 events):
Event: 0.345 Thread 0x000001d384900740 Exception <a 'java/lang/NullPointerException'{0x00000007150debe8}> (0x00000007150debe8) 
thrown [s\open\src\hotspot\share\interpreter\linkResolver.cpp, line 1374]
Event: 0.527 Thread 0x000001d384900740 Exception <a 'java/lang/NoSuchMethodError'{0x000000071469d2a8}: 'java.lang.Object java.lang.invoke.DirectMethodHandle$Holder.newInvokeSpecial(java.lang.Object, java.lang.Object, java.lang.Object, java.lang.Object, java.lang.Object)'> (0x000000071469d2a8) 
thrown [s\open\src\hotspot\share\interpreter\linkResolver.cpp, line 774]
Event: 0.547 Thread 0x000001d384900740 Exception <a 'java/lang/NoClassDefFoundError'{0x00000007147f7c70}: javax/enterprise/inject/Typed> (0x00000007147f7c70) 
thrown [s\open\src\hotspot\share\classfile\systemDictionary.cpp, line 244]
Event: 0.976 Thread 0x000001d384900740 Exception <a 'java/lang/NoSuchMethodError'{0x000000071353a658}: 'void java.lang.invoke.DirectMethodHandle$Holder.invokeSpecial(java.lang.Object, java.lang.Object, java.lang.Object)'> (0x000000071353a658) 
thrown [s\open\src\hotspot\share\interpreter\linkResolver.cpp, line 774]
Event: 0.980 Thread 0x000001d384900740 Exception <a 'java/lang/NoSuchMethodError'{0x00000007135684d8}: 'void java.lang.invoke.Invokers$Holder.invokeExact_MT(java.lang.Object, java.lang.Object, java.lang.Object, java.lang.Object)'> (0x00000007135684d8) 
thrown [s\open\src\hotspot\share\interpreter\linkResolver.cpp, line 774]
Event: 0.990 Thread 0x000001d384900740 Exception <a 'java/lang/NoClassDefFoundError'{0x00000007135eada8}: com/google/inject/servlet/ServletModuleTargetVisitor> (0x00000007135eada8) 
thrown [s\open\src\hotspot\share\classfile\systemDictionary.cpp, line 244]
Event: 1.013 Thread 0x000001d384900740 Exception <a 'java/lang/NoSuchMethodError'{0x0000000715976a58}: 'java.lang.Object java.lang.invoke.DirectMethodHandle$Holder.invokeStatic(java.lang.Object, java.lang.Object, int)'> (0x0000000715976a58) 
thrown [s\open\src\hotspot\share\interpreter\linkResolver.cpp, line 774]
Event: 1.013 Thread 0x000001d384900740 Exception <a 'java/lang/NoSuchMethodError'{0x000000071597bce0}: 'void java.lang.invoke.DirectMethodHandle$Holder.invokeStatic(java.lang.Object, java.lang.Object, int, java.lang.Object)'> (0x000000071597bce0) 
thrown [s\open\src\hotspot\share\interpreter\linkResolver.cpp, line 774]
Event: 1.014 Thread 0x000001d384900740 Exception <a 'java/lang/NoSuchMethodError'{0x0000000715983ca8}: 'void java.lang.invoke.DelegatingMethodHandle$Holder.delegate(java.lang.Object, java.lang.Object, int, java.lang.Object)'> (0x0000000715983ca8) 
thrown [s\open\src\hotspot\share\interpreter\linkResolver.cpp, line 774]
Event: 1.014 Thread 0x000001d384900740 Exception <a 'java/lang/NoSuchMethodError'{0x0000000715988588}: 'int java.lang.invoke.DirectMethodHandle$Holder.invokeSpecial(java.lang.Object, java.lang.Object, java.lang.Object)'> (0x0000000715988588) 
thrown [s\open\src\hotspot\share\interpreter\linkResolver.cpp, line 774]
Event: 1.032 Thread 0x000001d384900740 Exception <a 'java/lang/NoSuchMethodError'{0x00000007156d4b98}: 'java.lang.Object java.lang.invoke.DirectMethodHandle$Holder.newInvokeSpecial(java.lang.Object, java.lang.Object, java.lang.Object, java.lang.Object, java.lang.Object, java.lang.Object, java.lang.Object)'> (0x00000007156d4b98) 
thrown [s\open\src\hotspot\share\interpreter\linkResolver.cpp, line 774]
Event: 1.038 Thread 0x000001d384900740 Exception <a 'java/lang/NoSuchMethodError'{0x0000000715712098}: 'java.lang.Object java.lang.invoke.DirectMethodHandle$Holder.newInvokeSpecial(java.lang.Object, java.lang.Object, java.lang.Object, java.lang.Object, java.lang.Object, java.lang.Object, java.lang.Object, java.lang.Object, java.lang.Object)'> (0x0000000715712098) 
thrown [s\open\src\hotspot\share\interpreter\linkResolver.cpp, line 774]
Event: 1.051 Thread 0x000001d384900740 Exception <a 'java/lang/NoSuchMethodError'{0x00000007157febb0}: 'java.lang.Object java.lang.invoke.DirectMethodHandle$Holder.newInvokeSpecial(java.lang.Object, java.lang.Object, java.lang.Object, java.lang.Object, java.lang.Object, java.lang.Object, java.lang.Object, java.lang.Object, java.lang.Object, java.lang.Object, java.lang.Object, java.lang.Object)'> (0x00000007157febb0) 
thrown [s\open\src\hotspot\share\interpreter\linkResolver.cpp, line 774]
Event: 1.054 Thread 0x000001d384900740 Exception <a 'java/lang/NoSuchMethodError'{0x0000000715446ed0}: 'java.lang.Object java.lang.invoke.DirectMethodHandle$Holder.invokeStatic(java.lang.Object, java.lang.Object, java.lang.Object, java.lang.Object, java.lang.Object, java.lang.Object, java.lang.Object, java.lang.Object, java.lang.Object, java.lang.Object, java.lang.Object, java.lang.Object, java.lang.Object)'> (0x0000000715446ed0) 
thrown [s\open\src\hotspot\share\interpreter\linkResolver.cpp, line 774]
Event: 1.055 Thread 0x000001d384900740 Exception <a 'java/lang/NoSuchMethodError'{0x0000000715466970}: 'java.lang.Object java.lang.invoke.DirectMethodHandle$Holder.invokeStatic(java.lang.Object, java.lang.Object, java.lang.Object, java.lang.Object, java.lang.Object, java.lang.Object, java.lang.Object, java.lang.Object, java.lang.Object, java.lang.Object, java.lang.Object, java.lang.Object, java.lang.Object, java.lang.Object)'> (0x0000000715466970) 
thrown [s\open\src\hotspot\share\interpreter\linkResolver.cpp, line 774]
Event: 1.056 Thread 0x000001d384900740 Exception <a 'java/lang/NoSuchMethodError'{0x0000000715487df8}: 'java.lang.Object java.lang.invoke.DirectMethodHandle$Holder.invokeStatic(java.lang.Object, java.lang.Object, java.lang.Object, java.lang.Object, java.lang.Object, java.lang.Object, java.lang.Object, java.lang.Object, java.lang.Object, java.lang.Object, java.lang.Object, java.lang.Object, java.lang.Object, java.lang.Object, java.lang.Object)'> (0x0000000715487df8) 
thrown [s\open\src\hotspot\share\interpreter\linkResolver.cpp, line 774]
Event: 1.069 Thread 0x000001d384900740 Exception <a 'java/lang/NoSuchMethodError'{0x00000007154ffb20}: 'java.lang.Object java.lang.invoke.DirectMethodHandle$Holder.invokeStaticInit(java.lang.Object, int, int, int, int)'> (0x00000007154ffb20) 
thrown [s\open\src\hotspot\share\interpreter\linkResolver.cpp, line 774]
Event: 1.128 Thread 0x000001d384900740 Implicit null exception at 0x000001d39446bef2 to 0x000001d39446c3f0
Event: 1.128 Thread 0x000001d384900740 Implicit null exception at 0x000001d3944448f2 to 0x000001d394444de4
Event: 1.136 Thread 0x000001d384900740 Implicit null exception at 0x000001d3944bb4a0 to 0x000001d3944bb664

VM Operations (20 events):
Event: 0.930 Executing VM operation: HandshakeAllThreads
Event: 0.930 Executing VM operation: HandshakeAllThreads done
Event: 0.955 Executing VM operation: HandshakeAllThreads
Event: 0.955 Executing VM operation: HandshakeAllThreads done
Event: 0.976 Executing VM operation: HandshakeAllThreads
Event: 0.976 Executing VM operation: HandshakeAllThreads done
Event: 0.992 Executing VM operation: G1CollectForAllocation
Event: 0.996 Executing VM operation: G1CollectForAllocation done
Event: 1.013 Executing VM operation: HandshakeAllThreads
Event: 1.013 Executing VM operation: HandshakeAllThreads done
Event: 1.061 Executing VM operation: HandshakeAllThreads
Event: 1.061 Executing VM operation: HandshakeAllThreads done
Event: 1.080 Executing VM operation: HandshakeAllThreads
Event: 1.080 Executing VM operation: HandshakeAllThreads done
Event: 1.096 Executing VM operation: HandshakeAllThreads
Event: 1.096 Executing VM operation: HandshakeAllThreads done
Event: 1.117 Executing VM operation: HandshakeAllThreads
Event: 1.117 Executing VM operation: HandshakeAllThreads done
Event: 1.117 Executing VM operation: HandshakeAllThreads
Event: 1.117 Executing VM operation: HandshakeAllThreads done

Events (20 events):
Event: 0.021 Thread 0x000001d3a8548e60 Thread added: 0x000001d3a8548e60
Event: 0.021 Thread 0x000001d3a854c2a0 Thread added: 0x000001d3a854c2a0
Event: 0.021 Thread 0x000001d3a8558110 Thread added: 0x000001d3a8558110
Event: 0.021 Thread 0x000001d3a8558d70 Thread added: 0x000001d3a8558d70
Event: 0.021 Thread 0x000001d3a8559e80 Thread added: 0x000001d3a8559e80
Event: 0.021 Thread 0x000001d3a855cfa0 Thread added: 0x000001d3a855cfa0
Event: 0.034 Thread 0x000001d3a8518300 Thread added: 0x000001d3a8518300
Event: 0.039 Thread 0x000001d3a856df10 Thread added: 0x000001d3a856df10
Event: 0.040 Thread 0x000001d3a856e490 Thread added: 0x000001d3a856e490
Event: 0.040 Thread 0x000001d3a856ea10 Thread added: 0x000001d3a856ea10
Event: 0.063 Thread 0x000001d3ac9bc860 Thread added: 0x000001d3ac9bc860
Event: 0.064 Thread 0x000001d3ac9be290 Thread added: 0x000001d3ac9be290
Event: 0.394 Thread 0x000001d3accff050 Thread added: 0x000001d3accff050
Event: 0.555 Thread 0x000001d3ad418690 Thread added: 0x000001d3ad418690
Event: 0.566 Thread 0x000001d3ad419cd0 Thread added: 0x000001d3ad419cd0
Event: 0.566 Thread 0x000001d3ad419740 Thread added: 0x000001d3ad419740
Event: 0.576 Thread 0x000001d3ad418100 Thread added: 0x000001d3ad418100
Event: 0.576 Thread 0x000001d3ad41ad80 Thread added: 0x000001d3ad41ad80
Event: 0.576 Thread 0x000001d3ad418c20 Thread added: 0x000001d3ad418c20
Event: 0.936 Thread 0x000001d3ad418c20 Thread exited: 0x000001d3ad418c20


Dynamic libraries:
0x00007ff667840000 - 0x00007ff667850000 	C:\Program Files\Java\jdk-19\bin\java.exe
0x00007ffc7c0f0000 - 0x00007ffc7c307000 	C:\WINDOWS\SYSTEM32\ntdll.dll
0x00007ffc7b6a0000 - 0x00007ffc7b764000 	C:\WINDOWS\System32\KERNEL32.DLL
0x00007ffc79420000 - 0x00007ffc797da000 	C:\WINDOWS\System32\KERNELBASE.dll
0x00007ffc79920000 - 0x00007ffc79a31000 	C:\WINDOWS\System32\ucrtbase.dll
0x00007ffc67350000 - 0x00007ffc67368000 	C:\Program Files\Java\jdk-19\bin\jli.dll
0x00007ffc67110000 - 0x00007ffc6712b000 	C:\Program Files\Java\jdk-19\bin\VCRUNTIME140.dll
0x00007ffc7b770000 - 0x00007ffc7b822000 	C:\WINDOWS\System32\ADVAPI32.dll
0x00007ffc7b8e0000 - 0x00007ffc7b987000 	C:\WINDOWS\System32\msvcrt.dll
0x00007ffc7a180000 - 0x00007ffc7a227000 	C:\WINDOWS\System32\sechost.dll
0x00007ffc79a70000 - 0x00007ffc79a98000 	C:\WINDOWS\System32\bcrypt.dll
0x00007ffc79db0000 - 0x00007ffc79ec4000 	C:\WINDOWS\System32\RPCRT4.dll
0x00007ffc7bd30000 - 0x00007ffc7bede000 	C:\WINDOWS\System32\USER32.dll
0x00007ffc79a40000 - 0x00007ffc79a66000 	C:\WINDOWS\System32\win32u.dll
0x00007ffc68040000 - 0x00007ffc682d2000 	C:\WINDOWS\WinSxS\amd64_microsoft.windows.common-controls_6595b64144ccf1df_6.0.22621.4541_none_2710d1c57384c085\COMCTL32.dll
0x00007ffc7a150000 - 0x00007ffc7a179000 	C:\WINDOWS\System32\GDI32.dll
0x00007ffc79c90000 - 0x00007ffc79dab000 	C:\WINDOWS\System32\gdi32full.dll
0x00007ffc79380000 - 0x00007ffc7941a000 	C:\WINDOWS\System32\msvcp_win.dll
0x00007ffc70d40000 - 0x00007ffc70d4a000 	C:\WINDOWS\SYSTEM32\VERSION.dll
0x00007ffc7a700000 - 0x00007ffc7a731000 	C:\WINDOWS\System32\IMM32.DLL
0x00007ffc67430000 - 0x00007ffc6743c000 	C:\Program Files\Java\jdk-19\bin\vcruntime140_1.dll
0x00007ffc3a2e0000 - 0x00007ffc3a36e000 	C:\Program Files\Java\jdk-19\bin\msvcp140.dll
0x00007ffbeeff0000 - 0x00007ffbefcb0000 	C:\Program Files\Java\jdk-19\bin\server\jvm.dll
0x00007ffc71370000 - 0x00007ffc713a4000 	C:\WINDOWS\SYSTEM32\WINMM.dll
0x00007ffc73270000 - 0x00007ffc73279000 	C:\WINDOWS\SYSTEM32\WSOCK32.dll
0x00007ffc7a670000 - 0x00007ffc7a6e1000 	C:\WINDOWS\System32\WS2_32.dll
0x00007ffc784b0000 - 0x00007ffc784c8000 	C:\WINDOWS\SYSTEM32\kernel.appcore.dll
0x00007ffc65bf0000 - 0x00007ffc65bfa000 	C:\Program Files\Java\jdk-19\bin\jimage.dll
0x00007ffc76b80000 - 0x00007ffc76db2000 	C:\WINDOWS\SYSTEM32\DBGHELP.DLL
0x00007ffc7b990000 - 0x00007ffc7bd21000 	C:\WINDOWS\System32\combase.dll
0x00007ffc79ed0000 - 0x00007ffc79fa7000 	C:\WINDOWS\System32\OLEAUT32.dll
0x00007ffc6cad0000 - 0x00007ffc6cb02000 	C:\WINDOWS\SYSTEM32\dbgcore.DLL
0x00007ffc79aa0000 - 0x00007ffc79b1b000 	C:\WINDOWS\System32\bcryptPrimitives.dll
0x00007ffc56140000 - 0x00007ffc5614e000 	C:\Program Files\Java\jdk-19\bin\instrument.dll
0x00007ffc55290000 - 0x00007ffc552b6000 	C:\Program Files\Java\jdk-19\bin\java.dll
0x00007ffc31260000 - 0x00007ffc31337000 	C:\Program Files\Java\jdk-19\bin\jsvml.dll
0x00007ffc7ada0000 - 0x00007ffc7b619000 	C:\WINDOWS\System32\SHELL32.dll
0x00007ffc77290000 - 0x00007ffc77b99000 	C:\WINDOWS\SYSTEM32\windows.storage.dll
0x00007ffc77150000 - 0x00007ffc7728f000 	C:\WINDOWS\SYSTEM32\wintypes.dll
0x00007ffc7bf80000 - 0x00007ffc7c07a000 	C:\WINDOWS\System32\SHCORE.dll
0x00007ffc7a610000 - 0x00007ffc7a66e000 	C:\WINDOWS\System32\shlwapi.dll
0x00007ffc792b0000 - 0x00007ffc792db000 	C:\WINDOWS\SYSTEM32\profapi.dll
0x00007ffc51f70000 - 0x00007ffc51f88000 	C:\Program Files\Java\jdk-19\bin\zip.dll
0x00007ffc57ac0000 - 0x00007ffc57ad3000 	C:\Program Files\Java\jdk-19\bin\net.dll
0x00007ffc74dd0000 - 0x00007ffc74f06000 	C:\WINDOWS\SYSTEM32\WINHTTP.dll
0x00007ffc78930000 - 0x00007ffc78999000 	C:\WINDOWS\system32\mswsock.dll
0x00007ffc520b0000 - 0x00007ffc520c6000 	C:\Program Files\Java\jdk-19\bin\nio.dll
0x00007ffc48010000 - 0x00007ffc4802a000 	C:\Program Files\JetBrains\IntelliJ IDEA 2022.1.2\bin\breakgen64.dll
0x00007ffc65be0000 - 0x00007ffc65be8000 	C:\Program Files\Java\jdk-19\bin\extnet.dll
0x0000000069ac0000 - 0x0000000069ae4000 	C:\Users\99293\AppData\Local\Temp\jansi-2.4.0-e4617df0006b479e-jansi.dll
0x00007ffc57e30000 - 0x00007ffc57e40000 	C:\Program Files\Java\jdk-19\bin\verify.dll

dbghelp: loaded successfully - version: 4.0.5 - missing functions: none
symbol engine: initialized successfully - sym options: 0x614 - pdb path: .;C:\Program Files\Java\jdk-19\bin;C:\WINDOWS\SYSTEM32;C:\WINDOWS\WinSxS\amd64_microsoft.windows.common-controls_6595b64144ccf1df_6.0.22621.4541_none_2710d1c57384c085;C:\Program Files\Java\jdk-19\bin\server;C:\Program Files\JetBrains\IntelliJ IDEA 2022.1.2\bin;C:\Users\99293\AppData\Local\Temp

VM Arguments:
jvm_args: -Dmaven.multiModuleProjectDirectory=D:\unitedStates duplicates original -Dmaven.home=C:\Users\99293\.m2\wrapper\dists\apache-maven-3.8.6-bin\1ks0nkde5v1pk9vtc31i9d0lcd\apache-maven-3.8.6 -Dclassworlds.conf=C:\Users\99293\.m2\wrapper\dists\apache-maven-3.8.6-bin\1ks0nkde5v1pk9vtc31i9d0lcd\apache-maven-3.8.6\bin\m2.conf -Dmaven.ext.class.path=C:\Program Files\JetBrains\IntelliJ IDEA 2022.1.2\plugins\maven\lib\maven-event-listener.jar -javaagent:C:\Program Files\JetBrains\IntelliJ IDEA 2022.1.2\lib\idea_rt.jar=58976:C:\Program Files\JetBrains\IntelliJ IDEA 2022.1.2\bin -Dfile.encoding=UTF-8 
java_command: org.codehaus.classworlds.Launcher -Didea.version=2022.1.2 package
java_class_path (initial): C:\Users\99293\.m2\wrapper\dists\apache-maven-3.8.6-bin\1ks0nkde5v1pk9vtc31i9d0lcd\apache-maven-3.8.6\boot\plexus-classworlds-2.6.0.jar;C:\Users\99293\.m2\wrapper\dists\apache-maven-3.8.6-bin\1ks0nkde5v1pk9vtc31i9d0lcd\apache-maven-3.8.6\boot\plexus-classworlds.license
Launcher Type: SUN_STANDARD

[Global flags]
     intx CICompilerCount                          = 12                                        {product} {ergonomic}
     uint ConcGCThreads                            = 3                                         {product} {ergonomic}
     uint G1ConcRefinementThreads                  = 13                                        {product} {ergonomic}
   size_t G1HeapRegionSize                         = 2097152                                   {product} {ergonomic}
    uintx GCDrainStackTargetSize                   = 64                                        {product} {ergonomic}
   size_t InitialHeapSize                          = 264241152                                 {product} {ergonomic}
   size_t MarkStackSize                            = 4194304                                   {product} {ergonomic}
   size_t MaxHeapSize                              = 4196401152                                {product} {ergonomic}
   size_t MaxNewSize                               = 2516582400                                {product} {ergonomic}
   size_t MinHeapDeltaBytes                        = 2097152                                   {product} {ergonomic}
   size_t MinHeapSize                              = 8388608                                   {product} {ergonomic}
    uintx NonNMethodCodeHeapSize                   = 7602480                                {pd product} {ergonomic}
    uintx NonProfiledCodeHeapSize                  = 122027880                              {pd product} {ergonomic}
    uintx ProfiledCodeHeapSize                     = 122027880                              {pd product} {ergonomic}
    uintx ReservedCodeCacheSize                    = 251658240                              {pd product} {ergonomic}
     bool SegmentedCodeCache                       = true                                      {product} {ergonomic}
   size_t SoftMaxHeapSize                          = 4196401152                             {manageable} {ergonomic}
     bool UseCompressedClassPointers               = true                           {product lp64_product} {ergonomic}
     bool UseCompressedOops                        = true                           {product lp64_product} {ergonomic}
     bool UseG1GC                                  = true                                      {product} {ergonomic}
     bool UseLargePagesIndividualAllocation        = false                                  {pd product} {ergonomic}

Logging:
Log output configuration:
 #0: stdout all=warning uptime,level,tags foldmultilines=false
 #1: stderr all=off uptime,level,tags foldmultilines=false

Environment Variables:
JAVA_HOME=C:\Program Files\Java\jdk-19
PATH=C:\Program Files\Common Files\Oracle\Java\javapath;C:\Windows\system32;C:\Windows;C:\Windows\System32\Wbem;C:\Windows\System32\WindowsPowerShell\v1.0\;C:\Windows\System32\OpenSSH\;C:\Program Files (x86)\NVIDIA Corporation\PhysX\Common;C:\Program Files\NVIDIA Corporation\NVIDIA NvDLISR;C:\Program Files (x86)\dotnet\;C:\WINDOWS\system32;C:\WINDOWS;C:\WINDOWS\System32\Wbem;C:\WINDOWS\System32\WindowsPowerShell\v1.0\;C:\WINDOWS\System32\OpenSSH\;C:\Program Files\Java\jdk-19\bin;C:\Program Files\Git\cmd;C:\Users\99293\AppData\Local\Programs\Python\Python311\Scripts\;C:\Users\99293\AppData\Local\Programs\Python\Python311\;C:\Users\99293\AppData\Local\Microsoft\WindowsApps;;C:\Program Files\JetBrains\IntelliJ IDEA 2022.1.2\bin;;C:\Program Files\heroku\bin
USERNAME=ASUS
OS=Windows_NT
PROCESSOR_IDENTIFIER=Intel64 Family 6 Model 154 Stepping 3, GenuineIntel
TMP=C:\Users\99293\AppData\Local\Temp
TEMP=C:\Users\99293\AppData\Local\Temp



---------------  S Y S T E M  ---------------

OS:
 Windows 11 , 64 bit Build 22621 (10.0.22621.4391)
OS uptime: 0 days 0:53 hours
Hyper-V role detected

CPU: total 16 (initial active 16) (8 cores per cpu, 2 threads per core) family 6 model 154 stepping 3 microcode 0x429, cx8, cmov, fxsr, ht, mmx, 3dnowpref, sse, sse2, sse3, ssse3, sse4.1, sse4.2, popcnt, lzcnt, tsc, tscinvbit, avx, avx2, aes, erms, clmul, bmi1, bmi2, adx, sha, fma, vzeroupper, clflush, clflushopt, clwb, hv, serialize, rdtscp, rdpid, fsrm

Memory: 4k page, system-wide physical 16004M (2342M free)
TotalPageFile size 18052M (AvailPageFile size 0M)
current process WorkingSet (physical memory assigned to process): 138M, peak: 138M
current process commit charge ("private bytes"): 407M, peak: 407M

vm_info: Java HotSpot(TM) 64-Bit Server VM (19.0.2+7-44) for windows-amd64 JRE (19.0.2+7-44), built on 2022-11-30T18:02:09Z by "mach5one" with MS VC++ 17.1 (VS2022)

END.
