#
# There is insufficient memory for the Java Runtime Environment to continue.
# Native memory allocation (malloc) failed to allocate 1048576 bytes for AllocateHeap
# Possible reasons:
#   The system is out of physical RAM or swap space
#   The process is running with CompressedOops enabled, and the Java Heap may be blocking the growth of the native heap
# Possible solutions:
#   Reduce memory load on the system
#   Increase physical memory or swap space
#   Check if swap backing store is full
#   Decrease Java heap size (-Xmx/-Xms)
#   Decrease number of Java threads
#   Decrease Java thread stack sizes (-Xss)
#   Set larger code cache with -XX:ReservedCodeCacheSize=
#   JVM is running with Unscaled Compressed Oops mode in which the Java heap is
#     placed in the first 4GB address space. The Java Heap base address is the
#     maximum limit for the native heap growth. Please use -XX:HeapBaseMinAddress
#     to set the Java Heap base and to place the Java Heap above 4GB virtual address.
# This output file may be truncated or incomplete.
#
#  Out of Memory Error (allocation.cpp:44), pid=18340, tid=8988
#
# JRE version:  (19.0.2+7) (build )
# Java VM: Java HotSpot(TM) 64-Bit Server VM (19.0.2+7-44, mixed mode, sharing, tiered, compressed oops, compressed class ptrs, g1 gc, windows-amd64)
# No core dump will be written. Minidumps are not enabled by default on client versions of Windows
#

---------------  S U M M A R Y ------------

Command Line: C:\Users\99293\AppData\Local\Temp\surefire11712263805371465671\surefirebooter16263791615547498972.jar C:\Users\99293\AppData\Local\Temp\surefire11712263805371465671 2024-05-03T15-08-36_026-jvmRun1 surefire6737112725714584303tmp surefire_06656217131045406113tmp

Host: 12th Gen Intel(R) Core(TM) i7-12650H, 16 cores, 15G,  Windows 11 , 64 bit Build 22621 (10.0.22621.3374)
Time: Fri May  3 15:08:36 2024  Windows 11 , 64 bit Build 22621 (10.0.22621.3374) elapsed time: 0.006991 seconds (0d 0h 0m 0s)

---------------  T H R E A D  ---------------

Current thread (0x0000019146a2bcd0):  JavaThread "Unknown thread" [_thread_in_vm, id=8988, stack(0x0000001ed8600000,0x0000001ed8700000)]

Stack: [0x0000001ed8600000,0x0000001ed8700000]
Native frames: (J=compiled Java code, j=interpreted, Vv=VM code, C=native code)
V  [jvm.dll+0x6ee21a]
V  [jvm.dll+0x85765e]
V  [jvm.dll+0x85904e]
V  [jvm.dll+0x859703]
V  [jvm.dll+0x28298f]
V  [jvm.dll+0xc406b]
V  [jvm.dll+0x32a5d9]
V  [jvm.dll+0x82174b]
V  [jvm.dll+0x3c2661]
V  [jvm.dll+0x801f51]
V  [jvm.dll+0x44ae8f]
V  [jvm.dll+0x44c811]
C  [jli.dll+0x5287]
C  [ucrtbase.dll+0x29333]
C  [KERNEL32.DLL+0x1257d]
C  [ntdll.dll+0x5aa48]


---------------  P R O C E S S  ---------------

Threads class SMR info:
_java_thread_list=0x00007ff92dc0d048, length=0, elements={
}

Java Threads: ( => current thread )

Other Threads:

=>0x0000019146a2bcd0 (exited) JavaThread "Unknown thread" [_thread_in_vm, id=8988, stack(0x0000001ed8600000,0x0000001ed8700000)]

Threads with active compile tasks:

VM state: not at safepoint (not fully initialized)

VM Mutex/Monitor currently owned by a thread: None

Heap address: 0x0000000000000000, size: 0 MB, Compressed Oops mode: 32-bit

CDS archive(s) mapped at: [0x0000000000000000-0x0000000000000000-0x0000000000000000), size 0, SharedBaseAddress: 0x0000000800000000, ArchiveRelocationMode: 0.
Narrow klass base: 0x0000000000000000, Narrow klass shift: 0, Narrow klass range: 0x0

GC Precious Log:
 CardTable entry size: 512
 Card Set container configuration: InlinePtr #cards 4 size 8 Array Of Cards #cards 16 size 48 Howl #buckets 8 coarsen threshold 3686 Howl Bitmap #cards 512 size 80 coarsen threshold 460 Card regions per heap region 1 cards per card region 4096

GC Heap History (0 events):
No events

Dll operation events (1 events):
Event: 0.004 Loaded shared library C:\Program Files\Java\jdk-19\bin\java.dll

Deoptimization events (0 events):
No events

Classes loaded (0 events):
No events

Classes unloaded (0 events):
No events

Classes redefined (0 events):
No events

Internal exceptions (0 events):
No events

VM Operations (0 events):
No events

Events (0 events):
No events


Dynamic libraries:
0x00007ff7786b0000 - 0x00007ff7786c0000 	C:\Program Files\Java\jdk-19\bin\java.exe
0x00007ff9ba3b0000 - 0x00007ff9ba5c6000 	C:\WINDOWS\SYSTEM32\ntdll.dll
0x00007ff9b9480000 - 0x00007ff9b9544000 	C:\WINDOWS\System32\KERNEL32.DLL
0x00007ff9b77f0000 - 0x00007ff9b7b97000 	C:\WINDOWS\System32\KERNELBASE.dll
0x00007ff9b7db0000 - 0x00007ff9b7ec1000 	C:\WINDOWS\System32\ucrtbase.dll
0x00007ff9a24d0000 - 0x00007ff9a24e8000 	C:\Program Files\Java\jdk-19\bin\jli.dll
0x00007ff9b8e10000 - 0x00007ff9b8ec2000 	C:\WINDOWS\System32\ADVAPI32.dll
0x00007ff9a1f50000 - 0x00007ff9a1f6b000 	C:\Program Files\Java\jdk-19\bin\VCRUNTIME140.dll
0x00007ff9b9380000 - 0x00007ff9b9427000 	C:\WINDOWS\System32\msvcrt.dll
0x00007ff9b8ed0000 - 0x00007ff9b8f78000 	C:\WINDOWS\System32\sechost.dll
0x00007ff9b8080000 - 0x00007ff9b80a8000 	C:\WINDOWS\System32\bcrypt.dll
0x00007ff9b9ce0000 - 0x00007ff9b9df5000 	C:\WINDOWS\System32\RPCRT4.dll
0x00007ff9ba190000 - 0x00007ff9ba33e000 	C:\WINDOWS\System32\USER32.dll
0x00007ff9b76a0000 - 0x00007ff9b76c6000 	C:\WINDOWS\System32\win32u.dll
0x00007ff999a60000 - 0x00007ff999cf3000 	C:\WINDOWS\WinSxS\amd64_microsoft.windows.common-controls_6595b64144ccf1df_6.0.22621.3235_none_270f74e173860f98\COMCTL32.dll
0x00007ff9ba160000 - 0x00007ff9ba189000 	C:\WINDOWS\System32\GDI32.dll
0x00007ff9b76d0000 - 0x00007ff9b77e9000 	C:\WINDOWS\System32\gdi32full.dll
0x00007ff9b7ba0000 - 0x00007ff9b7c3a000 	C:\WINDOWS\System32\msvcp_win.dll
0x00007ff9aeeb0000 - 0x00007ff9aeeba000 	C:\WINDOWS\SYSTEM32\VERSION.dll
0x00007ff9b9440000 - 0x00007ff9b9471000 	C:\WINDOWS\System32\IMM32.DLL
0x00007ff9af450000 - 0x00007ff9af45c000 	C:\Program Files\Java\jdk-19\bin\vcruntime140_1.dll
0x00007ff9a1a70000 - 0x00007ff9a1afe000 	C:\Program Files\Java\jdk-19\bin\msvcp140.dll
0x00007ff92d090000 - 0x00007ff92dd50000 	C:\Program Files\Java\jdk-19\bin\server\jvm.dll
0x00007ff9af190000 - 0x00007ff9af199000 	C:\WINDOWS\SYSTEM32\WSOCK32.dll
0x00007ff9af3b0000 - 0x00007ff9af3e4000 	C:\WINDOWS\SYSTEM32\WINMM.dll
0x00007ff9b97e0000 - 0x00007ff9b9851000 	C:\WINDOWS\System32\WS2_32.dll
0x00007ff9b67d0000 - 0x00007ff9b67e8000 	C:\WINDOWS\SYSTEM32\kernel.appcore.dll
0x00007ff9a2a70000 - 0x00007ff9a2a7a000 	C:\Program Files\Java\jdk-19\bin\jimage.dll
0x00007ff9b4f10000 - 0x00007ff9b5143000 	C:\WINDOWS\SYSTEM32\DBGHELP.DLL
0x00007ff9b8fe0000 - 0x00007ff9b9368000 	C:\WINDOWS\System32\combase.dll
0x00007ff9b8d30000 - 0x00007ff9b8e07000 	C:\WINDOWS\System32\OLEAUT32.dll
0x00007ff9acee0000 - 0x00007ff9acf12000 	C:\WINDOWS\SYSTEM32\dbgcore.DLL
0x00007ff9b7ed0000 - 0x00007ff9b7f49000 	C:\WINDOWS\System32\bcryptPrimitives.dll
0x00007ff9a1900000 - 0x00007ff9a1926000 	C:\Program Files\Java\jdk-19\bin\java.dll

dbghelp: loaded successfully - version: 4.0.5 - missing functions: none
symbol engine: initialized successfully - sym options: 0x614 - pdb path: .;C:\Program Files\Java\jdk-19\bin;C:\WINDOWS\SYSTEM32;C:\WINDOWS\WinSxS\amd64_microsoft.windows.common-controls_6595b64144ccf1df_6.0.22621.3235_none_270f74e173860f98;C:\Program Files\Java\jdk-19\bin\server

VM Arguments:
java_command: C:\Users\99293\AppData\Local\Temp\surefire11712263805371465671\surefirebooter16263791615547498972.jar C:\Users\99293\AppData\Local\Temp\surefire11712263805371465671 2024-05-03T15-08-36_026-jvmRun1 surefire6737112725714584303tmp surefire_06656217131045406113tmp
java_class_path (initial): C:\Users\99293\AppData\Local\Temp\surefire11712263805371465671\surefirebooter16263791615547498972.jar
Launcher Type: SUN_STANDARD

[Global flags]
     intx CICompilerCount                          = 12                                        {product} {ergonomic}
     uint ConcGCThreads                            = 3                                         {product} {ergonomic}
     uint G1ConcRefinementThreads                  = 13                                        {product} {ergonomic}
   size_t G1HeapRegionSize                         = 2097152                                   {product} {ergonomic}
    uintx GCDrainStackTargetSize                   = 64                                        {product} {ergonomic}
   size_t InitialHeapSize                          = 264241152                                 {product} {ergonomic}
   size_t MarkStackSize                            = 4194304                                   {product} {ergonomic}
   size_t MaxHeapSize                              = 4196401152                                {product} {ergonomic}
   size_t MinHeapDeltaBytes                        = 2097152                                   {product} {ergonomic}
   size_t MinHeapSize                              = 8388608                                   {product} {ergonomic}
    uintx NonNMethodCodeHeapSize                   = 7602480                                {pd product} {ergonomic}
    uintx NonProfiledCodeHeapSize                  = 122027880                              {pd product} {ergonomic}
    uintx ProfiledCodeHeapSize                     = 122027880                              {pd product} {ergonomic}
    uintx ReservedCodeCacheSize                    = 251658240                              {pd product} {ergonomic}
     bool SegmentedCodeCache                       = true                                      {product} {ergonomic}
   size_t SoftMaxHeapSize                          = 4196401152                             {manageable} {ergonomic}
     bool UseCompressedClassPointers               = true                           {product lp64_product} {ergonomic}
     bool UseCompressedOops                        = true                           {product lp64_product} {ergonomic}
     bool UseG1GC                                  = true                                      {product} {ergonomic}
     bool UseLargePagesIndividualAllocation        = false                                  {pd product} {ergonomic}

Logging:
Log output configuration:
 #0: stdout all=warning uptime,level,tags foldmultilines=false
 #1: stderr all=off uptime,level,tags foldmultilines=false

Environment Variables:
PATH=C:\Program Files\Common Files\Oracle\Java\javapath;C:\Windows\system32;C:\Windows;C:\Windows\System32\Wbem;C:\Windows\System32\WindowsPowerShell\v1.0\;C:\Windows\System32\OpenSSH\;C:\Program Files (x86)\NVIDIA Corporation\PhysX\Common;C:\Program Files\NVIDIA Corporation\NVIDIA NvDLISR;C:\Program Files\Git\cmd;C:\Program Files (x86)\dotnet\;%SystemRoot%\system32;%SystemRoot%;%SystemRoot%\System32\Wbem;%SYSTEMROOT%\System32\WindowsPowerShell\v1.0\;%SYSTEMROOT%\System32\OpenSSH\;C:\Users\99293\AppData\Local\Programs\Python\Python311\Scripts\;C:\Users\99293\AppData\Local\Programs\Python\Python311\;C:\Users\99293\AppData\Local\Microsoft\WindowsApps;;C:\Program Files\JetBrains\IntelliJ IDEA 2022.1.2\bin;;C:\Program Files\heroku\bin
USERNAME=ASUS
OS=Windows_NT
PROCESSOR_IDENTIFIER=Intel64 Family 6 Model 154 Stepping 3, GenuineIntel
TMP=C:\Users\99293\AppData\Local\Temp
TEMP=C:\Users\99293\AppData\Local\Temp



---------------  S Y S T E M  ---------------

OS:
 Windows 11 , 64 bit Build 22621 (10.0.22621.3374)
OS uptime: 2 days 16:13 hours
Hyper-V role detected

CPU: total 16 (initial active 16) (8 cores per cpu, 2 threads per core) family 6 model 154 stepping 3 microcode 0x41c, cx8, cmov, fxsr, ht, mmx, 3dnowpref, sse, sse2, sse3, ssse3, sse4.1, sse4.2, popcnt, lzcnt, tsc, tscinvbit, avx, avx2, aes, erms, clmul, bmi1, bmi2, adx, sha, fma, vzeroupper, clflush, clflushopt, clwb, hv, serialize, rdtscp, rdpid, fsrm

Memory: 4k page, system-wide physical 16005M (3098M free)
TotalPageFile size 18053M (AvailPageFile size 11M)
current process WorkingSet (physical memory assigned to process): 10M, peak: 10M
current process commit charge ("private bytes"): 16M, peak: 17M

vm_info: Java HotSpot(TM) 64-Bit Server VM (19.0.2+7-44) for windows-amd64 JRE (19.0.2+7-44), built on 2022-11-30T18:02:09Z by "mach5one" with MS VC++ 17.1 (VS2022)

END.
