#
# There is insufficient memory for the Java Runtime Environment to continue.
# Native memory allocation (mmap) failed to map 65536 bytes for Failed to commit metaspace.
# Possible reasons:
#   The system is out of physical RAM or swap space
#   The process is running with CompressedOops enabled, and the Java Heap may be blocking the growth of the native heap
# Possible solutions:
#   Reduce memory load on the system
#   Increase physical memory or swap space
#   Check if swap backing store is full
#   Decrease Java heap size (-Xmx/-Xms)
#   Decrease number of Java threads
#   Decrease Java thread stack sizes (-Xss)
#   Set larger code cache with -XX:ReservedCodeCacheSize=
#   JVM is running with Zero Based Compressed Oops mode in which the Java heap is
#     placed in the first 32GB address space. The Java Heap base address is the
#     maximum limit for the native heap growth. Please use -XX:HeapBaseMinAddress
#     to set the Java Heap base and to place the Java Heap above 32GB virtual address.
# This output file may be truncated or incomplete.
#
#  Out of Memory Error (virtualSpaceNode.cpp:110), pid=21624, tid=7432
#
# JRE version: Java(TM) SE Runtime Environment (19.0.2+7) (build 19.0.2+7-44)
# Java VM: Java HotSpot(TM) 64-Bit Server VM (19.0.2+7-44, mixed mode, sharing, tiered, compressed oops, compressed class ptrs, g1 gc, windows-amd64)
# No core dump will be written. Minidumps are not enabled by default on client versions of Windows
#

---------------  S U M M A R Y ------------

Command Line: C:\Users\99293\AppData\Local\Temp\surefire5930810445287003752\surefirebooter10821965222354926781.jar C:\Users\99293\AppData\Local\Temp\surefire5930810445287003752 2023-09-15T17-26-59_056-jvmRun1 surefire9930792598141167026tmp surefire_09963075848026597326tmp

Host: 12th Gen Intel(R) Core(TM) i7-12650H, 16 cores, 15G,  Windows 11 , 64 bit Build 22621 (10.0.22621.2070)
Time: Fri Sep 15 17:26:59 2023  Windows 11 , 64 bit Build 22621 (10.0.22621.2070) elapsed time: 0.128605 seconds (0d 0h 0m 0s)

---------------  T H R E A D  ---------------

Current thread (0x00000208fdcc7b50):  JavaThread "main" [_thread_in_vm, id=7432, stack(0x0000002e0cd00000,0x0000002e0ce00000)]

Stack: [0x0000002e0cd00000,0x0000002e0ce00000]
Native frames: (J=compiled Java code, j=interpreted, Vv=VM code, C=native code)
V  [jvm.dll+0x6ee21a]
V  [jvm.dll+0x85765e]
V  [jvm.dll+0x85904e]
V  [jvm.dll+0x859703]
V  [jvm.dll+0x28298f]
V  [jvm.dll+0x8532db]
V  [jvm.dll+0x692cb6]
V  [jvm.dll+0x692d1a]
V  [jvm.dll+0x695613]
V  [jvm.dll+0x6954de]
V  [jvm.dll+0x6936de]
V  [jvm.dll+0x6a4c39]
V  [jvm.dll+0x69dfb4]
V  [jvm.dll+0x3daab1]
C  0x000002088f30e8ab

Java frames: (J=compiled Java code, j=interpreted, Vv=VM code)
j  java.util.regex.Pattern.bitsOrSingle(Ljava/util/regex/Pattern$BitClass;I)Ljava/util/regex/Pattern$CharPredicate;+0 java.base@19.0.2
j  java.util.regex.Pattern.range(Ljava/util/regex/Pattern$BitClass;)Ljava/util/regex/Pattern$CharPredicate;+258 java.base@19.0.2
j  java.util.regex.Pattern.clazz(Z)Ljava/util/regex/Pattern$CharPredicate;+417 java.base@19.0.2
j  java.util.regex.Pattern.sequence(Ljava/util/regex/Pattern$Node;)Ljava/util/regex/Pattern$Node;+213 java.base@19.0.2
j  java.util.regex.Pattern.expr(Ljava/util/regex/Pattern$Node;)Ljava/util/regex/Pattern$Node;+12 java.base@19.0.2
j  java.util.regex.Pattern.group0()Ljava/util/regex/Pattern$Node;+338 java.base@19.0.2
j  java.util.regex.Pattern.sequence(Ljava/util/regex/Pattern$Node;)Ljava/util/regex/Pattern$Node;+137 java.base@19.0.2
j  java.util.regex.Pattern.expr(Ljava/util/regex/Pattern$Node;)Ljava/util/regex/Pattern$Node;+12 java.base@19.0.2
j  java.util.regex.Pattern.compile()V+222 java.base@19.0.2
j  java.util.regex.Pattern.<init>(Ljava/lang/String;I)V+108 java.base@19.0.2
j  java.util.regex.Pattern.compile(Ljava/lang/String;)Ljava/util/regex/Pattern;+6 java.base@19.0.2
j  sun.util.locale.provider.LocaleResources.<clinit>()V+29 java.base@19.0.2
v  ~StubRoutines::call_stub 0x000002088f2f100e
j  sun.util.locale.provider.JRELocaleProviderAdapter.getLocaleResources(Ljava/util/Locale;)Lsun/util/locale/provider/LocaleResources;+18 java.base@19.0.2
j  sun.util.cldr.CLDRCalendarDataProviderImpl.findValue(Ljava/lang/String;Ljava/util/Locale;)I+60 java.base@19.0.2
j  sun.util.cldr.CLDRCalendarDataProviderImpl.getFirstDayOfWeek(Ljava/util/Locale;)I+3 java.base@19.0.2
j  sun.util.locale.provider.CalendarDataUtility$CalendarWeekParameterGetter.getObject(Ljava/util/spi/CalendarDataProvider;Ljava/util/Locale;Ljava/lang/String;[Ljava/lang/Object;)Ljava/lang/Integer;+114 java.base@19.0.2
j  sun.util.locale.provider.CalendarDataUtility$CalendarWeekParameterGetter.getObject(Ljava/util/spi/LocaleServiceProvider;Ljava/util/Locale;Ljava/lang/String;[Ljava/lang/Object;)Ljava/lang/Object;+9 java.base@19.0.2
j  sun.util.locale.provider.LocaleServiceProviderPool.getLocalizedObjectImpl(Lsun/util/locale/provider/LocaleServiceProviderPool$LocalizedObjectGetter;Ljava/util/Locale;ZLjava/lang/String;[Ljava/lang/Object;)Ljava/lang/Object;+93 java.base@19.0.2
j  sun.util.locale.provider.LocaleServiceProviderPool.getLocalizedObject(Lsun/util/locale/provider/LocaleServiceProviderPool$LocalizedObjectGetter;Ljava/util/Locale;Ljava/lang/Boolean;Ljava/lang/String;[Ljava/lang/Object;)Ljava/lang/Object;+11 java.base@19.0.2
j  sun.util.locale.provider.CalendarDataUtility.retrieveFirstDayOfWeek(Ljava/util/Locale;)I+280 java.base@19.0.2
j  java.util.Calendar.setWeekCountData(Ljava/util/Locale;)V+24 java.base@19.0.2
j  java.util.Calendar.<init>(Ljava/util/TimeZone;Ljava/util/Locale;)V+55 java.base@19.0.2
j  java.util.GregorianCalendar.<init>(Ljava/util/TimeZone;Ljava/util/Locale;Z)V+3 java.base@19.0.2
j  java.util.Calendar$Builder.build()Ljava/util/Calendar;+249 java.base@19.0.2
j  sun.util.locale.provider.CalendarProviderImpl.getInstance(Ljava/util/TimeZone;Ljava/util/Locale;)Ljava/util/Calendar;+21 java.base@19.0.2
j  java.util.Calendar.createCalendar(Ljava/util/TimeZone;Ljava/util/Locale;)Ljava/util/Calendar;+17 java.base@19.0.2
j  java.util.Calendar.getInstance(Ljava/util/Locale;)Ljava/util/Calendar;+5 java.base@19.0.2
j  java.text.SimpleDateFormat.initializeCalendar(Ljava/util/Locale;)V+27 java.base@19.0.2
j  java.text.SimpleDateFormat.<init>(Ljava/lang/String;Ljava/util/Locale;)V+43 java.base@19.0.2
j  java.text.SimpleDateFormat.<init>(Ljava/lang/String;)V+8 java.base@19.0.2
j  org.apache.maven.surefire.booter.PpidChecker.createWindowsCreationDateFormat()Ljava/text/SimpleDateFormat;+7
j  org.apache.maven.surefire.booter.PpidChecker.<clinit>()V+6
v  ~StubRoutines::call_stub 0x000002088f2f100e
j  org.apache.maven.surefire.booter.ForkedBooter.listenToShutdownCommands(Ljava/lang/Long;)Lorg/apache/maven/surefire/booter/ForkedBooter$PingScheduler;+47
j  org.apache.maven.surefire.booter.ForkedBooter.setupBooter(Ljava/lang/String;Ljava/lang/String;Ljava/lang/String;Ljava/lang/String;)V+31
j  org.apache.maven.surefire.booter.ForkedBooter.main([Ljava/lang/String;)V+31
v  ~StubRoutines::call_stub 0x000002088f2f100e

---------------  P R O C E S S  ---------------

Threads class SMR info:
_java_thread_list=0x00000208a5f097a0, length=18, elements={
0x00000208fdcc7b50, 0x00000208a1a458a0, 0x00000208a1a46570, 0x00000208a1a49250,
0x00000208a1a4ff10, 0x00000208a1a509e0, 0x00000208a1a56b60, 0x00000208a1a59580,
0x00000208a1a61cb0, 0x00000208a5c1eb30, 0x00000208a5c9d7a0, 0x00000208a1a7e080,
0x00000208a5c1db40, 0x00000208a5c1c600, 0x00000208a5c1e090, 0x00000208a5ee8010,
0x00000208a5f09a40, 0x00000208a5f0a390
}

Java Threads: ( => current thread )
=>0x00000208fdcc7b50 JavaThread "main" [_thread_in_vm, id=7432, stack(0x0000002e0cd00000,0x0000002e0ce00000)]
  0x00000208a1a458a0 JavaThread "Reference Handler" daemon [_thread_blocked, id=22572, stack(0x0000002e0d400000,0x0000002e0d500000)]
  0x00000208a1a46570 JavaThread "Finalizer" daemon [_thread_blocked, id=22124, stack(0x0000002e0d500000,0x0000002e0d600000)]
  0x00000208a1a49250 JavaThread "Signal Dispatcher" daemon [_thread_blocked, id=176, stack(0x0000002e0d600000,0x0000002e0d700000)]
  0x00000208a1a4ff10 JavaThread "Attach Listener" daemon [_thread_blocked, id=14640, stack(0x0000002e0d700000,0x0000002e0d800000)]
  0x00000208a1a509e0 JavaThread "Service Thread" daemon [_thread_blocked, id=21408, stack(0x0000002e0d800000,0x0000002e0d900000)]
  0x00000208a1a56b60 JavaThread "Monitor Deflation Thread" daemon [_thread_blocked, id=22904, stack(0x0000002e0d900000,0x0000002e0da00000)]
  0x00000208a1a59580 JavaThread "C2 CompilerThread0" daemon [_thread_blocked, id=10776, stack(0x0000002e0da00000,0x0000002e0db00000)]
  0x00000208a1a61cb0 JavaThread "C1 CompilerThread0" daemon [_thread_blocked, id=20704, stack(0x0000002e0db00000,0x0000002e0dc00000)]
  0x00000208a5c1eb30 JavaThread "Sweeper thread" daemon [_thread_blocked, id=17524, stack(0x0000002e0dc00000,0x0000002e0dd00000)]
  0x00000208a5c9d7a0 JavaThread "C1 CompilerThread1" daemon [_thread_blocked, id=21896, stack(0x0000002e0dd00000,0x0000002e0de00000)]
  0x00000208a1a7e080 JavaThread "C1 CompilerThread2" daemon [_thread_blocked, id=20708, stack(0x0000002e0de00000,0x0000002e0df00000)]
  0x00000208a5c1db40 JavaThread "Notification Thread" daemon [_thread_blocked, id=18324, stack(0x0000002e0df00000,0x0000002e0e000000)]
  0x00000208a5c1c600 JavaThread "Common-Cleaner" daemon [_thread_blocked, id=18276, stack(0x0000002e0e100000,0x0000002e0e200000)]
  0x00000208a5c1e090 JavaThread "surefire-forkedjvm-command-thread" daemon [_thread_in_native, id=22156, stack(0x0000002e0e200000,0x0000002e0e300000)]
  0x00000208a5ee8010 JavaThread "C2 CompilerThread1" daemon [_thread_blocked, id=17868, stack(0x0000002e0e300000,0x0000002e0e400000)]
  0x00000208a5f09a40 JavaThread "C2 CompilerThread2" daemon [_thread_blocked, id=14796, stack(0x0000002e0e400000,0x0000002e0e500000)]
  0x00000208a5f0a390 JavaThread "C1 CompilerThread3" daemon [_thread_in_vm, id=11668, stack(0x0000002e0e500000,0x0000002e0e600000)]

Other Threads:
  0x00000208a1a2d600 VMThread "VM Thread" [stack: 0x0000002e0d300000,0x0000002e0d400000] [id=4476]
  0x00000208a5d89b70 WatcherThread "VM Periodic Task Thread" [stack: 0x0000002e0e000000,0x0000002e0e100000] [id=9280]
  0x00000208fdd37740 WorkerThread "GC Thread#0" [stack: 0x0000002e0ce00000,0x0000002e0cf00000] [id=19852]
  0x00000208fdd480b0 ConcurrentGCThread "G1 Main Marker" [stack: 0x0000002e0cf00000,0x0000002e0d000000] [id=20176]
  0x00000208fdd4a590 WorkerThread "G1 Conc#0" [stack: 0x0000002e0d000000,0x0000002e0d100000] [id=22992]
  0x00000208a18e44c0 ConcurrentGCThread "G1 Refine#0" [stack: 0x0000002e0d100000,0x0000002e0d200000] [id=8716]
  0x00000208a18e4e10 ConcurrentGCThread "G1 Service" [stack: 0x0000002e0d200000,0x0000002e0d300000] [id=24148]

Threads with active compile tasks:
C1 CompilerThread0      136  383       3       sun.util.locale.InternalLocaleBuilder::setLanguageTag (173 bytes)
C1 CompilerThread1      136  385       3       sun.util.locale.LanguageTag::getExtlangs (24 bytes)
C1 CompilerThread2      136  386       3       sun.util.locale.LanguageTag::getVariants (24 bytes)
C1 CompilerThread3      136  382       3       sun.util.locale.LanguageTag::parsePrivateuse (144 bytes)

VM state: not at safepoint (normal execution)

VM Mutex/Monitor currently owned by a thread:  ([mutex/lock_event])
[0x00000208fdcbfe00] Metaspace_lock - owner thread: 0x00000208fdcc7b50
[0x00000208fdcc29e0] MethodData_lock - owner thread: 0x00000208a5f0a390

Heap address: 0x0000000705e00000, size: 4002 MB, Compressed Oops mode: Zero based, Oop shift amount: 3

CDS archive(s) mapped at: [0x0000000800000000-0x0000000800c40000-0x0000000800c40000), size 12845056, SharedBaseAddress: 0x0000000800000000, ArchiveRelocationMode: 0.
Compressed class space mapped at: 0x0000000801000000-0x0000000841000000, reserved size: 1073741824
Narrow klass base: 0x0000000800000000, Narrow klass shift: 0, Narrow klass range: 0x100000000

GC Precious Log:
 CardTable entry size: 512
 Card Set container configuration: InlinePtr #cards 4 size 8 Array Of Cards #cards 16 size 48 Howl #buckets 8 coarsen threshold 3686 Howl Bitmap #cards 512 size 80 coarsen threshold 460 Card regions per heap region 1 cards per card region 4096
 CPUs: 16 total, 16 available
 Memory: 16005M
 Large Page Support: Disabled
 NUMA Support: Disabled
 Compressed Oops: Enabled (Zero based)
 Heap Region Size: 2M
 Heap Min Capacity: 8M
 Heap Initial Capacity: 252M
 Heap Max Capacity: 4002M
 Pre-touch: Disabled
 Parallel Workers: 13
 Concurrent Workers: 3
 Concurrent Refinement Workers: 13
 Periodic GC: Disabled

Heap:
 garbage-first heap   total 258048K, used 4096K [0x0000000705e00000, 0x0000000800000000)
  region size 2048K, 3 young (6144K), 0 survivors (0K)
 Metaspace       used 1230K, committed 1344K, reserved 1114112K
  class space    used 107K, committed 192K, reserved 1048576K

Heap Regions: E=young(eden), S=young(survivor), O=old, HS=humongous(starts), HC=humongous(continues), CS=collection set, F=free, OA=open archive, CA=closed archive, TAMS=top-at-mark-start (previous, next)
|   0|0x0000000705e00000, 0x0000000705e00000, 0x0000000706000000|  0%| F|  |TAMS 0x0000000705e00000, 0x0000000705e00000| Untracked 
|   1|0x0000000706000000, 0x0000000706000000, 0x0000000706200000|  0%| F|  |TAMS 0x0000000706000000, 0x0000000706000000| Untracked 
|   2|0x0000000706200000, 0x0000000706200000, 0x0000000706400000|  0%| F|  |TAMS 0x0000000706200000, 0x0000000706200000| Untracked 
|   3|0x0000000706400000, 0x0000000706400000, 0x0000000706600000|  0%| F|  |TAMS 0x0000000706400000, 0x0000000706400000| Untracked 
|   4|0x0000000706600000, 0x0000000706600000, 0x0000000706800000|  0%| F|  |TAMS 0x0000000706600000, 0x0000000706600000| Untracked 
|   5|0x0000000706800000, 0x0000000706800000, 0x0000000706a00000|  0%| F|  |TAMS 0x0000000706800000, 0x0000000706800000| Untracked 
|   6|0x0000000706a00000, 0x0000000706a00000, 0x0000000706c00000|  0%| F|  |TAMS 0x0000000706a00000, 0x0000000706a00000| Untracked 
|   7|0x0000000706c00000, 0x0000000706c00000, 0x0000000706e00000|  0%| F|  |TAMS 0x0000000706c00000, 0x0000000706c00000| Untracked 
|   8|0x0000000706e00000, 0x0000000706e00000, 0x0000000707000000|  0%| F|  |TAMS 0x0000000706e00000, 0x0000000706e00000| Untracked 
|   9|0x0000000707000000, 0x0000000707000000, 0x0000000707200000|  0%| F|  |TAMS 0x0000000707000000, 0x0000000707000000| Untracked 
|  10|0x0000000707200000, 0x0000000707200000, 0x0000000707400000|  0%| F|  |TAMS 0x0000000707200000, 0x0000000707200000| Untracked 
|  11|0x0000000707400000, 0x0000000707400000, 0x0000000707600000|  0%| F|  |TAMS 0x0000000707400000, 0x0000000707400000| Untracked 
|  12|0x0000000707600000, 0x0000000707600000, 0x0000000707800000|  0%| F|  |TAMS 0x0000000707600000, 0x0000000707600000| Untracked 
|  13|0x0000000707800000, 0x0000000707800000, 0x0000000707a00000|  0%| F|  |TAMS 0x0000000707800000, 0x0000000707800000| Untracked 
|  14|0x0000000707a00000, 0x0000000707a00000, 0x0000000707c00000|  0%| F|  |TAMS 0x0000000707a00000, 0x0000000707a00000| Untracked 
|  15|0x0000000707c00000, 0x0000000707c00000, 0x0000000707e00000|  0%| F|  |TAMS 0x0000000707c00000, 0x0000000707c00000| Untracked 
|  16|0x0000000707e00000, 0x0000000707e00000, 0x0000000708000000|  0%| F|  |TAMS 0x0000000707e00000, 0x0000000707e00000| Untracked 
|  17|0x0000000708000000, 0x0000000708000000, 0x0000000708200000|  0%| F|  |TAMS 0x0000000708000000, 0x0000000708000000| Untracked 
|  18|0x0000000708200000, 0x0000000708200000, 0x0000000708400000|  0%| F|  |TAMS 0x0000000708200000, 0x0000000708200000| Untracked 
|  19|0x0000000708400000, 0x0000000708400000, 0x0000000708600000|  0%| F|  |TAMS 0x0000000708400000, 0x0000000708400000| Untracked 
|  20|0x0000000708600000, 0x0000000708600000, 0x0000000708800000|  0%| F|  |TAMS 0x0000000708600000, 0x0000000708600000| Untracked 
|  21|0x0000000708800000, 0x0000000708800000, 0x0000000708a00000|  0%| F|  |TAMS 0x0000000708800000, 0x0000000708800000| Untracked 
|  22|0x0000000708a00000, 0x0000000708a00000, 0x0000000708c00000|  0%| F|  |TAMS 0x0000000708a00000, 0x0000000708a00000| Untracked 
|  23|0x0000000708c00000, 0x0000000708c00000, 0x0000000708e00000|  0%| F|  |TAMS 0x0000000708c00000, 0x0000000708c00000| Untracked 
|  24|0x0000000708e00000, 0x0000000708e00000, 0x0000000709000000|  0%| F|  |TAMS 0x0000000708e00000, 0x0000000708e00000| Untracked 
|  25|0x0000000709000000, 0x0000000709000000, 0x0000000709200000|  0%| F|  |TAMS 0x0000000709000000, 0x0000000709000000| Untracked 
|  26|0x0000000709200000, 0x0000000709200000, 0x0000000709400000|  0%| F|  |TAMS 0x0000000709200000, 0x0000000709200000| Untracked 
|  27|0x0000000709400000, 0x0000000709400000, 0x0000000709600000|  0%| F|  |TAMS 0x0000000709400000, 0x0000000709400000| Untracked 
|  28|0x0000000709600000, 0x0000000709600000, 0x0000000709800000|  0%| F|  |TAMS 0x0000000709600000, 0x0000000709600000| Untracked 
|  29|0x0000000709800000, 0x0000000709800000, 0x0000000709a00000|  0%| F|  |TAMS 0x0000000709800000, 0x0000000709800000| Untracked 
|  30|0x0000000709a00000, 0x0000000709a00000, 0x0000000709c00000|  0%| F|  |TAMS 0x0000000709a00000, 0x0000000709a00000| Untracked 
|  31|0x0000000709c00000, 0x0000000709c00000, 0x0000000709e00000|  0%| F|  |TAMS 0x0000000709c00000, 0x0000000709c00000| Untracked 
|  32|0x0000000709e00000, 0x0000000709e00000, 0x000000070a000000|  0%| F|  |TAMS 0x0000000709e00000, 0x0000000709e00000| Untracked 
|  33|0x000000070a000000, 0x000000070a000000, 0x000000070a200000|  0%| F|  |TAMS 0x000000070a000000, 0x000000070a000000| Untracked 
|  34|0x000000070a200000, 0x000000070a200000, 0x000000070a400000|  0%| F|  |TAMS 0x000000070a200000, 0x000000070a200000| Untracked 
|  35|0x000000070a400000, 0x000000070a400000, 0x000000070a600000|  0%| F|  |TAMS 0x000000070a400000, 0x000000070a400000| Untracked 
|  36|0x000000070a600000, 0x000000070a600000, 0x000000070a800000|  0%| F|  |TAMS 0x000000070a600000, 0x000000070a600000| Untracked 
|  37|0x000000070a800000, 0x000000070a800000, 0x000000070aa00000|  0%| F|  |TAMS 0x000000070a800000, 0x000000070a800000| Untracked 
|  38|0x000000070aa00000, 0x000000070aa00000, 0x000000070ac00000|  0%| F|  |TAMS 0x000000070aa00000, 0x000000070aa00000| Untracked 
|  39|0x000000070ac00000, 0x000000070ac00000, 0x000000070ae00000|  0%| F|  |TAMS 0x000000070ac00000, 0x000000070ac00000| Untracked 
|  40|0x000000070ae00000, 0x000000070ae00000, 0x000000070b000000|  0%| F|  |TAMS 0x000000070ae00000, 0x000000070ae00000| Untracked 
|  41|0x000000070b000000, 0x000000070b000000, 0x000000070b200000|  0%| F|  |TAMS 0x000000070b000000, 0x000000070b000000| Untracked 
|  42|0x000000070b200000, 0x000000070b200000, 0x000000070b400000|  0%| F|  |TAMS 0x000000070b200000, 0x000000070b200000| Untracked 
|  43|0x000000070b400000, 0x000000070b400000, 0x000000070b600000|  0%| F|  |TAMS 0x000000070b400000, 0x000000070b400000| Untracked 
|  44|0x000000070b600000, 0x000000070b600000, 0x000000070b800000|  0%| F|  |TAMS 0x000000070b600000, 0x000000070b600000| Untracked 
|  45|0x000000070b800000, 0x000000070b800000, 0x000000070ba00000|  0%| F|  |TAMS 0x000000070b800000, 0x000000070b800000| Untracked 
|  46|0x000000070ba00000, 0x000000070ba00000, 0x000000070bc00000|  0%| F|  |TAMS 0x000000070ba00000, 0x000000070ba00000| Untracked 
|  47|0x000000070bc00000, 0x000000070bc00000, 0x000000070be00000|  0%| F|  |TAMS 0x000000070bc00000, 0x000000070bc00000| Untracked 
|  48|0x000000070be00000, 0x000000070be00000, 0x000000070c000000|  0%| F|  |TAMS 0x000000070be00000, 0x000000070be00000| Untracked 
|  49|0x000000070c000000, 0x000000070c000000, 0x000000070c200000|  0%| F|  |TAMS 0x000000070c000000, 0x000000070c000000| Untracked 
|  50|0x000000070c200000, 0x000000070c200000, 0x000000070c400000|  0%| F|  |TAMS 0x000000070c200000, 0x000000070c200000| Untracked 
|  51|0x000000070c400000, 0x000000070c400000, 0x000000070c600000|  0%| F|  |TAMS 0x000000070c400000, 0x000000070c400000| Untracked 
|  52|0x000000070c600000, 0x000000070c600000, 0x000000070c800000|  0%| F|  |TAMS 0x000000070c600000, 0x000000070c600000| Untracked 
|  53|0x000000070c800000, 0x000000070c800000, 0x000000070ca00000|  0%| F|  |TAMS 0x000000070c800000, 0x000000070c800000| Untracked 
|  54|0x000000070ca00000, 0x000000070ca00000, 0x000000070cc00000|  0%| F|  |TAMS 0x000000070ca00000, 0x000000070ca00000| Untracked 
|  55|0x000000070cc00000, 0x000000070cc00000, 0x000000070ce00000|  0%| F|  |TAMS 0x000000070cc00000, 0x000000070cc00000| Untracked 
|  56|0x000000070ce00000, 0x000000070ce00000, 0x000000070d000000|  0%| F|  |TAMS 0x000000070ce00000, 0x000000070ce00000| Untracked 
|  57|0x000000070d000000, 0x000000070d000000, 0x000000070d200000|  0%| F|  |TAMS 0x000000070d000000, 0x000000070d000000| Untracked 
|  58|0x000000070d200000, 0x000000070d200000, 0x000000070d400000|  0%| F|  |TAMS 0x000000070d200000, 0x000000070d200000| Untracked 
|  59|0x000000070d400000, 0x000000070d400000, 0x000000070d600000|  0%| F|  |TAMS 0x000000070d400000, 0x000000070d400000| Untracked 
|  60|0x000000070d600000, 0x000000070d600000, 0x000000070d800000|  0%| F|  |TAMS 0x000000070d600000, 0x000000070d600000| Untracked 
|  61|0x000000070d800000, 0x000000070d800000, 0x000000070da00000|  0%| F|  |TAMS 0x000000070d800000, 0x000000070d800000| Untracked 
|  62|0x000000070da00000, 0x000000070da00000, 0x000000070dc00000|  0%| F|  |TAMS 0x000000070da00000, 0x000000070da00000| Untracked 
|  63|0x000000070dc00000, 0x000000070dc00000, 0x000000070de00000|  0%| F|  |TAMS 0x000000070dc00000, 0x000000070dc00000| Untracked 
|  64|0x000000070de00000, 0x000000070de00000, 0x000000070e000000|  0%| F|  |TAMS 0x000000070de00000, 0x000000070de00000| Untracked 
|  65|0x000000070e000000, 0x000000070e000000, 0x000000070e200000|  0%| F|  |TAMS 0x000000070e000000, 0x000000070e000000| Untracked 
|  66|0x000000070e200000, 0x000000070e200000, 0x000000070e400000|  0%| F|  |TAMS 0x000000070e200000, 0x000000070e200000| Untracked 
|  67|0x000000070e400000, 0x000000070e400000, 0x000000070e600000|  0%| F|  |TAMS 0x000000070e400000, 0x000000070e400000| Untracked 
|  68|0x000000070e600000, 0x000000070e600000, 0x000000070e800000|  0%| F|  |TAMS 0x000000070e600000, 0x000000070e600000| Untracked 
|  69|0x000000070e800000, 0x000000070e800000, 0x000000070ea00000|  0%| F|  |TAMS 0x000000070e800000, 0x000000070e800000| Untracked 
|  70|0x000000070ea00000, 0x000000070ea00000, 0x000000070ec00000|  0%| F|  |TAMS 0x000000070ea00000, 0x000000070ea00000| Untracked 
|  71|0x000000070ec00000, 0x000000070ec00000, 0x000000070ee00000|  0%| F|  |TAMS 0x000000070ec00000, 0x000000070ec00000| Untracked 
|  72|0x000000070ee00000, 0x000000070ee00000, 0x000000070f000000|  0%| F|  |TAMS 0x000000070ee00000, 0x000000070ee00000| Untracked 
|  73|0x000000070f000000, 0x000000070f000000, 0x000000070f200000|  0%| F|  |TAMS 0x000000070f000000, 0x000000070f000000| Untracked 
|  74|0x000000070f200000, 0x000000070f200000, 0x000000070f400000|  0%| F|  |TAMS 0x000000070f200000, 0x000000070f200000| Untracked 
|  75|0x000000070f400000, 0x000000070f400000, 0x000000070f600000|  0%| F|  |TAMS 0x000000070f400000, 0x000000070f400000| Untracked 
|  76|0x000000070f600000, 0x000000070f600000, 0x000000070f800000|  0%| F|  |TAMS 0x000000070f600000, 0x000000070f600000| Untracked 
|  77|0x000000070f800000, 0x000000070f800000, 0x000000070fa00000|  0%| F|  |TAMS 0x000000070f800000, 0x000000070f800000| Untracked 
|  78|0x000000070fa00000, 0x000000070fa00000, 0x000000070fc00000|  0%| F|  |TAMS 0x000000070fa00000, 0x000000070fa00000| Untracked 
|  79|0x000000070fc00000, 0x000000070fc00000, 0x000000070fe00000|  0%| F|  |TAMS 0x000000070fc00000, 0x000000070fc00000| Untracked 
|  80|0x000000070fe00000, 0x000000070fe00000, 0x0000000710000000|  0%| F|  |TAMS 0x000000070fe00000, 0x000000070fe00000| Untracked 
|  81|0x0000000710000000, 0x0000000710000000, 0x0000000710200000|  0%| F|  |TAMS 0x0000000710000000, 0x0000000710000000| Untracked 
|  82|0x0000000710200000, 0x0000000710200000, 0x0000000710400000|  0%| F|  |TAMS 0x0000000710200000, 0x0000000710200000| Untracked 
|  83|0x0000000710400000, 0x0000000710400000, 0x0000000710600000|  0%| F|  |TAMS 0x0000000710400000, 0x0000000710400000| Untracked 
|  84|0x0000000710600000, 0x0000000710600000, 0x0000000710800000|  0%| F|  |TAMS 0x0000000710600000, 0x0000000710600000| Untracked 
|  85|0x0000000710800000, 0x0000000710800000, 0x0000000710a00000|  0%| F|  |TAMS 0x0000000710800000, 0x0000000710800000| Untracked 
|  86|0x0000000710a00000, 0x0000000710a00000, 0x0000000710c00000|  0%| F|  |TAMS 0x0000000710a00000, 0x0000000710a00000| Untracked 
|  87|0x0000000710c00000, 0x0000000710c00000, 0x0000000710e00000|  0%| F|  |TAMS 0x0000000710c00000, 0x0000000710c00000| Untracked 
|  88|0x0000000710e00000, 0x0000000710e00000, 0x0000000711000000|  0%| F|  |TAMS 0x0000000710e00000, 0x0000000710e00000| Untracked 
|  89|0x0000000711000000, 0x0000000711000000, 0x0000000711200000|  0%| F|  |TAMS 0x0000000711000000, 0x0000000711000000| Untracked 
|  90|0x0000000711200000, 0x0000000711200000, 0x0000000711400000|  0%| F|  |TAMS 0x0000000711200000, 0x0000000711200000| Untracked 
|  91|0x0000000711400000, 0x0000000711400000, 0x0000000711600000|  0%| F|  |TAMS 0x0000000711400000, 0x0000000711400000| Untracked 
|  92|0x0000000711600000, 0x0000000711600000, 0x0000000711800000|  0%| F|  |TAMS 0x0000000711600000, 0x0000000711600000| Untracked 
|  93|0x0000000711800000, 0x0000000711800000, 0x0000000711a00000|  0%| F|  |TAMS 0x0000000711800000, 0x0000000711800000| Untracked 
|  94|0x0000000711a00000, 0x0000000711a00000, 0x0000000711c00000|  0%| F|  |TAMS 0x0000000711a00000, 0x0000000711a00000| Untracked 
|  95|0x0000000711c00000, 0x0000000711c00000, 0x0000000711e00000|  0%| F|  |TAMS 0x0000000711c00000, 0x0000000711c00000| Untracked 
|  96|0x0000000711e00000, 0x0000000711e00000, 0x0000000712000000|  0%| F|  |TAMS 0x0000000711e00000, 0x0000000711e00000| Untracked 
|  97|0x0000000712000000, 0x0000000712000000, 0x0000000712200000|  0%| F|  |TAMS 0x0000000712000000, 0x0000000712000000| Untracked 
|  98|0x0000000712200000, 0x0000000712200000, 0x0000000712400000|  0%| F|  |TAMS 0x0000000712200000, 0x0000000712200000| Untracked 
|  99|0x0000000712400000, 0x0000000712400000, 0x0000000712600000|  0%| F|  |TAMS 0x0000000712400000, 0x0000000712400000| Untracked 
| 100|0x0000000712600000, 0x0000000712600000, 0x0000000712800000|  0%| F|  |TAMS 0x0000000712600000, 0x0000000712600000| Untracked 
| 101|0x0000000712800000, 0x0000000712800000, 0x0000000712a00000|  0%| F|  |TAMS 0x0000000712800000, 0x0000000712800000| Untracked 
| 102|0x0000000712a00000, 0x0000000712a00000, 0x0000000712c00000|  0%| F|  |TAMS 0x0000000712a00000, 0x0000000712a00000| Untracked 
| 103|0x0000000712c00000, 0x0000000712c00000, 0x0000000712e00000|  0%| F|  |TAMS 0x0000000712c00000, 0x0000000712c00000| Untracked 
| 104|0x0000000712e00000, 0x0000000712e00000, 0x0000000713000000|  0%| F|  |TAMS 0x0000000712e00000, 0x0000000712e00000| Untracked 
| 105|0x0000000713000000, 0x0000000713000000, 0x0000000713200000|  0%| F|  |TAMS 0x0000000713000000, 0x0000000713000000| Untracked 
| 106|0x0000000713200000, 0x0000000713200000, 0x0000000713400000|  0%| F|  |TAMS 0x0000000713200000, 0x0000000713200000| Untracked 
| 107|0x0000000713400000, 0x0000000713400000, 0x0000000713600000|  0%| F|  |TAMS 0x0000000713400000, 0x0000000713400000| Untracked 
| 108|0x0000000713600000, 0x0000000713600000, 0x0000000713800000|  0%| F|  |TAMS 0x0000000713600000, 0x0000000713600000| Untracked 
| 109|0x0000000713800000, 0x0000000713800000, 0x0000000713a00000|  0%| F|  |TAMS 0x0000000713800000, 0x0000000713800000| Untracked 
| 110|0x0000000713a00000, 0x0000000713a00000, 0x0000000713c00000|  0%| F|  |TAMS 0x0000000713a00000, 0x0000000713a00000| Untracked 
| 111|0x0000000713c00000, 0x0000000713c00000, 0x0000000713e00000|  0%| F|  |TAMS 0x0000000713c00000, 0x0000000713c00000| Untracked 
| 112|0x0000000713e00000, 0x0000000713e00000, 0x0000000714000000|  0%| F|  |TAMS 0x0000000713e00000, 0x0000000713e00000| Untracked 
| 113|0x0000000714000000, 0x0000000714000000, 0x0000000714200000|  0%| F|  |TAMS 0x0000000714000000, 0x0000000714000000| Untracked 
| 114|0x0000000714200000, 0x0000000714200000, 0x0000000714400000|  0%| F|  |TAMS 0x0000000714200000, 0x0000000714200000| Untracked 
| 115|0x0000000714400000, 0x0000000714400000, 0x0000000714600000|  0%| F|  |TAMS 0x0000000714400000, 0x0000000714400000| Untracked 
| 116|0x0000000714600000, 0x0000000714600000, 0x0000000714800000|  0%| F|  |TAMS 0x0000000714600000, 0x0000000714600000| Untracked 
| 117|0x0000000714800000, 0x0000000714800000, 0x0000000714a00000|  0%| F|  |TAMS 0x0000000714800000, 0x0000000714800000| Untracked 
| 118|0x0000000714a00000, 0x0000000714a00000, 0x0000000714c00000|  0%| F|  |TAMS 0x0000000714a00000, 0x0000000714a00000| Untracked 
| 119|0x0000000714c00000, 0x0000000714c00000, 0x0000000714e00000|  0%| F|  |TAMS 0x0000000714c00000, 0x0000000714c00000| Untracked 
| 120|0x0000000714e00000, 0x0000000714e00000, 0x0000000715000000|  0%| F|  |TAMS 0x0000000714e00000, 0x0000000714e00000| Untracked 
| 121|0x0000000715000000, 0x0000000715000000, 0x0000000715200000|  0%| F|  |TAMS 0x0000000715000000, 0x0000000715000000| Untracked 
| 122|0x0000000715200000, 0x0000000715200000, 0x0000000715400000|  0%| F|  |TAMS 0x0000000715200000, 0x0000000715200000| Untracked 
| 123|0x0000000715400000, 0x00000007155c31b8, 0x0000000715600000| 88%| E|  |TAMS 0x0000000715400000, 0x0000000715400000| Complete 
| 124|0x0000000715600000, 0x0000000715800000, 0x0000000715800000|100%| E|CS|TAMS 0x0000000715600000, 0x0000000715600000| Complete 
| 125|0x0000000715800000, 0x0000000715a00000, 0x0000000715a00000|100%| E|CS|TAMS 0x0000000715800000, 0x0000000715800000| Complete 

Card table byte_map: [0x00000208fedf0000,0x00000208ff5d0000] _byte_map_base: 0x00000208fb5c1000

Marking Bits (Prev, Next): (CMBitMap*) 0x00000208fdd37d70, (CMBitMap*) 0x00000208fdd37db0
 Prev Bits: [0x0000020896ea0000, 0x000002089ad28000)
 Next Bits: [0x000002089ad30000, 0x000002089ebb8000)

Polling page: 0x00000208fd490000

Metaspace:

Usage:
  Non-class:      1.10 MB used.
      Class:    107.24 KB used.
       Both:      1.20 MB used.

Virtual space:
  Non-class space:       64.00 MB reserved,       1.12 MB (  2%) committed,  1 nodes.
      Class space:        1.00 GB reserved,     192.00 KB ( <1%) committed,  1 nodes.
             Both:        1.06 GB reserved,       1.31 MB ( <1%) committed. 

Chunk freelists:
   Non-Class:  3.82 MB
       Class:  3.72 MB
        Both:  7.54 MB

MaxMetaspaceSize: unlimited
CompressedClassSpaceSize: 1.00 GB
Initial GC threshold: 21.00 MB
Current GC threshold: 21.00 MB
CDS: on
MetaspaceReclaimPolicy: balanced
 - commit_granule_bytes: 65536.
 - commit_granule_words: 8192.
 - virtual_space_node_default_size: 8388608.
 - enlarge_chunks_in_place: 1.
 - new_chunks_are_fully_committed: 0.
 - uncommit_free_chunks: 1.
 - use_allocation_guard: 0.


Internal statistics:

num_allocs_failed_limit: 0.
num_arena_births: 14.
num_arena_deaths: 0.
num_vsnodes_births: 2.
num_vsnodes_deaths: 0.
num_space_committed: 21.
num_space_uncommitted: 0.
num_chunks_returned_to_freelist: 0.
num_chunks_taken_from_freelist: 27.
num_chunk_merges: 0.
num_chunk_splits: 16.
num_chunks_enlarged: 12.
num_inconsistent_stats: 0.

CodeHeap 'non-profiled nmethods': size=119168Kb used=103Kb max_used=103Kb free=119064Kb
 bounds [0x000002088fa40000, 0x000002088fcb0000, 0x0000020896ea0000]
CodeHeap 'profiled nmethods': size=119104Kb used=574Kb max_used=574Kb free=118529Kb
 bounds [0x0000020887ea0000, 0x0000020888110000, 0x000002088f2f0000]
CodeHeap 'non-nmethods': size=7488Kb used=2914Kb max_used=2930Kb free=4573Kb
 bounds [0x000002088f2f0000, 0x000002088f5d0000, 0x000002088fa40000]
 total_blobs=808 nmethods=379 adapters=337
 compilation: enabled
              stopped_count=0, restarted_count=0
 full_count=0

Compilation events (20 events):
Event: 0.126 Thread 0x00000208a5f09a40  325       4       java.lang.String::length (11 bytes)
Event: 0.126 Thread 0x00000208a5f0a390  366       3       sun.util.locale.LanguageTag::parse (205 bytes)
Event: 0.126 Thread 0x00000208a1a7e080 nmethod 361 0x0000020887f24b90 code [0x0000020887f24dc0, 0x0000020887f255d8]
Event: 0.126 Thread 0x00000208a1a7e080  367       3       sun.util.locale.ParseStatus::<init> (9 bytes)
Event: 0.126 Thread 0x00000208a1a61cb0 nmethod 380 0x0000020887f25790 code [0x0000020887f259c0, 0x0000020887f26188]
Event: 0.126 Thread 0x00000208a1a61cb0  398       3       sun.util.locale.BaseLocale$Cache::normalizeKey (9 bytes)
Event: 0.126 Thread 0x00000208a1a7e080 nmethod 367 0x0000020887f26410 code [0x0000020887f265c0, 0x0000020887f267d8]
Event: 0.126 Thread 0x00000208a1a7e080  399       3       sun.util.locale.BaseLocale$Cache::normalizeKey (5 bytes)
Event: 0.126 Thread 0x00000208a5c9d7a0 nmethod 365 0x0000020887f26890 code [0x0000020887f26ae0, 0x0000020887f271f8]
Event: 0.126 Thread 0x00000208a1a61cb0 nmethod 398 0x0000020887f27410 code [0x0000020887f275c0, 0x0000020887f27848]
Event: 0.127 Thread 0x00000208a1a7e080 nmethod 399 0x0000020887f27910 code [0x0000020887f27ac0, 0x0000020887f27c08]
Event: 0.127 Thread 0x00000208a5c9d7a0  400       3       sun.util.locale.BaseLocale$Cache::createObject (9 bytes)
Event: 0.127 Thread 0x00000208a1a61cb0  401       3       sun.util.locale.BaseLocale$Cache::createObject (8 bytes)
Event: 0.127 Thread 0x00000208a1a7e080  402       3       java.util.Locale$Cache::createObject (6 bytes)
Event: 0.127 Thread 0x00000208a1a7e080 nmethod 402 0x0000020887f27c90 code [0x0000020887f27e40, 0x0000020887f27f88]
Event: 0.127 Thread 0x00000208a1a7e080  403       3       java.util.Locale$Cache::createObject (41 bytes)
Event: 0.127 Thread 0x00000208a1a61cb0 nmethod 401 0x0000020887f28010 code [0x0000020887f281e0, 0x0000020887f285b8]
Event: 0.127 Thread 0x00000208a5c9d7a0 nmethod 400 0x0000020887f28710 code [0x0000020887f28900, 0x0000020887f28e38]
Event: 0.127 Thread 0x00000208a1a61cb0  369       3       sun.util.locale.StringTokenIterator::<init> (41 bytes)
Event: 0.127 Thread 0x00000208a5c9d7a0  370       3       sun.util.locale.StringTokenIterator::setStart (62 bytes)

GC Heap History (0 events):
No events

Dll operation events (8 events):
Event: 0.004 Loaded shared library C:\Program Files\Java\jdk-19\bin\java.dll
Event: 0.035 Loaded shared library C:\Program Files\Java\jdk-19\bin\jsvml.dll
Event: 0.064 Loaded shared library C:\Program Files\Java\jdk-19\bin\net.dll
Event: 0.065 Loaded shared library C:\Program Files\Java\jdk-19\bin\nio.dll
Event: 0.066 Loaded shared library C:\Program Files\Java\jdk-19\bin\zip.dll
Event: 0.095 Loaded shared library C:\Program Files\Java\jdk-19\bin\management.dll
Event: 0.097 Loaded shared library C:\Program Files\Java\jdk-19\bin\management_ext.dll
Event: 0.116 Loaded shared library C:\Program Files\Java\jdk-19\bin\jimage.dll

Deoptimization events (0 events):
No events

Classes loaded (20 events):
Event: 0.112 Loading class jdk/internal/math/FloatingDecimal$ExceptionalBinaryToASCIIBuffer
Event: 0.112 Loading class jdk/internal/math/FloatingDecimal$BinaryToASCIIConverter
Event: 0.112 Loading class jdk/internal/math/FloatingDecimal$BinaryToASCIIConverter done
Event: 0.112 Loading class jdk/internal/math/FloatingDecimal$ExceptionalBinaryToASCIIBuffer done
Event: 0.112 Loading class jdk/internal/math/FloatingDecimal$BinaryToASCIIBuffer
Event: 0.112 Loading class jdk/internal/math/FloatingDecimal$BinaryToASCIIBuffer done
Event: 0.112 Loading class jdk/internal/math/FloatingDecimal$1
Event: 0.112 Loading class jdk/internal/math/FloatingDecimal$1 done
Event: 0.112 Loading class jdk/internal/math/FloatingDecimal$PreparedASCIIToBinaryBuffer
Event: 0.112 Loading class jdk/internal/math/FloatingDecimal$ASCIIToBinaryConverter
Event: 0.112 Loading class jdk/internal/math/FloatingDecimal$ASCIIToBinaryConverter done
Event: 0.112 Loading class jdk/internal/math/FloatingDecimal$PreparedASCIIToBinaryBuffer done
Event: 0.112 Loading class jdk/internal/math/FloatingDecimal$ASCIIToBinaryBuffer
Event: 0.112 Loading class jdk/internal/math/FloatingDecimal$ASCIIToBinaryBuffer done
Event: 0.115 Loading class sun/util/calendar/ZoneInfoFile$Checksum
Event: 0.115 Loading class sun/util/calendar/ZoneInfoFile$Checksum done
Event: 0.116 Loading class jdk/internal/module/ModulePatcher$PatchedModuleReader
Event: 0.116 Loading class jdk/internal/module/ModulePatcher$PatchedModuleReader done
Event: 0.117 Loading class sun/net/www/protocol/jrt/Handler
Event: 0.117 Loading class sun/net/www/protocol/jrt/Handler done

Classes unloaded (0 events):
No events

Classes redefined (0 events):
No events

Internal exceptions (2 events):
Event: 0.091 Thread 0x00000208fdcc7b50 Exception <a 'java/lang/NoSuchMethodError'{0x0000000715739e10}: 'java.lang.Object java.lang.invoke.DirectMethodHandle$Holder.invokeStaticInit(java.lang.Object)'> (0x0000000715739e10) 
thrown [s\open\src\hotspot\share\interpreter\linkResolver.cpp, line 774]
Event: 0.102 Thread 0x00000208fdcc7b50 Exception <a 'java/lang/NoSuchMethodError'{0x00000007157e2748}: 'int java.lang.invoke.DirectMethodHandle$Holder.invokeSpecial(java.lang.Object, java.lang.Object, java.lang.Object)'> (0x00000007157e2748) 
thrown [s\open\src\hotspot\share\interpreter\linkResolver.cpp, line 774]

VM Operations (4 events):
Event: 0.067 Executing VM operation: HandshakeAllThreads
Event: 0.067 Executing VM operation: HandshakeAllThreads done
Event: 0.127 Executing VM operation: HandshakeAllThreads
Event: 0.127 Executing VM operation: HandshakeAllThreads done

Events (18 events):
Event: 0.035 Thread 0x00000208fdcc7b50 Thread added: 0x00000208fdcc7b50
Event: 0.049 Thread 0x00000208a1a458a0 Thread added: 0x00000208a1a458a0
Event: 0.050 Thread 0x00000208a1a46570 Thread added: 0x00000208a1a46570
Event: 0.050 Thread 0x00000208a1a49250 Thread added: 0x00000208a1a49250
Event: 0.051 Thread 0x00000208a1a4ff10 Thread added: 0x00000208a1a4ff10
Event: 0.051 Thread 0x00000208a1a509e0 Thread added: 0x00000208a1a509e0
Event: 0.051 Thread 0x00000208a1a56b60 Thread added: 0x00000208a1a56b60
Event: 0.052 Thread 0x00000208a1a59580 Thread added: 0x00000208a1a59580
Event: 0.052 Thread 0x00000208a1a61cb0 Thread added: 0x00000208a1a61cb0
Event: 0.052 Thread 0x00000208a5c1eb30 Thread added: 0x00000208a5c1eb30
Event: 0.055 Thread 0x00000208a5c9d7a0 Thread added: 0x00000208a5c9d7a0
Event: 0.056 Thread 0x00000208a1a7e080 Thread added: 0x00000208a1a7e080
Event: 0.060 Thread 0x00000208a5c1db40 Thread added: 0x00000208a5c1db40
Event: 0.062 Thread 0x00000208a5c1c600 Thread added: 0x00000208a5c1c600
Event: 0.076 Thread 0x00000208a5c1e090 Thread added: 0x00000208a5c1e090
Event: 0.122 Thread 0x00000208a5ee8010 Thread added: 0x00000208a5ee8010
Event: 0.124 Thread 0x00000208a5f09a40 Thread added: 0x00000208a5f09a40
Event: 0.124 Thread 0x00000208a5f0a390 Thread added: 0x00000208a5f0a390


Dynamic libraries:
0x00007ff685d80000 - 0x00007ff685d90000 	C:\Program Files\Java\jdk-19\bin\java.exe
0x00007ffd50550000 - 0x00007ffd50764000 	C:\WINDOWS\SYSTEM32\ntdll.dll
0x00007ffd4e440000 - 0x00007ffd4e504000 	C:\WINDOWS\System32\KERNEL32.DLL
0x00007ffd4ddf0000 - 0x00007ffd4e194000 	C:\WINDOWS\System32\KERNELBASE.dll
0x00007ffd4d900000 - 0x00007ffd4da11000 	C:\WINDOWS\System32\ucrtbase.dll
0x00007ffd44400000 - 0x00007ffd44418000 	C:\Program Files\Java\jdk-19\bin\jli.dll
0x00007ffd4ee00000 - 0x00007ffd4eeb0000 	C:\WINDOWS\System32\ADVAPI32.dll
0x00007ffd46f00000 - 0x00007ffd46f1b000 	C:\Program Files\Java\jdk-19\bin\VCRUNTIME140.dll
0x00007ffd4f040000 - 0x00007ffd4f0e7000 	C:\WINDOWS\System32\msvcrt.dll
0x00007ffd4f510000 - 0x00007ffd4f5b6000 	C:\WINDOWS\System32\sechost.dll
0x00007ffd4f290000 - 0x00007ffd4f3a7000 	C:\WINDOWS\System32\RPCRT4.dll
0x00007ffd4ec50000 - 0x00007ffd4edfa000 	C:\WINDOWS\System32\USER32.dll
0x00007ffd35710000 - 0x00007ffd3599f000 	C:\WINDOWS\WinSxS\amd64_microsoft.windows.common-controls_6595b64144ccf1df_6.0.22621.2070_none_2713e6537381f706\COMCTL32.dll
0x00007ffd4da20000 - 0x00007ffd4da46000 	C:\WINDOWS\System32\win32u.dll
0x00007ffd4f4d0000 - 0x00007ffd4f4f9000 	C:\WINDOWS\System32\GDI32.dll
0x00007ffd4db60000 - 0x00007ffd4dc79000 	C:\WINDOWS\System32\gdi32full.dll
0x00007ffd4da50000 - 0x00007ffd4daea000 	C:\WINDOWS\System32\msvcp_win.dll
0x00007ffd46260000 - 0x00007ffd4626a000 	C:\WINDOWS\SYSTEM32\VERSION.dll
0x00007ffd4fa40000 - 0x00007ffd4fa71000 	C:\WINDOWS\System32\IMM32.DLL
0x00007ffd47d70000 - 0x00007ffd47d7c000 	C:\Program Files\Java\jdk-19\bin\vcruntime140_1.dll
0x00007ffd28b00000 - 0x00007ffd28b8e000 	C:\Program Files\Java\jdk-19\bin\msvcp140.dll
0x00007ffcdad10000 - 0x00007ffcdb9d0000 	C:\Program Files\Java\jdk-19\bin\server\jvm.dll
0x00007ffd47d50000 - 0x00007ffd47d59000 	C:\WINDOWS\SYSTEM32\WSOCK32.dll
0x00007ffd46df0000 - 0x00007ffd46e24000 	C:\WINDOWS\SYSTEM32\WINMM.dll
0x00007ffd4f3c0000 - 0x00007ffd4f431000 	C:\WINDOWS\System32\WS2_32.dll
0x00007ffd4c9e0000 - 0x00007ffd4c9f8000 	C:\WINDOWS\SYSTEM32\kernel.appcore.dll
0x00007ffd47d00000 - 0x00007ffd47d0a000 	C:\Program Files\Java\jdk-19\bin\jimage.dll
0x00007ffd4af20000 - 0x00007ffd4b14e000 	C:\WINDOWS\SYSTEM32\DBGHELP.DLL
0x00007ffd4f650000 - 0x00007ffd4f9da000 	C:\WINDOWS\System32\combase.dll
0x00007ffd50400000 - 0x00007ffd504d7000 	C:\WINDOWS\System32\OLEAUT32.dll
0x00007ffd448c0000 - 0x00007ffd448f2000 	C:\WINDOWS\SYSTEM32\dbgcore.DLL
0x00007ffd4e260000 - 0x00007ffd4e2da000 	C:\WINDOWS\System32\bcryptPrimitives.dll
0x00007ffd35310000 - 0x00007ffd35336000 	C:\Program Files\Java\jdk-19\bin\java.dll
0x00007ffd0ae40000 - 0x00007ffd0af17000 	C:\Program Files\Java\jdk-19\bin\jsvml.dll
0x00007ffd4fbe0000 - 0x00007ffd503f6000 	C:\WINDOWS\System32\SHELL32.dll
0x00007ffd4b8a0000 - 0x00007ffd4c18a000 	C:\WINDOWS\SYSTEM32\windows.storage.dll
0x00007ffd4b750000 - 0x00007ffd4b88e000 	C:\WINDOWS\SYSTEM32\wintypes.dll
0x00007ffd4fae0000 - 0x00007ffd4fbd3000 	C:\WINDOWS\System32\SHCORE.dll
0x00007ffd4fa80000 - 0x00007ffd4fade000 	C:\WINDOWS\System32\shlwapi.dll
0x00007ffd4d830000 - 0x00007ffd4d856000 	C:\WINDOWS\SYSTEM32\profapi.dll
0x00007ffd443e0000 - 0x00007ffd443f3000 	C:\Program Files\Java\jdk-19\bin\net.dll
0x00007ffd48300000 - 0x00007ffd48437000 	C:\WINDOWS\SYSTEM32\WINHTTP.dll
0x00007ffd4ceb0000 - 0x00007ffd4cf19000 	C:\WINDOWS\system32\mswsock.dll
0x00007ffd33aa0000 - 0x00007ffd33ab6000 	C:\Program Files\Java\jdk-19\bin\nio.dll
0x00007ffd33950000 - 0x00007ffd33968000 	C:\Program Files\Java\jdk-19\bin\zip.dll
0x00007ffd47060000 - 0x00007ffd4706a000 	C:\Program Files\Java\jdk-19\bin\management.dll
0x00007ffd46970000 - 0x00007ffd4697b000 	C:\Program Files\Java\jdk-19\bin\management_ext.dll
0x00007ffd4fa30000 - 0x00007ffd4fa38000 	C:\WINDOWS\System32\PSAPI.DLL

dbghelp: loaded successfully - version: 4.0.5 - missing functions: none
symbol engine: initialized successfully - sym options: 0x614 - pdb path: .;C:\Program Files\Java\jdk-19\bin;C:\WINDOWS\SYSTEM32;C:\WINDOWS\WinSxS\amd64_microsoft.windows.common-controls_6595b64144ccf1df_6.0.22621.2070_none_2713e6537381f706;C:\Program Files\Java\jdk-19\bin\server

VM Arguments:
java_command: C:\Users\99293\AppData\Local\Temp\surefire5930810445287003752\surefirebooter10821965222354926781.jar C:\Users\99293\AppData\Local\Temp\surefire5930810445287003752 2023-09-15T17-26-59_056-jvmRun1 surefire9930792598141167026tmp surefire_09963075848026597326tmp
java_class_path (initial): C:\Users\99293\AppData\Local\Temp\surefire5930810445287003752\surefirebooter10821965222354926781.jar
Launcher Type: SUN_STANDARD

[Global flags]
     intx CICompilerCount                          = 12                                        {product} {ergonomic}
     uint ConcGCThreads                            = 3                                         {product} {ergonomic}
     uint G1ConcRefinementThreads                  = 13                                        {product} {ergonomic}
   size_t G1HeapRegionSize                         = 2097152                                   {product} {ergonomic}
    uintx GCDrainStackTargetSize                   = 64                                        {product} {ergonomic}
   size_t InitialHeapSize                          = 264241152                                 {product} {ergonomic}
   size_t MarkStackSize                            = 4194304                                   {product} {ergonomic}
   size_t MaxHeapSize                              = 4196401152                                {product} {ergonomic}
   size_t MaxNewSize                               = 2516582400                                {product} {ergonomic}
   size_t MinHeapDeltaBytes                        = 2097152                                   {product} {ergonomic}
   size_t MinHeapSize                              = 8388608                                   {product} {ergonomic}
    uintx NonNMethodCodeHeapSize                   = 7602480                                {pd product} {ergonomic}
    uintx NonProfiledCodeHeapSize                  = 122027880                              {pd product} {ergonomic}
    uintx ProfiledCodeHeapSize                     = 122027880                              {pd product} {ergonomic}
    uintx ReservedCodeCacheSize                    = 251658240                              {pd product} {ergonomic}
     bool SegmentedCodeCache                       = true                                      {product} {ergonomic}
   size_t SoftMaxHeapSize                          = 4196401152                             {manageable} {ergonomic}
     bool UseCompressedClassPointers               = true                           {product lp64_product} {ergonomic}
     bool UseCompressedOops                        = true                           {product lp64_product} {ergonomic}
     bool UseG1GC                                  = true                                      {product} {ergonomic}
     bool UseLargePagesIndividualAllocation        = false                                  {pd product} {ergonomic}

Logging:
Log output configuration:
 #0: stdout all=warning uptime,level,tags foldmultilines=false
 #1: stderr all=off uptime,level,tags foldmultilines=false

Environment Variables:
PATH=C:\Program Files\Common Files\Oracle\Java\javapath;C:\Windows\system32;C:\Windows;C:\Windows\System32\Wbem;C:\Windows\System32\WindowsPowerShell\v1.0\;C:\Windows\System32\OpenSSH\;C:\Program Files (x86)\NVIDIA Corporation\PhysX\Common;C:\Program Files\NVIDIA Corporation\NVIDIA NvDLISR;C:\Program Files\Git\cmd;C:\Program Files (x86)\dotnet\;%SystemRoot%\system32;%SystemRoot%;%SystemRoot%\System32\Wbem;%SYSTEMROOT%\System32\WindowsPowerShell\v1.0\;%SYSTEMROOT%\System32\OpenSSH\;C:\Users\99293\AppData\Local\Programs\Python\Python311\Scripts\;C:\Users\99293\AppData\Local\Programs\Python\Python311\;C:\Users\99293\AppData\Local\Microsoft\WindowsApps;;C:\Program Files\JetBrains\IntelliJ IDEA 2022.1.2\bin;;C:\Program Files\heroku\bin
USERNAME=ASUS
OS=Windows_NT
PROCESSOR_IDENTIFIER=Intel64 Family 6 Model 154 Stepping 3, GenuineIntel
TMP=C:\Users\99293\AppData\Local\Temp
TEMP=C:\Users\99293\AppData\Local\Temp



---------------  S Y S T E M  ---------------

OS:
 Windows 11 , 64 bit Build 22621 (10.0.22621.2070)
OS uptime: 1 days 2:56 hours
Hyper-V role detected

CPU: total 16 (initial active 16) (8 cores per cpu, 2 threads per core) family 6 model 154 stepping 3 microcode 0x41c, cx8, cmov, fxsr, ht, mmx, 3dnowpref, sse, sse2, sse3, ssse3, sse4.1, sse4.2, popcnt, lzcnt, tsc, tscinvbit, avx, avx2, aes, erms, clmul, bmi1, bmi2, adx, sha, fma, vzeroupper, clflush, clflushopt, clwb, hv, serialize, rdtscp, rdpid, fsrm

Memory: 4k page, system-wide physical 16005M (2807M free)
TotalPageFile size 18053M (AvailPageFile size 4M)
current process WorkingSet (physical memory assigned to process): 41M, peak: 41M
current process commit charge ("private bytes"): 354M, peak: 354M

vm_info: Java HotSpot(TM) 64-Bit Server VM (19.0.2+7-44) for windows-amd64 JRE (19.0.2+7-44), built on 2022-11-30T18:02:09Z by "mach5one" with MS VC++ 17.1 (VS2022)

END.
