#
# A fatal error has been detected by the Java Runtime Environment:
#
#  EXCEPTION_STACK_OVERFLOW (0xc00000fd) at pc=0x00007ffa85b125b3, pid=14640, tid=19816
#
# JRE version: Java(TM) SE Runtime Environment (19.0.2+7) (build 19.0.2+7-44)
# Java VM: Java HotSpot(TM) 64-Bit Server VM (19.0.2+7-44, mixed mode, sharing, tiered, compressed oops, compressed class ptrs, g1 gc, windows-amd64)
# Problematic frame:
# V  [jvm.dll+0x3e25b3]
#
# No core dump will be written. Minidumps are not enabled by default on client versions of Windows
#
# If you would like to submit a bug report, please visit:
#   https://bugreport.java.com/bugreport/crash.jsp
#

---------------  S U M M A R Y ------------

Command Line: C:\Users\99293\AppData\Local\Temp\surefire9144112741549571176\surefirebooter3721527403578699931.jar C:\Users\99293\AppData\Local\Temp\surefire9144112741549571176 2024-03-26T17-02-56_929-jvmRun1 surefire7733030899250833105tmp surefire_015597505876807533422tmp

Host: 12th Gen Intel(R) Core(TM) i7-12650H, 16 cores, 15G,  Windows 11 , 64 bit Build 22621 (10.0.22621.3235)
Time: Tue Mar 26 17:02:57 2024  Windows 11 , 64 bit Build 22621 (10.0.22621.3235) elapsed time: 0.122786 seconds (0d 0h 0m 0s)

---------------  T H R E A D  ---------------

Current thread (0x000002662ec64ab0):  JavaThread "surefire-forkedjvm-last-ditch-daemon-shutdown-thread-30s" daemon [_thread_in_vm, id=19816, stack(0x0000007b6cf00000,0x0000007b6d000000)]

Stack: [0x0000007b6cf00000,0x0000007b6d000000],  sp=0x0000007b6cfff6b0,  free space=1021k
Native frames: (J=compiled Java code, j=interpreted, Vv=VM code, C=native code)
V  [jvm.dll+0x3e25b3]
V  [jvm.dll+0x6ee142]
V  [jvm.dll+0x3e31bb]
V  [jvm.dll+0x3e3447]
V  [jvm.dll+0x46b915]
V  [jvm.dll+0x807588]
V  [jvm.dll+0x80125a]
