#
# There is insufficient memory for the Java Runtime Environment to continue.
# Native memory allocation (malloc) failed to allocate 32744 bytes for Chunk::new
# Possible reasons:
#   The system is out of physical RAM or swap space
#   The process is running with CompressedOops enabled, and the Java Heap may be blocking the growth of the native heap
# Possible solutions:
#   Reduce memory load on the system
#   Increase physical memory or swap space
#   Check if swap backing store is full
#   Decrease Java heap size (-Xmx/-Xms)
#   Decrease number of Java threads
#   Decrease Java thread stack sizes (-Xss)
#   Set larger code cache with -XX:ReservedCodeCacheSize=
#   JVM is running with Zero Based Compressed Oops mode in which the Java heap is
#     placed in the first 32GB address space. The Java Heap base address is the
#     maximum limit for the native heap growth. Please use -XX:HeapBaseMinAddress
#     to set the Java Heap base and to place the Java Heap above 32GB virtual address.
# This output file may be truncated or incomplete.
#
#  Out of Memory Error (arena.cpp:184), pid=21972, tid=13152
#
# JRE version: Java(TM) SE Runtime Environment (19.0.2+7) (build 19.0.2+7-44)
# Java VM: Java HotSpot(TM) 64-Bit Server VM (19.0.2+7-44, mixed mode, sharing, tiered, compressed oops, compressed class ptrs, g1 gc, windows-amd64)
# No core dump will be written. Minidumps are not enabled by default on client versions of Windows
#

---------------  S U M M A R Y ------------

Command Line: C:\Users\99293\AppData\Local\Temp\surefire6339981197067688083\surefirebooter8711353383463970285.jar C:\Users\99293\AppData\Local\Temp\surefire6339981197067688083 2023-10-23T21-27-58_389-jvmRun1 surefire7519766856594018024tmp surefire_011664680089966942516tmp

Host: 12th Gen Intel(R) Core(TM) i7-12650H, 16 cores, 15G,  Windows 11 , 64 bit Build 22621 (10.0.22621.2215)
Time: Mon Oct 23 21:27:58 2023  Windows 11 , 64 bit Build 22621 (10.0.22621.2215) elapsed time: 0.227475 seconds (0d 0h 0m 0s)

---------------  T H R E A D  ---------------

Current thread (0x0000024fc1194c30):  JavaThread "C2 CompilerThread0" daemon [_thread_in_native, id=13152, stack(0x000000bb7eb00000,0x000000bb7ec00000)]


Current CompileTask:
C2:    227  829   !   4       java.util.zip.ZipFile$Source::getEntryPos (195 bytes)

Stack: [0x000000bb7eb00000,0x000000bb7ec00000]
Native frames: (J=compiled Java code, j=interpreted, Vv=VM code, C=native code)
V  [jvm.dll+0x6ee21a]
V  [jvm.dll+0x85765e]
V  [jvm.dll+0x85904e]
V  [jvm.dll+0x859703]
V  [jvm.dll+0x28298f]
V  [jvm.dll+0xc9adf]
V  [jvm.dll+0xc9e65]
V  [jvm.dll+0x719b09]
V  [jvm.dll+0x1ee367]
V  [jvm.dll+0x24c52b]
V  [jvm.dll+0x24b781]
V  [jvm.dll+0x1d6ce1]
V  [jvm.dll+0x25b25a]
V  [jvm.dll+0x2596e8]
V  [jvm.dll+0x807588]
V  [jvm.dll+0x80125a]
V  [jvm.dll+0x6ecf0b]
C  [ucrtbase.dll+0x29363]
C  [KERNEL32.DLL+0x1257d]
C  [ntdll.dll+0x5aa68]


---------------  P R O C E S S  ---------------

Threads class SMR info:
_java_thread_list=0x0000024fc5cc12f0, length=19, elements={
0x0000024f9d526c40, 0x0000024fc1180860, 0x0000024fc1181650, 0x0000024fc1185fb0,
0x0000024fc118bd70, 0x0000024fc118ce40, 0x0000024fc1193420, 0x0000024fc1194c30,
0x0000024fc1199d50, 0x0000024fc11be620, 0x0000024fc5502a20, 0x0000024fc550f800,
0x0000024fc5514ca0, 0x0000024fc5518df0, 0x0000024fc55161e0, 0x0000024fc5515c90,
0x0000024fc573fbd0, 0x0000024fc5516c80, 0x0000024fc5f34ec0
}

Java Threads: ( => current thread )
  0x0000024f9d526c40 JavaThread "main" [_thread_in_Java, id=7640, stack(0x000000bb7de00000,0x000000bb7df00000)]
  0x0000024fc1180860 JavaThread "Reference Handler" daemon [_thread_blocked, id=15232, stack(0x000000bb7e500000,0x000000bb7e600000)]
  0x0000024fc1181650 JavaThread "Finalizer" daemon [_thread_blocked, id=19852, stack(0x000000bb7e600000,0x000000bb7e700000)]
  0x0000024fc1185fb0 JavaThread "Signal Dispatcher" daemon [_thread_blocked, id=15604, stack(0x000000bb7e700000,0x000000bb7e800000)]
  0x0000024fc118bd70 JavaThread "Attach Listener" daemon [_thread_blocked, id=21796, stack(0x000000bb7e800000,0x000000bb7e900000)]
  0x0000024fc118ce40 JavaThread "Service Thread" daemon [_thread_blocked, id=17380, stack(0x000000bb7e900000,0x000000bb7ea00000)]
  0x0000024fc1193420 JavaThread "Monitor Deflation Thread" daemon [_thread_blocked, id=20968, stack(0x000000bb7ea00000,0x000000bb7eb00000)]
=>0x0000024fc1194c30 JavaThread "C2 CompilerThread0" daemon [_thread_in_native, id=13152, stack(0x000000bb7eb00000,0x000000bb7ec00000)]
  0x0000024fc1199d50 JavaThread "C1 CompilerThread0" daemon [_thread_in_native, id=22968, stack(0x000000bb7ec00000,0x000000bb7ed00000)]
  0x0000024fc11be620 JavaThread "Sweeper thread" daemon [_thread_blocked, id=5648, stack(0x000000bb7ed00000,0x000000bb7ee00000)]
  0x0000024fc5502a20 JavaThread "C1 CompilerThread1" daemon [_thread_blocked, id=19060, stack(0x000000bb7ee00000,0x000000bb7ef00000)]
  0x0000024fc550f800 JavaThread "C1 CompilerThread2" daemon [_thread_in_native, id=20984, stack(0x000000bb7ef00000,0x000000bb7f000000)]
  0x0000024fc5514ca0 JavaThread "Notification Thread" daemon [_thread_blocked, id=15996, stack(0x000000bb7f000000,0x000000bb7f100000)]
  0x0000024fc5518df0 JavaThread "C1 CompilerThread3" daemon [_thread_blocked, id=9552, stack(0x000000bb7f100000,0x000000bb7f200000)]
  0x0000024fc55161e0 JavaThread "Common-Cleaner" daemon [_thread_blocked, id=18704, stack(0x000000bb7f300000,0x000000bb7f400000)]
  0x0000024fc5515c90 JavaThread "surefire-forkedjvm-command-thread" daemon [_thread_in_native, id=1436, stack(0x000000bb7f400000,0x000000bb7f500000)]
  0x0000024fc573fbd0 JavaThread "C2 CompilerThread1" daemon [_thread_in_native, id=11864, stack(0x000000bb7f500000,0x000000bb7f600000)]
  0x0000024fc5516c80 JavaThread "surefire-forkedjvm-ping-30s" daemon [_thread_in_native, id=19620, stack(0x000000bb7f600000,0x000000bb7f700000)]
  0x0000024fc5f34ec0 JavaThread "C2 CompilerThread2" daemon [_thread_in_native, id=2756, stack(0x000000bb7f700000,0x000000bb7f800000)]

Other Threads:
  0x0000024fc116c0c0 VMThread "VM Thread" [stack: 0x000000bb7e400000,0x000000bb7e500000] [id=12992]
  0x0000024fc5522490 WatcherThread "VM Periodic Task Thread" [stack: 0x000000bb7f200000,0x000000bb7f300000] [id=13656]
  0x0000024f9d597800 WorkerThread "GC Thread#0" [stack: 0x000000bb7df00000,0x000000bb7e000000] [id=11648]
  0x0000024f9d5a8170 ConcurrentGCThread "G1 Main Marker" [stack: 0x000000bb7e000000,0x000000bb7e100000] [id=20320]
  0x0000024f9d5aa4f0 WorkerThread "G1 Conc#0" [stack: 0x000000bb7e100000,0x000000bb7e200000] [id=10736]
  0x0000024fc1023eb0 ConcurrentGCThread "G1 Refine#0" [stack: 0x000000bb7e200000,0x000000bb7e300000] [id=11880]
  0x0000024fc10249f0 ConcurrentGCThread "G1 Service" [stack: 0x000000bb7e300000,0x000000bb7e400000] [id=23244]

Threads with active compile tasks:
C2 CompilerThread0      239  829   !   4       java.util.zip.ZipFile$Source::getEntryPos (195 bytes)
C1 CompilerThread0      239  846       3       java.net.URLStreamHandler::parseURL (1124 bytes)
C2 CompilerThread1      239  839  s!   4       jdk.internal.loader.URLClassPath::getLoader (194 bytes)
C2 CompilerThread2      239  852 %     4       java.lang.StringLatin1::indexOf @ 30 (121 bytes)

VM state: not at safepoint (normal execution)

VM Mutex/Monitor currently owned by a thread: None

Heap address: 0x0000000705e00000, size: 4002 MB, Compressed Oops mode: Zero based, Oop shift amount: 3

CDS archive(s) mapped at: [0x0000000800000000-0x0000000800c40000-0x0000000800c40000), size 12845056, SharedBaseAddress: 0x0000000800000000, ArchiveRelocationMode: 0.
Compressed class space mapped at: 0x0000000801000000-0x0000000841000000, reserved size: 1073741824
Narrow klass base: 0x0000000800000000, Narrow klass shift: 0, Narrow klass range: 0x100000000

GC Precious Log:
 CardTable entry size: 512
 Card Set container configuration: InlinePtr #cards 4 size 8 Array Of Cards #cards 16 size 48 Howl #buckets 8 coarsen threshold 3686 Howl Bitmap #cards 512 size 80 coarsen threshold 460 Card regions per heap region 1 cards per card region 4096
 CPUs: 16 total, 16 available
 Memory: 16005M
 Large Page Support: Disabled
 NUMA Support: Disabled
 Compressed Oops: Enabled (Zero based)
 Heap Region Size: 2M
 Heap Min Capacity: 8M
 Heap Initial Capacity: 252M
 Heap Max Capacity: 4002M
 Pre-touch: Disabled
 Parallel Workers: 13
 Concurrent Workers: 3
 Concurrent Refinement Workers: 13
 Periodic GC: Disabled

Heap:
 garbage-first heap   total 258048K, used 16384K [0x0000000705e00000, 0x0000000800000000)
  region size 2048K, 10 young (20480K), 0 survivors (0K)
 Metaspace       used 3052K, committed 3200K, reserved 1114112K
  class space    used 291K, committed 384K, reserved 1048576K

Heap Regions: E=young(eden), S=young(survivor), O=old, HS=humongous(starts), HC=humongous(continues), CS=collection set, F=free, OA=open archive, CA=closed archive, TAMS=top-at-mark-start (previous, next)
|   0|0x0000000705e00000, 0x0000000705e00000, 0x0000000706000000|  0%| F|  |TAMS 0x0000000705e00000, 0x0000000705e00000| Untracked 
|   1|0x0000000706000000, 0x0000000706000000, 0x0000000706200000|  0%| F|  |TAMS 0x0000000706000000, 0x0000000706000000| Untracked 
|   2|0x0000000706200000, 0x0000000706200000, 0x0000000706400000|  0%| F|  |TAMS 0x0000000706200000, 0x0000000706200000| Untracked 
|   3|0x0000000706400000, 0x0000000706400000, 0x0000000706600000|  0%| F|  |TAMS 0x0000000706400000, 0x0000000706400000| Untracked 
|   4|0x0000000706600000, 0x0000000706600000, 0x0000000706800000|  0%| F|  |TAMS 0x0000000706600000, 0x0000000706600000| Untracked 
|   5|0x0000000706800000, 0x0000000706800000, 0x0000000706a00000|  0%| F|  |TAMS 0x0000000706800000, 0x0000000706800000| Untracked 
|   6|0x0000000706a00000, 0x0000000706a00000, 0x0000000706c00000|  0%| F|  |TAMS 0x0000000706a00000, 0x0000000706a00000| Untracked 
|   7|0x0000000706c00000, 0x0000000706c00000, 0x0000000706e00000|  0%| F|  |TAMS 0x0000000706c00000, 0x0000000706c00000| Untracked 
|   8|0x0000000706e00000, 0x0000000706e00000, 0x0000000707000000|  0%| F|  |TAMS 0x0000000706e00000, 0x0000000706e00000| Untracked 
|   9|0x0000000707000000, 0x0000000707000000, 0x0000000707200000|  0%| F|  |TAMS 0x0000000707000000, 0x0000000707000000| Untracked 
|  10|0x0000000707200000, 0x0000000707200000, 0x0000000707400000|  0%| F|  |TAMS 0x0000000707200000, 0x0000000707200000| Untracked 
|  11|0x0000000707400000, 0x0000000707400000, 0x0000000707600000|  0%| F|  |TAMS 0x0000000707400000, 0x0000000707400000| Untracked 
|  12|0x0000000707600000, 0x0000000707600000, 0x0000000707800000|  0%| F|  |TAMS 0x0000000707600000, 0x0000000707600000| Untracked 
|  13|0x0000000707800000, 0x0000000707800000, 0x0000000707a00000|  0%| F|  |TAMS 0x0000000707800000, 0x0000000707800000| Untracked 
|  14|0x0000000707a00000, 0x0000000707a00000, 0x0000000707c00000|  0%| F|  |TAMS 0x0000000707a00000, 0x0000000707a00000| Untracked 
|  15|0x0000000707c00000, 0x0000000707c00000, 0x0000000707e00000|  0%| F|  |TAMS 0x0000000707c00000, 0x0000000707c00000| Untracked 
|  16|0x0000000707e00000, 0x0000000707e00000, 0x0000000708000000|  0%| F|  |TAMS 0x0000000707e00000, 0x0000000707e00000| Untracked 
|  17|0x0000000708000000, 0x0000000708000000, 0x0000000708200000|  0%| F|  |TAMS 0x0000000708000000, 0x0000000708000000| Untracked 
|  18|0x0000000708200000, 0x0000000708200000, 0x0000000708400000|  0%| F|  |TAMS 0x0000000708200000, 0x0000000708200000| Untracked 
|  19|0x0000000708400000, 0x0000000708400000, 0x0000000708600000|  0%| F|  |TAMS 0x0000000708400000, 0x0000000708400000| Untracked 
|  20|0x0000000708600000, 0x0000000708600000, 0x0000000708800000|  0%| F|  |TAMS 0x0000000708600000, 0x0000000708600000| Untracked 
|  21|0x0000000708800000, 0x0000000708800000, 0x0000000708a00000|  0%| F|  |TAMS 0x0000000708800000, 0x0000000708800000| Untracked 
|  22|0x0000000708a00000, 0x0000000708a00000, 0x0000000708c00000|  0%| F|  |TAMS 0x0000000708a00000, 0x0000000708a00000| Untracked 
|  23|0x0000000708c00000, 0x0000000708c00000, 0x0000000708e00000|  0%| F|  |TAMS 0x0000000708c00000, 0x0000000708c00000| Untracked 
|  24|0x0000000708e00000, 0x0000000708e00000, 0x0000000709000000|  0%| F|  |TAMS 0x0000000708e00000, 0x0000000708e00000| Untracked 
|  25|0x0000000709000000, 0x0000000709000000, 0x0000000709200000|  0%| F|  |TAMS 0x0000000709000000, 0x0000000709000000| Untracked 
|  26|0x0000000709200000, 0x0000000709200000, 0x0000000709400000|  0%| F|  |TAMS 0x0000000709200000, 0x0000000709200000| Untracked 
|  27|0x0000000709400000, 0x0000000709400000, 0x0000000709600000|  0%| F|  |TAMS 0x0000000709400000, 0x0000000709400000| Untracked 
|  28|0x0000000709600000, 0x0000000709600000, 0x0000000709800000|  0%| F|  |TAMS 0x0000000709600000, 0x0000000709600000| Untracked 
|  29|0x0000000709800000, 0x0000000709800000, 0x0000000709a00000|  0%| F|  |TAMS 0x0000000709800000, 0x0000000709800000| Untracked 
|  30|0x0000000709a00000, 0x0000000709a00000, 0x0000000709c00000|  0%| F|  |TAMS 0x0000000709a00000, 0x0000000709a00000| Untracked 
|  31|0x0000000709c00000, 0x0000000709c00000, 0x0000000709e00000|  0%| F|  |TAMS 0x0000000709c00000, 0x0000000709c00000| Untracked 
|  32|0x0000000709e00000, 0x0000000709e00000, 0x000000070a000000|  0%| F|  |TAMS 0x0000000709e00000, 0x0000000709e00000| Untracked 
|  33|0x000000070a000000, 0x000000070a000000, 0x000000070a200000|  0%| F|  |TAMS 0x000000070a000000, 0x000000070a000000| Untracked 
|  34|0x000000070a200000, 0x000000070a200000, 0x000000070a400000|  0%| F|  |TAMS 0x000000070a200000, 0x000000070a200000| Untracked 
|  35|0x000000070a400000, 0x000000070a400000, 0x000000070a600000|  0%| F|  |TAMS 0x000000070a400000, 0x000000070a400000| Untracked 
|  36|0x000000070a600000, 0x000000070a600000, 0x000000070a800000|  0%| F|  |TAMS 0x000000070a600000, 0x000000070a600000| Untracked 
|  37|0x000000070a800000, 0x000000070a800000, 0x000000070aa00000|  0%| F|  |TAMS 0x000000070a800000, 0x000000070a800000| Untracked 
|  38|0x000000070aa00000, 0x000000070aa00000, 0x000000070ac00000|  0%| F|  |TAMS 0x000000070aa00000, 0x000000070aa00000| Untracked 
|  39|0x000000070ac00000, 0x000000070ac00000, 0x000000070ae00000|  0%| F|  |TAMS 0x000000070ac00000, 0x000000070ac00000| Untracked 
|  40|0x000000070ae00000, 0x000000070ae00000, 0x000000070b000000|  0%| F|  |TAMS 0x000000070ae00000, 0x000000070ae00000| Untracked 
|  41|0x000000070b000000, 0x000000070b000000, 0x000000070b200000|  0%| F|  |TAMS 0x000000070b000000, 0x000000070b000000| Untracked 
|  42|0x000000070b200000, 0x000000070b200000, 0x000000070b400000|  0%| F|  |TAMS 0x000000070b200000, 0x000000070b200000| Untracked 
|  43|0x000000070b400000, 0x000000070b400000, 0x000000070b600000|  0%| F|  |TAMS 0x000000070b400000, 0x000000070b400000| Untracked 
|  44|0x000000070b600000, 0x000000070b600000, 0x000000070b800000|  0%| F|  |TAMS 0x000000070b600000, 0x000000070b600000| Untracked 
|  45|0x000000070b800000, 0x000000070b800000, 0x000000070ba00000|  0%| F|  |TAMS 0x000000070b800000, 0x000000070b800000| Untracked 
|  46|0x000000070ba00000, 0x000000070ba00000, 0x000000070bc00000|  0%| F|  |TAMS 0x000000070ba00000, 0x000000070ba00000| Untracked 
|  47|0x000000070bc00000, 0x000000070bc00000, 0x000000070be00000|  0%| F|  |TAMS 0x000000070bc00000, 0x000000070bc00000| Untracked 
|  48|0x000000070be00000, 0x000000070be00000, 0x000000070c000000|  0%| F|  |TAMS 0x000000070be00000, 0x000000070be00000| Untracked 
|  49|0x000000070c000000, 0x000000070c000000, 0x000000070c200000|  0%| F|  |TAMS 0x000000070c000000, 0x000000070c000000| Untracked 
|  50|0x000000070c200000, 0x000000070c200000, 0x000000070c400000|  0%| F|  |TAMS 0x000000070c200000, 0x000000070c200000| Untracked 
|  51|0x000000070c400000, 0x000000070c400000, 0x000000070c600000|  0%| F|  |TAMS 0x000000070c400000, 0x000000070c400000| Untracked 
|  52|0x000000070c600000, 0x000000070c600000, 0x000000070c800000|  0%| F|  |TAMS 0x000000070c600000, 0x000000070c600000| Untracked 
|  53|0x000000070c800000, 0x000000070c800000, 0x000000070ca00000|  0%| F|  |TAMS 0x000000070c800000, 0x000000070c800000| Untracked 
|  54|0x000000070ca00000, 0x000000070ca00000, 0x000000070cc00000|  0%| F|  |TAMS 0x000000070ca00000, 0x000000070ca00000| Untracked 
|  55|0x000000070cc00000, 0x000000070cc00000, 0x000000070ce00000|  0%| F|  |TAMS 0x000000070cc00000, 0x000000070cc00000| Untracked 
|  56|0x000000070ce00000, 0x000000070ce00000, 0x000000070d000000|  0%| F|  |TAMS 0x000000070ce00000, 0x000000070ce00000| Untracked 
|  57|0x000000070d000000, 0x000000070d000000, 0x000000070d200000|  0%| F|  |TAMS 0x000000070d000000, 0x000000070d000000| Untracked 
|  58|0x000000070d200000, 0x000000070d200000, 0x000000070d400000|  0%| F|  |TAMS 0x000000070d200000, 0x000000070d200000| Untracked 
|  59|0x000000070d400000, 0x000000070d400000, 0x000000070d600000|  0%| F|  |TAMS 0x000000070d400000, 0x000000070d400000| Untracked 
|  60|0x000000070d600000, 0x000000070d600000, 0x000000070d800000|  0%| F|  |TAMS 0x000000070d600000, 0x000000070d600000| Untracked 
|  61|0x000000070d800000, 0x000000070d800000, 0x000000070da00000|  0%| F|  |TAMS 0x000000070d800000, 0x000000070d800000| Untracked 
|  62|0x000000070da00000, 0x000000070da00000, 0x000000070dc00000|  0%| F|  |TAMS 0x000000070da00000, 0x000000070da00000| Untracked 
|  63|0x000000070dc00000, 0x000000070dc00000, 0x000000070de00000|  0%| F|  |TAMS 0x000000070dc00000, 0x000000070dc00000| Untracked 
|  64|0x000000070de00000, 0x000000070de00000, 0x000000070e000000|  0%| F|  |TAMS 0x000000070de00000, 0x000000070de00000| Untracked 
|  65|0x000000070e000000, 0x000000070e000000, 0x000000070e200000|  0%| F|  |TAMS 0x000000070e000000, 0x000000070e000000| Untracked 
|  66|0x000000070e200000, 0x000000070e200000, 0x000000070e400000|  0%| F|  |TAMS 0x000000070e200000, 0x000000070e200000| Untracked 
|  67|0x000000070e400000, 0x000000070e400000, 0x000000070e600000|  0%| F|  |TAMS 0x000000070e400000, 0x000000070e400000| Untracked 
|  68|0x000000070e600000, 0x000000070e600000, 0x000000070e800000|  0%| F|  |TAMS 0x000000070e600000, 0x000000070e600000| Untracked 
|  69|0x000000070e800000, 0x000000070e800000, 0x000000070ea00000|  0%| F|  |TAMS 0x000000070e800000, 0x000000070e800000| Untracked 
|  70|0x000000070ea00000, 0x000000070ea00000, 0x000000070ec00000|  0%| F|  |TAMS 0x000000070ea00000, 0x000000070ea00000| Untracked 
|  71|0x000000070ec00000, 0x000000070ec00000, 0x000000070ee00000|  0%| F|  |TAMS 0x000000070ec00000, 0x000000070ec00000| Untracked 
|  72|0x000000070ee00000, 0x000000070ee00000, 0x000000070f000000|  0%| F|  |TAMS 0x000000070ee00000, 0x000000070ee00000| Untracked 
|  73|0x000000070f000000, 0x000000070f000000, 0x000000070f200000|  0%| F|  |TAMS 0x000000070f000000, 0x000000070f000000| Untracked 
|  74|0x000000070f200000, 0x000000070f200000, 0x000000070f400000|  0%| F|  |TAMS 0x000000070f200000, 0x000000070f200000| Untracked 
|  75|0x000000070f400000, 0x000000070f400000, 0x000000070f600000|  0%| F|  |TAMS 0x000000070f400000, 0x000000070f400000| Untracked 
|  76|0x000000070f600000, 0x000000070f600000, 0x000000070f800000|  0%| F|  |TAMS 0x000000070f600000, 0x000000070f600000| Untracked 
|  77|0x000000070f800000, 0x000000070f800000, 0x000000070fa00000|  0%| F|  |TAMS 0x000000070f800000, 0x000000070f800000| Untracked 
|  78|0x000000070fa00000, 0x000000070fa00000, 0x000000070fc00000|  0%| F|  |TAMS 0x000000070fa00000, 0x000000070fa00000| Untracked 
|  79|0x000000070fc00000, 0x000000070fc00000, 0x000000070fe00000|  0%| F|  |TAMS 0x000000070fc00000, 0x000000070fc00000| Untracked 
|  80|0x000000070fe00000, 0x000000070fe00000, 0x0000000710000000|  0%| F|  |TAMS 0x000000070fe00000, 0x000000070fe00000| Untracked 
|  81|0x0000000710000000, 0x0000000710000000, 0x0000000710200000|  0%| F|  |TAMS 0x0000000710000000, 0x0000000710000000| Untracked 
|  82|0x0000000710200000, 0x0000000710200000, 0x0000000710400000|  0%| F|  |TAMS 0x0000000710200000, 0x0000000710200000| Untracked 
|  83|0x0000000710400000, 0x0000000710400000, 0x0000000710600000|  0%| F|  |TAMS 0x0000000710400000, 0x0000000710400000| Untracked 
|  84|0x0000000710600000, 0x0000000710600000, 0x0000000710800000|  0%| F|  |TAMS 0x0000000710600000, 0x0000000710600000| Untracked 
|  85|0x0000000710800000, 0x0000000710800000, 0x0000000710a00000|  0%| F|  |TAMS 0x0000000710800000, 0x0000000710800000| Untracked 
|  86|0x0000000710a00000, 0x0000000710a00000, 0x0000000710c00000|  0%| F|  |TAMS 0x0000000710a00000, 0x0000000710a00000| Untracked 
|  87|0x0000000710c00000, 0x0000000710c00000, 0x0000000710e00000|  0%| F|  |TAMS 0x0000000710c00000, 0x0000000710c00000| Untracked 
|  88|0x0000000710e00000, 0x0000000710e00000, 0x0000000711000000|  0%| F|  |TAMS 0x0000000710e00000, 0x0000000710e00000| Untracked 
|  89|0x0000000711000000, 0x0000000711000000, 0x0000000711200000|  0%| F|  |TAMS 0x0000000711000000, 0x0000000711000000| Untracked 
|  90|0x0000000711200000, 0x0000000711200000, 0x0000000711400000|  0%| F|  |TAMS 0x0000000711200000, 0x0000000711200000| Untracked 
|  91|0x0000000711400000, 0x0000000711400000, 0x0000000711600000|  0%| F|  |TAMS 0x0000000711400000, 0x0000000711400000| Untracked 
|  92|0x0000000711600000, 0x0000000711600000, 0x0000000711800000|  0%| F|  |TAMS 0x0000000711600000, 0x0000000711600000| Untracked 
|  93|0x0000000711800000, 0x0000000711800000, 0x0000000711a00000|  0%| F|  |TAMS 0x0000000711800000, 0x0000000711800000| Untracked 
|  94|0x0000000711a00000, 0x0000000711a00000, 0x0000000711c00000|  0%| F|  |TAMS 0x0000000711a00000, 0x0000000711a00000| Untracked 
|  95|0x0000000711c00000, 0x0000000711c00000, 0x0000000711e00000|  0%| F|  |TAMS 0x0000000711c00000, 0x0000000711c00000| Untracked 
|  96|0x0000000711e00000, 0x0000000711e00000, 0x0000000712000000|  0%| F|  |TAMS 0x0000000711e00000, 0x0000000711e00000| Untracked 
|  97|0x0000000712000000, 0x0000000712000000, 0x0000000712200000|  0%| F|  |TAMS 0x0000000712000000, 0x0000000712000000| Untracked 
|  98|0x0000000712200000, 0x0000000712200000, 0x0000000712400000|  0%| F|  |TAMS 0x0000000712200000, 0x0000000712200000| Untracked 
|  99|0x0000000712400000, 0x0000000712400000, 0x0000000712600000|  0%| F|  |TAMS 0x0000000712400000, 0x0000000712400000| Untracked 
| 100|0x0000000712600000, 0x0000000712600000, 0x0000000712800000|  0%| F|  |TAMS 0x0000000712600000, 0x0000000712600000| Untracked 
| 101|0x0000000712800000, 0x0000000712800000, 0x0000000712a00000|  0%| F|  |TAMS 0x0000000712800000, 0x0000000712800000| Untracked 
| 102|0x0000000712a00000, 0x0000000712a00000, 0x0000000712c00000|  0%| F|  |TAMS 0x0000000712a00000, 0x0000000712a00000| Untracked 
| 103|0x0000000712c00000, 0x0000000712c00000, 0x0000000712e00000|  0%| F|  |TAMS 0x0000000712c00000, 0x0000000712c00000| Untracked 
| 104|0x0000000712e00000, 0x0000000712e00000, 0x0000000713000000|  0%| F|  |TAMS 0x0000000712e00000, 0x0000000712e00000| Untracked 
| 105|0x0000000713000000, 0x0000000713000000, 0x0000000713200000|  0%| F|  |TAMS 0x0000000713000000, 0x0000000713000000| Untracked 
| 106|0x0000000713200000, 0x0000000713200000, 0x0000000713400000|  0%| F|  |TAMS 0x0000000713200000, 0x0000000713200000| Untracked 
| 107|0x0000000713400000, 0x0000000713400000, 0x0000000713600000|  0%| F|  |TAMS 0x0000000713400000, 0x0000000713400000| Untracked 
| 108|0x0000000713600000, 0x0000000713600000, 0x0000000713800000|  0%| F|  |TAMS 0x0000000713600000, 0x0000000713600000| Untracked 
| 109|0x0000000713800000, 0x0000000713800000, 0x0000000713a00000|  0%| F|  |TAMS 0x0000000713800000, 0x0000000713800000| Untracked 
| 110|0x0000000713a00000, 0x0000000713a00000, 0x0000000713c00000|  0%| F|  |TAMS 0x0000000713a00000, 0x0000000713a00000| Untracked 
| 111|0x0000000713c00000, 0x0000000713c00000, 0x0000000713e00000|  0%| F|  |TAMS 0x0000000713c00000, 0x0000000713c00000| Untracked 
| 112|0x0000000713e00000, 0x0000000713e00000, 0x0000000714000000|  0%| F|  |TAMS 0x0000000713e00000, 0x0000000713e00000| Untracked 
| 113|0x0000000714000000, 0x0000000714000000, 0x0000000714200000|  0%| F|  |TAMS 0x0000000714000000, 0x0000000714000000| Untracked 
| 114|0x0000000714200000, 0x0000000714200000, 0x0000000714400000|  0%| F|  |TAMS 0x0000000714200000, 0x0000000714200000| Untracked 
| 115|0x0000000714400000, 0x0000000714400000, 0x0000000714600000|  0%| F|  |TAMS 0x0000000714400000, 0x0000000714400000| Untracked 
| 116|0x0000000714600000, 0x00000007146fc678, 0x0000000714800000| 49%| E|  |TAMS 0x0000000714600000, 0x0000000714600000| Complete 
| 117|0x0000000714800000, 0x0000000714a00000, 0x0000000714a00000|100%| E|CS|TAMS 0x0000000714800000, 0x0000000714800000| Complete 
| 118|0x0000000714a00000, 0x0000000714c00000, 0x0000000714c00000|100%| E|CS|TAMS 0x0000000714a00000, 0x0000000714a00000| Complete 
| 119|0x0000000714c00000, 0x0000000714e00000, 0x0000000714e00000|100%| E|  |TAMS 0x0000000714c00000, 0x0000000714c00000| Complete 
| 120|0x0000000714e00000, 0x0000000715000000, 0x0000000715000000|100%| E|CS|TAMS 0x0000000714e00000, 0x0000000714e00000| Complete 
| 121|0x0000000715000000, 0x0000000715200000, 0x0000000715200000|100%| E|CS|TAMS 0x0000000715000000, 0x0000000715000000| Complete 
| 122|0x0000000715200000, 0x0000000715400000, 0x0000000715400000|100%| E|CS|TAMS 0x0000000715200000, 0x0000000715200000| Complete 
| 123|0x0000000715400000, 0x0000000715600000, 0x0000000715600000|100%| E|CS|TAMS 0x0000000715400000, 0x0000000715400000| Complete 
| 124|0x0000000715600000, 0x0000000715800000, 0x0000000715800000|100%| E|CS|TAMS 0x0000000715600000, 0x0000000715600000| Complete 
| 125|0x0000000715800000, 0x0000000715a00000, 0x0000000715a00000|100%| E|CS|TAMS 0x0000000715800000, 0x0000000715800000| Complete 

Card table byte_map: [0x0000024fb5500000,0x0000024fb5ce0000] _byte_map_base: 0x0000024fb1cd1000

Marking Bits (Prev, Next): (CMBitMap*) 0x0000024f9d597e30, (CMBitMap*) 0x0000024f9d597e70
 Prev Bits: [0x0000024fb64c0000, 0x0000024fba348000)
 Next Bits: [0x0000024fba350000, 0x0000024fbe1d8000)

Polling page: 0x0000024f9b480000

Metaspace:

Usage:
  Non-class:      2.73 MB used.
      Class:    294.55 KB used.
       Both:      3.02 MB used.

Virtual space:
  Non-class space:       64.00 MB reserved,       2.81 MB (  4%) committed,  1 nodes.
      Class space:        1.00 GB reserved,     384.00 KB ( <1%) committed,  1 nodes.
             Both:        1.06 GB reserved,       3.19 MB ( <1%) committed. 

Chunk freelists:
   Non-Class:  3.05 MB
       Class:  3.60 MB
        Both:  6.64 MB

MaxMetaspaceSize: unlimited
CompressedClassSpaceSize: 1.00 GB
Initial GC threshold: 21.00 MB
Current GC threshold: 21.00 MB
CDS: on
MetaspaceReclaimPolicy: balanced
 - commit_granule_bytes: 65536.
 - commit_granule_words: 8192.
 - virtual_space_node_default_size: 8388608.
 - enlarge_chunks_in_place: 1.
 - new_chunks_are_fully_committed: 0.
 - uncommit_free_chunks: 1.
 - use_allocation_guard: 0.


Internal statistics:

num_allocs_failed_limit: 0.
num_arena_births: 40.
num_arena_deaths: 0.
num_vsnodes_births: 2.
num_vsnodes_deaths: 0.
num_space_committed: 51.
num_space_uncommitted: 0.
num_chunks_returned_to_freelist: 0.
num_chunks_taken_from_freelist: 102.
num_chunk_merges: 0.
num_chunk_splits: 60.
num_chunks_enlarged: 44.
num_inconsistent_stats: 0.

CodeHeap 'non-profiled nmethods': size=119168Kb used=252Kb max_used=252Kb free=118915Kb
 bounds [0x0000024fad030000, 0x0000024fad2a0000, 0x0000024fb4490000]
CodeHeap 'profiled nmethods': size=119104Kb used=1540Kb max_used=1540Kb free=117564Kb
 bounds [0x0000024fa5490000, 0x0000024fa5700000, 0x0000024fac8e0000]
CodeHeap 'non-nmethods': size=7488Kb used=2934Kb max_used=2948Kb free=4554Kb
 bounds [0x0000024fac8e0000, 0x0000024facbd0000, 0x0000024fad030000]
 total_blobs=1330 nmethods=876 adapters=362
 compilation: enabled
              stopped_count=0, restarted_count=0
 full_count=0

Compilation events (20 events):
Event: 0.222 Thread 0x0000024fc5502a20  840       3       java.io.FileSystem::hasBooleanAttributes (17 bytes)
Event: 0.222 Thread 0x0000024fc5518df0  841   !   3       java.io.WinNTFileSystem::getBooleanAttributes (27 bytes)
Event: 0.222 Thread 0x0000024fc5502a20 nmethod 840 0x0000024fa55fe410 code [0x0000024fa55fe5c0, 0x0000024fa55fe768]
Event: 0.222 Thread 0x0000024fc5518df0 nmethod 841 0x0000024fa55fe810 code [0x0000024fa55fe9e0, 0x0000024fa55febf8]
Event: 0.222 Thread 0x0000024fc5502a20  843       3       java.io.File::exists (34 bytes)
Event: 0.223 Thread 0x0000024fc550f800  844   !   3       java.io.WinNTFileSystem::isInvalid (78 bytes)
Event: 0.223 Thread 0x0000024fc5502a20 nmethod 843 0x0000024fa55fed10 code [0x0000024fa55fef00, 0x0000024fa55ff318]
Event: 0.223 Thread 0x0000024fc550f800 nmethod 844 0x0000024fa55ff490 code [0x0000024fa55ff680, 0x0000024fa55ffab8]
Event: 0.223 Thread 0x0000024fc573fbd0 nmethod 838 0x0000024fad06d790 code [0x0000024fad06d960, 0x0000024fad06db70]
Event: 0.223 Thread 0x0000024fc573fbd0  839  s!   4       jdk.internal.loader.URLClassPath::getLoader (194 bytes)
Event: 0.223 Thread 0x0000024fc5518df0  845       3       sun.net.www.protocol.file.Handler::parseURL (18 bytes)
Event: 0.223 Thread 0x0000024fc1199d50  846       3       java.net.URLStreamHandler::parseURL (1124 bytes)
Event: 0.223 Thread 0x0000024fc5518df0 nmethod 845 0x0000024fa55ffc90 code [0x0000024fa55ffe40, 0x0000024fa55ffff8]
Event: 0.224 Thread 0x0000024fc5518df0  848   !   3       java.util.concurrent.ConcurrentHashMap::computeIfAbsent (576 bytes)
Event: 0.225 Thread 0x0000024fc5502a20  850       3       jdk.internal.org.objectweb.asm.ByteVector::<init> (13 bytes)
Event: 0.225 Thread 0x0000024fc5502a20 nmethod 850 0x0000024fa5600110 code [0x0000024fa56002c0, 0x0000024fa5600538]
Event: 0.226 Thread 0x0000024fc5518df0 nmethod 848 0x0000024fa5600610 code [0x0000024fa5600a40, 0x0000024fa5602e58]
Event: 0.226 Thread 0x0000024fc5502a20  851       3       java.util.ImmutableCollections$Set12$1::next (95 bytes)
Event: 0.226 Thread 0x0000024fc5502a20 nmethod 851 0x0000024fa5603f10 code [0x0000024fa56040e0, 0x0000024fa56043e8]
Event: 0.227 Thread 0x0000024fc5518df0  853       3       java.lang.invoke.MethodHandles$Lookup::isClassAccessible (53 bytes)

GC Heap History (0 events):
No events

Dll operation events (9 events):
Event: 0.004 Loaded shared library C:\Program Files\Java\jdk-19\bin\java.dll
Event: 0.012 Loaded shared library C:\Program Files\Java\jdk-19\bin\jsvml.dll
Event: 0.039 Loaded shared library C:\Program Files\Java\jdk-19\bin\net.dll
Event: 0.040 Loaded shared library C:\Program Files\Java\jdk-19\bin\nio.dll
Event: 0.042 Loaded shared library C:\Program Files\Java\jdk-19\bin\zip.dll
Event: 0.070 Loaded shared library C:\Program Files\Java\jdk-19\bin\management.dll
Event: 0.072 Loaded shared library C:\Program Files\Java\jdk-19\bin\management_ext.dll
Event: 0.092 Loaded shared library C:\Program Files\Java\jdk-19\bin\jimage.dll
Event: 0.124 Loaded shared library C:\Program Files\Java\jdk-19\bin\verify.dll

Deoptimization events (20 events):
Event: 0.139 Thread 0x0000024fc5516c80 DEOPT PACKING pc=0x0000024fad04d488 sp=0x000000bb7f6fedd0
Event: 0.139 Thread 0x0000024fc5516c80 DEOPT UNPACKING pc=0x0000024fac946da3 sp=0x000000bb7f6fed30 mode 2
Event: 0.163 Thread 0x0000024f9d526c40 DEOPT PACKING pc=0x0000024fa556a55e sp=0x000000bb7defe7e0
Event: 0.163 Thread 0x0000024f9d526c40 DEOPT UNPACKING pc=0x0000024fac947543 sp=0x000000bb7defdcb8 mode 0
Event: 0.170 Thread 0x0000024f9d526c40 DEOPT PACKING pc=0x0000024fa557cb34 sp=0x000000bb7defea80
Event: 0.170 Thread 0x0000024f9d526c40 DEOPT UNPACKING pc=0x0000024fac947543 sp=0x000000bb7defdef0 mode 0
Event: 0.170 Thread 0x0000024f9d526c40 DEOPT PACKING pc=0x0000024fa557cb34 sp=0x000000bb7defea80
Event: 0.170 Thread 0x0000024f9d526c40 DEOPT UNPACKING pc=0x0000024fac947543 sp=0x000000bb7defdef0 mode 0
Event: 0.171 Thread 0x0000024f9d526c40 DEOPT PACKING pc=0x0000024fa54a8668 sp=0x000000bb7defe8d0
Event: 0.171 Thread 0x0000024f9d526c40 DEOPT UNPACKING pc=0x0000024fac947543 sp=0x000000bb7defdd60 mode 0
Event: 0.176 Thread 0x0000024f9d526c40 DEOPT PACKING pc=0x0000024fa54a8668 sp=0x000000bb7defd9e0
Event: 0.176 Thread 0x0000024f9d526c40 DEOPT UNPACKING pc=0x0000024fac947543 sp=0x000000bb7defce70 mode 0
Event: 0.181 Thread 0x0000024f9d526c40 Uncommon trap: trap_request=0xffffff45 fr.pc=0x0000024fad0438e8 relative=0x00000000000000c8
Event: 0.181 Thread 0x0000024f9d526c40 Uncommon trap: reason=unstable_if action=reinterpret pc=0x0000024fad0438e8 method=java.util.concurrent.locks.ReentrantLock$Sync.tryRelease(I)Z @ 26 c2
Event: 0.181 Thread 0x0000024f9d526c40 DEOPT PACKING pc=0x0000024fad0438e8 sp=0x000000bb7defdd20
Event: 0.181 Thread 0x0000024f9d526c40 DEOPT UNPACKING pc=0x0000024fac946da3 sp=0x000000bb7defdcc0 mode 2
Event: 0.187 Thread 0x0000024f9d526c40 Uncommon trap: trap_request=0xffffff45 fr.pc=0x0000024fad057d04 relative=0x0000000000000064
Event: 0.187 Thread 0x0000024f9d526c40 Uncommon trap: reason=unstable_if action=reinterpret pc=0x0000024fad057d04 method=java.io.WinNTFileSystem.isSlash(C)Z @ 9 c2
Event: 0.187 Thread 0x0000024f9d526c40 DEOPT PACKING pc=0x0000024fad057d04 sp=0x000000bb7defe430
Event: 0.187 Thread 0x0000024f9d526c40 DEOPT UNPACKING pc=0x0000024fac946da3 sp=0x000000bb7defe3b8 mode 2

Classes loaded (20 events):
Event: 0.213 Loading class java/util/stream/MatchOps
Event: 0.213 Loading class java/util/stream/MatchOps done
Event: 0.213 Loading class java/util/stream/MatchOps$MatchOp
Event: 0.213 Loading class java/util/stream/MatchOps$MatchOp done
Event: 0.213 Loading class java/util/stream/MatchOps$BooleanTerminalSink
Event: 0.213 Loading class java/util/stream/MatchOps$BooleanTerminalSink done
Event: 0.214 Loading class java/util/stream/MatchOps$1MatchSink
Event: 0.214 Loading class java/util/stream/MatchOps$1MatchSink done
Event: 0.215 Loading class java/io/UnsupportedEncodingException
Event: 0.215 Loading class java/io/UnsupportedEncodingException done
Event: 0.215 Loading class java/lang/AssertionError
Event: 0.215 Loading class java/lang/AssertionError done
Event: 0.215 Loading class java/util/Formatter$FixedString
Event: 0.215 Loading class java/util/Formatter$FixedString done
Event: 0.216 Loading class java/net/URLEncoder
Event: 0.216 Loading class java/net/URLEncoder done
Event: 0.216 Loading class java/util/BitSet
Event: 0.216 Loading class java/util/BitSet done
Event: 0.216 Loading class java/io/CharArrayWriter
Event: 0.216 Loading class java/io/CharArrayWriter done

Classes unloaded (0 events):
No events

Classes redefined (0 events):
No events

Internal exceptions (10 events):
Event: 0.066 Thread 0x0000024f9d526c40 Exception <a 'java/lang/NoSuchMethodError'{0x00000007157e60b0}: 'java.lang.Object java.lang.invoke.DirectMethodHandle$Holder.invokeStaticInit(java.lang.Object)'> (0x00000007157e60b0) 
thrown [s\open\src\hotspot\share\interpreter\linkResolver.cpp, line 774]
Event: 0.078 Thread 0x0000024f9d526c40 Exception <a 'java/lang/NoSuchMethodError'{0x000000071541e228}: 'int java.lang.invoke.DirectMethodHandle$Holder.invokeSpecial(java.lang.Object, java.lang.Object, java.lang.Object)'> (0x000000071541e228) 
thrown [s\open\src\hotspot\share\interpreter\linkResolver.cpp, line 774]
Event: 0.131 Thread 0x0000024fc5516c80 Exception <a 'java/lang/NoSuchMethodError'{0x0000000715318a90}: 'void java.lang.invoke.DirectMethodHandle$Holder.invokeStatic(java.lang.Object, long)'> (0x0000000715318a90) 
thrown [s\open\src\hotspot\share\interpreter\linkResolver.cpp, line 774]
Event: 0.132 Thread 0x0000024fc5516c80 Exception <a 'java/lang/NoSuchMethodError'{0x000000071531e188}: 'java.lang.Object java.lang.invoke.DirectMethodHandle$Holder.newInvokeSpecial(java.lang.Object, long)'> (0x000000071531e188) 
thrown [s\open\src\hotspot\share\interpreter\linkResolver.cpp, line 774]
Event: 0.134 Thread 0x0000024fc5516c80 Exception <a 'java/lang/NoSuchMethodError'{0x0000000715326610}: 'java.lang.Object java.lang.invoke.DirectMethodHandle$Holder.invokeStatic(java.lang.Object, long, java.lang.Object)'> (0x0000000715326610) 
thrown [s\open\src\hotspot\share\interpreter\linkResolver.cpp, line 774]
Event: 0.134 Thread 0x0000024fc5516c80 Exception <a 'java/lang/NoSuchMethodError'{0x000000071532a178}: 'java.lang.Object java.lang.invoke.DirectMethodHandle$Holder.invokeStaticInit(java.lang.Object, long, java.lang.Object)'> (0x000000071532a178) 
thrown [s\open\src\hotspot\share\interpreter\linkResolver.cpp, line 774]
Event: 0.194 Thread 0x0000024f9d526c40 Exception <a 'java/lang/NoSuchMethodError'{0x0000000714873d98}: 'void java.lang.invoke.DirectMethodHandle$Holder.invokeStatic(java.lang.Object, java.lang.Object, java.lang.Object)'> (0x0000000714873d98) 
thrown [s\open\src\hotspot\share\interpreter\linkResolver.cpp, line 774]
Event: 0.209 Thread 0x0000024f9d526c40 Exception <a 'java/lang/NoSuchMethodError'{0x000000071491a200}: 'void java.lang.invoke.DirectMethodHandle$Holder.invokeSpecial(java.lang.Object, java.lang.Object, java.lang.Object)'> (0x000000071491a200) 
thrown [s\open\src\hotspot\share\interpreter\linkResolver.cpp, line 774]
Event: 0.213 Thread 0x0000024f9d526c40 Exception <a 'java/lang/NoSuchMethodError'{0x00000007149479f0}: 'int java.lang.invoke.DirectMethodHandle$Holder.invokeVirtual(java.lang.Object, java.lang.Object)'> (0x00000007149479f0) 
thrown [s\open\src\hotspot\share\interpreter\linkResolver.cpp, line 774]
Event: 0.216 Thread 0x0000024f9d526c40 Exception <a 'java/lang/NoSuchMethodError'{0x0000000714965610}: 'java.lang.Object java.lang.invoke.DirectMethodHandle$Holder.invokeStaticInit(java.lang.Object, int)'> (0x0000000714965610) 
thrown [s\open\src\hotspot\share\interpreter\linkResolver.cpp, line 774]

VM Operations (10 events):
Event: 0.042 Executing VM operation: HandshakeAllThreads
Event: 0.042 Executing VM operation: HandshakeAllThreads done
Event: 0.106 Executing VM operation: HandshakeAllThreads
Event: 0.106 Executing VM operation: HandshakeAllThreads done
Event: 0.115 Executing VM operation: HandshakeAllThreads
Event: 0.115 Executing VM operation: HandshakeAllThreads done
Event: 0.187 Executing VM operation: HandshakeAllThreads
Event: 0.187 Executing VM operation: HandshakeAllThreads done
Event: 0.204 Executing VM operation: HandshakeAllThreads
Event: 0.204 Executing VM operation: HandshakeAllThreads done

Events (18 events):
Event: 0.012 Thread 0x0000024f9d526c40 Thread added: 0x0000024f9d526c40
Event: 0.023 Thread 0x0000024fc1180860 Thread added: 0x0000024fc1180860
Event: 0.023 Thread 0x0000024fc1181650 Thread added: 0x0000024fc1181650
Event: 0.024 Thread 0x0000024fc1185fb0 Thread added: 0x0000024fc1185fb0
Event: 0.024 Thread 0x0000024fc118bd70 Thread added: 0x0000024fc118bd70
Event: 0.024 Thread 0x0000024fc118ce40 Thread added: 0x0000024fc118ce40
Event: 0.025 Thread 0x0000024fc1193420 Thread added: 0x0000024fc1193420
Event: 0.025 Thread 0x0000024fc1194c30 Thread added: 0x0000024fc1194c30
Event: 0.026 Thread 0x0000024fc1199d50 Thread added: 0x0000024fc1199d50
Event: 0.026 Thread 0x0000024fc11be620 Thread added: 0x0000024fc11be620
Event: 0.034 Thread 0x0000024fc5502a20 Thread added: 0x0000024fc5502a20
Event: 0.035 Thread 0x0000024fc550f800 Thread added: 0x0000024fc550f800
Event: 0.035 Thread 0x0000024fc5514ca0 Thread added: 0x0000024fc5514ca0
Event: 0.035 Thread 0x0000024fc5518df0 Thread added: 0x0000024fc5518df0
Event: 0.037 Thread 0x0000024fc55161e0 Thread added: 0x0000024fc55161e0
Event: 0.055 Thread 0x0000024fc5515c90 Thread added: 0x0000024fc5515c90
Event: 0.099 Thread 0x0000024fc573fbd0 Thread added: 0x0000024fc573fbd0
Event: 0.114 Thread 0x0000024fc5516c80 Thread added: 0x0000024fc5516c80


Dynamic libraries:
0x00007ff663cc0000 - 0x00007ff663cd0000 	C:\Program Files\Java\jdk-19\bin\java.exe
0x00007fff92730000 - 0x00007fff92944000 	C:\WINDOWS\SYSTEM32\ntdll.dll
0x00007fff91100000 - 0x00007fff911c4000 	C:\WINDOWS\System32\KERNEL32.DLL
0x00007fff900e0000 - 0x00007fff90484000 	C:\WINDOWS\System32\KERNELBASE.dll
0x00007fff8ffc0000 - 0x00007fff900d1000 	C:\WINDOWS\System32\ucrtbase.dll
0x00007fff89960000 - 0x00007fff89978000 	C:\Program Files\Java\jdk-19\bin\jli.dll
0x00007fff92230000 - 0x00007fff922e0000 	C:\WINDOWS\System32\ADVAPI32.dll
0x00007fff88160000 - 0x00007fff8817b000 	C:\Program Files\Java\jdk-19\bin\VCRUNTIME140.dll
0x00007fff91200000 - 0x00007fff912a7000 	C:\WINDOWS\System32\msvcrt.dll
0x00007fff90850000 - 0x00007fff908f6000 	C:\WINDOWS\System32\sechost.dll
0x00007fff92490000 - 0x00007fff925a7000 	C:\WINDOWS\System32\RPCRT4.dll
0x00007fff90d90000 - 0x00007fff90f3e000 	C:\WINDOWS\System32\USER32.dll
0x00007fff8ff90000 - 0x00007fff8ffb6000 	C:\WINDOWS\System32\win32u.dll
0x00007fff79ab0000 - 0x00007fff79d43000 	C:\WINDOWS\WinSxS\amd64_microsoft.windows.common-controls_6595b64144ccf1df_6.0.22621.2215_none_270d72677387dfc3\COMCTL32.dll
0x00007fff911d0000 - 0x00007fff911f9000 	C:\WINDOWS\System32\GDI32.dll
0x00007fff8fc20000 - 0x00007fff8fd38000 	C:\WINDOWS\System32\gdi32full.dll
0x00007fff8fd40000 - 0x00007fff8fdda000 	C:\WINDOWS\System32\msvcp_win.dll
0x00007fff869d0000 - 0x00007fff869da000 	C:\WINDOWS\SYSTEM32\VERSION.dll
0x00007fff90620000 - 0x00007fff90651000 	C:\WINDOWS\System32\IMM32.DLL
0x00007fff8acb0000 - 0x00007fff8acbc000 	C:\Program Files\Java\jdk-19\bin\vcruntime140_1.dll
0x00007fff67740000 - 0x00007fff677ce000 	C:\Program Files\Java\jdk-19\bin\msvcp140.dll
0x00007fff3b1e0000 - 0x00007fff3bea0000 	C:\Program Files\Java\jdk-19\bin\server\jvm.dll
0x00007fff898f0000 - 0x00007fff898f9000 	C:\WINDOWS\SYSTEM32\WSOCK32.dll
0x00007fff92640000 - 0x00007fff926b1000 	C:\WINDOWS\System32\WS2_32.dll
0x00007fff88000000 - 0x00007fff88034000 	C:\WINDOWS\SYSTEM32\WINMM.dll
0x00007fff8ebf0000 - 0x00007fff8ec08000 	C:\WINDOWS\SYSTEM32\kernel.appcore.dll
0x00007fff8a5d0000 - 0x00007fff8a5da000 	C:\Program Files\Java\jdk-19\bin\jimage.dll
0x00007fff8ce70000 - 0x00007fff8d09e000 	C:\WINDOWS\SYSTEM32\DBGHELP.DLL
0x00007fff91ea0000 - 0x00007fff9222a000 	C:\WINDOWS\System32\combase.dll
0x00007fff90770000 - 0x00007fff90847000 	C:\WINDOWS\System32\OLEAUT32.dll
0x00007fff86220000 - 0x00007fff86252000 	C:\WINDOWS\SYSTEM32\dbgcore.DLL
0x00007fff8ff10000 - 0x00007fff8ff8a000 	C:\WINDOWS\System32\bcryptPrimitives.dll
0x00007fff78690000 - 0x00007fff786b6000 	C:\Program Files\Java\jdk-19\bin\java.dll
0x00007fff66420000 - 0x00007fff664f7000 	C:\Program Files\Java\jdk-19\bin\jsvml.dll
0x00007fff91330000 - 0x00007fff91b53000 	C:\WINDOWS\System32\SHELL32.dll
0x00007fff8da10000 - 0x00007fff8e2fa000 	C:\WINDOWS\SYSTEM32\windows.storage.dll
0x00007fff8d8d0000 - 0x00007fff8da0e000 	C:\WINDOWS\SYSTEM32\wintypes.dll
0x00007fff91d20000 - 0x00007fff91e13000 	C:\WINDOWS\System32\SHCORE.dll
0x00007fff91e20000 - 0x00007fff91e7e000 	C:\WINDOWS\System32\shlwapi.dll
0x00007fff8f9e0000 - 0x00007fff8fa06000 	C:\WINDOWS\SYSTEM32\profapi.dll
0x00007fff7cd30000 - 0x00007fff7cd43000 	C:\Program Files\Java\jdk-19\bin\net.dll
0x00007fff8a750000 - 0x00007fff8a887000 	C:\WINDOWS\SYSTEM32\WINHTTP.dll
0x00007fff8f070000 - 0x00007fff8f0d9000 	C:\WINDOWS\system32\mswsock.dll
0x00007fff7c750000 - 0x00007fff7c766000 	C:\Program Files\Java\jdk-19\bin\nio.dll
0x00007fff7be60000 - 0x00007fff7be78000 	C:\Program Files\Java\jdk-19\bin\zip.dll
0x00007fff6fd00000 - 0x00007fff6fd0a000 	C:\Program Files\Java\jdk-19\bin\management.dll
0x00007fff6d4c0000 - 0x00007fff6d4cb000 	C:\Program Files\Java\jdk-19\bin\management_ext.dll
0x00007fff90710000 - 0x00007fff90718000 	C:\WINDOWS\System32\PSAPI.DLL
0x00007fff861a0000 - 0x00007fff861b0000 	C:\Program Files\Java\jdk-19\bin\verify.dll

dbghelp: loaded successfully - version: 4.0.5 - missing functions: none
symbol engine: initialized successfully - sym options: 0x614 - pdb path: .;C:\Program Files\Java\jdk-19\bin;C:\WINDOWS\SYSTEM32;C:\WINDOWS\WinSxS\amd64_microsoft.windows.common-controls_6595b64144ccf1df_6.0.22621.2215_none_270d72677387dfc3;C:\Program Files\Java\jdk-19\bin\server

VM Arguments:
java_command: C:\Users\99293\AppData\Local\Temp\surefire6339981197067688083\surefirebooter8711353383463970285.jar C:\Users\99293\AppData\Local\Temp\surefire6339981197067688083 2023-10-23T21-27-58_389-jvmRun1 surefire7519766856594018024tmp surefire_011664680089966942516tmp
java_class_path (initial): C:\Users\99293\AppData\Local\Temp\surefire6339981197067688083\surefirebooter8711353383463970285.jar
Launcher Type: SUN_STANDARD

[Global flags]
     intx CICompilerCount                          = 12                                        {product} {ergonomic}
     uint ConcGCThreads                            = 3                                         {product} {ergonomic}
     uint G1ConcRefinementThreads                  = 13                                        {product} {ergonomic}
   size_t G1HeapRegionSize                         = 2097152                                   {product} {ergonomic}
    uintx GCDrainStackTargetSize                   = 64                                        {product} {ergonomic}
   size_t InitialHeapSize                          = 264241152                                 {product} {ergonomic}
   size_t MarkStackSize                            = 4194304                                   {product} {ergonomic}
   size_t MaxHeapSize                              = 4196401152                                {product} {ergonomic}
   size_t MaxNewSize                               = 2516582400                                {product} {ergonomic}
   size_t MinHeapDeltaBytes                        = 2097152                                   {product} {ergonomic}
   size_t MinHeapSize                              = 8388608                                   {product} {ergonomic}
    uintx NonNMethodCodeHeapSize                   = 7602480                                {pd product} {ergonomic}
    uintx NonProfiledCodeHeapSize                  = 122027880                              {pd product} {ergonomic}
    uintx ProfiledCodeHeapSize                     = 122027880                              {pd product} {ergonomic}
    uintx ReservedCodeCacheSize                    = 251658240                              {pd product} {ergonomic}
     bool SegmentedCodeCache                       = true                                      {product} {ergonomic}
   size_t SoftMaxHeapSize                          = 4196401152                             {manageable} {ergonomic}
     bool UseCompressedClassPointers               = true                           {product lp64_product} {ergonomic}
     bool UseCompressedOops                        = true                           {product lp64_product} {ergonomic}
     bool UseG1GC                                  = true                                      {product} {ergonomic}
     bool UseLargePagesIndividualAllocation        = false                                  {pd product} {ergonomic}

Logging:
Log output configuration:
 #0: stdout all=warning uptime,level,tags foldmultilines=false
 #1: stderr all=off uptime,level,tags foldmultilines=false

Environment Variables:
PATH=C:\Program Files\Common Files\Oracle\Java\javapath;C:\Windows\system32;C:\Windows;C:\Windows\System32\Wbem;C:\Windows\System32\WindowsPowerShell\v1.0\;C:\Windows\System32\OpenSSH\;C:\Program Files (x86)\NVIDIA Corporation\PhysX\Common;C:\Program Files\NVIDIA Corporation\NVIDIA NvDLISR;C:\Program Files\Git\cmd;C:\Program Files (x86)\dotnet\;%SystemRoot%\system32;%SystemRoot%;%SystemRoot%\System32\Wbem;%SYSTEMROOT%\System32\WindowsPowerShell\v1.0\;%SYSTEMROOT%\System32\OpenSSH\;C:\Users\99293\AppData\Local\Programs\Python\Python311\Scripts\;C:\Users\99293\AppData\Local\Programs\Python\Python311\;C:\Users\99293\AppData\Local\Microsoft\WindowsApps;;C:\Program Files\JetBrains\IntelliJ IDEA 2022.1.2\bin;;C:\Program Files\heroku\bin
USERNAME=ASUS
OS=Windows_NT
PROCESSOR_IDENTIFIER=Intel64 Family 6 Model 154 Stepping 3, GenuineIntel
TMP=C:\Users\99293\AppData\Local\Temp
TEMP=C:\Users\99293\AppData\Local\Temp



---------------  S Y S T E M  ---------------

OS:
 Windows 11 , 64 bit Build 22621 (10.0.22621.2215)
OS uptime: 4 days 2:39 hours
Hyper-V role detected

CPU: total 16 (initial active 16) (8 cores per cpu, 2 threads per core) family 6 model 154 stepping 3 microcode 0x41c, cx8, cmov, fxsr, ht, mmx, 3dnowpref, sse, sse2, sse3, ssse3, sse4.1, sse4.2, popcnt, lzcnt, tsc, tscinvbit, avx, avx2, aes, erms, clmul, bmi1, bmi2, adx, sha, fma, vzeroupper, clflush, clflushopt, clwb, hv, serialize, rdtscp, rdpid, fsrm

Memory: 4k page, system-wide physical 16005M (3191M free)
TotalPageFile size 18053M (AvailPageFile size 0M)
current process WorkingSet (physical memory assigned to process): 69M, peak: 69M
current process commit charge ("private bytes"): 368M, peak: 368M

vm_info: Java HotSpot(TM) 64-Bit Server VM (19.0.2+7-44) for windows-amd64 JRE (19.0.2+7-44), built on 2022-11-30T18:02:09Z by "mach5one" with MS VC++ 17.1 (VS2022)

END.
