#
# There is insufficient memory for the Java Runtime Environment to continue.
# Native memory allocation (mmap) failed to map 264241152 bytes for G1 virtual space
# Possible reasons:
#   The system is out of physical RAM or swap space
#   The process is running with CompressedOops enabled, and the Java Heap may be blocking the growth of the native heap
# Possible solutions:
#   Reduce memory load on the system
#   Increase physical memory or swap space
#   Check if swap backing store is full
#   Decrease Java heap size (-Xmx/-Xms)
#   Decrease number of Java threads
#   Decrease Java thread stack sizes (-Xss)
#   Set larger code cache with -XX:ReservedCodeCacheSize=
#   JVM is running with Zero Based Compressed Oops mode in which the Java heap is
#     placed in the first 32GB address space. The Java Heap base address is the
#     maximum limit for the native heap growth. Please use -XX:HeapBaseMinAddress
#     to set the Java Heap base and to place the Java Heap above 32GB virtual address.
# This output file may be truncated or incomplete.
#
#  Out of Memory Error (os_windows.cpp:3536), pid=14888, tid=17516
#
# JRE version:  (19.0.2+7) (build )
# Java VM: Java HotSpot(TM) 64-Bit Server VM (19.0.2+7-44, mixed mode, sharing, tiered, compressed oops, compressed class ptrs, g1 gc, windows-amd64)
# No core dump will be written. Minidumps are not enabled by default on client versions of Windows
#

---------------  S U M M A R Y ------------

Command Line: C:\Users\99293\AppData\Local\Temp\surefire12641507856990807076\surefirebooter15071240686141974115.jar C:\Users\99293\AppData\Local\Temp\surefire12641507856990807076 2023-08-10T15-42-02_873-jvmRun1 surefire14656867499596268560tmp surefire_017616285820342475808tmp

Host: 12th Gen Intel(R) Core(TM) i7-12650H, 16 cores, 15G,  Windows 11 , 64 bit Build 22621 (10.0.22621.1928)
Time: Thu Aug 10 15:42:05 2023  Windows 11 , 64 bit Build 22621 (10.0.22621.1928) elapsed time: 0.023265 seconds (0d 0h 0m 0s)

---------------  T H R E A D  ---------------

Current thread (0x000001e81b107cc0):  JavaThread "Unknown thread" [_thread_in_vm, id=17516, stack(0x000000b488100000,0x000000b488200000)]

Stack: [0x000000b488100000,0x000000b488200000]
Native frames: (J=compiled Java code, j=interpreted, Vv=VM code, C=native code)
V  [jvm.dll+0x6ee21a]
V  [jvm.dll+0x85765e]
V  [jvm.dll+0x85904e]
V  [jvm.dll+0x859703]
V  [jvm.dll+0x28298f]
V  [jvm.dll+0x6eb009]
V  [jvm.dll+0x6dfbaa]
V  [jvm.dll+0x3573f6]
V  [jvm.dll+0x35ee56]
V  [jvm.dll+0x3b541e]
V  [jvm.dll+0x3b564f]
V  [jvm.dll+0x32c9ea]
V  [jvm.dll+0x32d89e]
V  [jvm.dll+0x821780]
V  [jvm.dll+0x3c2661]
V  [jvm.dll+0x801f51]
V  [jvm.dll+0x44ae8f]
V  [jvm.dll+0x44c811]
C  [jli.dll+0x5287]
C  [ucrtbase.dll+0x29363]
C  [KERNEL32.DLL+0x126ad]
C  [ntdll.dll+0x5aa68]


---------------  P R O C E S S  ---------------

Threads class SMR info:
_java_thread_list=0x00007ff8ce52d048, length=0, elements={
}

Java Threads: ( => current thread )

Other Threads:
  0x000001e81b1776c0 WorkerThread "GC Thread#0" [stack: 0x000000b488200000,0x000000b488300000] [id=15200]
  0x000001e81b188330 ConcurrentGCThread "G1 Main Marker" [stack: 0x000000b488300000,0x000000b488400000] [id=15788]
  0x000001e81b18a510 WorkerThread "G1 Conc#0" [stack: 0x000000b488400000,0x000000b488500000] [id=3828]

[error occurred during error reporting (printing all threads), id 0xc0000005, EXCEPTION_ACCESS_VIOLATION (0xc0000005) at pc=0x00007ff8cdced427]

VM state: not at safepoint (not fully initialized)

VM Mutex/Monitor currently owned by a thread:  ([mutex/lock_event])
[0x000001e81b102f30] Heap_lock - owner thread: 0x000001e81b107cc0

Heap address: 0x0000000705e00000, size: 4002 MB, Compressed Oops mode: Zero based, Oop shift amount: 3

CDS archive(s) mapped at: [0x0000000000000000-0x0000000000000000-0x0000000000000000), size 0, SharedBaseAddress: 0x0000000800000000, ArchiveRelocationMode: 0.
Narrow klass base: 0x0000000000000000, Narrow klass shift: 0, Narrow klass range: 0x0

GC Precious Log:
 CardTable entry size: 512
 Card Set container configuration: InlinePtr #cards 4 size 8 Array Of Cards #cards 16 size 48 Howl #buckets 8 coarsen threshold 3686 Howl Bitmap #cards 512 size 80 coarsen threshold 460 Card regions per heap region 1 cards per card region 4096

Heap:
 garbage-first heap   total 0K, used 0K [0x0000000705e00000, 0x0000000800000000)
  region size 2048K, 0 young (0K), 0 survivors (0K)

[error occurred during error reporting (printing heap information), id 0xc0000005, EXCEPTION_ACCESS_VIOLATION (0xc0000005) at pc=0x00007ff8ce0f6649]

GC Heap History (0 events):
No events

Dll operation events (1 events):
Event: 0.005 Loaded shared library C:\Program Files\Java\jdk-19\bin\java.dll

Deoptimization events (0 events):
No events

Classes loaded (0 events):
No events

Classes unloaded (0 events):
No events

Classes redefined (0 events):
No events

Internal exceptions (0 events):
No events

VM Operations (0 events):
No events

Events (0 events):
No events


Dynamic libraries:
0x00007ff73da80000 - 0x00007ff73da90000 	C:\Program Files\Java\jdk-19\bin\java.exe
0x00007ff939f30000 - 0x00007ff93a144000 	C:\WINDOWS\SYSTEM32\ntdll.dll
0x00007ff9393f0000 - 0x00007ff9394b2000 	C:\WINDOWS\System32\KERNEL32.DLL
0x00007ff9377a0000 - 0x00007ff937b43000 	C:\WINDOWS\System32\KERNELBASE.dll
0x00007ff937300000 - 0x00007ff937411000 	C:\WINDOWS\System32\ucrtbase.dll
0x00007ff92ef10000 - 0x00007ff92ef2b000 	C:\Program Files\Java\jdk-19\bin\VCRUNTIME140.dll
0x00007ff92eef0000 - 0x00007ff92ef08000 	C:\Program Files\Java\jdk-19\bin\jli.dll
0x00007ff9397c0000 - 0x00007ff93986e000 	C:\WINDOWS\System32\ADVAPI32.dll
0x00007ff938f00000 - 0x00007ff938fa7000 	C:\WINDOWS\System32\msvcrt.dll
0x00007ff937ce0000 - 0x00007ff937d84000 	C:\WINDOWS\System32\sechost.dll
0x00007ff9392a0000 - 0x00007ff9393b7000 	C:\WINDOWS\System32\RPCRT4.dll
0x00007ff9390b0000 - 0x00007ff93925a000 	C:\WINDOWS\System32\USER32.dll
0x00007ff937420000 - 0x00007ff937446000 	C:\WINDOWS\System32\win32u.dll
0x00007ff918920000 - 0x00007ff918bae000 	C:\WINDOWS\WinSxS\amd64_microsoft.windows.common-controls_6595b64144ccf1df_6.0.22621.1635_none_270f70857386168e\COMCTL32.dll
0x00007ff939790000 - 0x00007ff9397b9000 	C:\WINDOWS\System32\GDI32.dll
0x00007ff937b50000 - 0x00007ff937c69000 	C:\WINDOWS\System32\gdi32full.dll
0x00007ff937450000 - 0x00007ff9374ea000 	C:\WINDOWS\System32\msvcp_win.dll
0x00007ff92fc30000 - 0x00007ff92fc3a000 	C:\WINDOWS\SYSTEM32\VERSION.dll
0x00007ff939260000 - 0x00007ff939291000 	C:\WINDOWS\System32\IMM32.DLL
0x00007ff92eee0000 - 0x00007ff92eeec000 	C:\Program Files\Java\jdk-19\bin\vcruntime140_1.dll
0x00007ff8ce670000 - 0x00007ff8ce6fe000 	C:\Program Files\Java\jdk-19\bin\msvcp140.dll
0x00007ff8cd9b0000 - 0x00007ff8ce670000 	C:\Program Files\Java\jdk-19\bin\server\jvm.dll
0x00007ff92d400000 - 0x00007ff92d434000 	C:\WINDOWS\SYSTEM32\WINMM.dll
0x00007ff931b80000 - 0x00007ff931b89000 	C:\WINDOWS\SYSTEM32\WSOCK32.dll
0x00007ff939640000 - 0x00007ff9396b1000 	C:\WINDOWS\System32\WS2_32.dll
0x00007ff936430000 - 0x00007ff936448000 	C:\WINDOWS\SYSTEM32\kernel.appcore.dll
0x00007ff917950000 - 0x00007ff91795a000 	C:\Program Files\Java\jdk-19\bin\jimage.dll
0x00007ff934750000 - 0x00007ff93497e000 	C:\WINDOWS\SYSTEM32\DBGHELP.DLL
0x00007ff938b70000 - 0x00007ff938ef9000 	C:\WINDOWS\System32\combase.dll
0x00007ff9394c0000 - 0x00007ff939597000 	C:\WINDOWS\System32\OLEAUT32.dll
0x00007ff931d90000 - 0x00007ff931dc2000 	C:\WINDOWS\SYSTEM32\dbgcore.DLL
0x00007ff9374f0000 - 0x00007ff93756a000 	C:\WINDOWS\System32\bcryptPrimitives.dll
0x00007ff8d28d0000 - 0x00007ff8d28f6000 	C:\Program Files\Java\jdk-19\bin\java.dll

dbghelp: loaded successfully - version: 4.0.5 - missing functions: none
symbol engine: initialized successfully - sym options: 0x614 - pdb path: .;C:\Program Files\Java\jdk-19\bin;C:\WINDOWS\SYSTEM32;C:\WINDOWS\WinSxS\amd64_microsoft.windows.common-controls_6595b64144ccf1df_6.0.22621.1635_none_270f70857386168e;C:\Program Files\Java\jdk-19\bin\server

VM Arguments:
java_command: C:\Users\99293\AppData\Local\Temp\surefire12641507856990807076\surefirebooter15071240686141974115.jar C:\Users\99293\AppData\Local\Temp\surefire12641507856990807076 2023-08-10T15-42-02_873-jvmRun1 surefire14656867499596268560tmp surefire_017616285820342475808tmp
java_class_path (initial): C:\Users\99293\AppData\Local\Temp\surefire12641507856990807076\surefirebooter15071240686141974115.jar
Launcher Type: SUN_STANDARD

[Global flags]
     intx CICompilerCount                          = 12                                        {product} {ergonomic}
     uint ConcGCThreads                            = 3                                         {product} {ergonomic}
     uint G1ConcRefinementThreads                  = 13                                        {product} {ergonomic}
   size_t G1HeapRegionSize                         = 2097152                                   {product} {ergonomic}
    uintx GCDrainStackTargetSize                   = 64                                        {product} {ergonomic}
   size_t InitialHeapSize                          = 264241152                                 {product} {ergonomic}
   size_t MarkStackSize                            = 4194304                                   {product} {ergonomic}
   size_t MaxHeapSize                              = 4196401152                                {product} {ergonomic}
   size_t MinHeapDeltaBytes                        = 2097152                                   {product} {ergonomic}
   size_t MinHeapSize                              = 8388608                                   {product} {ergonomic}
    uintx NonNMethodCodeHeapSize                   = 7602480                                {pd product} {ergonomic}
    uintx NonProfiledCodeHeapSize                  = 122027880                              {pd product} {ergonomic}
    uintx ProfiledCodeHeapSize                     = 122027880                              {pd product} {ergonomic}
    uintx ReservedCodeCacheSize                    = 251658240                              {pd product} {ergonomic}
     bool SegmentedCodeCache                       = true                                      {product} {ergonomic}
   size_t SoftMaxHeapSize                          = 4196401152                             {manageable} {ergonomic}
     bool UseCompressedClassPointers               = true                           {product lp64_product} {ergonomic}
     bool UseCompressedOops                        = true                           {product lp64_product} {ergonomic}
     bool UseG1GC                                  = true                                      {product} {ergonomic}
     bool UseLargePagesIndividualAllocation        = false                                  {pd product} {ergonomic}

Logging:
Log output configuration:
 #0: stdout all=warning uptime,level,tags foldmultilines=false
 #1: stderr all=off uptime,level,tags foldmultilines=false

Environment Variables:
PATH=C:\Program Files\Common Files\Oracle\Java\javapath;C:\Windows\system32;C:\Windows;C:\Windows\System32\Wbem;C:\Windows\System32\WindowsPowerShell\v1.0\;C:\Windows\System32\OpenSSH\;C:\Program Files (x86)\NVIDIA Corporation\PhysX\Common;C:\Program Files\NVIDIA Corporation\NVIDIA NvDLISR;C:\Program Files\Git\cmd;C:\Program Files (x86)\dotnet\;%SystemRoot%\system32;%SystemRoot%;%SystemRoot%\System32\Wbem;%SYSTEMROOT%\System32\WindowsPowerShell\v1.0\;%SYSTEMROOT%\System32\OpenSSH\;C:\Users\99293\AppData\Local\Programs\Python\Python311\Scripts\;C:\Users\99293\AppData\Local\Programs\Python\Python311\;C:\Users\99293\AppData\Local\Microsoft\WindowsApps;;C:\Program Files\JetBrains\IntelliJ IDEA 2022.1.2\bin;;C:\Program Files\heroku\bin
USERNAME=ASUS
OS=Windows_NT
PROCESSOR_IDENTIFIER=Intel64 Family 6 Model 154 Stepping 3, GenuineIntel
TMP=C:\Users\99293\AppData\Local\Temp
TEMP=C:\Users\99293\AppData\Local\Temp



---------------  S Y S T E M  ---------------

OS:
 Windows 11 , 64 bit Build 22621 (10.0.22621.1928)
OS uptime: 0 days 21:34 hours
Hyper-V role detected

CPU: total 16 (initial active 16) (8 cores per cpu, 2 threads per core) family 6 model 154 stepping 3 microcode 0x41c, cx8, cmov, fxsr, ht, mmx, 3dnowpref, sse, sse2, sse3, ssse3, sse4.1, sse4.2, popcnt, lzcnt, tsc, tscinvbit, avx, avx2, aes, erms, clmul, bmi1, bmi2, adx, sha, fma, vzeroupper, clflush, clflushopt, clwb, hv, serialize, rdtscp, rdpid, fsrm

Memory: 4k page, system-wide physical 16005M (2852M free)
TotalPageFile size 18024M (AvailPageFile size 46M)
current process WorkingSet (physical memory assigned to process): 11M, peak: 11M
current process commit charge ("private bytes"): 70M, peak: 322M

vm_info: Java HotSpot(TM) 64-Bit Server VM (19.0.2+7-44) for windows-amd64 JRE (19.0.2+7-44), built on 2022-11-30T18:02:09Z by "mach5one" with MS VC++ 17.1 (VS2022)

END.
