#
# There is insufficient memory for the Java Runtime Environment to continue.
# Native memory allocation (malloc) failed to allocate 1048592 bytes for Chunk::new
# Possible reasons:
#   The system is out of physical RAM or swap space
#   The process is running with CompressedOops enabled, and the Java Heap may be blocking the growth of the native heap
# Possible solutions:
#   Reduce memory load on the system
#   Increase physical memory or swap space
#   Check if swap backing store is full
#   Decrease Java heap size (-Xmx/-Xms)
#   Decrease number of Java threads
#   Decrease Java thread stack sizes (-Xss)
#   Set larger code cache with -XX:ReservedCodeCacheSize=
#   JVM is running with Zero Based Compressed Oops mode in which the Java heap is
#     placed in the first 32GB address space. The Java Heap base address is the
#     maximum limit for the native heap growth. Please use -XX:HeapBaseMinAddress
#     to set the Java Heap base and to place the Java Heap above 32GB virtual address.
# This output file may be truncated or incomplete.
#
#  Out of Memory Error (arena.cpp:184), pid=20628, tid=21780
#
# JRE version: Java(TM) SE Runtime Environment (19.0.2+7) (build 19.0.2+7-44)
# Java VM: Java HotSpot(TM) 64-Bit Server VM (19.0.2+7-44, mixed mode, sharing, tiered, compressed oops, compressed class ptrs, g1 gc, windows-amd64)
# No core dump will be written. Minidumps are not enabled by default on client versions of Windows
#

---------------  S U M M A R Y ------------

Command Line: -Dmaven.multiModuleProjectDirectory=D:\unitedStates duplicates original -Dmaven.home=C:\Users\99293\.m2\wrapper\dists\apache-maven-3.8.6-bin\1ks0nkde5v1pk9vtc31i9d0lcd\apache-maven-3.8.6 -Dclassworlds.conf=C:\Users\99293\.m2\wrapper\dists\apache-maven-3.8.6-bin\1ks0nkde5v1pk9vtc31i9d0lcd\apache-maven-3.8.6\bin\m2.conf -Dmaven.ext.class.path=C:\Program Files\JetBrains\IntelliJ IDEA 2022.1.2\plugins\maven\lib\maven-event-listener.jar -javaagent:C:\Program Files\JetBrains\IntelliJ IDEA 2022.1.2\lib\idea_rt.jar=55032:C:\Program Files\JetBrains\IntelliJ IDEA 2022.1.2\bin -Dfile.encoding=UTF-8 org.codehaus.classworlds.Launcher -Didea.version=2022.1.2 package

Host: 12th Gen Intel(R) Core(TM) i7-12650H, 16 cores, 15G,  Windows 11 , 64 bit Build 22621 (10.0.22621.2215)
Time: Mon Oct 23 21:27:58 2023  Windows 11 , 64 bit Build 22621 (10.0.22621.2215) elapsed time: 7.414747 seconds (0d 0h 0m 7s)

---------------  T H R E A D  ---------------

Current thread (0x000002197ff963d0):  JavaThread "C2 CompilerThread5" daemon [_thread_in_native, id=21780, stack(0x0000002cb4d00000,0x0000002cb4e00000)]


Current CompileTask:
C2:   7414 11645   !   4       java.lang.ClassLoader::loadClass (121 bytes)

Stack: [0x0000002cb4d00000,0x0000002cb4e00000]
Native frames: (J=compiled Java code, j=interpreted, Vv=VM code, C=native code)
V  [jvm.dll+0x6ee21a]
V  [jvm.dll+0x85765e]
V  [jvm.dll+0x85904e]
V  [jvm.dll+0x859703]
V  [jvm.dll+0x28298f]
V  [jvm.dll+0xc9adf]
V  [jvm.dll+0xc9e65]
V  [jvm.dll+0xc9c04]
V  [jvm.dll+0x14bd26]
V  [jvm.dll+0x73a989]
V  [jvm.dll+0x739e71]
V  [jvm.dll+0x1ee1a1]
V  [jvm.dll+0x24c52b]
V  [jvm.dll+0x24b781]
V  [jvm.dll+0x1d6ce1]
V  [jvm.dll+0x25b25a]
V  [jvm.dll+0x2596e8]
V  [jvm.dll+0x807588]
V  [jvm.dll+0x80125a]
V  [jvm.dll+0x6ecf0b]
C  [ucrtbase.dll+0x29363]
C  [KERNEL32.DLL+0x1257d]
C  [ntdll.dll+0x5aa68]


---------------  P R O C E S S  ---------------

Threads class SMR info:
_java_thread_list=0x0000021914a0c260, length=32, elements={
0x00000219671d89f0, 0x000002197ffa90d0, 0x000002197ffa9ec0, 0x000002197ffabcc0,
0x000002197ffb2630, 0x000002197ffb32c0, 0x000002197ffb3bf0, 0x000002197ffb6860,
0x000002197ff95e40, 0x000002190f00c0b0, 0x000002197ff7bf50, 0x000002197ff96960,
0x000002197ff96ef0, 0x000002190f2168a0, 0x000002190f1e1980, 0x000002197ff99050,
0x000002197ff97fa0, 0x000002197ff98ac0, 0x000002197ff98530, 0x000002197ff958b0,
0x000002197ff963d0, 0x000002191b67b540, 0x000002191b67ea60, 0x000002191b67efb0,
0x000002191b67a550, 0x000002191b67f500, 0x000002191b67fa50, 0x0000021911198ec0,
0x0000021911197980, 0x0000021917e4b670, 0x0000021917e4d100, 0x0000021917e4dba0
}

Java Threads: ( => current thread )
  0x00000219671d89f0 JavaThread "main" [_thread_in_native, id=20028, stack(0x0000002cb3200000,0x0000002cb3300000)]
  0x000002197ffa90d0 JavaThread "Reference Handler" daemon [_thread_blocked, id=14544, stack(0x0000002cb3900000,0x0000002cb3a00000)]
  0x000002197ffa9ec0 JavaThread "Finalizer" daemon [_thread_blocked, id=12428, stack(0x0000002cb3a00000,0x0000002cb3b00000)]
  0x000002197ffabcc0 JavaThread "Signal Dispatcher" daemon [_thread_blocked, id=10540, stack(0x0000002cb3b00000,0x0000002cb3c00000)]
  0x000002197ffb2630 JavaThread "Attach Listener" daemon [_thread_blocked, id=9352, stack(0x0000002cb3c00000,0x0000002cb3d00000)]
  0x000002197ffb32c0 JavaThread "Service Thread" daemon [_thread_blocked, id=9392, stack(0x0000002cb3d00000,0x0000002cb3e00000)]
  0x000002197ffb3bf0 JavaThread "Monitor Deflation Thread" daemon [_thread_blocked, id=16072, stack(0x0000002cb3e00000,0x0000002cb3f00000)]
  0x000002197ffb6860 JavaThread "C2 CompilerThread0" daemon [_thread_blocked, id=22304, stack(0x0000002cb3f00000,0x0000002cb4000000)]
  0x000002197ff95e40 JavaThread "C1 CompilerThread0" daemon [_thread_blocked, id=7832, stack(0x0000002cb4000000,0x0000002cb4100000)]
  0x000002190f00c0b0 JavaThread "Sweeper thread" daemon [_thread_blocked, id=9280, stack(0x0000002cb4100000,0x0000002cb4200000)]
  0x000002197ff7bf50 JavaThread "Common-Cleaner" daemon [_thread_blocked, id=7964, stack(0x0000002cb4200000,0x0000002cb4300000)]
  0x000002197ff96960 JavaThread "C1 CompilerThread1" daemon [_thread_blocked, id=22168, stack(0x0000002cb4300000,0x0000002cb4400000)]
  0x000002197ff96ef0 JavaThread "C1 CompilerThread2" daemon [_thread_blocked, id=7128, stack(0x0000002cb4400000,0x0000002cb4500000)]
  0x000002190f2168a0 JavaThread "Monitor Ctrl-Break" daemon [_thread_in_native, id=6844, stack(0x0000002cb4500000,0x0000002cb4600000)]
  0x000002190f1e1980 JavaThread "Notification Thread" daemon [_thread_blocked, id=19844, stack(0x0000002cb4600000,0x0000002cb4700000)]
  0x000002197ff99050 JavaThread "C2 CompilerThread1" daemon [_thread_blocked, id=19408, stack(0x0000002cb4800000,0x0000002cb4900000)]
  0x000002197ff97fa0 JavaThread "C1 CompilerThread3" daemon [_thread_blocked, id=23096, stack(0x0000002cb4900000,0x0000002cb4a00000)]
  0x000002197ff98ac0 JavaThread "C2 CompilerThread2" daemon [_thread_blocked, id=6780, stack(0x0000002cb4a00000,0x0000002cb4b00000)]
  0x000002197ff98530 JavaThread "C2 CompilerThread3" daemon [_thread_blocked, id=15768, stack(0x0000002cb4b00000,0x0000002cb4c00000)]
  0x000002197ff958b0 JavaThread "C2 CompilerThread4" daemon [_thread_blocked, id=23724, stack(0x0000002cb4c00000,0x0000002cb4d00000)]
=>0x000002197ff963d0 JavaThread "C2 CompilerThread5" daemon [_thread_in_native, id=21780, stack(0x0000002cb4d00000,0x0000002cb4e00000)]
  0x000002191b67b540 JavaThread "resolver-1" daemon [_thread_blocked, id=7384, stack(0x0000002cb5e00000,0x0000002cb5f00000)]
  0x000002191b67ea60 JavaThread "resolver-2" daemon [_thread_blocked, id=16020, stack(0x0000002cb5f00000,0x0000002cb6000000)]
  0x000002191b67efb0 JavaThread "resolver-3" daemon [_thread_blocked, id=18428, stack(0x0000002cb6000000,0x0000002cb6100000)]
  0x000002191b67a550 JavaThread "resolver-4" daemon [_thread_blocked, id=22404, stack(0x0000002cb6100000,0x0000002cb6200000)]
  0x000002191b67f500 JavaThread "resolver-5" daemon [_thread_blocked, id=15428, stack(0x0000002cb6200000,0x0000002cb6300000)]
  0x000002191b67fa50 JavaThread "timeout-check-timer" daemon [_thread_blocked, id=16928, stack(0x0000002cb6300000,0x0000002cb6400000)]
  0x0000021911198ec0 JavaThread "ping-timer-10s" daemon [_thread_blocked, id=8508, stack(0x0000002cb6400000,0x0000002cb6500000)]
  0x0000021911197980 JavaThread "ThreadedStreamConsumer" daemon [_thread_blocked, id=12664, stack(0x0000002cb6500000,0x0000002cb6600000)]
  0x0000021917e4b670 JavaThread "Thread-2" [_thread_blocked, id=2904, stack(0x0000002cb6600000,0x0000002cb6700000)]
  0x0000021917e4d100 JavaThread "Thread-3" [_thread_in_native, id=17144, stack(0x0000002cb6700000,0x0000002cb6800000)]
  0x0000021917e4dba0 JavaThread "Thread-4" [_thread_in_native, id=23524, stack(0x0000002cb6800000,0x0000002cb6900000)]

Other Threads:
  0x000002197ff8cd50 VMThread "VM Thread" [stack: 0x0000002cb3800000,0x0000002cb3900000] [id=18272]
  0x000002190f1e3570 WatcherThread "VM Periodic Task Thread" [stack: 0x0000002cb4700000,0x0000002cb4800000] [id=11744]
  0x000002196724b4c0 WorkerThread "GC Thread#0" [stack: 0x0000002cb3300000,0x0000002cb3400000] [id=10716]
  0x000002190f59dc00 WorkerThread "GC Thread#1" [stack: 0x0000002cb5000000,0x0000002cb5100000] [id=8580]
  0x000002190f59d0c0 WorkerThread "GC Thread#2" [stack: 0x0000002cb5100000,0x0000002cb5200000] [id=23280]
  0x000002190f59d390 WorkerThread "GC Thread#3" [stack: 0x0000002cb5200000,0x0000002cb5300000] [id=23652]
  0x000002190f59c2b0 WorkerThread "GC Thread#4" [stack: 0x0000002cb5300000,0x0000002cb5400000] [id=20360]
  0x000002190f59cb20 WorkerThread "GC Thread#5" [stack: 0x0000002cb5400000,0x0000002cb5500000] [id=12456]
  0x000002190f59d660 WorkerThread "GC Thread#6" [stack: 0x0000002cb5500000,0x0000002cb5600000] [id=18772]
  0x000002190f59cdf0 WorkerThread "GC Thread#7" [stack: 0x0000002cb5600000,0x0000002cb5700000] [id=13004]
  0x0000021911bbd8f0 WorkerThread "GC Thread#8" [stack: 0x0000002cb5700000,0x0000002cb5800000] [id=1992]
  0x0000021911bba0b0 WorkerThread "GC Thread#9" [stack: 0x0000002cb5800000,0x0000002cb5900000] [id=12348]
  0x0000021911bbabf0 WorkerThread "GC Thread#10" [stack: 0x0000002cb5900000,0x0000002cb5a00000] [id=13672]
  0x0000021911bbd350 WorkerThread "GC Thread#11" [stack: 0x0000002cb5a00000,0x0000002cb5b00000] [id=10628]
  0x0000021911bbd620 WorkerThread "GC Thread#12" [stack: 0x0000002cb5b00000,0x0000002cb5c00000] [id=19244]
  0x000002196725bee0 ConcurrentGCThread "G1 Main Marker" [stack: 0x0000002cb3400000,0x0000002cb3500000] [id=22880]
  0x000002196725dfe0 WorkerThread "G1 Conc#0" [stack: 0x0000002cb3500000,0x0000002cb3600000] [id=18960]
  0x0000021911bbc540 WorkerThread "G1 Conc#1" [stack: 0x0000002cb5c00000,0x0000002cb5d00000] [id=14960]
  0x0000021911bbaec0 WorkerThread "G1 Conc#2" [stack: 0x0000002cb5d00000,0x0000002cb5e00000] [id=18644]
  0x000002197fe43ff0 ConcurrentGCThread "G1 Refine#0" [stack: 0x0000002cb3600000,0x0000002cb3700000] [id=13340]
  0x000002197fe447e0 ConcurrentGCThread "G1 Service" [stack: 0x0000002cb3700000,0x0000002cb3800000] [id=18680]

Threads with active compile tasks:
C2 CompilerThread5     7424 11645   !   4       java.lang.ClassLoader::loadClass (121 bytes)

VM state: not at safepoint (normal execution)

VM Mutex/Monitor currently owned by a thread: None

Heap address: 0x0000000705e00000, size: 4002 MB, Compressed Oops mode: Zero based, Oop shift amount: 3

CDS archive(s) mapped at: [0x0000000800000000-0x0000000800c40000-0x0000000800c40000), size 12845056, SharedBaseAddress: 0x0000000800000000, ArchiveRelocationMode: 0.
Compressed class space mapped at: 0x0000000801000000-0x0000000841000000, reserved size: 1073741824
Narrow klass base: 0x0000000800000000, Narrow klass shift: 0, Narrow klass range: 0x100000000

GC Precious Log:
 CardTable entry size: 512
 Card Set container configuration: InlinePtr #cards 4 size 8 Array Of Cards #cards 16 size 48 Howl #buckets 8 coarsen threshold 3686 Howl Bitmap #cards 512 size 80 coarsen threshold 460 Card regions per heap region 1 cards per card region 4096
 CPUs: 16 total, 16 available
 Memory: 16005M
 Large Page Support: Disabled
 NUMA Support: Disabled
 Compressed Oops: Enabled (Zero based)
 Heap Region Size: 2M
 Heap Min Capacity: 8M
 Heap Initial Capacity: 252M
 Heap Max Capacity: 4002M
 Pre-touch: Disabled
 Parallel Workers: 13
 Concurrent Workers: 3
 Concurrent Refinement Workers: 13
 Periodic GC: Disabled

Heap:
 garbage-first heap   total 276480K, used 170112K [0x0000000705e00000, 0x0000000800000000)
  region size 2048K, 46 young (94208K), 5 survivors (10240K)
 Metaspace       used 35580K, committed 36160K, reserved 1114112K
  class space    used 3612K, committed 3904K, reserved 1048576K

Heap Regions: E=young(eden), S=young(survivor), O=old, HS=humongous(starts), HC=humongous(continues), CS=collection set, F=free, OA=open archive, CA=closed archive, TAMS=top-at-mark-start (previous, next)
|   0|0x0000000705e00000, 0x0000000706000000, 0x0000000706000000|100%| O|  |TAMS 0x0000000706000000, 0x0000000705e00000| Untracked 
|   1|0x0000000706000000, 0x0000000706200000, 0x0000000706200000|100%| O|  |TAMS 0x0000000706200000, 0x0000000706000000| Untracked 
|   2|0x0000000706200000, 0x0000000706400000, 0x0000000706400000|100%| O|  |TAMS 0x0000000706400000, 0x0000000706200000| Untracked 
|   3|0x0000000706400000, 0x0000000706600000, 0x0000000706600000|100%| O|  |TAMS 0x0000000706600000, 0x0000000706400000| Untracked 
|   4|0x0000000706600000, 0x0000000706800000, 0x0000000706800000|100%| O|  |TAMS 0x0000000706800000, 0x0000000706600000| Untracked 
|   5|0x0000000706800000, 0x0000000706a00000, 0x0000000706a00000|100%| O|  |TAMS 0x0000000706a00000, 0x0000000706800000| Untracked 
|   6|0x0000000706a00000, 0x0000000706c00000, 0x0000000706c00000|100%| O|  |TAMS 0x0000000706c00000, 0x0000000706a00000| Untracked 
|   7|0x0000000706c00000, 0x0000000706e00000, 0x0000000706e00000|100%| O|  |TAMS 0x0000000706e00000, 0x0000000706c00000| Untracked 
|   8|0x0000000706e00000, 0x0000000707000000, 0x0000000707000000|100%| O|  |TAMS 0x0000000707000000, 0x0000000706e00000| Untracked 
|   9|0x0000000707000000, 0x0000000707200000, 0x0000000707200000|100%| O|  |TAMS 0x0000000707200000, 0x0000000707000000| Untracked 
|  10|0x0000000707200000, 0x0000000707400000, 0x0000000707400000|100%| O|  |TAMS 0x0000000707200000, 0x0000000707200000| Untracked 
|  11|0x0000000707400000, 0x0000000707600000, 0x0000000707600000|100%| O|  |TAMS 0x0000000707400000, 0x0000000707400000| Untracked 
|  12|0x0000000707600000, 0x0000000707800000, 0x0000000707800000|100%| O|  |TAMS 0x0000000707600000, 0x0000000707600000| Untracked 
|  13|0x0000000707800000, 0x0000000707a00000, 0x0000000707a00000|100%| O|  |TAMS 0x0000000707800000, 0x0000000707800000| Untracked 
|  14|0x0000000707a00000, 0x0000000707c00000, 0x0000000707c00000|100%| O|  |TAMS 0x0000000707a00000, 0x0000000707a00000| Untracked 
|  15|0x0000000707c00000, 0x0000000707e00000, 0x0000000707e00000|100%| O|  |TAMS 0x0000000707c00000, 0x0000000707c00000| Untracked 
|  16|0x0000000707e00000, 0x0000000708000000, 0x0000000708000000|100%| O|  |TAMS 0x0000000707e00000, 0x0000000707e00000| Untracked 
|  17|0x0000000708000000, 0x0000000708200000, 0x0000000708200000|100%| O|  |TAMS 0x0000000708000000, 0x0000000708000000| Untracked 
|  18|0x0000000708200000, 0x0000000708400000, 0x0000000708400000|100%|HS|  |TAMS 0x0000000708200000, 0x0000000708200000| Complete 
|  19|0x0000000708400000, 0x0000000708600000, 0x0000000708600000|100%|HC|  |TAMS 0x0000000708400000, 0x0000000708400000| Complete 
|  20|0x0000000708600000, 0x0000000708800000, 0x0000000708800000|100%| O|  |TAMS 0x0000000708600000, 0x0000000708600000| Untracked 
|  21|0x0000000708800000, 0x0000000708a00000, 0x0000000708a00000|100%| O|  |TAMS 0x0000000708800000, 0x0000000708800000| Untracked 
|  22|0x0000000708a00000, 0x0000000708c00000, 0x0000000708c00000|100%| O|  |TAMS 0x0000000708a00000, 0x0000000708a00000| Untracked 
|  23|0x0000000708c00000, 0x0000000708e00000, 0x0000000708e00000|100%| O|  |TAMS 0x0000000708c00000, 0x0000000708c00000| Untracked 
|  24|0x0000000708e00000, 0x0000000709000000, 0x0000000709000000|100%| O|  |TAMS 0x0000000708e00000, 0x0000000708e00000| Untracked 
|  25|0x0000000709000000, 0x0000000709200000, 0x0000000709200000|100%| O|  |TAMS 0x0000000709000000, 0x0000000709000000| Untracked 
|  26|0x0000000709200000, 0x0000000709400000, 0x0000000709400000|100%| O|  |TAMS 0x0000000709200000, 0x0000000709200000| Untracked 
|  27|0x0000000709400000, 0x0000000709600000, 0x0000000709600000|100%| O|  |TAMS 0x0000000709400000, 0x0000000709400000| Untracked 
|  28|0x0000000709600000, 0x0000000709800000, 0x0000000709800000|100%| O|  |TAMS 0x0000000709600000, 0x0000000709600000| Untracked 
|  29|0x0000000709800000, 0x0000000709a00000, 0x0000000709a00000|100%| O|  |TAMS 0x0000000709800000, 0x0000000709800000| Untracked 
|  30|0x0000000709a00000, 0x0000000709a20000, 0x0000000709c00000|  6%| O|  |TAMS 0x0000000709a00000, 0x0000000709a00000| Untracked 
|  31|0x0000000709c00000, 0x0000000709c00000, 0x0000000709e00000|  0%| F|  |TAMS 0x0000000709c00000, 0x0000000709c00000| Untracked 
|  32|0x0000000709e00000, 0x0000000709e00000, 0x000000070a000000|  0%| F|  |TAMS 0x0000000709e00000, 0x0000000709e00000| Untracked 
|  33|0x000000070a000000, 0x000000070a000000, 0x000000070a200000|  0%| F|  |TAMS 0x000000070a000000, 0x000000070a000000| Untracked 
|  34|0x000000070a200000, 0x000000070a200000, 0x000000070a400000|  0%| F|  |TAMS 0x000000070a200000, 0x000000070a200000| Untracked 
|  35|0x000000070a400000, 0x000000070a400000, 0x000000070a600000|  0%| F|  |TAMS 0x000000070a400000, 0x000000070a400000| Untracked 
|  36|0x000000070a600000, 0x000000070a600000, 0x000000070a800000|  0%| F|  |TAMS 0x000000070a600000, 0x000000070a600000| Untracked 
|  37|0x000000070a800000, 0x000000070a800000, 0x000000070aa00000|  0%| F|  |TAMS 0x000000070a800000, 0x000000070a800000| Untracked 
|  38|0x000000070aa00000, 0x000000070aa00000, 0x000000070ac00000|  0%| F|  |TAMS 0x000000070aa00000, 0x000000070aa00000| Untracked 
|  39|0x000000070ac00000, 0x000000070ac00000, 0x000000070ae00000|  0%| F|  |TAMS 0x000000070ac00000, 0x000000070ac00000| Untracked 
|  40|0x000000070ae00000, 0x000000070ae00000, 0x000000070b000000|  0%| F|  |TAMS 0x000000070ae00000, 0x000000070ae00000| Untracked 
|  41|0x000000070b000000, 0x000000070b000000, 0x000000070b200000|  0%| F|  |TAMS 0x000000070b000000, 0x000000070b000000| Untracked 
|  42|0x000000070b200000, 0x000000070b200000, 0x000000070b400000|  0%| F|  |TAMS 0x000000070b200000, 0x000000070b200000| Untracked 
|  43|0x000000070b400000, 0x000000070b400000, 0x000000070b600000|  0%| F|  |TAMS 0x000000070b400000, 0x000000070b400000| Untracked 
|  44|0x000000070b600000, 0x000000070b600000, 0x000000070b800000|  0%| F|  |TAMS 0x000000070b600000, 0x000000070b600000| Untracked 
|  45|0x000000070b800000, 0x000000070b800000, 0x000000070ba00000|  0%| F|  |TAMS 0x000000070b800000, 0x000000070b800000| Untracked 
|  46|0x000000070ba00000, 0x000000070ba00000, 0x000000070bc00000|  0%| F|  |TAMS 0x000000070ba00000, 0x000000070ba00000| Untracked 
|  47|0x000000070bc00000, 0x000000070bc00000, 0x000000070be00000|  0%| F|  |TAMS 0x000000070bc00000, 0x000000070bc00000| Untracked 
|  48|0x000000070be00000, 0x000000070be00000, 0x000000070c000000|  0%| F|  |TAMS 0x000000070be00000, 0x000000070be00000| Untracked 
|  49|0x000000070c000000, 0x000000070c000000, 0x000000070c200000|  0%| F|  |TAMS 0x000000070c000000, 0x000000070c000000| Untracked 
|  50|0x000000070c200000, 0x000000070c200000, 0x000000070c400000|  0%| F|  |TAMS 0x000000070c200000, 0x000000070c200000| Untracked 
|  51|0x000000070c400000, 0x000000070c400000, 0x000000070c600000|  0%| F|  |TAMS 0x000000070c400000, 0x000000070c400000| Untracked 
|  52|0x000000070c600000, 0x000000070c600000, 0x000000070c800000|  0%| F|  |TAMS 0x000000070c600000, 0x000000070c600000| Untracked 
|  53|0x000000070c800000, 0x000000070c800000, 0x000000070ca00000|  0%| F|  |TAMS 0x000000070c800000, 0x000000070c800000| Untracked 
|  54|0x000000070ca00000, 0x000000070ca00000, 0x000000070cc00000|  0%| F|  |TAMS 0x000000070ca00000, 0x000000070ca00000| Untracked 
|  55|0x000000070cc00000, 0x000000070cc00000, 0x000000070ce00000|  0%| F|  |TAMS 0x000000070cc00000, 0x000000070cc00000| Untracked 
|  56|0x000000070ce00000, 0x000000070d000000, 0x000000070d000000|100%| S|CS|TAMS 0x000000070ce00000, 0x000000070ce00000| Complete 
|  57|0x000000070d000000, 0x000000070d200000, 0x000000070d200000|100%| S|CS|TAMS 0x000000070d000000, 0x000000070d000000| Complete 
|  58|0x000000070d200000, 0x000000070d400000, 0x000000070d400000|100%| S|CS|TAMS 0x000000070d200000, 0x000000070d200000| Complete 
|  59|0x000000070d400000, 0x000000070d600000, 0x000000070d600000|100%| S|CS|TAMS 0x000000070d400000, 0x000000070d400000| Complete 
|  60|0x000000070d600000, 0x000000070d800000, 0x000000070d800000|100%| S|CS|TAMS 0x000000070d600000, 0x000000070d600000| Complete 
|  61|0x000000070d800000, 0x000000070d800000, 0x000000070da00000|  0%| F|  |TAMS 0x000000070d800000, 0x000000070d800000| Untracked 
|  62|0x000000070da00000, 0x000000070da00000, 0x000000070dc00000|  0%| F|  |TAMS 0x000000070da00000, 0x000000070da00000| Untracked 
|  63|0x000000070dc00000, 0x000000070dc00000, 0x000000070de00000|  0%| F|  |TAMS 0x000000070dc00000, 0x000000070dc00000| Untracked 
|  64|0x000000070de00000, 0x000000070de00000, 0x000000070e000000|  0%| F|  |TAMS 0x000000070de00000, 0x000000070de00000| Untracked 
|  65|0x000000070e000000, 0x000000070e000000, 0x000000070e200000|  0%| F|  |TAMS 0x000000070e000000, 0x000000070e000000| Untracked 
|  66|0x000000070e200000, 0x000000070e200000, 0x000000070e400000|  0%| F|  |TAMS 0x000000070e200000, 0x000000070e200000| Untracked 
|  67|0x000000070e400000, 0x000000070e400000, 0x000000070e600000|  0%| F|  |TAMS 0x000000070e400000, 0x000000070e400000| Untracked 
|  68|0x000000070e600000, 0x000000070e600000, 0x000000070e800000|  0%| F|  |TAMS 0x000000070e600000, 0x000000070e600000| Untracked 
|  69|0x000000070e800000, 0x000000070e800000, 0x000000070ea00000|  0%| F|  |TAMS 0x000000070e800000, 0x000000070e800000| Untracked 
|  70|0x000000070ea00000, 0x000000070ea00000, 0x000000070ec00000|  0%| F|  |TAMS 0x000000070ea00000, 0x000000070ea00000| Untracked 
|  71|0x000000070ec00000, 0x000000070ec00000, 0x000000070ee00000|  0%| F|  |TAMS 0x000000070ec00000, 0x000000070ec00000| Untracked 
|  72|0x000000070ee00000, 0x000000070ee00000, 0x000000070f000000|  0%| F|  |TAMS 0x000000070ee00000, 0x000000070ee00000| Untracked 
|  73|0x000000070f000000, 0x000000070f000000, 0x000000070f200000|  0%| F|  |TAMS 0x000000070f000000, 0x000000070f000000| Untracked 
|  74|0x000000070f200000, 0x000000070f200000, 0x000000070f400000|  0%| F|  |TAMS 0x000000070f200000, 0x000000070f200000| Untracked 
|  75|0x000000070f400000, 0x000000070f400000, 0x000000070f600000|  0%| F|  |TAMS 0x000000070f400000, 0x000000070f400000| Untracked 
|  76|0x000000070f600000, 0x000000070f600000, 0x000000070f800000|  0%| F|  |TAMS 0x000000070f600000, 0x000000070f600000| Untracked 
|  77|0x000000070f800000, 0x000000070f800000, 0x000000070fa00000|  0%| F|  |TAMS 0x000000070f800000, 0x000000070f800000| Untracked 
|  78|0x000000070fa00000, 0x000000070fa00000, 0x000000070fc00000|  0%| F|  |TAMS 0x000000070fa00000, 0x000000070fa00000| Untracked 
|  79|0x000000070fc00000, 0x000000070fc00000, 0x000000070fe00000|  0%| F|  |TAMS 0x000000070fc00000, 0x000000070fc00000| Untracked 
|  80|0x000000070fe00000, 0x000000070fe00000, 0x0000000710000000|  0%| F|  |TAMS 0x000000070fe00000, 0x000000070fe00000| Untracked 
|  81|0x0000000710000000, 0x0000000710000000, 0x0000000710200000|  0%| F|  |TAMS 0x0000000710000000, 0x0000000710000000| Untracked 
|  82|0x0000000710200000, 0x0000000710200000, 0x0000000710400000|  0%| F|  |TAMS 0x0000000710200000, 0x0000000710200000| Untracked 
|  83|0x0000000710400000, 0x0000000710400000, 0x0000000710600000|  0%| F|  |TAMS 0x0000000710400000, 0x0000000710400000| Untracked 
|  84|0x0000000710600000, 0x0000000710600000, 0x0000000710800000|  0%| F|  |TAMS 0x0000000710600000, 0x0000000710600000| Untracked 
|  85|0x0000000710800000, 0x0000000710800000, 0x0000000710a00000|  0%| F|  |TAMS 0x0000000710800000, 0x0000000710800000| Untracked 
|  86|0x0000000710a00000, 0x0000000710bd5400, 0x0000000710c00000| 91%| E|  |TAMS 0x0000000710a00000, 0x0000000710a00000| Complete 
|  87|0x0000000710c00000, 0x0000000710e00000, 0x0000000710e00000|100%| E|CS|TAMS 0x0000000710c00000, 0x0000000710c00000| Complete 
|  88|0x0000000710e00000, 0x0000000711000000, 0x0000000711000000|100%| E|CS|TAMS 0x0000000710e00000, 0x0000000710e00000| Complete 
|  89|0x0000000711000000, 0x0000000711200000, 0x0000000711200000|100%| E|CS|TAMS 0x0000000711000000, 0x0000000711000000| Complete 
|  90|0x0000000711200000, 0x0000000711400000, 0x0000000711400000|100%| E|CS|TAMS 0x0000000711200000, 0x0000000711200000| Complete 
|  91|0x0000000711400000, 0x0000000711600000, 0x0000000711600000|100%| E|CS|TAMS 0x0000000711400000, 0x0000000711400000| Complete 
|  92|0x0000000711600000, 0x0000000711800000, 0x0000000711800000|100%| E|CS|TAMS 0x0000000711600000, 0x0000000711600000| Complete 
|  93|0x0000000711800000, 0x0000000711a00000, 0x0000000711a00000|100%| E|CS|TAMS 0x0000000711800000, 0x0000000711800000| Complete 
|  94|0x0000000711a00000, 0x0000000711c00000, 0x0000000711c00000|100%| E|CS|TAMS 0x0000000711a00000, 0x0000000711a00000| Complete 
|  95|0x0000000711c00000, 0x0000000711e00000, 0x0000000711e00000|100%| E|CS|TAMS 0x0000000711c00000, 0x0000000711c00000| Complete 
|  96|0x0000000711e00000, 0x0000000712000000, 0x0000000712000000|100%| E|CS|TAMS 0x0000000711e00000, 0x0000000711e00000| Complete 
|  97|0x0000000712000000, 0x0000000712200000, 0x0000000712200000|100%| E|CS|TAMS 0x0000000712000000, 0x0000000712000000| Complete 
|  98|0x0000000712200000, 0x0000000712400000, 0x0000000712400000|100%| E|CS|TAMS 0x0000000712200000, 0x0000000712200000| Complete 
|  99|0x0000000712400000, 0x0000000712600000, 0x0000000712600000|100%| E|CS|TAMS 0x0000000712400000, 0x0000000712400000| Complete 
| 100|0x0000000712600000, 0x0000000712800000, 0x0000000712800000|100%| E|CS|TAMS 0x0000000712600000, 0x0000000712600000| Complete 
| 101|0x0000000712800000, 0x0000000712a00000, 0x0000000712a00000|100%| E|CS|TAMS 0x0000000712800000, 0x0000000712800000| Complete 
| 102|0x0000000712a00000, 0x0000000712c00000, 0x0000000712c00000|100%| E|CS|TAMS 0x0000000712a00000, 0x0000000712a00000| Complete 
| 103|0x0000000712c00000, 0x0000000712e00000, 0x0000000712e00000|100%| E|CS|TAMS 0x0000000712c00000, 0x0000000712c00000| Complete 
| 104|0x0000000712e00000, 0x0000000713000000, 0x0000000713000000|100%| E|CS|TAMS 0x0000000712e00000, 0x0000000712e00000| Complete 
| 105|0x0000000713000000, 0x0000000713200000, 0x0000000713200000|100%| E|CS|TAMS 0x0000000713000000, 0x0000000713000000| Complete 
| 106|0x0000000713200000, 0x0000000713400000, 0x0000000713400000|100%| E|CS|TAMS 0x0000000713200000, 0x0000000713200000| Complete 
| 107|0x0000000713400000, 0x0000000713600000, 0x0000000713600000|100%| E|CS|TAMS 0x0000000713400000, 0x0000000713400000| Complete 
| 108|0x0000000713600000, 0x0000000713800000, 0x0000000713800000|100%| E|CS|TAMS 0x0000000713600000, 0x0000000713600000| Complete 
| 109|0x0000000713800000, 0x0000000713a00000, 0x0000000713a00000|100%| E|CS|TAMS 0x0000000713800000, 0x0000000713800000| Complete 
| 110|0x0000000713a00000, 0x0000000713c00000, 0x0000000713c00000|100%| E|CS|TAMS 0x0000000713a00000, 0x0000000713a00000| Complete 
| 111|0x0000000713c00000, 0x0000000713e00000, 0x0000000713e00000|100%| E|CS|TAMS 0x0000000713c00000, 0x0000000713c00000| Complete 
| 112|0x0000000713e00000, 0x0000000714000000, 0x0000000714000000|100%| E|CS|TAMS 0x0000000713e00000, 0x0000000713e00000| Complete 
| 113|0x0000000714000000, 0x0000000714200000, 0x0000000714200000|100%| E|CS|TAMS 0x0000000714000000, 0x0000000714000000| Complete 
| 114|0x0000000714200000, 0x0000000714400000, 0x0000000714400000|100%| E|CS|TAMS 0x0000000714200000, 0x0000000714200000| Complete 
| 115|0x0000000714400000, 0x0000000714600000, 0x0000000714600000|100%| E|CS|TAMS 0x0000000714400000, 0x0000000714400000| Complete 
| 116|0x0000000714600000, 0x0000000714800000, 0x0000000714800000|100%| E|CS|TAMS 0x0000000714600000, 0x0000000714600000| Complete 
| 117|0x0000000714800000, 0x0000000714a00000, 0x0000000714a00000|100%| E|CS|TAMS 0x0000000714800000, 0x0000000714800000| Complete 
| 118|0x0000000714a00000, 0x0000000714c00000, 0x0000000714c00000|100%| E|CS|TAMS 0x0000000714a00000, 0x0000000714a00000| Complete 
| 119|0x0000000714c00000, 0x0000000714e00000, 0x0000000714e00000|100%| E|CS|TAMS 0x0000000714c00000, 0x0000000714c00000| Complete 
| 120|0x0000000714e00000, 0x0000000715000000, 0x0000000715000000|100%| E|CS|TAMS 0x0000000714e00000, 0x0000000714e00000| Complete 
| 121|0x0000000715000000, 0x0000000715200000, 0x0000000715200000|100%| E|CS|TAMS 0x0000000715000000, 0x0000000715000000| Complete 
| 122|0x0000000715200000, 0x0000000715400000, 0x0000000715400000|100%| E|CS|TAMS 0x0000000715200000, 0x0000000715200000| Complete 
| 123|0x0000000715400000, 0x0000000715600000, 0x0000000715600000|100%| E|CS|TAMS 0x0000000715400000, 0x0000000715400000| Complete 
| 124|0x0000000715600000, 0x0000000715800000, 0x0000000715800000|100%| E|CS|TAMS 0x0000000715600000, 0x0000000715600000| Complete 
| 125|0x0000000715800000, 0x0000000715a00000, 0x0000000715a00000|100%| E|CS|TAMS 0x0000000715800000, 0x0000000715800000| Complete 
| 126|0x0000000715a00000, 0x0000000715c00000, 0x0000000715c00000|100%| E|CS|TAMS 0x0000000715a00000, 0x0000000715a00000| Complete 
|1993|0x00000007ff000000, 0x00000007ff200000, 0x00000007ff200000|100%| O|  |TAMS 0x00000007ff200000, 0x00000007ff000000| Untracked 
|1994|0x00000007ff200000, 0x00000007ff400000, 0x00000007ff400000|100%| O|  |TAMS 0x00000007ff400000, 0x00000007ff200000| Untracked 
|1995|0x00000007ff400000, 0x00000007ff600000, 0x00000007ff600000|100%| O|  |TAMS 0x00000007ff600000, 0x00000007ff400000| Untracked 
|1996|0x00000007ff600000, 0x00000007ff800000, 0x00000007ff800000|100%| O|  |TAMS 0x00000007ff800000, 0x00000007ff600000| Untracked 
|1997|0x00000007ff800000, 0x00000007ffa00000, 0x00000007ffa00000|100%| O|  |TAMS 0x00000007ffa00000, 0x00000007ff800000| Untracked 
|1998|0x00000007ffa00000, 0x00000007ffc00000, 0x00000007ffc00000|100%| O|  |TAMS 0x00000007ffc00000, 0x00000007ffa00000| Untracked 
|1999|0x00000007ffc00000, 0x00000007ffe00000, 0x00000007ffe00000|100%| O|  |TAMS 0x00000007ffe00000, 0x00000007ffc00000| Untracked 
|2000|0x00000007ffe00000, 0x0000000800000000, 0x0000000800000000|100%| O|  |TAMS 0x0000000800000000, 0x00000007ffe00000| Untracked 

Card table byte_map: [0x000002197f1a0000,0x000002197f980000] _byte_map_base: 0x000002197b971000

Marking Bits (Prev, Next): (CMBitMap*) 0x000002196724ba00, (CMBitMap*) 0x000002196724ba40
 Prev Bits: [0x00000219007e0000, 0x0000021904668000)
 Next Bits: [0x0000021904670000, 0x00000219084f8000)

Polling page: 0x0000021965120000

Metaspace:

Usage:
  Non-class:     31.22 MB used.
      Class:      3.53 MB used.
       Both:     34.75 MB used.

Virtual space:
  Non-class space:       64.00 MB reserved,      31.50 MB ( 49%) committed,  1 nodes.
      Class space:        1.00 GB reserved,       3.81 MB ( <1%) committed,  1 nodes.
             Both:        1.06 GB reserved,      35.31 MB (  3%) committed. 

Chunk freelists:
   Non-Class:  272.00 KB
       Class:  207.00 KB
        Both:  479.00 KB

MaxMetaspaceSize: unlimited
CompressedClassSpaceSize: 1.00 GB
Initial GC threshold: 21.00 MB
Current GC threshold: 41.81 MB
CDS: on
MetaspaceReclaimPolicy: balanced
 - commit_granule_bytes: 65536.
 - commit_granule_words: 8192.
 - virtual_space_node_default_size: 8388608.
 - enlarge_chunks_in_place: 1.
 - new_chunks_are_fully_committed: 0.
 - uncommit_free_chunks: 1.
 - use_allocation_guard: 0.


Internal statistics:

num_allocs_failed_limit: 3.
num_arena_births: 758.
num_arena_deaths: 0.
num_vsnodes_births: 2.
num_vsnodes_deaths: 0.
num_space_committed: 565.
num_space_uncommitted: 0.
num_chunks_returned_to_freelist: 3.
num_chunks_taken_from_freelist: 2155.
num_chunk_merges: 3.
num_chunk_splits: 1473.
num_chunks_enlarged: 1036.
num_inconsistent_stats: 0.

CodeHeap 'non-profiled nmethods': size=119168Kb used=7693Kb max_used=7693Kb free=111474Kb
 bounds [0x0000021976ce0000, 0x0000021977470000, 0x000002197e140000]
CodeHeap 'profiled nmethods': size=119104Kb used=21753Kb max_used=21890Kb free=97350Kb
 bounds [0x000002196f140000, 0x00000219706b0000, 0x0000021976590000]
CodeHeap 'non-nmethods': size=7488Kb used=3034Kb max_used=3137Kb free=4453Kb
 bounds [0x0000021976590000, 0x00000219768b0000, 0x0000021976ce0000]
 total_blobs=10258 nmethods=9682 adapters=483
 compilation: enabled
              stopped_count=0, restarted_count=0
 full_count=0

Compilation events (20 events):
Event: 7.378 Thread 0x000002197ffb6860 nmethod 11906 0x000002197707d210 code [0x000002197707d380, 0x000002197707d3f8]
Event: 7.378 Thread 0x000002197ff97fa0 11907       3       org.apache.maven.surefire.util.internal.StringUtils::unescapeString (130 bytes)
Event: 7.378 Thread 0x000002197ff97fa0 nmethod 11907 0x000002196f3a2890 code [0x000002196f3a2b20, 0x000002196f3a3888]
Event: 7.403 Thread 0x000002197ff97fa0 11908   !   3       java.io.FileInputStream::available (24 bytes)
Event: 7.403 Thread 0x000002197ff97fa0 nmethod 11908 0x000002196f67d090 code [0x000002196f67d260, 0x000002196f67d458]
Event: 7.406 Thread 0x000002197ff96960 11909       3       java.lang.System::lineSeparator (4 bytes)
Event: 7.406 Thread 0x000002197ff96960 nmethod 11909 0x000002196f679910 code [0x000002196f679aa0, 0x000002196f679b98]
Event: 7.406 Thread 0x000002197ff95e40 11910       1       sun.util.calendar.BaseCalendar$Date::getCachedJan1 (5 bytes)
Event: 7.406 Thread 0x000002197ff95e40 nmethod 11910 0x000002197707cf10 code [0x000002197707d0a0, 0x000002197707d158]
Event: 7.407 Thread 0x000002197ff96960 11911       3       java.util.Calendar::internalGet (7 bytes)
Event: 7.407 Thread 0x000002197ff95e40 11912       3       java.util.Date::getTime (5 bytes)
Event: 7.407 Thread 0x000002197ff96960 nmethod 11911 0x00000219701c7190 code [0x00000219701c7320, 0x00000219701c7458]
Event: 7.407 Thread 0x000002197ff97fa0 11913       3       java.util.Locale::hashCode (41 bytes)
Event: 7.407 Thread 0x000002197ff95e40 nmethod 11912 0x000002196f38c810 code [0x000002196f38c9c0, 0x000002196f38cc88]
Event: 7.407 Thread 0x000002197ff97fa0 nmethod 11913 0x000002196f149190 code [0x000002196f149340, 0x000002196f149558]
Event: 7.407 Thread 0x000002197ffb6860 11914       4       java.util.TimeZone::getDefault (10 bytes)
Event: 7.407 Thread 0x000002197ff97fa0 11915  s    3       java.lang.StringBuffer::append (13 bytes)
Event: 7.407 Thread 0x000002197ff97fa0 nmethod 11915 0x000002196f358c90 code [0x000002196f358e40, 0x000002196f359068]
Event: 7.408 Thread 0x000002197ffb6860 nmethod 11914 0x00000219770e3a10 code [0x00000219770e3ba0, 0x00000219770e3cf8]
Event: 7.414 Thread 0x000002197ff96ef0 11916       1       java.util.Calendar::getFirstDayOfWeek (5 bytes)

GC Heap History (20 events):
Event: 3.231 GC heap before
{Heap before GC invocations=10 (full 0):
 garbage-first heap   total 139264K, used 97183K [0x0000000705e00000, 0x0000000800000000)
  region size 2048K, 27 young (55296K), 2 survivors (4096K)
 Metaspace       used 27326K, committed 27776K, reserved 1114112K
  class space    used 2848K, committed 3072K, reserved 1048576K
}
Event: 3.236 GC heap after
{Heap after GC invocations=11 (full 0):
 garbage-first heap   total 139264K, used 51355K [0x0000000705e00000, 0x0000000800000000)
  region size 2048K, 4 young (8192K), 4 survivors (8192K)
 Metaspace       used 27326K, committed 27776K, reserved 1114112K
  class space    used 2848K, committed 3072K, reserved 1048576K
}
Event: 3.248 GC heap before
{Heap before GC invocations=11 (full 0):
 garbage-first heap   total 139264K, used 53403K [0x0000000705e00000, 0x0000000800000000)
  region size 2048K, 5 young (10240K), 4 survivors (8192K)
 Metaspace       used 27349K, committed 27776K, reserved 1114112K
  class space    used 2852K, committed 3072K, reserved 1048576K
}
Event: 3.252 GC heap after
{Heap after GC invocations=12 (full 0):
 garbage-first heap   total 139264K, used 51610K [0x0000000705e00000, 0x0000000800000000)
  region size 2048K, 1 young (2048K), 1 survivors (2048K)
 Metaspace       used 27349K, committed 27776K, reserved 1114112K
  class space    used 2852K, committed 3072K, reserved 1048576K
}
Event: 3.429 GC heap before
{Heap before GC invocations=12 (full 0):
 garbage-first heap   total 139264K, used 98714K [0x0000000705e00000, 0x0000000800000000)
  region size 2048K, 25 young (51200K), 1 survivors (2048K)
 Metaspace       used 27568K, committed 28096K, reserved 1114112K
  class space    used 2866K, committed 3136K, reserved 1048576K
}
Event: 3.430 GC heap after
{Heap after GC invocations=13 (full 0):
 garbage-first heap   total 139264K, used 50970K [0x0000000705e00000, 0x0000000800000000)
  region size 2048K, 1 young (2048K), 1 survivors (2048K)
 Metaspace       used 27568K, committed 28096K, reserved 1114112K
  class space    used 2866K, committed 3136K, reserved 1048576K
}
Event: 3.639 GC heap before
{Heap before GC invocations=13 (full 0):
 garbage-first heap   total 139264K, used 102170K [0x0000000705e00000, 0x0000000800000000)
  region size 2048K, 26 young (53248K), 1 survivors (2048K)
 Metaspace       used 28201K, committed 28736K, reserved 1114112K
  class space    used 2946K, committed 3200K, reserved 1048576K
}
Event: 3.640 GC heap after
{Heap after GC invocations=14 (full 0):
 garbage-first heap   total 139264K, used 51456K [0x0000000705e00000, 0x0000000800000000)
  region size 2048K, 1 young (2048K), 1 survivors (2048K)
 Metaspace       used 28201K, committed 28736K, reserved 1114112K
  class space    used 2946K, committed 3200K, reserved 1048576K
}
Event: 3.761 GC heap before
{Heap before GC invocations=14 (full 0):
 garbage-first heap   total 139264K, used 106752K [0x0000000705e00000, 0x0000000800000000)
  region size 2048K, 28 young (57344K), 1 survivors (2048K)
 Metaspace       used 28394K, committed 28992K, reserved 1114112K
  class space    used 2958K, committed 3264K, reserved 1048576K
}
Event: 3.764 GC heap after
{Heap after GC invocations=15 (full 0):
 garbage-first heap   total 139264K, used 52655K [0x0000000705e00000, 0x0000000800000000)
  region size 2048K, 2 young (4096K), 2 survivors (4096K)
 Metaspace       used 28394K, committed 28992K, reserved 1114112K
  class space    used 2958K, committed 3264K, reserved 1048576K
}
Event: 3.832 GC heap before
{Heap before GC invocations=15 (full 0):
 garbage-first heap   total 139264K, used 107951K [0x0000000705e00000, 0x0000000800000000)
  region size 2048K, 29 young (59392K), 2 survivors (4096K)
 Metaspace       used 28447K, committed 28992K, reserved 1114112K
  class space    used 2958K, committed 3264K, reserved 1048576K
}
Event: 3.833 GC heap after
{Heap after GC invocations=16 (full 0):
 garbage-first heap   total 139264K, used 52890K [0x0000000705e00000, 0x0000000800000000)
  region size 2048K, 2 young (4096K), 2 survivors (4096K)
 Metaspace       used 28447K, committed 28992K, reserved 1114112K
  class space    used 2958K, committed 3264K, reserved 1048576K
}
Event: 3.977 GC heap before
{Heap before GC invocations=16 (full 0):
 garbage-first heap   total 139264K, used 110234K [0x0000000705e00000, 0x0000000800000000)
  region size 2048K, 30 young (61440K), 2 survivors (4096K)
 Metaspace       used 28582K, committed 29120K, reserved 1114112K
  class space    used 2961K, committed 3264K, reserved 1048576K
}
Event: 3.982 GC heap after
{Heap after GC invocations=17 (full 0):
 garbage-first heap   total 276480K, used 54224K [0x0000000705e00000, 0x0000000800000000)
  region size 2048K, 2 young (4096K), 2 survivors (4096K)
 Metaspace       used 28582K, committed 29120K, reserved 1114112K
  class space    used 2961K, committed 3264K, reserved 1048576K
}
Event: 5.011 GC heap before
{Heap before GC invocations=17 (full 0):
 garbage-first heap   total 276480K, used 216016K [0x0000000705e00000, 0x0000000800000000)
  region size 2048K, 81 young (165888K), 2 survivors (4096K)
 Metaspace       used 31265K, committed 31872K, reserved 1114112K
  class space    used 3209K, committed 3520K, reserved 1048576K
}
Event: 5.015 GC heap after
{Heap after GC invocations=18 (full 0):
 garbage-first heap   total 276480K, used 56288K [0x0000000705e00000, 0x0000000800000000)
  region size 2048K, 3 young (6144K), 3 survivors (6144K)
 Metaspace       used 31265K, committed 31872K, reserved 1114112K
  class space    used 3209K, committed 3520K, reserved 1048576K
}
Event: 5.804 GC heap before
{Heap before GC invocations=18 (full 0):
 garbage-first heap   total 276480K, used 218080K [0x0000000705e00000, 0x0000000800000000)
  region size 2048K, 81 young (165888K), 3 survivors (6144K)
 Metaspace       used 31731K, committed 32256K, reserved 1114112K
  class space    used 3232K, committed 3520K, reserved 1048576K
}
Event: 5.811 GC heap after
{Heap after GC invocations=19 (full 0):
 garbage-first heap   total 276480K, used 77836K [0x0000000705e00000, 0x0000000800000000)
  region size 2048K, 11 young (22528K), 11 survivors (22528K)
 Metaspace       used 31731K, committed 32256K, reserved 1114112K
  class space    used 3232K, committed 3520K, reserved 1048576K
}
Event: 6.502 GC heap before
{Heap before GC invocations=19 (full 0):
 garbage-first heap   total 276480K, used 213004K [0x0000000705e00000, 0x0000000800000000)
  region size 2048K, 77 young (157696K), 11 survivors (22528K)
 Metaspace       used 33487K, committed 34112K, reserved 1114112K
  class space    used 3424K, committed 3712K, reserved 1048576K
}
Event: 6.510 GC heap after
{Heap after GC invocations=20 (full 0):
 garbage-first heap   total 276480K, used 88192K [0x0000000705e00000, 0x0000000800000000)
  region size 2048K, 5 young (10240K), 5 survivors (10240K)
 Metaspace       used 33487K, committed 34112K, reserved 1114112K
  class space    used 3424K, committed 3712K, reserved 1048576K
}

Dll operation events (12 events):
Event: 0.004 Loaded shared library C:\Program Files\Java\jdk-19\bin\java.dll
Event: 0.010 Loaded shared library C:\Program Files\Java\jdk-19\bin\jsvml.dll
Event: 0.040 Loaded shared library C:\Program Files\Java\jdk-19\bin\zip.dll
Event: 0.041 Loaded shared library C:\Program Files\Java\jdk-19\bin\instrument.dll
Event: 0.044 Loaded shared library C:\Program Files\Java\jdk-19\bin\net.dll
Event: 0.045 Loaded shared library C:\Program Files\Java\jdk-19\bin\nio.dll
Event: 0.047 Loaded shared library C:\Program Files\Java\jdk-19\bin\zip.dll
Event: 0.056 Loaded shared library C:\Program Files\JetBrains\IntelliJ IDEA 2022.1.2\bin\breakgen64.dll
Event: 0.061 Loaded shared library C:\Program Files\Java\jdk-19\bin\extnet.dll
Event: 0.103 Loaded shared library C:\Program Files\Java\jdk-19\bin\jimage.dll
Event: 0.177 Loaded shared library C:\Users\99293\AppData\Local\Temp\jansi-2.4.0-5d0ddc8405e07c3d-jansi.dll
Event: 0.183 Loaded shared library C:\Program Files\Java\jdk-19\bin\verify.dll

Deoptimization events (20 events):
Event: 7.404 Thread 0x0000021911197980 Uncommon trap: trap_request=0xffffffc6 fr.pc=0x0000021977254d04 relative=0x0000000000000c84
Event: 7.404 Thread 0x0000021911197980 Uncommon trap: reason=bimorphic_or_optimized_type_check action=maybe_recompile pc=0x0000021977254d04 method=java.util.stream.AbstractPipeline.copyIntoWithCancel(Ljava/util/stream/Sink;Ljava/util/Spliterator;)Z @ 19 c2
Event: 7.404 Thread 0x0000021911197980 DEOPT PACKING pc=0x0000021977254d04 sp=0x0000002cb65fe9e0
Event: 7.404 Thread 0x0000021911197980 DEOPT UNPACKING pc=0x00000219765f6da3 sp=0x0000002cb65fe920 mode 2
Event: 7.404 Thread 0x0000021911197980 Uncommon trap: trap_request=0xffffffde fr.pc=0x0000021976f7b2d4 relative=0x00000000000003f4
Event: 7.404 Thread 0x0000021911197980 Uncommon trap: reason=class_check action=maybe_recompile pc=0x0000021976f7b2d4 method=java.lang.AbstractStringBuilder.append(Ljava/lang/CharSequence;)Ljava/lang/AbstractStringBuilder; @ 10 c2
Event: 7.404 Thread 0x0000021911197980 DEOPT PACKING pc=0x0000021976f7b2d4 sp=0x0000002cb65feeb0
Event: 7.404 Thread 0x0000021911197980 DEOPT UNPACKING pc=0x00000219765f6da3 sp=0x0000002cb65fee80 mode 2
Event: 7.405 Thread 0x0000021911197980 Uncommon trap: trap_request=0xffffffde fr.pc=0x0000021976f7b2d4 relative=0x00000000000003f4
Event: 7.405 Thread 0x0000021911197980 Uncommon trap: reason=class_check action=maybe_recompile pc=0x0000021976f7b2d4 method=java.lang.AbstractStringBuilder.append(Ljava/lang/CharSequence;)Ljava/lang/AbstractStringBuilder; @ 10 c2
Event: 7.405 Thread 0x0000021911197980 DEOPT PACKING pc=0x0000021976f7b2d4 sp=0x0000002cb65feeb0
Event: 7.405 Thread 0x0000021911197980 DEOPT UNPACKING pc=0x00000219765f6da3 sp=0x0000002cb65fee80 mode 2
Event: 7.406 Thread 0x0000021911197980 Uncommon trap: trap_request=0xffffffde fr.pc=0x0000021976f7b2d4 relative=0x00000000000003f4
Event: 7.406 Thread 0x0000021911197980 Uncommon trap: reason=class_check action=maybe_recompile pc=0x0000021976f7b2d4 method=java.lang.AbstractStringBuilder.append(Ljava/lang/CharSequence;)Ljava/lang/AbstractStringBuilder; @ 10 c2
Event: 7.406 Thread 0x0000021911197980 DEOPT PACKING pc=0x0000021976f7b2d4 sp=0x0000002cb65feeb0
Event: 7.406 Thread 0x0000021911197980 DEOPT UNPACKING pc=0x00000219765f6da3 sp=0x0000002cb65fee80 mode 2
Event: 7.406 Thread 0x0000021911197980 Uncommon trap: trap_request=0xffffffde fr.pc=0x0000021976f7b2d4 relative=0x00000000000003f4
Event: 7.406 Thread 0x0000021911197980 Uncommon trap: reason=class_check action=maybe_recompile pc=0x0000021976f7b2d4 method=java.lang.AbstractStringBuilder.append(Ljava/lang/CharSequence;)Ljava/lang/AbstractStringBuilder; @ 10 c2
Event: 7.406 Thread 0x0000021911197980 DEOPT PACKING pc=0x0000021976f7b2d4 sp=0x0000002cb65feeb0
Event: 7.406 Thread 0x0000021911197980 DEOPT UNPACKING pc=0x00000219765f6da3 sp=0x0000002cb65fee80 mode 2

Classes loaded (20 events):
Event: 7.026 Loading class java/lang/IllegalThreadStateException
Event: 7.026 Loading class java/lang/IllegalThreadStateException done
Event: 7.027 Loading class java/lang/ProcessBuilder
Event: 7.027 Loading class java/lang/ProcessBuilder done
Event: 7.027 Loading class java/lang/ProcessImpl
Event: 7.027 Loading class java/lang/Process
Event: 7.027 Loading class java/lang/Process done
Event: 7.027 Loading class java/lang/ProcessImpl done
Event: 7.040 Loading class java/lang/ProcessImpl$2
Event: 7.040 Loading class java/lang/ProcessImpl$2 done
Event: 7.040 Loading class java/lang/Process$PipeInputStream
Event: 7.040 Loading class java/lang/Process$PipeInputStream done
Event: 7.041 Loading class jdk/internal/event/ProcessStartEvent
Event: 7.041 Loading class jdk/internal/event/Event
Event: 7.041 Loading class jdk/internal/event/Event done
Event: 7.041 Loading class jdk/internal/event/ProcessStartEvent done
Event: 7.405 Loading class java/lang/Throwable$WrappedPrintWriter
Event: 7.405 Loading class java/lang/Throwable$PrintStreamOrWriter
Event: 7.405 Loading class java/lang/Throwable$PrintStreamOrWriter done
Event: 7.405 Loading class java/lang/Throwable$WrappedPrintWriter done

Classes unloaded (0 events):
No events

Classes redefined (0 events):
No events

Internal exceptions (20 events):
Event: 6.592 Thread 0x00000219671d89f0 Exception <a 'sun/nio/fs/WindowsException'{0x0000000714b56150}> (0x0000000714b56150) 
thrown [s\open\src\hotspot\share\prims\jni.cpp, line 517]
Event: 6.592 Thread 0x00000219671d89f0 Exception <a 'sun/nio/fs/WindowsException'{0x0000000714b56858}> (0x0000000714b56858) 
thrown [s\open\src\hotspot\share\prims\jni.cpp, line 517]
Event: 6.592 Thread 0x00000219671d89f0 Exception <a 'sun/nio/fs/WindowsException'{0x0000000714b579f8}> (0x0000000714b579f8) 
thrown [s\open\src\hotspot\share\prims\jni.cpp, line 517]
Event: 6.600 Thread 0x00000219671d89f0 Exception <a 'sun/nio/fs/WindowsException'{0x00000007148b0f80}> (0x00000007148b0f80) 
thrown [s\open\src\hotspot\share\prims\jni.cpp, line 517]
Event: 6.600 Thread 0x00000219671d89f0 Exception <a 'sun/nio/fs/WindowsException'{0x00000007148b1658}> (0x00000007148b1658) 
thrown [s\open\src\hotspot\share\prims\jni.cpp, line 517]
Event: 6.600 Thread 0x00000219671d89f0 Exception <a 'sun/nio/fs/WindowsException'{0x00000007148b2530}> (0x00000007148b2530) 
thrown [s\open\src\hotspot\share\prims\jni.cpp, line 517]
Event: 6.623 Thread 0x00000219671d89f0 Exception <a 'sun/nio/fs/WindowsException'{0x0000000713e4c5d8}> (0x0000000713e4c5d8) 
thrown [s\open\src\hotspot\share\prims\jni.cpp, line 517]
Event: 6.623 Thread 0x00000219671d89f0 Exception <a 'sun/nio/fs/WindowsException'{0x0000000713e4cc88}> (0x0000000713e4cc88) 
thrown [s\open\src\hotspot\share\prims\jni.cpp, line 517]
Event: 6.623 Thread 0x00000219671d89f0 Exception <a 'sun/nio/fs/WindowsException'{0x0000000713e4d9e0}> (0x0000000713e4d9e0) 
thrown [s\open\src\hotspot\share\prims\jni.cpp, line 517]
Event: 6.626 Thread 0x00000219671d89f0 Exception <a 'sun/nio/fs/WindowsException'{0x0000000713f19428}> (0x0000000713f19428) 
thrown [s\open\src\hotspot\share\prims\jni.cpp, line 517]
Event: 6.626 Thread 0x00000219671d89f0 Exception <a 'sun/nio/fs/WindowsException'{0x0000000713f19b10}> (0x0000000713f19b10) 
thrown [s\open\src\hotspot\share\prims\jni.cpp, line 517]
Event: 6.626 Thread 0x00000219671d89f0 Exception <a 'sun/nio/fs/WindowsException'{0x0000000713f1aa48}> (0x0000000713f1aa48) 
thrown [s\open\src\hotspot\share\prims\jni.cpp, line 517]
Event: 6.823 Thread 0x000002191b67ea60 Exception <a 'java/lang/NoSuchMethodError'{0x000000071263b878}: 'java.lang.Object java.lang.invoke.DirectMethodHandle$Holder.invokeStatic(java.lang.Object, long, java.lang.Object)'> (0x000000071263b878) 
thrown [s\open\src\hotspot\share\interpreter\linkResolver.cpp, line 774]
Event: 6.823 Thread 0x00000219671d89f0 Exception <a 'java/lang/NoSuchMethodError'{0x000000071245c3b8}: 'java.lang.String org.apache.maven.execution.MavenExecutionRequest.getFailureBehavior()'> (0x000000071245c3b8) 
thrown [s\open\src\hotspot\share\interpreter\linkResolver.cpp, line 870]
Event: 6.823 Thread 0x000002191b67ea60 Exception <a 'java/lang/NoSuchMethodError'{0x000000071263eec8}: 'java.lang.Object java.lang.invoke.DirectMethodHandle$Holder.invokeStaticInit(java.lang.Object, long, java.lang.Object)'> (0x000000071263eec8) 
thrown [s\open\src\hotspot\share\interpreter\linkResolver.cpp, line 774]
Event: 6.823 Thread 0x000002191b67ea60 Exception <a 'java/lang/NoSuchMethodError'{0x0000000712644b18}: 'java.lang.Object java.lang.invoke.DirectMethodHandle$Holder.newInvokeSpecial(java.lang.Object, long)'> (0x0000000712644b18) 
thrown [s\open\src\hotspot\share\interpreter\linkResolver.cpp, line 774]
Event: 6.826 Thread 0x000002191b67ea60 Exception <a 'java/lang/NoSuchMethodError'{0x00000007126493a8}: 'long java.lang.invoke.DirectMethodHandle$Holder.invokeInterface(java.lang.Object, java.lang.Object)'> (0x00000007126493a8) 
thrown [s\open\src\hotspot\share\interpreter\linkResolver.cpp, line 774]
Event: 6.826 Thread 0x000002191b67ea60 Exception <a 'java/lang/NoSuchMethodError'{0x000000071264cd10}: 'long java.lang.invoke.DelegatingMethodHandle$Holder.reinvoke_L(java.lang.Object, java.lang.Object)'> (0x000000071264cd10) 
thrown [s\open\src\hotspot\share\interpreter\linkResolver.cpp, line 774]
Event: 6.881 Thread 0x00000219671d89f0 Exception <a 'java/lang/NoSuchMethodError'{0x00000007125f14f0}: 'java.lang.Object java.lang.invoke.DirectMethodHandle$Holder.invokeStaticInit(java.lang.Object, java.lang.Object, int, int, int, int)'> (0x00000007125f14f0) 
thrown [s\open\src\hotspot\share\interpreter\linkResolver.cpp, line 774]
Event: 7.039 Thread 0x00000219671d89f0 Exception <a 'java/lang/NoSuchMethodError'{0x0000000710cf4ac0}: 'void java.lang.invoke.DirectMethodHandle$Holder.invokeStatic(java.lang.Object, long)'> (0x0000000710cf4ac0) 
thrown [s\open\src\hotspot\share\interpreter\linkResolver.cpp, line 774]

VM Operations (20 events):
Event: 5.869 Executing VM operation: HandshakeAllThreads
Event: 5.869 Executing VM operation: HandshakeAllThreads done
Event: 6.022 Executing VM operation: HandshakeAllThreads
Event: 6.022 Executing VM operation: HandshakeAllThreads done
Event: 6.050 Executing VM operation: HandshakeAllThreads
Event: 6.050 Executing VM operation: HandshakeAllThreads done
Event: 6.274 Executing VM operation: ICBufferFull
Event: 6.274 Executing VM operation: ICBufferFull done
Event: 6.502 Executing VM operation: G1CollectForAllocation
Event: 6.510 Executing VM operation: G1CollectForAllocation done
Event: 6.692 Executing VM operation: ICBufferFull
Event: 6.693 Executing VM operation: ICBufferFull done
Event: 6.798 Executing VM operation: HandshakeAllThreads
Event: 6.798 Executing VM operation: HandshakeAllThreads done
Event: 7.000 Executing VM operation: HandshakeAllThreads
Event: 7.000 Executing VM operation: HandshakeAllThreads done
Event: 7.041 Executing VM operation: HandshakeAllThreads
Event: 7.041 Executing VM operation: HandshakeAllThreads done
Event: 7.062 Executing VM operation: HandshakeAllThreads
Event: 7.062 Executing VM operation: HandshakeAllThreads done

Events (20 events):
Event: 7.068 Thread 0x000002190f00c0b0 flushing nmethod 0x000002196f415a10
Event: 7.069 Thread 0x000002190f00c0b0 flushing nmethod 0x000002196f67b610
Event: 7.069 Thread 0x000002190f00c0b0 flushing nmethod 0x000002196f67d090
Event: 7.070 Thread 0x000002190f00c0b0 flushing nmethod 0x000002196f7a5810
Event: 7.071 Thread 0x000002190f00c0b0 flushing nmethod 0x000002196fb87590
Event: 7.071 Thread 0x000002190f00c0b0 flushing nmethod 0x000002196fbccb90
Event: 7.071 Thread 0x000002190f00c0b0 flushing nmethod 0x000002196fbfb690
Event: 7.072 Thread 0x000002190f00c0b0 flushing nmethod 0x000002196fd0c610
Event: 7.072 Thread 0x000002190f00c0b0 flushing nmethod 0x000002196fd10a10
Event: 7.072 Thread 0x000002190f00c0b0 flushing nmethod 0x000002196fd15c90
Event: 7.072 Thread 0x000002190f00c0b0 flushing nmethod 0x000002196fd1ef10
Event: 7.072 Thread 0x000002190f00c0b0 flushing nmethod 0x000002196fd23210
Event: 7.072 Thread 0x000002190f00c0b0 flushing nmethod 0x000002196fe21d10
Event: 7.073 Thread 0x000002190f00c0b0 flushing nmethod 0x000002196fe8cb10
Event: 7.073 Thread 0x000002190f00c0b0 flushing nmethod 0x000002196ff5e790
Event: 7.075 Thread 0x000002190f00c0b0 flushing nmethod 0x00000219704ec390
Event: 7.075 Thread 0x000002190f00c0b0 flushing nmethod 0x00000219704f6e90
Event: 7.075 Thread 0x000002190f00c0b0 flushing nmethod 0x00000219705d8590
Event: 7.376 Thread 0x0000021911154080 Thread exited: 0x0000021911154080
Event: 7.376 Thread 0x000002197ff97480 Thread exited: 0x000002197ff97480


Dynamic libraries:
0x00007ff663cc0000 - 0x00007ff663cd0000 	C:\Program Files\Java\jdk-19\bin\java.exe
0x00007fff92730000 - 0x00007fff92944000 	C:\WINDOWS\SYSTEM32\ntdll.dll
0x00007fff91100000 - 0x00007fff911c4000 	C:\WINDOWS\System32\KERNEL32.DLL
0x00007fff900e0000 - 0x00007fff90484000 	C:\WINDOWS\System32\KERNELBASE.dll
0x00007fff8ffc0000 - 0x00007fff900d1000 	C:\WINDOWS\System32\ucrtbase.dll
0x00007fff89960000 - 0x00007fff89978000 	C:\Program Files\Java\jdk-19\bin\jli.dll
0x00007fff88160000 - 0x00007fff8817b000 	C:\Program Files\Java\jdk-19\bin\VCRUNTIME140.dll
0x00007fff92230000 - 0x00007fff922e0000 	C:\WINDOWS\System32\ADVAPI32.dll
0x00007fff91200000 - 0x00007fff912a7000 	C:\WINDOWS\System32\msvcrt.dll
0x00007fff90850000 - 0x00007fff908f6000 	C:\WINDOWS\System32\sechost.dll
0x00007fff92490000 - 0x00007fff925a7000 	C:\WINDOWS\System32\RPCRT4.dll
0x00007fff79ab0000 - 0x00007fff79d43000 	C:\WINDOWS\WinSxS\amd64_microsoft.windows.common-controls_6595b64144ccf1df_6.0.22621.2215_none_270d72677387dfc3\COMCTL32.dll
0x00007fff90d90000 - 0x00007fff90f3e000 	C:\WINDOWS\System32\USER32.dll
0x00007fff911d0000 - 0x00007fff911f9000 	C:\WINDOWS\System32\GDI32.dll
0x00007fff8ff90000 - 0x00007fff8ffb6000 	C:\WINDOWS\System32\win32u.dll
0x00007fff8fc20000 - 0x00007fff8fd38000 	C:\WINDOWS\System32\gdi32full.dll
0x00007fff8fd40000 - 0x00007fff8fdda000 	C:\WINDOWS\System32\msvcp_win.dll
0x00007fff869d0000 - 0x00007fff869da000 	C:\WINDOWS\SYSTEM32\VERSION.dll
0x00007fff90620000 - 0x00007fff90651000 	C:\WINDOWS\System32\IMM32.DLL
0x00007fff8acb0000 - 0x00007fff8acbc000 	C:\Program Files\Java\jdk-19\bin\vcruntime140_1.dll
0x00007fff67740000 - 0x00007fff677ce000 	C:\Program Files\Java\jdk-19\bin\msvcp140.dll
0x00007fff3b1e0000 - 0x00007fff3bea0000 	C:\Program Files\Java\jdk-19\bin\server\jvm.dll
0x00007fff88000000 - 0x00007fff88034000 	C:\WINDOWS\SYSTEM32\WINMM.dll
0x00007fff898f0000 - 0x00007fff898f9000 	C:\WINDOWS\SYSTEM32\WSOCK32.dll
0x00007fff92640000 - 0x00007fff926b1000 	C:\WINDOWS\System32\WS2_32.dll
0x00007fff8ebf0000 - 0x00007fff8ec08000 	C:\WINDOWS\SYSTEM32\kernel.appcore.dll
0x00007fff8a5d0000 - 0x00007fff8a5da000 	C:\Program Files\Java\jdk-19\bin\jimage.dll
0x00007fff8ce70000 - 0x00007fff8d09e000 	C:\WINDOWS\SYSTEM32\DBGHELP.DLL
0x00007fff91ea0000 - 0x00007fff9222a000 	C:\WINDOWS\System32\combase.dll
0x00007fff90770000 - 0x00007fff90847000 	C:\WINDOWS\System32\OLEAUT32.dll
0x00007fff86220000 - 0x00007fff86252000 	C:\WINDOWS\SYSTEM32\dbgcore.DLL
0x00007fff8ff10000 - 0x00007fff8ff8a000 	C:\WINDOWS\System32\bcryptPrimitives.dll
0x00007fff695f0000 - 0x00007fff695fe000 	C:\Program Files\Java\jdk-19\bin\instrument.dll
0x00007fff78690000 - 0x00007fff786b6000 	C:\Program Files\Java\jdk-19\bin\java.dll
0x00007fff66420000 - 0x00007fff664f7000 	C:\Program Files\Java\jdk-19\bin\jsvml.dll
0x00007fff91330000 - 0x00007fff91b53000 	C:\WINDOWS\System32\SHELL32.dll
0x00007fff8da10000 - 0x00007fff8e2fa000 	C:\WINDOWS\SYSTEM32\windows.storage.dll
0x00007fff8d8d0000 - 0x00007fff8da0e000 	C:\WINDOWS\SYSTEM32\wintypes.dll
0x00007fff91d20000 - 0x00007fff91e13000 	C:\WINDOWS\System32\SHCORE.dll
0x00007fff91e20000 - 0x00007fff91e7e000 	C:\WINDOWS\System32\shlwapi.dll
0x00007fff8f9e0000 - 0x00007fff8fa06000 	C:\WINDOWS\SYSTEM32\profapi.dll
0x00007fff7be60000 - 0x00007fff7be78000 	C:\Program Files\Java\jdk-19\bin\zip.dll
0x00007fff7cd30000 - 0x00007fff7cd43000 	C:\Program Files\Java\jdk-19\bin\net.dll
0x00007fff8a750000 - 0x00007fff8a887000 	C:\WINDOWS\SYSTEM32\WINHTTP.dll
0x00007fff8f070000 - 0x00007fff8f0d9000 	C:\WINDOWS\system32\mswsock.dll
0x00007fff7c750000 - 0x00007fff7c766000 	C:\Program Files\Java\jdk-19\bin\nio.dll
0x00007fff67720000 - 0x00007fff6773a000 	C:\Program Files\JetBrains\IntelliJ IDEA 2022.1.2\bin\breakgen64.dll
0x00007fff899a0000 - 0x00007fff899a8000 	C:\Program Files\Java\jdk-19\bin\extnet.dll
0x0000000069ac0000 - 0x0000000069ae4000 	C:\Users\99293\AppData\Local\Temp\jansi-2.4.0-5d0ddc8405e07c3d-jansi.dll
0x00007fff861a0000 - 0x00007fff861b0000 	C:\Program Files\Java\jdk-19\bin\verify.dll
0x00007fff8f2d0000 - 0x00007fff8f2eb000 	C:\WINDOWS\SYSTEM32\CRYPTSP.dll
0x00007fff8eb60000 - 0x00007fff8eb95000 	C:\WINDOWS\system32\rsaenh.dll
0x00007fff8f160000 - 0x00007fff8f18c000 	C:\WINDOWS\SYSTEM32\USERENV.dll
0x00007fff8f480000 - 0x00007fff8f4a8000 	C:\WINDOWS\SYSTEM32\bcrypt.dll
0x00007fff8f2c0000 - 0x00007fff8f2cc000 	C:\WINDOWS\SYSTEM32\CRYPTBASE.dll
0x00007fff8e5d0000 - 0x00007fff8e5fd000 	C:\WINDOWS\SYSTEM32\IPHLPAPI.DLL
0x00007fff91320000 - 0x00007fff91329000 	C:\WINDOWS\System32\NSI.dll
0x00007fff899b0000 - 0x00007fff899c9000 	C:\WINDOWS\SYSTEM32\dhcpcsvc6.DLL
0x00007fff89930000 - 0x00007fff8994f000 	C:\WINDOWS\SYSTEM32\dhcpcsvc.DLL
0x00007fff8e600000 - 0x00007fff8e6f2000 	C:\WINDOWS\SYSTEM32\DNSAPI.dll

dbghelp: loaded successfully - version: 4.0.5 - missing functions: none
symbol engine: initialized successfully - sym options: 0x614 - pdb path: .;C:\Program Files\Java\jdk-19\bin;C:\WINDOWS\SYSTEM32;C:\WINDOWS\WinSxS\amd64_microsoft.windows.common-controls_6595b64144ccf1df_6.0.22621.2215_none_270d72677387dfc3;C:\Program Files\Java\jdk-19\bin\server;C:\Program Files\JetBrains\IntelliJ IDEA 2022.1.2\bin;C:\Users\99293\AppData\Local\Temp

VM Arguments:
jvm_args: -Dmaven.multiModuleProjectDirectory=D:\unitedStates duplicates original -Dmaven.home=C:\Users\99293\.m2\wrapper\dists\apache-maven-3.8.6-bin\1ks0nkde5v1pk9vtc31i9d0lcd\apache-maven-3.8.6 -Dclassworlds.conf=C:\Users\99293\.m2\wrapper\dists\apache-maven-3.8.6-bin\1ks0nkde5v1pk9vtc31i9d0lcd\apache-maven-3.8.6\bin\m2.conf -Dmaven.ext.class.path=C:\Program Files\JetBrains\IntelliJ IDEA 2022.1.2\plugins\maven\lib\maven-event-listener.jar -javaagent:C:\Program Files\JetBrains\IntelliJ IDEA 2022.1.2\lib\idea_rt.jar=55032:C:\Program Files\JetBrains\IntelliJ IDEA 2022.1.2\bin -Dfile.encoding=UTF-8 
java_command: org.codehaus.classworlds.Launcher -Didea.version=2022.1.2 package
java_class_path (initial): C:\Users\99293\.m2\wrapper\dists\apache-maven-3.8.6-bin\1ks0nkde5v1pk9vtc31i9d0lcd\apache-maven-3.8.6\boot\plexus-classworlds-2.6.0.jar;C:\Users\99293\.m2\wrapper\dists\apache-maven-3.8.6-bin\1ks0nkde5v1pk9vtc31i9d0lcd\apache-maven-3.8.6\boot\plexus-classworlds.license
Launcher Type: SUN_STANDARD

[Global flags]
     intx CICompilerCount                          = 12                                        {product} {ergonomic}
     uint ConcGCThreads                            = 3                                         {product} {ergonomic}
     uint G1ConcRefinementThreads                  = 13                                        {product} {ergonomic}
   size_t G1HeapRegionSize                         = 2097152                                   {product} {ergonomic}
    uintx GCDrainStackTargetSize                   = 64                                        {product} {ergonomic}
   size_t InitialHeapSize                          = 264241152                                 {product} {ergonomic}
   size_t MarkStackSize                            = 4194304                                   {product} {ergonomic}
   size_t MaxHeapSize                              = 4196401152                                {product} {ergonomic}
   size_t MaxNewSize                               = 2516582400                                {product} {ergonomic}
   size_t MinHeapDeltaBytes                        = 2097152                                   {product} {ergonomic}
   size_t MinHeapSize                              = 8388608                                   {product} {ergonomic}
    uintx NonNMethodCodeHeapSize                   = 7602480                                {pd product} {ergonomic}
    uintx NonProfiledCodeHeapSize                  = 122027880                              {pd product} {ergonomic}
    uintx ProfiledCodeHeapSize                     = 122027880                              {pd product} {ergonomic}
    uintx ReservedCodeCacheSize                    = 251658240                              {pd product} {ergonomic}
     bool SegmentedCodeCache                       = true                                      {product} {ergonomic}
   size_t SoftMaxHeapSize                          = 4196401152                             {manageable} {ergonomic}
     bool UseCompressedClassPointers               = true                           {product lp64_product} {ergonomic}
     bool UseCompressedOops                        = true                           {product lp64_product} {ergonomic}
     bool UseG1GC                                  = true                                      {product} {ergonomic}
     bool UseLargePagesIndividualAllocation        = false                                  {pd product} {ergonomic}

Logging:
Log output configuration:
 #0: stdout all=warning uptime,level,tags foldmultilines=false
 #1: stderr all=off uptime,level,tags foldmultilines=false

Environment Variables:
PATH=C:\Program Files\Common Files\Oracle\Java\javapath;C:\Windows\system32;C:\Windows;C:\Windows\System32\Wbem;C:\Windows\System32\WindowsPowerShell\v1.0\;C:\Windows\System32\OpenSSH\;C:\Program Files (x86)\NVIDIA Corporation\PhysX\Common;C:\Program Files\NVIDIA Corporation\NVIDIA NvDLISR;C:\Program Files\Git\cmd;C:\Program Files (x86)\dotnet\;%SystemRoot%\system32;%SystemRoot%;%SystemRoot%\System32\Wbem;%SYSTEMROOT%\System32\WindowsPowerShell\v1.0\;%SYSTEMROOT%\System32\OpenSSH\;C:\Users\99293\AppData\Local\Programs\Python\Python311\Scripts\;C:\Users\99293\AppData\Local\Programs\Python\Python311\;C:\Users\99293\AppData\Local\Microsoft\WindowsApps;;C:\Program Files\JetBrains\IntelliJ IDEA 2022.1.2\bin;;C:\Program Files\heroku\bin
USERNAME=ASUS
OS=Windows_NT
PROCESSOR_IDENTIFIER=Intel64 Family 6 Model 154 Stepping 3, GenuineIntel
TMP=C:\Users\99293\AppData\Local\Temp
TEMP=C:\Users\99293\AppData\Local\Temp



---------------  S Y S T E M  ---------------

OS:
 Windows 11 , 64 bit Build 22621 (10.0.22621.2215)
OS uptime: 4 days 2:39 hours
Hyper-V role detected

CPU: total 16 (initial active 16) (8 cores per cpu, 2 threads per core) family 6 model 154 stepping 3 microcode 0x41c, cx8, cmov, fxsr, ht, mmx, 3dnowpref, sse, sse2, sse3, ssse3, sse4.1, sse4.2, popcnt, lzcnt, tsc, tscinvbit, avx, avx2, aes, erms, clmul, bmi1, bmi2, adx, sha, fma, vzeroupper, clflush, clflushopt, clwb, hv, serialize, rdtscp, rdpid, fsrm

Memory: 4k page, system-wide physical 16005M (3190M free)
TotalPageFile size 18053M (AvailPageFile size 0M)
current process WorkingSet (physical memory assigned to process): 541M, peak: 561M
current process commit charge ("private bytes"): 589M, peak: 613M

vm_info: Java HotSpot(TM) 64-Bit Server VM (19.0.2+7-44) for windows-amd64 JRE (19.0.2+7-44), built on 2022-11-30T18:02:09Z by "mach5one" with MS VC++ 17.1 (VS2022)

END.
