#
# There is insufficient memory for the Java Runtime Environment to continue.
# Native memory allocation (mmap) failed to map 264241152 bytes for G1 virtual space
# Possible reasons:
#   The system is out of physical RAM or swap space
#   The process is running with CompressedOops enabled, and the Java Heap may be blocking the growth of the native heap
# Possible solutions:
#   Reduce memory load on the system
#   Increase physical memory or swap space
#   Check if swap backing store is full
#   Decrease Java heap size (-Xmx/-Xms)
#   Decrease number of Java threads
#   Decrease Java thread stack sizes (-Xss)
#   Set larger code cache with -XX:ReservedCodeCacheSize=
#   JVM is running with Zero Based Compressed Oops mode in which the Java heap is
#     placed in the first 32GB address space. The Java Heap base address is the
#     maximum limit for the native heap growth. Please use -XX:HeapBaseMinAddress
#     to set the Java Heap base and to place the Java Heap above 32GB virtual address.
# This output file may be truncated or incomplete.
#
#  Out of Memory Error (os_windows.cpp:3536), pid=11700, tid=7976
#
# JRE version:  (19.0.2+7) (build )
# Java VM: Java HotSpot(TM) 64-Bit Server VM (19.0.2+7-44, mixed mode, sharing, tiered, compressed oops, compressed class ptrs, g1 gc, windows-amd64)
# No core dump will be written. Minidumps are not enabled by default on client versions of Windows
#

---------------  S U M M A R Y ------------

Command Line: -Dmaven.multiModuleProjectDirectory=D:\unitedStates duplicates original -Dmaven.home=C:\Users\99293\.m2\wrapper\dists\apache-maven-3.8.6-bin\1ks0nkde5v1pk9vtc31i9d0lcd\apache-maven-3.8.6 -Dclassworlds.conf=C:\Users\99293\.m2\wrapper\dists\apache-maven-3.8.6-bin\1ks0nkde5v1pk9vtc31i9d0lcd\apache-maven-3.8.6\bin\m2.conf -Dmaven.ext.class.path=C:\Program Files\JetBrains\IntelliJ IDEA 2022.1.2\plugins\maven\lib\maven-event-listener.jar -javaagent:C:\Program Files\JetBrains\IntelliJ IDEA 2022.1.2\lib\idea_rt.jar=50866:C:\Program Files\JetBrains\IntelliJ IDEA 2022.1.2\bin -Dfile.encoding=UTF-8 org.codehaus.classworlds.Launcher -Didea.version=2022.1.2 package

Host: 12th Gen Intel(R) Core(TM) i7-12650H, 16 cores, 15G,  Windows 11 , 64 bit Build 22621 (10.0.22621.3374)
Time: Sat Apr 13 18:45:16 2024  Windows 11 , 64 bit Build 22621 (10.0.22621.3374) elapsed time: 0.009805 seconds (0d 0h 0m 0s)

---------------  T H R E A D  ---------------

Current thread (0x000001ba5f35ebe0):  JavaThread "Unknown thread" [_thread_in_vm, id=7976, stack(0x0000006fffd00000,0x0000006fffe00000)]

Stack: [0x0000006fffd00000,0x0000006fffe00000]
Native frames: (J=compiled Java code, j=interpreted, Vv=VM code, C=native code)
V  [jvm.dll+0x6ee21a]
V  [jvm.dll+0x85765e]
V  [jvm.dll+0x85904e]
V  [jvm.dll+0x859703]
V  [jvm.dll+0x28298f]
V  [jvm.dll+0x6eb009]
V  [jvm.dll+0x6dfbaa]
V  [jvm.dll+0x3573f6]
V  [jvm.dll+0x35ee56]
V  [jvm.dll+0x3b541e]
V  [jvm.dll+0x3b564f]
V  [jvm.dll+0x32c9ea]
V  [jvm.dll+0x32d89e]
V  [jvm.dll+0x821780]
V  [jvm.dll+0x3c2661]
V  [jvm.dll+0x801f51]
V  [jvm.dll+0x44ae8f]
V  [jvm.dll+0x44c811]
C  [jli.dll+0x5287]
C  [ucrtbase.dll+0x29333]
C  [KERNEL32.DLL+0x1257d]
C  [ntdll.dll+0x5aa48]


---------------  P R O C E S S  ---------------

Threads class SMR info:
_java_thread_list=0x00007ff8e3c3d048, length=0, elements={
}

Java Threads: ( => current thread )

Other Threads:
  0x000001ba5f3d2250 WorkerThread "GC Thread#0" [stack: 0x0000006fffe00000,0x0000006ffff00000] [id=21088]
  0x000001ba5f3e3c70 ConcurrentGCThread "G1 Main Marker" [stack: 0x0000006ffff00000,0x0000007000000000] [id=19896]
  0x000001ba5f3e55b0 WorkerThread "G1 Conc#0" [stack: 0x0000006f80000000,0x0000006f80100000] [id=12572]

[error occurred during error reporting (printing all threads), id 0xc0000005, EXCEPTION_ACCESS_VIOLATION (0xc0000005) at pc=0x00007ff8e33fd427]

VM state: not at safepoint (not fully initialized)

VM Mutex/Monitor currently owned by a thread:  ([mutex/lock_event])
[0x000001ba5f358500] Heap_lock - owner thread: 0x000001ba5f35ebe0

Heap address: 0x0000000705e00000, size: 4002 MB, Compressed Oops mode: Zero based, Oop shift amount: 3

CDS archive(s) mapped at: [0x0000000000000000-0x0000000000000000-0x0000000000000000), size 0, SharedBaseAddress: 0x0000000800000000, ArchiveRelocationMode: 0.
Narrow klass base: 0x0000000000000000, Narrow klass shift: 0, Narrow klass range: 0x0

GC Precious Log:
 CardTable entry size: 512
 Card Set container configuration: InlinePtr #cards 4 size 8 Array Of Cards #cards 16 size 48 Howl #buckets 8 coarsen threshold 3686 Howl Bitmap #cards 512 size 80 coarsen threshold 460 Card regions per heap region 1 cards per card region 4096

Heap:
 garbage-first heap   total 0K, used 0K [0x0000000705e00000, 0x0000000800000000)
  region size 2048K, 0 young (0K), 0 survivors (0K)

[error occurred during error reporting (printing heap information), id 0xc0000005, EXCEPTION_ACCESS_VIOLATION (0xc0000005) at pc=0x00007ff8e3806649]

GC Heap History (0 events):
No events

Dll operation events (1 events):
Event: 0.006 Loaded shared library C:\Program Files\Java\jdk-19\bin\java.dll

Deoptimization events (0 events):
No events

Classes loaded (0 events):
No events

Classes unloaded (0 events):
No events

Classes redefined (0 events):
No events

Internal exceptions (0 events):
No events

VM Operations (0 events):
No events

Events (0 events):
No events


Dynamic libraries:
0x00007ff637520000 - 0x00007ff637530000 	C:\Program Files\Java\jdk-19\bin\java.exe
0x00007ff960d90000 - 0x00007ff960fa6000 	C:\WINDOWS\SYSTEM32\ntdll.dll
0x00007ff95fac0000 - 0x00007ff95fb84000 	C:\WINDOWS\System32\KERNEL32.DLL
0x00007ff95e240000 - 0x00007ff95e5e7000 	C:\WINDOWS\System32\KERNELBASE.dll
0x00007ff95e8c0000 - 0x00007ff95e9d1000 	C:\WINDOWS\System32\ucrtbase.dll
0x00007ff94ac90000 - 0x00007ff94acab000 	C:\Program Files\Java\jdk-19\bin\VCRUNTIME140.dll
0x00007ff953650000 - 0x00007ff953668000 	C:\Program Files\Java\jdk-19\bin\jli.dll
0x00007ff960000000 - 0x00007ff9600b2000 	C:\WINDOWS\System32\ADVAPI32.dll
0x00007ff960b70000 - 0x00007ff960c17000 	C:\WINDOWS\System32\msvcrt.dll
0x00007ff95fec0000 - 0x00007ff95ff68000 	C:\WINDOWS\System32\sechost.dll
0x00007ff95e0f0000 - 0x00007ff95e118000 	C:\WINDOWS\System32\bcrypt.dll
0x00007ff95fda0000 - 0x00007ff95feb5000 	C:\WINDOWS\System32\RPCRT4.dll
0x00007ff95ea90000 - 0x00007ff95ec3e000 	C:\WINDOWS\System32\USER32.dll
0x00007ff95e9e0000 - 0x00007ff95ea06000 	C:\WINDOWS\System32\win32u.dll
0x00007ff942110000 - 0x00007ff9423a3000 	C:\WINDOWS\WinSxS\amd64_microsoft.windows.common-controls_6595b64144ccf1df_6.0.22621.3235_none_270f74e173860f98\COMCTL32.dll
0x00007ff95f2b0000 - 0x00007ff95f2d9000 	C:\WINDOWS\System32\GDI32.dll
0x00007ff95e120000 - 0x00007ff95e239000 	C:\WINDOWS\System32\gdi32full.dll
0x00007ff95e5f0000 - 0x00007ff95e68a000 	C:\WINDOWS\System32\msvcp_win.dll
0x00007ff955e90000 - 0x00007ff955e9a000 	C:\WINDOWS\SYSTEM32\VERSION.dll
0x00007ff960ad0000 - 0x00007ff960b01000 	C:\WINDOWS\System32\IMM32.DLL
0x00007ff955b40000 - 0x00007ff955b4c000 	C:\Program Files\Java\jdk-19\bin\vcruntime140_1.dll
0x00007ff91b380000 - 0x00007ff91b40e000 	C:\Program Files\Java\jdk-19\bin\msvcp140.dll
0x00007ff8e30c0000 - 0x00007ff8e3d80000 	C:\Program Files\Java\jdk-19\bin\server\jvm.dll
0x00007ff94bb00000 - 0x00007ff94bb09000 	C:\WINDOWS\SYSTEM32\WSOCK32.dll
0x00007ff955880000 - 0x00007ff9558b4000 	C:\WINDOWS\SYSTEM32\WINMM.dll
0x00007ff95fd00000 - 0x00007ff95fd71000 	C:\WINDOWS\System32\WS2_32.dll
0x00007ff95d1b0000 - 0x00007ff95d1c8000 	C:\WINDOWS\SYSTEM32\kernel.appcore.dll
0x00007ff94a210000 - 0x00007ff94a21a000 	C:\Program Files\Java\jdk-19\bin\jimage.dll
0x00007ff95b390000 - 0x00007ff95b5c3000 	C:\WINDOWS\SYSTEM32\DBGHELP.DLL
0x00007ff95ef20000 - 0x00007ff95f2a8000 	C:\WINDOWS\System32\combase.dll
0x00007ff95fc20000 - 0x00007ff95fcf7000 	C:\WINDOWS\System32\OLEAUT32.dll
0x00007ff953c30000 - 0x00007ff953c62000 	C:\WINDOWS\SYSTEM32\dbgcore.DLL
0x00007ff95ea10000 - 0x00007ff95ea89000 	C:\WINDOWS\System32\bcryptPrimitives.dll
0x00007ff956c80000 - 0x00007ff956c8e000 	C:\Program Files\Java\jdk-19\bin\instrument.dll
0x00007ff94a160000 - 0x00007ff94a186000 	C:\Program Files\Java\jdk-19\bin\java.dll

dbghelp: loaded successfully - version: 4.0.5 - missing functions: none
symbol engine: initialized successfully - sym options: 0x614 - pdb path: .;C:\Program Files\Java\jdk-19\bin;C:\WINDOWS\SYSTEM32;C:\WINDOWS\WinSxS\amd64_microsoft.windows.common-controls_6595b64144ccf1df_6.0.22621.3235_none_270f74e173860f98;C:\Program Files\Java\jdk-19\bin\server

VM Arguments:
jvm_args: -Dmaven.multiModuleProjectDirectory=D:\unitedStates duplicates original -Dmaven.home=C:\Users\99293\.m2\wrapper\dists\apache-maven-3.8.6-bin\1ks0nkde5v1pk9vtc31i9d0lcd\apache-maven-3.8.6 -Dclassworlds.conf=C:\Users\99293\.m2\wrapper\dists\apache-maven-3.8.6-bin\1ks0nkde5v1pk9vtc31i9d0lcd\apache-maven-3.8.6\bin\m2.conf -Dmaven.ext.class.path=C:\Program Files\JetBrains\IntelliJ IDEA 2022.1.2\plugins\maven\lib\maven-event-listener.jar -javaagent:C:\Program Files\JetBrains\IntelliJ IDEA 2022.1.2\lib\idea_rt.jar=50866:C:\Program Files\JetBrains\IntelliJ IDEA 2022.1.2\bin -Dfile.encoding=UTF-8 
java_command: org.codehaus.classworlds.Launcher -Didea.version=2022.1.2 package
java_class_path (initial): C:\Users\99293\.m2\wrapper\dists\apache-maven-3.8.6-bin\1ks0nkde5v1pk9vtc31i9d0lcd\apache-maven-3.8.6\boot\plexus-classworlds-2.6.0.jar;C:\Users\99293\.m2\wrapper\dists\apache-maven-3.8.6-bin\1ks0nkde5v1pk9vtc31i9d0lcd\apache-maven-3.8.6\boot\plexus-classworlds.license
Launcher Type: SUN_STANDARD

[Global flags]
     intx CICompilerCount                          = 12                                        {product} {ergonomic}
     uint ConcGCThreads                            = 3                                         {product} {ergonomic}
     uint G1ConcRefinementThreads                  = 13                                        {product} {ergonomic}
   size_t G1HeapRegionSize                         = 2097152                                   {product} {ergonomic}
    uintx GCDrainStackTargetSize                   = 64                                        {product} {ergonomic}
   size_t InitialHeapSize                          = 264241152                                 {product} {ergonomic}
   size_t MarkStackSize                            = 4194304                                   {product} {ergonomic}
   size_t MaxHeapSize                              = 4196401152                                {product} {ergonomic}
   size_t MinHeapDeltaBytes                        = 2097152                                   {product} {ergonomic}
   size_t MinHeapSize                              = 8388608                                   {product} {ergonomic}
    uintx NonNMethodCodeHeapSize                   = 7602480                                {pd product} {ergonomic}
    uintx NonProfiledCodeHeapSize                  = 122027880                              {pd product} {ergonomic}
    uintx ProfiledCodeHeapSize                     = 122027880                              {pd product} {ergonomic}
    uintx ReservedCodeCacheSize                    = 251658240                              {pd product} {ergonomic}
     bool SegmentedCodeCache                       = true                                      {product} {ergonomic}
   size_t SoftMaxHeapSize                          = 4196401152                             {manageable} {ergonomic}
     bool UseCompressedClassPointers               = true                           {product lp64_product} {ergonomic}
     bool UseCompressedOops                        = true                           {product lp64_product} {ergonomic}
     bool UseG1GC                                  = true                                      {product} {ergonomic}
     bool UseLargePagesIndividualAllocation        = false                                  {pd product} {ergonomic}

Logging:
Log output configuration:
 #0: stdout all=warning uptime,level,tags foldmultilines=false
 #1: stderr all=off uptime,level,tags foldmultilines=false

Environment Variables:
PATH=C:\Program Files\Common Files\Oracle\Java\javapath;C:\Windows\system32;C:\Windows;C:\Windows\System32\Wbem;C:\Windows\System32\WindowsPowerShell\v1.0\;C:\Windows\System32\OpenSSH\;C:\Program Files (x86)\NVIDIA Corporation\PhysX\Common;C:\Program Files\NVIDIA Corporation\NVIDIA NvDLISR;C:\Program Files\Git\cmd;C:\Program Files (x86)\dotnet\;%SystemRoot%\system32;%SystemRoot%;%SystemRoot%\System32\Wbem;%SYSTEMROOT%\System32\WindowsPowerShell\v1.0\;%SYSTEMROOT%\System32\OpenSSH\;C:\Users\99293\AppData\Local\Programs\Python\Python311\Scripts\;C:\Users\99293\AppData\Local\Programs\Python\Python311\;C:\Users\99293\AppData\Local\Microsoft\WindowsApps;;C:\Program Files\JetBrains\IntelliJ IDEA 2022.1.2\bin;;C:\Program Files\heroku\bin
USERNAME=ASUS
OS=Windows_NT
PROCESSOR_IDENTIFIER=Intel64 Family 6 Model 154 Stepping 3, GenuineIntel
TMP=C:\Users\99293\AppData\Local\Temp
TEMP=C:\Users\99293\AppData\Local\Temp



---------------  S Y S T E M  ---------------

OS:
 Windows 11 , 64 bit Build 22621 (10.0.22621.3374)
OS uptime: 0 days 19:03 hours
Hyper-V role detected

CPU: total 16 (initial active 16) (8 cores per cpu, 2 threads per core) family 6 model 154 stepping 3 microcode 0x41c, cx8, cmov, fxsr, ht, mmx, 3dnowpref, sse, sse2, sse3, ssse3, sse4.1, sse4.2, popcnt, lzcnt, tsc, tscinvbit, avx, avx2, aes, erms, clmul, bmi1, bmi2, adx, sha, fma, vzeroupper, clflush, clflushopt, clwb, hv, serialize, rdtscp, rdpid, fsrm

Memory: 4k page, system-wide physical 16005M (2598M free)
TotalPageFile size 18052M (AvailPageFile size 119M)
current process WorkingSet (physical memory assigned to process): 11M, peak: 11M
current process commit charge ("private bytes"): 71M, peak: 322M

vm_info: Java HotSpot(TM) 64-Bit Server VM (19.0.2+7-44) for windows-amd64 JRE (19.0.2+7-44), built on 2022-11-30T18:02:09Z by "mach5one" with MS VC++ 17.1 (VS2022)

END.
