#
# There is insufficient memory for the Java Runtime Environment to continue.
# Native memory allocation (malloc) failed to allocate 320096 bytes for Chunk::new
# Possible reasons:
#   The system is out of physical RAM or swap space
#   The process is running with CompressedOops enabled, and the Java Heap may be blocking the growth of the native heap
# Possible solutions:
#   Reduce memory load on the system
#   Increase physical memory or swap space
#   Check if swap backing store is full
#   Decrease Java heap size (-Xmx/-Xms)
#   Decrease number of Java threads
#   Decrease Java thread stack sizes (-Xss)
#   Set larger code cache with -XX:ReservedCodeCacheSize=
#   JVM is running with Zero Based Compressed Oops mode in which the Java heap is
#     placed in the first 32GB address space. The Java Heap base address is the
#     maximum limit for the native heap growth. Please use -XX:HeapBaseMinAddress
#     to set the Java Heap base and to place the Java Heap above 32GB virtual address.
# This output file may be truncated or incomplete.
#
#  Out of Memory Error (arena.cpp:184), pid=8080, tid=26368
#
# JRE version: Java(TM) SE Runtime Environment (19.0.2+7) (build 19.0.2+7-44)
# Java VM: Java HotSpot(TM) 64-Bit Server VM (19.0.2+7-44, mixed mode, sharing, tiered, compressed oops, compressed class ptrs, g1 gc, windows-amd64)
# No core dump will be written. Minidumps are not enabled by default on client versions of Windows
#

---------------  S U M M A R Y ------------

Command Line: C:\Users\99293\AppData\Local\Temp\surefire12156705549722147394\surefirebooter5912072190725702561.jar C:\Users\99293\AppData\Local\Temp\surefire12156705549722147394 2024-07-29T00-23-26_557-jvmRun1 surefire15590851829183434165tmp surefire_01681505261381620585tmp

Host: 12th Gen Intel(R) Core(TM) i7-12650H, 16 cores, 15G,  Windows 11 , 64 bit Build 22621 (10.0.22621.3672)
Time: Mon Jul 29 00:23:27 2024  Windows 11 , 64 bit Build 22621 (10.0.22621.3672) elapsed time: 0.256805 seconds (0d 0h 0m 0s)

---------------  T H R E A D  ---------------

Current thread (0x000001de1b375830):  JavaThread "C2 CompilerThread1" daemon [_thread_in_native, id=26368, stack(0x0000005b9e000000,0x0000005b9e100000)]


Current CompileTask:
C2:    256  843  s!   4       jdk.internal.loader.URLClassPath::getLoader (194 bytes)

Stack: [0x0000005b9e000000,0x0000005b9e100000]
Native frames: (J=compiled Java code, j=interpreted, Vv=VM code, C=native code)
V  [jvm.dll+0x6ee21a]
V  [jvm.dll+0x85765e]
V  [jvm.dll+0x85904e]
V  [jvm.dll+0x859703]
V  [jvm.dll+0x28298f]
V  [jvm.dll+0xc9adf]
V  [jvm.dll+0xc9e65]
V  [jvm.dll+0x2f7caf]
V  [jvm.dll+0x5f076b]
V  [jvm.dll+0x25590c]
V  [jvm.dll+0x24e1a7]
V  [jvm.dll+0x24b673]
V  [jvm.dll+0x1d6ce1]
V  [jvm.dll+0x25b25a]
V  [jvm.dll+0x2596e8]
V  [jvm.dll+0x807588]
V  [jvm.dll+0x80125a]
V  [jvm.dll+0x6ecf0b]
C  [ucrtbase.dll+0x29333]
C  [KERNEL32.DLL+0x1257d]
C  [ntdll.dll+0x5af28]


---------------  P R O C E S S  ---------------

Threads class SMR info:
_java_thread_list=0x000001de1b352af0, length=19, elements={
0x000001de7314daa0, 0x000001de16eec3f0, 0x000001de16eecf80, 0x000001de16eefd80,
0x000001de16ef18c0, 0x000001de16ef6310, 0x000001de16ef8fb0, 0x000001de16efbc20,
0x000001de16efc590, 0x000001de16efef10, 0x000001de1b1ac3a0, 0x000001de1b27d5e0,
0x000001de1b28a070, 0x000001de1b28ee30, 0x000001de1b2c48c0, 0x000001de1b375830,
0x000001de1b376fe0, 0x000001de1b377f60, 0x000001de1b51a090
}

Java Threads: ( => current thread )
  0x000001de7314daa0 JavaThread "main" [_thread_in_vm, id=13356, stack(0x0000005b9ca00000,0x0000005b9cb00000)]
  0x000001de16eec3f0 JavaThread "Reference Handler" daemon [_thread_blocked, id=20660, stack(0x0000005b9d100000,0x0000005b9d200000)]
  0x000001de16eecf80 JavaThread "Finalizer" daemon [_thread_blocked, id=11960, stack(0x0000005b9d200000,0x0000005b9d300000)]
  0x000001de16eefd80 JavaThread "Signal Dispatcher" daemon [_thread_blocked, id=21796, stack(0x0000005b9d300000,0x0000005b9d400000)]
  0x000001de16ef18c0 JavaThread "Attach Listener" daemon [_thread_blocked, id=9764, stack(0x0000005b9d400000,0x0000005b9d500000)]
  0x000001de16ef6310 JavaThread "Service Thread" daemon [_thread_blocked, id=12112, stack(0x0000005b9d500000,0x0000005b9d600000)]
  0x000001de16ef8fb0 JavaThread "Monitor Deflation Thread" daemon [_thread_blocked, id=1872, stack(0x0000005b9d600000,0x0000005b9d700000)]
  0x000001de16efbc20 JavaThread "C2 CompilerThread0" daemon [_thread_blocked, id=17520, stack(0x0000005b9d700000,0x0000005b9d800000)]
  0x000001de16efc590 JavaThread "C1 CompilerThread0" daemon [_thread_blocked, id=24116, stack(0x0000005b9d800000,0x0000005b9d900000)]
  0x000001de16efef10 JavaThread "Sweeper thread" daemon [_thread_blocked, id=17552, stack(0x0000005b9d900000,0x0000005b9da00000)]
  0x000001de1b1ac3a0 JavaThread "C1 CompilerThread1" daemon [_thread_blocked, id=10120, stack(0x0000005b9da00000,0x0000005b9db00000)]
  0x000001de1b27d5e0 JavaThread "C1 CompilerThread2" daemon [_thread_blocked, id=26536, stack(0x0000005b9db00000,0x0000005b9dc00000)]
  0x000001de1b28a070 JavaThread "Notification Thread" daemon [_thread_blocked, id=1944, stack(0x0000005b9dc00000,0x0000005b9dd00000)]
  0x000001de1b28ee30 JavaThread "Common-Cleaner" daemon [_thread_blocked, id=25820, stack(0x0000005b9de00000,0x0000005b9df00000)]
  0x000001de1b2c48c0 JavaThread "surefire-forkedjvm-command-thread" daemon [_thread_in_native, id=1808, stack(0x0000005b9df00000,0x0000005b9e000000)]
=>0x000001de1b375830 JavaThread "C2 CompilerThread1" daemon [_thread_in_native, id=26368, stack(0x0000005b9e000000,0x0000005b9e100000)]
  0x000001de1b376fe0 JavaThread "C2 CompilerThread2" daemon [_thread_blocked, id=11084, stack(0x0000005b9e100000,0x0000005b9e200000)]
  0x000001de1b377f60 JavaThread "C1 CompilerThread3" daemon [_thread_blocked, id=7104, stack(0x0000005b9e200000,0x0000005b9e300000)]
  0x000001de1b51a090 JavaThread "surefire-forkedjvm-ping-30s" daemon [_thread_in_native, id=17652, stack(0x0000005b9e300000,0x0000005b9e400000)]

Other Threads:
  0x000001de16ed4530 VMThread "VM Thread" [stack: 0x0000005b9d000000,0x0000005b9d100000] [id=16656]
  0x000001de1b28a9c0 WatcherThread "VM Periodic Task Thread" [stack: 0x0000005b9dd00000,0x0000005b9de00000] [id=18308]
  0x000001de731bf670 WorkerThread "GC Thread#0" [stack: 0x0000005b9cb00000,0x0000005b9cc00000] [id=23816]
  0x000001de731d1190 ConcurrentGCThread "G1 Main Marker" [stack: 0x0000005b9cc00000,0x0000005b9cd00000] [id=25880]
  0x000001de731d2360 WorkerThread "G1 Conc#0" [stack: 0x0000005b9cd00000,0x0000005b9ce00000] [id=24908]
  0x000001de16d8fb80 ConcurrentGCThread "G1 Refine#0" [stack: 0x0000005b9ce00000,0x0000005b9cf00000] [id=6660]
  0x000001de16d904d0 ConcurrentGCThread "G1 Service" [stack: 0x0000005b9cf00000,0x0000005b9d000000] [id=6004]

Threads with active compile tasks:
C2 CompilerThread1      273  843  s!   4       jdk.internal.loader.URLClassPath::getLoader (194 bytes)

VM state: not at safepoint (normal execution)

VM Mutex/Monitor currently owned by a thread:  ([mutex/lock_event])
[0x000001de73149ff0] AdapterHandlerLibrary_lock - owner thread: 0x0000000000000000

Heap address: 0x0000000705e00000, size: 4002 MB, Compressed Oops mode: Zero based, Oop shift amount: 3

CDS archive(s) mapped at: [0x0000000800000000-0x0000000800c40000-0x0000000800c40000), size 12845056, SharedBaseAddress: 0x0000000800000000, ArchiveRelocationMode: 0.
Compressed class space mapped at: 0x0000000801000000-0x0000000841000000, reserved size: 1073741824
Narrow klass base: 0x0000000800000000, Narrow klass shift: 0, Narrow klass range: 0x100000000

GC Precious Log:
 CardTable entry size: 512
 Card Set container configuration: InlinePtr #cards 4 size 8 Array Of Cards #cards 16 size 48 Howl #buckets 8 coarsen threshold 3686 Howl Bitmap #cards 512 size 80 coarsen threshold 460 Card regions per heap region 1 cards per card region 4096
 CPUs: 16 total, 16 available
 Memory: 16005M
 Large Page Support: Disabled
 NUMA Support: Disabled
 Compressed Oops: Enabled (Zero based)
 Heap Region Size: 2M
 Heap Min Capacity: 8M
 Heap Initial Capacity: 252M
 Heap Max Capacity: 4002M
 Pre-touch: Disabled
 Parallel Workers: 13
 Concurrent Workers: 3
 Concurrent Refinement Workers: 13
 Periodic GC: Disabled

Heap:
 garbage-first heap   total 258048K, used 16384K [0x0000000705e00000, 0x0000000800000000)
  region size 2048K, 10 young (20480K), 0 survivors (0K)
 Metaspace       used 3256K, committed 3392K, reserved 1114112K
  class space    used 324K, committed 384K, reserved 1048576K

Heap Regions: E=young(eden), S=young(survivor), O=old, HS=humongous(starts), HC=humongous(continues), CS=collection set, F=free, OA=open archive, CA=closed archive, TAMS=top-at-mark-start (previous, next)
|   0|0x0000000705e00000, 0x0000000705e00000, 0x0000000706000000|  0%| F|  |TAMS 0x0000000705e00000, 0x0000000705e00000| Untracked 
|   1|0x0000000706000000, 0x0000000706000000, 0x0000000706200000|  0%| F|  |TAMS 0x0000000706000000, 0x0000000706000000| Untracked 
|   2|0x0000000706200000, 0x0000000706200000, 0x0000000706400000|  0%| F|  |TAMS 0x0000000706200000, 0x0000000706200000| Untracked 
|   3|0x0000000706400000, 0x0000000706400000, 0x0000000706600000|  0%| F|  |TAMS 0x0000000706400000, 0x0000000706400000| Untracked 
|   4|0x0000000706600000, 0x0000000706600000, 0x0000000706800000|  0%| F|  |TAMS 0x0000000706600000, 0x0000000706600000| Untracked 
|   5|0x0000000706800000, 0x0000000706800000, 0x0000000706a00000|  0%| F|  |TAMS 0x0000000706800000, 0x0000000706800000| Untracked 
|   6|0x0000000706a00000, 0x0000000706a00000, 0x0000000706c00000|  0%| F|  |TAMS 0x0000000706a00000, 0x0000000706a00000| Untracked 
|   7|0x0000000706c00000, 0x0000000706c00000, 0x0000000706e00000|  0%| F|  |TAMS 0x0000000706c00000, 0x0000000706c00000| Untracked 
|   8|0x0000000706e00000, 0x0000000706e00000, 0x0000000707000000|  0%| F|  |TAMS 0x0000000706e00000, 0x0000000706e00000| Untracked 
|   9|0x0000000707000000, 0x0000000707000000, 0x0000000707200000|  0%| F|  |TAMS 0x0000000707000000, 0x0000000707000000| Untracked 
|  10|0x0000000707200000, 0x0000000707200000, 0x0000000707400000|  0%| F|  |TAMS 0x0000000707200000, 0x0000000707200000| Untracked 
|  11|0x0000000707400000, 0x0000000707400000, 0x0000000707600000|  0%| F|  |TAMS 0x0000000707400000, 0x0000000707400000| Untracked 
|  12|0x0000000707600000, 0x0000000707600000, 0x0000000707800000|  0%| F|  |TAMS 0x0000000707600000, 0x0000000707600000| Untracked 
|  13|0x0000000707800000, 0x0000000707800000, 0x0000000707a00000|  0%| F|  |TAMS 0x0000000707800000, 0x0000000707800000| Untracked 
|  14|0x0000000707a00000, 0x0000000707a00000, 0x0000000707c00000|  0%| F|  |TAMS 0x0000000707a00000, 0x0000000707a00000| Untracked 
|  15|0x0000000707c00000, 0x0000000707c00000, 0x0000000707e00000|  0%| F|  |TAMS 0x0000000707c00000, 0x0000000707c00000| Untracked 
|  16|0x0000000707e00000, 0x0000000707e00000, 0x0000000708000000|  0%| F|  |TAMS 0x0000000707e00000, 0x0000000707e00000| Untracked 
|  17|0x0000000708000000, 0x0000000708000000, 0x0000000708200000|  0%| F|  |TAMS 0x0000000708000000, 0x0000000708000000| Untracked 
|  18|0x0000000708200000, 0x0000000708200000, 0x0000000708400000|  0%| F|  |TAMS 0x0000000708200000, 0x0000000708200000| Untracked 
|  19|0x0000000708400000, 0x0000000708400000, 0x0000000708600000|  0%| F|  |TAMS 0x0000000708400000, 0x0000000708400000| Untracked 
|  20|0x0000000708600000, 0x0000000708600000, 0x0000000708800000|  0%| F|  |TAMS 0x0000000708600000, 0x0000000708600000| Untracked 
|  21|0x0000000708800000, 0x0000000708800000, 0x0000000708a00000|  0%| F|  |TAMS 0x0000000708800000, 0x0000000708800000| Untracked 
|  22|0x0000000708a00000, 0x0000000708a00000, 0x0000000708c00000|  0%| F|  |TAMS 0x0000000708a00000, 0x0000000708a00000| Untracked 
|  23|0x0000000708c00000, 0x0000000708c00000, 0x0000000708e00000|  0%| F|  |TAMS 0x0000000708c00000, 0x0000000708c00000| Untracked 
|  24|0x0000000708e00000, 0x0000000708e00000, 0x0000000709000000|  0%| F|  |TAMS 0x0000000708e00000, 0x0000000708e00000| Untracked 
|  25|0x0000000709000000, 0x0000000709000000, 0x0000000709200000|  0%| F|  |TAMS 0x0000000709000000, 0x0000000709000000| Untracked 
|  26|0x0000000709200000, 0x0000000709200000, 0x0000000709400000|  0%| F|  |TAMS 0x0000000709200000, 0x0000000709200000| Untracked 
|  27|0x0000000709400000, 0x0000000709400000, 0x0000000709600000|  0%| F|  |TAMS 0x0000000709400000, 0x0000000709400000| Untracked 
|  28|0x0000000709600000, 0x0000000709600000, 0x0000000709800000|  0%| F|  |TAMS 0x0000000709600000, 0x0000000709600000| Untracked 
|  29|0x0000000709800000, 0x0000000709800000, 0x0000000709a00000|  0%| F|  |TAMS 0x0000000709800000, 0x0000000709800000| Untracked 
|  30|0x0000000709a00000, 0x0000000709a00000, 0x0000000709c00000|  0%| F|  |TAMS 0x0000000709a00000, 0x0000000709a00000| Untracked 
|  31|0x0000000709c00000, 0x0000000709c00000, 0x0000000709e00000|  0%| F|  |TAMS 0x0000000709c00000, 0x0000000709c00000| Untracked 
|  32|0x0000000709e00000, 0x0000000709e00000, 0x000000070a000000|  0%| F|  |TAMS 0x0000000709e00000, 0x0000000709e00000| Untracked 
|  33|0x000000070a000000, 0x000000070a000000, 0x000000070a200000|  0%| F|  |TAMS 0x000000070a000000, 0x000000070a000000| Untracked 
|  34|0x000000070a200000, 0x000000070a200000, 0x000000070a400000|  0%| F|  |TAMS 0x000000070a200000, 0x000000070a200000| Untracked 
|  35|0x000000070a400000, 0x000000070a400000, 0x000000070a600000|  0%| F|  |TAMS 0x000000070a400000, 0x000000070a400000| Untracked 
|  36|0x000000070a600000, 0x000000070a600000, 0x000000070a800000|  0%| F|  |TAMS 0x000000070a600000, 0x000000070a600000| Untracked 
|  37|0x000000070a800000, 0x000000070a800000, 0x000000070aa00000|  0%| F|  |TAMS 0x000000070a800000, 0x000000070a800000| Untracked 
|  38|0x000000070aa00000, 0x000000070aa00000, 0x000000070ac00000|  0%| F|  |TAMS 0x000000070aa00000, 0x000000070aa00000| Untracked 
|  39|0x000000070ac00000, 0x000000070ac00000, 0x000000070ae00000|  0%| F|  |TAMS 0x000000070ac00000, 0x000000070ac00000| Untracked 
|  40|0x000000070ae00000, 0x000000070ae00000, 0x000000070b000000|  0%| F|  |TAMS 0x000000070ae00000, 0x000000070ae00000| Untracked 
|  41|0x000000070b000000, 0x000000070b000000, 0x000000070b200000|  0%| F|  |TAMS 0x000000070b000000, 0x000000070b000000| Untracked 
|  42|0x000000070b200000, 0x000000070b200000, 0x000000070b400000|  0%| F|  |TAMS 0x000000070b200000, 0x000000070b200000| Untracked 
|  43|0x000000070b400000, 0x000000070b400000, 0x000000070b600000|  0%| F|  |TAMS 0x000000070b400000, 0x000000070b400000| Untracked 
|  44|0x000000070b600000, 0x000000070b600000, 0x000000070b800000|  0%| F|  |TAMS 0x000000070b600000, 0x000000070b600000| Untracked 
|  45|0x000000070b800000, 0x000000070b800000, 0x000000070ba00000|  0%| F|  |TAMS 0x000000070b800000, 0x000000070b800000| Untracked 
|  46|0x000000070ba00000, 0x000000070ba00000, 0x000000070bc00000|  0%| F|  |TAMS 0x000000070ba00000, 0x000000070ba00000| Untracked 
|  47|0x000000070bc00000, 0x000000070bc00000, 0x000000070be00000|  0%| F|  |TAMS 0x000000070bc00000, 0x000000070bc00000| Untracked 
|  48|0x000000070be00000, 0x000000070be00000, 0x000000070c000000|  0%| F|  |TAMS 0x000000070be00000, 0x000000070be00000| Untracked 
|  49|0x000000070c000000, 0x000000070c000000, 0x000000070c200000|  0%| F|  |TAMS 0x000000070c000000, 0x000000070c000000| Untracked 
|  50|0x000000070c200000, 0x000000070c200000, 0x000000070c400000|  0%| F|  |TAMS 0x000000070c200000, 0x000000070c200000| Untracked 
|  51|0x000000070c400000, 0x000000070c400000, 0x000000070c600000|  0%| F|  |TAMS 0x000000070c400000, 0x000000070c400000| Untracked 
|  52|0x000000070c600000, 0x000000070c600000, 0x000000070c800000|  0%| F|  |TAMS 0x000000070c600000, 0x000000070c600000| Untracked 
|  53|0x000000070c800000, 0x000000070c800000, 0x000000070ca00000|  0%| F|  |TAMS 0x000000070c800000, 0x000000070c800000| Untracked 
|  54|0x000000070ca00000, 0x000000070ca00000, 0x000000070cc00000|  0%| F|  |TAMS 0x000000070ca00000, 0x000000070ca00000| Untracked 
|  55|0x000000070cc00000, 0x000000070cc00000, 0x000000070ce00000|  0%| F|  |TAMS 0x000000070cc00000, 0x000000070cc00000| Untracked 
|  56|0x000000070ce00000, 0x000000070ce00000, 0x000000070d000000|  0%| F|  |TAMS 0x000000070ce00000, 0x000000070ce00000| Untracked 
|  57|0x000000070d000000, 0x000000070d000000, 0x000000070d200000|  0%| F|  |TAMS 0x000000070d000000, 0x000000070d000000| Untracked 
|  58|0x000000070d200000, 0x000000070d200000, 0x000000070d400000|  0%| F|  |TAMS 0x000000070d200000, 0x000000070d200000| Untracked 
|  59|0x000000070d400000, 0x000000070d400000, 0x000000070d600000|  0%| F|  |TAMS 0x000000070d400000, 0x000000070d400000| Untracked 
|  60|0x000000070d600000, 0x000000070d600000, 0x000000070d800000|  0%| F|  |TAMS 0x000000070d600000, 0x000000070d600000| Untracked 
|  61|0x000000070d800000, 0x000000070d800000, 0x000000070da00000|  0%| F|  |TAMS 0x000000070d800000, 0x000000070d800000| Untracked 
|  62|0x000000070da00000, 0x000000070da00000, 0x000000070dc00000|  0%| F|  |TAMS 0x000000070da00000, 0x000000070da00000| Untracked 
|  63|0x000000070dc00000, 0x000000070dc00000, 0x000000070de00000|  0%| F|  |TAMS 0x000000070dc00000, 0x000000070dc00000| Untracked 
|  64|0x000000070de00000, 0x000000070de00000, 0x000000070e000000|  0%| F|  |TAMS 0x000000070de00000, 0x000000070de00000| Untracked 
|  65|0x000000070e000000, 0x000000070e000000, 0x000000070e200000|  0%| F|  |TAMS 0x000000070e000000, 0x000000070e000000| Untracked 
|  66|0x000000070e200000, 0x000000070e200000, 0x000000070e400000|  0%| F|  |TAMS 0x000000070e200000, 0x000000070e200000| Untracked 
|  67|0x000000070e400000, 0x000000070e400000, 0x000000070e600000|  0%| F|  |TAMS 0x000000070e400000, 0x000000070e400000| Untracked 
|  68|0x000000070e600000, 0x000000070e600000, 0x000000070e800000|  0%| F|  |TAMS 0x000000070e600000, 0x000000070e600000| Untracked 
|  69|0x000000070e800000, 0x000000070e800000, 0x000000070ea00000|  0%| F|  |TAMS 0x000000070e800000, 0x000000070e800000| Untracked 
|  70|0x000000070ea00000, 0x000000070ea00000, 0x000000070ec00000|  0%| F|  |TAMS 0x000000070ea00000, 0x000000070ea00000| Untracked 
|  71|0x000000070ec00000, 0x000000070ec00000, 0x000000070ee00000|  0%| F|  |TAMS 0x000000070ec00000, 0x000000070ec00000| Untracked 
|  72|0x000000070ee00000, 0x000000070ee00000, 0x000000070f000000|  0%| F|  |TAMS 0x000000070ee00000, 0x000000070ee00000| Untracked 
|  73|0x000000070f000000, 0x000000070f000000, 0x000000070f200000|  0%| F|  |TAMS 0x000000070f000000, 0x000000070f000000| Untracked 
|  74|0x000000070f200000, 0x000000070f200000, 0x000000070f400000|  0%| F|  |TAMS 0x000000070f200000, 0x000000070f200000| Untracked 
|  75|0x000000070f400000, 0x000000070f400000, 0x000000070f600000|  0%| F|  |TAMS 0x000000070f400000, 0x000000070f400000| Untracked 
|  76|0x000000070f600000, 0x000000070f600000, 0x000000070f800000|  0%| F|  |TAMS 0x000000070f600000, 0x000000070f600000| Untracked 
|  77|0x000000070f800000, 0x000000070f800000, 0x000000070fa00000|  0%| F|  |TAMS 0x000000070f800000, 0x000000070f800000| Untracked 
|  78|0x000000070fa00000, 0x000000070fa00000, 0x000000070fc00000|  0%| F|  |TAMS 0x000000070fa00000, 0x000000070fa00000| Untracked 
|  79|0x000000070fc00000, 0x000000070fc00000, 0x000000070fe00000|  0%| F|  |TAMS 0x000000070fc00000, 0x000000070fc00000| Untracked 
|  80|0x000000070fe00000, 0x000000070fe00000, 0x0000000710000000|  0%| F|  |TAMS 0x000000070fe00000, 0x000000070fe00000| Untracked 
|  81|0x0000000710000000, 0x0000000710000000, 0x0000000710200000|  0%| F|  |TAMS 0x0000000710000000, 0x0000000710000000| Untracked 
|  82|0x0000000710200000, 0x0000000710200000, 0x0000000710400000|  0%| F|  |TAMS 0x0000000710200000, 0x0000000710200000| Untracked 
|  83|0x0000000710400000, 0x0000000710400000, 0x0000000710600000|  0%| F|  |TAMS 0x0000000710400000, 0x0000000710400000| Untracked 
|  84|0x0000000710600000, 0x0000000710600000, 0x0000000710800000|  0%| F|  |TAMS 0x0000000710600000, 0x0000000710600000| Untracked 
|  85|0x0000000710800000, 0x0000000710800000, 0x0000000710a00000|  0%| F|  |TAMS 0x0000000710800000, 0x0000000710800000| Untracked 
|  86|0x0000000710a00000, 0x0000000710a00000, 0x0000000710c00000|  0%| F|  |TAMS 0x0000000710a00000, 0x0000000710a00000| Untracked 
|  87|0x0000000710c00000, 0x0000000710c00000, 0x0000000710e00000|  0%| F|  |TAMS 0x0000000710c00000, 0x0000000710c00000| Untracked 
|  88|0x0000000710e00000, 0x0000000710e00000, 0x0000000711000000|  0%| F|  |TAMS 0x0000000710e00000, 0x0000000710e00000| Untracked 
|  89|0x0000000711000000, 0x0000000711000000, 0x0000000711200000|  0%| F|  |TAMS 0x0000000711000000, 0x0000000711000000| Untracked 
|  90|0x0000000711200000, 0x0000000711200000, 0x0000000711400000|  0%| F|  |TAMS 0x0000000711200000, 0x0000000711200000| Untracked 
|  91|0x0000000711400000, 0x0000000711400000, 0x0000000711600000|  0%| F|  |TAMS 0x0000000711400000, 0x0000000711400000| Untracked 
|  92|0x0000000711600000, 0x0000000711600000, 0x0000000711800000|  0%| F|  |TAMS 0x0000000711600000, 0x0000000711600000| Untracked 
|  93|0x0000000711800000, 0x0000000711800000, 0x0000000711a00000|  0%| F|  |TAMS 0x0000000711800000, 0x0000000711800000| Untracked 
|  94|0x0000000711a00000, 0x0000000711a00000, 0x0000000711c00000|  0%| F|  |TAMS 0x0000000711a00000, 0x0000000711a00000| Untracked 
|  95|0x0000000711c00000, 0x0000000711c00000, 0x0000000711e00000|  0%| F|  |TAMS 0x0000000711c00000, 0x0000000711c00000| Untracked 
|  96|0x0000000711e00000, 0x0000000711e00000, 0x0000000712000000|  0%| F|  |TAMS 0x0000000711e00000, 0x0000000711e00000| Untracked 
|  97|0x0000000712000000, 0x0000000712000000, 0x0000000712200000|  0%| F|  |TAMS 0x0000000712000000, 0x0000000712000000| Untracked 
|  98|0x0000000712200000, 0x0000000712200000, 0x0000000712400000|  0%| F|  |TAMS 0x0000000712200000, 0x0000000712200000| Untracked 
|  99|0x0000000712400000, 0x0000000712400000, 0x0000000712600000|  0%| F|  |TAMS 0x0000000712400000, 0x0000000712400000| Untracked 
| 100|0x0000000712600000, 0x0000000712600000, 0x0000000712800000|  0%| F|  |TAMS 0x0000000712600000, 0x0000000712600000| Untracked 
| 101|0x0000000712800000, 0x0000000712800000, 0x0000000712a00000|  0%| F|  |TAMS 0x0000000712800000, 0x0000000712800000| Untracked 
| 102|0x0000000712a00000, 0x0000000712a00000, 0x0000000712c00000|  0%| F|  |TAMS 0x0000000712a00000, 0x0000000712a00000| Untracked 
| 103|0x0000000712c00000, 0x0000000712c00000, 0x0000000712e00000|  0%| F|  |TAMS 0x0000000712c00000, 0x0000000712c00000| Untracked 
| 104|0x0000000712e00000, 0x0000000712e00000, 0x0000000713000000|  0%| F|  |TAMS 0x0000000712e00000, 0x0000000712e00000| Untracked 
| 105|0x0000000713000000, 0x0000000713000000, 0x0000000713200000|  0%| F|  |TAMS 0x0000000713000000, 0x0000000713000000| Untracked 
| 106|0x0000000713200000, 0x0000000713200000, 0x0000000713400000|  0%| F|  |TAMS 0x0000000713200000, 0x0000000713200000| Untracked 
| 107|0x0000000713400000, 0x0000000713400000, 0x0000000713600000|  0%| F|  |TAMS 0x0000000713400000, 0x0000000713400000| Untracked 
| 108|0x0000000713600000, 0x0000000713600000, 0x0000000713800000|  0%| F|  |TAMS 0x0000000713600000, 0x0000000713600000| Untracked 
| 109|0x0000000713800000, 0x0000000713800000, 0x0000000713a00000|  0%| F|  |TAMS 0x0000000713800000, 0x0000000713800000| Untracked 
| 110|0x0000000713a00000, 0x0000000713a00000, 0x0000000713c00000|  0%| F|  |TAMS 0x0000000713a00000, 0x0000000713a00000| Untracked 
| 111|0x0000000713c00000, 0x0000000713c00000, 0x0000000713e00000|  0%| F|  |TAMS 0x0000000713c00000, 0x0000000713c00000| Untracked 
| 112|0x0000000713e00000, 0x0000000713e00000, 0x0000000714000000|  0%| F|  |TAMS 0x0000000713e00000, 0x0000000713e00000| Untracked 
| 113|0x0000000714000000, 0x0000000714000000, 0x0000000714200000|  0%| F|  |TAMS 0x0000000714000000, 0x0000000714000000| Untracked 
| 114|0x0000000714200000, 0x0000000714200000, 0x0000000714400000|  0%| F|  |TAMS 0x0000000714200000, 0x0000000714200000| Untracked 
| 115|0x0000000714400000, 0x0000000714400000, 0x0000000714600000|  0%| F|  |TAMS 0x0000000714400000, 0x0000000714400000| Untracked 
| 116|0x0000000714600000, 0x0000000714684ef8, 0x0000000714800000| 25%| E|  |TAMS 0x0000000714600000, 0x0000000714600000| Complete 
| 117|0x0000000714800000, 0x0000000714a00000, 0x0000000714a00000|100%| E|CS|TAMS 0x0000000714800000, 0x0000000714800000| Complete 
| 118|0x0000000714a00000, 0x0000000714c00000, 0x0000000714c00000|100%| E|CS|TAMS 0x0000000714a00000, 0x0000000714a00000| Complete 
| 119|0x0000000714c00000, 0x0000000714e00000, 0x0000000714e00000|100%| E|  |TAMS 0x0000000714c00000, 0x0000000714c00000| Complete 
| 120|0x0000000714e00000, 0x0000000715000000, 0x0000000715000000|100%| E|CS|TAMS 0x0000000714e00000, 0x0000000714e00000| Complete 
| 121|0x0000000715000000, 0x0000000715200000, 0x0000000715200000|100%| E|CS|TAMS 0x0000000715000000, 0x0000000715000000| Complete 
| 122|0x0000000715200000, 0x0000000715400000, 0x0000000715400000|100%| E|CS|TAMS 0x0000000715200000, 0x0000000715200000| Complete 
| 123|0x0000000715400000, 0x0000000715600000, 0x0000000715600000|100%| E|CS|TAMS 0x0000000715400000, 0x0000000715400000| Complete 
| 124|0x0000000715600000, 0x0000000715800000, 0x0000000715800000|100%| E|CS|TAMS 0x0000000715600000, 0x0000000715600000| Complete 
| 125|0x0000000715800000, 0x0000000715a00000, 0x0000000715a00000|100%| E|CS|TAMS 0x0000000715800000, 0x0000000715800000| Complete 

Card table byte_map: [0x000001de7c120000,0x000001de7c900000] _byte_map_base: 0x000001de788f1000

Marking Bits (Prev, Next): (CMBitMap*) 0x000001de731c0cb0, (CMBitMap*) 0x000001de731c0cf0
 Prev Bits: [0x000001de0f000000, 0x000001de12e88000)
 Next Bits: [0x000001de12e90000, 0x000001de16d18000)

Polling page: 0x000001de710c0000

Metaspace:

Usage:
  Non-class:      3.00 MB used.
      Class:    344.73 KB used.
       Both:      3.33 MB used.

Virtual space:
  Non-class space:       64.00 MB reserved,       3.06 MB (  5%) committed,  1 nodes.
      Class space:        1.00 GB reserved,     448.00 KB ( <1%) committed,  1 nodes.
             Both:        1.06 GB reserved,       3.50 MB ( <1%) committed. 

Chunk freelists:
   Non-Class:  2.96 MB
       Class:  3.58 MB
        Both:  6.54 MB

MaxMetaspaceSize: unlimited
CompressedClassSpaceSize: 1.00 GB
Initial GC threshold: 21.00 MB
Current GC threshold: 21.00 MB
CDS: on
MetaspaceReclaimPolicy: balanced
 - commit_granule_bytes: 65536.
 - commit_granule_words: 8192.
 - virtual_space_node_default_size: 8388608.
 - enlarge_chunks_in_place: 1.
 - new_chunks_are_fully_committed: 0.
 - uncommit_free_chunks: 1.
 - use_allocation_guard: 0.


Internal statistics:

num_allocs_failed_limit: 0.
num_arena_births: 44.
num_arena_deaths: 0.
num_vsnodes_births: 2.
num_vsnodes_deaths: 0.
num_space_committed: 56.
num_space_uncommitted: 0.
num_chunks_returned_to_freelist: 0.
num_chunks_taken_from_freelist: 112.
num_chunk_merges: 0.
num_chunk_splits: 67.
num_chunks_enlarged: 48.
num_inconsistent_stats: 0.

CodeHeap 'non-profiled nmethods': size=119168Kb used=279Kb max_used=279Kb free=118888Kb
 bounds [0x000001de07ba0000, 0x000001de07e10000, 0x000001de0f000000]
CodeHeap 'profiled nmethods': size=119104Kb used=1640Kb max_used=1640Kb free=117464Kb
 bounds [0x000001de00000000, 0x000001de00270000, 0x000001de07450000]
CodeHeap 'non-nmethods': size=7488Kb used=2936Kb max_used=2961Kb free=4551Kb
 bounds [0x000001de07450000, 0x000001de07740000, 0x000001de07ba0000]
 total_blobs=1350 nmethods=893 adapters=365
 compilation: enabled
              stopped_count=0, restarted_count=0
 full_count=0

Compilation events (20 events):
Event: 0.246 Thread 0x000001de1b377f60  845       3       java.io.FileSystem::hasBooleanAttributes (17 bytes)
Event: 0.246 Thread 0x000001de16efc590  846   !   3       java.io.WinNTFileSystem::getBooleanAttributes (27 bytes)
Event: 0.246 Thread 0x000001de1b377f60 nmethod 845 0x000001de00170010 code [0x000001de001701c0, 0x000001de00170368]
Event: 0.246 Thread 0x000001de16efc590 nmethod 846 0x000001de00170410 code [0x000001de001705e0, 0x000001de001707f8]
Event: 0.246 Thread 0x000001de16efc590  848       3       java.io.File::exists (34 bytes)
Event: 0.246 Thread 0x000001de1b1ac3a0  849   !   3       java.io.WinNTFileSystem::isInvalid (78 bytes)
Event: 0.247 Thread 0x000001de16efc590 nmethod 848 0x000001de00170910 code [0x000001de00170b00, 0x000001de00170f18]
Event: 0.247 Thread 0x000001de1b376fe0  850       4       java.util.jar.JarFile::getEntry (35 bytes)
Event: 0.247 Thread 0x000001de1b1ac3a0 nmethod 849 0x000001de00171090 code [0x000001de00171280, 0x000001de001716b8]
Event: 0.247 Thread 0x000001de16efbc20 nmethod 842 0x000001de07bdf890 code [0x000001de07bdfa20, 0x000001de07bdfcf8]
Event: 0.247 Thread 0x000001de16efbc20  851   !   4       jdk.internal.loader.URLClassPath$JarLoader::getResource (65 bytes)
Event: 0.247 Thread 0x000001de1b27d5e0  853       3       sun.net.www.protocol.file.Handler::parseURL (18 bytes)
Event: 0.247 Thread 0x000001de1b377f60  854       3       java.net.URLStreamHandler::parseURL (1124 bytes)
Event: 0.247 Thread 0x000001de1b27d5e0 nmethod 853 0x000001de00171890 code [0x000001de00171a40, 0x000001de00171bf8]
Event: 0.248 Thread 0x000001de16efc590  855   !   3       java.util.concurrent.ConcurrentHashMap::computeIfAbsent (576 bytes)
Event: 0.250 Thread 0x000001de16efc590 nmethod 855 0x000001de00171d10 code [0x000001de00172140, 0x000001de00174558]
Event: 0.252 Thread 0x000001de1b27d5e0  857       3       jdk.internal.org.objectweb.asm.ByteVector::<init> (13 bytes)
Event: 0.252 Thread 0x000001de1b27d5e0 nmethod 857 0x000001de00175610 code [0x000001de001757c0, 0x000001de00175a38]
Event: 0.254 Thread 0x000001de1b1ac3a0  858       3       java.lang.invoke.MethodHandles$Lookup::isClassAccessible (53 bytes)
Event: 0.254 Thread 0x000001de1b1ac3a0 nmethod 858 0x000001de00175b10 code [0x000001de00175d20, 0x000001de001762f8]

GC Heap History (0 events):
No events

Dll operation events (9 events):
Event: 0.004 Loaded shared library C:\Program Files\Java\jdk-19\bin\java.dll
Event: 0.011 Loaded shared library C:\Program Files\Java\jdk-19\bin\jsvml.dll
Event: 0.031 Loaded shared library C:\Program Files\Java\jdk-19\bin\net.dll
Event: 0.032 Loaded shared library C:\Program Files\Java\jdk-19\bin\nio.dll
Event: 0.033 Loaded shared library C:\Program Files\Java\jdk-19\bin\zip.dll
Event: 0.053 Loaded shared library C:\Program Files\Java\jdk-19\bin\management.dll
Event: 0.055 Loaded shared library C:\Program Files\Java\jdk-19\bin\management_ext.dll
Event: 0.084 Loaded shared library C:\Program Files\Java\jdk-19\bin\jimage.dll
Event: 0.114 Loaded shared library C:\Program Files\Java\jdk-19\bin\verify.dll

Deoptimization events (20 events):
Event: 0.100 Thread 0x000001de7314daa0 Uncommon trap: trap_request=0xffffff45 fr.pc=0x000001de07ba797c relative=0x000000000000005c
Event: 0.100 Thread 0x000001de7314daa0 Uncommon trap: reason=unstable_if action=reinterpret pc=0x000001de07ba797c method=java.lang.AbstractStringBuilder.isLatin1()Z @ 10 c2
Event: 0.100 Thread 0x000001de7314daa0 DEOPT PACKING pc=0x000001de07ba797c sp=0x0000005b9cafebb0
Event: 0.100 Thread 0x000001de7314daa0 DEOPT UNPACKING pc=0x000001de074b6da3 sp=0x0000005b9cafeb40 mode 2
Event: 0.105 Thread 0x000001de1b51a090 DEOPT PACKING pc=0x000001de000173e7 sp=0x0000005b9e3fe400
Event: 0.105 Thread 0x000001de1b51a090 DEOPT UNPACKING pc=0x000001de074b7543 sp=0x0000005b9e3fd820 mode 0
Event: 0.130 Thread 0x000001de1b51a090 Uncommon trap: trap_request=0xffffff45 fr.pc=0x000001de07bbabbc relative=0x00000000000006bc
Event: 0.130 Thread 0x000001de1b51a090 Uncommon trap: reason=unstable_if action=reinterpret pc=0x000001de07bbabbc method=java.util.regex.Matcher.search(I)Z @ 30 c2
Event: 0.130 Thread 0x000001de1b51a090 DEOPT PACKING pc=0x000001de07bbabbc sp=0x0000005b9e3feef0
Event: 0.130 Thread 0x000001de1b51a090 DEOPT UNPACKING pc=0x000001de074b6da3 sp=0x0000005b9e3feed0 mode 2
Event: 0.165 Thread 0x000001de7314daa0 DEOPT PACKING pc=0x000001de000db0de sp=0x0000005b9cafeb90
Event: 0.165 Thread 0x000001de7314daa0 DEOPT UNPACKING pc=0x000001de074b7543 sp=0x0000005b9cafe068 mode 0
Event: 0.167 Thread 0x000001de7314daa0 DEOPT PACKING pc=0x000001de000eb134 sp=0x0000005b9cafee30
Event: 0.167 Thread 0x000001de7314daa0 DEOPT UNPACKING pc=0x000001de074b7543 sp=0x0000005b9cafe2a0 mode 0
Event: 0.176 Thread 0x000001de7314daa0 DEOPT PACKING pc=0x000001de0001a768 sp=0x0000005b9cafec80
Event: 0.176 Thread 0x000001de7314daa0 DEOPT UNPACKING pc=0x000001de074b7543 sp=0x0000005b9cafe110 mode 0
Event: 0.201 Thread 0x000001de7314daa0 Uncommon trap: trap_request=0xffffff45 fr.pc=0x000001de07bc6084 relative=0x0000000000000064
Event: 0.201 Thread 0x000001de7314daa0 Uncommon trap: reason=unstable_if action=reinterpret pc=0x000001de07bc6084 method=java.io.WinNTFileSystem.isSlash(C)Z @ 9 c2
Event: 0.201 Thread 0x000001de7314daa0 DEOPT PACKING pc=0x000001de07bc6084 sp=0x0000005b9cafe7e0
Event: 0.201 Thread 0x000001de7314daa0 DEOPT UNPACKING pc=0x000001de074b6da3 sp=0x0000005b9cafe768 mode 2

Classes loaded (20 events):
Event: 0.227 Loading class java/util/stream/MatchOps
Event: 0.227 Loading class java/util/stream/MatchOps done
Event: 0.227 Loading class java/util/stream/MatchOps$MatchOp
Event: 0.227 Loading class java/util/stream/MatchOps$MatchOp done
Event: 0.227 Loading class java/util/stream/MatchOps$BooleanTerminalSink
Event: 0.227 Loading class java/util/stream/MatchOps$BooleanTerminalSink done
Event: 0.227 Loading class java/util/stream/MatchOps$1MatchSink
Event: 0.227 Loading class java/util/stream/MatchOps$1MatchSink done
Event: 0.229 Loading class java/io/UnsupportedEncodingException
Event: 0.229 Loading class java/io/UnsupportedEncodingException done
Event: 0.229 Loading class java/lang/AssertionError
Event: 0.229 Loading class java/lang/AssertionError done
Event: 0.229 Loading class java/util/Formatter$FixedString
Event: 0.229 Loading class java/util/Formatter$FixedString done
Event: 0.230 Loading class java/net/URLEncoder
Event: 0.230 Loading class java/net/URLEncoder done
Event: 0.230 Loading class java/util/BitSet
Event: 0.230 Loading class java/util/BitSet done
Event: 0.230 Loading class java/io/CharArrayWriter
Event: 0.230 Loading class java/io/CharArrayWriter done

Classes unloaded (0 events):
No events

Classes redefined (0 events):
No events

Internal exceptions (10 events):
Event: 0.049 Thread 0x000001de7314daa0 Exception <a 'java/lang/NoSuchMethodError'{0x00000007156d1440}: 'java.lang.Object java.lang.invoke.DirectMethodHandle$Holder.invokeStaticInit(java.lang.Object)'> (0x00000007156d1440) 
thrown [s\open\src\hotspot\share\interpreter\linkResolver.cpp, line 774]
Event: 0.061 Thread 0x000001de7314daa0 Exception <a 'java/lang/NoSuchMethodError'{0x00000007157ea7e8}: 'int java.lang.invoke.DirectMethodHandle$Holder.invokeSpecial(java.lang.Object, java.lang.Object, java.lang.Object)'> (0x00000007157ea7e8) 
thrown [s\open\src\hotspot\share\interpreter\linkResolver.cpp, line 774]
Event: 0.123 Thread 0x000001de1b51a090 Exception <a 'java/lang/NoSuchMethodError'{0x0000000715235468}: 'void java.lang.invoke.DirectMethodHandle$Holder.invokeStatic(java.lang.Object, long)'> (0x0000000715235468) 
thrown [s\open\src\hotspot\share\interpreter\linkResolver.cpp, line 774]
Event: 0.123 Thread 0x000001de1b51a090 Exception <a 'java/lang/NoSuchMethodError'{0x000000071523ab60}: 'java.lang.Object java.lang.invoke.DirectMethodHandle$Holder.newInvokeSpecial(java.lang.Object, long)'> (0x000000071523ab60) 
thrown [s\open\src\hotspot\share\interpreter\linkResolver.cpp, line 774]
Event: 0.125 Thread 0x000001de1b51a090 Exception <a 'java/lang/NoSuchMethodError'{0x0000000715242fe8}: 'java.lang.Object java.lang.invoke.DirectMethodHandle$Holder.invokeStatic(java.lang.Object, long, java.lang.Object)'> (0x0000000715242fe8) 
thrown [s\open\src\hotspot\share\interpreter\linkResolver.cpp, line 774]
Event: 0.125 Thread 0x000001de1b51a090 Exception <a 'java/lang/NoSuchMethodError'{0x0000000715246a18}: 'java.lang.Object java.lang.invoke.DirectMethodHandle$Holder.invokeStaticInit(java.lang.Object, long, java.lang.Object)'> (0x0000000715246a18) 
thrown [s\open\src\hotspot\share\interpreter\linkResolver.cpp, line 774]
Event: 0.209 Thread 0x000001de7314daa0 Exception <a 'java/lang/NoSuchMethodError'{0x0000000714b9c298}: 'void java.lang.invoke.DirectMethodHandle$Holder.invokeStatic(java.lang.Object, java.lang.Object, java.lang.Object)'> (0x0000000714b9c298) 
thrown [s\open\src\hotspot\share\interpreter\linkResolver.cpp, line 774]
Event: 0.222 Thread 0x000001de7314daa0 Exception <a 'java/lang/NoSuchMethodError'{0x0000000714842740}: 'void java.lang.invoke.DirectMethodHandle$Holder.invokeSpecial(java.lang.Object, java.lang.Object, java.lang.Object)'> (0x0000000714842740) 
thrown [s\open\src\hotspot\share\interpreter\linkResolver.cpp, line 774]
Event: 0.226 Thread 0x000001de7314daa0 Exception <a 'java/lang/NoSuchMethodError'{0x000000071486ff30}: 'int java.lang.invoke.DirectMethodHandle$Holder.invokeVirtual(java.lang.Object, java.lang.Object)'> (0x000000071486ff30) 
thrown [s\open\src\hotspot\share\interpreter\linkResolver.cpp, line 774]
Event: 0.229 Thread 0x000001de7314daa0 Exception <a 'java/lang/NoSuchMethodError'{0x000000071488dca0}: 'java.lang.Object java.lang.invoke.DirectMethodHandle$Holder.invokeStaticInit(java.lang.Object, int)'> (0x000000071488dca0) 
thrown [s\open\src\hotspot\share\interpreter\linkResolver.cpp, line 774]

VM Operations (10 events):
Event: 0.034 Executing VM operation: HandshakeAllThreads
Event: 0.034 Executing VM operation: HandshakeAllThreads done
Event: 0.096 Executing VM operation: HandshakeAllThreads
Event: 0.096 Executing VM operation: HandshakeAllThreads done
Event: 0.105 Executing VM operation: HandshakeAllThreads
Event: 0.105 Executing VM operation: HandshakeAllThreads done
Event: 0.201 Executing VM operation: HandshakeAllThreads
Event: 0.201 Executing VM operation: HandshakeAllThreads done
Event: 0.219 Executing VM operation: HandshakeAllThreads
Event: 0.219 Executing VM operation: HandshakeAllThreads done

Events (19 events):
Event: 0.011 Thread 0x000001de7314daa0 Thread added: 0x000001de7314daa0
Event: 0.019 Thread 0x000001de16eec3f0 Thread added: 0x000001de16eec3f0
Event: 0.019 Thread 0x000001de16eecf80 Thread added: 0x000001de16eecf80
Event: 0.019 Thread 0x000001de16eefd80 Thread added: 0x000001de16eefd80
Event: 0.019 Thread 0x000001de16ef18c0 Thread added: 0x000001de16ef18c0
Event: 0.019 Thread 0x000001de16ef6310 Thread added: 0x000001de16ef6310
Event: 0.019 Thread 0x000001de16ef8fb0 Thread added: 0x000001de16ef8fb0
Event: 0.019 Thread 0x000001de16efbc20 Thread added: 0x000001de16efbc20
Event: 0.019 Thread 0x000001de16efc590 Thread added: 0x000001de16efc590
Event: 0.019 Thread 0x000001de16efef10 Thread added: 0x000001de16efef10
Event: 0.023 Thread 0x000001de1b1ac3a0 Thread added: 0x000001de1b1ac3a0
Event: 0.027 Thread 0x000001de1b27d5e0 Thread added: 0x000001de1b27d5e0
Event: 0.028 Thread 0x000001de1b28a070 Thread added: 0x000001de1b28a070
Event: 0.029 Thread 0x000001de1b28ee30 Thread added: 0x000001de1b28ee30
Event: 0.044 Thread 0x000001de1b2c48c0 Thread added: 0x000001de1b2c48c0
Event: 0.089 Thread 0x000001de1b375830 Thread added: 0x000001de1b375830
Event: 0.090 Thread 0x000001de1b376fe0 Thread added: 0x000001de1b376fe0
Event: 0.091 Thread 0x000001de1b377f60 Thread added: 0x000001de1b377f60
Event: 0.105 Thread 0x000001de1b51a090 Thread added: 0x000001de1b51a090


Dynamic libraries:
0x00007ff7c15a0000 - 0x00007ff7c15b0000 	C:\Program Files\Java\jdk-19\bin\java.exe
0x00007ff9ebed0000 - 0x00007ff9ec0e7000 	C:\WINDOWS\SYSTEM32\ntdll.dll
0x00007ff9eabf0000 - 0x00007ff9eacb4000 	C:\WINDOWS\System32\KERNEL32.DLL
0x00007ff9e9520000 - 0x00007ff9e98cd000 	C:\WINDOWS\System32\KERNELBASE.dll
0x00007ff9e9900000 - 0x00007ff9e9a11000 	C:\WINDOWS\System32\ucrtbase.dll
0x00007ff9d8a40000 - 0x00007ff9d8a5b000 	C:\Program Files\Java\jdk-19\bin\VCRUNTIME140.dll
0x00007ff9d93a0000 - 0x00007ff9d93b8000 	C:\Program Files\Java\jdk-19\bin\jli.dll
0x00007ff9ea2f0000 - 0x00007ff9ea3a2000 	C:\WINDOWS\System32\ADVAPI32.dll
0x00007ff9ea400000 - 0x00007ff9ea4a7000 	C:\WINDOWS\System32\msvcrt.dll
0x00007ff9ebdb0000 - 0x00007ff9ebe59000 	C:\WINDOWS\System32\sechost.dll
0x00007ff9e9300000 - 0x00007ff9e9328000 	C:\WINDOWS\System32\bcrypt.dll
0x00007ff9ea1d0000 - 0x00007ff9ea2e4000 	C:\WINDOWS\System32\RPCRT4.dll
0x00007ff9eb6f0000 - 0x00007ff9eb89e000 	C:\WINDOWS\System32\USER32.dll
0x00007ff9e98d0000 - 0x00007ff9e98f6000 	C:\WINDOWS\System32\win32u.dll
0x00007ff9d6740000 - 0x00007ff9d69d3000 	C:\WINDOWS\WinSxS\amd64_microsoft.windows.common-controls_6595b64144ccf1df_6.0.22621.3672_none_2713b9d173822955\COMCTL32.dll
0x00007ff9ea3b0000 - 0x00007ff9ea3d9000 	C:\WINDOWS\System32\GDI32.dll
0x00007ff9e9ac0000 - 0x00007ff9e9bd9000 	C:\WINDOWS\System32\gdi32full.dll
0x00007ff9e9a20000 - 0x00007ff9e9aba000 	C:\WINDOWS\System32\msvcp_win.dll
0x00007ff9e0b20000 - 0x00007ff9e0b2a000 	C:\WINDOWS\SYSTEM32\VERSION.dll
0x00007ff9eadc0000 - 0x00007ff9eadf1000 	C:\WINDOWS\System32\IMM32.DLL
0x00007ff9ddca0000 - 0x00007ff9ddcac000 	C:\Program Files\Java\jdk-19\bin\vcruntime140_1.dll
0x00007ff9a5520000 - 0x00007ff9a55ae000 	C:\Program Files\Java\jdk-19\bin\msvcp140.dll
0x00007ff938610000 - 0x00007ff9392d0000 	C:\Program Files\Java\jdk-19\bin\server\jvm.dll
0x00007ff9e1210000 - 0x00007ff9e1219000 	C:\WINDOWS\SYSTEM32\WSOCK32.dll
0x00007ff9e2e20000 - 0x00007ff9e2e54000 	C:\WINDOWS\SYSTEM32\WINMM.dll
0x00007ff9ebc30000 - 0x00007ff9ebca1000 	C:\WINDOWS\System32\WS2_32.dll
0x00007ff9e82f0000 - 0x00007ff9e8308000 	C:\WINDOWS\SYSTEM32\kernel.appcore.dll
0x00007ff9d7410000 - 0x00007ff9d741a000 	C:\Program Files\Java\jdk-19\bin\jimage.dll
0x00007ff9e6a30000 - 0x00007ff9e6c62000 	C:\WINDOWS\SYSTEM32\DBGHELP.DLL
0x00007ff9eb8a0000 - 0x00007ff9ebc28000 	C:\WINDOWS\System32\combase.dll
0x00007ff9ebcb0000 - 0x00007ff9ebd87000 	C:\WINDOWS\System32\OLEAUT32.dll
0x00007ff9ddbf0000 - 0x00007ff9ddc22000 	C:\WINDOWS\SYSTEM32\dbgcore.DLL
0x00007ff9e94a0000 - 0x00007ff9e951b000 	C:\WINDOWS\System32\bcryptPrimitives.dll
0x00007ff9ce300000 - 0x00007ff9ce326000 	C:\Program Files\Java\jdk-19\bin\java.dll
0x00007ff9a4270000 - 0x00007ff9a4347000 	C:\Program Files\Java\jdk-19\bin\jsvml.dll
0x00007ff9eae90000 - 0x00007ff9eb6ef000 	C:\WINDOWS\System32\SHELL32.dll
0x00007ff9e70f0000 - 0x00007ff9e79ec000 	C:\WINDOWS\SYSTEM32\windows.storage.dll
0x00007ff9e6fa0000 - 0x00007ff9e70df000 	C:\WINDOWS\SYSTEM32\wintypes.dll
0x00007ff9ea0c0000 - 0x00007ff9ea1b4000 	C:\WINDOWS\System32\SHCORE.dll
0x00007ff9eab90000 - 0x00007ff9eabee000 	C:\WINDOWS\System32\shlwapi.dll
0x00007ff9e9100000 - 0x00007ff9e9121000 	C:\WINDOWS\SYSTEM32\profapi.dll
0x00007ff9d0d80000 - 0x00007ff9d0d93000 	C:\Program Files\Java\jdk-19\bin\net.dll
0x00007ff9e49c0000 - 0x00007ff9e4af6000 	C:\WINDOWS\SYSTEM32\WINHTTP.dll
0x00007ff9e8760000 - 0x00007ff9e87c9000 	C:\WINDOWS\system32\mswsock.dll
0x00007ff9cff70000 - 0x00007ff9cff86000 	C:\Program Files\Java\jdk-19\bin\nio.dll
0x00007ff9cefd0000 - 0x00007ff9cefe8000 	C:\Program Files\Java\jdk-19\bin\zip.dll
0x00007ff9e11c0000 - 0x00007ff9e11ca000 	C:\Program Files\Java\jdk-19\bin\management.dll
0x00007ff9ddcb0000 - 0x00007ff9ddcbb000 	C:\Program Files\Java\jdk-19\bin\management_ext.dll
0x00007ff9ea1c0000 - 0x00007ff9ea1c8000 	C:\WINDOWS\System32\PSAPI.DLL
0x00007ff9d7400000 - 0x00007ff9d7410000 	C:\Program Files\Java\jdk-19\bin\verify.dll

dbghelp: loaded successfully - version: 4.0.5 - missing functions: none
symbol engine: initialized successfully - sym options: 0x614 - pdb path: .;C:\Program Files\Java\jdk-19\bin;C:\WINDOWS\SYSTEM32;C:\WINDOWS\WinSxS\amd64_microsoft.windows.common-controls_6595b64144ccf1df_6.0.22621.3672_none_2713b9d173822955;C:\Program Files\Java\jdk-19\bin\server

VM Arguments:
java_command: C:\Users\99293\AppData\Local\Temp\surefire12156705549722147394\surefirebooter5912072190725702561.jar C:\Users\99293\AppData\Local\Temp\surefire12156705549722147394 2024-07-29T00-23-26_557-jvmRun1 surefire15590851829183434165tmp surefire_01681505261381620585tmp
java_class_path (initial): C:\Users\99293\AppData\Local\Temp\surefire12156705549722147394\surefirebooter5912072190725702561.jar
Launcher Type: SUN_STANDARD

[Global flags]
     intx CICompilerCount                          = 12                                        {product} {ergonomic}
     uint ConcGCThreads                            = 3                                         {product} {ergonomic}
     uint G1ConcRefinementThreads                  = 13                                        {product} {ergonomic}
   size_t G1HeapRegionSize                         = 2097152                                   {product} {ergonomic}
    uintx GCDrainStackTargetSize                   = 64                                        {product} {ergonomic}
   size_t InitialHeapSize                          = 264241152                                 {product} {ergonomic}
   size_t MarkStackSize                            = 4194304                                   {product} {ergonomic}
   size_t MaxHeapSize                              = 4196401152                                {product} {ergonomic}
   size_t MaxNewSize                               = 2516582400                                {product} {ergonomic}
   size_t MinHeapDeltaBytes                        = 2097152                                   {product} {ergonomic}
   size_t MinHeapSize                              = 8388608                                   {product} {ergonomic}
    uintx NonNMethodCodeHeapSize                   = 7602480                                {pd product} {ergonomic}
    uintx NonProfiledCodeHeapSize                  = 122027880                              {pd product} {ergonomic}
    uintx ProfiledCodeHeapSize                     = 122027880                              {pd product} {ergonomic}
    uintx ReservedCodeCacheSize                    = 251658240                              {pd product} {ergonomic}
     bool SegmentedCodeCache                       = true                                      {product} {ergonomic}
   size_t SoftMaxHeapSize                          = 4196401152                             {manageable} {ergonomic}
     bool UseCompressedClassPointers               = true                           {product lp64_product} {ergonomic}
     bool UseCompressedOops                        = true                           {product lp64_product} {ergonomic}
     bool UseG1GC                                  = true                                      {product} {ergonomic}
     bool UseLargePagesIndividualAllocation        = false                                  {pd product} {ergonomic}

Logging:
Log output configuration:
 #0: stdout all=warning uptime,level,tags foldmultilines=false
 #1: stderr all=off uptime,level,tags foldmultilines=false

Environment Variables:
JAVA_HOME=C:\Program Files\Java\jdk-19
PATH=C:\Program Files\Common Files\Oracle\Java\javapath;C:\Windows\system32;C:\Windows;C:\Windows\System32\Wbem;C:\Windows\System32\WindowsPowerShell\v1.0\;C:\Windows\System32\OpenSSH\;C:\Program Files (x86)\NVIDIA Corporation\PhysX\Common;C:\Program Files\NVIDIA Corporation\NVIDIA NvDLISR;C:\Program Files\Git\cmd;C:\Program Files (x86)\dotnet\;C:\WINDOWS\system32;C:\WINDOWS;C:\WINDOWS\System32\Wbem;C:\WINDOWS\System32\WindowsPowerShell\v1.0\;C:\WINDOWS\System32\OpenSSH\;C:\Program Files\Java\jdk-19\bin;C:\Users\99293\AppData\Local\Programs\Python\Python311\Scripts\;C:\Users\99293\AppData\Local\Programs\Python\Python311\;C:\Users\99293\AppData\Local\Microsoft\WindowsApps;;C:\Program Files\JetBrains\IntelliJ IDEA 2022.1.2\bin;;C:\Program Files\heroku\bin
USERNAME=ASUS
OS=Windows_NT
PROCESSOR_IDENTIFIER=Intel64 Family 6 Model 154 Stepping 3, GenuineIntel
TMP=C:\Users\99293\AppData\Local\Temp
TEMP=C:\Users\99293\AppData\Local\Temp



---------------  S Y S T E M  ---------------

OS:
 Windows 11 , 64 bit Build 22621 (10.0.22621.3672)
OS uptime: 1 days 1:28 hours
Hyper-V role detected

CPU: total 16 (initial active 16) (8 cores per cpu, 2 threads per core) family 6 model 154 stepping 3 microcode 0x41c, cx8, cmov, fxsr, ht, mmx, 3dnowpref, sse, sse2, sse3, ssse3, sse4.1, sse4.2, popcnt, lzcnt, tsc, tscinvbit, avx, avx2, aes, erms, clmul, bmi1, bmi2, adx, sha, fma, vzeroupper, clflush, clflushopt, clwb, hv, serialize, rdtscp, rdpid, fsrm

Memory: 4k page, system-wide physical 16005M (2427M free)
TotalPageFile size 18053M (AvailPageFile size 12M)
current process WorkingSet (physical memory assigned to process): 71M, peak: 71M
current process commit charge ("private bytes"): 370M, peak: 370M

vm_info: Java HotSpot(TM) 64-Bit Server VM (19.0.2+7-44) for windows-amd64 JRE (19.0.2+7-44), built on 2022-11-30T18:02:09Z by "mach5one" with MS VC++ 17.1 (VS2022)

END.
