#
# There is insufficient memory for the Java Runtime Environment to continue.
# Native memory allocation (malloc) failed to allocate 339536 bytes for Chunk::new
# Possible reasons:
#   The system is out of physical RAM or swap space
#   The process is running with CompressedOops enabled, and the Java Heap may be blocking the growth of the native heap
# Possible solutions:
#   Reduce memory load on the system
#   Increase physical memory or swap space
#   Check if swap backing store is full
#   Decrease Java heap size (-Xmx/-Xms)
#   Decrease number of Java threads
#   Decrease Java thread stack sizes (-Xss)
#   Set larger code cache with -XX:ReservedCodeCacheSize=
#   JVM is running with Zero Based Compressed Oops mode in which the Java heap is
#     placed in the first 32GB address space. The Java Heap base address is the
#     maximum limit for the native heap growth. Please use -XX:HeapBaseMinAddress
#     to set the Java Heap base and to place the Java Heap above 32GB virtual address.
# This output file may be truncated or incomplete.
#
#  Out of Memory Error (arena.cpp:184), pid=12484, tid=10168
#
# JRE version: Java(TM) SE Runtime Environment (19.0.2+7) (build 19.0.2+7-44)
# Java VM: Java HotSpot(TM) 64-Bit Server VM (19.0.2+7-44, mixed mode, sharing, tiered, compressed oops, compressed class ptrs, g1 gc, windows-amd64)
# No core dump will be written. Minidumps are not enabled by default on client versions of Windows
#

---------------  S U M M A R Y ------------

Command Line: -Dmaven.multiModuleProjectDirectory=D:\unitedStates duplicates original -Dmaven.home=C:\Users\99293\.m2\wrapper\dists\apache-maven-3.8.6-bin\1ks0nkde5v1pk9vtc31i9d0lcd\apache-maven-3.8.6 -Dclassworlds.conf=C:\Users\99293\.m2\wrapper\dists\apache-maven-3.8.6-bin\1ks0nkde5v1pk9vtc31i9d0lcd\apache-maven-3.8.6\bin\m2.conf -Dmaven.ext.class.path=C:\Program Files\JetBrains\IntelliJ IDEA 2022.1.2\plugins\maven\lib\maven-event-listener.jar -javaagent:C:\Program Files\JetBrains\IntelliJ IDEA 2022.1.2\lib\idea_rt.jar=62204:C:\Program Files\JetBrains\IntelliJ IDEA 2022.1.2\bin -Dfile.encoding=UTF-8 org.codehaus.classworlds.Launcher -Didea.version=2022.1.2 package

Host: 12th Gen Intel(R) Core(TM) i7-12650H, 16 cores, 15G,  Windows 11 , 64 bit Build 22621 (10.0.22621.3958)
Time: Tue Nov 12 23:46:05 2024  Windows 11 , 64 bit Build 22621 (10.0.22621.3958) elapsed time: 0.562751 seconds (0d 0h 0m 0s)

---------------  T H R E A D  ---------------

Current thread (0x000002683bbfaa70):  JavaThread "C2 CompilerThread2" daemon [_thread_in_native, id=10168, stack(0x000000fae7800000,0x000000fae7900000)]


Current CompileTask:
C2:    562 1179       4       sun.nio.cs.StreamDecoder::lockedRead0 (95 bytes)

Stack: [0x000000fae7800000,0x000000fae7900000]
Native frames: (J=compiled Java code, j=interpreted, Vv=VM code, C=native code)
V  [jvm.dll+0x6ee21a]
V  [jvm.dll+0x85765e]
V  [jvm.dll+0x85904e]
V  [jvm.dll+0x859703]
V  [jvm.dll+0x28298f]
V  [jvm.dll+0xc9adf]
V  [jvm.dll+0xc9e65]
V  [jvm.dll+0x3bca12]
V  [jvm.dll+0x1edf25]
V  [jvm.dll+0x24c52b]
V  [jvm.dll+0x24b781]
V  [jvm.dll+0x1d6ce1]
V  [jvm.dll+0x25b25a]
V  [jvm.dll+0x2596e8]
V  [jvm.dll+0x807588]
V  [jvm.dll+0x80125a]
V  [jvm.dll+0x6ecf0b]
C  [ucrtbase.dll+0x29333]
C  [KERNEL32.DLL+0x1257d]
C  [ntdll.dll+0x5af08]


---------------  P R O C E S S  ---------------

Threads class SMR info:
_java_thread_list=0x000002683c4c82c0, length=23, elements={
0x00000268134211f0, 0x000002683707f970, 0x0000026837082770, 0x0000026837083560,
0x00000268370850a0, 0x0000026837087ae0, 0x0000026837088410, 0x0000026837089070,
0x00000268370899e0, 0x000002683708e370, 0x00000268370ae7d0, 0x0000026837055890,
0x000002683b4cea00, 0x000002683b52afc0, 0x000002683b556dc0, 0x000002683b5e7eb0,
0x000002683b5ecaa0, 0x000002683bbfaa70, 0x000002683c3236e0, 0x000002683c04a4f0,
0x000002683c04aa70, 0x000002683c04aff0, 0x000002683c04b570
}

Java Threads: ( => current thread )
  0x00000268134211f0 JavaThread "main" [_thread_in_vm, id=21896, stack(0x000000fae6000000,0x000000fae6100000)]
  0x000002683707f970 JavaThread "Reference Handler" daemon [_thread_blocked, id=16164, stack(0x000000fae6700000,0x000000fae6800000)]
  0x0000026837082770 JavaThread "Finalizer" daemon [_thread_blocked, id=1336, stack(0x000000fae6800000,0x000000fae6900000)]
  0x0000026837083560 JavaThread "Signal Dispatcher" daemon [_thread_blocked, id=3000, stack(0x000000fae6900000,0x000000fae6a00000)]
  0x00000268370850a0 JavaThread "Attach Listener" daemon [_thread_blocked, id=8472, stack(0x000000fae6a00000,0x000000fae6b00000)]
  0x0000026837087ae0 JavaThread "Service Thread" daemon [_thread_blocked, id=3124, stack(0x000000fae6b00000,0x000000fae6c00000)]
  0x0000026837088410 JavaThread "Monitor Deflation Thread" daemon [_thread_blocked, id=19712, stack(0x000000fae6c00000,0x000000fae6d00000)]
  0x0000026837089070 JavaThread "C2 CompilerThread0" daemon [_thread_blocked, id=15916, stack(0x000000fae6d00000,0x000000fae6e00000)]
  0x00000268370899e0 JavaThread "C1 CompilerThread0" daemon [_thread_blocked, id=19688, stack(0x000000fae6e00000,0x000000fae6f00000)]
  0x000002683708e370 JavaThread "Sweeper thread" daemon [_thread_blocked, id=20856, stack(0x000000fae6f00000,0x000000fae7000000)]
  0x00000268370ae7d0 JavaThread "C1 CompilerThread1" daemon [_thread_blocked, id=21912, stack(0x000000fae7000000,0x000000fae7100000)]
  0x0000026837055890 JavaThread "Common-Cleaner" daemon [_thread_blocked, id=3348, stack(0x000000fae7100000,0x000000fae7200000)]
  0x000002683b4cea00 JavaThread "C1 CompilerThread2" daemon [_thread_blocked, id=5020, stack(0x000000fae7200000,0x000000fae7300000)]
  0x000002683b52afc0 JavaThread "C1 CompilerThread3" daemon [_thread_blocked, id=9304, stack(0x000000fae7300000,0x000000fae7400000)]
  0x000002683b556dc0 JavaThread "C2 CompilerThread1" daemon [_thread_blocked, id=8892, stack(0x000000fae7400000,0x000000fae7500000)]
  0x000002683b5e7eb0 JavaThread "Monitor Ctrl-Break" daemon [_thread_in_native, id=2256, stack(0x000000fae7500000,0x000000fae7600000)]
  0x000002683b5ecaa0 JavaThread "Notification Thread" daemon [_thread_blocked, id=6640, stack(0x000000fae7600000,0x000000fae7700000)]
=>0x000002683bbfaa70 JavaThread "C2 CompilerThread2" daemon [_thread_in_native, id=10168, stack(0x000000fae7800000,0x000000fae7900000)]
  0x000002683c3236e0 JavaThread "C2 CompilerThread3" daemon [_thread_blocked, id=10156, stack(0x000000fae7900000,0x000000fae7a00000)]
  0x000002683c04a4f0 JavaThread "C2 CompilerThread4" daemon [_thread_blocked, id=22000, stack(0x000000fae7a00000,0x000000fae7b00000)]
  0x000002683c04aa70 JavaThread "C2 CompilerThread5" daemon [_thread_in_native, id=22296, stack(0x000000fae7b00000,0x000000fae7c00000)]
  0x000002683c04aff0 JavaThread "C2 CompilerThread6" daemon [_thread_blocked, id=21340, stack(0x000000fae7c00000,0x000000fae7d00000)]
  0x000002683c04b570 JavaThread "C2 CompilerThread7" daemon [_thread_in_vm, id=10060, stack(0x000000fae7d00000,0x000000fae7e00000)]

Other Threads:
  0x0000026837066270 VMThread "VM Thread" [stack: 0x000000fae6600000,0x000000fae6700000] [id=16904]
  0x000002683b610a20 WatcherThread "VM Periodic Task Thread" [stack: 0x000000fae7700000,0x000000fae7800000] [id=14208]
  0x0000026813491d90 WorkerThread "GC Thread#0" [stack: 0x000000fae6100000,0x000000fae6200000] [id=23088]
  0x000002683b968d10 WorkerThread "GC Thread#1" [stack: 0x000000fae7e00000,0x000000fae7f00000] [id=13684]
  0x000002683b9681d0 WorkerThread "GC Thread#2" [stack: 0x000000fae7f00000,0x000000fae8000000] [id=3992]
  0x000002683b968fe0 WorkerThread "GC Thread#3" [stack: 0x000000fae8000000,0x000000fae8100000] [id=21528]
  0x000002683b9684a0 WorkerThread "GC Thread#4" [stack: 0x000000fae8100000,0x000000fae8200000] [id=21888]
  0x000002683b9692b0 WorkerThread "GC Thread#5" [stack: 0x000000fae8200000,0x000000fae8300000] [id=3004]
  0x000002683b968770 WorkerThread "GC Thread#6" [stack: 0x000000fae8300000,0x000000fae8400000] [id=16192]
  0x000002683b969580 WorkerThread "GC Thread#7" [stack: 0x000000fae8400000,0x000000fae8500000] [id=11756]
  0x00000268134a3710 ConcurrentGCThread "G1 Main Marker" [stack: 0x000000fae6200000,0x000000fae6300000] [id=21164]
  0x00000268134a4140 WorkerThread "G1 Conc#0" [stack: 0x000000fae6300000,0x000000fae6400000] [id=19588]
  0x0000026836f1e460 ConcurrentGCThread "G1 Refine#0" [stack: 0x000000fae6400000,0x000000fae6500000] [id=4052]
  0x0000026836f1efa0 ConcurrentGCThread "G1 Service" [stack: 0x000000fae6500000,0x000000fae6600000] [id=21664]

Threads with active compile tasks:
C2 CompilerThread2      581 1179       4       sun.nio.cs.StreamDecoder::lockedRead0 (95 bytes)
C2 CompilerThread5      581 1359       4       java.lang.String::<init> (74 bytes)
C2 CompilerThread7      582 1158   !   4       sun.nio.cs.StreamDecoder::read0 (59 bytes)

VM state: not at safepoint (normal execution)

VM Mutex/Monitor currently owned by a thread: None

Heap address: 0x0000000705e00000, size: 4002 MB, Compressed Oops mode: Zero based, Oop shift amount: 3

CDS archive(s) mapped at: [0x0000000800000000-0x0000000800c40000-0x0000000800c40000), size 12845056, SharedBaseAddress: 0x0000000800000000, ArchiveRelocationMode: 0.
Compressed class space mapped at: 0x0000000801000000-0x0000000841000000, reserved size: 1073741824
Narrow klass base: 0x0000000800000000, Narrow klass shift: 0, Narrow klass range: 0x100000000

GC Precious Log:
 CardTable entry size: 512
 Card Set container configuration: InlinePtr #cards 4 size 8 Array Of Cards #cards 16 size 48 Howl #buckets 8 coarsen threshold 3686 Howl Bitmap #cards 512 size 80 coarsen threshold 460 Card regions per heap region 1 cards per card region 4096
 CPUs: 16 total, 16 available
 Memory: 16004M
 Large Page Support: Disabled
 NUMA Support: Disabled
 Compressed Oops: Enabled (Zero based)
 Heap Region Size: 2M
 Heap Min Capacity: 8M
 Heap Initial Capacity: 252M
 Heap Max Capacity: 4002M
 Pre-touch: Disabled
 Parallel Workers: 13
 Concurrent Workers: 3
 Concurrent Refinement Workers: 13
 Periodic GC: Disabled

Heap:
 garbage-first heap   total 258048K, used 12038K [0x0000000705e00000, 0x0000000800000000)
  region size 2048K, 7 young (14336K), 2 survivors (4096K)
 Metaspace       used 5977K, committed 6144K, reserved 1114112K
  class space    used 658K, committed 704K, reserved 1048576K

Heap Regions: E=young(eden), S=young(survivor), O=old, HS=humongous(starts), HC=humongous(continues), CS=collection set, F=free, OA=open archive, CA=closed archive, TAMS=top-at-mark-start (previous, next)
|   0|0x0000000705e00000, 0x0000000705e00000, 0x0000000706000000|  0%| F|  |TAMS 0x0000000705e00000, 0x0000000705e00000| Untracked 
|   1|0x0000000706000000, 0x0000000706000000, 0x0000000706200000|  0%| F|  |TAMS 0x0000000706000000, 0x0000000706000000| Untracked 
|   2|0x0000000706200000, 0x0000000706200000, 0x0000000706400000|  0%| F|  |TAMS 0x0000000706200000, 0x0000000706200000| Untracked 
|   3|0x0000000706400000, 0x0000000706400000, 0x0000000706600000|  0%| F|  |TAMS 0x0000000706400000, 0x0000000706400000| Untracked 
|   4|0x0000000706600000, 0x0000000706600000, 0x0000000706800000|  0%| F|  |TAMS 0x0000000706600000, 0x0000000706600000| Untracked 
|   5|0x0000000706800000, 0x0000000706800000, 0x0000000706a00000|  0%| F|  |TAMS 0x0000000706800000, 0x0000000706800000| Untracked 
|   6|0x0000000706a00000, 0x0000000706a00000, 0x0000000706c00000|  0%| F|  |TAMS 0x0000000706a00000, 0x0000000706a00000| Untracked 
|   7|0x0000000706c00000, 0x0000000706c00000, 0x0000000706e00000|  0%| F|  |TAMS 0x0000000706c00000, 0x0000000706c00000| Untracked 
|   8|0x0000000706e00000, 0x0000000706e00000, 0x0000000707000000|  0%| F|  |TAMS 0x0000000706e00000, 0x0000000706e00000| Untracked 
|   9|0x0000000707000000, 0x0000000707000000, 0x0000000707200000|  0%| F|  |TAMS 0x0000000707000000, 0x0000000707000000| Untracked 
|  10|0x0000000707200000, 0x0000000707200000, 0x0000000707400000|  0%| F|  |TAMS 0x0000000707200000, 0x0000000707200000| Untracked 
|  11|0x0000000707400000, 0x0000000707400000, 0x0000000707600000|  0%| F|  |TAMS 0x0000000707400000, 0x0000000707400000| Untracked 
|  12|0x0000000707600000, 0x0000000707600000, 0x0000000707800000|  0%| F|  |TAMS 0x0000000707600000, 0x0000000707600000| Untracked 
|  13|0x0000000707800000, 0x0000000707800000, 0x0000000707a00000|  0%| F|  |TAMS 0x0000000707800000, 0x0000000707800000| Untracked 
|  14|0x0000000707a00000, 0x0000000707a00000, 0x0000000707c00000|  0%| F|  |TAMS 0x0000000707a00000, 0x0000000707a00000| Untracked 
|  15|0x0000000707c00000, 0x0000000707c00000, 0x0000000707e00000|  0%| F|  |TAMS 0x0000000707c00000, 0x0000000707c00000| Untracked 
|  16|0x0000000707e00000, 0x0000000707e00000, 0x0000000708000000|  0%| F|  |TAMS 0x0000000707e00000, 0x0000000707e00000| Untracked 
|  17|0x0000000708000000, 0x0000000708000000, 0x0000000708200000|  0%| F|  |TAMS 0x0000000708000000, 0x0000000708000000| Untracked 
|  18|0x0000000708200000, 0x0000000708200000, 0x0000000708400000|  0%| F|  |TAMS 0x0000000708200000, 0x0000000708200000| Untracked 
|  19|0x0000000708400000, 0x0000000708400000, 0x0000000708600000|  0%| F|  |TAMS 0x0000000708400000, 0x0000000708400000| Untracked 
|  20|0x0000000708600000, 0x0000000708600000, 0x0000000708800000|  0%| F|  |TAMS 0x0000000708600000, 0x0000000708600000| Untracked 
|  21|0x0000000708800000, 0x0000000708800000, 0x0000000708a00000|  0%| F|  |TAMS 0x0000000708800000, 0x0000000708800000| Untracked 
|  22|0x0000000708a00000, 0x0000000708a00000, 0x0000000708c00000|  0%| F|  |TAMS 0x0000000708a00000, 0x0000000708a00000| Untracked 
|  23|0x0000000708c00000, 0x0000000708c00000, 0x0000000708e00000|  0%| F|  |TAMS 0x0000000708c00000, 0x0000000708c00000| Untracked 
|  24|0x0000000708e00000, 0x0000000708e00000, 0x0000000709000000|  0%| F|  |TAMS 0x0000000708e00000, 0x0000000708e00000| Untracked 
|  25|0x0000000709000000, 0x0000000709000000, 0x0000000709200000|  0%| F|  |TAMS 0x0000000709000000, 0x0000000709000000| Untracked 
|  26|0x0000000709200000, 0x0000000709200000, 0x0000000709400000|  0%| F|  |TAMS 0x0000000709200000, 0x0000000709200000| Untracked 
|  27|0x0000000709400000, 0x0000000709400000, 0x0000000709600000|  0%| F|  |TAMS 0x0000000709400000, 0x0000000709400000| Untracked 
|  28|0x0000000709600000, 0x0000000709600000, 0x0000000709800000|  0%| F|  |TAMS 0x0000000709600000, 0x0000000709600000| Untracked 
|  29|0x0000000709800000, 0x0000000709800000, 0x0000000709a00000|  0%| F|  |TAMS 0x0000000709800000, 0x0000000709800000| Untracked 
|  30|0x0000000709a00000, 0x0000000709a00000, 0x0000000709c00000|  0%| F|  |TAMS 0x0000000709a00000, 0x0000000709a00000| Untracked 
|  31|0x0000000709c00000, 0x0000000709c00000, 0x0000000709e00000|  0%| F|  |TAMS 0x0000000709c00000, 0x0000000709c00000| Untracked 
|  32|0x0000000709e00000, 0x0000000709e00000, 0x000000070a000000|  0%| F|  |TAMS 0x0000000709e00000, 0x0000000709e00000| Untracked 
|  33|0x000000070a000000, 0x000000070a000000, 0x000000070a200000|  0%| F|  |TAMS 0x000000070a000000, 0x000000070a000000| Untracked 
|  34|0x000000070a200000, 0x000000070a200000, 0x000000070a400000|  0%| F|  |TAMS 0x000000070a200000, 0x000000070a200000| Untracked 
|  35|0x000000070a400000, 0x000000070a400000, 0x000000070a600000|  0%| F|  |TAMS 0x000000070a400000, 0x000000070a400000| Untracked 
|  36|0x000000070a600000, 0x000000070a600000, 0x000000070a800000|  0%| F|  |TAMS 0x000000070a600000, 0x000000070a600000| Untracked 
|  37|0x000000070a800000, 0x000000070a800000, 0x000000070aa00000|  0%| F|  |TAMS 0x000000070a800000, 0x000000070a800000| Untracked 
|  38|0x000000070aa00000, 0x000000070aa00000, 0x000000070ac00000|  0%| F|  |TAMS 0x000000070aa00000, 0x000000070aa00000| Untracked 
|  39|0x000000070ac00000, 0x000000070ac00000, 0x000000070ae00000|  0%| F|  |TAMS 0x000000070ac00000, 0x000000070ac00000| Untracked 
|  40|0x000000070ae00000, 0x000000070ae00000, 0x000000070b000000|  0%| F|  |TAMS 0x000000070ae00000, 0x000000070ae00000| Untracked 
|  41|0x000000070b000000, 0x000000070b000000, 0x000000070b200000|  0%| F|  |TAMS 0x000000070b000000, 0x000000070b000000| Untracked 
|  42|0x000000070b200000, 0x000000070b200000, 0x000000070b400000|  0%| F|  |TAMS 0x000000070b200000, 0x000000070b200000| Untracked 
|  43|0x000000070b400000, 0x000000070b400000, 0x000000070b600000|  0%| F|  |TAMS 0x000000070b400000, 0x000000070b400000| Untracked 
|  44|0x000000070b600000, 0x000000070b600000, 0x000000070b800000|  0%| F|  |TAMS 0x000000070b600000, 0x000000070b600000| Untracked 
|  45|0x000000070b800000, 0x000000070b800000, 0x000000070ba00000|  0%| F|  |TAMS 0x000000070b800000, 0x000000070b800000| Untracked 
|  46|0x000000070ba00000, 0x000000070ba00000, 0x000000070bc00000|  0%| F|  |TAMS 0x000000070ba00000, 0x000000070ba00000| Untracked 
|  47|0x000000070bc00000, 0x000000070bc00000, 0x000000070be00000|  0%| F|  |TAMS 0x000000070bc00000, 0x000000070bc00000| Untracked 
|  48|0x000000070be00000, 0x000000070be00000, 0x000000070c000000|  0%| F|  |TAMS 0x000000070be00000, 0x000000070be00000| Untracked 
|  49|0x000000070c000000, 0x000000070c000000, 0x000000070c200000|  0%| F|  |TAMS 0x000000070c000000, 0x000000070c000000| Untracked 
|  50|0x000000070c200000, 0x000000070c200000, 0x000000070c400000|  0%| F|  |TAMS 0x000000070c200000, 0x000000070c200000| Untracked 
|  51|0x000000070c400000, 0x000000070c400000, 0x000000070c600000|  0%| F|  |TAMS 0x000000070c400000, 0x000000070c400000| Untracked 
|  52|0x000000070c600000, 0x000000070c600000, 0x000000070c800000|  0%| F|  |TAMS 0x000000070c600000, 0x000000070c600000| Untracked 
|  53|0x000000070c800000, 0x000000070c800000, 0x000000070ca00000|  0%| F|  |TAMS 0x000000070c800000, 0x000000070c800000| Untracked 
|  54|0x000000070ca00000, 0x000000070ca00000, 0x000000070cc00000|  0%| F|  |TAMS 0x000000070ca00000, 0x000000070ca00000| Untracked 
|  55|0x000000070cc00000, 0x000000070cc00000, 0x000000070ce00000|  0%| F|  |TAMS 0x000000070cc00000, 0x000000070cc00000| Untracked 
|  56|0x000000070ce00000, 0x000000070ce00000, 0x000000070d000000|  0%| F|  |TAMS 0x000000070ce00000, 0x000000070ce00000| Untracked 
|  57|0x000000070d000000, 0x000000070d000000, 0x000000070d200000|  0%| F|  |TAMS 0x000000070d000000, 0x000000070d000000| Untracked 
|  58|0x000000070d200000, 0x000000070d200000, 0x000000070d400000|  0%| F|  |TAMS 0x000000070d200000, 0x000000070d200000| Untracked 
|  59|0x000000070d400000, 0x000000070d400000, 0x000000070d600000|  0%| F|  |TAMS 0x000000070d400000, 0x000000070d400000| Untracked 
|  60|0x000000070d600000, 0x000000070d600000, 0x000000070d800000|  0%| F|  |TAMS 0x000000070d600000, 0x000000070d600000| Untracked 
|  61|0x000000070d800000, 0x000000070d800000, 0x000000070da00000|  0%| F|  |TAMS 0x000000070d800000, 0x000000070d800000| Untracked 
|  62|0x000000070da00000, 0x000000070da00000, 0x000000070dc00000|  0%| F|  |TAMS 0x000000070da00000, 0x000000070da00000| Untracked 
|  63|0x000000070dc00000, 0x000000070dc00000, 0x000000070de00000|  0%| F|  |TAMS 0x000000070dc00000, 0x000000070dc00000| Untracked 
|  64|0x000000070de00000, 0x000000070de00000, 0x000000070e000000|  0%| F|  |TAMS 0x000000070de00000, 0x000000070de00000| Untracked 
|  65|0x000000070e000000, 0x000000070e000000, 0x000000070e200000|  0%| F|  |TAMS 0x000000070e000000, 0x000000070e000000| Untracked 
|  66|0x000000070e200000, 0x000000070e200000, 0x000000070e400000|  0%| F|  |TAMS 0x000000070e200000, 0x000000070e200000| Untracked 
|  67|0x000000070e400000, 0x000000070e400000, 0x000000070e600000|  0%| F|  |TAMS 0x000000070e400000, 0x000000070e400000| Untracked 
|  68|0x000000070e600000, 0x000000070e600000, 0x000000070e800000|  0%| F|  |TAMS 0x000000070e600000, 0x000000070e600000| Untracked 
|  69|0x000000070e800000, 0x000000070e800000, 0x000000070ea00000|  0%| F|  |TAMS 0x000000070e800000, 0x000000070e800000| Untracked 
|  70|0x000000070ea00000, 0x000000070ea00000, 0x000000070ec00000|  0%| F|  |TAMS 0x000000070ea00000, 0x000000070ea00000| Untracked 
|  71|0x000000070ec00000, 0x000000070ec00000, 0x000000070ee00000|  0%| F|  |TAMS 0x000000070ec00000, 0x000000070ec00000| Untracked 
|  72|0x000000070ee00000, 0x000000070ee00000, 0x000000070f000000|  0%| F|  |TAMS 0x000000070ee00000, 0x000000070ee00000| Untracked 
|  73|0x000000070f000000, 0x000000070f000000, 0x000000070f200000|  0%| F|  |TAMS 0x000000070f000000, 0x000000070f000000| Untracked 
|  74|0x000000070f200000, 0x000000070f200000, 0x000000070f400000|  0%| F|  |TAMS 0x000000070f200000, 0x000000070f200000| Untracked 
|  75|0x000000070f400000, 0x000000070f400000, 0x000000070f600000|  0%| F|  |TAMS 0x000000070f400000, 0x000000070f400000| Untracked 
|  76|0x000000070f600000, 0x000000070f600000, 0x000000070f800000|  0%| F|  |TAMS 0x000000070f600000, 0x000000070f600000| Untracked 
|  77|0x000000070f800000, 0x000000070f800000, 0x000000070fa00000|  0%| F|  |TAMS 0x000000070f800000, 0x000000070f800000| Untracked 
|  78|0x000000070fa00000, 0x000000070fa00000, 0x000000070fc00000|  0%| F|  |TAMS 0x000000070fa00000, 0x000000070fa00000| Untracked 
|  79|0x000000070fc00000, 0x000000070fc00000, 0x000000070fe00000|  0%| F|  |TAMS 0x000000070fc00000, 0x000000070fc00000| Untracked 
|  80|0x000000070fe00000, 0x000000070fe00000, 0x0000000710000000|  0%| F|  |TAMS 0x000000070fe00000, 0x000000070fe00000| Untracked 
|  81|0x0000000710000000, 0x0000000710000000, 0x0000000710200000|  0%| F|  |TAMS 0x0000000710000000, 0x0000000710000000| Untracked 
|  82|0x0000000710200000, 0x0000000710200000, 0x0000000710400000|  0%| F|  |TAMS 0x0000000710200000, 0x0000000710200000| Untracked 
|  83|0x0000000710400000, 0x0000000710400000, 0x0000000710600000|  0%| F|  |TAMS 0x0000000710400000, 0x0000000710400000| Untracked 
|  84|0x0000000710600000, 0x0000000710600000, 0x0000000710800000|  0%| F|  |TAMS 0x0000000710600000, 0x0000000710600000| Untracked 
|  85|0x0000000710800000, 0x0000000710800000, 0x0000000710a00000|  0%| F|  |TAMS 0x0000000710800000, 0x0000000710800000| Untracked 
|  86|0x0000000710a00000, 0x0000000710a00000, 0x0000000710c00000|  0%| F|  |TAMS 0x0000000710a00000, 0x0000000710a00000| Untracked 
|  87|0x0000000710c00000, 0x0000000710c00000, 0x0000000710e00000|  0%| F|  |TAMS 0x0000000710c00000, 0x0000000710c00000| Untracked 
|  88|0x0000000710e00000, 0x0000000710e00000, 0x0000000711000000|  0%| F|  |TAMS 0x0000000710e00000, 0x0000000710e00000| Untracked 
|  89|0x0000000711000000, 0x0000000711000000, 0x0000000711200000|  0%| F|  |TAMS 0x0000000711000000, 0x0000000711000000| Untracked 
|  90|0x0000000711200000, 0x0000000711200000, 0x0000000711400000|  0%| F|  |TAMS 0x0000000711200000, 0x0000000711200000| Untracked 
|  91|0x0000000711400000, 0x0000000711400000, 0x0000000711600000|  0%| F|  |TAMS 0x0000000711400000, 0x0000000711400000| Untracked 
|  92|0x0000000711600000, 0x0000000711600000, 0x0000000711800000|  0%| F|  |TAMS 0x0000000711600000, 0x0000000711600000| Untracked 
|  93|0x0000000711800000, 0x0000000711800000, 0x0000000711a00000|  0%| F|  |TAMS 0x0000000711800000, 0x0000000711800000| Untracked 
|  94|0x0000000711a00000, 0x0000000711a00000, 0x0000000711c00000|  0%| F|  |TAMS 0x0000000711a00000, 0x0000000711a00000| Untracked 
|  95|0x0000000711c00000, 0x0000000711c00000, 0x0000000711e00000|  0%| F|  |TAMS 0x0000000711c00000, 0x0000000711c00000| Untracked 
|  96|0x0000000711e00000, 0x0000000711e00000, 0x0000000712000000|  0%| F|  |TAMS 0x0000000711e00000, 0x0000000711e00000| Untracked 
|  97|0x0000000712000000, 0x0000000712000000, 0x0000000712200000|  0%| F|  |TAMS 0x0000000712000000, 0x0000000712000000| Untracked 
|  98|0x0000000712200000, 0x0000000712200000, 0x0000000712400000|  0%| F|  |TAMS 0x0000000712200000, 0x0000000712200000| Untracked 
|  99|0x0000000712400000, 0x0000000712400000, 0x0000000712600000|  0%| F|  |TAMS 0x0000000712400000, 0x0000000712400000| Untracked 
| 100|0x0000000712600000, 0x0000000712600000, 0x0000000712800000|  0%| F|  |TAMS 0x0000000712600000, 0x0000000712600000| Untracked 
| 101|0x0000000712800000, 0x0000000712800000, 0x0000000712a00000|  0%| F|  |TAMS 0x0000000712800000, 0x0000000712800000| Untracked 
| 102|0x0000000712a00000, 0x0000000712a00000, 0x0000000712c00000|  0%| F|  |TAMS 0x0000000712a00000, 0x0000000712a00000| Untracked 
| 103|0x0000000712c00000, 0x0000000712c00000, 0x0000000712e00000|  0%| F|  |TAMS 0x0000000712c00000, 0x0000000712c00000| Untracked 
| 104|0x0000000712e00000, 0x0000000712e00000, 0x0000000713000000|  0%| F|  |TAMS 0x0000000712e00000, 0x0000000712e00000| Untracked 
| 105|0x0000000713000000, 0x0000000713000000, 0x0000000713200000|  0%| F|  |TAMS 0x0000000713000000, 0x0000000713000000| Untracked 
| 106|0x0000000713200000, 0x0000000713200000, 0x0000000713400000|  0%| F|  |TAMS 0x0000000713200000, 0x0000000713200000| Untracked 
| 107|0x0000000713400000, 0x0000000713400000, 0x0000000713600000|  0%| F|  |TAMS 0x0000000713400000, 0x0000000713400000| Untracked 
| 108|0x0000000713600000, 0x0000000713600000, 0x0000000713800000|  0%| F|  |TAMS 0x0000000713600000, 0x0000000713600000| Untracked 
| 109|0x0000000713800000, 0x0000000713800000, 0x0000000713a00000|  0%| F|  |TAMS 0x0000000713800000, 0x0000000713800000| Untracked 
| 110|0x0000000713a00000, 0x0000000713a00000, 0x0000000713c00000|  0%| F|  |TAMS 0x0000000713a00000, 0x0000000713a00000| Untracked 
| 111|0x0000000713c00000, 0x0000000713c00000, 0x0000000713e00000|  0%| F|  |TAMS 0x0000000713c00000, 0x0000000713c00000| Untracked 
| 112|0x0000000713e00000, 0x0000000713e00000, 0x0000000714000000|  0%| F|  |TAMS 0x0000000713e00000, 0x0000000713e00000| Untracked 
| 113|0x0000000714000000, 0x00000007141c1b58, 0x0000000714200000| 87%| S|CS|TAMS 0x0000000714000000, 0x0000000714000000| Complete 
| 114|0x0000000714200000, 0x0000000714400000, 0x0000000714400000|100%| S|CS|TAMS 0x0000000714200000, 0x0000000714200000| Complete 
| 115|0x0000000714400000, 0x0000000714400000, 0x0000000714600000|  0%| F|  |TAMS 0x0000000714400000, 0x0000000714400000| Untracked 
| 116|0x0000000714600000, 0x0000000714600000, 0x0000000714800000|  0%| F|  |TAMS 0x0000000714600000, 0x0000000714600000| Untracked 
| 117|0x0000000714800000, 0x0000000714800000, 0x0000000714a00000|  0%| F|  |TAMS 0x0000000714800000, 0x0000000714800000| Untracked 
| 118|0x0000000714a00000, 0x0000000714a00000, 0x0000000714c00000|  0%| F|  |TAMS 0x0000000714a00000, 0x0000000714a00000| Untracked 
| 119|0x0000000714c00000, 0x0000000714c00000, 0x0000000714e00000|  0%| F|  |TAMS 0x0000000714c00000, 0x0000000714c00000| Untracked 
| 120|0x0000000714e00000, 0x0000000714e00000, 0x0000000715000000|  0%| F|  |TAMS 0x0000000714e00000, 0x0000000714e00000| Untracked 
| 121|0x0000000715000000, 0x00000007151d3028, 0x0000000715200000| 91%| E|  |TAMS 0x0000000715000000, 0x0000000715000000| Complete 
| 122|0x0000000715200000, 0x0000000715400000, 0x0000000715400000|100%| E|CS|TAMS 0x0000000715200000, 0x0000000715200000| Complete 
| 123|0x0000000715400000, 0x0000000715600000, 0x0000000715600000|100%| E|CS|TAMS 0x0000000715400000, 0x0000000715400000| Complete 
| 124|0x0000000715600000, 0x0000000715800000, 0x0000000715800000|100%| E|CS|TAMS 0x0000000715600000, 0x0000000715600000| Complete 
| 125|0x0000000715800000, 0x0000000715a00000, 0x0000000715a00000|100%| E|CS|TAMS 0x0000000715800000, 0x0000000715800000| Complete 

Card table byte_map: [0x000002682b3f0000,0x000002682bbd0000] _byte_map_base: 0x0000026827bc1000

Marking Bits (Prev, Next): (CMBitMap*) 0x00000268134923c0, (CMBitMap*) 0x0000026813492400
 Prev Bits: [0x000002682c3b0000, 0x0000026830238000)
 Next Bits: [0x0000026830240000, 0x00000268340c8000)

Polling page: 0x00000268113b0000

Metaspace:

Usage:
  Non-class:      5.21 MB used.
      Class:    661.51 KB used.
       Both:      5.86 MB used.

Virtual space:
  Non-class space:       64.00 MB reserved,       5.31 MB (  8%) committed,  1 nodes.
      Class space:        1.00 GB reserved,     704.00 KB ( <1%) committed,  1 nodes.
             Both:        1.06 GB reserved,       6.00 MB ( <1%) committed. 

Chunk freelists:
   Non-Class:  912.00 KB
       Class:  3.27 MB
        Both:  4.16 MB

MaxMetaspaceSize: unlimited
CompressedClassSpaceSize: 1.00 GB
Initial GC threshold: 21.00 MB
Current GC threshold: 21.00 MB
CDS: on
MetaspaceReclaimPolicy: balanced
 - commit_granule_bytes: 65536.
 - commit_granule_words: 8192.
 - virtual_space_node_default_size: 8388608.
 - enlarge_chunks_in_place: 1.
 - new_chunks_are_fully_committed: 0.
 - uncommit_free_chunks: 1.
 - use_allocation_guard: 0.


Internal statistics:

num_allocs_failed_limit: 0.
num_arena_births: 48.
num_arena_deaths: 0.
num_vsnodes_births: 2.
num_vsnodes_deaths: 0.
num_space_committed: 96.
num_space_uncommitted: 0.
num_chunks_returned_to_freelist: 0.
num_chunks_taken_from_freelist: 202.
num_chunk_merges: 0.
num_chunk_splits: 144.
num_chunks_enlarged: 121.
num_inconsistent_stats: 0.

CodeHeap 'non-profiled nmethods': size=119168Kb used=467Kb max_used=467Kb free=118700Kb
 bounds [0x0000026822f20000, 0x0000026823190000, 0x000002682a380000]
CodeHeap 'profiled nmethods': size=119104Kb used=2604Kb max_used=2604Kb free=116500Kb
 bounds [0x000002681b380000, 0x000002681b610000, 0x00000268227d0000]
CodeHeap 'non-nmethods': size=7488Kb used=2938Kb max_used=2999Kb free=4550Kb
 bounds [0x00000268227d0000, 0x0000026822ad0000, 0x0000026822f20000]
 total_blobs=1816 nmethods=1353 adapters=370
 compilation: enabled
              stopped_count=0, restarted_count=0
 full_count=0

Compilation events (20 events):
Event: 0.558 Thread 0x00000268370ae7d0 1320       3       jdk.internal.org.objectweb.asm.MethodWriter::visitTypeInsn (116 bytes)
Event: 0.558 Thread 0x000002683b4cea00 1321       3       jdk.internal.org.objectweb.asm.Edge::<init> (20 bytes)
Event: 0.558 Thread 0x00000268370899e0 1322       3       jdk.internal.org.objectweb.asm.Frame::merge (395 bytes)
Event: 0.558 Thread 0x000002683b4cea00 nmethod 1321 0x000002681b5f7f10 code [0x000002681b5f80c0, 0x000002681b5f82f8]
Event: 0.558 Thread 0x000002683b4cea00 1323       3       jdk.internal.org.objectweb.asm.Handler::getExceptionTableSize (10 bytes)
Event: 0.558 Thread 0x00000268370ae7d0 nmethod 1320 0x000002681b5f8390 code [0x000002681b5f8580, 0x000002681b5f89a8]
Event: 0.558 Thread 0x000002683b4cea00 nmethod 1323 0x000002681b5f8b90 code [0x000002681b5f8d40, 0x000002681b5f8f38]
Event: 0.558 Thread 0x00000268370ae7d0 1324       1       jdk.internal.org.objectweb.asm.MethodWriter::hasAsmInstructions (5 bytes)
Event: 0.558 Thread 0x00000268370ae7d0 nmethod 1324 0x0000026822f89310 code [0x0000026822f894a0, 0x0000026822f89578]
Event: 0.558 Thread 0x00000268370899e0 nmethod 1322 0x000002681b5f9090 code [0x000002681b5f9340, 0x000002681b5fa218]
Event: 0.558 Thread 0x000002683b52afc0 nmethod 1319 0x000002681b5fa890 code [0x000002681b5faba0, 0x000002681b5fbf98]
Event: 0.558 Thread 0x0000026837089070 1325       4       java.nio.DirectIntBufferU::ix (10 bytes)
Event: 0.559 Thread 0x0000026837089070 nmethod 1325 0x0000026822f89610 code [0x0000026822f89780, 0x0000026822f897f8]
Event: 0.559 Thread 0x000002683c04a4f0 1326       4       org.eclipse.sisu.space.asm.ClassReader::readUnsignedShort (26 bytes)
Event: 0.559 Thread 0x00000268370ae7d0 1327       3       org.eclipse.sisu.space.asm.ClassReader::readUTF8 (60 bytes)
Event: 0.559 Thread 0x00000268370ae7d0 nmethod 1327 0x000002681b5fc710 code [0x000002681b5fc900, 0x000002681b5fcde8]
Event: 0.559 Thread 0x000002683c04a4f0 nmethod 1326 0x0000026822f89910 code [0x0000026822f89aa0, 0x0000026822f89b78]
Event: 0.559 Thread 0x000002683b4cea00 1328       3       com.google.inject.internal.BindingImpl::<init> (30 bytes)
Event: 0.560 Thread 0x000002683b4cea00 nmethod 1328 0x000002681b5fd010 code [0x000002681b5fd1c0, 0x000002681b5fd4b8]
Event: 0.560 Thread 0x000002683c3236e0 1329 % !   4       java.util.concurrent.ConcurrentHashMap::transfer @ 96 (849 bytes)

GC Heap History (2 events):
Event: 0.454 GC heap before
{Heap before GC invocations=0 (full 0):
 garbage-first heap   total 258048K, used 22528K [0x0000000705e00000, 0x0000000800000000)
  region size 2048K, 11 young (22528K), 0 survivors (0K)
 Metaspace       used 5292K, committed 5440K, reserved 1114112K
  class space    used 576K, committed 640K, reserved 1048576K
}
Event: 0.457 GC heap after
{Heap after GC invocations=1 (full 0):
 garbage-first heap   total 258048K, used 3846K [0x0000000705e00000, 0x0000000800000000)
  region size 2048K, 2 young (4096K), 2 survivors (4096K)
 Metaspace       used 5292K, committed 5440K, reserved 1114112K
  class space    used 576K, committed 640K, reserved 1048576K
}

Dll operation events (12 events):
Event: 0.005 Loaded shared library C:\Program Files\Java\jdk-19\bin\java.dll
Event: 0.015 Loaded shared library C:\Program Files\Java\jdk-19\bin\jsvml.dll
Event: 0.044 Loaded shared library C:\Program Files\Java\jdk-19\bin\zip.dll
Event: 0.045 Loaded shared library C:\Program Files\Java\jdk-19\bin\instrument.dll
Event: 0.048 Loaded shared library C:\Program Files\Java\jdk-19\bin\net.dll
Event: 0.049 Loaded shared library C:\Program Files\Java\jdk-19\bin\nio.dll
Event: 0.050 Loaded shared library C:\Program Files\Java\jdk-19\bin\zip.dll
Event: 0.057 Loaded shared library C:\Program Files\JetBrains\IntelliJ IDEA 2022.1.2\bin\breakgen64.dll
Event: 0.061 Loaded shared library C:\Program Files\Java\jdk-19\bin\extnet.dll
Event: 0.102 Loaded shared library C:\Program Files\Java\jdk-19\bin\jimage.dll
Event: 0.213 Loaded shared library C:\Users\99293\AppData\Local\Temp\jansi-2.4.0-f72ca57d9c1fce46-jansi.dll
Event: 0.223 Loaded shared library C:\Program Files\Java\jdk-19\bin\verify.dll

Deoptimization events (20 events):
Event: 0.509 Thread 0x00000268134211f0 Uncommon trap: trap_request=0xffffffde fr.pc=0x0000026822f75dc8 relative=0x00000000000001a8
Event: 0.509 Thread 0x00000268134211f0 Uncommon trap: reason=class_check action=maybe_recompile pc=0x0000026822f75dc8 method=java.nio.Buffer.<init>(IIIILjava/lang/foreign/MemorySegment;)V @ 39 c2
Event: 0.509 Thread 0x00000268134211f0 DEOPT PACKING pc=0x0000026822f75dc8 sp=0x000000fae60fdf30
Event: 0.509 Thread 0x00000268134211f0 DEOPT UNPACKING pc=0x0000026822836da3 sp=0x000000fae60fdf08 mode 2
Event: 0.513 Thread 0x00000268134211f0 Uncommon trap: trap_request=0xffffffde fr.pc=0x0000026822f75dc8 relative=0x00000000000001a8
Event: 0.513 Thread 0x00000268134211f0 Uncommon trap: reason=class_check action=maybe_recompile pc=0x0000026822f75dc8 method=java.nio.Buffer.<init>(IIIILjava/lang/foreign/MemorySegment;)V @ 39 c2
Event: 0.513 Thread 0x00000268134211f0 DEOPT PACKING pc=0x0000026822f75dc8 sp=0x000000fae60fde50
Event: 0.513 Thread 0x00000268134211f0 DEOPT UNPACKING pc=0x0000026822836da3 sp=0x000000fae60fde28 mode 2
Event: 0.516 Thread 0x00000268134211f0 Uncommon trap: trap_request=0xffffffc6 fr.pc=0x0000026822f63834 relative=0x00000000000002f4
Event: 0.516 Thread 0x00000268134211f0 Uncommon trap: reason=bimorphic_or_optimized_type_check action=maybe_recompile pc=0x0000026822f63834 method=java.util.concurrent.ConcurrentHashMap.get(Ljava/lang/Object;)Ljava/lang/Object; @ 149 c2
Event: 0.516 Thread 0x00000268134211f0 DEOPT PACKING pc=0x0000026822f63834 sp=0x000000fae60fd830
Event: 0.516 Thread 0x00000268134211f0 DEOPT UNPACKING pc=0x0000026822836da3 sp=0x000000fae60fd7a0 mode 2
Event: 0.538 Thread 0x00000268134211f0 Uncommon trap: trap_request=0xffffff45 fr.pc=0x0000026822f789a0 relative=0x00000000000002e0
Event: 0.538 Thread 0x00000268134211f0 Uncommon trap: reason=unstable_if action=reinterpret pc=0x0000026822f789a0 method=java.nio.charset.CharsetDecoder.decode(Ljava/nio/ByteBuffer;Ljava/nio/CharBuffer;Z)Ljava/nio/charset/CoderResult; @ 1 c2
Event: 0.538 Thread 0x00000268134211f0 DEOPT PACKING pc=0x0000026822f789a0 sp=0x000000fae60fe0f0
Event: 0.538 Thread 0x00000268134211f0 DEOPT UNPACKING pc=0x0000026822836da3 sp=0x000000fae60fe0a8 mode 2
Event: 0.551 Thread 0x00000268134211f0 Uncommon trap: trap_request=0xffffffc6 fr.pc=0x0000026822f63834 relative=0x00000000000002f4
Event: 0.551 Thread 0x00000268134211f0 Uncommon trap: reason=bimorphic_or_optimized_type_check action=maybe_recompile pc=0x0000026822f63834 method=java.util.concurrent.ConcurrentHashMap.get(Ljava/lang/Object;)Ljava/lang/Object; @ 149 c2
Event: 0.551 Thread 0x00000268134211f0 DEOPT PACKING pc=0x0000026822f63834 sp=0x000000fae60fd420
Event: 0.551 Thread 0x00000268134211f0 DEOPT UNPACKING pc=0x0000026822836da3 sp=0x000000fae60fd390 mode 2

Classes loaded (20 events):
Event: 0.419 Loading class java/lang/reflect/WildcardType
Event: 0.419 Loading class java/lang/reflect/WildcardType done
Event: 0.420 Loading class sun/reflect/generics/tree/TypeVariableSignature
Event: 0.420 Loading class sun/reflect/generics/tree/TypeVariableSignature done
Event: 0.425 Loading class java/lang/annotation/IncompleteAnnotationException
Event: 0.425 Loading class java/lang/annotation/IncompleteAnnotationException done
Event: 0.443 Loading class java/lang/foreign/MemorySegment
Event: 0.443 Loading class java/lang/foreign/Addressable
Event: 0.443 Loading class java/lang/foreign/Addressable done
Event: 0.443 Loading class java/lang/foreign/MemorySegment done
Event: 0.457 Loading class java/util/concurrent/locks/AbstractQueuedSynchronizer$ExclusiveNode
Event: 0.457 Loading class java/util/concurrent/locks/AbstractQueuedSynchronizer$ExclusiveNode done
Event: 0.510 Loading class sun/reflect/generics/reflectiveObjects/TypeVariableImpl
Event: 0.510 Loading class sun/reflect/generics/reflectiveObjects/LazyReflectiveObjectGenerator
Event: 0.510 Loading class sun/reflect/generics/reflectiveObjects/LazyReflectiveObjectGenerator done
Event: 0.510 Loading class sun/reflect/generics/reflectiveObjects/TypeVariableImpl done
Event: 0.510 Loading class sun/reflect/generics/reflectiveObjects/ParameterizedTypeImpl
Event: 0.511 Loading class sun/reflect/generics/reflectiveObjects/ParameterizedTypeImpl done
Event: 0.511 Loading class sun/reflect/misc/ReflectUtil
Event: 0.511 Loading class sun/reflect/misc/ReflectUtil done

Classes unloaded (0 events):
No events

Classes redefined (0 events):
No events

Internal exceptions (14 events):
Event: 0.053 Thread 0x00000268134211f0 Exception <a 'java/lang/NoSuchMethodError'{0x00000007156ca8d0}: 'void java.lang.invoke.DirectMethodHandle$Holder.invokeStatic(java.lang.Object, java.lang.Object, java.lang.Object)'> (0x00000007156ca8d0) 
thrown [s\open\src\hotspot\share\interpreter\linkResolver.cpp, line 774]
Event: 0.056 Thread 0x00000268134211f0 Exception <a 'java/lang/NoSuchMethodError'{0x0000000715753b60}: 'java.lang.Object java.lang.invoke.Invokers$Holder.invokeExact_MT(java.lang.Object, java.lang.Object, java.lang.Object, java.lang.Object, java.lang.Object)'> (0x0000000715753b60) 
thrown [s\open\src\hotspot\share\interpreter\linkResolver.cpp, line 774]
Event: 0.062 Thread 0x000002683b5e7eb0 Exception <a 'java/lang/NoSuchMethodError'{0x00000007157ca9a8}: 'void java.lang.invoke.DirectMethodHandle$Holder.invokeStatic(java.lang.Object, java.lang.Object)'> (0x00000007157ca9a8) 
thrown [s\open\src\hotspot\share\interpreter\linkResolver.cpp, line 774]
Event: 0.100 Thread 0x00000268134211f0 Exception <a 'java/lang/NullPointerException'{0x0000000715252988}> (0x0000000715252988) 
thrown [s\open\src\hotspot\share\interpreter\linkResolver.cpp, line 1374]
Event: 0.215 Thread 0x00000268134211f0 Exception <a 'java/lang/NullPointerException'{0x00000007150436d0}> (0x00000007150436d0) 
thrown [s\open\src\hotspot\share\interpreter\linkResolver.cpp, line 1374]
Event: 0.215 Thread 0x00000268134211f0 Exception <a 'java/lang/NullPointerException'{0x00000007150439b0}> (0x00000007150439b0) 
thrown [s\open\src\hotspot\share\interpreter\linkResolver.cpp, line 1374]
Event: 0.215 Thread 0x00000268134211f0 Exception <a 'java/lang/NullPointerException'{0x0000000715043c90}> (0x0000000715043c90) 
thrown [s\open\src\hotspot\share\interpreter\linkResolver.cpp, line 1374]
Event: 0.217 Thread 0x00000268134211f0 Exception <a 'java/lang/NullPointerException'{0x0000000715048f70}> (0x0000000715048f70) 
thrown [s\open\src\hotspot\share\interpreter\linkResolver.cpp, line 1374]
Event: 0.218 Thread 0x00000268134211f0 Exception <a 'java/lang/NullPointerException'{0x000000071505c4d8}> (0x000000071505c4d8) 
thrown [s\open\src\hotspot\share\interpreter\linkResolver.cpp, line 1374]
Event: 0.218 Thread 0x00000268134211f0 Exception <a 'java/lang/NullPointerException'{0x000000071505c7b8}> (0x000000071505c7b8) 
thrown [s\open\src\hotspot\share\interpreter\linkResolver.cpp, line 1374]
Event: 0.218 Thread 0x00000268134211f0 Exception <a 'java/lang/NullPointerException'{0x000000071505ca98}> (0x000000071505ca98) 
thrown [s\open\src\hotspot\share\interpreter\linkResolver.cpp, line 1374]
Event: 0.218 Thread 0x00000268134211f0 Exception <a 'java/lang/NullPointerException'{0x000000071505cd78}> (0x000000071505cd78) 
thrown [s\open\src\hotspot\share\interpreter\linkResolver.cpp, line 1374]
Event: 0.406 Thread 0x00000268134211f0 Exception <a 'java/lang/NoSuchMethodError'{0x000000071461ffe8}: 'java.lang.Object java.lang.invoke.DirectMethodHandle$Holder.newInvokeSpecial(java.lang.Object, java.lang.Object, java.lang.Object, java.lang.Object, java.lang.Object)'> (0x000000071461ffe8) 
thrown [s\open\src\hotspot\share\interpreter\linkResolver.cpp, line 774]
Event: 0.425 Thread 0x00000268134211f0 Exception <a 'java/lang/NoClassDefFoundError'{0x000000071477b420}: javax/enterprise/inject/Typed> (0x000000071477b420) 
thrown [s\open\src\hotspot\share\classfile\systemDictionary.cpp, line 244]

VM Operations (12 events):
Event: 0.059 Executing VM operation: HandshakeAllThreads
Event: 0.059 Executing VM operation: HandshakeAllThreads done
Event: 0.100 Executing VM operation: HandshakeAllThreads
Event: 0.100 Executing VM operation: HandshakeAllThreads done
Event: 0.107 Executing VM operation: HandshakeAllThreads
Event: 0.107 Executing VM operation: HandshakeAllThreads done
Event: 0.426 Executing VM operation: ICBufferFull
Event: 0.426 Executing VM operation: ICBufferFull done
Event: 0.454 Executing VM operation: G1CollectForAllocation
Event: 0.457 Executing VM operation: G1CollectForAllocation done
Event: 0.457 Executing VM operation: HandshakeAllThreads
Event: 0.457 Executing VM operation: HandshakeAllThreads done

Events (20 events):
Event: 0.023 Thread 0x0000026837083560 Thread added: 0x0000026837083560
Event: 0.023 Thread 0x00000268370850a0 Thread added: 0x00000268370850a0
Event: 0.023 Thread 0x0000026837087ae0 Thread added: 0x0000026837087ae0
Event: 0.023 Thread 0x0000026837088410 Thread added: 0x0000026837088410
Event: 0.024 Thread 0x0000026837089070 Thread added: 0x0000026837089070
Event: 0.024 Thread 0x00000268370899e0 Thread added: 0x00000268370899e0
Event: 0.024 Thread 0x000002683708e370 Thread added: 0x000002683708e370
Event: 0.027 Thread 0x00000268370ae7d0 Thread added: 0x00000268370ae7d0
Event: 0.034 Thread 0x0000026837055890 Thread added: 0x0000026837055890
Event: 0.039 Thread 0x000002683b4cea00 Thread added: 0x000002683b4cea00
Event: 0.039 Thread 0x000002683b52afc0 Thread added: 0x000002683b52afc0
Event: 0.042 Thread 0x000002683b556dc0 Thread added: 0x000002683b556dc0
Event: 0.057 Thread 0x000002683b5e7eb0 Thread added: 0x000002683b5e7eb0
Event: 0.057 Thread 0x000002683b5ecaa0 Thread added: 0x000002683b5ecaa0
Event: 0.433 Thread 0x000002683bbfaa70 Thread added: 0x000002683bbfaa70
Event: 0.445 Thread 0x000002683c3236e0 Thread added: 0x000002683c3236e0
Event: 0.445 Thread 0x000002683c04a4f0 Thread added: 0x000002683c04a4f0
Event: 0.447 Thread 0x000002683c04aa70 Thread added: 0x000002683c04aa70
Event: 0.447 Thread 0x000002683c04aff0 Thread added: 0x000002683c04aff0
Event: 0.447 Thread 0x000002683c04b570 Thread added: 0x000002683c04b570


Dynamic libraries:
0x00007ff685b50000 - 0x00007ff685b60000 	C:\Program Files\Java\jdk-19\bin\java.exe
0x00007ff9c5ad0000 - 0x00007ff9c5ce7000 	C:\WINDOWS\SYSTEM32\ntdll.dll
0x00007ff9c3ba0000 - 0x00007ff9c3c64000 	C:\WINDOWS\System32\KERNEL32.DLL
0x00007ff9c2f90000 - 0x00007ff9c3347000 	C:\WINDOWS\System32\KERNELBASE.dll
0x00007ff9a3340000 - 0x00007ff9a3358000 	C:\Program Files\Java\jdk-19\bin\jli.dll
0x00007ff9c36b0000 - 0x00007ff9c37c1000 	C:\WINDOWS\System32\ucrtbase.dll
0x00007ff9a75c0000 - 0x00007ff9a75db000 	C:\Program Files\Java\jdk-19\bin\VCRUNTIME140.dll
0x00007ff9c5770000 - 0x00007ff9c5822000 	C:\WINDOWS\System32\ADVAPI32.dll
0x00007ff9c4940000 - 0x00007ff9c49e7000 	C:\WINDOWS\System32\msvcrt.dll
0x00007ff9c37d0000 - 0x00007ff9c3878000 	C:\WINDOWS\System32\sechost.dll
0x00007ff9c3350000 - 0x00007ff9c3378000 	C:\WINDOWS\System32\bcrypt.dll
0x00007ff9c3cd0000 - 0x00007ff9c3de4000 	C:\WINDOWS\System32\RPCRT4.dll
0x00007ff9c3e20000 - 0x00007ff9c3fcf000 	C:\WINDOWS\System32\USER32.dll
0x00007ff9ac010000 - 0x00007ff9ac2a3000 	C:\WINDOWS\WinSxS\amd64_microsoft.windows.common-controls_6595b64144ccf1df_6.0.22621.3672_none_2713b9d173822955\COMCTL32.dll
0x00007ff9c2f60000 - 0x00007ff9c2f86000 	C:\WINDOWS\System32\win32u.dll
0x00007ff9c4710000 - 0x00007ff9c4739000 	C:\WINDOWS\System32\GDI32.dll
0x00007ff9c3420000 - 0x00007ff9c3538000 	C:\WINDOWS\System32\gdi32full.dll
0x00007ff9c3380000 - 0x00007ff9c341a000 	C:\WINDOWS\System32\msvcp_win.dll
0x00007ff9ba7b0000 - 0x00007ff9ba7ba000 	C:\WINDOWS\SYSTEM32\VERSION.dll
0x00007ff9c4450000 - 0x00007ff9c4481000 	C:\WINDOWS\System32\IMM32.DLL
0x00007ff9ab9d0000 - 0x00007ff9ab9dc000 	C:\Program Files\Java\jdk-19\bin\vcruntime140_1.dll
0x00007ff97e9b0000 - 0x00007ff97ea3e000 	C:\Program Files\Java\jdk-19\bin\msvcp140.dll
0x00007ff928ab0000 - 0x00007ff929770000 	C:\Program Files\Java\jdk-19\bin\server\jvm.dll
0x00007ff9bddb0000 - 0x00007ff9bddb9000 	C:\WINDOWS\SYSTEM32\WSOCK32.dll
0x00007ff9bb270000 - 0x00007ff9bb2a4000 	C:\WINDOWS\SYSTEM32\WINMM.dll
0x00007ff9c59e0000 - 0x00007ff9c5a51000 	C:\WINDOWS\System32\WS2_32.dll
0x00007ff9c1ef0000 - 0x00007ff9c1f08000 	C:\WINDOWS\SYSTEM32\kernel.appcore.dll
0x00007ff9ab8b0000 - 0x00007ff9ab8ba000 	C:\Program Files\Java\jdk-19\bin\jimage.dll
0x00007ff9c0340000 - 0x00007ff9c0572000 	C:\WINDOWS\SYSTEM32\DBGHELP.DLL
0x00007ff9c4a50000 - 0x00007ff9c4dde000 	C:\WINDOWS\System32\combase.dll
0x00007ff9c4740000 - 0x00007ff9c4817000 	C:\WINDOWS\System32\OLEAUT32.dll
0x00007ff9b83d0000 - 0x00007ff9b8402000 	C:\WINDOWS\SYSTEM32\dbgcore.DLL
0x00007ff9c2e70000 - 0x00007ff9c2eeb000 	C:\WINDOWS\System32\bcryptPrimitives.dll
0x00007ff9bb4c0000 - 0x00007ff9bb4ce000 	C:\Program Files\Java\jdk-19\bin\instrument.dll
0x00007ff9a7770000 - 0x00007ff9a7796000 	C:\Program Files\Java\jdk-19\bin\java.dll
0x00007ff97ec40000 - 0x00007ff97ed17000 	C:\Program Files\Java\jdk-19\bin\jsvml.dll
0x00007ff9c4df0000 - 0x00007ff9c5659000 	C:\WINDOWS\System32\SHELL32.dll
0x00007ff9c0cf0000 - 0x00007ff9c15ef000 	C:\WINDOWS\SYSTEM32\windows.storage.dll
0x00007ff9c0bb0000 - 0x00007ff9c0cef000 	C:\WINDOWS\SYSTEM32\wintypes.dll
0x00007ff9c3880000 - 0x00007ff9c3979000 	C:\WINDOWS\System32\SHCORE.dll
0x00007ff9c48d0000 - 0x00007ff9c492e000 	C:\WINDOWS\System32\shlwapi.dll
0x00007ff9c2ce0000 - 0x00007ff9c2d07000 	C:\WINDOWS\SYSTEM32\profapi.dll
0x00007ff9a2750000 - 0x00007ff9a2768000 	C:\Program Files\Java\jdk-19\bin\zip.dll
0x00007ff9ab8c0000 - 0x00007ff9ab8d3000 	C:\Program Files\Java\jdk-19\bin\net.dll
0x00007ff9be820000 - 0x00007ff9be956000 	C:\WINDOWS\SYSTEM32\WINHTTP.dll
0x00007ff9c2360000 - 0x00007ff9c23c9000 	C:\WINDOWS\system32\mswsock.dll
0x00007ff9a27a0000 - 0x00007ff9a27b6000 	C:\Program Files\Java\jdk-19\bin\nio.dll
0x00007ff9ad360000 - 0x00007ff9ad37a000 	C:\Program Files\JetBrains\IntelliJ IDEA 2022.1.2\bin\breakgen64.dll
0x00007ff9aa6c0000 - 0x00007ff9aa6c8000 	C:\Program Files\Java\jdk-19\bin\extnet.dll
0x0000000069ac0000 - 0x0000000069ae4000 	C:\Users\99293\AppData\Local\Temp\jansi-2.4.0-f72ca57d9c1fce46-jansi.dll
0x00007ff9a3330000 - 0x00007ff9a3340000 	C:\Program Files\Java\jdk-19\bin\verify.dll

dbghelp: loaded successfully - version: 4.0.5 - missing functions: none
symbol engine: initialized successfully - sym options: 0x614 - pdb path: .;C:\Program Files\Java\jdk-19\bin;C:\WINDOWS\SYSTEM32;C:\WINDOWS\WinSxS\amd64_microsoft.windows.common-controls_6595b64144ccf1df_6.0.22621.3672_none_2713b9d173822955;C:\Program Files\Java\jdk-19\bin\server;C:\Program Files\JetBrains\IntelliJ IDEA 2022.1.2\bin;C:\Users\99293\AppData\Local\Temp

VM Arguments:
jvm_args: -Dmaven.multiModuleProjectDirectory=D:\unitedStates duplicates original -Dmaven.home=C:\Users\99293\.m2\wrapper\dists\apache-maven-3.8.6-bin\1ks0nkde5v1pk9vtc31i9d0lcd\apache-maven-3.8.6 -Dclassworlds.conf=C:\Users\99293\.m2\wrapper\dists\apache-maven-3.8.6-bin\1ks0nkde5v1pk9vtc31i9d0lcd\apache-maven-3.8.6\bin\m2.conf -Dmaven.ext.class.path=C:\Program Files\JetBrains\IntelliJ IDEA 2022.1.2\plugins\maven\lib\maven-event-listener.jar -javaagent:C:\Program Files\JetBrains\IntelliJ IDEA 2022.1.2\lib\idea_rt.jar=62204:C:\Program Files\JetBrains\IntelliJ IDEA 2022.1.2\bin -Dfile.encoding=UTF-8 
java_command: org.codehaus.classworlds.Launcher -Didea.version=2022.1.2 package
java_class_path (initial): C:\Users\99293\.m2\wrapper\dists\apache-maven-3.8.6-bin\1ks0nkde5v1pk9vtc31i9d0lcd\apache-maven-3.8.6\boot\plexus-classworlds-2.6.0.jar;C:\Users\99293\.m2\wrapper\dists\apache-maven-3.8.6-bin\1ks0nkde5v1pk9vtc31i9d0lcd\apache-maven-3.8.6\boot\plexus-classworlds.license
Launcher Type: SUN_STANDARD

[Global flags]
     intx CICompilerCount                          = 12                                        {product} {ergonomic}
     uint ConcGCThreads                            = 3                                         {product} {ergonomic}
     uint G1ConcRefinementThreads                  = 13                                        {product} {ergonomic}
   size_t G1HeapRegionSize                         = 2097152                                   {product} {ergonomic}
    uintx GCDrainStackTargetSize                   = 64                                        {product} {ergonomic}
   size_t InitialHeapSize                          = 264241152                                 {product} {ergonomic}
   size_t MarkStackSize                            = 4194304                                   {product} {ergonomic}
   size_t MaxHeapSize                              = 4196401152                                {product} {ergonomic}
   size_t MaxNewSize                               = 2516582400                                {product} {ergonomic}
   size_t MinHeapDeltaBytes                        = 2097152                                   {product} {ergonomic}
   size_t MinHeapSize                              = 8388608                                   {product} {ergonomic}
    uintx NonNMethodCodeHeapSize                   = 7602480                                {pd product} {ergonomic}
    uintx NonProfiledCodeHeapSize                  = 122027880                              {pd product} {ergonomic}
    uintx ProfiledCodeHeapSize                     = 122027880                              {pd product} {ergonomic}
    uintx ReservedCodeCacheSize                    = 251658240                              {pd product} {ergonomic}
     bool SegmentedCodeCache                       = true                                      {product} {ergonomic}
   size_t SoftMaxHeapSize                          = 4196401152                             {manageable} {ergonomic}
     bool UseCompressedClassPointers               = true                           {product lp64_product} {ergonomic}
     bool UseCompressedOops                        = true                           {product lp64_product} {ergonomic}
     bool UseG1GC                                  = true                                      {product} {ergonomic}
     bool UseLargePagesIndividualAllocation        = false                                  {pd product} {ergonomic}

Logging:
Log output configuration:
 #0: stdout all=warning uptime,level,tags foldmultilines=false
 #1: stderr all=off uptime,level,tags foldmultilines=false

Environment Variables:
JAVA_HOME=C:\Program Files\Java\jdk-19
PATH=C:\Program Files\Common Files\Oracle\Java\javapath;C:\Windows\system32;C:\Windows;C:\Windows\System32\Wbem;C:\Windows\System32\WindowsPowerShell\v1.0\;C:\Windows\System32\OpenSSH\;C:\Program Files (x86)\NVIDIA Corporation\PhysX\Common;C:\Program Files\NVIDIA Corporation\NVIDIA NvDLISR;C:\Program Files (x86)\dotnet\;C:\WINDOWS\system32;C:\WINDOWS;C:\WINDOWS\System32\Wbem;C:\WINDOWS\System32\WindowsPowerShell\v1.0\;C:\WINDOWS\System32\OpenSSH\;C:\Program Files\Java\jdk-19\bin;C:\Program Files\Git\cmd;C:\Users\99293\AppData\Local\Programs\Python\Python311\Scripts\;C:\Users\99293\AppData\Local\Programs\Python\Python311\;C:\Users\99293\AppData\Local\Microsoft\WindowsApps;;C:\Program Files\JetBrains\IntelliJ IDEA 2022.1.2\bin;;C:\Program Files\heroku\bin
USERNAME=ASUS
OS=Windows_NT
PROCESSOR_IDENTIFIER=Intel64 Family 6 Model 154 Stepping 3, GenuineIntel
TMP=C:\Users\99293\AppData\Local\Temp
TEMP=C:\Users\99293\AppData\Local\Temp



---------------  S Y S T E M  ---------------

OS:
 Windows 11 , 64 bit Build 22621 (10.0.22621.3958)
OS uptime: 0 days 7:13 hours
Hyper-V role detected

CPU: total 16 (initial active 16) (8 cores per cpu, 2 threads per core) family 6 model 154 stepping 3 microcode 0x429, cx8, cmov, fxsr, ht, mmx, 3dnowpref, sse, sse2, sse3, ssse3, sse4.1, sse4.2, popcnt, lzcnt, tsc, tscinvbit, avx, avx2, aes, erms, clmul, bmi1, bmi2, adx, sha, fma, vzeroupper, clflush, clflushopt, clwb, hv, serialize, rdtscp, rdpid, fsrm

Memory: 4k page, system-wide physical 16004M (2770M free)
TotalPageFile size 18052M (AvailPageFile size 13M)
current process WorkingSet (physical memory assigned to process): 106M, peak: 113M
current process commit charge ("private bytes"): 394M, peak: 403M

vm_info: Java HotSpot(TM) 64-Bit Server VM (19.0.2+7-44) for windows-amd64 JRE (19.0.2+7-44), built on 2022-11-30T18:02:09Z by "mach5one" with MS VC++ 17.1 (VS2022)

END.
