#
# There is insufficient memory for the Java Runtime Environment to continue.
# Native memory allocation (malloc) failed to allocate 1563952 bytes for Chunk::new
# Possible reasons:
#   The system is out of physical RAM or swap space
#   The process is running with CompressedOops enabled, and the Java Heap may be blocking the growth of the native heap
# Possible solutions:
#   Reduce memory load on the system
#   Increase physical memory or swap space
#   Check if swap backing store is full
#   Decrease Java heap size (-Xmx/-Xms)
#   Decrease number of Java threads
#   Decrease Java thread stack sizes (-Xss)
#   Set larger code cache with -XX:ReservedCodeCacheSize=
#   JVM is running with Zero Based Compressed Oops mode in which the Java heap is
#     placed in the first 32GB address space. The Java Heap base address is the
#     maximum limit for the native heap growth. Please use -XX:HeapBaseMinAddress
#     to set the Java Heap base and to place the Java Heap above 32GB virtual address.
# This output file may be truncated or incomplete.
#
#  Out of Memory Error (arena.cpp:184), pid=13548, tid=2000
#
# JRE version: Java(TM) SE Runtime Environment (19.0.2+7) (build 19.0.2+7-44)
# Java VM: Java HotSpot(TM) 64-Bit Server VM (19.0.2+7-44, mixed mode, sharing, tiered, compressed oops, compressed class ptrs, g1 gc, windows-amd64)
# No core dump will be written. Minidumps are not enabled by default on client versions of Windows
#

---------------  S U M M A R Y ------------

Command Line: -Dmaven.multiModuleProjectDirectory=D:\unitedStates duplicates original -Dmaven.home=C:\Users\99293\.m2\wrapper\dists\apache-maven-3.8.6-bin\1ks0nkde5v1pk9vtc31i9d0lcd\apache-maven-3.8.6 -Dclassworlds.conf=C:\Users\99293\.m2\wrapper\dists\apache-maven-3.8.6-bin\1ks0nkde5v1pk9vtc31i9d0lcd\apache-maven-3.8.6\bin\m2.conf -Dmaven.ext.class.path=C:\Program Files\JetBrains\IntelliJ IDEA 2022.1.2\plugins\maven\lib\maven-event-listener.jar -javaagent:C:\Program Files\JetBrains\IntelliJ IDEA 2022.1.2\lib\idea_rt.jar=56042:C:\Program Files\JetBrains\IntelliJ IDEA 2022.1.2\bin -Dfile.encoding=UTF-8 org.codehaus.classworlds.Launcher -Didea.version=2022.1.2 package

Host: 12th Gen Intel(R) Core(TM) i7-12650H, 16 cores, 15G,  Windows 11 , 64 bit Build 22621 (10.0.22621.2070)
Time: Tue Aug 29 22:02:16 2023  Windows 11 , 64 bit Build 22621 (10.0.22621.2070) elapsed time: 6.058096 seconds (0d 0h 0m 6s)

---------------  T H R E A D  ---------------

Current thread (0x000001c2d7b77280):  JavaThread "C2 CompilerThread7" daemon [_thread_in_native, id=2000, stack(0x0000004f0c400000,0x0000004f0c500000)]


Current CompileTask:
C2:   6058 11085       4       lombok.javac.JavacAST::buildTree (176 bytes)

Stack: [0x0000004f0c400000,0x0000004f0c500000]
Native frames: (J=compiled Java code, j=interpreted, Vv=VM code, C=native code)
V  [jvm.dll+0x6ee21a]
V  [jvm.dll+0x85765e]
V  [jvm.dll+0x85904e]
V  [jvm.dll+0x859703]
V  [jvm.dll+0x28298f]
V  [jvm.dll+0xc9adf]
V  [jvm.dll+0xc9e65]
V  [jvm.dll+0x3bca4c]
V  [jvm.dll+0x1ee0aa]
V  [jvm.dll+0x24c52b]
V  [jvm.dll+0x24b781]
V  [jvm.dll+0x1d6ce1]
V  [jvm.dll+0x25b25a]
V  [jvm.dll+0x2596e8]
V  [jvm.dll+0x807588]
V  [jvm.dll+0x80125a]
V  [jvm.dll+0x6ecf0b]
C  [ucrtbase.dll+0x29363]
C  [KERNEL32.DLL+0x126ad]
C  [ntdll.dll+0x5aa68]


---------------  P R O C E S S  ---------------

Threads class SMR info:
_java_thread_list=0x000001c2da6285a0, length=23, elements={
0x000001c2af8698a0, 0x000001c2d2d18150, 0x000001c2d2d18c80, 0x000001c2d2d1db30,
0x000001c2d2d22580, 0x000001c2d2d22eb0, 0x000001c2d2d237e0, 0x000001c2d78083c0,
0x000001c2d7808d30, 0x000001c2d7813e90, 0x000001c2d78ccc10, 0x000001c2d2ceee60,
0x000001c2d7934420, 0x000001c2d79b15a0, 0x000001c2d79c6c30, 0x000001c2d7b78330,
0x000001c2d7b79970, 0x000001c2d7b788c0, 0x000001c2d7b77810, 0x000001c2d7b7aa20,
0x000001c2d7b78e50, 0x000001c2d7b793e0, 0x000001c2d7b77280
}

Java Threads: ( => current thread )
  0x000001c2af8698a0 JavaThread "main" [_thread_in_vm, id=10388, stack(0x0000004f09900000,0x0000004f09a00000)]
  0x000001c2d2d18150 JavaThread "Reference Handler" daemon [_thread_blocked, id=13040, stack(0x0000004f0a000000,0x0000004f0a100000)]
  0x000001c2d2d18c80 JavaThread "Finalizer" daemon [_thread_blocked, id=16264, stack(0x0000004f0a100000,0x0000004f0a200000)]
  0x000001c2d2d1db30 JavaThread "Signal Dispatcher" daemon [_thread_blocked, id=10348, stack(0x0000004f0a200000,0x0000004f0a300000)]
  0x000001c2d2d22580 JavaThread "Attach Listener" daemon [_thread_blocked, id=11260, stack(0x0000004f0a300000,0x0000004f0a400000)]
  0x000001c2d2d22eb0 JavaThread "Service Thread" daemon [_thread_blocked, id=4524, stack(0x0000004f0a400000,0x0000004f0a500000)]
  0x000001c2d2d237e0 JavaThread "Monitor Deflation Thread" daemon [_thread_blocked, id=1740, stack(0x0000004f0a500000,0x0000004f0a600000)]
  0x000001c2d78083c0 JavaThread "C2 CompilerThread0" daemon [_thread_in_native, id=14732, stack(0x0000004f0a600000,0x0000004f0a700000)]
  0x000001c2d7808d30 JavaThread "C1 CompilerThread0" daemon [_thread_blocked, id=8872, stack(0x0000004f0a700000,0x0000004f0a800000)]
  0x000001c2d7813e90 JavaThread "Sweeper thread" daemon [_thread_blocked, id=23996, stack(0x0000004f0a800000,0x0000004f0a900000)]
  0x000001c2d78ccc10 JavaThread "C1 CompilerThread1" daemon [_thread_blocked, id=2280, stack(0x0000004f0a900000,0x0000004f0aa00000)]
  0x000001c2d2ceee60 JavaThread "Common-Cleaner" daemon [_thread_blocked, id=23636, stack(0x0000004f0aa00000,0x0000004f0ab00000)]
  0x000001c2d7934420 JavaThread "C1 CompilerThread2" daemon [_thread_blocked, id=23280, stack(0x0000004f0ab00000,0x0000004f0ac00000)]
  0x000001c2d79b15a0 JavaThread "Monitor Ctrl-Break" daemon [_thread_in_native, id=5816, stack(0x0000004f0ac00000,0x0000004f0ad00000)]
  0x000001c2d79c6c30 JavaThread "Notification Thread" daemon [_thread_blocked, id=1944, stack(0x0000004f0ad00000,0x0000004f0ae00000)]
  0x000001c2d7b78330 JavaThread "C2 CompilerThread1" daemon [_thread_in_native, id=4816, stack(0x0000004f0af00000,0x0000004f0b000000)]
  0x000001c2d7b79970 JavaThread "C1 CompilerThread3" daemon [_thread_blocked, id=2944, stack(0x0000004f0b000000,0x0000004f0b100000)]
  0x000001c2d7b788c0 JavaThread "C2 CompilerThread2" daemon [_thread_in_native, id=6028, stack(0x0000004f0b100000,0x0000004f0b200000)]
  0x000001c2d7b77810 JavaThread "C2 CompilerThread3" daemon [_thread_in_native, id=16848, stack(0x0000004f0b200000,0x0000004f0b300000)]
  0x000001c2d7b7aa20 JavaThread "C2 CompilerThread4" daemon [_thread_in_native, id=23472, stack(0x0000004f0b300000,0x0000004f0b400000)]
  0x000001c2d7b78e50 JavaThread "C2 CompilerThread5" daemon [_thread_in_native, id=12652, stack(0x0000004f0b400000,0x0000004f0b500000)]
  0x000001c2d7b793e0 JavaThread "C2 CompilerThread6" daemon [_thread_in_native, id=21824, stack(0x0000004f0b500000,0x0000004f0b600000)]
=>0x000001c2d7b77280 JavaThread "C2 CompilerThread7" daemon [_thread_in_native, id=2000, stack(0x0000004f0c400000,0x0000004f0c500000)]

Other Threads:
  0x000001c2d2d00fb0 VMThread "VM Thread" [stack: 0x0000004f09f00000,0x0000004f0a000000] [id=7620]
  0x000001c2d79c9d90 WatcherThread "VM Periodic Task Thread" [stack: 0x0000004f0ae00000,0x0000004f0af00000] [id=3228]
  0x000001c2af8da460 WorkerThread "GC Thread#0" [stack: 0x0000004f09a00000,0x0000004f09b00000] [id=15728]
  0x000001c2d7d68610 WorkerThread "GC Thread#1" [stack: 0x0000004f0b700000,0x0000004f0b800000] [id=5892]
  0x000001c2d7d688e0 WorkerThread "GC Thread#2" [stack: 0x0000004f0b800000,0x0000004f0b900000] [id=2812]
  0x000001c2d7d699c0 WorkerThread "GC Thread#3" [stack: 0x0000004f0b900000,0x0000004f0ba00000] [id=12164]
  0x000001c2d7d68070 WorkerThread "GC Thread#4" [stack: 0x0000004f0ba00000,0x0000004f0bb00000] [id=10072]
  0x000001c2d7d68340 WorkerThread "GC Thread#5" [stack: 0x0000004f0bb00000,0x0000004f0bc00000] [id=12848]
  0x000001c2d7d68bb0 WorkerThread "GC Thread#6" [stack: 0x0000004f0bc00000,0x0000004f0bd00000] [id=5084]
  0x000001c2d7d69150 WorkerThread "GC Thread#7" [stack: 0x0000004f0bd00000,0x0000004f0be00000] [id=20872]
  0x000001c2d8d46a90 WorkerThread "GC Thread#8" [stack: 0x0000004f0be00000,0x0000004f0bf00000] [id=12104]
  0x000001c2d8d45140 WorkerThread "GC Thread#9" [stack: 0x0000004f0bf00000,0x0000004f0c000000] [id=8052]
  0x000001c2d8d44060 WorkerThread "GC Thread#10" [stack: 0x0000004f0c000000,0x0000004f0c100000] [id=24064]
  0x000001c2d8d44600 WorkerThread "GC Thread#11" [stack: 0x0000004f0b600000,0x0000004f0b700000] [id=7972]
  0x000001c2d8d45410 WorkerThread "GC Thread#12" [stack: 0x0000004f0c100000,0x0000004f0c200000] [id=12620]
  0x000001c2af8eb0d0 ConcurrentGCThread "G1 Main Marker" [stack: 0x0000004f09b00000,0x0000004f09c00000] [id=8800]
  0x000001c2af8ecb10 WorkerThread "G1 Conc#0" [stack: 0x0000004f09c00000,0x0000004f09d00000] [id=22516]
  0x000001c2d8d456e0 WorkerThread "G1 Conc#1" [stack: 0x0000004f0c200000,0x0000004f0c300000] [id=17992]
  0x000001c2d8d44ba0 WorkerThread "G1 Conc#2" [stack: 0x0000004f0c300000,0x0000004f0c400000] [id=19636]
  0x000001c2d2bba7e0 ConcurrentGCThread "G1 Refine#0" [stack: 0x0000004f09d00000,0x0000004f09e00000] [id=3540]
  0x000001c2d2bbc0e0 ConcurrentGCThread "G1 Service" [stack: 0x0000004f09e00000,0x0000004f09f00000] [id=22020]

Threads with active compile tasks:
C2 CompilerThread0     6069 11071   !   4       lombok.core.AST::buildWithField0 (121 bytes)
C1 CompilerThread1     6069 11283   !   2       com.sun.tools.javac.comp.Flow$FlowAnalyzer::visitClassDef (644 bytes)
C1 CompilerThread2     6069 11282       3       com.sun.tools.javac.comp.Flow$FlowAnalyzer::markThrown (74 bytes)
C2 CompilerThread1     6069 11240       4       com.sun.tools.javac.comp.Check::checkType (168 bytes)
C2 CompilerThread2     6069 11065       4       lombok.core.AST::buildWithField (21 bytes)
C2 CompilerThread3     6069 11072       4       lombok.javac.JavacAST::buildStatementOrExpression (104 bytes)
C2 CompilerThread4     6070 11263       4       com.sun.tools.javac.comp.Attr$ResultInfo::check (21 bytes)
C2 CompilerThread5     6070 11070   !   4       lombok.javac.JavacAST::drill (146 bytes)
C2 CompilerThread6     6070 11113       4       lombok.core.AST::buildWithCollection (128 bytes)
C2 CompilerThread7     6070 11085       4       lombok.javac.JavacAST::buildTree (176 bytes)

VM state: not at safepoint (normal execution)

VM Mutex/Monitor currently owned by a thread: None

Heap address: 0x0000000705e00000, size: 4002 MB, Compressed Oops mode: Zero based, Oop shift amount: 3

CDS archive(s) mapped at: [0x0000000800000000-0x0000000800c40000-0x0000000800c40000), size 12845056, SharedBaseAddress: 0x0000000800000000, ArchiveRelocationMode: 0.
Compressed class space mapped at: 0x0000000801000000-0x0000000841000000, reserved size: 1073741824
Narrow klass base: 0x0000000800000000, Narrow klass shift: 0, Narrow klass range: 0x100000000

GC Precious Log:
 CardTable entry size: 512
 Card Set container configuration: InlinePtr #cards 4 size 8 Array Of Cards #cards 16 size 48 Howl #buckets 8 coarsen threshold 3686 Howl Bitmap #cards 512 size 80 coarsen threshold 460 Card regions per heap region 1 cards per card region 4096
 CPUs: 16 total, 16 available
 Memory: 16005M
 Large Page Support: Disabled
 NUMA Support: Disabled
 Compressed Oops: Enabled (Zero based)
 Heap Region Size: 2M
 Heap Min Capacity: 8M
 Heap Initial Capacity: 252M
 Heap Max Capacity: 4002M
 Pre-touch: Disabled
 Parallel Workers: 13
 Concurrent Workers: 3
 Concurrent Refinement Workers: 13
 Periodic GC: Disabled

Heap:
 garbage-first heap   total 184320K, used 92857K [0x0000000705e00000, 0x0000000800000000)
  region size 2048K, 11 young (22528K), 1 survivors (2048K)
 Metaspace       used 33224K, committed 33792K, reserved 1114112K
  class space    used 3417K, committed 3712K, reserved 1048576K

Heap Regions: E=young(eden), S=young(survivor), O=old, HS=humongous(starts), HC=humongous(continues), CS=collection set, F=free, OA=open archive, CA=closed archive, TAMS=top-at-mark-start (previous, next)
|   0|0x0000000705e00000, 0x0000000706000000, 0x0000000706000000|100%| O|  |TAMS 0x0000000706000000, 0x0000000705e00000| Untracked 
|   1|0x0000000706000000, 0x0000000706200000, 0x0000000706200000|100%| O|  |TAMS 0x0000000706000000, 0x0000000706000000| Untracked 
|   2|0x0000000706200000, 0x0000000706400000, 0x0000000706400000|100%| O|  |TAMS 0x0000000706200000, 0x0000000706200000| Untracked 
|   3|0x0000000706400000, 0x0000000706600000, 0x0000000706600000|100%| O|  |TAMS 0x0000000706400000, 0x0000000706400000| Untracked 
|   4|0x0000000706600000, 0x0000000706800000, 0x0000000706800000|100%| O|  |TAMS 0x0000000706600000, 0x0000000706600000| Untracked 
|   5|0x0000000706800000, 0x0000000706a00000, 0x0000000706a00000|100%| O|  |TAMS 0x0000000706800000, 0x0000000706800000| Untracked 
|   6|0x0000000706a00000, 0x0000000706c00000, 0x0000000706c00000|100%| O|  |TAMS 0x0000000706a00000, 0x0000000706a00000| Untracked 
|   7|0x0000000706c00000, 0x0000000706e00000, 0x0000000706e00000|100%| O|  |TAMS 0x0000000706c00000, 0x0000000706c00000| Untracked 
|   8|0x0000000706e00000, 0x0000000707000000, 0x0000000707000000|100%| O|  |TAMS 0x0000000706e00000, 0x0000000706e00000| Untracked 
|   9|0x0000000707000000, 0x0000000707200000, 0x0000000707200000|100%| O|  |TAMS 0x0000000707000000, 0x0000000707000000| Untracked 
|  10|0x0000000707200000, 0x0000000707400000, 0x0000000707400000|100%| O|  |TAMS 0x0000000707200000, 0x0000000707200000| Untracked 
|  11|0x0000000707400000, 0x0000000707600000, 0x0000000707600000|100%| O|  |TAMS 0x0000000707400000, 0x0000000707400000| Untracked 
|  12|0x0000000707600000, 0x0000000707800000, 0x0000000707800000|100%| O|  |TAMS 0x0000000707600000, 0x0000000707600000| Untracked 
|  13|0x0000000707800000, 0x0000000707a00000, 0x0000000707a00000|100%| O|  |TAMS 0x0000000707800000, 0x0000000707800000| Untracked 
|  14|0x0000000707a00000, 0x0000000707c00000, 0x0000000707c00000|100%| O|  |TAMS 0x0000000707a00000, 0x0000000707a00000| Untracked 
|  15|0x0000000707c00000, 0x0000000707e00000, 0x0000000707e00000|100%| O|  |TAMS 0x0000000707c00000, 0x0000000707c00000| Untracked 
|  16|0x0000000707e00000, 0x0000000708000000, 0x0000000708000000|100%|HS|  |TAMS 0x0000000707e00000, 0x0000000707e00000| Complete 
|  17|0x0000000708000000, 0x0000000708200000, 0x0000000708200000|100%|HC|  |TAMS 0x0000000708000000, 0x0000000708000000| Complete 
|  18|0x0000000708200000, 0x0000000708400000, 0x0000000708400000|100%| O|  |TAMS 0x0000000708200000, 0x0000000708200000| Untracked 
|  19|0x0000000708400000, 0x0000000708600000, 0x0000000708600000|100%| O|  |TAMS 0x0000000708400000, 0x0000000708400000| Untracked 
|  20|0x0000000708600000, 0x0000000708800000, 0x0000000708800000|100%| O|  |TAMS 0x0000000708600000, 0x0000000708600000| Untracked 
|  21|0x0000000708800000, 0x0000000708a00000, 0x0000000708a00000|100%| O|  |TAMS 0x0000000708800000, 0x0000000708800000| Untracked 
|  22|0x0000000708a00000, 0x0000000708c00000, 0x0000000708c00000|100%| O|  |TAMS 0x0000000708a00000, 0x0000000708a00000| Untracked 
|  23|0x0000000708c00000, 0x0000000708e00000, 0x0000000708e00000|100%| O|  |TAMS 0x0000000708c00000, 0x0000000708c00000| Untracked 
|  24|0x0000000708e00000, 0x0000000709000000, 0x0000000709000000|100%| O|  |TAMS 0x0000000708e00000, 0x0000000708e00000| Untracked 
|  25|0x0000000709000000, 0x0000000709200000, 0x0000000709200000|100%| O|  |TAMS 0x0000000709000000, 0x0000000709000000| Untracked 
|  26|0x0000000709200000, 0x0000000709400000, 0x0000000709400000|100%| O|  |TAMS 0x0000000709200000, 0x0000000709200000| Untracked 
|  27|0x0000000709400000, 0x0000000709600000, 0x0000000709600000|100%| O|  |TAMS 0x0000000709400000, 0x0000000709400000| Untracked 
|  28|0x0000000709600000, 0x0000000709800000, 0x0000000709800000|100%| O|  |TAMS 0x0000000709600000, 0x0000000709600000| Untracked 
|  29|0x0000000709800000, 0x0000000709a00000, 0x0000000709a00000|100%| O|  |TAMS 0x0000000709800000, 0x0000000709800000| Untracked 
|  30|0x0000000709a00000, 0x0000000709b55c00, 0x0000000709c00000| 66%| O|  |TAMS 0x0000000709a00000, 0x0000000709a00000| Untracked 
|  31|0x0000000709c00000, 0x0000000709c00000, 0x0000000709e00000|  0%| F|  |TAMS 0x0000000709c00000, 0x0000000709c00000| Untracked 
|  32|0x0000000709e00000, 0x0000000709e00000, 0x000000070a000000|  0%| F|  |TAMS 0x0000000709e00000, 0x0000000709e00000| Untracked 
|  33|0x000000070a000000, 0x000000070a000000, 0x000000070a200000|  0%| F|  |TAMS 0x000000070a000000, 0x000000070a000000| Untracked 
|  34|0x000000070a200000, 0x000000070a200000, 0x000000070a400000|  0%| F|  |TAMS 0x000000070a200000, 0x000000070a200000| Untracked 
|  35|0x000000070a400000, 0x000000070a400000, 0x000000070a600000|  0%| F|  |TAMS 0x000000070a400000, 0x000000070a400000| Untracked 
|  36|0x000000070a600000, 0x000000070a600000, 0x000000070a800000|  0%| F|  |TAMS 0x000000070a600000, 0x000000070a600000| Untracked 
|  37|0x000000070a800000, 0x000000070a800000, 0x000000070aa00000|  0%| F|  |TAMS 0x000000070a800000, 0x000000070a800000| Untracked 
|  38|0x000000070aa00000, 0x000000070aa00000, 0x000000070ac00000|  0%| F|  |TAMS 0x000000070aa00000, 0x000000070aa00000| Untracked 
|  39|0x000000070ac00000, 0x000000070ac00000, 0x000000070ae00000|  0%| F|  |TAMS 0x000000070ac00000, 0x000000070ac00000| Untracked 
|  40|0x000000070ae00000, 0x000000070ae00000, 0x000000070b000000|  0%| F|  |TAMS 0x000000070ae00000, 0x000000070ae00000| Untracked 
|  41|0x000000070b000000, 0x000000070b000000, 0x000000070b200000|  0%| F|  |TAMS 0x000000070b000000, 0x000000070b000000| Untracked 
|  42|0x000000070b200000, 0x000000070b200000, 0x000000070b400000|  0%| F|  |TAMS 0x000000070b200000, 0x000000070b200000| Untracked 
|  43|0x000000070b400000, 0x000000070b400000, 0x000000070b600000|  0%| F|  |TAMS 0x000000070b400000, 0x000000070b400000| Untracked 
|  44|0x000000070b600000, 0x000000070b600000, 0x000000070b800000|  0%| F|  |TAMS 0x000000070b600000, 0x000000070b600000| Untracked 
|  45|0x000000070b800000, 0x000000070b800000, 0x000000070ba00000|  0%| F|  |TAMS 0x000000070b800000, 0x000000070b800000| Untracked 
|  46|0x000000070ba00000, 0x000000070ba00000, 0x000000070bc00000|  0%| F|  |TAMS 0x000000070ba00000, 0x000000070ba00000| Untracked 
|  47|0x000000070bc00000, 0x000000070bd58808, 0x000000070be00000| 67%| S|CS|TAMS 0x000000070bc00000, 0x000000070bc00000| Complete 
|  48|0x000000070be00000, 0x000000070be00000, 0x000000070c000000|  0%| F|  |TAMS 0x000000070be00000, 0x000000070be00000| Untracked 
|  49|0x000000070c000000, 0x000000070c000000, 0x000000070c200000|  0%| F|  |TAMS 0x000000070c000000, 0x000000070c000000| Untracked 
|  50|0x000000070c200000, 0x000000070c200000, 0x000000070c400000|  0%| F|  |TAMS 0x000000070c200000, 0x000000070c200000| Untracked 
|  51|0x000000070c400000, 0x000000070c400000, 0x000000070c600000|  0%| F|  |TAMS 0x000000070c400000, 0x000000070c400000| Untracked 
|  52|0x000000070c600000, 0x000000070c600000, 0x000000070c800000|  0%| F|  |TAMS 0x000000070c600000, 0x000000070c600000| Untracked 
|  53|0x000000070c800000, 0x000000070c800000, 0x000000070ca00000|  0%| F|  |TAMS 0x000000070c800000, 0x000000070c800000| Untracked 
|  54|0x000000070ca00000, 0x000000070ca00000, 0x000000070cc00000|  0%| F|  |TAMS 0x000000070ca00000, 0x000000070ca00000| Untracked 
|  55|0x000000070cc00000, 0x000000070cc00000, 0x000000070ce00000|  0%| F|  |TAMS 0x000000070cc00000, 0x000000070cc00000| Untracked 
|  56|0x000000070ce00000, 0x000000070ce00000, 0x000000070d000000|  0%| F|  |TAMS 0x000000070ce00000, 0x000000070ce00000| Untracked 
|  57|0x000000070d000000, 0x000000070d000000, 0x000000070d200000|  0%| F|  |TAMS 0x000000070d000000, 0x000000070d000000| Untracked 
|  58|0x000000070d200000, 0x000000070d200000, 0x000000070d400000|  0%| F|  |TAMS 0x000000070d200000, 0x000000070d200000| Untracked 
|  59|0x000000070d400000, 0x000000070d400000, 0x000000070d600000|  0%| F|  |TAMS 0x000000070d400000, 0x000000070d400000| Untracked 
|  60|0x000000070d600000, 0x000000070d600000, 0x000000070d800000|  0%| F|  |TAMS 0x000000070d600000, 0x000000070d600000| Untracked 
|  61|0x000000070d800000, 0x000000070d800000, 0x000000070da00000|  0%| F|  |TAMS 0x000000070d800000, 0x000000070d800000| Untracked 
|  62|0x000000070da00000, 0x000000070da00000, 0x000000070dc00000|  0%| F|  |TAMS 0x000000070da00000, 0x000000070da00000| Untracked 
|  63|0x000000070dc00000, 0x000000070dc00000, 0x000000070de00000|  0%| F|  |TAMS 0x000000070dc00000, 0x000000070dc00000| Untracked 
|  64|0x000000070de00000, 0x000000070de00000, 0x000000070e000000|  0%| F|  |TAMS 0x000000070de00000, 0x000000070de00000| Untracked 
|  65|0x000000070e000000, 0x000000070e000000, 0x000000070e200000|  0%| F|  |TAMS 0x000000070e000000, 0x000000070e000000| Untracked 
|  66|0x000000070e200000, 0x000000070e200000, 0x000000070e400000|  0%| F|  |TAMS 0x000000070e200000, 0x000000070e200000| Untracked 
|  67|0x000000070e400000, 0x000000070e400000, 0x000000070e600000|  0%| F|  |TAMS 0x000000070e400000, 0x000000070e400000| Untracked 
|  68|0x000000070e600000, 0x000000070e600000, 0x000000070e800000|  0%| F|  |TAMS 0x000000070e600000, 0x000000070e600000| Untracked 
|  69|0x000000070e800000, 0x000000070e800000, 0x000000070ea00000|  0%| F|  |TAMS 0x000000070e800000, 0x000000070e800000| Untracked 
|  70|0x000000070ea00000, 0x000000070ea00000, 0x000000070ec00000|  0%| F|  |TAMS 0x000000070ea00000, 0x000000070ea00000| Untracked 
|  71|0x000000070ec00000, 0x000000070ec00000, 0x000000070ee00000|  0%| F|  |TAMS 0x000000070ec00000, 0x000000070ec00000| Untracked 
|  72|0x000000070ee00000, 0x000000070ee00000, 0x000000070f000000|  0%| F|  |TAMS 0x000000070ee00000, 0x000000070ee00000| Untracked 
|  73|0x000000070f000000, 0x000000070f000000, 0x000000070f200000|  0%| F|  |TAMS 0x000000070f000000, 0x000000070f000000| Untracked 
|  74|0x000000070f200000, 0x000000070f200000, 0x000000070f400000|  0%| F|  |TAMS 0x000000070f200000, 0x000000070f200000| Untracked 
|  75|0x000000070f400000, 0x000000070f5e9fe8, 0x000000070f600000| 95%| E|  |TAMS 0x000000070f400000, 0x000000070f400000| Complete 
|  76|0x000000070f600000, 0x000000070f800000, 0x000000070f800000|100%| E|CS|TAMS 0x000000070f600000, 0x000000070f600000| Complete 
|  77|0x000000070f800000, 0x000000070fa00000, 0x000000070fa00000|100%| E|CS|TAMS 0x000000070f800000, 0x000000070f800000| Complete 
|  78|0x000000070fa00000, 0x000000070fc00000, 0x000000070fc00000|100%| E|CS|TAMS 0x000000070fa00000, 0x000000070fa00000| Complete 
|  79|0x000000070fc00000, 0x000000070fe00000, 0x000000070fe00000|100%| E|CS|TAMS 0x000000070fc00000, 0x000000070fc00000| Complete 
|  80|0x000000070fe00000, 0x0000000710000000, 0x0000000710000000|100%| E|CS|TAMS 0x000000070fe00000, 0x000000070fe00000| Complete 
|  81|0x0000000710000000, 0x0000000710200000, 0x0000000710200000|100%| E|CS|TAMS 0x0000000710000000, 0x0000000710000000| Complete 
|  82|0x0000000710200000, 0x0000000710400000, 0x0000000710400000|100%| E|CS|TAMS 0x0000000710200000, 0x0000000710200000| Complete 
|  83|0x0000000710400000, 0x0000000710600000, 0x0000000710600000|100%| E|CS|TAMS 0x0000000710400000, 0x0000000710400000| Complete 
| 125|0x0000000715800000, 0x0000000715a00000, 0x0000000715a00000|100%| E|CS|TAMS 0x0000000715800000, 0x0000000715800000| Complete 
|1996|0x00000007ff600000, 0x00000007ff800000, 0x00000007ff800000|100%| O|  |TAMS 0x00000007ff600000, 0x00000007ff600000| Untracked 
|1997|0x00000007ff800000, 0x00000007ffa00000, 0x00000007ffa00000|100%| O|  |TAMS 0x00000007ff800000, 0x00000007ff800000| Untracked 
|1998|0x00000007ffa00000, 0x00000007ffc00000, 0x00000007ffc00000|100%| O|  |TAMS 0x00000007ffa00000, 0x00000007ffa00000| Untracked 
|1999|0x00000007ffc00000, 0x00000007ffe00000, 0x00000007ffe00000|100%| O|  |TAMS 0x00000007ffc00000, 0x00000007ffc00000| Untracked 
|2000|0x00000007ffe00000, 0x0000000800000000, 0x0000000800000000|100%| O|  |TAMS 0x00000007ffe00000, 0x00000007ffe00000| Untracked 

Card table byte_map: [0x000001c2c7840000,0x000001c2c8020000] _byte_map_base: 0x000001c2c4011000

Marking Bits (Prev, Next): (CMBitMap*) 0x000001c2af8daad0, (CMBitMap*) 0x000001c2af8daa90
 Prev Bits: [0x000001c2cc690000, 0x000001c2d0518000)
 Next Bits: [0x000001c2c8800000, 0x000001c2cc688000)

Polling page: 0x000001c2af030000

Metaspace:

Usage:
  Non-class:     29.11 MB used.
      Class:      3.34 MB used.
       Both:     32.45 MB used.

Virtual space:
  Non-class space:       64.00 MB reserved,      29.38 MB ( 46%) committed,  1 nodes.
      Class space:        1.00 GB reserved,       3.62 MB ( <1%) committed,  1 nodes.
             Both:        1.06 GB reserved,      33.00 MB (  3%) committed. 

Chunk freelists:
   Non-Class:  2.22 MB
       Class:  351.00 KB
        Both:  2.56 MB

MaxMetaspaceSize: unlimited
CompressedClassSpaceSize: 1.00 GB
Initial GC threshold: 21.00 MB
Current GC threshold: 35.31 MB
CDS: on
MetaspaceReclaimPolicy: balanced
 - commit_granule_bytes: 65536.
 - commit_granule_words: 8192.
 - virtual_space_node_default_size: 8388608.
 - enlarge_chunks_in_place: 1.
 - new_chunks_are_fully_committed: 0.
 - uncommit_free_chunks: 1.
 - use_allocation_guard: 0.


Internal statistics:

num_allocs_failed_limit: 3.
num_arena_births: 724.
num_arena_deaths: 0.
num_vsnodes_births: 2.
num_vsnodes_deaths: 0.
num_space_committed: 528.
num_space_uncommitted: 0.
num_chunks_returned_to_freelist: 3.
num_chunks_taken_from_freelist: 2027.
num_chunk_merges: 3.
num_chunk_splits: 1402.
num_chunks_enlarged: 989.
num_inconsistent_stats: 0.

CodeHeap 'non-profiled nmethods': size=119168Kb used=6182Kb max_used=6596Kb free=112985Kb
 bounds [0x000001c2bf370000, 0x000001c2bf9f0000, 0x000001c2c67d0000]
CodeHeap 'profiled nmethods': size=119104Kb used=18884Kb max_used=20932Kb free=100219Kb
 bounds [0x000001c2b77d0000, 0x000001c2b8c50000, 0x000001c2bec20000]
CodeHeap 'non-nmethods': size=7488Kb used=3006Kb max_used=3144Kb free=4481Kb
 bounds [0x000001c2bec20000, 0x000001c2bef40000, 0x000001c2bf370000]
 total_blobs=9386 nmethods=8843 adapters=450
 compilation: enabled
              stopped_count=0, restarted_count=0
 full_count=0

Compilation events (20 events):
Event: 6.044 Thread 0x000001c2d78ccc10 11253       2       com.sun.tools.javac.comp.Check::diff (39 bytes)
Event: 6.045 Thread 0x000001c2d78ccc10 nmethod 11253 0x000001c2b7d67590 code [0x000001c2b7d67740, 0x000001c2b7d67968]
Event: 6.045 Thread 0x000001c2d7808d30 11255       3       com.sun.tools.javac.tree.JCTree$JCBinary::getOperand (19 bytes)
Event: 6.045 Thread 0x000001c2d7b7aa20 nmethod 11179 0x000001c2bf64be10 code [0x000001c2bf64c1e0, 0x000001c2bf64e060]
Event: 6.046 Thread 0x000001c2d7808d30 nmethod 11255 0x000001c2b7d68010 code [0x000001c2b7d681c0, 0x000001c2b7d68358]
Event: 6.047 Thread 0x000001c2d7b7aa20 11200       4       lombok.javac.JavacNode::traverse (774 bytes)
Event: 6.050 Thread 0x000001c2d7934420 11256       2       java.net.URI::getPath (31 bytes)
Event: 6.050 Thread 0x000001c2d7934420 nmethod 11256 0x000001c2b7da8110 code [0x000001c2b7da82c0, 0x000001c2b7da8468]
Event: 6.051 Thread 0x000001c2d7934420 11257       2       lombok.bytecode.ClassFileMetaData::decodeString (181 bytes)
Event: 6.051 Thread 0x000001c2d7808d30 11258       2       lombok.bytecode.ClassFileMetaData::readValue (27 bytes)
Event: 6.052 Thread 0x000001c2d7808d30 nmethod 11258 0x000001c2b836a190 code [0x000001c2b836a320, 0x000001c2b836a498]
Event: 6.052 Thread 0x000001c2d7934420 nmethod 11257 0x000001c2b78c7e10 code [0x000001c2b78c7fe0, 0x000001c2b78c8408]
Event: 6.053 Thread 0x000001c2d78ccc10 11259       2       com.sun.tools.javac.tree.JCTree$Visitor::visitApply (6 bytes)
Event: 6.053 Thread 0x000001c2d78ccc10 nmethod 11259 0x000001c2b7a03590 code [0x000001c2b7a03740, 0x000001c2b7a03868]
Event: 6.053 Thread 0x000001c2d78ccc10 11260       3       com.sun.tools.javac.util.List$$Lambda$236/0x00000008013066e8::get (8 bytes)
Event: 6.053 Thread 0x000001c2d7934420 11261       3       com.sun.tools.javac.util.List$$Lambda$239/0x0000000801306d38::apply (8 bytes)
Event: 6.053 Thread 0x000001c2d7934420 nmethod 11261 0x000001c2b80f6890 code [0x000001c2b80f6a40, 0x000001c2b80f6cb8]
Event: 6.053 Thread 0x000001c2d78ccc10 nmethod 11260 0x000001c2b8398490 code [0x000001c2b8398660, 0x000001c2b8398a78]
Event: 6.053 Thread 0x000001c2d7808d30 11262       3       com.sun.tools.javac.code.Type$JCPrimitiveType::isFalse (36 bytes)
Event: 6.054 Thread 0x000001c2d7808d30 nmethod 11262 0x000001c2b83a9e90 code [0x000001c2b83aa060, 0x000001c2b83aa4d8]

GC Heap History (20 events):
Event: 3.230 GC heap before
{Heap before GC invocations=11 (full 0):
 garbage-first heap   total 98304K, used 74610K [0x0000000705e00000, 0x0000000800000000)
  region size 2048K, 16 young (32768K), 1 survivors (2048K)
 Metaspace       used 27401K, committed 27904K, reserved 1114112K
  class space    used 2863K, committed 3136K, reserved 1048576K
}
Event: 3.231 GC heap after
{Heap after GC invocations=12 (full 0):
 garbage-first heap   total 122880K, used 43883K [0x0000000705e00000, 0x0000000800000000)
  region size 2048K, 1 young (2048K), 1 survivors (2048K)
 Metaspace       used 27401K, committed 27904K, reserved 1114112K
  class space    used 2863K, committed 3136K, reserved 1048576K
}
Event: 3.487 GC heap before
{Heap before GC invocations=12 (full 0):
 garbage-first heap   total 122880K, used 93035K [0x0000000705e00000, 0x0000000800000000)
  region size 2048K, 26 young (53248K), 1 survivors (2048K)
 Metaspace       used 28103K, committed 28672K, reserved 1114112K
  class space    used 2950K, committed 3264K, reserved 1048576K
}
Event: 3.491 GC heap after
{Heap after GC invocations=13 (full 0):
 garbage-first heap   total 122880K, used 45036K [0x0000000705e00000, 0x0000000800000000)
  region size 2048K, 2 young (4096K), 2 survivors (4096K)
 Metaspace       used 28103K, committed 28672K, reserved 1114112K
  class space    used 2950K, committed 3264K, reserved 1048576K
}
Event: 3.614 GC heap before
{Heap before GC invocations=13 (full 0):
 garbage-first heap   total 122880K, used 96236K [0x0000000705e00000, 0x0000000800000000)
  region size 2048K, 27 young (55296K), 2 survivors (4096K)
 Metaspace       used 28249K, committed 28800K, reserved 1114112K
  class space    used 2956K, committed 3264K, reserved 1048576K
}
Event: 3.618 GC heap after
{Heap after GC invocations=14 (full 0):
 garbage-first heap   total 122880K, used 45715K [0x0000000705e00000, 0x0000000800000000)
  region size 2048K, 2 young (4096K), 2 survivors (4096K)
 Metaspace       used 28249K, committed 28800K, reserved 1114112K
  class space    used 2956K, committed 3264K, reserved 1048576K
}
Event: 3.728 GC heap before
{Heap before GC invocations=14 (full 0):
 garbage-first heap   total 122880K, used 96915K [0x0000000705e00000, 0x0000000800000000)
  region size 2048K, 28 young (57344K), 2 survivors (4096K)
 Metaspace       used 28384K, committed 28928K, reserved 1114112K
  class space    used 2958K, committed 3264K, reserved 1048576K
}
Event: 3.733 GC heap after
{Heap after GC invocations=15 (full 0):
 garbage-first heap   total 122880K, used 46570K [0x0000000705e00000, 0x0000000800000000)
  region size 2048K, 2 young (4096K), 2 survivors (4096K)
 Metaspace       used 28384K, committed 28928K, reserved 1114112K
  class space    used 2958K, committed 3264K, reserved 1048576K
}
Event: 3.827 GC heap before
{Heap before GC invocations=15 (full 0):
 garbage-first heap   total 122880K, used 101866K [0x0000000705e00000, 0x0000000800000000)
  region size 2048K, 29 young (59392K), 2 survivors (4096K)
 Metaspace       used 28457K, committed 28992K, reserved 1114112K
  class space    used 2958K, committed 3264K, reserved 1048576K
}
Event: 3.832 GC heap after
{Heap after GC invocations=16 (full 0):
 garbage-first heap   total 151552K, used 46408K [0x0000000705e00000, 0x0000000800000000)
  region size 2048K, 2 young (4096K), 2 survivors (4096K)
 Metaspace       used 28457K, committed 28992K, reserved 1114112K
  class space    used 2958K, committed 3264K, reserved 1048576K
}
Event: 4.598 GC heap before
{Heap before GC invocations=16 (full 0):
 garbage-first heap   total 151552K, used 124232K [0x0000000705e00000, 0x0000000800000000)
  region size 2048K, 40 young (81920K), 2 survivors (4096K)
 Metaspace       used 30911K, committed 31488K, reserved 1114112K
  class space    used 3197K, committed 3456K, reserved 1048576K
}
Event: 4.603 GC heap after
{Heap after GC invocations=17 (full 0):
 garbage-first heap   total 151552K, used 48494K [0x0000000705e00000, 0x0000000800000000)
  region size 2048K, 3 young (6144K), 3 survivors (6144K)
 Metaspace       used 30911K, committed 31488K, reserved 1114112K
  class space    used 3197K, committed 3456K, reserved 1048576K
}
Event: 4.953 GC heap before
{Heap before GC invocations=17 (full 0):
 garbage-first heap   total 151552K, used 128366K [0x0000000705e00000, 0x0000000800000000)
  region size 2048K, 40 young (81920K), 3 survivors (6144K)
 Metaspace       used 31308K, committed 31872K, reserved 1114112K
  class space    used 3212K, committed 3520K, reserved 1048576K
}
Event: 4.960 GC heap after
{Heap after GC invocations=18 (full 0):
 garbage-first heap   total 151552K, used 52670K [0x0000000705e00000, 0x0000000800000000)
  region size 2048K, 4 young (8192K), 4 survivors (8192K)
 Metaspace       used 31308K, committed 31872K, reserved 1114112K
  class space    used 3212K, committed 3520K, reserved 1048576K
}
Event: 5.387 GC heap before
{Heap before GC invocations=18 (full 0):
 garbage-first heap   total 151552K, used 122302K [0x0000000705e00000, 0x0000000800000000)
  region size 2048K, 39 young (79872K), 4 survivors (8192K)
 Metaspace       used 31495K, committed 32064K, reserved 1114112K
  class space    used 3227K, committed 3520K, reserved 1048576K
}
Event: 5.398 GC heap after
{Heap after GC invocations=19 (full 0):
 garbage-first heap   total 151552K, used 64083K [0x0000000705e00000, 0x0000000800000000)
  region size 2048K, 5 young (10240K), 5 survivors (10240K)
 Metaspace       used 31495K, committed 32064K, reserved 1114112K
  class space    used 3227K, committed 3520K, reserved 1048576K
}
Event: 5.766 GC heap before
{Heap before GC invocations=19 (full 0):
 garbage-first heap   total 151552K, used 117331K [0x0000000705e00000, 0x0000000800000000)
  region size 2048K, 31 young (63488K), 5 survivors (10240K)
 Metaspace       used 32447K, committed 33024K, reserved 1114112K
  class space    used 3334K, committed 3648K, reserved 1048576K
}
Event: 5.773 GC heap after
{Heap after GC invocations=20 (full 0):
 garbage-first heap   total 151552K, used 72901K [0x0000000705e00000, 0x0000000800000000)
  region size 2048K, 4 young (8192K), 4 survivors (8192K)
 Metaspace       used 32447K, committed 33024K, reserved 1114112K
  class space    used 3334K, committed 3648K, reserved 1048576K
}
Event: 5.983 GC heap before
{Heap before GC invocations=20 (full 0):
 garbage-first heap   total 151552K, used 115909K [0x0000000705e00000, 0x0000000800000000)
  region size 2048K, 25 young (51200K), 4 survivors (8192K)
 Metaspace       used 33116K, committed 33728K, reserved 1114112K
  class space    used 3409K, committed 3712K, reserved 1048576K
}
Event: 5.987 GC heap after
{Heap after GC invocations=21 (full 0):
 garbage-first heap   total 184320K, used 74425K [0x0000000705e00000, 0x0000000800000000)
  region size 2048K, 1 young (2048K), 1 survivors (2048K)
 Metaspace       used 33116K, committed 33728K, reserved 1114112K
  class space    used 3409K, committed 3712K, reserved 1048576K
}

Dll operation events (12 events):
Event: 0.005 Loaded shared library C:\Program Files\Java\jdk-19\bin\java.dll
Event: 0.010 Loaded shared library C:\Program Files\Java\jdk-19\bin\jsvml.dll
Event: 0.038 Loaded shared library C:\Program Files\Java\jdk-19\bin\zip.dll
Event: 0.039 Loaded shared library C:\Program Files\Java\jdk-19\bin\instrument.dll
Event: 0.042 Loaded shared library C:\Program Files\Java\jdk-19\bin\net.dll
Event: 0.043 Loaded shared library C:\Program Files\Java\jdk-19\bin\nio.dll
Event: 0.045 Loaded shared library C:\Program Files\Java\jdk-19\bin\zip.dll
Event: 0.053 Loaded shared library C:\Program Files\JetBrains\IntelliJ IDEA 2022.1.2\bin\breakgen64.dll
Event: 0.058 Loaded shared library C:\Program Files\Java\jdk-19\bin\extnet.dll
Event: 0.099 Loaded shared library C:\Program Files\Java\jdk-19\bin\jimage.dll
Event: 0.182 Loaded shared library C:\Users\99293\AppData\Local\Temp\jansi-2.4.0-ccc478301e7b7a68-jansi.dll
Event: 0.189 Loaded shared library C:\Program Files\Java\jdk-19\bin\verify.dll

Deoptimization events (20 events):
Event: 5.987 Thread 0x000001c2af8698a0 Uncommon trap: trap_request=0xffffffde fr.pc=0x000001c2bf9dd734 relative=0x0000000000000a14
Event: 5.987 Thread 0x000001c2af8698a0 Uncommon trap: reason=class_check action=maybe_recompile pc=0x000001c2bf9dd734 method=lombok.javac.JavacNode.traverse(Llombok/javac/JavacASTVisitor;)V @ 113 c2
Event: 5.987 Thread 0x000001c2af8698a0 DEOPT PACKING pc=0x000001c2bf9dd734 sp=0x0000004f099fd8d0
Event: 5.987 Thread 0x000001c2af8698a0 DEOPT UNPACKING pc=0x000001c2bec86da3 sp=0x0000004f099fd858 mode 2
Event: 5.987 Thread 0x000001c2af8698a0 Uncommon trap: trap_request=0xffffffde fr.pc=0x000001c2bf9dd6fc relative=0x00000000000009dc
Event: 5.987 Thread 0x000001c2af8698a0 Uncommon trap: reason=class_check action=maybe_recompile pc=0x000001c2bf9dd6fc method=lombok.javac.JavacNode.traverse(Llombok/javac/JavacASTVisitor;)V @ 490 c2
Event: 5.987 Thread 0x000001c2af8698a0 DEOPT PACKING pc=0x000001c2bf9dd6fc sp=0x0000004f099fd7f0
Event: 5.987 Thread 0x000001c2af8698a0 DEOPT UNPACKING pc=0x000001c2bec86da3 sp=0x0000004f099fd770 mode 2
Event: 5.987 Thread 0x000001c2af8698a0 Uncommon trap: trap_request=0xffffffde fr.pc=0x000001c2bf9dd67c relative=0x000000000000095c
Event: 5.987 Thread 0x000001c2af8698a0 Uncommon trap: reason=class_check action=maybe_recompile pc=0x000001c2bf9dd67c method=lombok.javac.JavacNode.traverse(Llombok/javac/JavacASTVisitor;)V @ 193 c2
Event: 5.987 Thread 0x000001c2af8698a0 DEOPT PACKING pc=0x000001c2bf9dd67c sp=0x0000004f099fd7f0
Event: 5.987 Thread 0x000001c2af8698a0 DEOPT UNPACKING pc=0x000001c2bec86da3 sp=0x0000004f099fd778 mode 2
Event: 5.987 Thread 0x000001c2af8698a0 Uncommon trap: trap_request=0xffffffde fr.pc=0x000001c2bf9dd5a4 relative=0x0000000000000884
Event: 5.987 Thread 0x000001c2af8698a0 Uncommon trap: reason=class_check action=maybe_recompile pc=0x000001c2bf9dd5a4 method=lombok.javac.JavacNode.traverse(Llombok/javac/JavacASTVisitor;)V @ 369 c2
Event: 5.987 Thread 0x000001c2af8698a0 DEOPT PACKING pc=0x000001c2bf9dd5a4 sp=0x0000004f099fd710
Event: 5.987 Thread 0x000001c2af8698a0 DEOPT UNPACKING pc=0x000001c2bec86da3 sp=0x0000004f099fd698 mode 2
Event: 5.987 Thread 0x000001c2af8698a0 Uncommon trap: trap_request=0xffffffde fr.pc=0x000001c2bf9dd5a4 relative=0x0000000000000884
Event: 5.987 Thread 0x000001c2af8698a0 Uncommon trap: reason=class_check action=maybe_recompile pc=0x000001c2bf9dd5a4 method=lombok.javac.JavacNode.traverse(Llombok/javac/JavacASTVisitor;)V @ 369 c2
Event: 5.987 Thread 0x000001c2af8698a0 DEOPT PACKING pc=0x000001c2bf9dd5a4 sp=0x0000004f099fd630
Event: 5.987 Thread 0x000001c2af8698a0 DEOPT UNPACKING pc=0x000001c2bec86da3 sp=0x0000004f099fd5b8 mode 2

Classes loaded (20 events):
Event: 4.128 Loading class java/util/EnumMap$EntryIterator$Entry
Event: 4.128 Loading class java/util/EnumMap$EntryIterator$Entry done
Event: 4.282 Loading class java/util/stream/ReduceOps$2
Event: 4.282 Loading class java/util/stream/ReduceOps$2 done
Event: 4.282 Loading class java/util/stream/ReduceOps$2ReducingSink
Event: 4.282 Loading class java/util/stream/ReduceOps$2ReducingSink done
Event: 4.292 Loading class java/io/DataOutputStream
Event: 4.292 Loading class java/io/DataOutputStream done
Event: 4.297 Loading class java/lang/invoke/MethodHandleImpl$CountingWrapper
Event: 4.297 Loading class java/lang/invoke/MethodHandleImpl$CountingWrapper done
Event: 4.570 Loading class java/lang/invoke/MethodHandleImpl$CountingWrapper$1
Event: 4.570 Loading class java/lang/invoke/MethodHandleImpl$CountingWrapper$1 done
Event: 5.123 Loading class java/util/EnumMap$Values
Event: 5.123 Loading class java/util/EnumMap$Values done
Event: 5.123 Loading class java/util/EnumMap$ValueIterator
Event: 5.123 Loading class java/util/EnumMap$ValueIterator done
Event: 5.127 Loading class java/util/WeakHashMap$KeyIterator
Event: 5.127 Loading class java/util/WeakHashMap$KeyIterator done
Event: 5.550 Loading class jdk/internal/module/IllegalAccessLogger
Event: 5.550 Loading class jdk/internal/module/IllegalAccessLogger done

Classes unloaded (0 events):
No events

Classes redefined (0 events):
No events

Internal exceptions (20 events):
Event: 6.004 Thread 0x000001c2af8698a0 Exception <a 'sun/nio/fs/WindowsException'{0x00000007100dc4f8}> (0x00000007100dc4f8) 
thrown [s\open\src\hotspot\share\prims\jni.cpp, line 517]
Event: 6.004 Thread 0x000001c2af8698a0 Exception <a 'sun/nio/fs/WindowsException'{0x00000007100dd430}> (0x00000007100dd430) 
thrown [s\open\src\hotspot\share\prims\jni.cpp, line 517]
Event: 6.004 Thread 0x000001c2af8698a0 Exception <a 'sun/nio/fs/WindowsException'{0x00000007100dd7b8}> (0x00000007100dd7b8) 
thrown [s\open\src\hotspot\share\prims\jni.cpp, line 517]
Event: 6.004 Thread 0x000001c2af8698a0 Exception <a 'sun/nio/fs/WindowsException'{0x00000007100de7b8}> (0x00000007100de7b8) 
thrown [s\open\src\hotspot\share\prims\jni.cpp, line 517]
Event: 6.004 Thread 0x000001c2af8698a0 Exception <a 'sun/nio/fs/WindowsException'{0x00000007100deaa8}> (0x00000007100deaa8) 
thrown [s\open\src\hotspot\share\prims\jni.cpp, line 517]
Event: 6.011 Thread 0x000001c2af8698a0 Exception <a 'sun/nio/fs/WindowsException'{0x000000070fc30140}> (0x000000070fc30140) 
thrown [s\open\src\hotspot\share\prims\jni.cpp, line 517]
Event: 6.011 Thread 0x000001c2af8698a0 Exception <a 'sun/nio/fs/WindowsException'{0x000000070fc30400}> (0x000000070fc30400) 
thrown [s\open\src\hotspot\share\prims\jni.cpp, line 517]
Event: 6.011 Thread 0x000001c2af8698a0 Exception <a 'sun/nio/fs/WindowsException'{0x000000070fc31338}> (0x000000070fc31338) 
thrown [s\open\src\hotspot\share\prims\jni.cpp, line 517]
Event: 6.011 Thread 0x000001c2af8698a0 Exception <a 'sun/nio/fs/WindowsException'{0x000000070fc316c0}> (0x000000070fc316c0) 
thrown [s\open\src\hotspot\share\prims\jni.cpp, line 517]
Event: 6.011 Thread 0x000001c2af8698a0 Exception <a 'sun/nio/fs/WindowsException'{0x000000070fc326c0}> (0x000000070fc326c0) 
thrown [s\open\src\hotspot\share\prims\jni.cpp, line 517]
Event: 6.011 Thread 0x000001c2af8698a0 Exception <a 'sun/nio/fs/WindowsException'{0x000000070fc329b0}> (0x000000070fc329b0) 
thrown [s\open\src\hotspot\share\prims\jni.cpp, line 517]
Event: 6.018 Thread 0x000001c2af8698a0 Exception <a 'sun/nio/fs/WindowsException'{0x000000070fba3cb8}> (0x000000070fba3cb8) 
thrown [s\open\src\hotspot\share\prims\jni.cpp, line 517]
Event: 6.021 Thread 0x000001c2af8698a0 Exception <a 'sun/nio/fs/WindowsException'{0x000000070fbb8870}> (0x000000070fbb8870) 
thrown [s\open\src\hotspot\share\prims\jni.cpp, line 517]
Event: 6.023 Thread 0x000001c2af8698a0 Exception <a 'sun/nio/fs/WindowsException'{0x000000070fbcf460}> (0x000000070fbcf460) 
thrown [s\open\src\hotspot\share\prims\jni.cpp, line 517]
Event: 6.049 Thread 0x000001c2af8698a0 Exception <a 'sun/nio/fs/WindowsException'{0x000000070f71a750}> (0x000000070f71a750) 
thrown [s\open\src\hotspot\share\prims\jni.cpp, line 517]
Event: 6.050 Thread 0x000001c2af8698a0 Exception <a 'sun/nio/fs/WindowsException'{0x000000070f71ae28}> (0x000000070f71ae28) 
thrown [s\open\src\hotspot\share\prims\jni.cpp, line 517]
Event: 6.050 Thread 0x000001c2af8698a0 Exception <a 'sun/nio/fs/WindowsException'{0x000000070f71bcd8}> (0x000000070f71bcd8) 
thrown [s\open\src\hotspot\share\prims\jni.cpp, line 517]
Event: 6.055 Thread 0x000001c2af8698a0 Exception <a 'sun/nio/fs/WindowsException'{0x000000070f76e468}> (0x000000070f76e468) 
thrown [s\open\src\hotspot\share\prims\jni.cpp, line 517]
Event: 6.055 Thread 0x000001c2af8698a0 Exception <a 'sun/nio/fs/WindowsException'{0x000000070f76eb20}> (0x000000070f76eb20) 
thrown [s\open\src\hotspot\share\prims\jni.cpp, line 517]
Event: 6.055 Thread 0x000001c2af8698a0 Exception <a 'sun/nio/fs/WindowsException'{0x000000070f76f8c0}> (0x000000070f76f8c0) 
thrown [s\open\src\hotspot\share\prims\jni.cpp, line 517]

VM Operations (20 events):
Event: 4.999 Executing VM operation: HandshakeAllThreads
Event: 4.999 Executing VM operation: HandshakeAllThreads done
Event: 5.063 Executing VM operation: HandshakeAllThreads
Event: 5.063 Executing VM operation: HandshakeAllThreads done
Event: 5.070 Executing VM operation: ICBufferFull
Event: 5.070 Executing VM operation: ICBufferFull done
Event: 5.124 Executing VM operation: HandshakeAllThreads
Event: 5.124 Executing VM operation: HandshakeAllThreads done
Event: 5.387 Executing VM operation: G1CollectForAllocation
Event: 5.398 Executing VM operation: G1CollectForAllocation done
Event: 5.727 Executing VM operation: HandshakeAllThreads
Event: 5.727 Executing VM operation: HandshakeAllThreads done
Event: 5.766 Executing VM operation: G1CollectForAllocation
Event: 5.773 Executing VM operation: G1CollectForAllocation done
Event: 5.886 Executing VM operation: HandshakeAllThreads
Event: 5.886 Executing VM operation: HandshakeAllThreads done
Event: 5.922 Executing VM operation: HandshakeAllThreads
Event: 5.922 Executing VM operation: HandshakeAllThreads done
Event: 5.983 Executing VM operation: G1CollectForAllocation
Event: 5.987 Executing VM operation: G1CollectForAllocation done

Events (20 events):
Event: 5.938 Thread 0x000001c2d7813e90 flushing nmethod 0x000001c2b8946990
Event: 5.938 Thread 0x000001c2d7813e90 flushing nmethod 0x000001c2b8948d90
Event: 5.938 Thread 0x000001c2d7813e90 flushing nmethod 0x000001c2b8949c90
Event: 5.938 Thread 0x000001c2d7813e90 flushing nmethod 0x000001c2b894a910
Event: 5.938 Thread 0x000001c2d7813e90 flushing nmethod 0x000001c2b894b010
Event: 5.938 Thread 0x000001c2d7813e90 flushing nmethod 0x000001c2b894c390
Event: 5.938 Thread 0x000001c2d7813e90 flushing nmethod 0x000001c2b894f110
Event: 5.938 Thread 0x000001c2d7813e90 flushing nmethod 0x000001c2b895e810
Event: 5.938 Thread 0x000001c2d7813e90 flushing nmethod 0x000001c2b895f110
Event: 5.938 Thread 0x000001c2d7813e90 flushing nmethod 0x000001c2b8966a10
Event: 5.938 Thread 0x000001c2d7813e90 flushing nmethod 0x000001c2b8978810
Event: 5.938 Thread 0x000001c2d7813e90 flushing nmethod 0x000001c2b897d210
Event: 5.938 Thread 0x000001c2d7813e90 flushing nmethod 0x000001c2b8997810
Event: 5.939 Thread 0x000001c2d7813e90 flushing nmethod 0x000001c2b8a01790
Event: 5.940 Thread 0x000001c2d7813e90 flushing nmethod 0x000001c2b8aa8f90
Event: 5.940 Thread 0x000001c2d7813e90 flushing nmethod 0x000001c2b8ae6110
Event: 5.940 Thread 0x000001c2d7813e90 flushing nmethod 0x000001c2b8b09d90
Event: 5.940 Thread 0x000001c2d7813e90 flushing nmethod 0x000001c2b8b5ed90
Event: 5.940 Thread 0x000001c2d7813e90 flushing nmethod 0x000001c2b8b69490
Event: 5.940 Thread 0x000001c2d7813e90 flushing nmethod 0x000001c2b8b75010


Dynamic libraries:
0x00007ff613600000 - 0x00007ff613610000 	C:\Program Files\Java\jdk-19\bin\java.exe
0x00007ffa92cd0000 - 0x00007ffa92ee4000 	C:\WINDOWS\SYSTEM32\ntdll.dll
0x00007ffa92090000 - 0x00007ffa92154000 	C:\WINDOWS\System32\KERNEL32.DLL
0x00007ffa90630000 - 0x00007ffa909d4000 	C:\WINDOWS\System32\KERNELBASE.dll
0x00007ffa90080000 - 0x00007ffa90191000 	C:\WINDOWS\System32\ucrtbase.dll
0x00007ffa80510000 - 0x00007ffa8052b000 	C:\Program Files\Java\jdk-19\bin\VCRUNTIME140.dll
0x00007ffa7a9c0000 - 0x00007ffa7a9d8000 	C:\Program Files\Java\jdk-19\bin\jli.dll
0x00007ffa92460000 - 0x00007ffa92510000 	C:\WINDOWS\System32\ADVAPI32.dll
0x00007ffa92300000 - 0x00007ffa923a7000 	C:\WINDOWS\System32\msvcrt.dll
0x00007ffa91950000 - 0x00007ffa919f6000 	C:\WINDOWS\System32\sechost.dll
0x00007ffa92160000 - 0x00007ffa92277000 	C:\WINDOWS\System32\RPCRT4.dll
0x00007ffa90e70000 - 0x00007ffa9101a000 	C:\WINDOWS\System32\USER32.dll
0x00007ffa78d30000 - 0x00007ffa78fbf000 	C:\WINDOWS\WinSxS\amd64_microsoft.windows.common-controls_6595b64144ccf1df_6.0.22621.2070_none_2713e6537381f706\COMCTL32.dll
0x00007ffa90540000 - 0x00007ffa90566000 	C:\WINDOWS\System32\win32u.dll
0x00007ffa927b0000 - 0x00007ffa927d9000 	C:\WINDOWS\System32\GDI32.dll
0x00007ffa90310000 - 0x00007ffa90429000 	C:\WINDOWS\System32\gdi32full.dll
0x00007ffa856d0000 - 0x00007ffa856da000 	C:\WINDOWS\SYSTEM32\VERSION.dll
0x00007ffa90430000 - 0x00007ffa904ca000 	C:\WINDOWS\System32\msvcp_win.dll
0x00007ffa92690000 - 0x00007ffa926c1000 	C:\WINDOWS\System32\IMM32.DLL
0x00007ffa813f0000 - 0x00007ffa813fc000 	C:\Program Files\Java\jdk-19\bin\vcruntime140_1.dll
0x00007ffa51300000 - 0x00007ffa5138e000 	C:\Program Files\Java\jdk-19\bin\msvcp140.dll
0x00007ffa0b360000 - 0x00007ffa0c020000 	C:\Program Files\Java\jdk-19\bin\server\jvm.dll
0x00007ffa885a0000 - 0x00007ffa885d4000 	C:\WINDOWS\SYSTEM32\WINMM.dll
0x00007ffa80680000 - 0x00007ffa80689000 	C:\WINDOWS\SYSTEM32\WSOCK32.dll
0x00007ffa90cf0000 - 0x00007ffa90d61000 	C:\WINDOWS\System32\WS2_32.dll
0x00007ffa8f1b0000 - 0x00007ffa8f1c8000 	C:\WINDOWS\SYSTEM32\kernel.appcore.dll
0x00007ffa802a0000 - 0x00007ffa802aa000 	C:\Program Files\Java\jdk-19\bin\jimage.dll
0x00007ffa8d420000 - 0x00007ffa8d64e000 	C:\WINDOWS\SYSTEM32\DBGHELP.DLL
0x00007ffa91d00000 - 0x00007ffa9208a000 	C:\WINDOWS\System32\combase.dll
0x00007ffa90a60000 - 0x00007ffa90b37000 	C:\WINDOWS\System32\OLEAUT32.dll
0x00007ffa7fe20000 - 0x00007ffa7fe52000 	C:\WINDOWS\SYSTEM32\dbgcore.DLL
0x00007ffa909e0000 - 0x00007ffa90a5a000 	C:\WINDOWS\System32\bcryptPrimitives.dll
0x00007ffa8b1f0000 - 0x00007ffa8b1fe000 	C:\Program Files\Java\jdk-19\bin\instrument.dll
0x00007ffa714d0000 - 0x00007ffa714f6000 	C:\Program Files\Java\jdk-19\bin\java.dll
0x00007ffa46cd0000 - 0x00007ffa46da7000 	C:\Program Files\Java\jdk-19\bin\jsvml.dll
0x00007ffa91020000 - 0x00007ffa91836000 	C:\WINDOWS\System32\SHELL32.dll
0x00007ffa8e020000 - 0x00007ffa8e90a000 	C:\WINDOWS\SYSTEM32\windows.storage.dll
0x00007ffa8dee0000 - 0x00007ffa8e01e000 	C:\WINDOWS\SYSTEM32\wintypes.dll
0x00007ffa90d70000 - 0x00007ffa90e63000 	C:\WINDOWS\System32\SHCORE.dll
0x00007ffa92400000 - 0x00007ffa9245e000 	C:\WINDOWS\System32\shlwapi.dll
0x00007ffa8ffb0000 - 0x00007ffa8ffd6000 	C:\WINDOWS\SYSTEM32\profapi.dll
0x00007ffa64640000 - 0x00007ffa64658000 	C:\Program Files\Java\jdk-19\bin\zip.dll
0x00007ffa7a990000 - 0x00007ffa7a9a3000 	C:\Program Files\Java\jdk-19\bin\net.dll
0x00007ffa8aa80000 - 0x00007ffa8abb7000 	C:\WINDOWS\SYSTEM32\WINHTTP.dll
0x00007ffa8f630000 - 0x00007ffa8f699000 	C:\WINDOWS\system32\mswsock.dll
0x00007ffa76840000 - 0x00007ffa76856000 	C:\Program Files\Java\jdk-19\bin\nio.dll
0x00007ffa88550000 - 0x00007ffa8856a000 	C:\Program Files\JetBrains\IntelliJ IDEA 2022.1.2\bin\breakgen64.dll
0x00007ffa73c60000 - 0x00007ffa73c68000 	C:\Program Files\Java\jdk-19\bin\extnet.dll
0x0000000069ac0000 - 0x0000000069ae4000 	C:\Users\99293\AppData\Local\Temp\jansi-2.4.0-ccc478301e7b7a68-jansi.dll
0x00007ffa7fb50000 - 0x00007ffa7fb60000 	C:\Program Files\Java\jdk-19\bin\verify.dll

dbghelp: loaded successfully - version: 4.0.5 - missing functions: none
symbol engine: initialized successfully - sym options: 0x614 - pdb path: .;C:\Program Files\Java\jdk-19\bin;C:\WINDOWS\SYSTEM32;C:\WINDOWS\WinSxS\amd64_microsoft.windows.common-controls_6595b64144ccf1df_6.0.22621.2070_none_2713e6537381f706;C:\Program Files\Java\jdk-19\bin\server;C:\Program Files\JetBrains\IntelliJ IDEA 2022.1.2\bin;C:\Users\99293\AppData\Local\Temp

VM Arguments:
jvm_args: -Dmaven.multiModuleProjectDirectory=D:\unitedStates duplicates original -Dmaven.home=C:\Users\99293\.m2\wrapper\dists\apache-maven-3.8.6-bin\1ks0nkde5v1pk9vtc31i9d0lcd\apache-maven-3.8.6 -Dclassworlds.conf=C:\Users\99293\.m2\wrapper\dists\apache-maven-3.8.6-bin\1ks0nkde5v1pk9vtc31i9d0lcd\apache-maven-3.8.6\bin\m2.conf -Dmaven.ext.class.path=C:\Program Files\JetBrains\IntelliJ IDEA 2022.1.2\plugins\maven\lib\maven-event-listener.jar -javaagent:C:\Program Files\JetBrains\IntelliJ IDEA 2022.1.2\lib\idea_rt.jar=56042:C:\Program Files\JetBrains\IntelliJ IDEA 2022.1.2\bin -Dfile.encoding=UTF-8 
java_command: org.codehaus.classworlds.Launcher -Didea.version=2022.1.2 package
java_class_path (initial): C:\Users\99293\.m2\wrapper\dists\apache-maven-3.8.6-bin\1ks0nkde5v1pk9vtc31i9d0lcd\apache-maven-3.8.6\boot\plexus-classworlds-2.6.0.jar;C:\Users\99293\.m2\wrapper\dists\apache-maven-3.8.6-bin\1ks0nkde5v1pk9vtc31i9d0lcd\apache-maven-3.8.6\boot\plexus-classworlds.license
Launcher Type: SUN_STANDARD

[Global flags]
     intx CICompilerCount                          = 12                                        {product} {ergonomic}
     uint ConcGCThreads                            = 3                                         {product} {ergonomic}
     uint G1ConcRefinementThreads                  = 13                                        {product} {ergonomic}
   size_t G1HeapRegionSize                         = 2097152                                   {product} {ergonomic}
    uintx GCDrainStackTargetSize                   = 64                                        {product} {ergonomic}
   size_t InitialHeapSize                          = 264241152                                 {product} {ergonomic}
   size_t MarkStackSize                            = 4194304                                   {product} {ergonomic}
   size_t MaxHeapSize                              = 4196401152                                {product} {ergonomic}
   size_t MaxNewSize                               = 2516582400                                {product} {ergonomic}
   size_t MinHeapDeltaBytes                        = 2097152                                   {product} {ergonomic}
   size_t MinHeapSize                              = 8388608                                   {product} {ergonomic}
    uintx NonNMethodCodeHeapSize                   = 7602480                                {pd product} {ergonomic}
    uintx NonProfiledCodeHeapSize                  = 122027880                              {pd product} {ergonomic}
    uintx ProfiledCodeHeapSize                     = 122027880                              {pd product} {ergonomic}
    uintx ReservedCodeCacheSize                    = 251658240                              {pd product} {ergonomic}
     bool SegmentedCodeCache                       = true                                      {product} {ergonomic}
   size_t SoftMaxHeapSize                          = 4196401152                             {manageable} {ergonomic}
     bool UseCompressedClassPointers               = true                           {product lp64_product} {ergonomic}
     bool UseCompressedOops                        = true                           {product lp64_product} {ergonomic}
     bool UseG1GC                                  = true                                      {product} {ergonomic}
     bool UseLargePagesIndividualAllocation        = false                                  {pd product} {ergonomic}

Logging:
Log output configuration:
 #0: stdout all=warning uptime,level,tags foldmultilines=false
 #1: stderr all=off uptime,level,tags foldmultilines=false

Environment Variables:
PATH=C:\Program Files\Common Files\Oracle\Java\javapath;C:\Windows\system32;C:\Windows;C:\Windows\System32\Wbem;C:\Windows\System32\WindowsPowerShell\v1.0\;C:\Windows\System32\OpenSSH\;C:\Program Files (x86)\NVIDIA Corporation\PhysX\Common;C:\Program Files\NVIDIA Corporation\NVIDIA NvDLISR;C:\Program Files\Git\cmd;C:\Program Files (x86)\dotnet\;%SystemRoot%\system32;%SystemRoot%;%SystemRoot%\System32\Wbem;%SYSTEMROOT%\System32\WindowsPowerShell\v1.0\;%SYSTEMROOT%\System32\OpenSSH\;C:\Users\99293\AppData\Local\Programs\Python\Python311\Scripts\;C:\Users\99293\AppData\Local\Programs\Python\Python311\;C:\Users\99293\AppData\Local\Microsoft\WindowsApps;;C:\Program Files\JetBrains\IntelliJ IDEA 2022.1.2\bin;;C:\Program Files\heroku\bin
USERNAME=ASUS
OS=Windows_NT
PROCESSOR_IDENTIFIER=Intel64 Family 6 Model 154 Stepping 3, GenuineIntel
TMP=C:\Users\99293\AppData\Local\Temp
TEMP=C:\Users\99293\AppData\Local\Temp



---------------  S Y S T E M  ---------------

OS:
 Windows 11 , 64 bit Build 22621 (10.0.22621.2070)
OS uptime: 2 days 22:50 hours
Hyper-V role detected

CPU: total 16 (initial active 16) (8 cores per cpu, 2 threads per core) family 6 model 154 stepping 3 microcode 0x41c, cx8, cmov, fxsr, ht, mmx, 3dnowpref, sse, sse2, sse3, ssse3, sse4.1, sse4.2, popcnt, lzcnt, tsc, tscinvbit, avx, avx2, aes, erms, clmul, bmi1, bmi2, adx, sha, fma, vzeroupper, clflush, clflushopt, clwb, hv, serialize, rdtscp, rdpid, fsrm

Memory: 4k page, system-wide physical 16005M (2636M free)
TotalPageFile size 18053M (AvailPageFile size 6M)
current process WorkingSet (physical memory assigned to process): 432M, peak: 439M
current process commit charge ("private bytes"): 505M, peak: 510M

vm_info: Java HotSpot(TM) 64-Bit Server VM (19.0.2+7-44) for windows-amd64 JRE (19.0.2+7-44), built on 2022-11-30T18:02:09Z by "mach5one" with MS VC++ 17.1 (VS2022)

END.
