#
# There is insufficient memory for the Java Runtime Environment to continue.
# Native memory allocation (malloc) failed to allocate 1036496 bytes for Chunk::new
# Possible reasons:
#   The system is out of physical RAM or swap space
#   The process is running with CompressedOops enabled, and the Java Heap may be blocking the growth of the native heap
# Possible solutions:
#   Reduce memory load on the system
#   Increase physical memory or swap space
#   Check if swap backing store is full
#   Decrease Java heap size (-Xmx/-Xms)
#   Decrease number of Java threads
#   Decrease Java thread stack sizes (-Xss)
#   Set larger code cache with -XX:ReservedCodeCacheSize=
#   JVM is running with Zero Based Compressed Oops mode in which the Java heap is
#     placed in the first 32GB address space. The Java Heap base address is the
#     maximum limit for the native heap growth. Please use -XX:HeapBaseMinAddress
#     to set the Java Heap base and to place the Java Heap above 32GB virtual address.
# This output file may be truncated or incomplete.
#
#  Out of Memory Error (arena.cpp:184), pid=6292, tid=7504
#
# JRE version: Java(TM) SE Runtime Environment (19.0.2+7) (build 19.0.2+7-44)
# Java VM: Java HotSpot(TM) 64-Bit Server VM (19.0.2+7-44, mixed mode, sharing, tiered, compressed oops, compressed class ptrs, g1 gc, windows-amd64)
# No core dump will be written. Minidumps are not enabled by default on client versions of Windows
#

---------------  S U M M A R Y ------------

Command Line: -Dmaven.multiModuleProjectDirectory=D:\unitedStates duplicates original -Dmaven.home=C:\Users\99293\.m2\wrapper\dists\apache-maven-3.8.6-bin\1ks0nkde5v1pk9vtc31i9d0lcd\apache-maven-3.8.6 -Dclassworlds.conf=C:\Users\99293\.m2\wrapper\dists\apache-maven-3.8.6-bin\1ks0nkde5v1pk9vtc31i9d0lcd\apache-maven-3.8.6\bin\m2.conf -Dmaven.ext.class.path=C:\Program Files\JetBrains\IntelliJ IDEA 2022.1.2\plugins\maven\lib\maven-event-listener.jar -javaagent:C:\Program Files\JetBrains\IntelliJ IDEA 2022.1.2\lib\idea_rt.jar=55476:C:\Program Files\JetBrains\IntelliJ IDEA 2022.1.2\bin -Dfile.encoding=UTF-8 org.codehaus.classworlds.Launcher -Didea.version=2022.1.2 package

Host: 12th Gen Intel(R) Core(TM) i7-12650H, 16 cores, 15G,  Windows 11 , 64 bit Build 22621 (10.0.22621.3672)
Time: Fri Aug  2 17:24:55 2024  Windows 11 , 64 bit Build 22621 (10.0.22621.3672) elapsed time: 6.829296 seconds (0d 0h 0m 6s)

---------------  T H R E A D  ---------------

Current thread (0x000001dd88f31b20):  JavaThread "C2 CompilerThread1" daemon [_thread_in_native, id=7504, stack(0x00000058ba800000,0x00000058ba900000)]


Current CompileTask:
C2:   6829 11513   !   4       lombok.core.AST::buildWithField0 (121 bytes)

Stack: [0x00000058ba800000,0x00000058ba900000]
Native frames: (J=compiled Java code, j=interpreted, Vv=VM code, C=native code)
V  [jvm.dll+0x6ee21a]
V  [jvm.dll+0x85765e]
V  [jvm.dll+0x85904e]
V  [jvm.dll+0x859703]
V  [jvm.dll+0x28298f]
V  [jvm.dll+0xc9adf]
V  [jvm.dll+0xc9e65]
V  [jvm.dll+0x2f7caf]
V  [jvm.dll+0x5f076b]
V  [jvm.dll+0x25590c]
V  [jvm.dll+0x24e1a7]
V  [jvm.dll+0x24b673]
V  [jvm.dll+0x1d6ce1]
V  [jvm.dll+0x25b25a]
V  [jvm.dll+0x2596e8]
V  [jvm.dll+0x807588]
V  [jvm.dll+0x80125a]
V  [jvm.dll+0x6ecf0b]
C  [ucrtbase.dll+0x29333]
C  [KERNEL32.DLL+0x1257d]
C  [ntdll.dll+0x5af28]


---------------  P R O C E S S  ---------------

Threads class SMR info:
_java_thread_list=0x000001dd8c6a7770, length=23, elements={
0x000001dde0c0f270, 0x000001dd848df950, 0x000001dd848e0740, 0x000001dd848e4020,
0x000001dd848e6b70, 0x000001dd848e75a0, 0x000001dd848e99c0, 0x000001dd848ea7c0,
0x000001dd848eda90, 0x000001dd848f0e30, 0x000001dd88c9ae30, 0x000001dd88c9bbd0,
0x000001dd88d1d8b0, 0x000001dd88db2c10, 0x000001dd88db6520, 0x000001dd88f31b20,
0x000001dd8920ee00, 0x000001dd892c8aa0, 0x000001dd89a4c110, 0x000001dd89a4c690,
0x000001dd8a17d230, 0x000001dd8c744080, 0x000001dd8b274dd0
}

Java Threads: ( => current thread )
  0x000001dde0c0f270 JavaThread "main" [_thread_in_vm, id=12244, stack(0x00000058b9200000,0x00000058b9300000)]
  0x000001dd848df950 JavaThread "Reference Handler" daemon [_thread_blocked, id=20464, stack(0x00000058b9900000,0x00000058b9a00000)]
  0x000001dd848e0740 JavaThread "Finalizer" daemon [_thread_blocked, id=8896, stack(0x00000058b9a00000,0x00000058b9b00000)]
  0x000001dd848e4020 JavaThread "Signal Dispatcher" daemon [_thread_blocked, id=7760, stack(0x00000058b9b00000,0x00000058b9c00000)]
  0x000001dd848e6b70 JavaThread "Attach Listener" daemon [_thread_blocked, id=2880, stack(0x00000058b9c00000,0x00000058b9d00000)]
  0x000001dd848e75a0 JavaThread "Service Thread" daemon [_thread_blocked, id=23724, stack(0x00000058b9d00000,0x00000058b9e00000)]
  0x000001dd848e99c0 JavaThread "Monitor Deflation Thread" daemon [_thread_blocked, id=9376, stack(0x00000058b9e00000,0x00000058b9f00000)]
  0x000001dd848ea7c0 JavaThread "C2 CompilerThread0" daemon [_thread_in_native, id=14004, stack(0x00000058b9f00000,0x00000058ba000000)]
  0x000001dd848eda90 JavaThread "C1 CompilerThread0" daemon [_thread_blocked, id=4664, stack(0x00000058ba000000,0x00000058ba100000)]
  0x000001dd848f0e30 JavaThread "Sweeper thread" daemon [_thread_blocked, id=26488, stack(0x00000058ba100000,0x00000058ba200000)]
  0x000001dd88c9ae30 JavaThread "C1 CompilerThread1" daemon [_thread_in_vm, id=8328, stack(0x00000058ba200000,0x00000058ba300000)]
  0x000001dd88c9bbd0 JavaThread "C1 CompilerThread2" daemon [_thread_blocked, id=20936, stack(0x00000058ba300000,0x00000058ba400000)]
  0x000001dd88d1d8b0 JavaThread "Common-Cleaner" daemon [_thread_blocked, id=17272, stack(0x00000058ba400000,0x00000058ba500000)]
  0x000001dd88db2c10 JavaThread "Monitor Ctrl-Break" daemon [_thread_in_native, id=8208, stack(0x00000058ba500000,0x00000058ba600000)]
  0x000001dd88db6520 JavaThread "Notification Thread" daemon [_thread_blocked, id=9240, stack(0x00000058ba600000,0x00000058ba700000)]
=>0x000001dd88f31b20 JavaThread "C2 CompilerThread1" daemon [_thread_in_native, id=7504, stack(0x00000058ba800000,0x00000058ba900000)]
  0x000001dd8920ee00 JavaThread "C1 CompilerThread3" daemon [_thread_blocked, id=9368, stack(0x00000058ba900000,0x00000058baa00000)]
  0x000001dd892c8aa0 JavaThread "C2 CompilerThread2" daemon [_thread_in_native, id=9188, stack(0x00000058baa00000,0x00000058bab00000)]
  0x000001dd89a4c110 JavaThread "C2 CompilerThread3" daemon [_thread_in_native, id=24952, stack(0x00000058bab00000,0x00000058bac00000)]
  0x000001dd89a4c690 JavaThread "C2 CompilerThread4" daemon [_thread_in_native, id=7196, stack(0x00000058bac00000,0x00000058bad00000)]
  0x000001dd8a17d230 JavaThread "C2 CompilerThread5" daemon [_thread_blocked, id=15656, stack(0x00000058bad00000,0x00000058bae00000)]
  0x000001dd8c744080 JavaThread "C2 CompilerThread6" daemon [_thread_in_native, id=19620, stack(0x00000058bae00000,0x00000058baf00000)]
  0x000001dd8b274dd0 JavaThread "C2 CompilerThread7" daemon [_thread_in_native, id=26272, stack(0x00000058bbd00000,0x00000058bbe00000)]

Other Threads:
  0x000001dd848c2e10 VMThread "VM Thread" [stack: 0x00000058b9800000,0x00000058b9900000] [id=8832]
  0x000001dd88db9f10 WatcherThread "VM Periodic Task Thread" [stack: 0x00000058ba700000,0x00000058ba800000] [id=15728]
  0x000001dde0c80c30 WorkerThread "GC Thread#0" [stack: 0x00000058b9300000,0x00000058b9400000] [id=9572]
  0x000001dd890d3ce0 WorkerThread "GC Thread#1" [stack: 0x00000058bb000000,0x00000058bb100000] [id=8408]
  0x000001dd890d4dc0 WorkerThread "GC Thread#2" [stack: 0x00000058bb100000,0x00000058bb200000] [id=22268]
  0x000001dd890d4af0 WorkerThread "GC Thread#3" [stack: 0x00000058bb200000,0x00000058bb300000] [id=24096]
  0x000001dd890d3a10 WorkerThread "GC Thread#4" [stack: 0x00000058bb300000,0x00000058bb400000] [id=24984]
  0x000001dd890d4820 WorkerThread "GC Thread#5" [stack: 0x00000058bb400000,0x00000058bb500000] [id=13564]
  0x000001dd890d5090 WorkerThread "GC Thread#6" [stack: 0x00000058bb500000,0x00000058bb600000] [id=20376]
  0x000001dd890d5360 WorkerThread "GC Thread#7" [stack: 0x00000058bb600000,0x00000058bb700000] [id=10788]
  0x000001dd8a9a3ee0 WorkerThread "GC Thread#8" [stack: 0x00000058baf00000,0x00000058bb000000] [id=11244]
  0x000001dd8a9a4cf0 WorkerThread "GC Thread#9" [stack: 0x00000058bb700000,0x00000058bb800000] [id=7812]
  0x000001dd8a9a3c10 WorkerThread "GC Thread#10" [stack: 0x00000058bb800000,0x00000058bb900000] [id=11156]
  0x000001dd8a9a5560 WorkerThread "GC Thread#11" [stack: 0x00000058bb900000,0x00000058bba00000] [id=24188]
  0x000001dd8a9a4750 WorkerThread "GC Thread#12" [stack: 0x00000058bba00000,0x00000058bbb00000] [id=15172]
  0x000001dde0c93760 ConcurrentGCThread "G1 Main Marker" [stack: 0x00000058b9400000,0x00000058b9500000] [id=8472]
  0x000001dde0c94190 WorkerThread "G1 Conc#0" [stack: 0x00000058b9500000,0x00000058b9600000] [id=19544]
  0x000001dd8a9a6370 WorkerThread "G1 Conc#1" [stack: 0x00000058bbb00000,0x00000058bbc00000] [id=3028]
  0x000001dd8a9a4fc0 WorkerThread "G1 Conc#2" [stack: 0x00000058bbc00000,0x00000058bbd00000] [id=4516]
  0x000001dd8477e0a0 ConcurrentGCThread "G1 Refine#0" [stack: 0x00000058b9600000,0x00000058b9700000] [id=9600]
  0x000001dd8477ebe0 ConcurrentGCThread "G1 Service" [stack: 0x00000058b9700000,0x00000058b9800000] [id=19964]

Threads with active compile tasks:
C2 CompilerThread0     6841 11512       4       lombok.core.AST::buildWithField (21 bytes)
C2 CompilerThread1     6841 11513   !   4       lombok.core.AST::buildWithField0 (121 bytes)
C2 CompilerThread2     6841 11516   !   4       lombok.javac.JavacAST::drill (146 bytes)
C2 CompilerThread3     6841 11514       4       lombok.javac.JavacAST::buildStatementOrExpression (104 bytes)
C2 CompilerThread4     6841 11546       4       lombok.core.AST::buildWithCollection (128 bytes)
C2 CompilerThread5     6842 11581       4       java.lang.invoke.Invokers$Holder::invokeExact_MT (24 bytes)
C2 CompilerThread6     6842 11577       4       java.lang.reflect.Field::get (39 bytes)
C2 CompilerThread7     6842 11529       4       lombok.javac.JavacAST::buildTree (176 bytes)

VM state: not at safepoint (normal execution)

VM Mutex/Monitor currently owned by a thread: None

Heap address: 0x0000000705e00000, size: 4002 MB, Compressed Oops mode: Zero based, Oop shift amount: 3

CDS archive(s) mapped at: [0x0000000800000000-0x0000000800c40000-0x0000000800c40000), size 12845056, SharedBaseAddress: 0x0000000800000000, ArchiveRelocationMode: 0.
Compressed class space mapped at: 0x0000000801000000-0x0000000841000000, reserved size: 1073741824
Narrow klass base: 0x0000000800000000, Narrow klass shift: 0, Narrow klass range: 0x100000000

GC Precious Log:
 CardTable entry size: 512
 Card Set container configuration: InlinePtr #cards 4 size 8 Array Of Cards #cards 16 size 48 Howl #buckets 8 coarsen threshold 3686 Howl Bitmap #cards 512 size 80 coarsen threshold 460 Card regions per heap region 1 cards per card region 4096
 CPUs: 16 total, 16 available
 Memory: 16005M
 Large Page Support: Disabled
 NUMA Support: Disabled
 Compressed Oops: Enabled (Zero based)
 Heap Region Size: 2M
 Heap Min Capacity: 8M
 Heap Initial Capacity: 252M
 Heap Max Capacity: 4002M
 Pre-touch: Disabled
 Parallel Workers: 13
 Concurrent Workers: 3
 Concurrent Refinement Workers: 13
 Periodic GC: Disabled

Heap:
 garbage-first heap   total 225280K, used 105788K [0x0000000705e00000, 0x0000000800000000)
  region size 2048K, 11 young (22528K), 3 survivors (6144K)
 Metaspace       used 33641K, committed 34304K, reserved 1114112K
  class space    used 3434K, committed 3776K, reserved 1048576K

Heap Regions: E=young(eden), S=young(survivor), O=old, HS=humongous(starts), HC=humongous(continues), CS=collection set, F=free, OA=open archive, CA=closed archive, TAMS=top-at-mark-start (previous, next)
|   0|0x0000000705e00000, 0x0000000706000000, 0x0000000706000000|100%| O|  |TAMS 0x0000000706000000, 0x0000000705e00000| Untracked 
|   1|0x0000000706000000, 0x0000000706200000, 0x0000000706200000|100%| O|  |TAMS 0x0000000706000000, 0x0000000706000000| Untracked 
|   2|0x0000000706200000, 0x0000000706400000, 0x0000000706400000|100%| O|  |TAMS 0x0000000706200000, 0x0000000706200000| Untracked 
|   3|0x0000000706400000, 0x0000000706600000, 0x0000000706600000|100%| O|  |TAMS 0x0000000706400000, 0x0000000706400000| Untracked 
|   4|0x0000000706600000, 0x0000000706800000, 0x0000000706800000|100%| O|  |TAMS 0x0000000706600000, 0x0000000706600000| Untracked 
|   5|0x0000000706800000, 0x0000000706a00000, 0x0000000706a00000|100%| O|  |TAMS 0x0000000706800000, 0x0000000706800000| Untracked 
|   6|0x0000000706a00000, 0x0000000706c00000, 0x0000000706c00000|100%| O|  |TAMS 0x0000000706a00000, 0x0000000706a00000| Untracked 
|   7|0x0000000706c00000, 0x0000000706e00000, 0x0000000706e00000|100%| O|  |TAMS 0x0000000706c00000, 0x0000000706c00000| Untracked 
|   8|0x0000000706e00000, 0x0000000707000000, 0x0000000707000000|100%| O|  |TAMS 0x0000000706e00000, 0x0000000706e00000| Untracked 
|   9|0x0000000707000000, 0x0000000707200000, 0x0000000707200000|100%| O|  |TAMS 0x0000000707000000, 0x0000000707000000| Untracked 
|  10|0x0000000707200000, 0x0000000707400000, 0x0000000707400000|100%| O|  |TAMS 0x0000000707200000, 0x0000000707200000| Untracked 
|  11|0x0000000707400000, 0x0000000707600000, 0x0000000707600000|100%| O|  |TAMS 0x0000000707400000, 0x0000000707400000| Untracked 
|  12|0x0000000707600000, 0x0000000707800000, 0x0000000707800000|100%| O|  |TAMS 0x0000000707600000, 0x0000000707600000| Untracked 
|  13|0x0000000707800000, 0x0000000707a00000, 0x0000000707a00000|100%| O|  |TAMS 0x0000000707800000, 0x0000000707800000| Untracked 
|  14|0x0000000707a00000, 0x0000000707c00000, 0x0000000707c00000|100%| O|  |TAMS 0x0000000707a00000, 0x0000000707a00000| Untracked 
|  15|0x0000000707c00000, 0x0000000707e00000, 0x0000000707e00000|100%| O|  |TAMS 0x0000000707c00000, 0x0000000707c00000| Untracked 
|  16|0x0000000707e00000, 0x0000000708000000, 0x0000000708000000|100%| O|  |TAMS 0x0000000707e00000, 0x0000000707e00000| Untracked 
|  17|0x0000000708000000, 0x0000000708200000, 0x0000000708200000|100%| O|  |TAMS 0x0000000708000000, 0x0000000708000000| Untracked 
|  18|0x0000000708200000, 0x0000000708400000, 0x0000000708400000|100%| O|  |TAMS 0x0000000708200000, 0x0000000708200000| Untracked 
|  19|0x0000000708400000, 0x0000000708600000, 0x0000000708600000|100%|HS|  |TAMS 0x0000000708400000, 0x0000000708400000| Complete 
|  20|0x0000000708600000, 0x0000000708800000, 0x0000000708800000|100%|HC|  |TAMS 0x0000000708600000, 0x0000000708600000| Complete 
|  21|0x0000000708800000, 0x0000000708a00000, 0x0000000708a00000|100%| O|  |TAMS 0x0000000708800000, 0x0000000708800000| Untracked 
|  22|0x0000000708a00000, 0x0000000708c00000, 0x0000000708c00000|100%| O|  |TAMS 0x0000000708a00000, 0x0000000708a00000| Untracked 
|  23|0x0000000708c00000, 0x0000000708dffff8, 0x0000000708e00000| 99%| O|  |TAMS 0x0000000708c00000, 0x0000000708c00000| Untracked 
|  24|0x0000000708e00000, 0x0000000709000000, 0x0000000709000000|100%| O|  |TAMS 0x0000000708e00000, 0x0000000708e00000| Untracked 
|  25|0x0000000709000000, 0x0000000709200000, 0x0000000709200000|100%| O|  |TAMS 0x0000000709000000, 0x0000000709000000| Untracked 
|  26|0x0000000709200000, 0x0000000709400000, 0x0000000709400000|100%| O|  |TAMS 0x0000000709200000, 0x0000000709200000| Untracked 
|  27|0x0000000709400000, 0x0000000709400000, 0x0000000709600000|  0%| F|  |TAMS 0x0000000709400000, 0x0000000709400000| Untracked 
|  28|0x0000000709600000, 0x0000000709800000, 0x0000000709800000|100%| O|  |TAMS 0x0000000709600000, 0x0000000709600000| Untracked 
|  29|0x0000000709800000, 0x0000000709a00000, 0x0000000709a00000|100%| O|  |TAMS 0x0000000709800000, 0x0000000709800000| Untracked 
|  30|0x0000000709a00000, 0x0000000709a00000, 0x0000000709c00000|  0%| F|  |TAMS 0x0000000709a00000, 0x0000000709a00000| Untracked 
|  31|0x0000000709c00000, 0x0000000709c00000, 0x0000000709e00000|  0%| F|  |TAMS 0x0000000709c00000, 0x0000000709c00000| Untracked 
|  32|0x0000000709e00000, 0x000000070a000000, 0x000000070a000000|100%| O|  |TAMS 0x0000000709e00000, 0x0000000709e00000| Untracked 
|  33|0x000000070a000000, 0x000000070a000000, 0x000000070a200000|  0%| F|  |TAMS 0x000000070a000000, 0x000000070a000000| Untracked 
|  34|0x000000070a200000, 0x000000070a400000, 0x000000070a400000|100%| O|  |TAMS 0x000000070a200000, 0x000000070a200000| Untracked 
|  35|0x000000070a400000, 0x000000070a400000, 0x000000070a600000|  0%| F|  |TAMS 0x000000070a400000, 0x000000070a400000| Untracked 
|  36|0x000000070a600000, 0x000000070a800000, 0x000000070a800000|100%| O|  |TAMS 0x000000070a600000, 0x000000070a600000| Untracked 
|  37|0x000000070a800000, 0x000000070a800000, 0x000000070aa00000|  0%| F|  |TAMS 0x000000070a800000, 0x000000070a800000| Untracked 
|  38|0x000000070aa00000, 0x000000070aa00000, 0x000000070ac00000|  0%| F|  |TAMS 0x000000070aa00000, 0x000000070aa00000| Untracked 
|  39|0x000000070ac00000, 0x000000070ae00000, 0x000000070ae00000|100%| O|  |TAMS 0x000000070ac00000, 0x000000070ac00000| Untracked 
|  40|0x000000070ae00000, 0x000000070b000000, 0x000000070b000000|100%| O|  |TAMS 0x000000070ae00000, 0x000000070ae00000| Untracked 
|  41|0x000000070b000000, 0x000000070b000000, 0x000000070b200000|  0%| F|  |TAMS 0x000000070b000000, 0x000000070b000000| Untracked 
|  42|0x000000070b200000, 0x000000070b200000, 0x000000070b400000|  0%| F|  |TAMS 0x000000070b200000, 0x000000070b200000| Untracked 
|  43|0x000000070b400000, 0x000000070b400000, 0x000000070b600000|  0%| F|  |TAMS 0x000000070b400000, 0x000000070b400000| Untracked 
|  44|0x000000070b600000, 0x000000070b600000, 0x000000070b800000|  0%| F|  |TAMS 0x000000070b600000, 0x000000070b600000| Untracked 
|  45|0x000000070b800000, 0x000000070b800000, 0x000000070ba00000|  0%| F|  |TAMS 0x000000070b800000, 0x000000070b800000| Untracked 
|  46|0x000000070ba00000, 0x000000070ba00000, 0x000000070bc00000|  0%| F|  |TAMS 0x000000070ba00000, 0x000000070ba00000| Untracked 
|  47|0x000000070bc00000, 0x000000070bc00000, 0x000000070be00000|  0%| F|  |TAMS 0x000000070bc00000, 0x000000070bc00000| Untracked 
|  48|0x000000070be00000, 0x000000070be00000, 0x000000070c000000|  0%| F|  |TAMS 0x000000070be00000, 0x000000070be00000| Untracked 
|  49|0x000000070c000000, 0x000000070c000000, 0x000000070c200000|  0%| F|  |TAMS 0x000000070c000000, 0x000000070c000000| Untracked 
|  50|0x000000070c200000, 0x000000070c200000, 0x000000070c400000|  0%| F|  |TAMS 0x000000070c200000, 0x000000070c200000| Untracked 
|  51|0x000000070c400000, 0x000000070c400000, 0x000000070c600000|  0%| F|  |TAMS 0x000000070c400000, 0x000000070c400000| Untracked 
|  52|0x000000070c600000, 0x000000070c600000, 0x000000070c800000|  0%| F|  |TAMS 0x000000070c600000, 0x000000070c600000| Untracked 
|  53|0x000000070c800000, 0x000000070c800000, 0x000000070ca00000|  0%| F|  |TAMS 0x000000070c800000, 0x000000070c800000| Untracked 
|  54|0x000000070ca00000, 0x000000070cb4f3e8, 0x000000070cc00000| 65%| S|CS|TAMS 0x000000070ca00000, 0x000000070ca00000| Complete 
|  55|0x000000070cc00000, 0x000000070ce00000, 0x000000070ce00000|100%| S|CS|TAMS 0x000000070cc00000, 0x000000070cc00000| Complete 
|  56|0x000000070ce00000, 0x000000070d000000, 0x000000070d000000|100%| S|CS|TAMS 0x000000070ce00000, 0x000000070ce00000| Complete 
|  57|0x000000070d000000, 0x000000070d000000, 0x000000070d200000|  0%| F|  |TAMS 0x000000070d000000, 0x000000070d000000| Untracked 
|  58|0x000000070d200000, 0x000000070d200000, 0x000000070d400000|  0%| F|  |TAMS 0x000000070d200000, 0x000000070d200000| Untracked 
|  59|0x000000070d400000, 0x000000070d400000, 0x000000070d600000|  0%| F|  |TAMS 0x000000070d400000, 0x000000070d400000| Untracked 
|  60|0x000000070d600000, 0x000000070d600000, 0x000000070d800000|  0%| F|  |TAMS 0x000000070d600000, 0x000000070d600000| Untracked 
|  61|0x000000070d800000, 0x000000070d800000, 0x000000070da00000|  0%| F|  |TAMS 0x000000070d800000, 0x000000070d800000| Untracked 
|  62|0x000000070da00000, 0x000000070da00000, 0x000000070dc00000|  0%| F|  |TAMS 0x000000070da00000, 0x000000070da00000| Untracked 
|  63|0x000000070dc00000, 0x000000070dc00000, 0x000000070de00000|  0%| F|  |TAMS 0x000000070dc00000, 0x000000070dc00000| Untracked 
|  64|0x000000070de00000, 0x000000070de00000, 0x000000070e000000|  0%| F|  |TAMS 0x000000070de00000, 0x000000070de00000| Untracked 
|  65|0x000000070e000000, 0x000000070e000000, 0x000000070e200000|  0%| F|  |TAMS 0x000000070e000000, 0x000000070e000000| Untracked 
|  66|0x000000070e200000, 0x000000070e200000, 0x000000070e400000|  0%| F|  |TAMS 0x000000070e200000, 0x000000070e200000| Untracked 
|  67|0x000000070e400000, 0x000000070e400000, 0x000000070e600000|  0%| F|  |TAMS 0x000000070e400000, 0x000000070e400000| Untracked 
|  68|0x000000070e600000, 0x000000070e600000, 0x000000070e800000|  0%| F|  |TAMS 0x000000070e600000, 0x000000070e600000| Untracked 
|  69|0x000000070e800000, 0x000000070e800000, 0x000000070ea00000|  0%| F|  |TAMS 0x000000070e800000, 0x000000070e800000| Untracked 
|  70|0x000000070ea00000, 0x000000070ea00000, 0x000000070ec00000|  0%| F|  |TAMS 0x000000070ea00000, 0x000000070ea00000| Untracked 
|  71|0x000000070ec00000, 0x000000070ec00000, 0x000000070ee00000|  0%| F|  |TAMS 0x000000070ec00000, 0x000000070ec00000| Untracked 
|  72|0x000000070ee00000, 0x000000070ee00000, 0x000000070f000000|  0%| F|  |TAMS 0x000000070ee00000, 0x000000070ee00000| Untracked 
|  73|0x000000070f000000, 0x000000070f000000, 0x000000070f200000|  0%| F|  |TAMS 0x000000070f000000, 0x000000070f000000| Untracked 
|  74|0x000000070f200000, 0x000000070f200000, 0x000000070f400000|  0%| F|  |TAMS 0x000000070f200000, 0x000000070f200000| Untracked 
|  75|0x000000070f400000, 0x000000070f400000, 0x000000070f600000|  0%| F|  |TAMS 0x000000070f400000, 0x000000070f400000| Untracked 
|  76|0x000000070f600000, 0x000000070f600000, 0x000000070f800000|  0%| F|  |TAMS 0x000000070f600000, 0x000000070f600000| Untracked 
|  77|0x000000070f800000, 0x000000070f800000, 0x000000070fa00000|  0%| F|  |TAMS 0x000000070f800000, 0x000000070f800000| Untracked 
|  78|0x000000070fa00000, 0x000000070fa00000, 0x000000070fc00000|  0%| F|  |TAMS 0x000000070fa00000, 0x000000070fa00000| Untracked 
|  79|0x000000070fc00000, 0x000000070fc00000, 0x000000070fe00000|  0%| F|  |TAMS 0x000000070fc00000, 0x000000070fc00000| Untracked 
|  80|0x000000070fe00000, 0x000000070fe00000, 0x0000000710000000|  0%| F|  |TAMS 0x000000070fe00000, 0x000000070fe00000| Untracked 
|  81|0x0000000710000000, 0x0000000710000000, 0x0000000710200000|  0%| F|  |TAMS 0x0000000710000000, 0x0000000710000000| Untracked 
|  82|0x0000000710200000, 0x0000000710200000, 0x0000000710400000|  0%| F|  |TAMS 0x0000000710200000, 0x0000000710200000| Untracked 
|  83|0x0000000710400000, 0x0000000710400000, 0x0000000710600000|  0%| F|  |TAMS 0x0000000710400000, 0x0000000710400000| Untracked 
|  84|0x0000000710600000, 0x0000000710600000, 0x0000000710800000|  0%| F|  |TAMS 0x0000000710600000, 0x0000000710600000| Untracked 
|  85|0x0000000710800000, 0x0000000710800000, 0x0000000710a00000|  0%| F|  |TAMS 0x0000000710800000, 0x0000000710800000| Untracked 
|  86|0x0000000710a00000, 0x0000000710a00000, 0x0000000710c00000|  0%| F|  |TAMS 0x0000000710a00000, 0x0000000710a00000| Untracked 
|  87|0x0000000710c00000, 0x0000000710c00000, 0x0000000710e00000|  0%| F|  |TAMS 0x0000000710c00000, 0x0000000710c00000| Untracked 
|  88|0x0000000710e00000, 0x0000000710e00000, 0x0000000711000000|  0%| F|  |TAMS 0x0000000710e00000, 0x0000000710e00000| Untracked 
|  89|0x0000000711000000, 0x0000000711000000, 0x0000000711200000|  0%| F|  |TAMS 0x0000000711000000, 0x0000000711000000| Untracked 
|  90|0x0000000711200000, 0x0000000711200000, 0x0000000711400000|  0%| F|  |TAMS 0x0000000711200000, 0x0000000711200000| Untracked 
|  91|0x0000000711400000, 0x0000000711400000, 0x0000000711600000|  0%| F|  |TAMS 0x0000000711400000, 0x0000000711400000| Untracked 
|  92|0x0000000711600000, 0x0000000711600000, 0x0000000711800000|  0%| F|  |TAMS 0x0000000711600000, 0x0000000711600000| Untracked 
|  93|0x0000000711800000, 0x0000000711800000, 0x0000000711a00000|  0%| F|  |TAMS 0x0000000711800000, 0x0000000711800000| Untracked 
|  94|0x0000000711a00000, 0x0000000711c00000, 0x0000000711c00000|100%| E|  |TAMS 0x0000000711a00000, 0x0000000711a00000| Complete 
|  95|0x0000000711c00000, 0x0000000711e00000, 0x0000000711e00000|100%| E|CS|TAMS 0x0000000711c00000, 0x0000000711c00000| Complete 
|  96|0x0000000711e00000, 0x0000000712000000, 0x0000000712000000|100%| E|CS|TAMS 0x0000000711e00000, 0x0000000711e00000| Complete 
|  97|0x0000000712000000, 0x0000000712200000, 0x0000000712200000|100%| E|CS|TAMS 0x0000000712000000, 0x0000000712000000| Complete 
|  98|0x0000000712200000, 0x0000000712400000, 0x0000000712400000|100%| E|CS|TAMS 0x0000000712200000, 0x0000000712200000| Complete 
|  99|0x0000000712400000, 0x0000000712600000, 0x0000000712600000|100%| E|CS|TAMS 0x0000000712400000, 0x0000000712400000| Complete 
| 100|0x0000000712600000, 0x0000000712800000, 0x0000000712800000|100%| E|CS|TAMS 0x0000000712600000, 0x0000000712600000| Complete 
| 125|0x0000000715800000, 0x0000000715a00000, 0x0000000715a00000|100%| E|CS|TAMS 0x0000000715800000, 0x0000000715800000| Complete 
|1993|0x00000007ff000000, 0x00000007ff200000, 0x00000007ff200000|100%| O|  |TAMS 0x00000007ff000000, 0x00000007ff000000| Untracked 
|1994|0x00000007ff200000, 0x00000007ff400000, 0x00000007ff400000|100%| O|  |TAMS 0x00000007ff200000, 0x00000007ff200000| Untracked 
|1995|0x00000007ff400000, 0x00000007ff600000, 0x00000007ff600000|100%| O|  |TAMS 0x00000007ff400000, 0x00000007ff400000| Untracked 
|1996|0x00000007ff600000, 0x00000007ff800000, 0x00000007ff800000|100%| O|  |TAMS 0x00000007ff600000, 0x00000007ff600000| Untracked 
|1997|0x00000007ff800000, 0x00000007ffa00000, 0x00000007ffa00000|100%| O|  |TAMS 0x00000007ff800000, 0x00000007ff800000| Untracked 
|1998|0x00000007ffa00000, 0x00000007ffc00000, 0x00000007ffc00000|100%| O|  |TAMS 0x00000007ffa00000, 0x00000007ffa00000| Untracked 
|1999|0x00000007ffc00000, 0x00000007ffe00000, 0x00000007ffe00000|100%| O|  |TAMS 0x00000007ffc00000, 0x00000007ffc00000| Untracked 
|2000|0x00000007ffe00000, 0x0000000800000000, 0x0000000800000000|100%| O|  |TAMS 0x00000007ffe00000, 0x00000007ffe00000| Untracked 

Card table byte_map: [0x000001ddf8bd0000,0x000001ddf93b0000] _byte_map_base: 0x000001ddf53a1000

Marking Bits (Prev, Next): (CMBitMap*) 0x000001dde0c822b0, (CMBitMap*) 0x000001dde0c82270
 Prev Bits: [0x000001dd80000000, 0x000001dd83e88000)
 Next Bits: [0x000001ddf9b90000, 0x000001ddfda18000)

Polling page: 0x000001dddeba0000

Metaspace:

Usage:
  Non-class:     29.51 MB used.
      Class:      3.35 MB used.
       Both:     32.86 MB used.

Virtual space:
  Non-class space:       64.00 MB reserved,      29.81 MB ( 47%) committed,  1 nodes.
      Class space:        1.00 GB reserved,       3.69 MB ( <1%) committed,  1 nodes.
             Both:        1.06 GB reserved,      33.50 MB (  3%) committed. 

Chunk freelists:
   Non-Class:  1.84 MB
       Class:  304.00 KB
        Both:  2.14 MB

MaxMetaspaceSize: unlimited
CompressedClassSpaceSize: 1.00 GB
Initial GC threshold: 21.00 MB
Current GC threshold: 35.44 MB
CDS: on
MetaspaceReclaimPolicy: balanced
 - commit_granule_bytes: 65536.
 - commit_granule_words: 8192.
 - virtual_space_node_default_size: 8388608.
 - enlarge_chunks_in_place: 1.
 - new_chunks_are_fully_committed: 0.
 - uncommit_free_chunks: 1.
 - use_allocation_guard: 0.


Internal statistics:

num_allocs_failed_limit: 3.
num_arena_births: 752.
num_arena_deaths: 0.
num_vsnodes_births: 2.
num_vsnodes_deaths: 0.
num_space_committed: 536.
num_space_uncommitted: 0.
num_chunks_returned_to_freelist: 3.
num_chunks_taken_from_freelist: 2081.
num_chunk_merges: 3.
num_chunk_splits: 1449.
num_chunks_enlarged: 1013.
num_inconsistent_stats: 0.

CodeHeap 'non-profiled nmethods': size=119168Kb used=7288Kb max_used=7288Kb free=111879Kb
 bounds [0x000001ddf0710000, 0x000001ddf0e30000, 0x000001ddf7b70000]
CodeHeap 'profiled nmethods': size=119104Kb used=21071Kb max_used=21740Kb free=98033Kb
 bounds [0x000001dde8b70000, 0x000001ddea0f0000, 0x000001ddeffc0000]
CodeHeap 'non-nmethods': size=7488Kb used=3016Kb max_used=3133Kb free=4471Kb
 bounds [0x000001ddeffc0000, 0x000001ddf02e0000, 0x000001ddf0710000]
 total_blobs=9934 nmethods=9385 adapters=455
 compilation: enabled
              stopped_count=0, restarted_count=0
 full_count=0

Compilation events (20 events):
Event: 6.799 Thread 0x000001dd8c744080 nmethod 11521 0x000001ddf0e27410 code [0x000001ddf0e277a0, 0x000001ddf0e28658]
Event: 6.799 Thread 0x000001dd848eda90 11574   !   3       lombok.javac.JavacAST$ErrorLog::create (120 bytes)
Event: 6.799 Thread 0x000001dd8920ee00 11575       3       lombok.javac.JavacAST::buildCompilationUnit (74 bytes)
Event: 6.800 Thread 0x000001dd8c744080 11530   !   4       lombok.javac.JavacAST::$SWITCH_TABLE$lombok$core$AST$Kind (157 bytes)
Event: 6.800 Thread 0x000001dd848eda90 nmethod 11574 0x000001dde8f86210 code [0x000001dde8f86440, 0x000001dde8f86ad8]
Event: 6.801 Thread 0x000001dd8920ee00 nmethod 11575 0x000001ddea070710 code [0x000001ddea0709c0, 0x000001ddea071ce8]
Event: 6.801 Thread 0x000001dd8c744080 nmethod 11530 0x000001ddf0e29790 code [0x000001ddf0e29920, 0x000001ddf0e29998]
Event: 6.801 Thread 0x000001dd8c744080 11549       4       java.util.Collections$EmptyList::toArray (5 bytes)
Event: 6.802 Thread 0x000001dd8c744080 nmethod 11549 0x000001ddf0e29a90 code [0x000001ddf0e29c20, 0x000001ddf0e29d18]
Event: 6.802 Thread 0x000001dd8c744080 11553       4       lombok.javac.JavacAST::addIfNotNull (13 bytes)
Event: 6.808 Thread 0x000001dd8a17d230 nmethod 11567 0x000001ddf0e29e10 code [0x000001ddf0e29fe0, 0x000001ddf0e2a728]
Event: 6.808 Thread 0x000001dd8a17d230 11554       4       java.util.stream.ReferencePipeline::collect (124 bytes)
Event: 6.811 Thread 0x000001dd8c744080 nmethod 11553 0x000001ddf0e2ab90 code [0x000001ddf0e2ad40, 0x000001ddf0e2b598]
Event: 6.811 Thread 0x000001dd8c744080 11568       4       java.util.stream.ReduceOps::makeRef (42 bytes)
Event: 6.813 Thread 0x000001dd8c744080 nmethod 11568 0x000001ddf0e2b890 code [0x000001ddf0e2ba20, 0x000001ddf0e2bb58]
Event: 6.813 Thread 0x000001dd8c744080 11527       4       java.util.IdentityHashMap::<init> (11 bytes)
Event: 6.813 Thread 0x000001dd8a17d230 nmethod 11554 0x000001ddf0e2bc90 code [0x000001ddf0e2be60, 0x000001ddf0e2c258]
Event: 6.813 Thread 0x000001dd8a17d230 11528       4       sun.reflect.generics.parser.SignatureParser::init (16 bytes)
Event: 6.814 Thread 0x000001dd8a17d230 nmethod 11528 0x000001ddf0e2c710 code [0x000001ddf0e2c880, 0x000001ddf0e2c9d8]
Event: 6.814 Thread 0x000001dd8c744080 nmethod 11527 0x000001ddf0e2ca90 code [0x000001ddf0e2cc20, 0x000001ddf0e2ce38]

GC Heap History (20 events):
Event: 3.623 GC heap before
{Heap before GC invocations=11 (full 0):
 garbage-first heap   total 120832K, used 92159K [0x0000000705e00000, 0x0000000800000000)
  region size 2048K, 20 young (40960K), 1 survivors (2048K)
 Metaspace       used 27746K, committed 28224K, reserved 1114112K
  class space    used 2883K, committed 3136K, reserved 1048576K
}
Event: 3.625 GC heap after
{Heap after GC invocations=12 (full 0):
 garbage-first heap   total 151552K, used 53335K [0x0000000705e00000, 0x0000000800000000)
  region size 2048K, 1 young (2048K), 1 survivors (2048K)
 Metaspace       used 27746K, committed 28224K, reserved 1114112K
  class space    used 2883K, committed 3136K, reserved 1048576K
}
Event: 3.867 GC heap before
{Heap before GC invocations=12 (full 0):
 garbage-first heap   total 151552K, used 114775K [0x0000000705e00000, 0x0000000800000000)
  region size 2048K, 31 young (63488K), 1 survivors (2048K)
 Metaspace       used 28441K, committed 28992K, reserved 1114112K
  class space    used 2966K, committed 3264K, reserved 1048576K
}
Event: 3.870 GC heap after
{Heap after GC invocations=13 (full 0):
 garbage-first heap   total 151552K, used 54015K [0x0000000705e00000, 0x0000000800000000)
  region size 2048K, 2 young (4096K), 2 survivors (4096K)
 Metaspace       used 28441K, committed 28992K, reserved 1114112K
  class space    used 2966K, committed 3264K, reserved 1048576K
}
Event: 3.988 GC heap before
{Heap before GC invocations=13 (full 0):
 garbage-first heap   total 151552K, used 117503K [0x0000000705e00000, 0x0000000800000000)
  region size 2048K, 33 young (67584K), 2 survivors (4096K)
 Metaspace       used 28609K, committed 29120K, reserved 1114112K
  class space    used 2974K, committed 3264K, reserved 1048576K
}
Event: 3.991 GC heap after
{Heap after GC invocations=14 (full 0):
 garbage-first heap   total 151552K, used 55427K [0x0000000705e00000, 0x0000000800000000)
  region size 2048K, 2 young (4096K), 2 survivors (4096K)
 Metaspace       used 28609K, committed 29120K, reserved 1114112K
  class space    used 2974K, committed 3264K, reserved 1048576K
}
Event: 4.120 GC heap before
{Heap before GC invocations=14 (full 0):
 garbage-first heap   total 151552K, used 120963K [0x0000000705e00000, 0x0000000800000000)
  region size 2048K, 34 young (69632K), 2 survivors (4096K)
 Metaspace       used 28692K, committed 29248K, reserved 1114112K
  class space    used 2977K, committed 3264K, reserved 1048576K
}
Event: 4.125 GC heap after
{Heap after GC invocations=15 (full 0):
 garbage-first heap   total 151552K, used 57137K [0x0000000705e00000, 0x0000000800000000)
  region size 2048K, 3 young (6144K), 3 survivors (6144K)
 Metaspace       used 28692K, committed 29248K, reserved 1114112K
  class space    used 2977K, committed 3264K, reserved 1048576K
}
Event: 4.246 GC heap before
{Heap before GC invocations=15 (full 0):
 garbage-first heap   total 151552K, used 120625K [0x0000000705e00000, 0x0000000800000000)
  region size 2048K, 34 young (69632K), 3 survivors (6144K)
 Metaspace       used 28789K, committed 29376K, reserved 1114112K
  class space    used 2977K, committed 3264K, reserved 1048576K
}
Event: 4.251 GC heap after
{Heap after GC invocations=16 (full 0):
 garbage-first heap   total 184320K, used 56574K [0x0000000705e00000, 0x0000000800000000)
  region size 2048K, 2 young (4096K), 2 survivors (4096K)
 Metaspace       used 28789K, committed 29376K, reserved 1114112K
  class space    used 2977K, committed 3264K, reserved 1048576K
}
Event: 4.606 GC heap before
{Heap before GC invocations=16 (full 0):
 garbage-first heap   total 184320K, used 150782K [0x0000000705e00000, 0x0000000800000000)
  region size 2048K, 48 young (98304K), 2 survivors (4096K)
 Metaspace       used 29973K, committed 30528K, reserved 1114112K
  class space    used 3145K, committed 3456K, reserved 1048576K
}
Event: 4.609 GC heap after
{Heap after GC invocations=17 (full 0):
 garbage-first heap   total 184320K, used 57348K [0x0000000705e00000, 0x0000000800000000)
  region size 2048K, 3 young (6144K), 3 survivors (6144K)
 Metaspace       used 29973K, committed 30528K, reserved 1114112K
  class space    used 3145K, committed 3456K, reserved 1048576K
}
Event: 5.372 GC heap before
{Heap before GC invocations=17 (full 0):
 garbage-first heap   total 184320K, used 151556K [0x0000000705e00000, 0x0000000800000000)
  region size 2048K, 49 young (100352K), 3 survivors (6144K)
 Metaspace       used 31610K, committed 32192K, reserved 1114112K
  class space    used 3239K, committed 3520K, reserved 1048576K
}
Event: 5.377 GC heap after
{Heap after GC invocations=18 (full 0):
 garbage-first heap   total 184320K, used 59214K [0x0000000705e00000, 0x0000000800000000)
  region size 2048K, 4 young (8192K), 4 survivors (8192K)
 Metaspace       used 31610K, committed 32192K, reserved 1114112K
  class space    used 3239K, committed 3520K, reserved 1048576K
}
Event: 5.796 GC heap before
{Heap before GC invocations=18 (full 0):
 garbage-first heap   total 184320K, used 157518K [0x0000000705e00000, 0x0000000800000000)
  region size 2048K, 50 young (102400K), 4 survivors (8192K)
 Metaspace       used 31879K, committed 32512K, reserved 1114112K
  class space    used 3247K, committed 3584K, reserved 1048576K
}
Event: 5.803 GC heap after
{Heap after GC invocations=19 (full 0):
 garbage-first heap   total 184320K, used 63719K [0x0000000705e00000, 0x0000000800000000)
  region size 2048K, 5 young (10240K), 5 survivors (10240K)
 Metaspace       used 31879K, committed 32512K, reserved 1114112K
  class space    used 3247K, committed 3584K, reserved 1048576K
}
Event: 6.369 GC heap before
{Heap before GC invocations=19 (full 0):
 garbage-first heap   total 184320K, used 153831K [0x0000000705e00000, 0x0000000800000000)
  region size 2048K, 49 young (100352K), 5 survivors (10240K)
 Metaspace       used 32090K, committed 32704K, reserved 1114112K
  class space    used 3259K, committed 3584K, reserved 1048576K
}
Event: 6.379 GC heap after
{Heap after GC invocations=20 (full 0):
 garbage-first heap   total 186368K, used 85209K [0x0000000705e00000, 0x0000000800000000)
  region size 2048K, 7 young (14336K), 7 survivors (14336K)
 Metaspace       used 32090K, committed 32704K, reserved 1114112K
  class space    used 3259K, committed 3584K, reserved 1048576K
}
Event: 6.768 GC heap before
{Heap before GC invocations=20 (full 0):
 garbage-first heap   total 186368K, used 138457K [0x0000000705e00000, 0x0000000800000000)
  region size 2048K, 33 young (67584K), 7 survivors (14336K)
 Metaspace       used 33422K, committed 34048K, reserved 1114112K
  class space    used 3406K, committed 3712K, reserved 1048576K
}
Event: 6.775 GC heap after
{Heap after GC invocations=21 (full 0):
 garbage-first heap   total 225280K, used 91452K [0x0000000705e00000, 0x0000000800000000)
  region size 2048K, 3 young (6144K), 3 survivors (6144K)
 Metaspace       used 33422K, committed 34048K, reserved 1114112K
  class space    used 3406K, committed 3712K, reserved 1048576K
}

Dll operation events (12 events):
Event: 0.004 Loaded shared library C:\Program Files\Java\jdk-19\bin\java.dll
Event: 0.010 Loaded shared library C:\Program Files\Java\jdk-19\bin\jsvml.dll
Event: 0.042 Loaded shared library C:\Program Files\Java\jdk-19\bin\zip.dll
Event: 0.044 Loaded shared library C:\Program Files\Java\jdk-19\bin\instrument.dll
Event: 0.048 Loaded shared library C:\Program Files\Java\jdk-19\bin\net.dll
Event: 0.049 Loaded shared library C:\Program Files\Java\jdk-19\bin\nio.dll
Event: 0.051 Loaded shared library C:\Program Files\Java\jdk-19\bin\zip.dll
Event: 0.060 Loaded shared library C:\Program Files\JetBrains\IntelliJ IDEA 2022.1.2\bin\breakgen64.dll
Event: 0.065 Loaded shared library C:\Program Files\Java\jdk-19\bin\extnet.dll
Event: 0.115 Loaded shared library C:\Program Files\Java\jdk-19\bin\jimage.dll
Event: 0.157 Loaded shared library C:\Users\99293\AppData\Local\Temp\jansi-2.4.0-33dade52d216aac7-jansi.dll
Event: 0.163 Loaded shared library C:\Program Files\Java\jdk-19\bin\verify.dll

Deoptimization events (20 events):
Event: 6.489 Thread 0x000001dde0c0f270 Uncommon trap: trap_request=0xffffff45 fr.pc=0x000001ddf0ad54a0 relative=0x00000000000000c0
Event: 6.489 Thread 0x000001dde0c0f270 Uncommon trap: reason=unstable_if action=reinterpret pc=0x000001ddf0ad54a0 method=jdk.internal.reflect.MethodHandleObjectFieldAccessorImpl.get(Ljava/lang/Object;)Ljava/lang/Object; @ 4 c2
Event: 6.489 Thread 0x000001dde0c0f270 DEOPT PACKING pc=0x000001ddf0ad54a0 sp=0x00000058b92fc390
Event: 6.489 Thread 0x000001dde0c0f270 DEOPT UNPACKING pc=0x000001ddf0026da3 sp=0x00000058b92fc338 mode 2
Event: 6.553 Thread 0x000001dde0c0f270 Uncommon trap: trap_request=0xffffff45 fr.pc=0x000001ddf0b221d0 relative=0x0000000000003810
Event: 6.553 Thread 0x000001dde0c0f270 Uncommon trap: reason=unstable_if action=reinterpret pc=0x000001ddf0b221d0 method=java.lang.Class.searchMethods([Ljava/lang/reflect/Method;Ljava/lang/String;[Ljava/lang/Class;)Ljava/lang/reflect/Method; @ 59 c2
Event: 6.553 Thread 0x000001dde0c0f270 DEOPT PACKING pc=0x000001ddf0b221d0 sp=0x00000058b92fcc60
Event: 6.553 Thread 0x000001dde0c0f270 DEOPT UNPACKING pc=0x000001ddf0026da3 sp=0x00000058b92fcbd0 mode 2
Event: 6.700 Thread 0x000001dde0c0f270 Uncommon trap: trap_request=0xffffff45 fr.pc=0x000001ddf0acb764 relative=0x0000000000000ca4
Event: 6.700 Thread 0x000001dde0c0f270 Uncommon trap: reason=unstable_if action=reinterpret pc=0x000001ddf0acb764 method=com.sun.source.util.TreePathScanner.scan(Lcom/sun/source/tree/Tree;Ljava/lang/Object;)Ljava/lang/Object; @ 1 c2
Event: 6.700 Thread 0x000001dde0c0f270 DEOPT PACKING pc=0x000001ddf0acb764 sp=0x00000058b92fd270
Event: 6.700 Thread 0x000001dde0c0f270 DEOPT UNPACKING pc=0x000001ddf0026da3 sp=0x00000058b92fd1d0 mode 2
Event: 6.700 Thread 0x000001dde0c0f270 Uncommon trap: trap_request=0xffffff45 fr.pc=0x000001ddf0acc4c0 relative=0x0000000000000700
Event: 6.700 Thread 0x000001dde0c0f270 Uncommon trap: reason=unstable_if action=reinterpret pc=0x000001ddf0acc4c0 method=com.sun.source.util.TreePathScanner.scan(Lcom/sun/source/tree/Tree;Ljava/lang/Object;)Ljava/lang/Object; @ 1 c2
Event: 6.700 Thread 0x000001dde0c0f270 DEOPT PACKING pc=0x000001ddf0acc4c0 sp=0x00000058b92fcec0
Event: 6.700 Thread 0x000001dde0c0f270 DEOPT UNPACKING pc=0x000001ddf0026da3 sp=0x00000058b92fcea8 mode 2
Event: 6.740 Thread 0x000001dde0c0f270 Uncommon trap: trap_request=0xffffff45 fr.pc=0x000001ddf0b4ecc4 relative=0x00000000000003a4
Event: 6.740 Thread 0x000001dde0c0f270 Uncommon trap: reason=unstable_if action=reinterpret pc=0x000001ddf0b4ecc4 method=java.lang.Class.searchMethods([Ljava/lang/reflect/Method;Ljava/lang/String;[Ljava/lang/Class;)Ljava/lang/reflect/Method; @ 59 c2
Event: 6.740 Thread 0x000001dde0c0f270 DEOPT PACKING pc=0x000001ddf0b4ecc4 sp=0x00000058b92fc5f0
Event: 6.740 Thread 0x000001dde0c0f270 DEOPT UNPACKING pc=0x000001ddf0026da3 sp=0x00000058b92fc590 mode 2

Classes loaded (20 events):
Event: 4.749 Loading class java/util/stream/ReduceOps$2ReducingSink
Event: 4.749 Loading class java/util/stream/ReduceOps$2ReducingSink done
Event: 4.760 Loading class java/io/DataOutputStream
Event: 4.760 Loading class java/io/DataOutputStream done
Event: 4.773 Loading class java/lang/invoke/MethodHandleImpl$CountingWrapper
Event: 4.773 Loading class java/lang/invoke/MethodHandleImpl$CountingWrapper done
Event: 5.146 Loading class java/lang/invoke/MethodHandleImpl$CountingWrapper$1
Event: 5.147 Loading class java/lang/invoke/MethodHandleImpl$CountingWrapper$1 done
Event: 5.900 Loading class java/util/EnumMap$Values
Event: 5.900 Loading class java/util/EnumMap$Values done
Event: 5.900 Loading class java/util/EnumMap$ValueIterator
Event: 5.900 Loading class java/util/EnumMap$ValueIterator done
Event: 5.903 Loading class java/util/WeakHashMap$KeyIterator
Event: 5.903 Loading class java/util/WeakHashMap$KeyIterator done
Event: 5.905 Loading class java/text/MessageFormat$Field
Event: 5.905 Loading class java/text/MessageFormat$Field done
Event: 6.094 Loading class jdk/internal/math/FDBigInteger
Event: 6.094 Loading class jdk/internal/math/FDBigInteger done
Event: 6.469 Loading class jdk/internal/module/IllegalAccessLogger
Event: 6.469 Loading class jdk/internal/module/IllegalAccessLogger done

Classes unloaded (0 events):
No events

Classes redefined (0 events):
No events

Internal exceptions (20 events):
Event: 6.453 Thread 0x000001dde0c0f270 Exception <a 'sun/nio/fs/WindowsException'{0x000000070f02dac0}> (0x000000070f02dac0) 
thrown [s\open\src\hotspot\share\prims\jni.cpp, line 517]
Event: 6.453 Thread 0x000001dde0c0f270 Exception <a 'sun/nio/fs/WindowsException'{0x000000070f02ddf0}> (0x000000070f02ddf0) 
thrown [s\open\src\hotspot\share\prims\jni.cpp, line 517]
Event: 6.453 Thread 0x000001dde0c0f270 Exception <a 'sun/nio/fs/WindowsException'{0x000000070f03bf20}> (0x000000070f03bf20) 
thrown [s\open\src\hotspot\share\prims\jni.cpp, line 517]
Event: 6.453 Thread 0x000001dde0c0f270 Exception <a 'sun/nio/fs/WindowsException'{0x000000070f03c210}> (0x000000070f03c210) 
thrown [s\open\src\hotspot\share\prims\jni.cpp, line 517]
Event: 6.454 Thread 0x000001dde0c0f270 Exception <a 'sun/nio/fs/WindowsException'{0x000000070f061858}> (0x000000070f061858) 
thrown [s\open\src\hotspot\share\prims\jni.cpp, line 517]
Event: 6.454 Thread 0x000001dde0c0f270 Exception <a 'sun/nio/fs/WindowsException'{0x000000070f061b88}> (0x000000070f061b88) 
thrown [s\open\src\hotspot\share\prims\jni.cpp, line 517]
Event: 6.454 Thread 0x000001dde0c0f270 Exception <a 'sun/nio/fs/WindowsException'{0x000000070f062b78}> (0x000000070f062b78) 
thrown [s\open\src\hotspot\share\prims\jni.cpp, line 517]
Event: 6.454 Thread 0x000001dde0c0f270 Exception <a 'sun/nio/fs/WindowsException'{0x000000070f062f68}> (0x000000070f062f68) 
thrown [s\open\src\hotspot\share\prims\jni.cpp, line 517]
Event: 6.454 Thread 0x000001dde0c0f270 Exception <a 'sun/nio/fs/WindowsException'{0x000000070f088010}> (0x000000070f088010) 
thrown [s\open\src\hotspot\share\prims\jni.cpp, line 517]
Event: 6.454 Thread 0x000001dde0c0f270 Exception <a 'sun/nio/fs/WindowsException'{0x000000070f088300}> (0x000000070f088300) 
thrown [s\open\src\hotspot\share\prims\jni.cpp, line 517]
Event: 6.454 Thread 0x000001dde0c0f270 Exception <a 'sun/nio/fs/WindowsException'{0x000000070f0891c8}> (0x000000070f0891c8) 
thrown [s\open\src\hotspot\share\prims\jni.cpp, line 517]
Event: 6.454 Thread 0x000001dde0c0f270 Exception <a 'sun/nio/fs/WindowsException'{0x000000070f089498}> (0x000000070f089498) 
thrown [s\open\src\hotspot\share\prims\jni.cpp, line 517]
Event: 6.454 Thread 0x000001dde0c0f270 Exception <a 'sun/nio/fs/WindowsException'{0x000000070f0a8a20}> (0x000000070f0a8a20) 
thrown [s\open\src\hotspot\share\prims\jni.cpp, line 517]
Event: 6.454 Thread 0x000001dde0c0f270 Exception <a 'sun/nio/fs/WindowsException'{0x000000070f0a8ca0}> (0x000000070f0a8ca0) 
thrown [s\open\src\hotspot\share\prims\jni.cpp, line 517]
Event: 6.455 Thread 0x000001dde0c0f270 Exception <a 'sun/nio/fs/WindowsException'{0x000000070f0eafd0}> (0x000000070f0eafd0) 
thrown [s\open\src\hotspot\share\prims\jni.cpp, line 517]
Event: 6.455 Thread 0x000001dde0c0f270 Exception <a 'sun/nio/fs/WindowsException'{0x000000070f0eb298}> (0x000000070f0eb298) 
thrown [s\open\src\hotspot\share\prims\jni.cpp, line 517]
Event: 6.455 Thread 0x000001dde0c0f270 Exception <a 'sun/nio/fs/WindowsException'{0x000000070f0ec220}> (0x000000070f0ec220) 
thrown [s\open\src\hotspot\share\prims\jni.cpp, line 517]
Event: 6.455 Thread 0x000001dde0c0f270 Exception <a 'sun/nio/fs/WindowsException'{0x000000070f0ec5b0}> (0x000000070f0ec5b0) 
thrown [s\open\src\hotspot\share\prims\jni.cpp, line 517]
Event: 6.700 Thread 0x000001dde0c0f270 Implicit null exception at 0x000001ddf0acab13 to 0x000001ddf0acb748
Event: 6.700 Thread 0x000001dde0c0f270 Implicit null exception at 0x000001ddf0acbdf7 to 0x000001ddf0acc4a4

VM Operations (20 events):
Event: 5.776 Executing VM operation: HandshakeAllThreads
Event: 5.776 Executing VM operation: HandshakeAllThreads done
Event: 5.796 Executing VM operation: G1CollectForAllocation
Event: 5.803 Executing VM operation: G1CollectForAllocation done
Event: 5.815 Executing VM operation: HandshakeAllThreads
Event: 5.819 Executing VM operation: HandshakeAllThreads done
Event: 5.819 Executing VM operation: HandshakeAllThreads
Event: 5.819 Executing VM operation: HandshakeAllThreads done
Event: 5.901 Executing VM operation: HandshakeAllThreads
Event: 5.901 Executing VM operation: HandshakeAllThreads done
Event: 5.951 Executing VM operation: ICBufferFull
Event: 5.951 Executing VM operation: ICBufferFull done
Event: 6.368 Executing VM operation: G1CollectForAllocation
Event: 6.379 Executing VM operation: G1CollectForAllocation done
Event: 6.557 Executing VM operation: HandshakeAllThreads
Event: 6.557 Executing VM operation: HandshakeAllThreads done
Event: 6.754 Executing VM operation: ICBufferFull
Event: 6.754 Executing VM operation: ICBufferFull done
Event: 6.768 Executing VM operation: G1CollectForAllocation
Event: 6.775 Executing VM operation: G1CollectForAllocation done

Events (20 events):
Event: 5.844 Thread 0x000001dd848f0e30 flushing nmethod 0x000001dde9f81810
Event: 5.844 Thread 0x000001dd848f0e30 flushing nmethod 0x000001dde9f89890
Event: 5.844 Thread 0x000001dd848f0e30 flushing nmethod 0x000001dde9fa7e90
Event: 5.844 Thread 0x000001dd848f0e30 flushing nmethod 0x000001dde9fbe690
Event: 5.844 Thread 0x000001dd848f0e30 flushing nmethod 0x000001dde9fd0c10
Event: 5.844 Thread 0x000001dd848f0e30 flushing nmethod 0x000001dde9fd1090
Event: 5.844 Thread 0x000001dd848f0e30 flushing nmethod 0x000001dde9fd4d90
Event: 5.844 Thread 0x000001dd848f0e30 flushing nmethod 0x000001dde9ff9810
Event: 5.845 Thread 0x000001dd848f0e30 flushing nmethod 0x000001ddea038d90
Event: 5.845 Thread 0x000001dd848f0e30 flushing nmethod 0x000001ddea070310
Event: 5.845 Thread 0x000001dd848f0e30 flushing nmethod 0x000001ddea070790
Event: 6.560 Thread 0x000001dd848f0e30 flushing nmethod 0x000001dde8c50710
Event: 6.561 Thread 0x000001dd848f0e30 flushing nmethod 0x000001dde9029a90
Event: 6.564 Thread 0x000001dd848f0e30 flushing nmethod 0x000001dde9606590
Event: 6.564 Thread 0x000001dd848f0e30 flushing nmethod 0x000001dde9630a10
Event: 6.565 Thread 0x000001dd848f0e30 flushing nmethod 0x000001dde984c210
Event: 6.565 Thread 0x000001dd848f0e30 flushing nmethod 0x000001dde9965110
Event: 6.566 Thread 0x000001dd848f0e30 flushing nmethod 0x000001dde9aafa90
Event: 6.568 Thread 0x000001dd848f0e30 flushing nmethod 0x000001ddea09f990
Event: 6.568 Thread 0x000001dd848f0e30 flushing nmethod 0x000001ddea0a0490


Dynamic libraries:
0x00007ff663280000 - 0x00007ff663290000 	C:\Program Files\Java\jdk-19\bin\java.exe
0x00007ff9da270000 - 0x00007ff9da487000 	C:\WINDOWS\SYSTEM32\ntdll.dll
0x00007ff9d9420000 - 0x00007ff9d94e4000 	C:\WINDOWS\System32\KERNEL32.DLL
0x00007ff9d7570000 - 0x00007ff9d791d000 	C:\WINDOWS\System32\KERNELBASE.dll
0x00007ff9d7ca0000 - 0x00007ff9d7db1000 	C:\WINDOWS\System32\ucrtbase.dll
0x00007ff9c3f30000 - 0x00007ff9c3f48000 	C:\Program Files\Java\jdk-19\bin\jli.dll
0x00007ff9c7b70000 - 0x00007ff9c7b8b000 	C:\Program Files\Java\jdk-19\bin\VCRUNTIME140.dll
0x00007ff9d8240000 - 0x00007ff9d82f2000 	C:\WINDOWS\System32\ADVAPI32.dll
0x00007ff9d99f0000 - 0x00007ff9d9a97000 	C:\WINDOWS\System32\msvcrt.dll
0x00007ff9d9890000 - 0x00007ff9d9939000 	C:\WINDOWS\System32\sechost.dll
0x00007ff9d7f50000 - 0x00007ff9d7f78000 	C:\WINDOWS\System32\bcrypt.dll
0x00007ff9d8560000 - 0x00007ff9d8674000 	C:\WINDOWS\System32\RPCRT4.dll
0x00007ff9d9600000 - 0x00007ff9d97ae000 	C:\WINDOWS\System32\USER32.dll
0x00007ff9d7920000 - 0x00007ff9d7946000 	C:\WINDOWS\System32\win32u.dll
0x00007ff9c4980000 - 0x00007ff9c4c13000 	C:\WINDOWS\WinSxS\amd64_microsoft.windows.common-controls_6595b64144ccf1df_6.0.22621.3672_none_2713b9d173822955\COMCTL32.dll
0x00007ff9d9c60000 - 0x00007ff9d9c89000 	C:\WINDOWS\System32\GDI32.dll
0x00007ff9d7b80000 - 0x00007ff9d7c99000 	C:\WINDOWS\System32\gdi32full.dll
0x00007ff9d7e40000 - 0x00007ff9d7eda000 	C:\WINDOWS\System32\msvcp_win.dll
0x00007ff9cec70000 - 0x00007ff9cec7a000 	C:\WINDOWS\SYSTEM32\VERSION.dll
0x00007ff9d8300000 - 0x00007ff9d8331000 	C:\WINDOWS\System32\IMM32.DLL
0x00007ff9d0d30000 - 0x00007ff9d0d3c000 	C:\Program Files\Java\jdk-19\bin\vcruntime140_1.dll
0x00007ff95f750000 - 0x00007ff95f7de000 	C:\Program Files\Java\jdk-19\bin\msvcp140.dll
0x00007ff91e300000 - 0x00007ff91efc0000 	C:\Program Files\Java\jdk-19\bin\server\jvm.dll
0x00007ff9d1130000 - 0x00007ff9d1164000 	C:\WINDOWS\SYSTEM32\WINMM.dll
0x00007ff9d14d0000 - 0x00007ff9d14d9000 	C:\WINDOWS\SYSTEM32\WSOCK32.dll
0x00007ff9d8b20000 - 0x00007ff9d8b91000 	C:\WINDOWS\System32\WS2_32.dll
0x00007ff9d6690000 - 0x00007ff9d66a8000 	C:\WINDOWS\SYSTEM32\kernel.appcore.dll
0x00007ff9cfbc0000 - 0x00007ff9cfbca000 	C:\Program Files\Java\jdk-19\bin\jimage.dll
0x00007ff9d4b00000 - 0x00007ff9d4d32000 	C:\WINDOWS\SYSTEM32\DBGHELP.DLL
0x00007ff9d9d90000 - 0x00007ff9da118000 	C:\WINDOWS\System32\combase.dll
0x00007ff9d97b0000 - 0x00007ff9d9887000 	C:\WINDOWS\System32\OLEAUT32.dll
0x00007ff9cc230000 - 0x00007ff9cc262000 	C:\WINDOWS\SYSTEM32\dbgcore.DLL
0x00007ff9d7dc0000 - 0x00007ff9d7e3b000 	C:\WINDOWS\System32\bcryptPrimitives.dll
0x00007ff9d3fa0000 - 0x00007ff9d3fae000 	C:\Program Files\Java\jdk-19\bin\instrument.dll
0x00007ff9aa670000 - 0x00007ff9aa696000 	C:\Program Files\Java\jdk-19\bin\java.dll
0x00007ff95edd0000 - 0x00007ff95eea7000 	C:\Program Files\Java\jdk-19\bin\jsvml.dll
0x00007ff9d8bc0000 - 0x00007ff9d941f000 	C:\WINDOWS\System32\SHELL32.dll
0x00007ff9d5480000 - 0x00007ff9d5d7c000 	C:\WINDOWS\SYSTEM32\windows.storage.dll
0x00007ff9d5340000 - 0x00007ff9d547f000 	C:\WINDOWS\SYSTEM32\wintypes.dll
0x00007ff9d80e0000 - 0x00007ff9d81d4000 	C:\WINDOWS\System32\SHCORE.dll
0x00007ff9d81e0000 - 0x00007ff9d823e000 	C:\WINDOWS\System32\shlwapi.dll
0x00007ff9d74a0000 - 0x00007ff9d74c1000 	C:\WINDOWS\SYSTEM32\profapi.dll
0x00007ff98eef0000 - 0x00007ff98ef08000 	C:\Program Files\Java\jdk-19\bin\zip.dll
0x00007ff9bf000000 - 0x00007ff9bf013000 	C:\Program Files\Java\jdk-19\bin\net.dll
0x00007ff9d2d70000 - 0x00007ff9d2ea6000 	C:\WINDOWS\SYSTEM32\WINHTTP.dll
0x00007ff9d6b00000 - 0x00007ff9d6b69000 	C:\WINDOWS\system32\mswsock.dll
0x00007ff9a9ac0000 - 0x00007ff9a9ad6000 	C:\Program Files\Java\jdk-19\bin\nio.dll
0x00007ff9d13b0000 - 0x00007ff9d13ca000 	C:\Program Files\JetBrains\IntelliJ IDEA 2022.1.2\bin\breakgen64.dll
0x00007ff9cf280000 - 0x00007ff9cf288000 	C:\Program Files\Java\jdk-19\bin\extnet.dll
0x0000000069ac0000 - 0x0000000069ae4000 	C:\Users\99293\AppData\Local\Temp\jansi-2.4.0-33dade52d216aac7-jansi.dll
0x00007ff9ca330000 - 0x00007ff9ca340000 	C:\Program Files\Java\jdk-19\bin\verify.dll

dbghelp: loaded successfully - version: 4.0.5 - missing functions: none
symbol engine: initialized successfully - sym options: 0x614 - pdb path: .;C:\Program Files\Java\jdk-19\bin;C:\WINDOWS\SYSTEM32;C:\WINDOWS\WinSxS\amd64_microsoft.windows.common-controls_6595b64144ccf1df_6.0.22621.3672_none_2713b9d173822955;C:\Program Files\Java\jdk-19\bin\server;C:\Program Files\JetBrains\IntelliJ IDEA 2022.1.2\bin;C:\Users\99293\AppData\Local\Temp

VM Arguments:
jvm_args: -Dmaven.multiModuleProjectDirectory=D:\unitedStates duplicates original -Dmaven.home=C:\Users\99293\.m2\wrapper\dists\apache-maven-3.8.6-bin\1ks0nkde5v1pk9vtc31i9d0lcd\apache-maven-3.8.6 -Dclassworlds.conf=C:\Users\99293\.m2\wrapper\dists\apache-maven-3.8.6-bin\1ks0nkde5v1pk9vtc31i9d0lcd\apache-maven-3.8.6\bin\m2.conf -Dmaven.ext.class.path=C:\Program Files\JetBrains\IntelliJ IDEA 2022.1.2\plugins\maven\lib\maven-event-listener.jar -javaagent:C:\Program Files\JetBrains\IntelliJ IDEA 2022.1.2\lib\idea_rt.jar=55476:C:\Program Files\JetBrains\IntelliJ IDEA 2022.1.2\bin -Dfile.encoding=UTF-8 
java_command: org.codehaus.classworlds.Launcher -Didea.version=2022.1.2 package
java_class_path (initial): C:\Users\99293\.m2\wrapper\dists\apache-maven-3.8.6-bin\1ks0nkde5v1pk9vtc31i9d0lcd\apache-maven-3.8.6\boot\plexus-classworlds-2.6.0.jar;C:\Users\99293\.m2\wrapper\dists\apache-maven-3.8.6-bin\1ks0nkde5v1pk9vtc31i9d0lcd\apache-maven-3.8.6\boot\plexus-classworlds.license
Launcher Type: SUN_STANDARD

[Global flags]
     intx CICompilerCount                          = 12                                        {product} {ergonomic}
     uint ConcGCThreads                            = 3                                         {product} {ergonomic}
     uint G1ConcRefinementThreads                  = 13                                        {product} {ergonomic}
   size_t G1HeapRegionSize                         = 2097152                                   {product} {ergonomic}
    uintx GCDrainStackTargetSize                   = 64                                        {product} {ergonomic}
   size_t InitialHeapSize                          = 264241152                                 {product} {ergonomic}
   size_t MarkStackSize                            = 4194304                                   {product} {ergonomic}
   size_t MaxHeapSize                              = 4196401152                                {product} {ergonomic}
   size_t MaxNewSize                               = 2516582400                                {product} {ergonomic}
   size_t MinHeapDeltaBytes                        = 2097152                                   {product} {ergonomic}
   size_t MinHeapSize                              = 8388608                                   {product} {ergonomic}
    uintx NonNMethodCodeHeapSize                   = 7602480                                {pd product} {ergonomic}
    uintx NonProfiledCodeHeapSize                  = 122027880                              {pd product} {ergonomic}
    uintx ProfiledCodeHeapSize                     = 122027880                              {pd product} {ergonomic}
    uintx ReservedCodeCacheSize                    = 251658240                              {pd product} {ergonomic}
     bool SegmentedCodeCache                       = true                                      {product} {ergonomic}
   size_t SoftMaxHeapSize                          = 4196401152                             {manageable} {ergonomic}
     bool UseCompressedClassPointers               = true                           {product lp64_product} {ergonomic}
     bool UseCompressedOops                        = true                           {product lp64_product} {ergonomic}
     bool UseG1GC                                  = true                                      {product} {ergonomic}
     bool UseLargePagesIndividualAllocation        = false                                  {pd product} {ergonomic}

Logging:
Log output configuration:
 #0: stdout all=warning uptime,level,tags foldmultilines=false
 #1: stderr all=off uptime,level,tags foldmultilines=false

Environment Variables:
JAVA_HOME=C:\Program Files\Java\jdk-19
PATH=C:\Program Files\Common Files\Oracle\Java\javapath;C:\Windows\system32;C:\Windows;C:\Windows\System32\Wbem;C:\Windows\System32\WindowsPowerShell\v1.0\;C:\Windows\System32\OpenSSH\;C:\Program Files (x86)\NVIDIA Corporation\PhysX\Common;C:\Program Files\NVIDIA Corporation\NVIDIA NvDLISR;C:\Program Files\Git\cmd;C:\Program Files (x86)\dotnet\;C:\WINDOWS\system32;C:\WINDOWS;C:\WINDOWS\System32\Wbem;C:\WINDOWS\System32\WindowsPowerShell\v1.0\;C:\WINDOWS\System32\OpenSSH\;C:\Program Files\Java\jdk-19\bin;C:\Users\99293\AppData\Local\Programs\Python\Python311\Scripts\;C:\Users\99293\AppData\Local\Programs\Python\Python311\;C:\Users\99293\AppData\Local\Microsoft\WindowsApps;;C:\Program Files\JetBrains\IntelliJ IDEA 2022.1.2\bin;;C:\Program Files\heroku\bin
USERNAME=ASUS
OS=Windows_NT
PROCESSOR_IDENTIFIER=Intel64 Family 6 Model 154 Stepping 3, GenuineIntel
TMP=C:\Users\99293\AppData\Local\Temp
TEMP=C:\Users\99293\AppData\Local\Temp



---------------  S Y S T E M  ---------------

OS:
 Windows 11 , 64 bit Build 22621 (10.0.22621.3672)
OS uptime: 1 days 2:20 hours
Hyper-V role detected

CPU: total 16 (initial active 16) (8 cores per cpu, 2 threads per core) family 6 model 154 stepping 3 microcode 0x41c, cx8, cmov, fxsr, ht, mmx, 3dnowpref, sse, sse2, sse3, ssse3, sse4.1, sse4.2, popcnt, lzcnt, tsc, tscinvbit, avx, avx2, aes, erms, clmul, bmi1, bmi2, adx, sha, fma, vzeroupper, clflush, clflushopt, clwb, hv, serialize, rdtscp, rdpid, fsrm

Memory: 4k page, system-wide physical 16005M (1968M free)
TotalPageFile size 18053M (AvailPageFile size 5M)
current process WorkingSet (physical memory assigned to process): 425M, peak: 441M
current process commit charge ("private bytes"): 498M, peak: 499M

vm_info: Java HotSpot(TM) 64-Bit Server VM (19.0.2+7-44) for windows-amd64 JRE (19.0.2+7-44), built on 2022-11-30T18:02:09Z by "mach5one" with MS VC++ 17.1 (VS2022)

END.
