#
# There is insufficient memory for the Java Runtime Environment to continue.
# Native memory allocation (malloc) failed to allocate 4723856 bytes for Chunk::new
# Possible reasons:
#   The system is out of physical RAM or swap space
#   The process is running with CompressedOops enabled, and the Java Heap may be blocking the growth of the native heap
# Possible solutions:
#   Reduce memory load on the system
#   Increase physical memory or swap space
#   Check if swap backing store is full
#   Decrease Java heap size (-Xmx/-Xms)
#   Decrease number of Java threads
#   Decrease Java thread stack sizes (-Xss)
#   Set larger code cache with -XX:ReservedCodeCacheSize=
#   JVM is running with Zero Based Compressed Oops mode in which the Java heap is
#     placed in the first 32GB address space. The Java Heap base address is the
#     maximum limit for the native heap growth. Please use -XX:HeapBaseMinAddress
#     to set the Java Heap base and to place the Java Heap above 32GB virtual address.
# This output file may be truncated or incomplete.
#
#  Out of Memory Error (arena.cpp:184), pid=20672, tid=7500
#
# JRE version: Java(TM) SE Runtime Environment (19.0.2+7) (build 19.0.2+7-44)
# Java VM: Java HotSpot(TM) 64-Bit Server VM (19.0.2+7-44, mixed mode, sharing, tiered, compressed oops, compressed class ptrs, g1 gc, windows-amd64)
# No core dump will be written. Minidumps are not enabled by default on client versions of Windows
#

---------------  S U M M A R Y ------------

Command Line: -Dmaven.multiModuleProjectDirectory=D:\unitedStates duplicates original -Dmaven.home=C:\Users\99293\.m2\wrapper\dists\apache-maven-3.8.6-bin\1ks0nkde5v1pk9vtc31i9d0lcd\apache-maven-3.8.6 -Dclassworlds.conf=C:\Users\99293\.m2\wrapper\dists\apache-maven-3.8.6-bin\1ks0nkde5v1pk9vtc31i9d0lcd\apache-maven-3.8.6\bin\m2.conf -Dmaven.ext.class.path=C:\Program Files\JetBrains\IntelliJ IDEA 2022.1.2\plugins\maven\lib\maven-event-listener.jar -javaagent:C:\Program Files\JetBrains\IntelliJ IDEA 2022.1.2\lib\idea_rt.jar=61883:C:\Program Files\JetBrains\IntelliJ IDEA 2022.1.2\bin -Dfile.encoding=UTF-8 org.codehaus.classworlds.Launcher -Didea.version=2022.1.2 package

Host: 12th Gen Intel(R) Core(TM) i7-12650H, 16 cores, 15G,  Windows 11 , 64 bit Build 22621 (10.0.22621.3958)
Time: Fri Aug 30 20:05:54 2024  Windows 11 , 64 bit Build 22621 (10.0.22621.3958) elapsed time: 7.767183 seconds (0d 0h 0m 7s)

---------------  T H R E A D  ---------------

Current thread (0x000001e9239af030):  JavaThread "C2 CompilerThread4" daemon [_thread_in_native, id=7500, stack(0x000000152cf00000,0x000000152d000000)]


Current CompileTask:
C2:   7767 12124   !   4       java.lang.ClassLoader::loadClass (121 bytes)

Stack: [0x000000152cf00000,0x000000152d000000]
Native frames: (J=compiled Java code, j=interpreted, Vv=VM code, C=native code)
V  [jvm.dll+0x6ee21a]
V  [jvm.dll+0x85765e]
V  [jvm.dll+0x85904e]
V  [jvm.dll+0x859703]
V  [jvm.dll+0x28298f]
V  [jvm.dll+0xc9adf]
V  [jvm.dll+0xc9e65]
V  [jvm.dll+0x3bca4c]
V  [jvm.dll+0x3860e1]
V  [jvm.dll+0x38555a]
V  [jvm.dll+0x24c3d9]
V  [jvm.dll+0x24b781]
V  [jvm.dll+0x1d6ce1]
V  [jvm.dll+0x25b25a]
V  [jvm.dll+0x2596e8]
V  [jvm.dll+0x807588]
V  [jvm.dll+0x80125a]
V  [jvm.dll+0x6ecf0b]
C  [ucrtbase.dll+0x29333]
C  [KERNEL32.DLL+0x1257d]
C  [ntdll.dll+0x5af28]


---------------  P R O C E S S  ---------------

Threads class SMR info:
_java_thread_list=0x000001e9239de0f0, length=34, elements={
0x000001e97af10cc0, 0x000001e97f3ff800, 0x000001e97f4005f0, 0x000001e97f404740,
0x000001e97f408230, 0x000001e97f409650, 0x000001e97f40bb80, 0x000001e97f4133d0,
0x000001e97f413ee0, 0x000001e97f40a0f0, 0x000001e922dc2a00, 0x000001e922dc3390,
0x000001e97f40ab90, 0x000001e97f40b0e0, 0x000001e97f409ba0, 0x000001e9231b2f70,
0x000001e9232eff90, 0x000001e92335a3e0, 0x000001e9238dbaf0, 0x000001e9239af030,
0x000001e922ef9f70, 0x000001e925cfc5f0, 0x000001e925cfcb80, 0x000001e926c46550,
0x000001e926c46aa0, 0x000001e926c46000, 0x000001e926c43ad0, 0x000001e926c4a510,
0x000001e926c44ac0, 0x000001e926c47a90, 0x000001e926c44020, 0x000001e926c45560,
0x000001e926c46ff0, 0x000001e926c49520
}

Java Threads: ( => current thread )
  0x000001e97af10cc0 JavaThread "main" [_thread_in_native, id=11144, stack(0x000000152b500000,0x000000152b600000)]
  0x000001e97f3ff800 JavaThread "Reference Handler" daemon [_thread_blocked, id=372, stack(0x000000152bc00000,0x000000152bd00000)]
  0x000001e97f4005f0 JavaThread "Finalizer" daemon [_thread_blocked, id=12776, stack(0x000000152bd00000,0x000000152be00000)]
  0x000001e97f404740 JavaThread "Signal Dispatcher" daemon [_thread_blocked, id=15856, stack(0x000000152be00000,0x000000152bf00000)]
  0x000001e97f408230 JavaThread "Attach Listener" daemon [_thread_blocked, id=16840, stack(0x000000152bf00000,0x000000152c000000)]
  0x000001e97f409650 JavaThread "Service Thread" daemon [_thread_blocked, id=21188, stack(0x000000152c000000,0x000000152c100000)]
  0x000001e97f40bb80 JavaThread "Monitor Deflation Thread" daemon [_thread_blocked, id=20516, stack(0x000000152c100000,0x000000152c200000)]
  0x000001e97f4133d0 JavaThread "C2 CompilerThread0" daemon [_thread_blocked, id=21288, stack(0x000000152c200000,0x000000152c300000)]
  0x000001e97f413ee0 JavaThread "C1 CompilerThread0" daemon [_thread_blocked, id=5396, stack(0x000000152c300000,0x000000152c400000)]
  0x000001e97f40a0f0 JavaThread "Sweeper thread" daemon [_thread_blocked, id=14484, stack(0x000000152c400000,0x000000152c500000)]
  0x000001e922dc2a00 JavaThread "C1 CompilerThread1" daemon [_thread_blocked, id=11148, stack(0x000000152c500000,0x000000152c600000)]
  0x000001e922dc3390 JavaThread "C1 CompilerThread2" daemon [_thread_blocked, id=4012, stack(0x000000152c600000,0x000000152c700000)]
  0x000001e97f40ab90 JavaThread "Common-Cleaner" daemon [_thread_blocked, id=23740, stack(0x000000152c700000,0x000000152c800000)]
  0x000001e97f40b0e0 JavaThread "Monitor Ctrl-Break" daemon [_thread_in_native, id=20416, stack(0x000000152c800000,0x000000152c900000)]
  0x000001e97f409ba0 JavaThread "Notification Thread" daemon [_thread_blocked, id=5900, stack(0x000000152c900000,0x000000152ca00000)]
  0x000001e9231b2f70 JavaThread "C2 CompilerThread1" daemon [_thread_in_native, id=3420, stack(0x000000152cb00000,0x000000152cc00000)]
  0x000001e9232eff90 JavaThread "C1 CompilerThread3" daemon [_thread_blocked, id=3448, stack(0x000000152cc00000,0x000000152cd00000)]
  0x000001e92335a3e0 JavaThread "C2 CompilerThread2" daemon [_thread_blocked, id=19208, stack(0x000000152cd00000,0x000000152ce00000)]
  0x000001e9238dbaf0 JavaThread "C2 CompilerThread3" daemon [_thread_blocked, id=19320, stack(0x000000152ce00000,0x000000152cf00000)]
=>0x000001e9239af030 JavaThread "C2 CompilerThread4" daemon [_thread_in_native, id=7500, stack(0x000000152cf00000,0x000000152d000000)]
  0x000001e922ef9f70 JavaThread "C2 CompilerThread5" daemon [_thread_blocked, id=24004, stack(0x000000152d700000,0x000000152d800000)]
  0x000001e925cfc5f0 JavaThread "C2 CompilerThread6" daemon [_thread_blocked, id=20988, stack(0x000000152df00000,0x000000152e000000)]
  0x000001e925cfcb80 JavaThread "C2 CompilerThread7" daemon [_thread_blocked, id=20840, stack(0x000000152e000000,0x000000152e100000)]
  0x000001e926c46550 JavaThread "resolver-1" daemon [_thread_blocked, id=2968, stack(0x000000152e100000,0x000000152e200000)]
  0x000001e926c46aa0 JavaThread "resolver-2" daemon [_thread_blocked, id=17076, stack(0x000000152e200000,0x000000152e300000)]
  0x000001e926c46000 JavaThread "resolver-3" daemon [_thread_blocked, id=14768, stack(0x000000152e300000,0x000000152e400000)]
  0x000001e926c43ad0 JavaThread "resolver-4" daemon [_thread_blocked, id=4392, stack(0x000000152e400000,0x000000152e500000)]
  0x000001e926c4a510 JavaThread "resolver-5" daemon [_thread_blocked, id=8104, stack(0x000000152e500000,0x000000152e600000)]
  0x000001e926c44ac0 JavaThread "timeout-check-timer" daemon [_thread_blocked, id=6460, stack(0x000000152e600000,0x000000152e700000)]
  0x000001e926c47a90 JavaThread "ping-timer-10s" daemon [_thread_blocked, id=24792, stack(0x000000152e700000,0x000000152e800000)]
  0x000001e926c44020 JavaThread "ThreadedStreamConsumer" daemon [_thread_blocked, id=10468, stack(0x000000152e800000,0x000000152e900000)]
  0x000001e926c45560 JavaThread "Thread-2" [_thread_blocked, id=25160, stack(0x000000152e900000,0x000000152ea00000)]
  0x000001e926c46ff0 JavaThread "Thread-3" [_thread_in_native, id=21224, stack(0x000000152ea00000,0x000000152eb00000)]
  0x000001e926c49520 JavaThread "Thread-4" [_thread_in_native, id=10764, stack(0x000000152eb00000,0x000000152ec00000)]

Other Threads:
  0x000001e97f3e5180 VMThread "VM Thread" [stack: 0x000000152bb00000,0x000000152bc00000] [id=13568]
  0x000001e922ee2b30 WatcherThread "VM Periodic Task Thread" [stack: 0x000000152ca00000,0x000000152cb00000] [id=9068]
  0x000001e97af82520 WorkerThread "GC Thread#0" [stack: 0x000000152b600000,0x000000152b700000] [id=13148]
  0x000001e92326cf50 WorkerThread "GC Thread#1" [stack: 0x000000152d000000,0x000000152d100000] [id=24504]
  0x000001e92326d4f0 WorkerThread "GC Thread#2" [stack: 0x000000152d100000,0x000000152d200000] [id=23308]
  0x000001e92326cc80 WorkerThread "GC Thread#3" [stack: 0x000000152d200000,0x000000152d300000] [id=20584]
  0x000001e92326c140 WorkerThread "GC Thread#4" [stack: 0x000000152d300000,0x000000152d400000] [id=12612]
  0x000001e92326da90 WorkerThread "GC Thread#5" [stack: 0x000000152d400000,0x000000152d500000] [id=20540]
  0x000001e92326d7c0 WorkerThread "GC Thread#6" [stack: 0x000000152d500000,0x000000152d600000] [id=16480]
  0x000001e92326c9b0 WorkerThread "GC Thread#7" [stack: 0x000000152d600000,0x000000152d700000] [id=7244]
  0x000001e924b8fb70 WorkerThread "GC Thread#8" [stack: 0x000000152d800000,0x000000152d900000] [id=16816]
  0x000001e924b903e0 WorkerThread "GC Thread#9" [stack: 0x000000152d900000,0x000000152da00000] [id=10356]
  0x000001e924b8fe40 WorkerThread "GC Thread#10" [stack: 0x000000152da00000,0x000000152db00000] [id=16344]
  0x000001e924b91790 WorkerThread "GC Thread#11" [stack: 0x000000152db00000,0x000000152dc00000] [id=16508]
  0x000001e924b8f5d0 WorkerThread "GC Thread#12" [stack: 0x000000152dc00000,0x000000152dd00000] [id=25232]
  0x000001e97af93f50 ConcurrentGCThread "G1 Main Marker" [stack: 0x000000152b700000,0x000000152b800000] [id=6720]
  0x000001e97af94890 WorkerThread "G1 Conc#0" [stack: 0x000000152b800000,0x000000152b900000] [id=21184]
  0x000001e924b8f8a0 WorkerThread "G1 Conc#1" [stack: 0x000000152dd00000,0x000000152de00000] [id=8784]
  0x000001e924b90980 WorkerThread "G1 Conc#2" [stack: 0x000000152de00000,0x000000152df00000] [id=1652]
  0x000001e97afce920 ConcurrentGCThread "G1 Refine#0" [stack: 0x000000152b900000,0x000000152ba00000] [id=2128]
  0x000001e97f2a4400 ConcurrentGCThread "G1 Service" [stack: 0x000000152ba00000,0x000000152bb00000] [id=10768]

Threads with active compile tasks:
C2 CompilerThread1     7786 12258       4       org.apache.maven.model.inheritance.DefaultInheritanceAssembler$InheritanceModelMerger::mergePluginContainer_Plugins (430 bytes)
C2 CompilerThread4     7786 12124   !   4       java.lang.ClassLoader::loadClass (121 bytes)

VM state: not at safepoint (normal execution)

VM Mutex/Monitor currently owned by a thread: None

Heap address: 0x0000000705e00000, size: 4002 MB, Compressed Oops mode: Zero based, Oop shift amount: 3

CDS archive(s) mapped at: [0x0000000800000000-0x0000000800c40000-0x0000000800c40000), size 12845056, SharedBaseAddress: 0x0000000800000000, ArchiveRelocationMode: 0.
Compressed class space mapped at: 0x0000000801000000-0x0000000841000000, reserved size: 1073741824
Narrow klass base: 0x0000000800000000, Narrow klass shift: 0, Narrow klass range: 0x100000000

GC Precious Log:
 CardTable entry size: 512
 Card Set container configuration: InlinePtr #cards 4 size 8 Array Of Cards #cards 16 size 48 Howl #buckets 8 coarsen threshold 3686 Howl Bitmap #cards 512 size 80 coarsen threshold 460 Card regions per heap region 1 cards per card region 4096
 CPUs: 16 total, 16 available
 Memory: 16005M
 Large Page Support: Disabled
 NUMA Support: Disabled
 Compressed Oops: Enabled (Zero based)
 Heap Region Size: 2M
 Heap Min Capacity: 8M
 Heap Initial Capacity: 252M
 Heap Max Capacity: 4002M
 Pre-touch: Disabled
 Parallel Workers: 13
 Concurrent Workers: 3
 Concurrent Refinement Workers: 13
 Periodic GC: Disabled

Heap:
 garbage-first heap   total 323584K, used 112041K [0x0000000705e00000, 0x0000000800000000)
  region size 2048K, 16 young (32768K), 6 survivors (12288K)
 Metaspace       used 35893K, committed 36544K, reserved 1114112K
  class space    used 3636K, committed 3968K, reserved 1048576K

Heap Regions: E=young(eden), S=young(survivor), O=old, HS=humongous(starts), HC=humongous(continues), CS=collection set, F=free, OA=open archive, CA=closed archive, TAMS=top-at-mark-start (previous, next)
|   0|0x0000000705e00000, 0x0000000706000000, 0x0000000706000000|100%| O|  |TAMS 0x0000000706000000, 0x0000000705e00000| Untracked 
|   1|0x0000000706000000, 0x0000000706200000, 0x0000000706200000|100%| O|  |TAMS 0x0000000706200000, 0x0000000706000000| Untracked 
|   2|0x0000000706200000, 0x0000000706400000, 0x0000000706400000|100%| O|  |TAMS 0x0000000706400000, 0x0000000706200000| Untracked 
|   3|0x0000000706400000, 0x0000000706600000, 0x0000000706600000|100%| O|  |TAMS 0x0000000706600000, 0x0000000706400000| Untracked 
|   4|0x0000000706600000, 0x0000000706800000, 0x0000000706800000|100%| O|  |TAMS 0x0000000706800000, 0x0000000706600000| Untracked 
|   5|0x0000000706800000, 0x0000000706a00000, 0x0000000706a00000|100%| O|  |TAMS 0x0000000706a00000, 0x0000000706800000| Untracked 
|   6|0x0000000706a00000, 0x0000000706c00000, 0x0000000706c00000|100%| O|  |TAMS 0x0000000706c00000, 0x0000000706a00000| Untracked 
|   7|0x0000000706c00000, 0x0000000706e00000, 0x0000000706e00000|100%| O|  |TAMS 0x0000000706e00000, 0x0000000706c00000| Untracked 
|   8|0x0000000706e00000, 0x0000000707000000, 0x0000000707000000|100%| O|  |TAMS 0x0000000706e00000, 0x0000000706e00000| Untracked 
|   9|0x0000000707000000, 0x0000000707200000, 0x0000000707200000|100%| O|  |TAMS 0x0000000707200000, 0x0000000707000000| Untracked 
|  10|0x0000000707200000, 0x0000000707400000, 0x0000000707400000|100%| O|  |TAMS 0x0000000707400000, 0x0000000707200000| Untracked 
|  11|0x0000000707400000, 0x0000000707600000, 0x0000000707600000|100%| O|  |TAMS 0x0000000707600000, 0x0000000707400000| Untracked 
|  12|0x0000000707600000, 0x0000000707800000, 0x0000000707800000|100%| O|  |TAMS 0x0000000707800000, 0x0000000707600000| Untracked 
|  13|0x0000000707800000, 0x0000000707a00000, 0x0000000707a00000|100%| O|  |TAMS 0x0000000707a00000, 0x0000000707800000| Untracked 
|  14|0x0000000707a00000, 0x0000000707c00000, 0x0000000707c00000|100%| O|  |TAMS 0x0000000707a00000, 0x0000000707a00000| Untracked 
|  15|0x0000000707c00000, 0x0000000707e00000, 0x0000000707e00000|100%| O|  |TAMS 0x0000000707e00000, 0x0000000707c00000| Untracked 
|  16|0x0000000707e00000, 0x0000000708000000, 0x0000000708000000|100%| O|  |TAMS 0x0000000708000000, 0x0000000707e00000| Untracked 
|  17|0x0000000708000000, 0x0000000708200000, 0x0000000708200000|100%| O|  |TAMS 0x0000000708200000, 0x0000000708000000| Untracked 
|  18|0x0000000708200000, 0x0000000708400000, 0x0000000708400000|100%| O|  |TAMS 0x0000000708200000, 0x0000000708200000| Untracked 
|  19|0x0000000708400000, 0x0000000708600000, 0x0000000708600000|100%| O|  |TAMS 0x0000000708600000, 0x0000000708400000| Untracked 
|  20|0x0000000708600000, 0x0000000708800000, 0x0000000708800000|100%| O|  |TAMS 0x0000000708600000, 0x0000000708600000| Untracked 
|  21|0x0000000708800000, 0x0000000708a00000, 0x0000000708a00000|100%|HS|  |TAMS 0x0000000708800000, 0x0000000708800000| Complete 
|  22|0x0000000708a00000, 0x0000000708c00000, 0x0000000708c00000|100%|HC|  |TAMS 0x0000000708a00000, 0x0000000708a00000| Complete 
|  23|0x0000000708c00000, 0x0000000708e00000, 0x0000000708e00000|100%| O|  |TAMS 0x0000000708c00000, 0x0000000708c00000| Untracked 
|  24|0x0000000708e00000, 0x0000000709000000, 0x0000000709000000|100%| O|  |TAMS 0x0000000708e00000, 0x0000000708e00000| Untracked 
|  25|0x0000000709000000, 0x0000000709200000, 0x0000000709200000|100%| O|  |TAMS 0x0000000709000000, 0x0000000709000000| Untracked 
|  26|0x0000000709200000, 0x0000000709400000, 0x0000000709400000|100%| O|  |TAMS 0x0000000709200000, 0x0000000709200000| Untracked 
|  27|0x0000000709400000, 0x0000000709600000, 0x0000000709600000|100%| O|  |TAMS 0x0000000709400000, 0x0000000709400000| Untracked 
|  28|0x0000000709600000, 0x0000000709800000, 0x0000000709800000|100%| O|  |TAMS 0x0000000709600000, 0x0000000709600000| Untracked 
|  29|0x0000000709800000, 0x0000000709a00000, 0x0000000709a00000|100%| O|  |TAMS 0x0000000709800000, 0x0000000709800000| Untracked 
|  30|0x0000000709a00000, 0x0000000709c00000, 0x0000000709c00000|100%| O|  |TAMS 0x0000000709a00000, 0x0000000709a00000| Untracked 
|  31|0x0000000709c00000, 0x0000000709e00000, 0x0000000709e00000|100%| O|  |TAMS 0x0000000709c00000, 0x0000000709c00000| Untracked 
|  32|0x0000000709e00000, 0x0000000709e00000, 0x000000070a000000|  0%| F|  |TAMS 0x0000000709e00000, 0x0000000709e00000| Untracked 
|  33|0x000000070a000000, 0x000000070a000000, 0x000000070a200000|  0%| F|  |TAMS 0x000000070a000000, 0x000000070a000000| Untracked 
|  34|0x000000070a200000, 0x000000070a200000, 0x000000070a400000|  0%| F|  |TAMS 0x000000070a200000, 0x000000070a200000| Untracked 
|  35|0x000000070a400000, 0x000000070a600000, 0x000000070a600000|100%| O|  |TAMS 0x000000070a400000, 0x000000070a400000| Untracked 
|  36|0x000000070a600000, 0x000000070a676800, 0x000000070a800000| 23%| O|  |TAMS 0x000000070a600000, 0x000000070a600000| Untracked 
|  37|0x000000070a800000, 0x000000070a800000, 0x000000070aa00000|  0%| F|  |TAMS 0x000000070a800000, 0x000000070a800000| Untracked 
|  38|0x000000070aa00000, 0x000000070aa00000, 0x000000070ac00000|  0%| F|  |TAMS 0x000000070aa00000, 0x000000070aa00000| Untracked 
|  39|0x000000070ac00000, 0x000000070ac00000, 0x000000070ae00000|  0%| F|  |TAMS 0x000000070ac00000, 0x000000070ac00000| Untracked 
|  40|0x000000070ae00000, 0x000000070ae00000, 0x000000070b000000|  0%| F|  |TAMS 0x000000070ae00000, 0x000000070ae00000| Untracked 
|  41|0x000000070b000000, 0x000000070b000000, 0x000000070b200000|  0%| F|  |TAMS 0x000000070b000000, 0x000000070b000000| Untracked 
|  42|0x000000070b200000, 0x000000070b200000, 0x000000070b400000|  0%| F|  |TAMS 0x000000070b200000, 0x000000070b200000| Untracked 
|  43|0x000000070b400000, 0x000000070b400000, 0x000000070b600000|  0%| F|  |TAMS 0x000000070b400000, 0x000000070b400000| Untracked 
|  44|0x000000070b600000, 0x000000070b600000, 0x000000070b800000|  0%| F|  |TAMS 0x000000070b600000, 0x000000070b600000| Untracked 
|  45|0x000000070b800000, 0x000000070b800000, 0x000000070ba00000|  0%| F|  |TAMS 0x000000070b800000, 0x000000070b800000| Untracked 
|  46|0x000000070ba00000, 0x000000070ba00000, 0x000000070bc00000|  0%| F|  |TAMS 0x000000070ba00000, 0x000000070ba00000| Untracked 
|  47|0x000000070bc00000, 0x000000070bc00000, 0x000000070be00000|  0%| F|  |TAMS 0x000000070bc00000, 0x000000070bc00000| Untracked 
|  48|0x000000070be00000, 0x000000070be00000, 0x000000070c000000|  0%| F|  |TAMS 0x000000070be00000, 0x000000070be00000| Untracked 
|  49|0x000000070c000000, 0x000000070c000000, 0x000000070c200000|  0%| F|  |TAMS 0x000000070c000000, 0x000000070c000000| Untracked 
|  50|0x000000070c200000, 0x000000070c200000, 0x000000070c400000|  0%| F|  |TAMS 0x000000070c200000, 0x000000070c200000| Untracked 
|  51|0x000000070c400000, 0x000000070c400000, 0x000000070c600000|  0%| F|  |TAMS 0x000000070c400000, 0x000000070c400000| Untracked 
|  52|0x000000070c600000, 0x000000070c600000, 0x000000070c800000|  0%| F|  |TAMS 0x000000070c600000, 0x000000070c600000| Untracked 
|  53|0x000000070c800000, 0x000000070c800000, 0x000000070ca00000|  0%| F|  |TAMS 0x000000070c800000, 0x000000070c800000| Untracked 
|  54|0x000000070ca00000, 0x000000070ca00000, 0x000000070cc00000|  0%| F|  |TAMS 0x000000070ca00000, 0x000000070ca00000| Untracked 
|  55|0x000000070cc00000, 0x000000070cc00000, 0x000000070ce00000|  0%| F|  |TAMS 0x000000070cc00000, 0x000000070cc00000| Untracked 
|  56|0x000000070ce00000, 0x000000070ce00000, 0x000000070d000000|  0%| F|  |TAMS 0x000000070ce00000, 0x000000070ce00000| Untracked 
|  57|0x000000070d000000, 0x000000070d000000, 0x000000070d200000|  0%| F|  |TAMS 0x000000070d000000, 0x000000070d000000| Untracked 
|  58|0x000000070d200000, 0x000000070d200000, 0x000000070d400000|  0%| F|  |TAMS 0x000000070d200000, 0x000000070d200000| Untracked 
|  59|0x000000070d400000, 0x000000070d400000, 0x000000070d600000|  0%| F|  |TAMS 0x000000070d400000, 0x000000070d400000| Untracked 
|  60|0x000000070d600000, 0x000000070d600000, 0x000000070d800000|  0%| F|  |TAMS 0x000000070d600000, 0x000000070d600000| Untracked 
|  61|0x000000070d800000, 0x000000070d800000, 0x000000070da00000|  0%| F|  |TAMS 0x000000070d800000, 0x000000070d800000| Untracked 
|  62|0x000000070da00000, 0x000000070da00000, 0x000000070dc00000|  0%| F|  |TAMS 0x000000070da00000, 0x000000070da00000| Untracked 
|  63|0x000000070dc00000, 0x000000070dc00000, 0x000000070de00000|  0%| F|  |TAMS 0x000000070dc00000, 0x000000070dc00000| Untracked 
|  64|0x000000070de00000, 0x000000070de00000, 0x000000070e000000|  0%| F|  |TAMS 0x000000070de00000, 0x000000070de00000| Untracked 
|  65|0x000000070e000000, 0x000000070e000000, 0x000000070e200000|  0%| F|  |TAMS 0x000000070e000000, 0x000000070e000000| Untracked 
|  66|0x000000070e200000, 0x000000070e200000, 0x000000070e400000|  0%| F|  |TAMS 0x000000070e200000, 0x000000070e200000| Untracked 
|  67|0x000000070e400000, 0x000000070e4f3c80, 0x000000070e600000| 47%| S|CS|TAMS 0x000000070e400000, 0x000000070e400000| Complete 
|  68|0x000000070e600000, 0x000000070e800000, 0x000000070e800000|100%| S|CS|TAMS 0x000000070e600000, 0x000000070e600000| Complete 
|  69|0x000000070e800000, 0x000000070ea00000, 0x000000070ea00000|100%| S|CS|TAMS 0x000000070e800000, 0x000000070e800000| Complete 
|  70|0x000000070ea00000, 0x000000070ec00000, 0x000000070ec00000|100%| S|CS|TAMS 0x000000070ea00000, 0x000000070ea00000| Complete 
|  71|0x000000070ec00000, 0x000000070ee00000, 0x000000070ee00000|100%| S|CS|TAMS 0x000000070ec00000, 0x000000070ec00000| Complete 
|  72|0x000000070ee00000, 0x000000070f000000, 0x000000070f000000|100%| S|CS|TAMS 0x000000070ee00000, 0x000000070ee00000| Complete 
|  73|0x000000070f000000, 0x000000070f000000, 0x000000070f200000|  0%| F|  |TAMS 0x000000070f000000, 0x000000070f000000| Untracked 
|  74|0x000000070f200000, 0x000000070f200000, 0x000000070f400000|  0%| F|  |TAMS 0x000000070f200000, 0x000000070f200000| Untracked 
|  75|0x000000070f400000, 0x000000070f400000, 0x000000070f600000|  0%| F|  |TAMS 0x000000070f400000, 0x000000070f400000| Untracked 
|  76|0x000000070f600000, 0x000000070f600000, 0x000000070f800000|  0%| F|  |TAMS 0x000000070f600000, 0x000000070f600000| Untracked 
|  77|0x000000070f800000, 0x000000070f800000, 0x000000070fa00000|  0%| F|  |TAMS 0x000000070f800000, 0x000000070f800000| Untracked 
|  78|0x000000070fa00000, 0x000000070fa00000, 0x000000070fc00000|  0%| F|  |TAMS 0x000000070fa00000, 0x000000070fa00000| Untracked 
|  79|0x000000070fc00000, 0x000000070fc00000, 0x000000070fe00000|  0%| F|  |TAMS 0x000000070fc00000, 0x000000070fc00000| Untracked 
|  80|0x000000070fe00000, 0x000000070fe00000, 0x0000000710000000|  0%| F|  |TAMS 0x000000070fe00000, 0x000000070fe00000| Untracked 
|  81|0x0000000710000000, 0x0000000710000000, 0x0000000710200000|  0%| F|  |TAMS 0x0000000710000000, 0x0000000710000000| Untracked 
|  82|0x0000000710200000, 0x0000000710200000, 0x0000000710400000|  0%| F|  |TAMS 0x0000000710200000, 0x0000000710200000| Untracked 
|  83|0x0000000710400000, 0x0000000710400000, 0x0000000710600000|  0%| F|  |TAMS 0x0000000710400000, 0x0000000710400000| Untracked 
|  84|0x0000000710600000, 0x0000000710600000, 0x0000000710800000|  0%| F|  |TAMS 0x0000000710600000, 0x0000000710600000| Untracked 
|  85|0x0000000710800000, 0x0000000710800000, 0x0000000710a00000|  0%| F|  |TAMS 0x0000000710800000, 0x0000000710800000| Untracked 
|  86|0x0000000710a00000, 0x0000000710a00000, 0x0000000710c00000|  0%| F|  |TAMS 0x0000000710a00000, 0x0000000710a00000| Untracked 
|  87|0x0000000710c00000, 0x0000000710c00000, 0x0000000710e00000|  0%| F|  |TAMS 0x0000000710c00000, 0x0000000710c00000| Untracked 
|  88|0x0000000710e00000, 0x0000000710e00000, 0x0000000711000000|  0%| F|  |TAMS 0x0000000710e00000, 0x0000000710e00000| Untracked 
|  89|0x0000000711000000, 0x0000000711000000, 0x0000000711200000|  0%| F|  |TAMS 0x0000000711000000, 0x0000000711000000| Untracked 
|  90|0x0000000711200000, 0x0000000711200000, 0x0000000711400000|  0%| F|  |TAMS 0x0000000711200000, 0x0000000711200000| Untracked 
|  91|0x0000000711400000, 0x0000000711400000, 0x0000000711600000|  0%| F|  |TAMS 0x0000000711400000, 0x0000000711400000| Untracked 
|  92|0x0000000711600000, 0x0000000711600000, 0x0000000711800000|  0%| F|  |TAMS 0x0000000711600000, 0x0000000711600000| Untracked 
|  93|0x0000000711800000, 0x0000000711800000, 0x0000000711a00000|  0%| F|  |TAMS 0x0000000711800000, 0x0000000711800000| Untracked 
|  94|0x0000000711a00000, 0x0000000711a00000, 0x0000000711c00000|  0%| F|  |TAMS 0x0000000711a00000, 0x0000000711a00000| Untracked 
|  95|0x0000000711c00000, 0x0000000711c00000, 0x0000000711e00000|  0%| F|  |TAMS 0x0000000711c00000, 0x0000000711c00000| Untracked 
|  96|0x0000000711e00000, 0x0000000711e00000, 0x0000000712000000|  0%| F|  |TAMS 0x0000000711e00000, 0x0000000711e00000| Untracked 
|  97|0x0000000712000000, 0x0000000712000000, 0x0000000712200000|  0%| F|  |TAMS 0x0000000712000000, 0x0000000712000000| Untracked 
|  98|0x0000000712200000, 0x0000000712200000, 0x0000000712400000|  0%| F|  |TAMS 0x0000000712200000, 0x0000000712200000| Untracked 
|  99|0x0000000712400000, 0x0000000712400000, 0x0000000712600000|  0%| F|  |TAMS 0x0000000712400000, 0x0000000712400000| Untracked 
| 100|0x0000000712600000, 0x0000000712600000, 0x0000000712800000|  0%| F|  |TAMS 0x0000000712600000, 0x0000000712600000| Untracked 
| 101|0x0000000712800000, 0x0000000712800000, 0x0000000712a00000|  0%| F|  |TAMS 0x0000000712800000, 0x0000000712800000| Untracked 
| 102|0x0000000712a00000, 0x0000000712a00000, 0x0000000712c00000|  0%| F|  |TAMS 0x0000000712a00000, 0x0000000712a00000| Untracked 
| 103|0x0000000712c00000, 0x0000000712c00000, 0x0000000712e00000|  0%| F|  |TAMS 0x0000000712c00000, 0x0000000712c00000| Untracked 
| 104|0x0000000712e00000, 0x0000000712e00000, 0x0000000713000000|  0%| F|  |TAMS 0x0000000712e00000, 0x0000000712e00000| Untracked 
| 105|0x0000000713000000, 0x0000000713000000, 0x0000000713200000|  0%| F|  |TAMS 0x0000000713000000, 0x0000000713000000| Untracked 
| 106|0x0000000713200000, 0x0000000713200000, 0x0000000713400000|  0%| F|  |TAMS 0x0000000713200000, 0x0000000713200000| Untracked 
| 107|0x0000000713400000, 0x0000000713400000, 0x0000000713600000|  0%| F|  |TAMS 0x0000000713400000, 0x0000000713400000| Untracked 
| 108|0x0000000713600000, 0x0000000713600000, 0x0000000713800000|  0%| F|  |TAMS 0x0000000713600000, 0x0000000713600000| Untracked 
| 109|0x0000000713800000, 0x0000000713800000, 0x0000000713a00000|  0%| F|  |TAMS 0x0000000713800000, 0x0000000713800000| Untracked 
| 110|0x0000000713a00000, 0x0000000713a00000, 0x0000000713c00000|  0%| F|  |TAMS 0x0000000713a00000, 0x0000000713a00000| Untracked 
| 111|0x0000000713c00000, 0x0000000713c00000, 0x0000000713e00000|  0%| F|  |TAMS 0x0000000713c00000, 0x0000000713c00000| Untracked 
| 112|0x0000000713e00000, 0x0000000713e00000, 0x0000000714000000|  0%| F|  |TAMS 0x0000000713e00000, 0x0000000713e00000| Untracked 
| 113|0x0000000714000000, 0x0000000714000000, 0x0000000714200000|  0%| F|  |TAMS 0x0000000714000000, 0x0000000714000000| Untracked 
| 114|0x0000000714200000, 0x0000000714200000, 0x0000000714400000|  0%| F|  |TAMS 0x0000000714200000, 0x0000000714200000| Untracked 
| 115|0x0000000714400000, 0x0000000714400000, 0x0000000714600000|  0%| F|  |TAMS 0x0000000714400000, 0x0000000714400000| Untracked 
| 116|0x0000000714600000, 0x0000000714600000, 0x0000000714800000|  0%| F|  |TAMS 0x0000000714600000, 0x0000000714600000| Untracked 
| 117|0x0000000714800000, 0x0000000714800000, 0x0000000714a00000|  0%| F|  |TAMS 0x0000000714800000, 0x0000000714800000| Untracked 
| 118|0x0000000714a00000, 0x0000000714a00000, 0x0000000714c00000|  0%| F|  |TAMS 0x0000000714a00000, 0x0000000714a00000| Untracked 
| 119|0x0000000714c00000, 0x0000000714c00000, 0x0000000714e00000|  0%| F|  |TAMS 0x0000000714c00000, 0x0000000714c00000| Untracked 
| 120|0x0000000714e00000, 0x0000000714e00000, 0x0000000715000000|  0%| F|  |TAMS 0x0000000714e00000, 0x0000000714e00000| Untracked 
| 121|0x0000000715000000, 0x0000000715000000, 0x0000000715200000|  0%| F|  |TAMS 0x0000000715000000, 0x0000000715000000| Untracked 
| 122|0x0000000715200000, 0x0000000715200000, 0x0000000715400000|  0%| F|  |TAMS 0x0000000715200000, 0x0000000715200000| Untracked 
| 123|0x0000000715400000, 0x0000000715400000, 0x0000000715600000|  0%| F|  |TAMS 0x0000000715400000, 0x0000000715400000| Untracked 
| 124|0x0000000715600000, 0x0000000715600000, 0x0000000715800000|  0%| F|  |TAMS 0x0000000715600000, 0x0000000715600000| Untracked 
| 125|0x0000000715800000, 0x0000000715800000, 0x0000000715a00000|  0%| F|  |TAMS 0x0000000715800000, 0x0000000715800000| Untracked 
| 126|0x0000000715a00000, 0x0000000715a00000, 0x0000000715c00000|  0%| F|  |TAMS 0x0000000715a00000, 0x0000000715a00000| Untracked 
| 127|0x0000000715c00000, 0x0000000715c00000, 0x0000000715e00000|  0%| F|  |TAMS 0x0000000715c00000, 0x0000000715c00000| Untracked 
| 128|0x0000000715e00000, 0x0000000715e00000, 0x0000000716000000|  0%| F|  |TAMS 0x0000000715e00000, 0x0000000715e00000| Untracked 
| 129|0x0000000716000000, 0x0000000716000000, 0x0000000716200000|  0%| F|  |TAMS 0x0000000716000000, 0x0000000716000000| Untracked 
| 130|0x0000000716200000, 0x0000000716200000, 0x0000000716400000|  0%| F|  |TAMS 0x0000000716200000, 0x0000000716200000| Untracked 
| 131|0x0000000716400000, 0x0000000716400000, 0x0000000716600000|  0%| F|  |TAMS 0x0000000716400000, 0x0000000716400000| Untracked 
| 132|0x0000000716600000, 0x0000000716600000, 0x0000000716800000|  0%| F|  |TAMS 0x0000000716600000, 0x0000000716600000| Untracked 
| 133|0x0000000716800000, 0x0000000716800000, 0x0000000716a00000|  0%| F|  |TAMS 0x0000000716800000, 0x0000000716800000| Untracked 
| 134|0x0000000716a00000, 0x0000000716a00000, 0x0000000716c00000|  0%| F|  |TAMS 0x0000000716a00000, 0x0000000716a00000| Untracked 
| 135|0x0000000716c00000, 0x0000000716c00000, 0x0000000716e00000|  0%| F|  |TAMS 0x0000000716c00000, 0x0000000716c00000| Untracked 
| 136|0x0000000716e00000, 0x0000000716e00000, 0x0000000717000000|  0%| F|  |TAMS 0x0000000716e00000, 0x0000000716e00000| Untracked 
| 137|0x0000000717000000, 0x0000000717000000, 0x0000000717200000|  0%| F|  |TAMS 0x0000000717000000, 0x0000000717000000| Untracked 
| 138|0x0000000717200000, 0x0000000717200000, 0x0000000717400000|  0%| F|  |TAMS 0x0000000717200000, 0x0000000717200000| Untracked 
| 139|0x0000000717400000, 0x0000000717400000, 0x0000000717600000|  0%| F|  |TAMS 0x0000000717400000, 0x0000000717400000| Untracked 
| 140|0x0000000717600000, 0x0000000717600000, 0x0000000717800000|  0%| F|  |TAMS 0x0000000717600000, 0x0000000717600000| Untracked 
| 141|0x0000000717800000, 0x00000007178a4590, 0x0000000717a00000| 32%| E|  |TAMS 0x0000000717800000, 0x0000000717800000| Complete 
| 142|0x0000000717a00000, 0x0000000717c00000, 0x0000000717c00000|100%| E|CS|TAMS 0x0000000717a00000, 0x0000000717a00000| Complete 
| 143|0x0000000717c00000, 0x0000000717e00000, 0x0000000717e00000|100%| E|CS|TAMS 0x0000000717c00000, 0x0000000717c00000| Complete 
| 144|0x0000000717e00000, 0x0000000718000000, 0x0000000718000000|100%| E|CS|TAMS 0x0000000717e00000, 0x0000000717e00000| Complete 
| 145|0x0000000718000000, 0x0000000718200000, 0x0000000718200000|100%| E|CS|TAMS 0x0000000718000000, 0x0000000718000000| Complete 
| 146|0x0000000718200000, 0x0000000718400000, 0x0000000718400000|100%| E|CS|TAMS 0x0000000718200000, 0x0000000718200000| Complete 
| 147|0x0000000718400000, 0x0000000718600000, 0x0000000718600000|100%| E|CS|TAMS 0x0000000718400000, 0x0000000718400000| Complete 
| 148|0x0000000718600000, 0x0000000718800000, 0x0000000718800000|100%| E|CS|TAMS 0x0000000718600000, 0x0000000718600000| Complete 
| 149|0x0000000718800000, 0x0000000718a00000, 0x0000000718a00000|100%| E|CS|TAMS 0x0000000718800000, 0x0000000718800000| Complete 
| 150|0x0000000718a00000, 0x0000000718c00000, 0x0000000718c00000|100%| E|CS|TAMS 0x0000000718a00000, 0x0000000718a00000| Complete 
|1994|0x00000007ff200000, 0x00000007ff400000, 0x00000007ff400000|100%| O|  |TAMS 0x00000007ff400000, 0x00000007ff200000| Untracked 
|1995|0x00000007ff400000, 0x00000007ff600000, 0x00000007ff600000|100%| O|  |TAMS 0x00000007ff600000, 0x00000007ff400000| Untracked 
|1996|0x00000007ff600000, 0x00000007ff800000, 0x00000007ff800000|100%| O|  |TAMS 0x00000007ff800000, 0x00000007ff600000| Untracked 
|1997|0x00000007ff800000, 0x00000007ffa00000, 0x00000007ffa00000|100%| O|  |TAMS 0x00000007ffa00000, 0x00000007ff800000| Untracked 
|1998|0x00000007ffa00000, 0x00000007ffc00000, 0x00000007ffc00000|100%| O|  |TAMS 0x00000007ffc00000, 0x00000007ffa00000| Untracked 
|1999|0x00000007ffc00000, 0x00000007ffe00000, 0x00000007ffe00000|100%| O|  |TAMS 0x00000007ffe00000, 0x00000007ffc00000| Untracked 
|2000|0x00000007ffe00000, 0x0000000800000000, 0x0000000800000000|100%| O|  |TAMS 0x0000000800000000, 0x00000007ffe00000| Untracked 

Card table byte_map: [0x000001e97c040000,0x000001e97c820000] _byte_map_base: 0x000001e978811000

Marking Bits (Prev, Next): (CMBitMap*) 0x000001e97af82a60, (CMBitMap*) 0x000001e97af82aa0
 Prev Bits: [0x000001e916ea0000, 0x000001e91ad28000)
 Next Bits: [0x000001e91ad30000, 0x000001e91ebb8000)

Polling page: 0x000001e978ee0000

Metaspace:

Usage:
  Non-class:     31.50 MB used.
      Class:      3.55 MB used.
       Both:     35.05 MB used.

Virtual space:
  Non-class space:       64.00 MB reserved,      31.81 MB ( 50%) committed,  1 nodes.
      Class space:        1.00 GB reserved,       3.88 MB ( <1%) committed,  1 nodes.
             Both:        1.06 GB reserved,      35.69 MB (  3%) committed. 

Chunk freelists:
   Non-Class:  6.00 KB
       Class:  175.00 KB
        Both:  181.00 KB

MaxMetaspaceSize: unlimited
CompressedClassSpaceSize: 1.00 GB
Initial GC threshold: 21.00 MB
Current GC threshold: 45.94 MB
CDS: on
MetaspaceReclaimPolicy: balanced
 - commit_granule_bytes: 65536.
 - commit_granule_words: 8192.
 - virtual_space_node_default_size: 8388608.
 - enlarge_chunks_in_place: 1.
 - new_chunks_are_fully_committed: 0.
 - uncommit_free_chunks: 1.
 - use_allocation_guard: 0.


Internal statistics:

num_allocs_failed_limit: 3.
num_arena_births: 788.
num_arena_deaths: 0.
num_vsnodes_births: 2.
num_vsnodes_deaths: 0.
num_space_committed: 571.
num_space_uncommitted: 0.
num_chunks_returned_to_freelist: 3.
num_chunks_taken_from_freelist: 2207.
num_chunk_merges: 3.
num_chunk_splits: 1518.
num_chunks_enlarged: 1053.
num_inconsistent_stats: 0.

CodeHeap 'non-profiled nmethods': size=119168Kb used=7974Kb max_used=8286Kb free=111193Kb
 bounds [0x000001e90fa40000, 0x000001e910260000, 0x000001e916ea0000]
CodeHeap 'profiled nmethods': size=119104Kb used=21532Kb max_used=22639Kb free=97571Kb
 bounds [0x000001e907ea0000, 0x000001e9094c0000, 0x000001e90f2f0000]
CodeHeap 'non-nmethods': size=7488Kb used=3041Kb max_used=3159Kb free=4446Kb
 bounds [0x000001e90f2f0000, 0x000001e90f620000, 0x000001e90fa40000]
 total_blobs=10292 nmethods=9711 adapters=487
 compilation: enabled
              stopped_count=0, restarted_count=0
 full_count=0

Compilation events (20 events):
Event: 7.684 Thread 0x000001e922dc2a00 12364       3       java.util.Arrays::binarySearch0 (72 bytes)
Event: 7.684 Thread 0x000001e97f413ee0 nmethod 12363 0x000001e908c74710 code [0x000001e908c748c0, 0x000001e908c749e8]
Event: 7.684 Thread 0x000001e922dc2a00 nmethod 12364 0x000001e908ca4610 code [0x000001e908ca47c0, 0x000001e908ca4a58]
Event: 7.686 Thread 0x000001e97f413ee0 12365       3       java.lang.ProcessEnvironment$CheckedEntrySet$1::next (20 bytes)
Event: 7.686 Thread 0x000001e9232eff90 12366       3       java.lang.ProcessEnvironment$CheckedEntry::<init> (10 bytes)
Event: 7.686 Thread 0x000001e922dc3390 12367       3       java.lang.ProcessEnvironment$CheckedEntry::getKey (13 bytes)
Event: 7.686 Thread 0x000001e922dc2a00 12368       3       java.lang.ProcessEnvironment$CheckedEntry::getKey (5 bytes)
Event: 7.686 Thread 0x000001e922dc3390 nmethod 12367 0x000001e908d31b10 code [0x000001e908d31cc0, 0x000001e908d31f88]
Event: 7.686 Thread 0x000001e97f413ee0 nmethod 12365 0x000001e908d3a090 code [0x000001e908d3a260, 0x000001e908d3a6c8]
Event: 7.686 Thread 0x000001e9232eff90 nmethod 12366 0x000001e908face10 code [0x000001e908facfc0, 0x000001e908fad178]
Event: 7.686 Thread 0x000001e922dc3390 12369       3       java.lang.ProcessEnvironment$CheckedEntry::getValue (13 bytes)
Event: 7.686 Thread 0x000001e922dc2a00 nmethod 12368 0x000001e908f64790 code [0x000001e908f64940, 0x000001e908f64c68]
Event: 7.686 Thread 0x000001e922dc3390 nmethod 12369 0x000001e908f62f90 code [0x000001e908f63140, 0x000001e908f63408]
Event: 7.690 Thread 0x000001e92335a3e0 nmethod 12310 0x000001e90fc91f90 code [0x000001e90fc92460, 0x000001e90fc95ea8]
Event: 7.694 Thread 0x000001e925cfcb80 12371       4       jdk.internal.org.objectweb.asm.Type::getArgumentsAndReturnSizes (140 bytes)
Event: 7.698 Thread 0x000001e97f413ee0 12372       3       java.io.BufferedReader::<init> (62 bytes)
Event: 7.698 Thread 0x000001e97f413ee0 nmethod 12372 0x000001e908f6a590 code [0x000001e908f6a760, 0x000001e908f6ab58]
Event: 7.702 Thread 0x000001e925cfcb80 nmethod 12371 0x000001e910080910 code [0x000001e910080b20, 0x000001e910081280]
Event: 7.711 Thread 0x000001e97f4133d0 nmethod 12362 0x000001e90fdcfc90 code [0x000001e90fdcff60, 0x000001e90fdd19e8]
Event: 7.714 Thread 0x000001e922ef9f70 nmethod 12280 0x000001e910046410 code [0x000001e9100469e0, 0x000001e91004b950]

GC Heap History (20 events):
Event: 3.612 GC heap before
{Heap before GC invocations=16 (full 0):
 garbage-first heap   total 116736K, used 87087K [0x0000000705e00000, 0x0000000800000000)
  region size 2048K, 18 young (36864K), 1 survivors (2048K)
 Metaspace       used 27748K, committed 28224K, reserved 1114112K
  class space    used 2883K, committed 3136K, reserved 1048576K
}
Event: 3.613 GC heap after
{Heap after GC invocations=17 (full 0):
 garbage-first heap   total 239616K, used 52085K [0x0000000705e00000, 0x0000000800000000)
  region size 2048K, 1 young (2048K), 1 survivors (2048K)
 Metaspace       used 27748K, committed 28224K, reserved 1114112K
  class space    used 2883K, committed 3136K, reserved 1048576K
}
Event: 4.031 GC heap before
{Heap before GC invocations=18 (full 0):
 garbage-first heap   total 204800K, used 172917K [0x0000000705e00000, 0x0000000800000000)
  region size 2048K, 60 young (122880K), 1 survivors (2048K)
 Metaspace       used 28602K, committed 29120K, reserved 1114112K
  class space    used 2974K, committed 3264K, reserved 1048576K
}
Event: 4.033 GC heap after
{Heap after GC invocations=19 (full 0):
 garbage-first heap   total 204800K, used 54631K [0x0000000705e00000, 0x0000000800000000)
  region size 2048K, 2 young (4096K), 2 survivors (4096K)
 Metaspace       used 28602K, committed 29120K, reserved 1114112K
  class space    used 2974K, committed 3264K, reserved 1048576K
}
Event: 4.041 GC heap before
{Heap before GC invocations=19 (full 0):
 garbage-first heap   total 204800K, used 60775K [0x0000000705e00000, 0x0000000800000000)
  region size 2048K, 5 young (10240K), 2 survivors (4096K)
 Metaspace       used 28602K, committed 29120K, reserved 1114112K
  class space    used 2974K, committed 3264K, reserved 1048576K
}
Event: 4.043 GC heap after
{Heap after GC invocations=20 (full 0):
 garbage-first heap   total 204800K, used 54771K [0x0000000705e00000, 0x0000000800000000)
  region size 2048K, 1 young (2048K), 1 survivors (2048K)
 Metaspace       used 28602K, committed 29120K, reserved 1114112K
  class space    used 2974K, committed 3264K, reserved 1048576K
}
Event: 4.206 GC heap before
{Heap before GC invocations=20 (full 0):
 garbage-first heap   total 204800K, used 153075K [0x0000000705e00000, 0x0000000800000000)
  region size 2048K, 50 young (102400K), 1 survivors (2048K)
 Metaspace       used 28694K, committed 29248K, reserved 1114112K
  class space    used 2976K, committed 3264K, reserved 1048576K
}
Event: 4.208 GC heap after
{Heap after GC invocations=21 (full 0):
 garbage-first heap   total 204800K, used 55998K [0x0000000705e00000, 0x0000000800000000)
  region size 2048K, 1 young (2048K), 1 survivors (2048K)
 Metaspace       used 28694K, committed 29248K, reserved 1114112K
  class space    used 2976K, committed 3264K, reserved 1048576K
}
Event: 4.370 GC heap before
{Heap before GC invocations=21 (full 0):
 garbage-first heap   total 204800K, used 160446K [0x0000000705e00000, 0x0000000800000000)
  region size 2048K, 52 young (106496K), 1 survivors (2048K)
 Metaspace       used 28852K, committed 29440K, reserved 1114112K
  class space    used 2978K, committed 3264K, reserved 1048576K
}
Event: 4.372 GC heap after
{Heap after GC invocations=22 (full 0):
 garbage-first heap   total 204800K, used 56214K [0x0000000705e00000, 0x0000000800000000)
  region size 2048K, 1 young (2048K), 1 survivors (2048K)
 Metaspace       used 28852K, committed 29440K, reserved 1114112K
  class space    used 2978K, committed 3264K, reserved 1048576K
}
Event: 5.288 GC heap before
{Heap before GC invocations=22 (full 0):
 garbage-first heap   total 204800K, used 162710K [0x0000000705e00000, 0x0000000800000000)
  region size 2048K, 53 young (108544K), 1 survivors (2048K)
 Metaspace       used 31534K, committed 32128K, reserved 1114112K
  class space    used 3239K, committed 3520K, reserved 1048576K
}
Event: 5.292 GC heap after
{Heap after GC invocations=23 (full 0):
 garbage-first heap   total 204800K, used 58052K [0x0000000705e00000, 0x0000000800000000)
  region size 2048K, 2 young (4096K), 2 survivors (4096K)
 Metaspace       used 31534K, committed 32128K, reserved 1114112K
  class space    used 3239K, committed 3520K, reserved 1048576K
}
Event: 5.781 GC heap before
{Heap before GC invocations=23 (full 0):
 garbage-first heap   total 204800K, used 168644K [0x0000000705e00000, 0x0000000800000000)
  region size 2048K, 54 young (110592K), 2 survivors (4096K)
 Metaspace       used 31821K, committed 32448K, reserved 1114112K
  class space    used 3251K, committed 3584K, reserved 1048576K
}
Event: 5.785 GC heap after
{Heap after GC invocations=24 (full 0):
 garbage-first heap   total 204800K, used 62971K [0x0000000705e00000, 0x0000000800000000)
  region size 2048K, 4 young (8192K), 4 survivors (8192K)
 Metaspace       used 31821K, committed 32448K, reserved 1114112K
  class space    used 3251K, committed 3584K, reserved 1048576K
}
Event: 6.348 GC heap before
{Heap before GC invocations=24 (full 0):
 garbage-first heap   total 204800K, used 165371K [0x0000000705e00000, 0x0000000800000000)
  region size 2048K, 54 young (110592K), 4 survivors (8192K)
 Metaspace       used 32148K, committed 32768K, reserved 1114112K
  class space    used 3262K, committed 3584K, reserved 1048576K
}
Event: 6.357 GC heap after
{Heap after GC invocations=25 (full 0):
 garbage-first heap   total 204800K, used 81662K [0x0000000705e00000, 0x0000000800000000)
  region size 2048K, 7 young (14336K), 7 survivors (14336K)
 Metaspace       used 32148K, committed 32768K, reserved 1114112K
  class space    used 3262K, committed 3584K, reserved 1048576K
}
Event: 6.844 GC heap before
{Heap before GC invocations=25 (full 0):
 garbage-first heap   total 204800K, used 157438K [0x0000000705e00000, 0x0000000800000000)
  region size 2048K, 44 young (90112K), 7 survivors (14336K)
 Metaspace       used 33485K, committed 34112K, reserved 1114112K
  class space    used 3409K, committed 3712K, reserved 1048576K
}
Event: 6.854 GC heap after
{Heap after GC invocations=26 (full 0):
 garbage-first heap   total 323584K, used 92043K [0x0000000705e00000, 0x0000000800000000)
  region size 2048K, 5 young (10240K), 5 survivors (10240K)
 Metaspace       used 33485K, committed 34112K, reserved 1114112K
  class space    used 3409K, committed 3712K, reserved 1048576K
}
Event: 7.590 GC heap before
{Heap before GC invocations=26 (full 0):
 garbage-first heap   total 323584K, used 251787K [0x0000000705e00000, 0x0000000800000000)
  region size 2048K, 83 young (169984K), 5 survivors (10240K)
 Metaspace       used 35160K, committed 35840K, reserved 1114112K
  class space    used 3568K, committed 3904K, reserved 1048576K
}
Event: 7.594 GC heap after
{Heap after GC invocations=27 (full 0):
 garbage-first heap   total 323584K, used 93609K [0x0000000705e00000, 0x0000000800000000)
  region size 2048K, 6 young (12288K), 6 survivors (12288K)
 Metaspace       used 35160K, committed 35840K, reserved 1114112K
  class space    used 3568K, committed 3904K, reserved 1048576K
}

Dll operation events (12 events):
Event: 0.004 Loaded shared library C:\Program Files\Java\jdk-19\bin\java.dll
Event: 0.010 Loaded shared library C:\Program Files\Java\jdk-19\bin\jsvml.dll
Event: 0.042 Loaded shared library C:\Program Files\Java\jdk-19\bin\zip.dll
Event: 0.044 Loaded shared library C:\Program Files\Java\jdk-19\bin\instrument.dll
Event: 0.047 Loaded shared library C:\Program Files\Java\jdk-19\bin\net.dll
Event: 0.048 Loaded shared library C:\Program Files\Java\jdk-19\bin\nio.dll
Event: 0.050 Loaded shared library C:\Program Files\Java\jdk-19\bin\zip.dll
Event: 0.058 Loaded shared library C:\Program Files\JetBrains\IntelliJ IDEA 2022.1.2\bin\breakgen64.dll
Event: 0.062 Loaded shared library C:\Program Files\Java\jdk-19\bin\extnet.dll
Event: 0.106 Loaded shared library C:\Program Files\Java\jdk-19\bin\jimage.dll
Event: 0.160 Loaded shared library C:\Users\99293\AppData\Local\Temp\jansi-2.4.0-53735a2d057d25c5-jansi.dll
Event: 0.166 Loaded shared library C:\Program Files\Java\jdk-19\bin\verify.dll

Deoptimization events (20 events):
Event: 7.539 Thread 0x000001e97af10cc0 Uncommon trap: trap_request=0xffffff45 fr.pc=0x000001e90fc9d904 relative=0x0000000000000744
Event: 7.539 Thread 0x000001e97af10cc0 Uncommon trap: reason=unstable_if action=reinterpret pc=0x000001e90fc9d904 method=org.codehaus.plexus.classworlds.realm.Entry.matches(Ljava/lang/String;)Z @ 20 c2
Event: 7.539 Thread 0x000001e97af10cc0 DEOPT PACKING pc=0x000001e90fc9d904 sp=0x000000152b5fe1e0
Event: 7.539 Thread 0x000001e97af10cc0 DEOPT UNPACKING pc=0x000001e90f356da3 sp=0x000000152b5fe168 mode 2
Event: 7.599 Thread 0x000001e926c46550 Uncommon trap: trap_request=0xffffffc6 fr.pc=0x000001e90fcb7554 relative=0x0000000000000214
Event: 7.599 Thread 0x000001e926c46550 Uncommon trap: reason=bimorphic_or_optimized_type_check action=maybe_recompile pc=0x000001e90fcb7554 method=java.util.concurrent.locks.AbstractQueuedSynchronizer.release(I)Z @ 2 c2
Event: 7.599 Thread 0x000001e926c46550 DEOPT PACKING pc=0x000001e90fcb7554 sp=0x000000152e1ff030
Event: 7.599 Thread 0x000001e926c46550 DEOPT UNPACKING pc=0x000001e90f356da3 sp=0x000000152e1feff8 mode 2
Event: 7.599 Thread 0x000001e926c46aa0 Uncommon trap: trap_request=0xffffffc6 fr.pc=0x000001e90fcb7554 relative=0x0000000000000214
Event: 7.599 Thread 0x000001e926c46aa0 Uncommon trap: reason=bimorphic_or_optimized_type_check action=maybe_recompile pc=0x000001e90fcb7554 method=java.util.concurrent.locks.AbstractQueuedSynchronizer.release(I)Z @ 2 c2
Event: 7.599 Thread 0x000001e926c46aa0 DEOPT PACKING pc=0x000001e90fcb7554 sp=0x000000152e2fef20
Event: 7.599 Thread 0x000001e926c46aa0 DEOPT UNPACKING pc=0x000001e90f356da3 sp=0x000000152e2feee8 mode 2
Event: 7.599 Thread 0x000001e926c46550 Uncommon trap: trap_request=0xffffffc6 fr.pc=0x000001e90fcb7554 relative=0x0000000000000214
Event: 7.599 Thread 0x000001e926c46550 Uncommon trap: reason=bimorphic_or_optimized_type_check action=maybe_recompile pc=0x000001e90fcb7554 method=java.util.concurrent.locks.AbstractQueuedSynchronizer.release(I)Z @ 2 c2
Event: 7.599 Thread 0x000001e926c46000 Uncommon trap: trap_request=0xffffffc6 fr.pc=0x000001e90fcb7554 relative=0x0000000000000214
Event: 7.599 Thread 0x000001e926c46550 DEOPT PACKING pc=0x000001e90fcb7554 sp=0x000000152e1ff030
Event: 7.599 Thread 0x000001e926c46000 Uncommon trap: reason=bimorphic_or_optimized_type_check action=maybe_recompile pc=0x000001e90fcb7554 method=java.util.concurrent.locks.AbstractQueuedSynchronizer.release(I)Z @ 2 c2
Event: 7.599 Thread 0x000001e926c46550 DEOPT UNPACKING pc=0x000001e90f356da3 sp=0x000000152e1feff8 mode 2
Event: 7.599 Thread 0x000001e926c46000 DEOPT PACKING pc=0x000001e90fcb7554 sp=0x000000152e3ff440
Event: 7.600 Thread 0x000001e926c46000 DEOPT UNPACKING pc=0x000001e90f356da3 sp=0x000000152e3ff408 mode 2

Classes loaded (20 events):
Event: 7.682 Loading class java/util/concurrent/ArrayBlockingQueue
Event: 7.682 Loading class java/util/concurrent/ArrayBlockingQueue done
Event: 7.684 Loading class java/util/DualPivotQuicksort
Event: 7.684 Loading class java/util/DualPivotQuicksort done
Event: 7.685 Loading class java/lang/IllegalThreadStateException
Event: 7.685 Loading class java/lang/IllegalThreadStateException done
Event: 7.685 Loading class java/lang/ProcessBuilder
Event: 7.686 Loading class java/lang/ProcessBuilder done
Event: 7.686 Loading class java/lang/ProcessImpl
Event: 7.686 Loading class java/lang/Process
Event: 7.686 Loading class java/lang/Process done
Event: 7.686 Loading class java/lang/ProcessImpl done
Event: 7.694 Loading class java/lang/ProcessImpl$2
Event: 7.694 Loading class java/lang/ProcessImpl$2 done
Event: 7.695 Loading class java/lang/Process$PipeInputStream
Event: 7.695 Loading class java/lang/Process$PipeInputStream done
Event: 7.696 Loading class jdk/internal/event/ProcessStartEvent
Event: 7.696 Loading class jdk/internal/event/Event
Event: 7.696 Loading class jdk/internal/event/Event done
Event: 7.696 Loading class jdk/internal/event/ProcessStartEvent done

Classes unloaded (0 events):
No events

Classes redefined (0 events):
No events

Internal exceptions (20 events):
Event: 7.298 Thread 0x000001e97af10cc0 Exception <a 'sun/nio/fs/WindowsException'{0x0000000711308230}> (0x0000000711308230) 
thrown [s\open\src\hotspot\share\prims\jni.cpp, line 517]
Event: 7.304 Thread 0x000001e97af10cc0 Exception <a 'sun/nio/fs/WindowsException'{0x0000000711011390}> (0x0000000711011390) 
thrown [s\open\src\hotspot\share\prims\jni.cpp, line 517]
Event: 7.304 Thread 0x000001e97af10cc0 Exception <a 'sun/nio/fs/WindowsException'{0x0000000711011a68}> (0x0000000711011a68) 
thrown [s\open\src\hotspot\share\prims\jni.cpp, line 517]
Event: 7.304 Thread 0x000001e97af10cc0 Exception <a 'sun/nio/fs/WindowsException'{0x0000000711012940}> (0x0000000711012940) 
thrown [s\open\src\hotspot\share\prims\jni.cpp, line 517]
Event: 7.304 Thread 0x000001e97af10cc0 Exception <a 'sun/nio/fs/WindowsException'{0x00000007110130b8}> (0x00000007110130b8) 
thrown [s\open\src\hotspot\share\prims\jni.cpp, line 517]
Event: 7.308 Thread 0x000001e97af10cc0 Exception <a 'sun/nio/fs/WindowsException'{0x00000007110934c8}> (0x00000007110934c8) 
thrown [s\open\src\hotspot\share\prims\jni.cpp, line 517]
Event: 7.308 Thread 0x000001e97af10cc0 Exception <a 'sun/nio/fs/WindowsException'{0x0000000711093ba0}> (0x0000000711093ba0) 
thrown [s\open\src\hotspot\share\prims\jni.cpp, line 517]
Event: 7.308 Thread 0x000001e97af10cc0 Exception <a 'sun/nio/fs/WindowsException'{0x0000000711094a78}> (0x0000000711094a78) 
thrown [s\open\src\hotspot\share\prims\jni.cpp, line 517]
Event: 7.341 Thread 0x000001e97af10cc0 Implicit null exception at 0x000001e90fc8e312 to 0x000001e90fc92370
Event: 7.342 Thread 0x000001e97af10cc0 Implicit null exception at 0x000001e90fc7bbee to 0x000001e90fc7eb3c
Event: 7.342 Thread 0x000001e97af10cc0 Implicit null exception at 0x000001e90fc6a916 to 0x000001e90fc6bb68
Event: 7.517 Thread 0x000001e97af10cc0 Implicit null exception at 0x000001e90fe1374b to 0x000001e90fe13944
Event: 7.520 Thread 0x000001e926c46aa0 Exception <a 'java/lang/NoSuchMethodError'{0x000000070f83b878}: 'java.lang.Object java.lang.invoke.DirectMethodHandle$Holder.invokeStatic(java.lang.Object, long, java.lang.Object)'> (0x000000070f83b878) 
thrown [s\open\src\hotspot\share\interpreter\linkResolver.cpp, line 774]
Event: 7.520 Thread 0x000001e926c46aa0 Exception <a 'java/lang/NoSuchMethodError'{0x000000070f83eec8}: 'java.lang.Object java.lang.invoke.DirectMethodHandle$Holder.invokeStaticInit(java.lang.Object, long, java.lang.Object)'> (0x000000070f83eec8) 
thrown [s\open\src\hotspot\share\interpreter\linkResolver.cpp, line 774]
Event: 7.521 Thread 0x000001e926c46aa0 Exception <a 'java/lang/NoSuchMethodError'{0x000000070f844b18}: 'java.lang.Object java.lang.invoke.DirectMethodHandle$Holder.newInvokeSpecial(java.lang.Object, long)'> (0x000000070f844b18) 
thrown [s\open\src\hotspot\share\interpreter\linkResolver.cpp, line 774]
Event: 7.522 Thread 0x000001e926c46aa0 Exception <a 'java/lang/NoSuchMethodError'{0x000000070f8493a8}: 'long java.lang.invoke.DirectMethodHandle$Holder.invokeInterface(java.lang.Object, java.lang.Object)'> (0x000000070f8493a8) 
thrown [s\open\src\hotspot\share\interpreter\linkResolver.cpp, line 774]
Event: 7.523 Thread 0x000001e926c46aa0 Exception <a 'java/lang/NoSuchMethodError'{0x000000070f84cd10}: 'long java.lang.invoke.DelegatingMethodHandle$Holder.reinvoke_L(java.lang.Object, java.lang.Object)'> (0x000000070f84cd10) 
thrown [s\open\src\hotspot\share\interpreter\linkResolver.cpp, line 774]
Event: 7.525 Thread 0x000001e97af10cc0 Exception <a 'java/lang/NoSuchMethodError'{0x000000070f9df970}: 'java.lang.String org.apache.maven.execution.MavenExecutionRequest.getFailureBehavior()'> (0x000000070f9df970) 
thrown [s\open\src\hotspot\share\interpreter\linkResolver.cpp, line 870]
Event: 7.565 Thread 0x000001e97af10cc0 Exception <a 'java/lang/NoSuchMethodError'{0x000000070f772b10}: 'java.lang.Object java.lang.invoke.DirectMethodHandle$Holder.invokeStaticInit(java.lang.Object, java.lang.Object, int, int, int, int)'> (0x000000070f772b10) 
thrown [s\open\src\hotspot\share\interpreter\linkResolver.cpp, line 774]
Event: 7.694 Thread 0x000001e97af10cc0 Exception <a 'java/lang/NoSuchMethodError'{0x0000000717ab32a8}: 'void java.lang.invoke.DirectMethodHandle$Holder.invokeStatic(java.lang.Object, long)'> (0x0000000717ab32a8) 
thrown [s\open\src\hotspot\share\interpreter\linkResolver.cpp, line 774]

VM Operations (20 events):
Event: 6.844 Executing VM operation: G1CollectForAllocation
Event: 6.854 Executing VM operation: G1CollectForAllocation done
Event: 7.102 Executing VM operation: ICBufferFull
Event: 7.102 Executing VM operation: ICBufferFull done
Event: 7.275 Executing VM operation: ICBufferFull
Event: 7.275 Executing VM operation: ICBufferFull done
Event: 7.342 Executing VM operation: HandshakeAllThreads
Event: 7.342 Executing VM operation: HandshakeAllThreads done
Event: 7.378 Executing VM operation: HandshakeAllThreads
Event: 7.378 Executing VM operation: HandshakeAllThreads done
Event: 7.486 Executing VM operation: HandshakeAllThreads
Event: 7.486 Executing VM operation: HandshakeAllThreads done
Event: 7.511 Executing VM operation: HandshakeAllThreads
Event: 7.511 Executing VM operation: HandshakeAllThreads done
Event: 7.590 Executing VM operation: G1CollectForAllocation
Event: 7.594 Executing VM operation: G1CollectForAllocation done
Event: 7.662 Executing VM operation: HandshakeAllThreads
Event: 7.662 Executing VM operation: HandshakeAllThreads done
Event: 7.695 Executing VM operation: HandshakeAllThreads
Event: 7.695 Executing VM operation: HandshakeAllThreads done

Events (20 events):
Event: 7.502 Thread 0x000001e97f40a0f0 flushing nmethod 0x000001e909367610
Event: 7.502 Thread 0x000001e97f40a0f0 flushing nmethod 0x000001e9093c5b10
Event: 7.502 Thread 0x000001e97f40a0f0 flushing nmethod 0x000001e9093d0e10
Event: 7.503 Thread 0x000001e97f40a0f0 flushing nmethod 0x000001e90946f610
Event: 7.503 Thread 0x000001e97f40a0f0 flushing nmethod 0x000001e90947cb90
Event: 7.503 Thread 0x000001e97f40a0f0 flushing nmethod 0x000001e909482510
Event: 7.503 Thread 0x000001e97f40a0f0 flushing nmethod 0x000001e909484c10
Event: 7.512 Thread 0x000001e926c46aa0 Thread added: 0x000001e926c46aa0
Event: 7.523 Thread 0x000001e926c46aa0 Thread exited: 0x000001e926c46aa0
Event: 7.599 Thread 0x000001e926c46550 Thread added: 0x000001e926c46550
Event: 7.599 Thread 0x000001e926c46aa0 Thread added: 0x000001e926c46aa0
Event: 7.599 Thread 0x000001e926c46000 Thread added: 0x000001e926c46000
Event: 7.641 Thread 0x000001e926c43ad0 Thread added: 0x000001e926c43ad0
Event: 7.641 Thread 0x000001e926c4a510 Thread added: 0x000001e926c4a510
Event: 7.658 Thread 0x000001e926c44ac0 Thread added: 0x000001e926c44ac0
Event: 7.661 Thread 0x000001e926c47a90 Thread added: 0x000001e926c47a90
Event: 7.683 Thread 0x000001e926c44020 Thread added: 0x000001e926c44020
Event: 7.698 Thread 0x000001e926c45560 Thread added: 0x000001e926c45560
Event: 7.698 Thread 0x000001e926c46ff0 Thread added: 0x000001e926c46ff0
Event: 7.699 Thread 0x000001e926c49520 Thread added: 0x000001e926c49520


Dynamic libraries:
0x00007ff7704d0000 - 0x00007ff7704e0000 	C:\Program Files\Java\jdk-19\bin\java.exe
0x00007ffb064d0000 - 0x00007ffb066e7000 	C:\WINDOWS\SYSTEM32\ntdll.dll
0x00007ffb04b10000 - 0x00007ffb04bd4000 	C:\WINDOWS\System32\KERNEL32.DLL
0x00007ffb03950000 - 0x00007ffb03cfd000 	C:\WINDOWS\System32\KERNELBASE.dll
0x00007ffb037c0000 - 0x00007ffb038d1000 	C:\WINDOWS\System32\ucrtbase.dll
0x00007ffafd290000 - 0x00007ffafd2a8000 	C:\Program Files\Java\jdk-19\bin\jli.dll
0x00007ffb04630000 - 0x00007ffb046e2000 	C:\WINDOWS\System32\ADVAPI32.dll
0x00007ffafd270000 - 0x00007ffafd28b000 	C:\Program Files\Java\jdk-19\bin\VCRUNTIME140.dll
0x00007ffb05500000 - 0x00007ffb055a7000 	C:\WINDOWS\System32\msvcrt.dll
0x00007ffb04380000 - 0x00007ffb04429000 	C:\WINDOWS\System32\sechost.dll
0x00007ffb041a0000 - 0x00007ffb041c8000 	C:\WINDOWS\System32\bcrypt.dll
0x00007ffb041d0000 - 0x00007ffb042e4000 	C:\WINDOWS\System32\RPCRT4.dll
0x00007ffb05980000 - 0x00007ffb05b2e000 	C:\WINDOWS\System32\USER32.dll
0x00007ffb04170000 - 0x00007ffb04196000 	C:\WINDOWS\System32\win32u.dll
0x00007ffaedde0000 - 0x00007ffaee073000 	C:\WINDOWS\WinSxS\amd64_microsoft.windows.common-controls_6595b64144ccf1df_6.0.22621.3672_none_2713b9d173822955\COMCTL32.dll
0x00007ffb06270000 - 0x00007ffb06299000 	C:\WINDOWS\System32\GDI32.dll
0x00007ffb03fd0000 - 0x00007ffb040e9000 	C:\WINDOWS\System32\gdi32full.dll
0x00007ffb03dc0000 - 0x00007ffb03e5a000 	C:\WINDOWS\System32\msvcp_win.dll
0x00007ffafb060000 - 0x00007ffafb06a000 	C:\WINDOWS\SYSTEM32\VERSION.dll
0x00007ffb06210000 - 0x00007ffb06241000 	C:\WINDOWS\System32\IMM32.DLL
0x00007ffafd3b0000 - 0x00007ffafd3bc000 	C:\Program Files\Java\jdk-19\bin\vcruntime140_1.dll
0x00007ffac1a00000 - 0x00007ffac1a8e000 	C:\Program Files\Java\jdk-19\bin\msvcp140.dll
0x00007ffa55750000 - 0x00007ffa56410000 	C:\Program Files\Java\jdk-19\bin\server\jvm.dll
0x00007ffafd410000 - 0x00007ffafd419000 	C:\WINDOWS\SYSTEM32\WSOCK32.dll
0x00007ffb06030000 - 0x00007ffb060a1000 	C:\WINDOWS\System32\WS2_32.dll
0x00007ffafd420000 - 0x00007ffafd454000 	C:\WINDOWS\SYSTEM32\WINMM.dll
0x00007ffb02880000 - 0x00007ffb02898000 	C:\WINDOWS\SYSTEM32\kernel.appcore.dll
0x00007ffafd100000 - 0x00007ffafd10a000 	C:\Program Files\Java\jdk-19\bin\jimage.dll
0x00007ffb01020000 - 0x00007ffb01252000 	C:\WINDOWS\SYSTEM32\DBGHELP.DLL
0x00007ffb04780000 - 0x00007ffb04b0d000 	C:\WINDOWS\System32\combase.dll
0x00007ffb06130000 - 0x00007ffb06207000 	C:\WINDOWS\System32\OLEAUT32.dll
0x00007ffaf8a20000 - 0x00007ffaf8a52000 	C:\WINDOWS\SYSTEM32\dbgcore.DLL
0x00007ffb040f0000 - 0x00007ffb0416b000 	C:\WINDOWS\System32\bcryptPrimitives.dll
0x00007ffafcec0000 - 0x00007ffafcece000 	C:\Program Files\Java\jdk-19\bin\instrument.dll
0x00007ffaed200000 - 0x00007ffaed226000 	C:\Program Files\Java\jdk-19\bin\java.dll
0x00007ffac0f20000 - 0x00007ffac0ff7000 	C:\Program Files\Java\jdk-19\bin\jsvml.dll
0x00007ffb04c90000 - 0x00007ffb054f8000 	C:\WINDOWS\System32\SHELL32.dll
0x00007ffb016d0000 - 0x00007ffb01fce000 	C:\WINDOWS\SYSTEM32\windows.storage.dll
0x00007ffb01590000 - 0x00007ffb016cf000 	C:\WINDOWS\SYSTEM32\wintypes.dll
0x00007ffb056b0000 - 0x00007ffb057a9000 	C:\WINDOWS\System32\SHCORE.dll
0x00007ffb057c0000 - 0x00007ffb0581e000 	C:\WINDOWS\System32\shlwapi.dll
0x00007ffb036f0000 - 0x00007ffb03711000 	C:\WINDOWS\SYSTEM32\profapi.dll
0x00007ffaed0c0000 - 0x00007ffaed0d8000 	C:\Program Files\Java\jdk-19\bin\zip.dll
0x00007ffafd0e0000 - 0x00007ffafd0f3000 	C:\Program Files\Java\jdk-19\bin\net.dll
0x00007ffafefc0000 - 0x00007ffaff0f6000 	C:\WINDOWS\SYSTEM32\WINHTTP.dll
0x00007ffb02d50000 - 0x00007ffb02db9000 	C:\WINDOWS\system32\mswsock.dll
0x00007ffafcc30000 - 0x00007ffafcc46000 	C:\Program Files\Java\jdk-19\bin\nio.dll
0x00007ffaece90000 - 0x00007ffaeceaa000 	C:\Program Files\JetBrains\IntelliJ IDEA 2022.1.2\bin\breakgen64.dll
0x00007ffaecd10000 - 0x00007ffaecd18000 	C:\Program Files\Java\jdk-19\bin\extnet.dll
0x0000000069ac0000 - 0x0000000069ae4000 	C:\Users\99293\AppData\Local\Temp\jansi-2.4.0-53735a2d057d25c5-jansi.dll
0x00007ffafce50000 - 0x00007ffafce60000 	C:\Program Files\Java\jdk-19\bin\verify.dll
0x00007ffb02fb0000 - 0x00007ffb02fcb000 	C:\WINDOWS\SYSTEM32\CRYPTSP.dll
0x00007ffb02840000 - 0x00007ffb02875000 	C:\WINDOWS\system32\rsaenh.dll
0x00007ffb02e50000 - 0x00007ffb02e78000 	C:\WINDOWS\SYSTEM32\USERENV.dll
0x00007ffb02fd0000 - 0x00007ffb02fdc000 	C:\WINDOWS\SYSTEM32\CRYPTBASE.dll
0x00007ffb02340000 - 0x00007ffb0236d000 	C:\WINDOWS\SYSTEM32\IPHLPAPI.DLL
0x00007ffb057b0000 - 0x00007ffb057b9000 	C:\WINDOWS\System32\NSI.dll
0x00007ffafeef0000 - 0x00007ffafef09000 	C:\WINDOWS\SYSTEM32\dhcpcsvc6.DLL
0x00007ffafed50000 - 0x00007ffafed6f000 	C:\WINDOWS\SYSTEM32\dhcpcsvc.DLL
0x00007ffb02380000 - 0x00007ffb02478000 	C:\WINDOWS\SYSTEM32\DNSAPI.dll

dbghelp: loaded successfully - version: 4.0.5 - missing functions: none
symbol engine: initialized successfully - sym options: 0x614 - pdb path: .;C:\Program Files\Java\jdk-19\bin;C:\WINDOWS\SYSTEM32;C:\WINDOWS\WinSxS\amd64_microsoft.windows.common-controls_6595b64144ccf1df_6.0.22621.3672_none_2713b9d173822955;C:\Program Files\Java\jdk-19\bin\server;C:\Program Files\JetBrains\IntelliJ IDEA 2022.1.2\bin;C:\Users\99293\AppData\Local\Temp

VM Arguments:
jvm_args: -Dmaven.multiModuleProjectDirectory=D:\unitedStates duplicates original -Dmaven.home=C:\Users\99293\.m2\wrapper\dists\apache-maven-3.8.6-bin\1ks0nkde5v1pk9vtc31i9d0lcd\apache-maven-3.8.6 -Dclassworlds.conf=C:\Users\99293\.m2\wrapper\dists\apache-maven-3.8.6-bin\1ks0nkde5v1pk9vtc31i9d0lcd\apache-maven-3.8.6\bin\m2.conf -Dmaven.ext.class.path=C:\Program Files\JetBrains\IntelliJ IDEA 2022.1.2\plugins\maven\lib\maven-event-listener.jar -javaagent:C:\Program Files\JetBrains\IntelliJ IDEA 2022.1.2\lib\idea_rt.jar=61883:C:\Program Files\JetBrains\IntelliJ IDEA 2022.1.2\bin -Dfile.encoding=UTF-8 
java_command: org.codehaus.classworlds.Launcher -Didea.version=2022.1.2 package
java_class_path (initial): C:\Users\99293\.m2\wrapper\dists\apache-maven-3.8.6-bin\1ks0nkde5v1pk9vtc31i9d0lcd\apache-maven-3.8.6\boot\plexus-classworlds-2.6.0.jar;C:\Users\99293\.m2\wrapper\dists\apache-maven-3.8.6-bin\1ks0nkde5v1pk9vtc31i9d0lcd\apache-maven-3.8.6\boot\plexus-classworlds.license
Launcher Type: SUN_STANDARD

[Global flags]
     intx CICompilerCount                          = 12                                        {product} {ergonomic}
     uint ConcGCThreads                            = 3                                         {product} {ergonomic}
     uint G1ConcRefinementThreads                  = 13                                        {product} {ergonomic}
   size_t G1HeapRegionSize                         = 2097152                                   {product} {ergonomic}
    uintx GCDrainStackTargetSize                   = 64                                        {product} {ergonomic}
   size_t InitialHeapSize                          = 264241152                                 {product} {ergonomic}
   size_t MarkStackSize                            = 4194304                                   {product} {ergonomic}
   size_t MaxHeapSize                              = 4196401152                                {product} {ergonomic}
   size_t MaxNewSize                               = 2516582400                                {product} {ergonomic}
   size_t MinHeapDeltaBytes                        = 2097152                                   {product} {ergonomic}
   size_t MinHeapSize                              = 8388608                                   {product} {ergonomic}
    uintx NonNMethodCodeHeapSize                   = 7602480                                {pd product} {ergonomic}
    uintx NonProfiledCodeHeapSize                  = 122027880                              {pd product} {ergonomic}
    uintx ProfiledCodeHeapSize                     = 122027880                              {pd product} {ergonomic}
    uintx ReservedCodeCacheSize                    = 251658240                              {pd product} {ergonomic}
     bool SegmentedCodeCache                       = true                                      {product} {ergonomic}
   size_t SoftMaxHeapSize                          = 4196401152                             {manageable} {ergonomic}
     bool UseCompressedClassPointers               = true                           {product lp64_product} {ergonomic}
     bool UseCompressedOops                        = true                           {product lp64_product} {ergonomic}
     bool UseG1GC                                  = true                                      {product} {ergonomic}
     bool UseLargePagesIndividualAllocation        = false                                  {pd product} {ergonomic}

Logging:
Log output configuration:
 #0: stdout all=warning uptime,level,tags foldmultilines=false
 #1: stderr all=off uptime,level,tags foldmultilines=false

Environment Variables:
JAVA_HOME=C:\Program Files\Java\jdk-19
PATH=C:\Program Files\Common Files\Oracle\Java\javapath;C:\Windows\system32;C:\Windows;C:\Windows\System32\Wbem;C:\Windows\System32\WindowsPowerShell\v1.0\;C:\Windows\System32\OpenSSH\;C:\Program Files (x86)\NVIDIA Corporation\PhysX\Common;C:\Program Files\NVIDIA Corporation\NVIDIA NvDLISR;C:\Program Files\Git\cmd;C:\Program Files (x86)\dotnet\;C:\WINDOWS\system32;C:\WINDOWS;C:\WINDOWS\System32\Wbem;C:\WINDOWS\System32\WindowsPowerShell\v1.0\;C:\WINDOWS\System32\OpenSSH\;C:\Program Files\Java\jdk-19\bin;C:\Users\99293\AppData\Local\Programs\Python\Python311\Scripts\;C:\Users\99293\AppData\Local\Programs\Python\Python311\;C:\Users\99293\AppData\Local\Microsoft\WindowsApps;;C:\Program Files\JetBrains\IntelliJ IDEA 2022.1.2\bin;;C:\Program Files\heroku\bin
USERNAME=ASUS
OS=Windows_NT
PROCESSOR_IDENTIFIER=Intel64 Family 6 Model 154 Stepping 3, GenuineIntel
TMP=C:\Users\99293\AppData\Local\Temp
TEMP=C:\Users\99293\AppData\Local\Temp



---------------  S Y S T E M  ---------------

OS:
 Windows 11 , 64 bit Build 22621 (10.0.22621.3958)
OS uptime: 0 days 7:00 hours
Hyper-V role detected

CPU: total 16 (initial active 16) (8 cores per cpu, 2 threads per core) family 6 model 154 stepping 3 microcode 0x41c, cx8, cmov, fxsr, ht, mmx, 3dnowpref, sse, sse2, sse3, ssse3, sse4.1, sse4.2, popcnt, lzcnt, tsc, tscinvbit, avx, avx2, aes, erms, clmul, bmi1, bmi2, adx, sha, fma, vzeroupper, clflush, clflushopt, clwb, hv, serialize, rdtscp, rdpid, fsrm

Memory: 4k page, system-wide physical 16005M (2480M free)
TotalPageFile size 18053M (AvailPageFile size 7M)
current process WorkingSet (physical memory assigned to process): 595M, peak: 595M
current process commit charge ("private bytes"): 646M, peak: 663M

vm_info: Java HotSpot(TM) 64-Bit Server VM (19.0.2+7-44) for windows-amd64 JRE (19.0.2+7-44), built on 2022-11-30T18:02:09Z by "mach5one" with MS VC++ 17.1 (VS2022)

END.
