#
# There is insufficient memory for the Java Runtime Environment to continue.
# Native memory allocation (malloc) failed to allocate 1992336 bytes for Chunk::new
# Possible reasons:
#   The system is out of physical RAM or swap space
#   The process is running with CompressedOops enabled, and the Java Heap may be blocking the growth of the native heap
# Possible solutions:
#   Reduce memory load on the system
#   Increase physical memory or swap space
#   Check if swap backing store is full
#   Decrease Java heap size (-Xmx/-Xms)
#   Decrease number of Java threads
#   Decrease Java thread stack sizes (-Xss)
#   Set larger code cache with -XX:ReservedCodeCacheSize=
#   JVM is running with Zero Based Compressed Oops mode in which the Java heap is
#     placed in the first 32GB address space. The Java Heap base address is the
#     maximum limit for the native heap growth. Please use -XX:HeapBaseMinAddress
#     to set the Java Heap base and to place the Java Heap above 32GB virtual address.
# This output file may be truncated or incomplete.
#
#  Out of Memory Error (arena.cpp:184), pid=1832, tid=21520
#
# JRE version: Java(TM) SE Runtime Environment (19.0.2+7) (build 19.0.2+7-44)
# Java VM: Java HotSpot(TM) 64-Bit Server VM (19.0.2+7-44, mixed mode, sharing, tiered, compressed oops, compressed class ptrs, g1 gc, windows-amd64)
# No core dump will be written. Minidumps are not enabled by default on client versions of Windows
#

---------------  S U M M A R Y ------------

Command Line: -Dmaven.multiModuleProjectDirectory=D:\unitedStates duplicates original -Dmaven.home=C:\Users\99293\.m2\wrapper\dists\apache-maven-3.8.6-bin\1ks0nkde5v1pk9vtc31i9d0lcd\apache-maven-3.8.6 -Dclassworlds.conf=C:\Users\99293\.m2\wrapper\dists\apache-maven-3.8.6-bin\1ks0nkde5v1pk9vtc31i9d0lcd\apache-maven-3.8.6\bin\m2.conf -Dmaven.ext.class.path=C:\Program Files\JetBrains\IntelliJ IDEA 2022.1.2\plugins\maven\lib\maven-event-listener.jar -javaagent:C:\Program Files\JetBrains\IntelliJ IDEA 2022.1.2\lib\idea_rt.jar=63969:C:\Program Files\JetBrains\IntelliJ IDEA 2022.1.2\bin -Dfile.encoding=UTF-8 org.codehaus.classworlds.Launcher -Didea.version=2022.1.2 package

Host: 12th Gen Intel(R) Core(TM) i7-12650H, 16 cores, 15G,  Windows 11 , 64 bit Build 22621 (10.0.22621.1635)
Time: Tue Jun 27 16:52:58 2023  Windows 11 , 64 bit Build 22621 (10.0.22621.1635) elapsed time: 5.683742 seconds (0d 0h 0m 5s)

---------------  T H R E A D  ---------------

Current thread (0x000001447cb69c10):  JavaThread "C2 CompilerThread3" daemon [_thread_in_native, id=21520, stack(0x0000002540800000,0x0000002540900000)]


Current CompileTask:
C2:   5683 10521       4       lombok.core.AST::buildWithCollection (128 bytes)

Stack: [0x0000002540800000,0x0000002540900000]
Native frames: (J=compiled Java code, j=interpreted, Vv=VM code, C=native code)
V  [jvm.dll+0x6ee21a]
V  [jvm.dll+0x85765e]
V  [jvm.dll+0x85904e]
V  [jvm.dll+0x859703]
V  [jvm.dll+0x28298f]
V  [jvm.dll+0xc9adf]
V  [jvm.dll+0xc9e65]
V  [jvm.dll+0x3bca12]
V  [jvm.dll+0x3860e1]
V  [jvm.dll+0x38555a]
V  [jvm.dll+0x24c3d9]
V  [jvm.dll+0x24b781]
V  [jvm.dll+0x1d6ce1]
V  [jvm.dll+0x25b25a]
V  [jvm.dll+0x2596e8]
V  [jvm.dll+0x807588]
V  [jvm.dll+0x80125a]
V  [jvm.dll+0x6ecf0b]
C  [ucrtbase.dll+0x29363]
C  [KERNEL32.DLL+0x126ad]
C  [ntdll.dll+0x5a9f8]


---------------  P R O C E S S  ---------------

Threads class SMR info:
_java_thread_list=0x0000014406a097c0, length=23, elements={
0x000001445878a660, 0x000001447c3dcae0, 0x000001447c3dd610, 0x000001447c3de140,
0x000001447c3e4ba0, 0x000001447c3e54d0, 0x000001447c3e7e10, 0x000001447c3f2860,
0x000001447c3f31d0, 0x000001447c3f3b40, 0x000001447c40e9d0, 0x000001447c65a970,
0x000001447c65d380, 0x000001447c6ef400, 0x000001447c6ef940, 0x000001447cab4f10,
0x000001447cab4000, 0x000001447cb694e0, 0x000001447cb69c10, 0x000001447d1486c0,
0x000001447da16040, 0x000001447d1ba860, 0x00000144045ab5c0
}

Java Threads: ( => current thread )
  0x000001445878a660 JavaThread "main" [_thread_in_Java, id=17948, stack(0x000000253ef00000,0x000000253f000000)]
  0x000001447c3dcae0 JavaThread "Reference Handler" daemon [_thread_blocked, id=8108, stack(0x000000253f600000,0x000000253f700000)]
  0x000001447c3dd610 JavaThread "Finalizer" daemon [_thread_blocked, id=2696, stack(0x000000253f700000,0x000000253f800000)]
  0x000001447c3de140 JavaThread "Signal Dispatcher" daemon [_thread_blocked, id=12476, stack(0x000000253f800000,0x000000253f900000)]
  0x000001447c3e4ba0 JavaThread "Attach Listener" daemon [_thread_blocked, id=14160, stack(0x000000253f900000,0x000000253fa00000)]
  0x000001447c3e54d0 JavaThread "Service Thread" daemon [_thread_blocked, id=17996, stack(0x000000253fa00000,0x000000253fb00000)]
  0x000001447c3e7e10 JavaThread "Monitor Deflation Thread" daemon [_thread_blocked, id=17960, stack(0x000000253fb00000,0x000000253fc00000)]
  0x000001447c3f2860 JavaThread "C2 CompilerThread0" daemon [_thread_in_native, id=1772, stack(0x000000253fc00000,0x000000253fd00000)]
  0x000001447c3f31d0 JavaThread "C1 CompilerThread0" daemon [_thread_blocked, id=23296, stack(0x000000253fd00000,0x000000253fe00000)]
  0x000001447c3f3b40 JavaThread "Sweeper thread" daemon [_thread_blocked, id=22508, stack(0x000000253fe00000,0x000000253ff00000)]
  0x000001447c40e9d0 JavaThread "C1 CompilerThread1" daemon [_thread_blocked, id=20000, stack(0x000000253ff00000,0x0000002540000000)]
  0x000001447c65a970 JavaThread "Common-Cleaner" daemon [_thread_blocked, id=6888, stack(0x0000002540000000,0x0000002540100000)]
  0x000001447c65d380 JavaThread "C1 CompilerThread2" daemon [_thread_blocked, id=11780, stack(0x0000002540100000,0x0000002540200000)]
  0x000001447c6ef400 JavaThread "Monitor Ctrl-Break" daemon [_thread_in_native, id=16504, stack(0x0000002540200000,0x0000002540300000)]
  0x000001447c6ef940 JavaThread "Notification Thread" daemon [_thread_blocked, id=3264, stack(0x0000002540300000,0x0000002540400000)]
  0x000001447cab4f10 JavaThread "C2 CompilerThread1" daemon [_thread_in_native, id=23512, stack(0x0000002540500000,0x0000002540600000)]
  0x000001447cab4000 JavaThread "C1 CompilerThread3" daemon [_thread_blocked, id=8664, stack(0x0000002540600000,0x0000002540700000)]
  0x000001447cb694e0 JavaThread "C2 CompilerThread2" daemon [_thread_in_native, id=5892, stack(0x0000002540700000,0x0000002540800000)]
=>0x000001447cb69c10 JavaThread "C2 CompilerThread3" daemon [_thread_in_native, id=21520, stack(0x0000002540800000,0x0000002540900000)]
  0x000001447d1486c0 JavaThread "C2 CompilerThread4" daemon [_thread_in_native, id=13968, stack(0x0000002540900000,0x0000002540a00000)]
  0x000001447da16040 JavaThread "C2 CompilerThread5" daemon [_thread_in_native, id=1612, stack(0x0000002540a00000,0x0000002540b00000)]
  0x000001447d1ba860 JavaThread "C2 CompilerThread6" daemon [_thread_in_native, id=17544, stack(0x0000002540b00000,0x0000002540c00000)]
  0x00000144045ab5c0 JavaThread "C2 CompilerThread7" daemon [_thread_in_native, id=22860, stack(0x0000002540c00000,0x0000002540d00000)]

Other Threads:
  0x000001447c3c01a0 VMThread "VM Thread" [stack: 0x000000253f500000,0x000000253f600000] [id=15200]
  0x000001445878b450 WatcherThread "VM Periodic Task Thread" [stack: 0x0000002540400000,0x0000002540500000] [id=17060]
  0x00000144587fc120 WorkerThread "GC Thread#0" [stack: 0x000000253f000000,0x000000253f100000] [id=3844]
  0x000001447cb60c70 WorkerThread "GC Thread#1" [stack: 0x0000002540d00000,0x0000002540e00000] [id=13884]
  0x000001447cb5f320 WorkerThread "GC Thread#2" [stack: 0x0000002540e00000,0x0000002540f00000] [id=14768]
  0x000001447cb609a0 WorkerThread "GC Thread#3" [stack: 0x0000002540f00000,0x0000002541000000] [id=11164]
  0x000001447cb5f5f0 WorkerThread "GC Thread#4" [stack: 0x0000002541000000,0x0000002541100000] [id=23380]
  0x000001447cb606d0 WorkerThread "GC Thread#5" [stack: 0x0000002541100000,0x0000002541200000] [id=14020]
  0x000001447cb5f8c0 WorkerThread "GC Thread#6" [stack: 0x0000002541200000,0x0000002541300000] [id=22496]
  0x000001447cb5fe60 WorkerThread "GC Thread#7" [stack: 0x0000002541300000,0x0000002541400000] [id=14896]
  0x000001447cb60400 WorkerThread "GC Thread#8" [stack: 0x0000002541400000,0x0000002541500000] [id=23260]
  0x000001447ee92f90 WorkerThread "GC Thread#9" [stack: 0x0000002541500000,0x0000002541600000] [id=22320]
  0x000001447ee91370 WorkerThread "GC Thread#10" [stack: 0x0000002541600000,0x0000002541700000] [id=7700]
  0x000001447ee93ad0 WorkerThread "GC Thread#11" [stack: 0x0000002541700000,0x0000002541800000] [id=10964]
  0x000001447ee92180 WorkerThread "GC Thread#12" [stack: 0x0000002541800000,0x0000002541900000] [id=23520]
  0x000001445880c9a0 ConcurrentGCThread "G1 Main Marker" [stack: 0x000000253f100000,0x000000253f200000] [id=21676]
  0x000001445880e2f0 WorkerThread "G1 Conc#0" [stack: 0x000000253f200000,0x000000253f300000] [id=23452]
  0x000001447ee91be0 WorkerThread "G1 Conc#1" [stack: 0x0000002541900000,0x0000002541a00000] [id=20088]
  0x000001447ee90830 WorkerThread "G1 Conc#2" [stack: 0x0000002541a00000,0x0000002541b00000] [id=4180]
  0x000001447c27d380 ConcurrentGCThread "G1 Refine#0" [stack: 0x000000253f300000,0x000000253f400000] [id=22048]
  0x000001447c27ddd0 ConcurrentGCThread "G1 Service" [stack: 0x000000253f400000,0x000000253f500000] [id=4048]

Threads with active compile tasks:
C2 CompilerThread0     5692 10506       4       lombok.javac.JavacAST::buildTree (176 bytes)
C2 CompilerThread1     5692 10499   !   4       lombok.javac.JavacAST::drill (146 bytes)
C2 CompilerThread2     5692 10485       4       lombok.core.AST::buildWithField (21 bytes)
C2 CompilerThread3     5692 10521       4       lombok.core.AST::buildWithCollection (128 bytes)
C2 CompilerThread4     5692 10492       4       lombok.javac.JavacAST::buildStatementOrExpression (104 bytes)
C2 CompilerThread5     5692 10486   !   4       lombok.core.AST::buildWithField0 (121 bytes)
C2 CompilerThread6     5692 10544       4       lombok.javac.JavacAST::buildTree (10 bytes)
C2 CompilerThread7     5692 10617       4       lombok.javac.JavacNode::traverse (774 bytes)

VM state: not at safepoint (normal execution)

VM Mutex/Monitor currently owned by a thread: None

Heap address: 0x0000000705e00000, size: 4002 MB, Compressed Oops mode: Zero based, Oop shift amount: 3

CDS archive(s) mapped at: [0x0000000800000000-0x0000000800c40000-0x0000000800c40000), size 12845056, SharedBaseAddress: 0x0000000800000000, ArchiveRelocationMode: 0.
Compressed class space mapped at: 0x0000000801000000-0x0000000841000000, reserved size: 1073741824
Narrow klass base: 0x0000000800000000, Narrow klass shift: 0, Narrow klass range: 0x100000000

GC Precious Log:
 CardTable entry size: 512
 Card Set container configuration: InlinePtr #cards 4 size 8 Array Of Cards #cards 16 size 48 Howl #buckets 8 coarsen threshold 3686 Howl Bitmap #cards 512 size 80 coarsen threshold 460 Card regions per heap region 1 cards per card region 4096
 CPUs: 16 total, 16 available
 Memory: 16005M
 Large Page Support: Disabled
 NUMA Support: Disabled
 Compressed Oops: Enabled (Zero based)
 Heap Region Size: 2M
 Heap Min Capacity: 8M
 Heap Initial Capacity: 252M
 Heap Max Capacity: 4002M
 Pre-touch: Disabled
 Parallel Workers: 13
 Concurrent Workers: 3
 Concurrent Refinement Workers: 13
 Periodic GC: Disabled

Heap:
 garbage-first heap   total 202752K, used 103983K [0x0000000705e00000, 0x0000000800000000)
  region size 2048K, 23 young (47104K), 5 survivors (10240K)
 Metaspace       used 33180K, committed 33792K, reserved 1114112K
  class space    used 3419K, committed 3712K, reserved 1048576K

Heap Regions: E=young(eden), S=young(survivor), O=old, HS=humongous(starts), HC=humongous(continues), CS=collection set, F=free, OA=open archive, CA=closed archive, TAMS=top-at-mark-start (previous, next)
|   0|0x0000000705e00000, 0x0000000706000000, 0x0000000706000000|100%| O|  |TAMS 0x0000000706000000, 0x0000000705e00000| Untracked 
|   1|0x0000000706000000, 0x0000000706200000, 0x0000000706200000|100%| O|  |TAMS 0x0000000706200000, 0x0000000706000000| Untracked 
|   2|0x0000000706200000, 0x0000000706400000, 0x0000000706400000|100%| O|  |TAMS 0x0000000706400000, 0x0000000706200000| Untracked 
|   3|0x0000000706400000, 0x0000000706600000, 0x0000000706600000|100%| O|  |TAMS 0x0000000706600000, 0x0000000706400000| Untracked 
|   4|0x0000000706600000, 0x0000000706800000, 0x0000000706800000|100%| O|  |TAMS 0x0000000706800000, 0x0000000706600000| Untracked 
|   5|0x0000000706800000, 0x0000000706a00000, 0x0000000706a00000|100%| O|  |TAMS 0x0000000706a00000, 0x0000000706800000| Untracked 
|   6|0x0000000706a00000, 0x0000000706c00000, 0x0000000706c00000|100%| O|  |TAMS 0x0000000706a00000, 0x0000000706a00000| Untracked 
|   7|0x0000000706c00000, 0x0000000706e00000, 0x0000000706e00000|100%| O|  |TAMS 0x0000000706e00000, 0x0000000706c00000| Untracked 
|   8|0x0000000706e00000, 0x0000000707000000, 0x0000000707000000|100%| O|  |TAMS 0x0000000706efd600, 0x0000000706e00000| Untracked 
|   9|0x0000000707000000, 0x0000000707200000, 0x0000000707200000|100%| O|  |TAMS 0x0000000707200000, 0x0000000707000000| Untracked 
|  10|0x0000000707200000, 0x0000000707400000, 0x0000000707400000|100%| O|  |TAMS 0x0000000707400000, 0x0000000707200000| Untracked 
|  11|0x0000000707400000, 0x0000000707600000, 0x0000000707600000|100%| O|  |TAMS 0x0000000707600000, 0x0000000707400000| Untracked 
|  12|0x0000000707600000, 0x0000000707800000, 0x0000000707800000|100%| O|  |TAMS 0x0000000707600000, 0x0000000707600000| Untracked 
|  13|0x0000000707800000, 0x0000000707a00000, 0x0000000707a00000|100%| O|  |TAMS 0x0000000707800000, 0x0000000707800000| Untracked 
|  14|0x0000000707a00000, 0x0000000707c00000, 0x0000000707c00000|100%| O|  |TAMS 0x0000000707a00000, 0x0000000707a00000| Untracked 
|  15|0x0000000707c00000, 0x0000000707e00000, 0x0000000707e00000|100%| O|  |TAMS 0x0000000707c00000, 0x0000000707c00000| Untracked 
|  16|0x0000000707e00000, 0x0000000708000000, 0x0000000708000000|100%| O|  |TAMS 0x0000000707e00000, 0x0000000707e00000| Untracked 
|  17|0x0000000708000000, 0x0000000708200000, 0x0000000708200000|100%| O|  |TAMS 0x0000000708000000, 0x0000000708000000| Untracked 
|  18|0x0000000708200000, 0x0000000708400000, 0x0000000708400000|100%|HS|  |TAMS 0x0000000708200000, 0x0000000708200000| Complete 
|  19|0x0000000708400000, 0x0000000708600000, 0x0000000708600000|100%|HC|  |TAMS 0x0000000708400000, 0x0000000708400000| Complete 
|  20|0x0000000708600000, 0x0000000708800000, 0x0000000708800000|100%| O|  |TAMS 0x0000000708600000, 0x0000000708600000| Untracked 
|  21|0x0000000708800000, 0x0000000708a00000, 0x0000000708a00000|100%| O|  |TAMS 0x0000000708800000, 0x0000000708800000| Untracked 
|  22|0x0000000708a00000, 0x0000000708c00000, 0x0000000708c00000|100%| O|  |TAMS 0x0000000708a00000, 0x0000000708a00000| Untracked 
|  23|0x0000000708c00000, 0x0000000708e00000, 0x0000000708e00000|100%| O|  |TAMS 0x0000000708c00000, 0x0000000708c00000| Untracked 
|  24|0x0000000708e00000, 0x0000000708ffb400, 0x0000000709000000| 99%| O|  |TAMS 0x0000000708e00000, 0x0000000708e00000| Untracked 
|  25|0x0000000709000000, 0x0000000709000000, 0x0000000709200000|  0%| F|  |TAMS 0x0000000709000000, 0x0000000709000000| Untracked 
|  26|0x0000000709200000, 0x0000000709200000, 0x0000000709400000|  0%| F|  |TAMS 0x0000000709200000, 0x0000000709200000| Untracked 
|  27|0x0000000709400000, 0x0000000709400000, 0x0000000709600000|  0%| F|  |TAMS 0x0000000709400000, 0x0000000709400000| Untracked 
|  28|0x0000000709600000, 0x0000000709600000, 0x0000000709800000|  0%| F|  |TAMS 0x0000000709600000, 0x0000000709600000| Untracked 
|  29|0x0000000709800000, 0x0000000709800000, 0x0000000709a00000|  0%| F|  |TAMS 0x0000000709800000, 0x0000000709800000| Untracked 
|  30|0x0000000709a00000, 0x0000000709a00000, 0x0000000709c00000|  0%| F|  |TAMS 0x0000000709a00000, 0x0000000709a00000| Untracked 
|  31|0x0000000709c00000, 0x0000000709c00000, 0x0000000709e00000|  0%| F|  |TAMS 0x0000000709c00000, 0x0000000709c00000| Untracked 
|  32|0x0000000709e00000, 0x0000000709e00000, 0x000000070a000000|  0%| F|  |TAMS 0x0000000709e00000, 0x0000000709e00000| Untracked 
|  33|0x000000070a000000, 0x000000070a000000, 0x000000070a200000|  0%| F|  |TAMS 0x000000070a000000, 0x000000070a000000| Untracked 
|  34|0x000000070a200000, 0x000000070a200000, 0x000000070a400000|  0%| F|  |TAMS 0x000000070a200000, 0x000000070a200000| Untracked 
|  35|0x000000070a400000, 0x000000070a400000, 0x000000070a600000|  0%| F|  |TAMS 0x000000070a400000, 0x000000070a400000| Untracked 
|  36|0x000000070a600000, 0x000000070a600000, 0x000000070a800000|  0%| F|  |TAMS 0x000000070a600000, 0x000000070a600000| Untracked 
|  37|0x000000070a800000, 0x000000070a800000, 0x000000070aa00000|  0%| F|  |TAMS 0x000000070a800000, 0x000000070a800000| Untracked 
|  38|0x000000070aa00000, 0x000000070aa00000, 0x000000070ac00000|  0%| F|  |TAMS 0x000000070aa00000, 0x000000070aa00000| Untracked 
|  39|0x000000070ac00000, 0x000000070ac00000, 0x000000070ae00000|  0%| F|  |TAMS 0x000000070ac00000, 0x000000070ac00000| Untracked 
|  40|0x000000070ae00000, 0x000000070ae00000, 0x000000070b000000|  0%| F|  |TAMS 0x000000070ae00000, 0x000000070ae00000| Untracked 
|  41|0x000000070b000000, 0x000000070b000000, 0x000000070b200000|  0%| F|  |TAMS 0x000000070b000000, 0x000000070b000000| Untracked 
|  42|0x000000070b200000, 0x000000070b200000, 0x000000070b400000|  0%| F|  |TAMS 0x000000070b200000, 0x000000070b200000| Untracked 
|  43|0x000000070b400000, 0x000000070b5909b0, 0x000000070b600000| 78%| S|CS|TAMS 0x000000070b400000, 0x000000070b400000| Complete 
|  44|0x000000070b600000, 0x000000070b800000, 0x000000070b800000|100%| S|CS|TAMS 0x000000070b600000, 0x000000070b600000| Complete 
|  45|0x000000070b800000, 0x000000070ba00000, 0x000000070ba00000|100%| S|CS|TAMS 0x000000070b800000, 0x000000070b800000| Complete 
|  46|0x000000070ba00000, 0x000000070bc00000, 0x000000070bc00000|100%| S|CS|TAMS 0x000000070ba00000, 0x000000070ba00000| Complete 
|  47|0x000000070bc00000, 0x000000070be00000, 0x000000070be00000|100%| S|CS|TAMS 0x000000070bc00000, 0x000000070bc00000| Complete 
|  48|0x000000070be00000, 0x000000070be00000, 0x000000070c000000|  0%| F|  |TAMS 0x000000070be00000, 0x000000070be00000| Untracked 
|  49|0x000000070c000000, 0x000000070c000000, 0x000000070c200000|  0%| F|  |TAMS 0x000000070c000000, 0x000000070c000000| Untracked 
|  50|0x000000070c200000, 0x000000070c200000, 0x000000070c400000|  0%| F|  |TAMS 0x000000070c200000, 0x000000070c200000| Untracked 
|  51|0x000000070c400000, 0x000000070c400000, 0x000000070c600000|  0%| F|  |TAMS 0x000000070c400000, 0x000000070c400000| Untracked 
|  52|0x000000070c600000, 0x000000070c600000, 0x000000070c800000|  0%| F|  |TAMS 0x000000070c600000, 0x000000070c600000| Untracked 
|  53|0x000000070c800000, 0x000000070c800000, 0x000000070ca00000|  0%| F|  |TAMS 0x000000070c800000, 0x000000070c800000| Untracked 
|  54|0x000000070ca00000, 0x000000070ca00000, 0x000000070cc00000|  0%| F|  |TAMS 0x000000070ca00000, 0x000000070ca00000| Untracked 
|  55|0x000000070cc00000, 0x000000070cc00000, 0x000000070ce00000|  0%| F|  |TAMS 0x000000070cc00000, 0x000000070cc00000| Untracked 
|  56|0x000000070ce00000, 0x000000070ce00000, 0x000000070d000000|  0%| F|  |TAMS 0x000000070ce00000, 0x000000070ce00000| Untracked 
|  57|0x000000070d000000, 0x000000070d000000, 0x000000070d200000|  0%| F|  |TAMS 0x000000070d000000, 0x000000070d000000| Untracked 
|  58|0x000000070d200000, 0x000000070d200000, 0x000000070d400000|  0%| F|  |TAMS 0x000000070d200000, 0x000000070d200000| Untracked 
|  59|0x000000070d400000, 0x000000070d400000, 0x000000070d600000|  0%| F|  |TAMS 0x000000070d400000, 0x000000070d400000| Untracked 
|  60|0x000000070d600000, 0x000000070d600000, 0x000000070d800000|  0%| F|  |TAMS 0x000000070d600000, 0x000000070d600000| Untracked 
|  61|0x000000070d800000, 0x000000070d800000, 0x000000070da00000|  0%| F|  |TAMS 0x000000070d800000, 0x000000070d800000| Untracked 
|  62|0x000000070da00000, 0x000000070da00000, 0x000000070dc00000|  0%| F|  |TAMS 0x000000070da00000, 0x000000070da00000| Untracked 
|  63|0x000000070dc00000, 0x000000070dc00000, 0x000000070de00000|  0%| F|  |TAMS 0x000000070dc00000, 0x000000070dc00000| Untracked 
|  64|0x000000070de00000, 0x000000070de00000, 0x000000070e000000|  0%| F|  |TAMS 0x000000070de00000, 0x000000070de00000| Untracked 
|  65|0x000000070e000000, 0x000000070e000000, 0x000000070e200000|  0%| F|  |TAMS 0x000000070e000000, 0x000000070e000000| Untracked 
|  66|0x000000070e200000, 0x000000070e200000, 0x000000070e400000|  0%| F|  |TAMS 0x000000070e200000, 0x000000070e200000| Untracked 
|  67|0x000000070e400000, 0x000000070e400000, 0x000000070e600000|  0%| F|  |TAMS 0x000000070e400000, 0x000000070e400000| Untracked 
|  68|0x000000070e600000, 0x000000070e600000, 0x000000070e800000|  0%| F|  |TAMS 0x000000070e600000, 0x000000070e600000| Untracked 
|  69|0x000000070e800000, 0x000000070e800000, 0x000000070ea00000|  0%| F|  |TAMS 0x000000070e800000, 0x000000070e800000| Untracked 
|  70|0x000000070ea00000, 0x000000070ea00000, 0x000000070ec00000|  0%| F|  |TAMS 0x000000070ea00000, 0x000000070ea00000| Untracked 
|  71|0x000000070ec00000, 0x000000070ec00000, 0x000000070ee00000|  0%| F|  |TAMS 0x000000070ec00000, 0x000000070ec00000| Untracked 
|  72|0x000000070ee00000, 0x000000070ee00000, 0x000000070f000000|  0%| F|  |TAMS 0x000000070ee00000, 0x000000070ee00000| Untracked 
|  73|0x000000070f000000, 0x000000070f000000, 0x000000070f200000|  0%| F|  |TAMS 0x000000070f000000, 0x000000070f000000| Untracked 
|  74|0x000000070f200000, 0x000000070f200000, 0x000000070f400000|  0%| F|  |TAMS 0x000000070f200000, 0x000000070f200000| Untracked 
|  75|0x000000070f400000, 0x000000070f400000, 0x000000070f600000|  0%| F|  |TAMS 0x000000070f400000, 0x000000070f400000| Untracked 
|  76|0x000000070f600000, 0x000000070f600000, 0x000000070f800000|  0%| F|  |TAMS 0x000000070f600000, 0x000000070f600000| Untracked 
|  77|0x000000070f800000, 0x000000070fa00000, 0x000000070fa00000|100%| E|  |TAMS 0x000000070f800000, 0x000000070f800000| Complete 
|  78|0x000000070fa00000, 0x000000070fc00000, 0x000000070fc00000|100%| E|CS|TAMS 0x000000070fa00000, 0x000000070fa00000| Complete 
|  79|0x000000070fc00000, 0x000000070fe00000, 0x000000070fe00000|100%| E|CS|TAMS 0x000000070fc00000, 0x000000070fc00000| Complete 
|  80|0x000000070fe00000, 0x0000000710000000, 0x0000000710000000|100%| E|CS|TAMS 0x000000070fe00000, 0x000000070fe00000| Complete 
|  81|0x0000000710000000, 0x0000000710200000, 0x0000000710200000|100%| E|CS|TAMS 0x0000000710000000, 0x0000000710000000| Complete 
|  82|0x0000000710200000, 0x0000000710400000, 0x0000000710400000|100%| E|CS|TAMS 0x0000000710200000, 0x0000000710200000| Complete 
|  83|0x0000000710400000, 0x0000000710600000, 0x0000000710600000|100%| E|CS|TAMS 0x0000000710400000, 0x0000000710400000| Complete 
|  84|0x0000000710600000, 0x0000000710800000, 0x0000000710800000|100%| E|CS|TAMS 0x0000000710600000, 0x0000000710600000| Complete 
|  85|0x0000000710800000, 0x0000000710a00000, 0x0000000710a00000|100%| E|CS|TAMS 0x0000000710800000, 0x0000000710800000| Complete 
|  86|0x0000000710a00000, 0x0000000710c00000, 0x0000000710c00000|100%| E|CS|TAMS 0x0000000710a00000, 0x0000000710a00000| Complete 
|  87|0x0000000710c00000, 0x0000000710e00000, 0x0000000710e00000|100%| E|CS|TAMS 0x0000000710c00000, 0x0000000710c00000| Complete 
|  88|0x0000000710e00000, 0x0000000711000000, 0x0000000711000000|100%| E|CS|TAMS 0x0000000710e00000, 0x0000000710e00000| Complete 
|  89|0x0000000711000000, 0x0000000711200000, 0x0000000711200000|100%| E|CS|TAMS 0x0000000711000000, 0x0000000711000000| Complete 
|  90|0x0000000711200000, 0x0000000711400000, 0x0000000711400000|100%| E|CS|TAMS 0x0000000711200000, 0x0000000711200000| Complete 
|  91|0x0000000711400000, 0x0000000711600000, 0x0000000711600000|100%| E|CS|TAMS 0x0000000711400000, 0x0000000711400000| Complete 
|  92|0x0000000711600000, 0x0000000711800000, 0x0000000711800000|100%| E|CS|TAMS 0x0000000711600000, 0x0000000711600000| Complete 
|  93|0x0000000711800000, 0x0000000711a00000, 0x0000000711a00000|100%| E|CS|TAMS 0x0000000711800000, 0x0000000711800000| Complete 
| 125|0x0000000715800000, 0x0000000715a00000, 0x0000000715a00000|100%| E|CS|TAMS 0x0000000715800000, 0x0000000715800000| Complete 
|1997|0x00000007ff800000, 0x00000007ffa00000, 0x00000007ffa00000|100%| O|  |TAMS 0x00000007ffa00000, 0x00000007ff800000| Untracked 
|1998|0x00000007ffa00000, 0x00000007ffc00000, 0x00000007ffc00000|100%| O|  |TAMS 0x00000007ffc00000, 0x00000007ffa00000| Untracked 
|1999|0x00000007ffc00000, 0x00000007ffe00000, 0x00000007ffe00000|100%| O|  |TAMS 0x00000007ffe00000, 0x00000007ffc00000| Untracked 
|2000|0x00000007ffe00000, 0x0000000800000000, 0x0000000800000000|100%| O|  |TAMS 0x0000000800000000, 0x00000007ffe00000| Untracked 

Card table byte_map: [0x0000014470750000,0x0000014470f30000] _byte_map_base: 0x000001446cf21000

Marking Bits (Prev, Next): (CMBitMap*) 0x00000144587fc660, (CMBitMap*) 0x00000144587fc6a0
 Prev Bits: [0x0000014471710000, 0x0000014475598000)
 Next Bits: [0x00000144755a0000, 0x0000014479428000)

Polling page: 0x0000014456740000

Metaspace:

Usage:
  Non-class:     29.06 MB used.
      Class:      3.34 MB used.
       Both:     32.40 MB used.

Virtual space:
  Non-class space:       64.00 MB reserved,      29.38 MB ( 46%) committed,  1 nodes.
      Class space:        1.00 GB reserved,       3.62 MB ( <1%) committed,  1 nodes.
             Both:        1.06 GB reserved,      33.00 MB (  3%) committed. 

Chunk freelists:
   Non-Class:  2.23 MB
       Class:  346.00 KB
        Both:  2.56 MB

MaxMetaspaceSize: unlimited
CompressedClassSpaceSize: 1.00 GB
Initial GC threshold: 21.00 MB
Current GC threshold: 41.50 MB
CDS: on
MetaspaceReclaimPolicy: balanced
 - commit_granule_bytes: 65536.
 - commit_granule_words: 8192.
 - virtual_space_node_default_size: 8388608.
 - enlarge_chunks_in_place: 1.
 - new_chunks_are_fully_committed: 0.
 - uncommit_free_chunks: 1.
 - use_allocation_guard: 0.


Internal statistics:

num_allocs_failed_limit: 3.
num_arena_births: 730.
num_arena_deaths: 0.
num_vsnodes_births: 2.
num_vsnodes_deaths: 0.
num_space_committed: 528.
num_space_uncommitted: 0.
num_chunks_returned_to_freelist: 3.
num_chunks_taken_from_freelist: 2031.
num_chunk_merges: 3.
num_chunk_splits: 1399.
num_chunks_enlarged: 1001.
num_inconsistent_stats: 0.

CodeHeap 'non-profiled nmethods': size=119168Kb used=6273Kb max_used=6273Kb free=112894Kb
 bounds [0x0000014468290000, 0x00000144688c0000, 0x000001446f6f0000]
CodeHeap 'profiled nmethods': size=119104Kb used=21407Kb max_used=21407Kb free=97696Kb
 bounds [0x00000144606f0000, 0x0000014461be0000, 0x0000014467b40000]
CodeHeap 'non-nmethods': size=7488Kb used=3005Kb max_used=3136Kb free=4483Kb
 bounds [0x0000014467b40000, 0x0000014467e60000, 0x0000014468290000]
 total_blobs=9629 nmethods=9086 adapters=450
 compilation: enabled
              stopped_count=0, restarted_count=0
 full_count=0

Compilation events (20 events):
Event: 5.675 Thread 0x000001447c3f31d0 nmethod 10713 0x0000014461bd3b10 code [0x0000014461bd3ce0, 0x0000014461bd3fc8]
Event: 5.675 Thread 0x000001447cab4000 10714       2       com.sun.tools.javac.comp.Flow$AssignAnalyzer::initParam (29 bytes)
Event: 5.675 Thread 0x000001447cab4000 nmethod 10714 0x0000014461bd4190 code [0x0000014461bd4340, 0x0000014461bd44d8]
Event: 5.676 Thread 0x000001447cab4000 10715       2       com.sun.tools.javac.tree.TreeTranslator::visitClassDef (72 bytes)
Event: 5.677 Thread 0x000001447cab4000 nmethod 10715 0x0000014461bd4690 code [0x0000014461bd48a0, 0x0000014461bd4ee8]
Event: 5.681 Thread 0x000001447cab4000 10716       2       com.sun.tools.javac.comp.Resolve$AmbiguityError::<init> (40 bytes)
Event: 5.682 Thread 0x000001447c3f31d0 10717       2       com.sun.tools.javac.comp.Resolve::ambiguityError (48 bytes)
Event: 5.682 Thread 0x000001447c65d380 10718       2       com.sun.tools.javac.comp.Resolve$AbstractMethodCheck::mostSpecificCheck (8 bytes)
Event: 5.682 Thread 0x000001447c40e9d0 10719       2       com.sun.tools.javac.comp.Resolve$ReferenceLookupResult$$Lambda$303/0x0000000801367040::apply (8 bytes)
Event: 5.682 Thread 0x000001447c65d380 nmethod 10718 0x0000014461bd5110 code [0x0000014461bd52a0, 0x0000014461bd53b8]
Event: 5.682 Thread 0x000001447c40e9d0 nmethod 10719 0x0000014461bd5490 code [0x0000014461bd5640, 0x0000014461bd57c8]
Event: 5.682 Thread 0x000001447c65d380 10723       2       com.sun.tools.javac.comp.DeferredAttr$DeferredType$SpeculativeCache::put (65 bytes)
Event: 5.682 Thread 0x000001447c40e9d0 10720       2       com.sun.tools.javac.comp.Resolve$ReferenceLookupResult::lambda$staticKind$1 (8 bytes)
Event: 5.682 Thread 0x000001447c3f31d0 nmethod 10717 0x0000014461bd5910 code [0x0000014461bd5ae0, 0x0000014461bd5d98]
Event: 5.682 Thread 0x000001447c3f31d0 10722       2       java.util.stream.ReduceOps$2ReducingSink::accept (39 bytes)
Event: 5.682 Thread 0x000001447cab4000 nmethod 10716 0x0000014461bd5f10 code [0x0000014461bd6120, 0x0000014461bd67d8]
Event: 5.683 Thread 0x000001447c40e9d0 nmethod 10720 0x0000014461bd6a90 code [0x0000014461bd6c40, 0x0000014461bd6d68]
Event: 5.683 Thread 0x000001447cab4000 10721       2       com.sun.tools.javac.comp.Resolve$ReferenceLookupResult$StaticKind::from (17 bytes)
Event: 5.683 Thread 0x000001447c40e9d0 10724       1       com.sun.tools.javac.tree.JCTree$JCMemberReference::getQualifierExpression (5 bytes)
Event: 5.683 Thread 0x000001447c3f31d0 nmethod 10722 0x0000014461bd6e90 code [0x0000014461bd7040, 0x0000014461bd7288]

GC Heap History (20 events):
Event: 2.403 GC heap before
{Heap before GC invocations=8 (full 0):
 garbage-first heap   total 69632K, used 48895K [0x0000000705e00000, 0x0000000800000000)
  region size 2048K, 9 young (18432K), 2 survivors (4096K)
 Metaspace       used 25013K, committed 25472K, reserved 1114112K
  class space    used 2642K, committed 2880K, reserved 1048576K
}
Event: 2.407 GC heap after
{Heap after GC invocations=9 (full 0):
 garbage-first heap   total 116736K, used 36916K [0x0000000705e00000, 0x0000000800000000)
  region size 2048K, 2 young (4096K), 2 survivors (4096K)
 Metaspace       used 25013K, committed 25472K, reserved 1114112K
  class space    used 2642K, committed 2880K, reserved 1048576K
}
Event: 2.834 GC heap before
{Heap before GC invocations=10 (full 0):
 garbage-first heap   total 116736K, used 79924K [0x0000000705e00000, 0x0000000800000000)
  region size 2048K, 23 young (47104K), 2 survivors (4096K)
 Metaspace       used 26867K, committed 27264K, reserved 1114112K
  class space    used 2825K, committed 3008K, reserved 1048576K
}
Event: 2.840 GC heap after
{Heap after GC invocations=11 (full 0):
 garbage-first heap   total 116736K, used 41775K [0x0000000705e00000, 0x0000000800000000)
  region size 2048K, 3 young (6144K), 3 survivors (6144K)
 Metaspace       used 26867K, committed 27264K, reserved 1114112K
  class space    used 2825K, committed 3008K, reserved 1048576K
}
Event: 2.858 GC heap before
{Heap before GC invocations=11 (full 0):
 garbage-first heap   total 116736K, used 41775K [0x0000000705e00000, 0x0000000800000000)
  region size 2048K, 4 young (8192K), 3 survivors (6144K)
 Metaspace       used 27033K, committed 27456K, reserved 1114112K
  class space    used 2839K, committed 3072K, reserved 1048576K
}
Event: 2.862 GC heap after
{Heap after GC invocations=12 (full 0):
 garbage-first heap   total 116736K, used 41936K [0x0000000705e00000, 0x0000000800000000)
  region size 2048K, 1 young (2048K), 1 survivors (2048K)
 Metaspace       used 27033K, committed 27456K, reserved 1114112K
  class space    used 2839K, committed 3072K, reserved 1048576K
}
Event: 3.039 GC heap before
{Heap before GC invocations=12 (full 0):
 garbage-first heap   total 116736K, used 82896K [0x0000000705e00000, 0x0000000800000000)
  region size 2048K, 21 young (43008K), 1 survivors (2048K)
 Metaspace       used 27337K, committed 27776K, reserved 1114112K
  class space    used 2862K, committed 3072K, reserved 1048576K
}
Event: 3.040 GC heap after
{Heap after GC invocations=13 (full 0):
 garbage-first heap   total 116736K, used 41384K [0x0000000705e00000, 0x0000000800000000)
  region size 2048K, 1 young (2048K), 1 survivors (2048K)
 Metaspace       used 27337K, committed 27776K, reserved 1114112K
  class space    used 2862K, committed 3072K, reserved 1048576K
}
Event: 3.266 GC heap before
{Heap before GC invocations=13 (full 0):
 garbage-first heap   total 116736K, used 84392K [0x0000000705e00000, 0x0000000800000000)
  region size 2048K, 22 young (45056K), 1 survivors (2048K)
 Metaspace       used 28005K, committed 28544K, reserved 1114112K
  class space    used 2943K, committed 3200K, reserved 1048576K
}
Event: 3.268 GC heap after
{Heap after GC invocations=14 (full 0):
 garbage-first heap   total 116736K, used 42271K [0x0000000705e00000, 0x0000000800000000)
  region size 2048K, 1 young (2048K), 1 survivors (2048K)
 Metaspace       used 28005K, committed 28544K, reserved 1114112K
  class space    used 2943K, committed 3200K, reserved 1048576K
}
Event: 3.361 GC heap before
{Heap before GC invocations=14 (full 0):
 garbage-first heap   total 116736K, used 87327K [0x0000000705e00000, 0x0000000800000000)
  region size 2048K, 23 young (47104K), 1 survivors (2048K)
 Metaspace       used 28161K, committed 28736K, reserved 1114112K
  class space    used 2953K, committed 3264K, reserved 1048576K
}
Event: 3.363 GC heap after
{Heap after GC invocations=15 (full 0):
 garbage-first heap   total 116736K, used 42946K [0x0000000705e00000, 0x0000000800000000)
  region size 2048K, 1 young (2048K), 1 survivors (2048K)
 Metaspace       used 28161K, committed 28736K, reserved 1114112K
  class space    used 2953K, committed 3264K, reserved 1048576K
}
Event: 3.482 GC heap before
{Heap before GC invocations=15 (full 0):
 garbage-first heap   total 116736K, used 90050K [0x0000000705e00000, 0x0000000800000000)
  region size 2048K, 24 young (49152K), 1 survivors (2048K)
 Metaspace       used 28326K, committed 28864K, reserved 1114112K
  class space    used 2956K, committed 3264K, reserved 1048576K
}
Event: 3.486 GC heap after
{Heap after GC invocations=16 (full 0):
 garbage-first heap   total 202752K, used 44016K [0x0000000705e00000, 0x0000000800000000)
  region size 2048K, 2 young (4096K), 2 survivors (4096K)
 Metaspace       used 28326K, committed 28864K, reserved 1114112K
  class space    used 2956K, committed 3264K, reserved 1048576K
}
Event: 4.387 GC heap before
{Heap before GC invocations=16 (full 0):
 garbage-first heap   total 202752K, used 156656K [0x0000000705e00000, 0x0000000800000000)
  region size 2048K, 57 young (116736K), 2 survivors (4096K)
 Metaspace       used 30980K, committed 31616K, reserved 1114112K
  class space    used 3204K, committed 3520K, reserved 1048576K
}
Event: 4.390 GC heap after
{Heap after GC invocations=17 (full 0):
 garbage-first heap   total 202752K, used 45485K [0x0000000705e00000, 0x0000000800000000)
  region size 2048K, 3 young (6144K), 3 survivors (6144K)
 Metaspace       used 30980K, committed 31616K, reserved 1114112K
  class space    used 3204K, committed 3520K, reserved 1048576K
}
Event: 4.951 GC heap before
{Heap before GC invocations=17 (full 0):
 garbage-first heap   total 202752K, used 164269K [0x0000000705e00000, 0x0000000800000000)
  region size 2048K, 59 young (120832K), 3 survivors (6144K)
 Metaspace       used 31417K, committed 32000K, reserved 1114112K
  class space    used 3223K, committed 3520K, reserved 1048576K
}
Event: 4.958 GC heap after
{Heap after GC invocations=18 (full 0):
 garbage-first heap   total 202752K, used 59620K [0x0000000705e00000, 0x0000000800000000)
  region size 2048K, 8 young (16384K), 8 survivors (16384K)
 Metaspace       used 31417K, committed 32000K, reserved 1114112K
  class space    used 3223K, committed 3520K, reserved 1048576K
}
Event: 5.553 GC heap before
{Heap before GC invocations=18 (full 0):
 garbage-first heap   total 202752K, used 155876K [0x0000000705e00000, 0x0000000800000000)
  region size 2048K, 55 young (112640K), 8 survivors (16384K)
 Metaspace       used 33042K, committed 33664K, reserved 1114112K
  class space    used 3406K, committed 3712K, reserved 1048576K
}
Event: 5.561 GC heap after
{Heap after GC invocations=19 (full 0):
 garbage-first heap   total 202752K, used 69167K [0x0000000705e00000, 0x0000000800000000)
  region size 2048K, 5 young (10240K), 5 survivors (10240K)
 Metaspace       used 33042K, committed 33664K, reserved 1114112K
  class space    used 3406K, committed 3712K, reserved 1048576K
}

Dll operation events (12 events):
Event: 0.004 Loaded shared library C:\Program Files\Java\jdk-19\bin\java.dll
Event: 0.009 Loaded shared library C:\Program Files\Java\jdk-19\bin\jsvml.dll
Event: 0.037 Loaded shared library C:\Program Files\Java\jdk-19\bin\zip.dll
Event: 0.038 Loaded shared library C:\Program Files\Java\jdk-19\bin\instrument.dll
Event: 0.040 Loaded shared library C:\Program Files\Java\jdk-19\bin\net.dll
Event: 0.041 Loaded shared library C:\Program Files\Java\jdk-19\bin\nio.dll
Event: 0.042 Loaded shared library C:\Program Files\Java\jdk-19\bin\zip.dll
Event: 0.050 Loaded shared library C:\Program Files\JetBrains\IntelliJ IDEA 2022.1.2\bin\breakgen64.dll
Event: 0.054 Loaded shared library C:\Program Files\Java\jdk-19\bin\extnet.dll
Event: 0.095 Loaded shared library C:\Program Files\Java\jdk-19\bin\jimage.dll
Event: 0.115 Loaded shared library C:\Users\99293\AppData\Local\Temp\jansi-2.4.0-afd5e136bfa2f4a1-jansi.dll
Event: 0.122 Loaded shared library C:\Program Files\Java\jdk-19\bin\verify.dll

Deoptimization events (20 events):
Event: 5.635 Thread 0x000001445878a660 Uncommon trap: trap_request=0xffffffde fr.pc=0x00000144684d7018 relative=0x0000000000000078
Event: 5.635 Thread 0x000001445878a660 Uncommon trap: reason=class_check action=maybe_recompile pc=0x00000144684d7018 method=com.sun.tools.javac.code.Type.isInterface()Z @ 4 c2
Event: 5.636 Thread 0x000001445878a660 DEOPT PACKING pc=0x00000144684d7018 sp=0x000000253effc150
Event: 5.636 Thread 0x000001445878a660 DEOPT UNPACKING pc=0x0000014467ba6da3 sp=0x000000253effc0d8 mode 2
Event: 5.636 Thread 0x000001445878a660 Uncommon trap: trap_request=0xffffffde fr.pc=0x00000144687e5490 relative=0x0000000000005e30
Event: 5.636 Thread 0x000001445878a660 Uncommon trap: reason=class_check action=maybe_recompile pc=0x00000144687e5490 method=com.sun.tools.javac.comp.Check.checkType(Lcom/sun/tools/javac/util/JCDiagnostic$DiagnosticPosition;Lcom/sun/tools/javac/code/Type;Lcom/sun/tools/javac/code/Type;Lcom/sun
Event: 5.636 Thread 0x000001445878a660 DEOPT PACKING pc=0x00000144687e5490 sp=0x000000253effc840
Event: 5.636 Thread 0x000001445878a660 DEOPT UNPACKING pc=0x0000014467ba6da3 sp=0x000000253effc800 mode 2
Event: 5.636 Thread 0x000001445878a660 Uncommon trap: trap_request=0xffffffde fr.pc=0x00000144687e5490 relative=0x0000000000005e30
Event: 5.636 Thread 0x000001445878a660 Uncommon trap: reason=class_check action=maybe_recompile pc=0x00000144687e5490 method=com.sun.tools.javac.comp.Check.checkType(Lcom/sun/tools/javac/util/JCDiagnostic$DiagnosticPosition;Lcom/sun/tools/javac/code/Type;Lcom/sun/tools/javac/code/Type;Lcom/sun
Event: 5.636 Thread 0x000001445878a660 DEOPT PACKING pc=0x00000144687e5490 sp=0x000000253effc840
Event: 5.636 Thread 0x000001445878a660 DEOPT UNPACKING pc=0x0000014467ba6da3 sp=0x000000253effc800 mode 2
Event: 5.637 Thread 0x000001445878a660 Uncommon trap: trap_request=0xffffffde fr.pc=0x00000144687e5490 relative=0x0000000000005e30
Event: 5.637 Thread 0x000001445878a660 Uncommon trap: reason=class_check action=maybe_recompile pc=0x00000144687e5490 method=com.sun.tools.javac.comp.Check.checkType(Lcom/sun/tools/javac/util/JCDiagnostic$DiagnosticPosition;Lcom/sun/tools/javac/code/Type;Lcom/sun/tools/javac/code/Type;Lcom/sun
Event: 5.637 Thread 0x000001445878a660 DEOPT PACKING pc=0x00000144687e5490 sp=0x000000253effc840
Event: 5.637 Thread 0x000001445878a660 DEOPT UNPACKING pc=0x0000014467ba6da3 sp=0x000000253effc800 mode 2
Event: 5.639 Thread 0x000001445878a660 Uncommon trap: trap_request=0xffffff45 fr.pc=0x000001446885f8b8 relative=0x00000000000000d8
Event: 5.639 Thread 0x000001445878a660 Uncommon trap: reason=unstable_if action=reinterpret pc=0x000001446885f8b8 method=com.sun.tools.javac.comp.Resolve.isAccessible(Lcom/sun/tools/javac/comp/Env;Lcom/sun/tools/javac/code/Type;Z)Z @ 35 c2
Event: 5.639 Thread 0x000001445878a660 DEOPT PACKING pc=0x000001446885f8b8 sp=0x000000253effc5a0
Event: 5.639 Thread 0x000001445878a660 DEOPT UNPACKING pc=0x0000014467ba6da3 sp=0x000000253effc540 mode 2

Classes loaded (20 events):
Event: 3.949 Loading class java/util/EnumMap$EnumMapIterator done
Event: 3.949 Loading class java/util/EnumMap$EntryIterator done
Event: 3.949 Loading class java/util/EnumMap$EntryIterator$Entry
Event: 3.949 Loading class java/util/EnumMap$EntryIterator$Entry done
Event: 4.041 Loading class java/util/stream/ReduceOps$2
Event: 4.041 Loading class java/util/stream/ReduceOps$2 done
Event: 4.041 Loading class java/util/stream/ReduceOps$2ReducingSink
Event: 4.041 Loading class java/util/stream/ReduceOps$2ReducingSink done
Event: 4.086 Loading class java/io/DataOutputStream
Event: 4.086 Loading class java/io/DataOutputStream done
Event: 4.268 Loading class java/lang/invoke/MethodHandleImpl$CountingWrapper$1
Event: 4.268 Loading class java/lang/invoke/MethodHandleImpl$CountingWrapper$1 done
Event: 4.754 Loading class java/util/EnumMap$Values
Event: 4.754 Loading class java/util/EnumMap$Values done
Event: 4.754 Loading class java/util/EnumMap$ValueIterator
Event: 4.755 Loading class java/util/EnumMap$ValueIterator done
Event: 4.757 Loading class java/util/WeakHashMap$KeyIterator
Event: 4.757 Loading class java/util/WeakHashMap$KeyIterator done
Event: 5.112 Loading class jdk/internal/module/IllegalAccessLogger
Event: 5.112 Loading class jdk/internal/module/IllegalAccessLogger done

Classes unloaded (0 events):
No events

Classes redefined (0 events):
No events

Internal exceptions (20 events):
Event: 5.652 Thread 0x000001445878a660 Exception <a 'sun/nio/fs/WindowsException'{0x000000071059d380}> (0x000000071059d380) 
thrown [s\open\src\hotspot\share\prims\jni.cpp, line 517]
Event: 5.652 Thread 0x000001445878a660 Exception <a 'sun/nio/fs/WindowsException'{0x000000071059e1e8}> (0x000000071059e1e8) 
thrown [s\open\src\hotspot\share\prims\jni.cpp, line 517]
Event: 5.656 Thread 0x000001445878a660 Exception <a 'sun/nio/fs/WindowsException'{0x00000007102cd550}> (0x00000007102cd550) 
thrown [s\open\src\hotspot\share\prims\jni.cpp, line 517]
Event: 5.656 Thread 0x000001445878a660 Exception <a 'sun/nio/fs/WindowsException'{0x00000007102cdc50}> (0x00000007102cdc50) 
thrown [s\open\src\hotspot\share\prims\jni.cpp, line 517]
Event: 5.656 Thread 0x000001445878a660 Exception <a 'sun/nio/fs/WindowsException'{0x00000007102cec50}> (0x00000007102cec50) 
thrown [s\open\src\hotspot\share\prims\jni.cpp, line 517]
Event: 5.669 Thread 0x000001445878a660 Exception <a 'sun/nio/fs/WindowsException'{0x000000070ff40d28}> (0x000000070ff40d28) 
thrown [s\open\src\hotspot\share\prims\jni.cpp, line 517]
Event: 5.669 Thread 0x000001445878a660 Exception <a 'sun/nio/fs/WindowsException'{0x000000070ff413e8}> (0x000000070ff413e8) 
thrown [s\open\src\hotspot\share\prims\jni.cpp, line 517]
Event: 5.669 Thread 0x000001445878a660 Exception <a 'sun/nio/fs/WindowsException'{0x000000070ff421c8}> (0x000000070ff421c8) 
thrown [s\open\src\hotspot\share\prims\jni.cpp, line 517]
Event: 5.672 Thread 0x000001445878a660 Exception <a 'sun/nio/fs/WindowsException'{0x000000070ffb9370}> (0x000000070ffb9370) 
thrown [s\open\src\hotspot\share\prims\jni.cpp, line 517]
Event: 5.672 Thread 0x000001445878a660 Exception <a 'sun/nio/fs/WindowsException'{0x000000070ffb9a48}> (0x000000070ffb9a48) 
thrown [s\open\src\hotspot\share\prims\jni.cpp, line 517]
Event: 5.672 Thread 0x000001445878a660 Exception <a 'sun/nio/fs/WindowsException'{0x000000070ffba8f8}> (0x000000070ffba8f8) 
thrown [s\open\src\hotspot\share\prims\jni.cpp, line 517]
Event: 5.673 Thread 0x000001445878a660 Exception <a 'sun/nio/fs/WindowsException'{0x000000070fff2e78}> (0x000000070fff2e78) 
thrown [s\open\src\hotspot\share\prims\jni.cpp, line 517]
Event: 5.673 Thread 0x000001445878a660 Exception <a 'sun/nio/fs/WindowsException'{0x000000070fff3548}> (0x000000070fff3548) 
thrown [s\open\src\hotspot\share\prims\jni.cpp, line 517]
Event: 5.674 Thread 0x000001445878a660 Exception <a 'sun/nio/fs/WindowsException'{0x000000070fff43b0}> (0x000000070fff43b0) 
thrown [s\open\src\hotspot\share\prims\jni.cpp, line 517]
Event: 5.676 Thread 0x000001445878a660 Exception <a 'sun/nio/fs/WindowsException'{0x000000070fc4ca48}> (0x000000070fc4ca48) 
thrown [s\open\src\hotspot\share\prims\jni.cpp, line 517]
Event: 5.676 Thread 0x000001445878a660 Exception <a 'sun/nio/fs/WindowsException'{0x000000070fc4d118}> (0x000000070fc4d118) 
thrown [s\open\src\hotspot\share\prims\jni.cpp, line 517]
Event: 5.676 Thread 0x000001445878a660 Exception <a 'sun/nio/fs/WindowsException'{0x000000070fc4df80}> (0x000000070fc4df80) 
thrown [s\open\src\hotspot\share\prims\jni.cpp, line 517]
Event: 5.676 Thread 0x000001445878a660 Exception <a 'sun/nio/fs/WindowsException'{0x000000070fc61b28}> (0x000000070fc61b28) 
thrown [s\open\src\hotspot\share\prims\jni.cpp, line 517]
Event: 5.677 Thread 0x000001445878a660 Exception <a 'sun/nio/fs/WindowsException'{0x000000070fc62200}> (0x000000070fc62200) 
thrown [s\open\src\hotspot\share\prims\jni.cpp, line 517]
Event: 5.677 Thread 0x000001445878a660 Exception <a 'sun/nio/fs/WindowsException'{0x000000070fc630d8}> (0x000000070fc630d8) 
thrown [s\open\src\hotspot\share\prims\jni.cpp, line 517]

VM Operations (20 events):
Event: 4.567 Executing VM operation: HandshakeAllThreads
Event: 4.567 Executing VM operation: HandshakeAllThreads done
Event: 4.573 Executing VM operation: HandshakeAllThreads
Event: 4.573 Executing VM operation: HandshakeAllThreads done
Event: 4.610 Executing VM operation: ICBufferFull
Event: 4.610 Executing VM operation: ICBufferFull done
Event: 4.740 Executing VM operation: ICBufferFull
Event: 4.740 Executing VM operation: ICBufferFull done
Event: 4.755 Executing VM operation: HandshakeAllThreads
Event: 4.755 Executing VM operation: HandshakeAllThreads done
Event: 4.951 Executing VM operation: G1CollectForAllocation
Event: 4.958 Executing VM operation: G1CollectForAllocation done
Event: 5.201 Executing VM operation: HandshakeAllThreads
Event: 5.201 Executing VM operation: HandshakeAllThreads done
Event: 5.424 Executing VM operation: ICBufferFull
Event: 5.424 Executing VM operation: ICBufferFull done
Event: 5.553 Executing VM operation: G1CollectForAllocation
Event: 5.561 Executing VM operation: G1CollectForAllocation done
Event: 5.674 Executing VM operation: ICBufferFull
Event: 5.674 Executing VM operation: ICBufferFull done

Events (20 events):
Event: 4.148 Thread 0x000001447c3f3b40 flushing nmethod 0x0000014461704290
Event: 4.148 Thread 0x000001447c3f3b40 flushing nmethod 0x000001446170d510
Event: 4.148 Thread 0x000001447c3f3b40 flushing nmethod 0x000001446171fb90
Event: 4.148 Thread 0x000001447c3f3b40 flushing nmethod 0x0000014461727890
Event: 4.148 Thread 0x000001447c3f3b40 flushing nmethod 0x000001446172c210
Event: 4.148 Thread 0x000001447c3f3b40 flushing nmethod 0x0000014461736910
Event: 4.148 Thread 0x000001447c3f3b40 flushing nmethod 0x0000014461738190
Event: 4.148 Thread 0x000001447c3f3b40 flushing nmethod 0x000001446173df90
Event: 4.148 Thread 0x000001447c3f3b40 flushing nmethod 0x00000144617c5b90
Event: 5.207 Thread 0x000001447c3f3b40 flushing nmethod 0x0000014460731e90
Event: 5.208 Thread 0x000001447c3f3b40 flushing nmethod 0x00000144607dc990
Event: 5.217 Thread 0x000001447c3f3b40 flushing nmethod 0x0000014460f7ef10
Event: 5.219 Thread 0x000001447c3f3b40 flushing nmethod 0x000001446112f110
Event: 5.220 Thread 0x000001447c3f3b40 flushing nmethod 0x0000014461245b90
Event: 5.222 Thread 0x000001447c3f3b40 flushing nmethod 0x0000014461481c10
Event: 5.223 Thread 0x000001447c3f3b40 flushing nmethod 0x00000144615a5f10
Event: 5.225 Thread 0x000001447c3f3b40 flushing nmethod 0x00000144616c2710
Event: 5.226 Thread 0x000001447c3f3b40 flushing nmethod 0x0000014461727290
Event: 5.396 Thread 0x0000014404ce2030 Thread exited: 0x0000014404ce2030
Event: 5.545 Thread 0x00000144045ab5c0 Thread added: 0x00000144045ab5c0


Dynamic libraries:
0x00007ff7b09d0000 - 0x00007ff7b09e0000 	C:\Program Files\Java\jdk-19\bin\java.exe
0x00007fff8ff70000 - 0x00007fff90184000 	C:\WINDOWS\SYSTEM32\ntdll.dll
0x00007fff8f410000 - 0x00007fff8f4d2000 	C:\WINDOWS\System32\KERNEL32.DLL
0x00007fff8d360000 - 0x00007fff8d703000 	C:\WINDOWS\System32\KERNELBASE.dll
0x00007fff8da40000 - 0x00007fff8db51000 	C:\WINDOWS\System32\ucrtbase.dll
0x00007fff6cb30000 - 0x00007fff6cb4b000 	C:\Program Files\Java\jdk-19\bin\VCRUNTIME140.dll
0x00007fff85690000 - 0x00007fff856a8000 	C:\Program Files\Java\jdk-19\bin\jli.dll
0x00007fff8f8d0000 - 0x00007fff8f97e000 	C:\WINDOWS\System32\ADVAPI32.dll
0x00007fff8e1e0000 - 0x00007fff8e287000 	C:\WINDOWS\System32\msvcrt.dll
0x00007fff8f0d0000 - 0x00007fff8f174000 	C:\WINDOWS\System32\sechost.dll
0x00007fff8df70000 - 0x00007fff8e087000 	C:\WINDOWS\System32\RPCRT4.dll
0x00007fff8ddc0000 - 0x00007fff8df6b000 	C:\WINDOWS\System32\USER32.dll
0x00007fff75000000 - 0x00007fff7528e000 	C:\WINDOWS\WinSxS\amd64_microsoft.windows.common-controls_6595b64144ccf1df_6.0.22621.1635_none_270f70857386168e\COMCTL32.dll
0x00007fff8d830000 - 0x00007fff8d856000 	C:\WINDOWS\System32\win32u.dll
0x00007fff8f1e0000 - 0x00007fff8f209000 	C:\WINDOWS\System32\GDI32.dll
0x00007fff8dc20000 - 0x00007fff8dd38000 	C:\WINDOWS\System32\gdi32full.dll
0x00007fff8d710000 - 0x00007fff8d7aa000 	C:\WINDOWS\System32\msvcp_win.dll
0x00007fff85320000 - 0x00007fff8532a000 	C:\WINDOWS\SYSTEM32\VERSION.dll
0x00007fff8f4e0000 - 0x00007fff8f511000 	C:\WINDOWS\System32\IMM32.DLL
0x00007fff885d0000 - 0x00007fff885dc000 	C:\Program Files\Java\jdk-19\bin\vcruntime140_1.dll
0x00007fff64dd0000 - 0x00007fff64e5e000 	C:\Program Files\Java\jdk-19\bin\msvcp140.dll
0x00007fff10840000 - 0x00007fff11500000 	C:\Program Files\Java\jdk-19\bin\server\jvm.dll
0x00007fff85b70000 - 0x00007fff85ba4000 	C:\WINDOWS\SYSTEM32\WINMM.dll
0x00007fff6db80000 - 0x00007fff6db89000 	C:\WINDOWS\SYSTEM32\WSOCK32.dll
0x00007fff8e2a0000 - 0x00007fff8e311000 	C:\WINDOWS\System32\WS2_32.dll
0x00007fff8c4a0000 - 0x00007fff8c4b8000 	C:\WINDOWS\SYSTEM32\kernel.appcore.dll
0x00007fff6db30000 - 0x00007fff6db3a000 	C:\Program Files\Java\jdk-19\bin\jimage.dll
0x00007fff8ac40000 - 0x00007fff8ae6e000 	C:\WINDOWS\SYSTEM32\DBGHELP.DLL
0x00007fff8eb20000 - 0x00007fff8eea9000 	C:\WINDOWS\System32\combase.dll
0x00007fff8e0f0000 - 0x00007fff8e1c7000 	C:\WINDOWS\System32\OLEAUT32.dll
0x00007fff83850000 - 0x00007fff83882000 	C:\WINDOWS\SYSTEM32\dbgcore.DLL
0x00007fff8d7b0000 - 0x00007fff8d82b000 	C:\WINDOWS\System32\bcryptPrimitives.dll
0x00007fff86c50000 - 0x00007fff86c5e000 	C:\Program Files\Java\jdk-19\bin\instrument.dll
0x00007fff6c3b0000 - 0x00007fff6c3d6000 	C:\Program Files\Java\jdk-19\bin\java.dll
0x00007fff3ea00000 - 0x00007fff3ead7000 	C:\Program Files\Java\jdk-19\bin\jsvml.dll
0x00007fff8e320000 - 0x00007fff8eb1a000 	C:\WINDOWS\System32\SHELL32.dll
0x00007fff8b330000 - 0x00007fff8bbfe000 	C:\WINDOWS\SYSTEM32\windows.storage.dll
0x00007fff8b1f0000 - 0x00007fff8b32e000 	C:\WINDOWS\SYSTEM32\wintypes.dll
0x00007fff8f700000 - 0x00007fff8f7f1000 	C:\WINDOWS\System32\SHCORE.dll
0x00007fff8f3b0000 - 0x00007fff8f40e000 	C:\WINDOWS\System32\shlwapi.dll
0x00007fff8d290000 - 0x00007fff8d2b1000 	C:\WINDOWS\SYSTEM32\profapi.dll
0x00007fff6a150000 - 0x00007fff6a168000 	C:\Program Files\Java\jdk-19\bin\zip.dll
0x00007fff6a8e0000 - 0x00007fff6a8f3000 	C:\Program Files\Java\jdk-19\bin\net.dll
0x00007fff87530000 - 0x00007fff87667000 	C:\WINDOWS\SYSTEM32\WINHTTP.dll
0x00007fff8c910000 - 0x00007fff8c979000 	C:\WINDOWS\system32\mswsock.dll
0x00007fff6a360000 - 0x00007fff6a376000 	C:\Program Files\Java\jdk-19\bin\nio.dll
0x00007fff7c8b0000 - 0x00007fff7c8ca000 	C:\Program Files\JetBrains\IntelliJ IDEA 2022.1.2\bin\breakgen64.dll
0x00007fff6a130000 - 0x00007fff6a138000 	C:\Program Files\Java\jdk-19\bin\extnet.dll
0x0000000069ac0000 - 0x0000000069ae4000 	C:\Users\99293\AppData\Local\Temp\jansi-2.4.0-afd5e136bfa2f4a1-jansi.dll
0x00007fff6ca60000 - 0x00007fff6ca70000 	C:\Program Files\Java\jdk-19\bin\verify.dll

dbghelp: loaded successfully - version: 4.0.5 - missing functions: none
symbol engine: initialized successfully - sym options: 0x614 - pdb path: .;C:\Program Files\Java\jdk-19\bin;C:\WINDOWS\SYSTEM32;C:\WINDOWS\WinSxS\amd64_microsoft.windows.common-controls_6595b64144ccf1df_6.0.22621.1635_none_270f70857386168e;C:\Program Files\Java\jdk-19\bin\server;C:\Program Files\JetBrains\IntelliJ IDEA 2022.1.2\bin;C:\Users\99293\AppData\Local\Temp

VM Arguments:
jvm_args: -Dmaven.multiModuleProjectDirectory=D:\unitedStates duplicates original -Dmaven.home=C:\Users\99293\.m2\wrapper\dists\apache-maven-3.8.6-bin\1ks0nkde5v1pk9vtc31i9d0lcd\apache-maven-3.8.6 -Dclassworlds.conf=C:\Users\99293\.m2\wrapper\dists\apache-maven-3.8.6-bin\1ks0nkde5v1pk9vtc31i9d0lcd\apache-maven-3.8.6\bin\m2.conf -Dmaven.ext.class.path=C:\Program Files\JetBrains\IntelliJ IDEA 2022.1.2\plugins\maven\lib\maven-event-listener.jar -javaagent:C:\Program Files\JetBrains\IntelliJ IDEA 2022.1.2\lib\idea_rt.jar=63969:C:\Program Files\JetBrains\IntelliJ IDEA 2022.1.2\bin -Dfile.encoding=UTF-8 
java_command: org.codehaus.classworlds.Launcher -Didea.version=2022.1.2 package
java_class_path (initial): C:\Users\99293\.m2\wrapper\dists\apache-maven-3.8.6-bin\1ks0nkde5v1pk9vtc31i9d0lcd\apache-maven-3.8.6\boot\plexus-classworlds-2.6.0.jar;C:\Users\99293\.m2\wrapper\dists\apache-maven-3.8.6-bin\1ks0nkde5v1pk9vtc31i9d0lcd\apache-maven-3.8.6\boot\plexus-classworlds.license
Launcher Type: SUN_STANDARD

[Global flags]
     intx CICompilerCount                          = 12                                        {product} {ergonomic}
     uint ConcGCThreads                            = 3                                         {product} {ergonomic}
     uint G1ConcRefinementThreads                  = 13                                        {product} {ergonomic}
   size_t G1HeapRegionSize                         = 2097152                                   {product} {ergonomic}
    uintx GCDrainStackTargetSize                   = 64                                        {product} {ergonomic}
   size_t InitialHeapSize                          = 264241152                                 {product} {ergonomic}
   size_t MarkStackSize                            = 4194304                                   {product} {ergonomic}
   size_t MaxHeapSize                              = 4196401152                                {product} {ergonomic}
   size_t MaxNewSize                               = 2516582400                                {product} {ergonomic}
   size_t MinHeapDeltaBytes                        = 2097152                                   {product} {ergonomic}
   size_t MinHeapSize                              = 8388608                                   {product} {ergonomic}
    uintx NonNMethodCodeHeapSize                   = 7602480                                {pd product} {ergonomic}
    uintx NonProfiledCodeHeapSize                  = 122027880                              {pd product} {ergonomic}
    uintx ProfiledCodeHeapSize                     = 122027880                              {pd product} {ergonomic}
    uintx ReservedCodeCacheSize                    = 251658240                              {pd product} {ergonomic}
     bool SegmentedCodeCache                       = true                                      {product} {ergonomic}
   size_t SoftMaxHeapSize                          = 4196401152                             {manageable} {ergonomic}
     bool UseCompressedClassPointers               = true                           {product lp64_product} {ergonomic}
     bool UseCompressedOops                        = true                           {product lp64_product} {ergonomic}
     bool UseG1GC                                  = true                                      {product} {ergonomic}
     bool UseLargePagesIndividualAllocation        = false                                  {pd product} {ergonomic}

Logging:
Log output configuration:
 #0: stdout all=warning uptime,level,tags foldmultilines=false
 #1: stderr all=off uptime,level,tags foldmultilines=false

Environment Variables:
PATH=C:\Program Files\Common Files\Oracle\Java\javapath;C:\Windows\system32;C:\Windows;C:\Windows\System32\Wbem;C:\Windows\System32\WindowsPowerShell\v1.0\;C:\Windows\System32\OpenSSH\;C:\Program Files (x86)\NVIDIA Corporation\PhysX\Common;C:\Program Files\NVIDIA Corporation\NVIDIA NvDLISR;C:\Program Files\Git\cmd;C:\Program Files (x86)\dotnet\;%SystemRoot%\system32;%SystemRoot%;%SystemRoot%\System32\Wbem;%SYSTEMROOT%\System32\WindowsPowerShell\v1.0\;%SYSTEMROOT%\System32\OpenSSH\;C:\Users\99293\AppData\Local\Programs\Python\Python311\Scripts\;C:\Users\99293\AppData\Local\Programs\Python\Python311\;C:\Users\99293\AppData\Local\Microsoft\WindowsApps;;C:\Program Files\JetBrains\IntelliJ IDEA 2022.1.2\bin;;C:\Program Files\heroku\bin
USERNAME=ASUS
OS=Windows_NT
PROCESSOR_IDENTIFIER=Intel64 Family 6 Model 154 Stepping 3, GenuineIntel
TMP=C:\Users\99293\AppData\Local\Temp
TEMP=C:\Users\99293\AppData\Local\Temp



---------------  S Y S T E M  ---------------

OS:
 Windows 11 , 64 bit Build 22621 (10.0.22621.1635)
OS uptime: 2 days 17:01 hours
Hyper-V role detected

CPU: total 16 (initial active 16) (8 cores per cpu, 2 threads per core) family 6 model 154 stepping 3 microcode 0x41c, cx8, cmov, fxsr, ht, mmx, 3dnowpref, sse, sse2, sse3, ssse3, sse4.1, sse4.2, popcnt, lzcnt, tsc, tscinvbit, avx, avx2, aes, erms, clmul, bmi1, bmi2, adx, sha, fma, vzeroupper, clflush, clflushopt, clwb, hv, serialize, rdtscp, rdpid, fsrm

Memory: 4k page, system-wide physical 16005M (3146M free)
TotalPageFile size 18053M (AvailPageFile size 5M)
current process WorkingSet (physical memory assigned to process): 468M, peak: 468M
current process commit charge ("private bytes"): 524M, peak: 526M

vm_info: Java HotSpot(TM) 64-Bit Server VM (19.0.2+7-44) for windows-amd64 JRE (19.0.2+7-44), built on 2022-11-30T18:02:09Z by "mach5one" with MS VC++ 17.1 (VS2022)

END.
