#
# There is insufficient memory for the Java Runtime Environment to continue.
# Native memory allocation (mmap) failed to map 67108864 bytes for G1 virtual space
# Possible reasons:
#   The system is out of physical RAM or swap space
#   The process is running with CompressedOops enabled, and the Java Heap may be blocking the growth of the native heap
# Possible solutions:
#   Reduce memory load on the system
#   Increase physical memory or swap space
#   Check if swap backing store is full
#   Decrease Java heap size (-Xmx/-Xms)
#   Decrease number of Java threads
#   Decrease Java thread stack sizes (-Xss)
#   Set larger code cache with -XX:ReservedCodeCacheSize=
#   JVM is running with Zero Based Compressed Oops mode in which the Java heap is
#     placed in the first 32GB address space. The Java Heap base address is the
#     maximum limit for the native heap growth. Please use -XX:HeapBaseMinAddress
#     to set the Java Heap base and to place the Java Heap above 32GB virtual address.
# This output file may be truncated or incomplete.
#
#  Out of Memory Error (os_windows.cpp:3536), pid=19112, tid=5624
#
# JRE version: Java(TM) SE Runtime Environment (19.0.2+7) (build 19.0.2+7-44)
# Java VM: Java HotSpot(TM) 64-Bit Server VM (19.0.2+7-44, mixed mode, sharing, tiered, compressed oops, compressed class ptrs, g1 gc, windows-amd64)
# No core dump will be written. Minidumps are not enabled by default on client versions of Windows
#

---------------  S U M M A R Y ------------

Command Line: -Dmaven.multiModuleProjectDirectory=D:\unitedStates duplicates original -Dmaven.home=C:\Users\99293\.m2\wrapper\dists\apache-maven-3.8.6-bin\1ks0nkde5v1pk9vtc31i9d0lcd\apache-maven-3.8.6 -Dclassworlds.conf=C:\Users\99293\.m2\wrapper\dists\apache-maven-3.8.6-bin\1ks0nkde5v1pk9vtc31i9d0lcd\apache-maven-3.8.6\bin\m2.conf -Dmaven.ext.class.path=C:\Program Files\JetBrains\IntelliJ IDEA 2022.1.2\plugins\maven\lib\maven-event-listener.jar -javaagent:C:\Program Files\JetBrains\IntelliJ IDEA 2022.1.2\lib\idea_rt.jar=57461:C:\Program Files\JetBrains\IntelliJ IDEA 2022.1.2\bin -Dfile.encoding=UTF-8 org.codehaus.classworlds.Launcher -Didea.version=2022.1.2 package

Host: 12th Gen Intel(R) Core(TM) i7-12650H, 16 cores, 15G,  Windows 11 , 64 bit Build 22621 (10.0.22621.1928)
Time: Thu Aug 10 17:26:49 2023  Windows 11 , 64 bit Build 22621 (10.0.22621.1928) elapsed time: 3.682465 seconds (0d 0h 0m 3s)

---------------  T H R E A D  ---------------

Current thread (0x0000025bdaf8fdd0):  VMThread "VM Thread" [stack: 0x0000008486700000,0x0000008486800000] [id=5624]

Stack: [0x0000008486700000,0x0000008486800000]
Native frames: (J=compiled Java code, j=interpreted, Vv=VM code, C=native code)
V  [jvm.dll+0x6ee21a]
V  [jvm.dll+0x85765e]
V  [jvm.dll+0x85904e]
V  [jvm.dll+0x859703]
V  [jvm.dll+0x28298f]
V  [jvm.dll+0x6eb009]
V  [jvm.dll+0x6dfbaa]
V  [jvm.dll+0x3573f6]
V  [jvm.dll+0x35ee56]
V  [jvm.dll+0x3b541e]
V  [jvm.dll+0x3b564f]
V  [jvm.dll+0x32c9ea]
V  [jvm.dll+0x32ca97]
V  [jvm.dll+0x374cd2]
V  [jvm.dll+0x37340f]
V  [jvm.dll+0x32c210]
V  [jvm.dll+0x3729ab]
V  [jvm.dll+0x85ebc3]
V  [jvm.dll+0x85f989]
V  [jvm.dll+0x85febd]
V  [jvm.dll+0x86034b]
V  [jvm.dll+0x860407]
V  [jvm.dll+0x80125a]
V  [jvm.dll+0x6ecf0b]
C  [ucrtbase.dll+0x29363]
C  [KERNEL32.DLL+0x126ad]
C  [ntdll.dll+0x5aa68]

VM_Operation (0x00000084861fbcf0): G1CollectForAllocation, mode: safepoint, requested by thread 0x0000025bb7e48c00


---------------  P R O C E S S  ---------------

Threads class SMR info:
_java_thread_list=0x0000025be08e5470, length=23, elements={
0x0000025bb7e48c00, 0x0000025bdafaa740, 0x0000025bdafab270, 0x0000025bdafafd00,
0x0000025bdafb5ac0, 0x0000025bdafb63f0, 0x0000025bdafb74c0, 0x0000025bdafbc920,
0x0000025bdafc1cb0, 0x0000025bdafbb880, 0x0000025bdfdbf0c0, 0x0000025bdfdd4670,
0x0000025bdfed2b30, 0x0000025bdfed3070, 0x0000025be034bc50, 0x0000025be035ce70,
0x0000025be0340fe0, 0x0000025be09f30c0, 0x0000025be09f3640, 0x0000025be0934c80,
0x0000025be090e7f0, 0x0000025be146b340, 0x0000025be0a82c90
}

Java Threads: ( => current thread )
  0x0000025bb7e48c00 JavaThread "main" [_thread_blocked, id=19160, stack(0x0000008486100000,0x0000008486200000)]
  0x0000025bdafaa740 JavaThread "Reference Handler" daemon [_thread_blocked, id=11616, stack(0x0000008486800000,0x0000008486900000)]
  0x0000025bdafab270 JavaThread "Finalizer" daemon [_thread_blocked, id=7516, stack(0x0000008486900000,0x0000008486a00000)]
  0x0000025bdafafd00 JavaThread "Signal Dispatcher" daemon [_thread_blocked, id=2696, stack(0x0000008486a00000,0x0000008486b00000)]
  0x0000025bdafb5ac0 JavaThread "Attach Listener" daemon [_thread_blocked, id=20772, stack(0x0000008486b00000,0x0000008486c00000)]
  0x0000025bdafb63f0 JavaThread "Service Thread" daemon [_thread_blocked, id=12968, stack(0x0000008486c00000,0x0000008486d00000)]
  0x0000025bdafb74c0 JavaThread "Monitor Deflation Thread" daemon [_thread_blocked, id=3196, stack(0x0000008486d00000,0x0000008486e00000)]
  0x0000025bdafbc920 JavaThread "C2 CompilerThread0" daemon [_thread_blocked, id=14236, stack(0x0000008486e00000,0x0000008486f00000)]
  0x0000025bdafc1cb0 JavaThread "C1 CompilerThread0" daemon [_thread_blocked, id=19824, stack(0x0000008486f00000,0x0000008487000000)]
  0x0000025bdafbb880 JavaThread "Sweeper thread" daemon [_thread_blocked, id=3640, stack(0x0000008487000000,0x0000008487100000)]
  0x0000025bdfdbf0c0 JavaThread "C1 CompilerThread1" daemon [_thread_blocked, id=12824, stack(0x0000008487100000,0x0000008487200000)]
  0x0000025bdfdd4670 JavaThread "Common-Cleaner" daemon [_thread_blocked, id=16928, stack(0x0000008487200000,0x0000008487300000)]
  0x0000025bdfed2b30 JavaThread "Monitor Ctrl-Break" daemon [_thread_in_native, id=11040, stack(0x0000008487300000,0x0000008487400000)]
  0x0000025bdfed3070 JavaThread "Notification Thread" daemon [_thread_blocked, id=13924, stack(0x0000008487400000,0x0000008487500000)]
  0x0000025be034bc50 JavaThread "C2 CompilerThread1" daemon [_thread_in_native, id=19236, stack(0x0000008487600000,0x0000008487700000)]
  0x0000025be035ce70 JavaThread "C1 CompilerThread2" daemon [_thread_blocked, id=19628, stack(0x0000008487700000,0x0000008487800000)]
  0x0000025be0340fe0 JavaThread "C1 CompilerThread3" daemon [_thread_blocked, id=9624, stack(0x0000008487800000,0x0000008487900000)]
  0x0000025be09f30c0 JavaThread "C2 CompilerThread2" daemon [_thread_blocked, id=2152, stack(0x0000008487900000,0x0000008487a00000)]
  0x0000025be09f3640 JavaThread "C2 CompilerThread3" daemon [_thread_blocked, id=18960, stack(0x0000008487a00000,0x0000008487b00000)]
  0x0000025be0934c80 JavaThread "C2 CompilerThread4" daemon [_thread_in_native, id=15296, stack(0x0000008487b00000,0x0000008487c00000)]
  0x0000025be090e7f0 JavaThread "C2 CompilerThread5" daemon [_thread_blocked, id=16344, stack(0x0000008487c00000,0x0000008487d00000)]
  0x0000025be146b340 JavaThread "C2 CompilerThread6" daemon [_thread_blocked, id=13184, stack(0x0000008487d00000,0x0000008487e00000)]
  0x0000025be0a82c90 JavaThread "C2 CompilerThread7" daemon [_thread_blocked, id=20660, stack(0x0000008487e00000,0x0000008487f00000)]

Other Threads:
=>0x0000025bdaf8fdd0 VMThread "VM Thread" [stack: 0x0000008486700000,0x0000008486800000] [id=5624]
  0x0000025bdfedcc70 WatcherThread "VM Periodic Task Thread" [stack: 0x0000008487500000,0x0000008487600000] [id=17332]
  0x0000025bb7eba7b0 WorkerThread "GC Thread#0" [stack: 0x0000008486200000,0x0000008486300000] [id=14924]
  0x0000025be0229430 WorkerThread "GC Thread#1" [stack: 0x0000008487f00000,0x0000008488000000] [id=13896]
  0x0000025be0228350 WorkerThread "GC Thread#2" [stack: 0x0000008488000000,0x0000008488100000] [id=12564]
  0x0000025be0227ae0 WorkerThread "GC Thread#3" [stack: 0x0000008488100000,0x0000008488200000] [id=5724]
  0x0000025be0228620 WorkerThread "GC Thread#4" [stack: 0x0000008488200000,0x0000008488300000] [id=2680]
  0x0000025be0228e90 WorkerThread "GC Thread#5" [stack: 0x0000008488300000,0x0000008488400000] [id=17020]
  0x0000025be0228bc0 WorkerThread "GC Thread#6" [stack: 0x0000008488400000,0x0000008488500000] [id=17740]
  0x0000025be0227db0 WorkerThread "GC Thread#7" [stack: 0x0000008488500000,0x0000008488600000] [id=15792]
  0x0000025be19312e0 WorkerThread "GC Thread#8" [stack: 0x0000008488600000,0x0000008488700000] [id=2652]
  0x0000025be192f3f0 WorkerThread "GC Thread#9" [stack: 0x0000008488700000,0x0000008488800000] [id=13072]
  0x0000025be192fc60 WorkerThread "GC Thread#10" [stack: 0x0000008488800000,0x0000008488900000] [id=19364]
  0x0000025be1931e20 WorkerThread "GC Thread#11" [stack: 0x0000008488900000,0x0000008488a00000] [id=17724]
  0x0000025be19307a0 WorkerThread "GC Thread#12" [stack: 0x0000008488a00000,0x0000008488b00000] [id=5288]
  0x0000025bb7ecb120 ConcurrentGCThread "G1 Main Marker" [stack: 0x0000008486300000,0x0000008486400000] [id=18940]
  0x0000025bb7eccb60 WorkerThread "G1 Conc#0" [stack: 0x0000008486400000,0x0000008486500000] [id=2348]
  0x0000025be192ee50 WorkerThread "G1 Conc#1" [stack: 0x0000008488b00000,0x0000008488c00000] [id=12656]
  0x0000025be19320f0 WorkerThread "G1 Conc#2" [stack: 0x0000008488c00000,0x0000008488d00000] [id=13712]
  0x0000025bdae4f3f0 ConcurrentGCThread "G1 Refine#0" [stack: 0x0000008486500000,0x0000008486600000] [id=9912]
  0x0000025bb7f0d040 ConcurrentGCThread "G1 Service" [stack: 0x0000008486600000,0x0000008486700000] [id=17692]

Threads with active compile tasks:
C2 CompilerThread0     3692 7810       4       com.sun.tools.javac.comp.Attr::check (219 bytes)
C2 CompilerThread1     3692 7259       4       lombok.javac.JavacAST::buildLocalVar (109 bytes)
C1 CompilerThread3     3692 7982       3       lombok.javac.JavacNode::traverse (774 bytes)
C2 CompilerThread2     3692 7401       4       lombok.javac.handlers.JavacHandlerUtil::annotationTypeMatches (28 bytes)
C2 CompilerThread3     3692 7951       4       com.sun.tools.javac.comp.Resolve::findInheritedMemberType (186 bytes)
C2 CompilerThread4     3692 7710       4       lombok.javac.handlers.JavacHandlerUtil::getAccessorsForField (163 bytes)
C2 CompilerThread5     3692 7738       4       lombok.javac.JavacAST::buildMethod (192 bytes)
C2 CompilerThread6     3692 7811       4       com.sun.tools.javac.comp.Attr$ResultInfo::check (21 bytes)
C2 CompilerThread7     3692 7827       4       com.sun.tools.javac.comp.Resolve::findGlobalType (111 bytes)

VM state: at safepoint (normal execution)

VM Mutex/Monitor currently owned by a thread:  ([mutex/lock_event])
[0x0000025bb7e44a90] Threads_lock - owner thread: 0x0000025bdaf8fdd0
[0x0000025bb7e43c80] Heap_lock - owner thread: 0x0000025bb7e48c00

Heap address: 0x0000000705e00000, size: 4002 MB, Compressed Oops mode: Zero based, Oop shift amount: 3

CDS archive(s) mapped at: [0x0000000800000000-0x0000000800c40000-0x0000000800c40000), size 12845056, SharedBaseAddress: 0x0000000800000000, ArchiveRelocationMode: 0.
Compressed class space mapped at: 0x0000000801000000-0x0000000841000000, reserved size: 1073741824
Narrow klass base: 0x0000000800000000, Narrow klass shift: 0, Narrow klass range: 0x100000000

GC Precious Log:
 CardTable entry size: 512
 Card Set container configuration: InlinePtr #cards 4 size 8 Array Of Cards #cards 16 size 48 Howl #buckets 8 coarsen threshold 3686 Howl Bitmap #cards 512 size 80 coarsen threshold 460 Card regions per heap region 1 cards per card region 4096
 CPUs: 16 total, 16 available
 Memory: 16005M
 Large Page Support: Disabled
 NUMA Support: Disabled
 Compressed Oops: Enabled (Zero based)
 Heap Region Size: 2M
 Heap Min Capacity: 8M
 Heap Initial Capacity: 252M
 Heap Max Capacity: 4002M
 Pre-touch: Disabled
 Parallel Workers: 13
 Concurrent Workers: 3
 Concurrent Refinement Workers: 13
 Periodic GC: Disabled

Heap:
 garbage-first heap   total 147456K, used 45356K [0x0000000705e00000, 0x0000000800000000)
  region size 2048K, 2 young (4096K), 2 survivors (4096K)
 Metaspace       used 28416K, committed 28992K, reserved 1114112K
  class space    used 2961K, committed 3264K, reserved 1048576K

Heap Regions: E=young(eden), S=young(survivor), O=old, HS=humongous(starts), HC=humongous(continues), CS=collection set, F=free, OA=open archive, CA=closed archive, TAMS=top-at-mark-start (previous, next)
|   0|0x0000000705e00000, 0x0000000706000000, 0x0000000706000000|100%| O|  |TAMS 0x0000000706000000, 0x0000000705e00000| Untracked 
|   1|0x0000000706000000, 0x0000000706200000, 0x0000000706200000|100%| O|  |TAMS 0x0000000706200000, 0x0000000706000000| Untracked 
|   2|0x0000000706200000, 0x0000000706400000, 0x0000000706400000|100%| O|  |TAMS 0x0000000706400000, 0x0000000706200000| Untracked 
|   3|0x0000000706400000, 0x0000000706600000, 0x0000000706600000|100%| O|  |TAMS 0x0000000706600000, 0x0000000706400000| Untracked 
|   4|0x0000000706600000, 0x0000000706800000, 0x0000000706800000|100%| O|  |TAMS 0x0000000706800000, 0x0000000706600000| Untracked 
|   5|0x0000000706800000, 0x0000000706a00000, 0x0000000706a00000|100%| O|  |TAMS 0x0000000706a00000, 0x0000000706800000| Untracked 
|   6|0x0000000706a00000, 0x0000000706c00000, 0x0000000706c00000|100%| O|  |TAMS 0x0000000706c00000, 0x0000000706a00000| Untracked 
|   7|0x0000000706c00000, 0x0000000706e00000, 0x0000000706e00000|100%| O|  |TAMS 0x0000000706c82a00, 0x0000000706c00000| Untracked 
|   8|0x0000000706e00000, 0x0000000707000000, 0x0000000707000000|100%| O|  |TAMS 0x0000000707000000, 0x0000000706e00000| Untracked 
|   9|0x0000000707000000, 0x0000000707200000, 0x0000000707200000|100%| O|  |TAMS 0x0000000707200000, 0x0000000707000000| Untracked 
|  10|0x0000000707200000, 0x0000000707400000, 0x0000000707400000|100%| O|  |TAMS 0x0000000707400000, 0x0000000707200000| Untracked 
|  11|0x0000000707400000, 0x0000000707400000, 0x0000000707600000|  0%| F|  |TAMS 0x0000000707400000, 0x0000000707400000| Untracked 
|  12|0x0000000707600000, 0x0000000707800000, 0x0000000707800000|100%| O|  |TAMS 0x0000000707600000, 0x0000000707600000| Untracked 
|  13|0x0000000707800000, 0x0000000707a00000, 0x0000000707a00000|100%|HS|  |TAMS 0x0000000707800000, 0x0000000707800000| Complete 
|  14|0x0000000707a00000, 0x0000000707c00000, 0x0000000707c00000|100%| O|  |TAMS 0x0000000707a00000, 0x0000000707a00000| Untracked 
|  15|0x0000000707c00000, 0x0000000707e00000, 0x0000000707e00000|100%| O|  |TAMS 0x0000000707c00000, 0x0000000707c00000| Untracked 
|  16|0x0000000707e00000, 0x0000000707f24a00, 0x0000000708000000| 57%| O|  |TAMS 0x0000000707e00000, 0x0000000707e00000| Untracked 
|  17|0x0000000708000000, 0x0000000708000000, 0x0000000708200000|  0%| F|  |TAMS 0x0000000708000000, 0x0000000708000000| Untracked 
|  18|0x0000000708200000, 0x0000000708200000, 0x0000000708400000|  0%| F|  |TAMS 0x0000000708200000, 0x0000000708200000| Untracked 
|  19|0x0000000708400000, 0x0000000708400000, 0x0000000708600000|  0%| F|  |TAMS 0x0000000708400000, 0x0000000708400000| Untracked 
|  20|0x0000000708600000, 0x0000000708600000, 0x0000000708800000|  0%| F|  |TAMS 0x0000000708600000, 0x0000000708600000| Untracked 
|  21|0x0000000708800000, 0x0000000708800000, 0x0000000708a00000|  0%| F|  |TAMS 0x0000000708800000, 0x0000000708800000| Untracked 
|  22|0x0000000708a00000, 0x0000000708a00000, 0x0000000708c00000|  0%| F|  |TAMS 0x0000000708a00000, 0x0000000708a00000| Untracked 
|  23|0x0000000708c00000, 0x0000000708c00000, 0x0000000708e00000|  0%| F|  |TAMS 0x0000000708c00000, 0x0000000708c00000| Untracked 
|  24|0x0000000708e00000, 0x0000000708e00000, 0x0000000709000000|  0%| F|  |TAMS 0x0000000708e00000, 0x0000000708e00000| Untracked 
|  25|0x0000000709000000, 0x00000007091267e0, 0x0000000709200000| 57%| S|CS|TAMS 0x0000000709000000, 0x0000000709000000| Complete 
|  26|0x0000000709200000, 0x0000000709200000, 0x0000000709400000|  0%| F|  |TAMS 0x0000000709200000, 0x0000000709200000| Untracked 
|  27|0x0000000709400000, 0x0000000709400000, 0x0000000709600000|  0%| F|  |TAMS 0x0000000709400000, 0x0000000709400000| Untracked 
|  28|0x0000000709600000, 0x0000000709800000, 0x0000000709800000|100%| S|CS|TAMS 0x0000000709600000, 0x0000000709600000| Complete 
|  29|0x0000000709800000, 0x0000000709800000, 0x0000000709a00000|  0%| F|  |TAMS 0x0000000709800000, 0x0000000709800000| Untracked 
|  30|0x0000000709a00000, 0x0000000709a00000, 0x0000000709c00000|  0%| F|  |TAMS 0x0000000709a00000, 0x0000000709a00000| Untracked 
|  31|0x0000000709c00000, 0x0000000709c00000, 0x0000000709e00000|  0%| F|  |TAMS 0x0000000709c00000, 0x0000000709c00000| Untracked 
|  32|0x0000000709e00000, 0x0000000709e00000, 0x000000070a000000|  0%| F|  |TAMS 0x0000000709e00000, 0x0000000709e00000| Untracked 
|  33|0x000000070a000000, 0x000000070a000000, 0x000000070a200000|  0%| F|  |TAMS 0x000000070a000000, 0x000000070a000000| Untracked 
|  34|0x000000070a200000, 0x000000070a200000, 0x000000070a400000|  0%| F|  |TAMS 0x000000070a200000, 0x000000070a200000| Untracked 
|  35|0x000000070a400000, 0x000000070a400000, 0x000000070a600000|  0%| F|  |TAMS 0x000000070a400000, 0x000000070a400000| Untracked 
|  36|0x000000070a600000, 0x000000070a600000, 0x000000070a800000|  0%| F|  |TAMS 0x000000070a600000, 0x000000070a600000| Untracked 
|  37|0x000000070a800000, 0x000000070a800000, 0x000000070aa00000|  0%| F|  |TAMS 0x000000070a800000, 0x000000070a800000| Untracked 
|  38|0x000000070aa00000, 0x000000070aa00000, 0x000000070ac00000|  0%| F|  |TAMS 0x000000070aa00000, 0x000000070aa00000| Untracked 
|  39|0x000000070ac00000, 0x000000070ac00000, 0x000000070ae00000|  0%| F|  |TAMS 0x000000070ac00000, 0x000000070ac00000| Untracked 
|  40|0x000000070ae00000, 0x000000070ae00000, 0x000000070b000000|  0%| F|  |TAMS 0x000000070ae00000, 0x000000070ae00000| Untracked 
|  41|0x000000070b000000, 0x000000070b000000, 0x000000070b200000|  0%| F|  |TAMS 0x000000070b000000, 0x000000070b000000| Untracked 
|  42|0x000000070b200000, 0x000000070b200000, 0x000000070b400000|  0%| F|  |TAMS 0x000000070b200000, 0x000000070b200000| Untracked 
|  43|0x000000070b400000, 0x000000070b400000, 0x000000070b600000|  0%| F|  |TAMS 0x000000070b400000, 0x000000070b400000| Untracked 
|  44|0x000000070b600000, 0x000000070b600000, 0x000000070b800000|  0%| F|  |TAMS 0x000000070b600000, 0x000000070b600000| Untracked 
|  45|0x000000070b800000, 0x000000070b800000, 0x000000070ba00000|  0%| F|  |TAMS 0x000000070b800000, 0x000000070b800000| Untracked 
|  46|0x000000070ba00000, 0x000000070ba00000, 0x000000070bc00000|  0%| F|  |TAMS 0x000000070ba00000, 0x000000070ba00000| Untracked 
|  47|0x000000070bc00000, 0x000000070bc00000, 0x000000070be00000|  0%| F|  |TAMS 0x000000070bc00000, 0x000000070bc00000| Untracked 
|  48|0x000000070be00000, 0x000000070be00000, 0x000000070c000000|  0%| F|  |TAMS 0x000000070be00000, 0x000000070be00000| Untracked 
|  49|0x000000070c000000, 0x000000070c000000, 0x000000070c200000|  0%| F|  |TAMS 0x000000070c000000, 0x000000070c000000| Untracked 
|  50|0x000000070c200000, 0x000000070c200000, 0x000000070c400000|  0%| F|  |TAMS 0x000000070c200000, 0x000000070c200000| Untracked 
|  51|0x000000070c400000, 0x000000070c400000, 0x000000070c600000|  0%| F|  |TAMS 0x000000070c400000, 0x000000070c400000| Untracked 
|  52|0x000000070c600000, 0x000000070c600000, 0x000000070c800000|  0%| F|  |TAMS 0x000000070c600000, 0x000000070c600000| Untracked 
|  53|0x000000070c800000, 0x000000070c800000, 0x000000070ca00000|  0%| F|  |TAMS 0x000000070c800000, 0x000000070c800000| Untracked 
|  54|0x000000070ca00000, 0x000000070ca00000, 0x000000070cc00000|  0%| F|  |TAMS 0x000000070ca00000, 0x000000070ca00000| Untracked 
|  55|0x000000070cc00000, 0x000000070cc00000, 0x000000070ce00000|  0%| F|  |TAMS 0x000000070cc00000, 0x000000070cc00000| Untracked 
|  56|0x000000070ce00000, 0x000000070ce00000, 0x000000070d000000|  0%| F|  |TAMS 0x000000070ce00000, 0x000000070ce00000| Untracked 
|  57|0x000000070d000000, 0x000000070d000000, 0x000000070d200000|  0%| F|  |TAMS 0x000000070d000000, 0x000000070d000000| Untracked 
|  58|0x000000070d200000, 0x000000070d200000, 0x000000070d400000|  0%| F|  |TAMS 0x000000070d200000, 0x000000070d200000| Untracked 
|  59|0x000000070d400000, 0x000000070d400000, 0x000000070d600000|  0%| F|  |TAMS 0x000000070d400000, 0x000000070d400000| Untracked 
|  60|0x000000070d600000, 0x000000070d600000, 0x000000070d800000|  0%| F|  |TAMS 0x000000070d600000, 0x000000070d600000| Untracked 
|  61|0x000000070d800000, 0x000000070d800000, 0x000000070da00000|  0%| F|  |TAMS 0x000000070d800000, 0x000000070d800000| Untracked 
|  62|0x000000070da00000, 0x000000070da00000, 0x000000070dc00000|  0%| F|  |TAMS 0x000000070da00000, 0x000000070da00000| Untracked 
|  63|0x000000070dc00000, 0x000000070dc00000, 0x000000070de00000|  0%| F|  |TAMS 0x000000070dc00000, 0x000000070dc00000| Untracked 
|  64|0x000000070de00000, 0x000000070de00000, 0x000000070e000000|  0%| F|  |TAMS 0x000000070de00000, 0x000000070de00000| Untracked 
|  65|0x000000070e000000, 0x000000070e000000, 0x000000070e200000|  0%| F|  |TAMS 0x000000070e000000, 0x000000070e000000| Untracked 
| 125|0x0000000715800000, 0x0000000715800000, 0x0000000715a00000|  0%| F|  |TAMS 0x0000000715800000, 0x0000000715800000| Untracked 
|1996|0x00000007ff600000, 0x00000007ff800000, 0x00000007ff800000|100%| O|  |TAMS 0x00000007ff800000, 0x00000007ff600000| Untracked 
|1997|0x00000007ff800000, 0x00000007ffa00000, 0x00000007ffa00000|100%| O|  |TAMS 0x00000007ffa00000, 0x00000007ff800000| Untracked 
|1998|0x00000007ffa00000, 0x00000007ffc00000, 0x00000007ffc00000|100%| O|  |TAMS 0x00000007ffc00000, 0x00000007ffa00000| Untracked 
|1999|0x00000007ffc00000, 0x00000007ffe00000, 0x00000007ffe00000|100%| O|  |TAMS 0x00000007ffe00000, 0x00000007ffc00000| Untracked 
|2000|0x00000007ffe00000, 0x0000000800000000, 0x0000000800000000|100%| O|  |TAMS 0x0000000800000000, 0x00000007ffe00000| Untracked 

Card table byte_map: [0x0000025bcfe10000,0x0000025bd05f0000] _byte_map_base: 0x0000025bcc5e1000

Marking Bits (Prev, Next): (CMBitMap*) 0x0000025bb7ebade0, (CMBitMap*) 0x0000025bb7ebae20
 Prev Bits: [0x0000025bd0dd0000, 0x0000025bd4c58000)
 Next Bits: [0x0000025bd4c60000, 0x0000025bd8ae8000)

Polling page: 0x0000025bb7610000

Metaspace:

Usage:
  Non-class:     24.86 MB used.
      Class:      2.89 MB used.
       Both:     27.75 MB used.

Virtual space:
  Non-class space:       64.00 MB reserved,      25.12 MB ( 39%) committed,  1 nodes.
      Class space:        1.00 GB reserved,       3.19 MB ( <1%) committed,  1 nodes.
             Both:        1.06 GB reserved,      28.31 MB (  3%) committed. 

Chunk freelists:
   Non-Class:  2.22 MB
       Class:  812.00 KB
        Both:  3.01 MB

MaxMetaspaceSize: unlimited
CompressedClassSpaceSize: 1.00 GB
Initial GC threshold: 21.00 MB
Current GC threshold: 41.56 MB
CDS: on
MetaspaceReclaimPolicy: balanced
 - commit_granule_bytes: 65536.
 - commit_granule_words: 8192.
 - virtual_space_node_default_size: 8388608.
 - enlarge_chunks_in_place: 1.
 - new_chunks_are_fully_committed: 0.
 - uncommit_free_chunks: 1.
 - use_allocation_guard: 0.


Internal statistics:

num_allocs_failed_limit: 3.
num_arena_births: 622.
num_arena_deaths: 0.
num_vsnodes_births: 2.
num_vsnodes_deaths: 0.
num_space_committed: 453.
num_space_uncommitted: 0.
num_chunks_returned_to_freelist: 3.
num_chunks_taken_from_freelist: 1706.
num_chunk_merges: 3.
num_chunk_splits: 1176.
num_chunks_enlarged: 825.
num_inconsistent_stats: 0.

CodeHeap 'non-profiled nmethods': size=119168Kb used=4064Kb max_used=4064Kb free=115104Kb
 bounds [0x0000025bc7950000, 0x0000025bc7d50000, 0x0000025bcedb0000]
CodeHeap 'profiled nmethods': size=119104Kb used=15869Kb max_used=15869Kb free=103234Kb
 bounds [0x0000025bbfdb0000, 0x0000025bc0d40000, 0x0000025bc7200000]
CodeHeap 'non-nmethods': size=7488Kb used=3023Kb max_used=3119Kb free=4464Kb
 bounds [0x0000025bc7200000, 0x0000025bc7520000, 0x0000025bc7950000]
 total_blobs=7605 nmethods=7064 adapters=446
 compilation: enabled
              stopped_count=0, restarted_count=0
 full_count=0

Compilation events (20 events):
Event: 3.670 Thread 0x0000025bdafc1cb0 nmethod 7980 0x0000025bc0d21990 code [0x0000025bc0d21be0, 0x0000025bc0d22318]
Event: 3.671 Thread 0x0000025bdafc1cb0 7981       2       lombok.javac.JavacImportList::getFullyQualifiedNameForSimpleNameNoAliasing (90 bytes)
Event: 3.671 Thread 0x0000025be0340fe0 nmethod 7978 0x0000025bc0d23090 code [0x0000025bc0d23240, 0x0000025bc0d23448]
Event: 3.671 Thread 0x0000025bdfdbf0c0 nmethod 7977 0x0000025bc0d22790 code [0x0000025bc0d22980, 0x0000025bc0d22db8]
Event: 3.671 Thread 0x0000025be0340fe0 7979       2       com.sun.tools.javac.comp.Attr$TypeAnnotationsValidator::<init> (15 bytes)
Event: 3.671 Thread 0x0000025be035ce70 nmethod 7969 0x0000025bc0d1f210 code [0x0000025bc0d1f500, 0x0000025bc0d20bc8]
Event: 3.671 Thread 0x0000025be0340fe0 nmethod 7979 0x0000025bc0d23510 code [0x0000025bc0d236a0, 0x0000025bc0d237f8]
Event: 3.671 Thread 0x0000025be0340fe0 7982       3       lombok.javac.JavacNode::traverse (774 bytes)
Event: 3.672 Thread 0x0000025bdafc1cb0 nmethod 7981 0x0000025bc0d23890 code [0x0000025bc0d23aa0, 0x0000025bc0d24068]
Event: 3.672 Thread 0x0000025bdafc1cb0 7983       2       lombok.javac.JavacASTAdapter::visitType (1 bytes)
Event: 3.673 Thread 0x0000025bdafc1cb0 nmethod 7983 0x0000025bbffe7390 code [0x0000025bbffe7520, 0x0000025bbffe7618]
Event: 3.673 Thread 0x0000025be035ce70 7984       2       java.lang.invoke.LambdaForm$MH/0x0000000801333800::invoke (42 bytes)
Event: 3.673 Thread 0x0000025bdfdbf0c0 7985       2       java.lang.invoke.LambdaForm$MH/0x0000000801333c00::invoke (42 bytes)
Event: 3.673 Thread 0x0000025bdafc1cb0 7986       2       java.lang.invoke.LambdaForm$MH/0x0000000801334000::invoke (42 bytes)
Event: 3.673 Thread 0x0000025be035ce70 nmethod 7984 0x0000025bc0d24390 code [0x0000025bc0d24580, 0x0000025bc0d24a08]
Event: 3.673 Thread 0x0000025bdafc1cb0 nmethod 7986 0x0000025bc0d24c90 code [0x0000025bc0d24e80, 0x0000025bc0d25308]
Event: 3.673 Thread 0x0000025bdfdbf0c0 nmethod 7985 0x0000025bc0d25590 code [0x0000025bc0d25780, 0x0000025bc0d25c08]
Event: 3.674 Thread 0x0000025bdfdbf0c0 7987       2       lombok.javac.handlers.HandleVal::eq (58 bytes)
Event: 3.675 Thread 0x0000025bdfdbf0c0 nmethod 7987 0x0000025bc0d25e90 code [0x0000025bc0d260c0, 0x0000025bc0d26508]
Event: 3.677 Thread 0x0000025be0340fe0 nmethod 7982 0x0000025bc0d26790 code [0x0000025bc0d27020, 0x0000025bc0d2f708]

GC Heap History (20 events):
Event: 2.252 GC heap after
{Heap after GC invocations=6 (full 0):
 garbage-first heap   total 71680K, used 27289K [0x0000000705e00000, 0x0000000800000000)
  region size 2048K, 1 young (2048K), 1 survivors (2048K)
 Metaspace       used 24229K, committed 24576K, reserved 1114112K
  class space    used 2580K, committed 2752K, reserved 1048576K
}
Event: 2.383 GC heap before
{Heap before GC invocations=6 (full 0):
 garbage-first heap   total 71680K, used 47769K [0x0000000705e00000, 0x0000000800000000)
  region size 2048K, 12 young (24576K), 1 survivors (2048K)
 Metaspace       used 24495K, committed 24832K, reserved 1114112K
  class space    used 2603K, committed 2752K, reserved 1048576K
}
Event: 2.386 GC heap after
{Heap after GC invocations=7 (full 0):
 garbage-first heap   total 71680K, used 32768K [0x0000000705e00000, 0x0000000800000000)
  region size 2048K, 2 young (4096K), 2 survivors (4096K)
 Metaspace       used 24495K, committed 24832K, reserved 1114112K
  class space    used 2603K, committed 2752K, reserved 1048576K
}
Event: 2.468 GC heap before
{Heap before GC invocations=7 (full 0):
 garbage-first heap   total 71680K, used 51200K [0x0000000705e00000, 0x0000000800000000)
  region size 2048K, 11 young (22528K), 2 survivors (4096K)
 Metaspace       used 24847K, committed 25280K, reserved 1114112K
  class space    used 2642K, committed 2880K, reserved 1048576K
}
Event: 2.472 GC heap after
{Heap after GC invocations=8 (full 0):
 garbage-first heap   total 71680K, used 36288K [0x0000000705e00000, 0x0000000800000000)
  region size 2048K, 2 young (4096K), 2 survivors (4096K)
 Metaspace       used 24847K, committed 25280K, reserved 1114112K
  class space    used 2642K, committed 2880K, reserved 1048576K
}
Event: 2.540 GC heap before
{Heap before GC invocations=8 (full 0):
 garbage-first heap   total 71680K, used 48576K [0x0000000705e00000, 0x0000000800000000)
  region size 2048K, 9 young (18432K), 2 survivors (4096K)
 Metaspace       used 25110K, committed 25536K, reserved 1114112K
  class space    used 2643K, committed 2880K, reserved 1048576K
}
Event: 2.544 GC heap after
{Heap after GC invocations=9 (full 0):
 garbage-first heap   total 116736K, used 38866K [0x0000000705e00000, 0x0000000800000000)
  region size 2048K, 2 young (4096K), 2 survivors (4096K)
 Metaspace       used 25110K, committed 25536K, reserved 1114112K
  class space    used 2643K, committed 2880K, reserved 1048576K
}
Event: 2.998 GC heap before
{Heap before GC invocations=10 (full 0):
 garbage-first heap   total 116736K, used 79826K [0x0000000705e00000, 0x0000000800000000)
  region size 2048K, 22 young (45056K), 2 survivors (4096K)
 Metaspace       used 27074K, committed 27520K, reserved 1114112K
  class space    used 2842K, committed 3072K, reserved 1048576K
}
Event: 3.004 GC heap after
{Heap after GC invocations=11 (full 0):
 garbage-first heap   total 116736K, used 43286K [0x0000000705e00000, 0x0000000800000000)
  region size 2048K, 3 young (6144K), 3 survivors (6144K)
 Metaspace       used 27074K, committed 27520K, reserved 1114112K
  class space    used 2842K, committed 3072K, reserved 1048576K
}
Event: 3.024 GC heap before
{Heap before GC invocations=11 (full 0):
 garbage-first heap   total 116736K, used 45334K [0x0000000705e00000, 0x0000000800000000)
  region size 2048K, 4 young (8192K), 3 survivors (6144K)
 Metaspace       used 27153K, committed 27584K, reserved 1114112K
  class space    used 2849K, committed 3072K, reserved 1048576K
}
Event: 3.029 GC heap after
{Heap after GC invocations=12 (full 0):
 garbage-first heap   total 116736K, used 42983K [0x0000000705e00000, 0x0000000800000000)
  region size 2048K, 1 young (2048K), 1 survivors (2048K)
 Metaspace       used 27153K, committed 27584K, reserved 1114112K
  class space    used 2849K, committed 3072K, reserved 1048576K
}
Event: 3.181 GC heap before
{Heap before GC invocations=12 (full 0):
 garbage-first heap   total 116736K, used 81895K [0x0000000705e00000, 0x0000000800000000)
  region size 2048K, 20 young (40960K), 1 survivors (2048K)
 Metaspace       used 27372K, committed 27840K, reserved 1114112K
  class space    used 2863K, committed 3136K, reserved 1048576K
}
Event: 3.182 GC heap after
{Heap after GC invocations=13 (full 0):
 garbage-first heap   total 116736K, used 42639K [0x0000000705e00000, 0x0000000800000000)
  region size 2048K, 1 young (2048K), 1 survivors (2048K)
 Metaspace       used 27372K, committed 27840K, reserved 1114112K
  class space    used 2863K, committed 3136K, reserved 1048576K
}
Event: 3.387 GC heap before
{Heap before GC invocations=13 (full 0):
 garbage-first heap   total 116736K, used 85647K [0x0000000705e00000, 0x0000000800000000)
  region size 2048K, 22 young (45056K), 1 survivors (2048K)
 Metaspace       used 27969K, committed 28480K, reserved 1114112K
  class space    used 2940K, committed 3200K, reserved 1048576K
}
Event: 3.389 GC heap after
{Heap after GC invocations=14 (full 0):
 garbage-first heap   total 116736K, used 43032K [0x0000000705e00000, 0x0000000800000000)
  region size 2048K, 1 young (2048K), 1 survivors (2048K)
 Metaspace       used 27969K, committed 28480K, reserved 1114112K
  class space    used 2940K, committed 3200K, reserved 1048576K
}
Event: 3.488 GC heap before
{Heap before GC invocations=14 (full 0):
 garbage-first heap   total 116736K, used 88088K [0x0000000705e00000, 0x0000000800000000)
  region size 2048K, 23 young (47104K), 1 survivors (2048K)
 Metaspace       used 28226K, committed 28800K, reserved 1114112K
  class space    used 2956K, committed 3264K, reserved 1048576K
}
Event: 3.492 GC heap after
{Heap after GC invocations=15 (full 0):
 garbage-first heap   total 116736K, used 44141K [0x0000000705e00000, 0x0000000800000000)
  region size 2048K, 1 young (2048K), 1 survivors (2048K)
 Metaspace       used 28226K, committed 28800K, reserved 1114112K
  class space    used 2956K, committed 3264K, reserved 1048576K
}
Event: 3.572 GC heap before
{Heap before GC invocations=15 (full 0):
 garbage-first heap   total 116736K, used 91245K [0x0000000705e00000, 0x0000000800000000)
  region size 2048K, 24 young (49152K), 1 survivors (2048K)
 Metaspace       used 28278K, committed 28800K, reserved 1114112K
  class space    used 2960K, committed 3264K, reserved 1048576K
}
Event: 3.575 GC heap after
{Heap after GC invocations=16 (full 0):
 garbage-first heap   total 116736K, used 44502K [0x0000000705e00000, 0x0000000800000000)
  region size 2048K, 2 young (4096K), 2 survivors (4096K)
 Metaspace       used 28278K, committed 28800K, reserved 1114112K
  class space    used 2960K, committed 3264K, reserved 1048576K
}
Event: 3.676 GC heap before
{Heap before GC invocations=16 (full 0):
 garbage-first heap   total 116736K, used 91606K [0x0000000705e00000, 0x0000000800000000)
  region size 2048K, 25 young (51200K), 2 survivors (4096K)
 Metaspace       used 28416K, committed 28992K, reserved 1114112K
  class space    used 2961K, committed 3264K, reserved 1048576K
}

Dll operation events (12 events):
Event: 0.004 Loaded shared library C:\Program Files\Java\jdk-19\bin\java.dll
Event: 0.009 Loaded shared library C:\Program Files\Java\jdk-19\bin\jsvml.dll
Event: 0.038 Loaded shared library C:\Program Files\Java\jdk-19\bin\zip.dll
Event: 0.039 Loaded shared library C:\Program Files\Java\jdk-19\bin\instrument.dll
Event: 0.042 Loaded shared library C:\Program Files\Java\jdk-19\bin\net.dll
Event: 0.044 Loaded shared library C:\Program Files\Java\jdk-19\bin\nio.dll
Event: 0.045 Loaded shared library C:\Program Files\Java\jdk-19\bin\zip.dll
Event: 0.054 Loaded shared library C:\Program Files\JetBrains\IntelliJ IDEA 2022.1.2\bin\breakgen64.dll
Event: 0.061 Loaded shared library C:\Program Files\Java\jdk-19\bin\extnet.dll
Event: 0.100 Loaded shared library C:\Program Files\Java\jdk-19\bin\jimage.dll
Event: 0.123 Loaded shared library C:\Users\99293\AppData\Local\Temp\jansi-2.4.0-eacb21a56feacda5-jansi.dll
Event: 0.129 Loaded shared library C:\Program Files\Java\jdk-19\bin\verify.dll

Deoptimization events (20 events):
Event: 3.634 Thread 0x0000025bb7e48c00 Uncommon trap: trap_request=0xffffff45 fr.pc=0x0000025bc7d3a724 relative=0x00000000000002e4
Event: 3.634 Thread 0x0000025bb7e48c00 Uncommon trap: reason=unstable_if action=reinterpret pc=0x0000025bc7d3a724 method=com.sun.tools.javac.util.Iterators$CompoundIterator.hasNext()Z @ 4 c2
Event: 3.635 Thread 0x0000025bb7e48c00 DEOPT PACKING pc=0x0000025bc7d3a724 sp=0x00000084861fd7d0
Event: 3.635 Thread 0x0000025bb7e48c00 DEOPT UNPACKING pc=0x0000025bc7266da3 sp=0x00000084861fd7a0 mode 2
Event: 3.670 Thread 0x0000025bb7e48c00 Uncommon trap: trap_request=0xffffffc6 fr.pc=0x0000025bc7c9b214 relative=0x00000000000002d4
Event: 3.670 Thread 0x0000025bb7e48c00 Uncommon trap: reason=bimorphic_or_optimized_type_check action=maybe_recompile pc=0x0000025bc7c9b214 method=lombok.javac.JavacNode.traverse(Llombok/javac/JavacASTVisitor;)V @ 73 c2
Event: 3.670 Thread 0x0000025bb7e48c00 DEOPT PACKING pc=0x0000025bc7c9b214 sp=0x00000084861fd390
Event: 3.671 Thread 0x0000025bb7e48c00 DEOPT UNPACKING pc=0x0000025bc7266da3 sp=0x00000084861fd318 mode 2
Event: 3.671 Thread 0x0000025bb7e48c00 Uncommon trap: trap_request=0xffffffc6 fr.pc=0x0000025bc7c9ba40 relative=0x0000000000000b00
Event: 3.671 Thread 0x0000025bb7e48c00 Uncommon trap: reason=bimorphic_or_optimized_type_check action=maybe_recompile pc=0x0000025bc7c9ba40 method=lombok.javac.JavacNode.traverse(Llombok/javac/JavacASTVisitor;)V @ 113 c2
Event: 3.671 Thread 0x0000025bb7e48c00 DEOPT PACKING pc=0x0000025bc7c9ba40 sp=0x00000084861fd2b0
Event: 3.671 Thread 0x0000025bb7e48c00 DEOPT UNPACKING pc=0x0000025bc7266da3 sp=0x00000084861fd238 mode 2
Event: 3.671 Thread 0x0000025bb7e48c00 Uncommon trap: trap_request=0xffffffc6 fr.pc=0x0000025bc7c9b64c relative=0x000000000000070c
Event: 3.671 Thread 0x0000025bb7e48c00 Uncommon trap: reason=bimorphic_or_optimized_type_check action=maybe_recompile pc=0x0000025bc7c9b64c method=lombok.javac.JavacNode.traverse(Llombok/javac/JavacASTVisitor;)V @ 490 c2
Event: 3.671 Thread 0x0000025bb7e48c00 DEOPT PACKING pc=0x0000025bc7c9b64c sp=0x00000084861fd1d0
Event: 3.671 Thread 0x0000025bb7e48c00 DEOPT UNPACKING pc=0x0000025bc7266da3 sp=0x00000084861fd150 mode 2
Event: 3.671 Thread 0x0000025bb7e48c00 Uncommon trap: trap_request=0xffffffc6 fr.pc=0x0000025bc7c9b64c relative=0x000000000000070c
Event: 3.671 Thread 0x0000025bb7e48c00 Uncommon trap: reason=bimorphic_or_optimized_type_check action=maybe_recompile pc=0x0000025bc7c9b64c method=lombok.javac.JavacNode.traverse(Llombok/javac/JavacASTVisitor;)V @ 490 c2
Event: 3.671 Thread 0x0000025bb7e48c00 DEOPT PACKING pc=0x0000025bc7c9b64c sp=0x00000084861fd1d0
Event: 3.671 Thread 0x0000025bb7e48c00 DEOPT UNPACKING pc=0x0000025bc7266da3 sp=0x00000084861fd150 mode 2

Classes loaded (20 events):
Event: 2.812 Loading class java/util/Vector$1
Event: 2.812 Loading class java/util/Vector$1 done
Event: 2.814 Loading class java/io/PushbackInputStream
Event: 2.814 Loading class java/io/PushbackInputStream done
Event: 2.905 Loading class java/util/Collections$UnmodifiableSortedSet
Event: 2.905 Loading class java/util/Collections$UnmodifiableSortedSet done
Event: 2.977 Loading class java/util/IdentityHashMap$EntrySet
Event: 2.978 Loading class java/util/IdentityHashMap$EntrySet done
Event: 2.978 Loading class java/util/IdentityHashMap$EntryIterator
Event: 2.978 Loading class java/util/IdentityHashMap$EntryIterator done
Event: 2.978 Loading class java/util/IdentityHashMap$EntryIterator$Entry
Event: 2.978 Loading class java/util/IdentityHashMap$EntryIterator$Entry done
Event: 3.224 Loading class java/util/regex/Pattern$SliceI
Event: 3.224 Loading class java/util/regex/Pattern$SliceI done
Event: 3.261 Loading class java/util/regex/Pattern$Loop
Event: 3.261 Loading class java/util/regex/Pattern$Loop done
Event: 3.261 Loading class java/util/regex/Pattern$Prolog
Event: 3.261 Loading class java/util/regex/Pattern$Prolog done
Event: 3.275 Loading class java/util/regex/Pattern$LazyLoop
Event: 3.276 Loading class java/util/regex/Pattern$LazyLoop done

Classes unloaded (0 events):
No events

Classes redefined (0 events):
No events

Internal exceptions (20 events):
Event: 3.259 Thread 0x0000025bb7e48c00 Exception <a 'java/lang/NoSuchMethodError'{0x000000070b013570}: 'java.lang.Object java.lang.invoke.DirectMethodHandle$Holder.invokeSpecial(java.lang.Object, java.lang.Object, java.lang.Object, long, java.lang.Object)'> (0x000000070b013570) 
thrown [s\open\src\hotspot\share\interpreter\linkResolver.cpp, line 774]
Event: 3.260 Thread 0x0000025bb7e48c00 Exception <a 'java/lang/NoSuchMethodError'{0x000000070b0174c0}: 'java.lang.Object java.lang.invoke.DelegatingMethodHandle$Holder.reinvoke_L(java.lang.Object, java.lang.Object, long, java.lang.Object)'> (0x000000070b0174c0) 
thrown [s\open\src\hotspot\share\interpreter\linkResolver.cpp, line 774]
Event: 3.261 Thread 0x0000025bb7e48c00 Exception <a 'java/lang/NoSuchMethodError'{0x000000070b02eb88}: 'java.lang.Object java.lang.invoke.DirectMethodHandle$Holder.invokeVirtual(java.lang.Object, java.lang.Object, java.lang.Object, java.lang.Object, java.lang.Object, java.lang.Object, java.lang.Object, java.lang.Object, java.lang.Object, java.lang.Object)'> (0x000000070b02eb88) 
thrown [s\open\src\hotspot\share\interpreter\linkResolver.cpp, line 774]
Event: 3.286 Thread 0x0000025bb7e48c00 Exception <a 'java/lang/NoSuchMethodError'{0x000000070b15ca48}: 'void java.lang.invoke.DirectMethodHandle$Holder.invokeVirtual(java.lang.Object, java.lang.Object)'> (0x000000070b15ca48) 
thrown [s\open\src\hotspot\share\interpreter\linkResolver.cpp, line 774]
Event: 3.288 Thread 0x0000025bb7e48c00 Exception <a 'java/lang/NoSuchMethodError'{0x000000070b1672e0}: 'void java.lang.invoke.DirectMethodHandle$Holder.invokeVirtual(java.lang.Object, java.lang.Object, java.lang.Object, java.lang.Object)'> (0x000000070b1672e0) 
thrown [s\open\src\hotspot\share\interpreter\linkResolver.cpp, line 774]
Event: 3.306 Thread 0x0000025bb7e48c00 Exception <a 'java/lang/NoSuchMethodError'{0x000000070af10a80}: 'java.lang.Object java.lang.invoke.DirectMethodHandle$Holder.invokeVirtual(java.lang.Object, java.lang.Object, java.lang.Object, java.lang.Object, java.lang.Object, java.lang.Object)'> (0x000000070af10a80) 
thrown [s\open\src\hotspot\share\interpreter\linkResolver.cpp, line 774]
Event: 3.336 Thread 0x0000025bb7e48c00 Exception <a 'java/lang/NoSuchMethodError'{0x000000070ade1070}: 'java.lang.Object java.lang.invoke.DirectMethodHandle$Holder.invokeVirtual(java.lang.Object, java.lang.Object, java.lang.Object, java.lang.Object, java.lang.Object)'> (0x000000070ade1070) 
thrown [s\open\src\hotspot\share\interpreter\linkResolver.cpp, line 774]
Event: 3.350 Thread 0x0000025bb7e48c00 Exception <a 'java/lang/NoSuchMethodError'{0x000000070a9c2cc8}: 'java.lang.Object java.lang.invoke.DirectMethodHandle$Holder.invokeVirtual(java.lang.Object, java.lang.Object, long)'> (0x000000070a9c2cc8) 
thrown [s\open\src\hotspot\share\interpreter\linkResolver.cpp, line 774]
Event: 3.570 Thread 0x0000025bb7e48c00 Exception <a 'sun/nio/fs/WindowsException'{0x00000007099ecc40}> (0x00000007099ecc40) 
thrown [s\open\src\hotspot\share\prims\jni.cpp, line 517]
Event: 3.570 Thread 0x0000025bb7e48c00 Exception <a 'sun/nio/fs/WindowsException'{0x00000007099ecf00}> (0x00000007099ecf00) 
thrown [s\open\src\hotspot\share\prims\jni.cpp, line 517]
Event: 3.570 Thread 0x0000025bb7e48c00 Exception <a 'sun/nio/fs/WindowsException'{0x00000007099ede00}> (0x00000007099ede00) 
thrown [s\open\src\hotspot\share\prims\jni.cpp, line 517]
Event: 3.570 Thread 0x0000025bb7e48c00 Exception <a 'sun/nio/fs/WindowsException'{0x00000007099ee150}> (0x00000007099ee150) 
thrown [s\open\src\hotspot\share\prims\jni.cpp, line 517]
Event: 3.570 Thread 0x0000025bb7e48c00 Exception <a 'sun/nio/fs/WindowsException'{0x00000007099ef130}> (0x00000007099ef130) 
thrown [s\open\src\hotspot\share\prims\jni.cpp, line 517]
Event: 3.571 Thread 0x0000025bb7e48c00 Exception <a 'sun/nio/fs/WindowsException'{0x00000007099ef400}> (0x00000007099ef400) 
thrown [s\open\src\hotspot\share\prims\jni.cpp, line 517]
Event: 3.638 Thread 0x0000025bb7e48c00 Exception <a 'sun/nio/fs/WindowsException'{0x000000070a827280}> (0x000000070a827280) 
thrown [s\open\src\hotspot\share\prims\jni.cpp, line 517]
Event: 3.638 Thread 0x0000025bb7e48c00 Exception <a 'sun/nio/fs/WindowsException'{0x000000070a827540}> (0x000000070a827540) 
thrown [s\open\src\hotspot\share\prims\jni.cpp, line 517]
Event: 3.638 Thread 0x0000025bb7e48c00 Exception <a 'sun/nio/fs/WindowsException'{0x000000070a828440}> (0x000000070a828440) 
thrown [s\open\src\hotspot\share\prims\jni.cpp, line 517]
Event: 3.638 Thread 0x0000025bb7e48c00 Exception <a 'sun/nio/fs/WindowsException'{0x000000070a828790}> (0x000000070a828790) 
thrown [s\open\src\hotspot\share\prims\jni.cpp, line 517]
Event: 3.638 Thread 0x0000025bb7e48c00 Exception <a 'sun/nio/fs/WindowsException'{0x000000070a829770}> (0x000000070a829770) 
thrown [s\open\src\hotspot\share\prims\jni.cpp, line 517]
Event: 3.638 Thread 0x0000025bb7e48c00 Exception <a 'sun/nio/fs/WindowsException'{0x000000070a829a40}> (0x000000070a829a40) 
thrown [s\open\src\hotspot\share\prims\jni.cpp, line 517]

VM Operations (20 events):
Event: 2.566 Executing VM operation: HandshakeAllThreads done
Event: 2.570 Executing VM operation: G1PauseCleanup
Event: 2.571 Executing VM operation: G1PauseCleanup done
Event: 2.639 Executing VM operation: ICBufferFull
Event: 2.639 Executing VM operation: ICBufferFull done
Event: 2.998 Executing VM operation: G1CollectForAllocation
Event: 3.004 Executing VM operation: G1CollectForAllocation done
Event: 3.024 Executing VM operation: G1CollectForAllocation
Event: 3.029 Executing VM operation: G1CollectForAllocation done
Event: 3.181 Executing VM operation: G1CollectForAllocation
Event: 3.182 Executing VM operation: G1CollectForAllocation done
Event: 3.387 Executing VM operation: G1CollectForAllocation
Event: 3.389 Executing VM operation: G1CollectForAllocation done
Event: 3.488 Executing VM operation: G1CollectForAllocation
Event: 3.492 Executing VM operation: G1CollectForAllocation done
Event: 3.511 Executing VM operation: HandshakeAllThreads
Event: 3.511 Executing VM operation: HandshakeAllThreads done
Event: 3.571 Executing VM operation: G1CollectForAllocation
Event: 3.575 Executing VM operation: G1CollectForAllocation done
Event: 3.676 Executing VM operation: G1CollectForAllocation

Events (20 events):
Event: 2.269 Thread 0x0000025bdafbb880 flushing nmethod 0x0000025bc08dbc90
Event: 2.269 Thread 0x0000025bdafbb880 flushing nmethod 0x0000025bc08dc290
Event: 2.269 Thread 0x0000025bdafbb880 flushing nmethod 0x0000025bc090ff10
Event: 2.269 Thread 0x0000025bdafbb880 flushing nmethod 0x0000025bc0915a90
Event: 2.269 Thread 0x0000025bdafbb880 flushing nmethod 0x0000025bc0915e10
Event: 2.269 Thread 0x0000025bdafbb880 flushing nmethod 0x0000025bc0935990
Event: 2.269 Thread 0x0000025bdafbb880 flushing nmethod 0x0000025bc0936410
Event: 2.269 Thread 0x0000025bdafbb880 flushing nmethod 0x0000025bc0936910
Event: 2.269 Thread 0x0000025bdafbb880 flushing nmethod 0x0000025bc0936e10
Event: 2.269 Thread 0x0000025bdafbb880 flushing nmethod 0x0000025bc0937510
Event: 2.269 Thread 0x0000025bdafbb880 flushing nmethod 0x0000025bc0937d10
Event: 2.269 Thread 0x0000025bdafbb880 flushing nmethod 0x0000025bc0939890
Event: 2.269 Thread 0x0000025bdafbb880 flushing nmethod 0x0000025bc0939e10
Event: 2.269 Thread 0x0000025bdafbb880 flushing nmethod 0x0000025bc093c010
Event: 2.269 Thread 0x0000025bdafbb880 flushing nmethod 0x0000025bc093f790
Event: 2.269 Thread 0x0000025bdafbb880 flushing nmethod 0x0000025bc0940210
Event: 2.269 Thread 0x0000025bdafbb880 flushing nmethod 0x0000025bc0940d10
Event: 2.269 Thread 0x0000025bdafbb880 flushing nmethod 0x0000025bc0942290
Event: 2.269 Thread 0x0000025bdafbb880 flushing nmethod 0x0000025bc0942f90
Event: 3.518 Thread 0x0000025bdafbb880 flushing nmethod 0x0000025bc0366a90


Dynamic libraries:
0x00007ff73da80000 - 0x00007ff73da90000 	C:\Program Files\Java\jdk-19\bin\java.exe
0x00007ff939f30000 - 0x00007ff93a144000 	C:\WINDOWS\SYSTEM32\ntdll.dll
0x00007ff9393f0000 - 0x00007ff9394b2000 	C:\WINDOWS\System32\KERNEL32.DLL
0x00007ff9377a0000 - 0x00007ff937b43000 	C:\WINDOWS\System32\KERNELBASE.dll
0x00007ff937300000 - 0x00007ff937411000 	C:\WINDOWS\System32\ucrtbase.dll
0x00007ff92ef10000 - 0x00007ff92ef2b000 	C:\Program Files\Java\jdk-19\bin\VCRUNTIME140.dll
0x00007ff92eef0000 - 0x00007ff92ef08000 	C:\Program Files\Java\jdk-19\bin\jli.dll
0x00007ff9397c0000 - 0x00007ff93986e000 	C:\WINDOWS\System32\ADVAPI32.dll
0x00007ff938f00000 - 0x00007ff938fa7000 	C:\WINDOWS\System32\msvcrt.dll
0x00007ff937ce0000 - 0x00007ff937d84000 	C:\WINDOWS\System32\sechost.dll
0x00007ff9392a0000 - 0x00007ff9393b7000 	C:\WINDOWS\System32\RPCRT4.dll
0x00007ff918920000 - 0x00007ff918bae000 	C:\WINDOWS\WinSxS\amd64_microsoft.windows.common-controls_6595b64144ccf1df_6.0.22621.1635_none_270f70857386168e\COMCTL32.dll
0x00007ff9390b0000 - 0x00007ff93925a000 	C:\WINDOWS\System32\USER32.dll
0x00007ff939790000 - 0x00007ff9397b9000 	C:\WINDOWS\System32\GDI32.dll
0x00007ff937420000 - 0x00007ff937446000 	C:\WINDOWS\System32\win32u.dll
0x00007ff937b50000 - 0x00007ff937c69000 	C:\WINDOWS\System32\gdi32full.dll
0x00007ff937450000 - 0x00007ff9374ea000 	C:\WINDOWS\System32\msvcp_win.dll
0x00007ff92fc30000 - 0x00007ff92fc3a000 	C:\WINDOWS\SYSTEM32\VERSION.dll
0x00007ff939260000 - 0x00007ff939291000 	C:\WINDOWS\System32\IMM32.DLL
0x00007ff92eee0000 - 0x00007ff92eeec000 	C:\Program Files\Java\jdk-19\bin\vcruntime140_1.dll
0x00007ff8ce670000 - 0x00007ff8ce6fe000 	C:\Program Files\Java\jdk-19\bin\msvcp140.dll
0x00007ff8cd9b0000 - 0x00007ff8ce670000 	C:\Program Files\Java\jdk-19\bin\server\jvm.dll
0x00007ff92d400000 - 0x00007ff92d434000 	C:\WINDOWS\SYSTEM32\WINMM.dll
0x00007ff931b80000 - 0x00007ff931b89000 	C:\WINDOWS\SYSTEM32\WSOCK32.dll
0x00007ff939640000 - 0x00007ff9396b1000 	C:\WINDOWS\System32\WS2_32.dll
0x00007ff936430000 - 0x00007ff936448000 	C:\WINDOWS\SYSTEM32\kernel.appcore.dll
0x00007ff917950000 - 0x00007ff91795a000 	C:\Program Files\Java\jdk-19\bin\jimage.dll
0x00007ff934750000 - 0x00007ff93497e000 	C:\WINDOWS\SYSTEM32\DBGHELP.DLL
0x00007ff938b70000 - 0x00007ff938ef9000 	C:\WINDOWS\System32\combase.dll
0x00007ff9394c0000 - 0x00007ff939597000 	C:\WINDOWS\System32\OLEAUT32.dll
0x00007ff931d90000 - 0x00007ff931dc2000 	C:\WINDOWS\SYSTEM32\dbgcore.DLL
0x00007ff9374f0000 - 0x00007ff93756a000 	C:\WINDOWS\System32\bcryptPrimitives.dll
0x00007ff924c20000 - 0x00007ff924c2e000 	C:\Program Files\Java\jdk-19\bin\instrument.dll
0x00007ff8d28d0000 - 0x00007ff8d28f6000 	C:\Program Files\Java\jdk-19\bin\java.dll
0x00007ff8cd5d0000 - 0x00007ff8cd6a7000 	C:\Program Files\Java\jdk-19\bin\jsvml.dll
0x00007ff938020000 - 0x00007ff938819000 	C:\WINDOWS\System32\SHELL32.dll
0x00007ff9352c0000 - 0x00007ff935b8e000 	C:\WINDOWS\SYSTEM32\windows.storage.dll
0x00007ff935180000 - 0x00007ff9352be000 	C:\WINDOWS\SYSTEM32\wintypes.dll
0x00007ff938a70000 - 0x00007ff938b61000 	C:\WINDOWS\System32\SHCORE.dll
0x00007ff937f30000 - 0x00007ff937f8e000 	C:\WINDOWS\System32\shlwapi.dll
0x00007ff937230000 - 0x00007ff937256000 	C:\WINDOWS\SYSTEM32\profapi.dll
0x00007ff8cd060000 - 0x00007ff8cd078000 	C:\Program Files\Java\jdk-19\bin\zip.dll
0x00007ff8cd470000 - 0x00007ff8cd483000 	C:\Program Files\Java\jdk-19\bin\net.dll
0x00007ff92eff0000 - 0x00007ff92f127000 	C:\WINDOWS\SYSTEM32\WINHTTP.dll
0x00007ff9368b0000 - 0x00007ff936919000 	C:\WINDOWS\system32\mswsock.dll
0x00007ff8cd450000 - 0x00007ff8cd466000 	C:\Program Files\Java\jdk-19\bin\nio.dll
0x00007ff924650000 - 0x00007ff92466a000 	C:\Program Files\JetBrains\IntelliJ IDEA 2022.1.2\bin\breakgen64.dll
0x00007ff911960000 - 0x00007ff911968000 	C:\Program Files\Java\jdk-19\bin\extnet.dll
0x0000000069ac0000 - 0x0000000069ae4000 	C:\Users\99293\AppData\Local\Temp\jansi-2.4.0-eacb21a56feacda5-jansi.dll
0x00007ff910f60000 - 0x00007ff910f70000 	C:\Program Files\Java\jdk-19\bin\verify.dll

dbghelp: loaded successfully - version: 4.0.5 - missing functions: none
symbol engine: initialized successfully - sym options: 0x614 - pdb path: .;C:\Program Files\Java\jdk-19\bin;C:\WINDOWS\SYSTEM32;C:\WINDOWS\WinSxS\amd64_microsoft.windows.common-controls_6595b64144ccf1df_6.0.22621.1635_none_270f70857386168e;C:\Program Files\Java\jdk-19\bin\server;C:\Program Files\JetBrains\IntelliJ IDEA 2022.1.2\bin;C:\Users\99293\AppData\Local\Temp

VM Arguments:
jvm_args: -Dmaven.multiModuleProjectDirectory=D:\unitedStates duplicates original -Dmaven.home=C:\Users\99293\.m2\wrapper\dists\apache-maven-3.8.6-bin\1ks0nkde5v1pk9vtc31i9d0lcd\apache-maven-3.8.6 -Dclassworlds.conf=C:\Users\99293\.m2\wrapper\dists\apache-maven-3.8.6-bin\1ks0nkde5v1pk9vtc31i9d0lcd\apache-maven-3.8.6\bin\m2.conf -Dmaven.ext.class.path=C:\Program Files\JetBrains\IntelliJ IDEA 2022.1.2\plugins\maven\lib\maven-event-listener.jar -javaagent:C:\Program Files\JetBrains\IntelliJ IDEA 2022.1.2\lib\idea_rt.jar=57461:C:\Program Files\JetBrains\IntelliJ IDEA 2022.1.2\bin -Dfile.encoding=UTF-8 
java_command: org.codehaus.classworlds.Launcher -Didea.version=2022.1.2 package
java_class_path (initial): C:\Users\99293\.m2\wrapper\dists\apache-maven-3.8.6-bin\1ks0nkde5v1pk9vtc31i9d0lcd\apache-maven-3.8.6\boot\plexus-classworlds-2.6.0.jar;C:\Users\99293\.m2\wrapper\dists\apache-maven-3.8.6-bin\1ks0nkde5v1pk9vtc31i9d0lcd\apache-maven-3.8.6\boot\plexus-classworlds.license
Launcher Type: SUN_STANDARD

[Global flags]
     intx CICompilerCount                          = 12                                        {product} {ergonomic}
     uint ConcGCThreads                            = 3                                         {product} {ergonomic}
     uint G1ConcRefinementThreads                  = 13                                        {product} {ergonomic}
   size_t G1HeapRegionSize                         = 2097152                                   {product} {ergonomic}
    uintx GCDrainStackTargetSize                   = 64                                        {product} {ergonomic}
   size_t InitialHeapSize                          = 264241152                                 {product} {ergonomic}
   size_t MarkStackSize                            = 4194304                                   {product} {ergonomic}
   size_t MaxHeapSize                              = 4196401152                                {product} {ergonomic}
   size_t MaxNewSize                               = 2516582400                                {product} {ergonomic}
   size_t MinHeapDeltaBytes                        = 2097152                                   {product} {ergonomic}
   size_t MinHeapSize                              = 8388608                                   {product} {ergonomic}
    uintx NonNMethodCodeHeapSize                   = 7602480                                {pd product} {ergonomic}
    uintx NonProfiledCodeHeapSize                  = 122027880                              {pd product} {ergonomic}
    uintx ProfiledCodeHeapSize                     = 122027880                              {pd product} {ergonomic}
    uintx ReservedCodeCacheSize                    = 251658240                              {pd product} {ergonomic}
     bool SegmentedCodeCache                       = true                                      {product} {ergonomic}
   size_t SoftMaxHeapSize                          = 4196401152                             {manageable} {ergonomic}
     bool UseCompressedClassPointers               = true                           {product lp64_product} {ergonomic}
     bool UseCompressedOops                        = true                           {product lp64_product} {ergonomic}
     bool UseG1GC                                  = true                                      {product} {ergonomic}
     bool UseLargePagesIndividualAllocation        = false                                  {pd product} {ergonomic}

Logging:
Log output configuration:
 #0: stdout all=warning uptime,level,tags foldmultilines=false
 #1: stderr all=off uptime,level,tags foldmultilines=false

Environment Variables:
PATH=C:\Program Files\Common Files\Oracle\Java\javapath;C:\Windows\system32;C:\Windows;C:\Windows\System32\Wbem;C:\Windows\System32\WindowsPowerShell\v1.0\;C:\Windows\System32\OpenSSH\;C:\Program Files (x86)\NVIDIA Corporation\PhysX\Common;C:\Program Files\NVIDIA Corporation\NVIDIA NvDLISR;C:\Program Files\Git\cmd;C:\Program Files (x86)\dotnet\;%SystemRoot%\system32;%SystemRoot%;%SystemRoot%\System32\Wbem;%SYSTEMROOT%\System32\WindowsPowerShell\v1.0\;%SYSTEMROOT%\System32\OpenSSH\;C:\Users\99293\AppData\Local\Programs\Python\Python311\Scripts\;C:\Users\99293\AppData\Local\Programs\Python\Python311\;C:\Users\99293\AppData\Local\Microsoft\WindowsApps;;C:\Program Files\JetBrains\IntelliJ IDEA 2022.1.2\bin;;C:\Program Files\heroku\bin
USERNAME=ASUS
OS=Windows_NT
PROCESSOR_IDENTIFIER=Intel64 Family 6 Model 154 Stepping 3, GenuineIntel
TMP=C:\Users\99293\AppData\Local\Temp
TEMP=C:\Users\99293\AppData\Local\Temp



---------------  S Y S T E M  ---------------

OS:
 Windows 11 , 64 bit Build 22621 (10.0.22621.1928)
OS uptime: 0 days 23:19 hours
Hyper-V role detected

CPU: total 16 (initial active 16) (8 cores per cpu, 2 threads per core) family 6 model 154 stepping 3 microcode 0x41c, cx8, cmov, fxsr, ht, mmx, 3dnowpref, sse, sse2, sse3, ssse3, sse4.1, sse4.2, popcnt, lzcnt, tsc, tscinvbit, avx, avx2, aes, erms, clmul, bmi1, bmi2, adx, sha, fma, vzeroupper, clflush, clflushopt, clwb, hv, serialize, rdtscp, rdpid, fsrm

Memory: 4k page, system-wide physical 16005M (3300M free)
TotalPageFile size 18053M (AvailPageFile size 22M)
current process WorkingSet (physical memory assigned to process): 365M, peak: 371M
current process commit charge ("private bytes"): 447M, peak: 508M

vm_info: Java HotSpot(TM) 64-Bit Server VM (19.0.2+7-44) for windows-amd64 JRE (19.0.2+7-44), built on 2022-11-30T18:02:09Z by "mach5one" with MS VC++ 17.1 (VS2022)

END.
