#
# There is insufficient memory for the Java Runtime Environment to continue.
# Native memory allocation (malloc) failed to allocate 32744 bytes for Chunk::new
# Possible reasons:
#   The system is out of physical RAM or swap space
#   The process is running with CompressedOops enabled, and the Java Heap may be blocking the growth of the native heap
# Possible solutions:
#   Reduce memory load on the system
#   Increase physical memory or swap space
#   Check if swap backing store is full
#   Decrease Java heap size (-Xmx/-Xms)
#   Decrease number of Java threads
#   Decrease Java thread stack sizes (-Xss)
#   Set larger code cache with -XX:ReservedCodeCacheSize=
#   JVM is running with Zero Based Compressed Oops mode in which the Java heap is
#     placed in the first 32GB address space. The Java Heap base address is the
#     maximum limit for the native heap growth. Please use -XX:HeapBaseMinAddress
#     to set the Java Heap base and to place the Java Heap above 32GB virtual address.
# This output file may be truncated or incomplete.
#
#  Out of Memory Error (arena.cpp:184), pid=7352, tid=19400
#
# JRE version: Java(TM) SE Runtime Environment (19.0.2+7) (build 19.0.2+7-44)
# Java VM: Java HotSpot(TM) 64-Bit Server VM (19.0.2+7-44, mixed mode, sharing, tiered, compressed oops, compressed class ptrs, g1 gc, windows-amd64)
# No core dump will be written. Minidumps are not enabled by default on client versions of Windows
#

---------------  S U M M A R Y ------------

Command Line: -Dmaven.multiModuleProjectDirectory=D:\unitedStates duplicates original -Dmaven.home=C:\Users\99293\.m2\wrapper\dists\apache-maven-3.8.6-bin\1ks0nkde5v1pk9vtc31i9d0lcd\apache-maven-3.8.6 -Dclassworlds.conf=C:\Users\99293\.m2\wrapper\dists\apache-maven-3.8.6-bin\1ks0nkde5v1pk9vtc31i9d0lcd\apache-maven-3.8.6\bin\m2.conf -Dmaven.ext.class.path=C:\Program Files\JetBrains\IntelliJ IDEA 2022.1.2\plugins\maven\lib\maven-event-listener.jar -javaagent:C:\Program Files\JetBrains\IntelliJ IDEA 2022.1.2\lib\idea_rt.jar=53718:C:\Program Files\JetBrains\IntelliJ IDEA 2022.1.2\bin -Dfile.encoding=UTF-8 org.codehaus.classworlds.Launcher -Didea.version=2022.1.2 package

Host: 12th Gen Intel(R) Core(TM) i7-12650H, 16 cores, 15G,  Windows 11 , 64 bit Build 22621 (10.0.22621.1928)
Time: Wed Aug  9 16:04:42 2023  Windows 11 , 64 bit Build 22621 (10.0.22621.1928) elapsed time: 0.334737 seconds (0d 0h 0m 0s)

---------------  T H R E A D  ---------------

Current thread (0x0000027a607ad9d0):  JavaThread "C2 CompilerThread4" daemon [_thread_in_native, id=19400, stack(0x0000007d06700000,0x0000007d06800000)]


Current CompileTask:
C2:    334 1170       4       sun.nio.cs.StreamDecoder::implRead (243 bytes)

Stack: [0x0000007d06700000,0x0000007d06800000]
Native frames: (J=compiled Java code, j=interpreted, Vv=VM code, C=native code)
V  [jvm.dll+0x6ee21a]
V  [jvm.dll+0x85765e]
V  [jvm.dll+0x85904e]
V  [jvm.dll+0x859703]
V  [jvm.dll+0x28298f]
V  [jvm.dll+0xc9adf]
V  [jvm.dll+0xc9e65]
V  [jvm.dll+0x679f4e]
V  [jvm.dll+0x67a0ef]
V  [jvm.dll+0x67a0ef]
V  [jvm.dll+0x67fbfc]
V  [jvm.dll+0x680c0c]
V  [jvm.dll+0x67f064]
V  [jvm.dll+0x24c25e]
V  [jvm.dll+0x24b781]
V  [jvm.dll+0x1d6ce1]
V  [jvm.dll+0x25b25a]
V  [jvm.dll+0x2596e8]
V  [jvm.dll+0x807588]
V  [jvm.dll+0x80125a]
V  [jvm.dll+0x6ecf0b]
C  [ucrtbase.dll+0x29363]
C  [KERNEL32.DLL+0x126ad]
C  [ntdll.dll+0x5aa68]


---------------  P R O C E S S  ---------------

Threads class SMR info:
_java_thread_list=0x0000027a607cf290, length=23, elements={
0x0000027a37b38470, 0x0000027a5b7b02f0, 0x0000027a5b7b0a30, 0x0000027a5b7b4190,
0x0000027a5b7baf60, 0x0000027a5b7bb4a0, 0x0000027a5b7bd9f0, 0x0000027a5b7be260,
0x0000027a5b7c9cf0, 0x0000027a5b7ce290, 0x0000027a5f9a8fd0, 0x0000027a5fa3f490,
0x0000027a5b7de510, 0x0000027a5fa45a40, 0x0000027a5fa4a310, 0x0000027a5fb230f0,
0x0000027a5fb25e50, 0x0000027a60571300, 0x0000027a60571d00, 0x0000027a607ad9d0,
0x0000027a607d0540, 0x0000027a608de6d0, 0x0000027a608df4e0
}

Java Threads: ( => current thread )
  0x0000027a37b38470 JavaThread "main" [_thread_in_Java, id=3292, stack(0x0000007d04d00000,0x0000007d04e00000)]
  0x0000027a5b7b02f0 JavaThread "Reference Handler" daemon [_thread_in_vm, id=11888, stack(0x0000007d05400000,0x0000007d05500000)]
  0x0000027a5b7b0a30 JavaThread "Finalizer" daemon [_thread_blocked, id=15960, stack(0x0000007d05500000,0x0000007d05600000)]
  0x0000027a5b7b4190 JavaThread "Signal Dispatcher" daemon [_thread_blocked, id=4572, stack(0x0000007d05600000,0x0000007d05700000)]
  0x0000027a5b7baf60 JavaThread "Attach Listener" daemon [_thread_blocked, id=14804, stack(0x0000007d05700000,0x0000007d05800000)]
  0x0000027a5b7bb4a0 JavaThread "Service Thread" daemon [_thread_blocked, id=13588, stack(0x0000007d05800000,0x0000007d05900000)]
  0x0000027a5b7bd9f0 JavaThread "Monitor Deflation Thread" daemon [_thread_blocked, id=4944, stack(0x0000007d05900000,0x0000007d05a00000)]
  0x0000027a5b7be260 JavaThread "C2 CompilerThread0" daemon [_thread_in_native, id=10312, stack(0x0000007d05a00000,0x0000007d05b00000)]
  0x0000027a5b7c9cf0 JavaThread "C1 CompilerThread0" daemon [_thread_blocked, id=5108, stack(0x0000007d05b00000,0x0000007d05c00000)]
  0x0000027a5b7ce290 JavaThread "Sweeper thread" daemon [_thread_blocked, id=3232, stack(0x0000007d05c00000,0x0000007d05d00000)]
  0x0000027a5f9a8fd0 JavaThread "C1 CompilerThread1" daemon [_thread_blocked, id=17380, stack(0x0000007d05d00000,0x0000007d05e00000)]
  0x0000027a5fa3f490 JavaThread "Common-Cleaner" daemon [_thread_in_vm, id=3476, stack(0x0000007d05e00000,0x0000007d05f00000)]
  0x0000027a5b7de510 JavaThread "C1 CompilerThread2" daemon [_thread_blocked, id=5264, stack(0x0000007d05f00000,0x0000007d06000000)]
  0x0000027a5fa45a40 JavaThread "C1 CompilerThread3" daemon [_thread_blocked, id=20436, stack(0x0000007d06000000,0x0000007d06100000)]
  0x0000027a5fa4a310 JavaThread "C2 CompilerThread1" daemon [_thread_in_native, id=1704, stack(0x0000007d06100000,0x0000007d06200000)]
  0x0000027a5fb230f0 JavaThread "Monitor Ctrl-Break" daemon [_thread_in_native, id=10272, stack(0x0000007d06200000,0x0000007d06300000)]
  0x0000027a5fb25e50 JavaThread "Notification Thread" daemon [_thread_blocked, id=8204, stack(0x0000007d06300000,0x0000007d06400000)]
  0x0000027a60571300 JavaThread "C2 CompilerThread2" daemon [_thread_in_native, id=5952, stack(0x0000007d06500000,0x0000007d06600000)]
  0x0000027a60571d00 JavaThread "C2 CompilerThread3" daemon [_thread_in_native, id=5028, stack(0x0000007d06600000,0x0000007d06700000)]
=>0x0000027a607ad9d0 JavaThread "C2 CompilerThread4" daemon [_thread_in_native, id=19400, stack(0x0000007d06700000,0x0000007d06800000)]
  0x0000027a607d0540 JavaThread "C2 CompilerThread5" daemon [_thread_in_native, id=18980, stack(0x0000007d06800000,0x0000007d06900000)]
  0x0000027a608de6d0 JavaThread "C2 CompilerThread6" daemon [_thread_in_native, id=13420, stack(0x0000007d06900000,0x0000007d06a00000)]
  0x0000027a608df4e0 JavaThread "C2 CompilerThread7" daemon [_thread_in_native, id=14376, stack(0x0000007d06a00000,0x0000007d06b00000)]

Other Threads:
  0x0000027a5b794190 VMThread "VM Thread" [stack: 0x0000007d05300000,0x0000007d05400000] [id=18412]
  0x0000027a5fb29ad0 WatcherThread "VM Periodic Task Thread" [stack: 0x0000007d06400000,0x0000007d06500000] [id=176]
  0x0000027a37baaf40 WorkerThread "GC Thread#0" [stack: 0x0000007d04e00000,0x0000007d04f00000] [id=13884]
  0x0000027a37bbbac0 ConcurrentGCThread "G1 Main Marker" [stack: 0x0000007d04f00000,0x0000007d05000000] [id=8576]
  0x0000027a37bbd410 WorkerThread "G1 Conc#0" [stack: 0x0000007d05000000,0x0000007d05100000] [id=13956]
  0x0000027a5b64bc90 ConcurrentGCThread "G1 Refine#0" [stack: 0x0000007d05100000,0x0000007d05200000] [id=3936]
  0x0000027a5b64e300 ConcurrentGCThread "G1 Service" [stack: 0x0000007d05200000,0x0000007d05300000] [id=15628]

Threads with active compile tasks:
C2 CompilerThread0      346 1150       4       sun.nio.cs.StreamDecoder::lockedRead (189 bytes)
C2 CompilerThread1      346 1149   !   4       sun.nio.cs.StreamDecoder::read (78 bytes)
C2 CompilerThread2      346 1154       4       java.io.InputStreamReader::read (11 bytes)
C2 CompilerThread3      346 1153       4       org.codehaus.plexus.util.xml.XmlReader::read (11 bytes)
C2 CompilerThread4      346 1170       4       sun.nio.cs.StreamDecoder::implRead (243 bytes)
C2 CompilerThread5      346 1155       4       org.codehaus.plexus.util.InterpolationFilterReader::read (477 bytes)
C2 CompilerThread6      346 1156       4       java.io.Reader::read (21 bytes)
C2 CompilerThread7      346 1173       4       java.nio.Buffer::<init> (105 bytes)

VM state: not at safepoint (normal execution)

VM Mutex/Monitor currently owned by a thread:  ([mutex/lock_event])
[0x0000027a37b32740] Metaspace_lock - owner thread: 0x0000027a5fa3f490

Heap address: 0x0000000705e00000, size: 4002 MB, Compressed Oops mode: Zero based, Oop shift amount: 3

CDS archive(s) mapped at: [0x0000000800000000-0x0000000800c40000-0x0000000800c40000), size 12845056, SharedBaseAddress: 0x0000000800000000, ArchiveRelocationMode: 0.
Compressed class space mapped at: 0x0000000801000000-0x0000000841000000, reserved size: 1073741824
Narrow klass base: 0x0000000800000000, Narrow klass shift: 0, Narrow klass range: 0x100000000

GC Precious Log:
 CardTable entry size: 512
 Card Set container configuration: InlinePtr #cards 4 size 8 Array Of Cards #cards 16 size 48 Howl #buckets 8 coarsen threshold 3686 Howl Bitmap #cards 512 size 80 coarsen threshold 460 Card regions per heap region 1 cards per card region 4096
 CPUs: 16 total, 16 available
 Memory: 16005M
 Large Page Support: Disabled
 NUMA Support: Disabled
 Compressed Oops: Enabled (Zero based)
 Heap Region Size: 2M
 Heap Min Capacity: 8M
 Heap Initial Capacity: 252M
 Heap Max Capacity: 4002M
 Pre-touch: Disabled
 Parallel Workers: 13
 Concurrent Workers: 3
 Concurrent Refinement Workers: 13
 Periodic GC: Disabled

Heap:
 garbage-first heap   total 258048K, used 3712K [0x0000000705e00000, 0x0000000800000000)
  region size 2048K, 3 young (6144K), 2 survivors (4096K)
 Metaspace       used 5324K, committed 5440K, reserved 1114112K
  class space    used 584K, committed 640K, reserved 1048576K

Heap Regions: E=young(eden), S=young(survivor), O=old, HS=humongous(starts), HC=humongous(continues), CS=collection set, F=free, OA=open archive, CA=closed archive, TAMS=top-at-mark-start (previous, next)
|   0|0x0000000705e00000, 0x0000000705e00000, 0x0000000706000000|  0%| F|  |TAMS 0x0000000705e00000, 0x0000000705e00000| Untracked 
|   1|0x0000000706000000, 0x0000000706000000, 0x0000000706200000|  0%| F|  |TAMS 0x0000000706000000, 0x0000000706000000| Untracked 
|   2|0x0000000706200000, 0x0000000706200000, 0x0000000706400000|  0%| F|  |TAMS 0x0000000706200000, 0x0000000706200000| Untracked 
|   3|0x0000000706400000, 0x0000000706400000, 0x0000000706600000|  0%| F|  |TAMS 0x0000000706400000, 0x0000000706400000| Untracked 
|   4|0x0000000706600000, 0x0000000706600000, 0x0000000706800000|  0%| F|  |TAMS 0x0000000706600000, 0x0000000706600000| Untracked 
|   5|0x0000000706800000, 0x0000000706800000, 0x0000000706a00000|  0%| F|  |TAMS 0x0000000706800000, 0x0000000706800000| Untracked 
|   6|0x0000000706a00000, 0x0000000706a00000, 0x0000000706c00000|  0%| F|  |TAMS 0x0000000706a00000, 0x0000000706a00000| Untracked 
|   7|0x0000000706c00000, 0x0000000706c00000, 0x0000000706e00000|  0%| F|  |TAMS 0x0000000706c00000, 0x0000000706c00000| Untracked 
|   8|0x0000000706e00000, 0x0000000706e00000, 0x0000000707000000|  0%| F|  |TAMS 0x0000000706e00000, 0x0000000706e00000| Untracked 
|   9|0x0000000707000000, 0x0000000707000000, 0x0000000707200000|  0%| F|  |TAMS 0x0000000707000000, 0x0000000707000000| Untracked 
|  10|0x0000000707200000, 0x0000000707200000, 0x0000000707400000|  0%| F|  |TAMS 0x0000000707200000, 0x0000000707200000| Untracked 
|  11|0x0000000707400000, 0x0000000707400000, 0x0000000707600000|  0%| F|  |TAMS 0x0000000707400000, 0x0000000707400000| Untracked 
|  12|0x0000000707600000, 0x0000000707600000, 0x0000000707800000|  0%| F|  |TAMS 0x0000000707600000, 0x0000000707600000| Untracked 
|  13|0x0000000707800000, 0x0000000707800000, 0x0000000707a00000|  0%| F|  |TAMS 0x0000000707800000, 0x0000000707800000| Untracked 
|  14|0x0000000707a00000, 0x0000000707a00000, 0x0000000707c00000|  0%| F|  |TAMS 0x0000000707a00000, 0x0000000707a00000| Untracked 
|  15|0x0000000707c00000, 0x0000000707c00000, 0x0000000707e00000|  0%| F|  |TAMS 0x0000000707c00000, 0x0000000707c00000| Untracked 
|  16|0x0000000707e00000, 0x0000000707e00000, 0x0000000708000000|  0%| F|  |TAMS 0x0000000707e00000, 0x0000000707e00000| Untracked 
|  17|0x0000000708000000, 0x0000000708000000, 0x0000000708200000|  0%| F|  |TAMS 0x0000000708000000, 0x0000000708000000| Untracked 
|  18|0x0000000708200000, 0x0000000708200000, 0x0000000708400000|  0%| F|  |TAMS 0x0000000708200000, 0x0000000708200000| Untracked 
|  19|0x0000000708400000, 0x0000000708400000, 0x0000000708600000|  0%| F|  |TAMS 0x0000000708400000, 0x0000000708400000| Untracked 
|  20|0x0000000708600000, 0x0000000708600000, 0x0000000708800000|  0%| F|  |TAMS 0x0000000708600000, 0x0000000708600000| Untracked 
|  21|0x0000000708800000, 0x0000000708800000, 0x0000000708a00000|  0%| F|  |TAMS 0x0000000708800000, 0x0000000708800000| Untracked 
|  22|0x0000000708a00000, 0x0000000708a00000, 0x0000000708c00000|  0%| F|  |TAMS 0x0000000708a00000, 0x0000000708a00000| Untracked 
|  23|0x0000000708c00000, 0x0000000708c00000, 0x0000000708e00000|  0%| F|  |TAMS 0x0000000708c00000, 0x0000000708c00000| Untracked 
|  24|0x0000000708e00000, 0x0000000708e00000, 0x0000000709000000|  0%| F|  |TAMS 0x0000000708e00000, 0x0000000708e00000| Untracked 
|  25|0x0000000709000000, 0x0000000709000000, 0x0000000709200000|  0%| F|  |TAMS 0x0000000709000000, 0x0000000709000000| Untracked 
|  26|0x0000000709200000, 0x0000000709200000, 0x0000000709400000|  0%| F|  |TAMS 0x0000000709200000, 0x0000000709200000| Untracked 
|  27|0x0000000709400000, 0x0000000709400000, 0x0000000709600000|  0%| F|  |TAMS 0x0000000709400000, 0x0000000709400000| Untracked 
|  28|0x0000000709600000, 0x0000000709600000, 0x0000000709800000|  0%| F|  |TAMS 0x0000000709600000, 0x0000000709600000| Untracked 
|  29|0x0000000709800000, 0x0000000709800000, 0x0000000709a00000|  0%| F|  |TAMS 0x0000000709800000, 0x0000000709800000| Untracked 
|  30|0x0000000709a00000, 0x0000000709a00000, 0x0000000709c00000|  0%| F|  |TAMS 0x0000000709a00000, 0x0000000709a00000| Untracked 
|  31|0x0000000709c00000, 0x0000000709c00000, 0x0000000709e00000|  0%| F|  |TAMS 0x0000000709c00000, 0x0000000709c00000| Untracked 
|  32|0x0000000709e00000, 0x0000000709e00000, 0x000000070a000000|  0%| F|  |TAMS 0x0000000709e00000, 0x0000000709e00000| Untracked 
|  33|0x000000070a000000, 0x000000070a000000, 0x000000070a200000|  0%| F|  |TAMS 0x000000070a000000, 0x000000070a000000| Untracked 
|  34|0x000000070a200000, 0x000000070a200000, 0x000000070a400000|  0%| F|  |TAMS 0x000000070a200000, 0x000000070a200000| Untracked 
|  35|0x000000070a400000, 0x000000070a400000, 0x000000070a600000|  0%| F|  |TAMS 0x000000070a400000, 0x000000070a400000| Untracked 
|  36|0x000000070a600000, 0x000000070a600000, 0x000000070a800000|  0%| F|  |TAMS 0x000000070a600000, 0x000000070a600000| Untracked 
|  37|0x000000070a800000, 0x000000070a800000, 0x000000070aa00000|  0%| F|  |TAMS 0x000000070a800000, 0x000000070a800000| Untracked 
|  38|0x000000070aa00000, 0x000000070aa00000, 0x000000070ac00000|  0%| F|  |TAMS 0x000000070aa00000, 0x000000070aa00000| Untracked 
|  39|0x000000070ac00000, 0x000000070ac00000, 0x000000070ae00000|  0%| F|  |TAMS 0x000000070ac00000, 0x000000070ac00000| Untracked 
|  40|0x000000070ae00000, 0x000000070ae00000, 0x000000070b000000|  0%| F|  |TAMS 0x000000070ae00000, 0x000000070ae00000| Untracked 
|  41|0x000000070b000000, 0x000000070b000000, 0x000000070b200000|  0%| F|  |TAMS 0x000000070b000000, 0x000000070b000000| Untracked 
|  42|0x000000070b200000, 0x000000070b200000, 0x000000070b400000|  0%| F|  |TAMS 0x000000070b200000, 0x000000070b200000| Untracked 
|  43|0x000000070b400000, 0x000000070b400000, 0x000000070b600000|  0%| F|  |TAMS 0x000000070b400000, 0x000000070b400000| Untracked 
|  44|0x000000070b600000, 0x000000070b600000, 0x000000070b800000|  0%| F|  |TAMS 0x000000070b600000, 0x000000070b600000| Untracked 
|  45|0x000000070b800000, 0x000000070b800000, 0x000000070ba00000|  0%| F|  |TAMS 0x000000070b800000, 0x000000070b800000| Untracked 
|  46|0x000000070ba00000, 0x000000070ba00000, 0x000000070bc00000|  0%| F|  |TAMS 0x000000070ba00000, 0x000000070ba00000| Untracked 
|  47|0x000000070bc00000, 0x000000070bc00000, 0x000000070be00000|  0%| F|  |TAMS 0x000000070bc00000, 0x000000070bc00000| Untracked 
|  48|0x000000070be00000, 0x000000070be00000, 0x000000070c000000|  0%| F|  |TAMS 0x000000070be00000, 0x000000070be00000| Untracked 
|  49|0x000000070c000000, 0x000000070c000000, 0x000000070c200000|  0%| F|  |TAMS 0x000000070c000000, 0x000000070c000000| Untracked 
|  50|0x000000070c200000, 0x000000070c200000, 0x000000070c400000|  0%| F|  |TAMS 0x000000070c200000, 0x000000070c200000| Untracked 
|  51|0x000000070c400000, 0x000000070c400000, 0x000000070c600000|  0%| F|  |TAMS 0x000000070c400000, 0x000000070c400000| Untracked 
|  52|0x000000070c600000, 0x000000070c600000, 0x000000070c800000|  0%| F|  |TAMS 0x000000070c600000, 0x000000070c600000| Untracked 
|  53|0x000000070c800000, 0x000000070c800000, 0x000000070ca00000|  0%| F|  |TAMS 0x000000070c800000, 0x000000070c800000| Untracked 
|  54|0x000000070ca00000, 0x000000070ca00000, 0x000000070cc00000|  0%| F|  |TAMS 0x000000070ca00000, 0x000000070ca00000| Untracked 
|  55|0x000000070cc00000, 0x000000070cc00000, 0x000000070ce00000|  0%| F|  |TAMS 0x000000070cc00000, 0x000000070cc00000| Untracked 
|  56|0x000000070ce00000, 0x000000070ce00000, 0x000000070d000000|  0%| F|  |TAMS 0x000000070ce00000, 0x000000070ce00000| Untracked 
|  57|0x000000070d000000, 0x000000070d000000, 0x000000070d200000|  0%| F|  |TAMS 0x000000070d000000, 0x000000070d000000| Untracked 
|  58|0x000000070d200000, 0x000000070d200000, 0x000000070d400000|  0%| F|  |TAMS 0x000000070d200000, 0x000000070d200000| Untracked 
|  59|0x000000070d400000, 0x000000070d400000, 0x000000070d600000|  0%| F|  |TAMS 0x000000070d400000, 0x000000070d400000| Untracked 
|  60|0x000000070d600000, 0x000000070d600000, 0x000000070d800000|  0%| F|  |TAMS 0x000000070d600000, 0x000000070d600000| Untracked 
|  61|0x000000070d800000, 0x000000070d800000, 0x000000070da00000|  0%| F|  |TAMS 0x000000070d800000, 0x000000070d800000| Untracked 
|  62|0x000000070da00000, 0x000000070da00000, 0x000000070dc00000|  0%| F|  |TAMS 0x000000070da00000, 0x000000070da00000| Untracked 
|  63|0x000000070dc00000, 0x000000070dc00000, 0x000000070de00000|  0%| F|  |TAMS 0x000000070dc00000, 0x000000070dc00000| Untracked 
|  64|0x000000070de00000, 0x000000070de00000, 0x000000070e000000|  0%| F|  |TAMS 0x000000070de00000, 0x000000070de00000| Untracked 
|  65|0x000000070e000000, 0x000000070e000000, 0x000000070e200000|  0%| F|  |TAMS 0x000000070e000000, 0x000000070e000000| Untracked 
|  66|0x000000070e200000, 0x000000070e200000, 0x000000070e400000|  0%| F|  |TAMS 0x000000070e200000, 0x000000070e200000| Untracked 
|  67|0x000000070e400000, 0x000000070e400000, 0x000000070e600000|  0%| F|  |TAMS 0x000000070e400000, 0x000000070e400000| Untracked 
|  68|0x000000070e600000, 0x000000070e600000, 0x000000070e800000|  0%| F|  |TAMS 0x000000070e600000, 0x000000070e600000| Untracked 
|  69|0x000000070e800000, 0x000000070e800000, 0x000000070ea00000|  0%| F|  |TAMS 0x000000070e800000, 0x000000070e800000| Untracked 
|  70|0x000000070ea00000, 0x000000070ea00000, 0x000000070ec00000|  0%| F|  |TAMS 0x000000070ea00000, 0x000000070ea00000| Untracked 
|  71|0x000000070ec00000, 0x000000070ec00000, 0x000000070ee00000|  0%| F|  |TAMS 0x000000070ec00000, 0x000000070ec00000| Untracked 
|  72|0x000000070ee00000, 0x000000070ee00000, 0x000000070f000000|  0%| F|  |TAMS 0x000000070ee00000, 0x000000070ee00000| Untracked 
|  73|0x000000070f000000, 0x000000070f000000, 0x000000070f200000|  0%| F|  |TAMS 0x000000070f000000, 0x000000070f000000| Untracked 
|  74|0x000000070f200000, 0x000000070f200000, 0x000000070f400000|  0%| F|  |TAMS 0x000000070f200000, 0x000000070f200000| Untracked 
|  75|0x000000070f400000, 0x000000070f400000, 0x000000070f600000|  0%| F|  |TAMS 0x000000070f400000, 0x000000070f400000| Untracked 
|  76|0x000000070f600000, 0x000000070f600000, 0x000000070f800000|  0%| F|  |TAMS 0x000000070f600000, 0x000000070f600000| Untracked 
|  77|0x000000070f800000, 0x000000070f800000, 0x000000070fa00000|  0%| F|  |TAMS 0x000000070f800000, 0x000000070f800000| Untracked 
|  78|0x000000070fa00000, 0x000000070fa00000, 0x000000070fc00000|  0%| F|  |TAMS 0x000000070fa00000, 0x000000070fa00000| Untracked 
|  79|0x000000070fc00000, 0x000000070fc00000, 0x000000070fe00000|  0%| F|  |TAMS 0x000000070fc00000, 0x000000070fc00000| Untracked 
|  80|0x000000070fe00000, 0x000000070fe00000, 0x0000000710000000|  0%| F|  |TAMS 0x000000070fe00000, 0x000000070fe00000| Untracked 
|  81|0x0000000710000000, 0x0000000710000000, 0x0000000710200000|  0%| F|  |TAMS 0x0000000710000000, 0x0000000710000000| Untracked 
|  82|0x0000000710200000, 0x0000000710200000, 0x0000000710400000|  0%| F|  |TAMS 0x0000000710200000, 0x0000000710200000| Untracked 
|  83|0x0000000710400000, 0x0000000710400000, 0x0000000710600000|  0%| F|  |TAMS 0x0000000710400000, 0x0000000710400000| Untracked 
|  84|0x0000000710600000, 0x0000000710600000, 0x0000000710800000|  0%| F|  |TAMS 0x0000000710600000, 0x0000000710600000| Untracked 
|  85|0x0000000710800000, 0x0000000710800000, 0x0000000710a00000|  0%| F|  |TAMS 0x0000000710800000, 0x0000000710800000| Untracked 
|  86|0x0000000710a00000, 0x0000000710a00000, 0x0000000710c00000|  0%| F|  |TAMS 0x0000000710a00000, 0x0000000710a00000| Untracked 
|  87|0x0000000710c00000, 0x0000000710c00000, 0x0000000710e00000|  0%| F|  |TAMS 0x0000000710c00000, 0x0000000710c00000| Untracked 
|  88|0x0000000710e00000, 0x0000000710e00000, 0x0000000711000000|  0%| F|  |TAMS 0x0000000710e00000, 0x0000000710e00000| Untracked 
|  89|0x0000000711000000, 0x0000000711000000, 0x0000000711200000|  0%| F|  |TAMS 0x0000000711000000, 0x0000000711000000| Untracked 
|  90|0x0000000711200000, 0x0000000711200000, 0x0000000711400000|  0%| F|  |TAMS 0x0000000711200000, 0x0000000711200000| Untracked 
|  91|0x0000000711400000, 0x0000000711400000, 0x0000000711600000|  0%| F|  |TAMS 0x0000000711400000, 0x0000000711400000| Untracked 
|  92|0x0000000711600000, 0x0000000711600000, 0x0000000711800000|  0%| F|  |TAMS 0x0000000711600000, 0x0000000711600000| Untracked 
|  93|0x0000000711800000, 0x0000000711800000, 0x0000000711a00000|  0%| F|  |TAMS 0x0000000711800000, 0x0000000711800000| Untracked 
|  94|0x0000000711a00000, 0x0000000711a00000, 0x0000000711c00000|  0%| F|  |TAMS 0x0000000711a00000, 0x0000000711a00000| Untracked 
|  95|0x0000000711c00000, 0x0000000711c00000, 0x0000000711e00000|  0%| F|  |TAMS 0x0000000711c00000, 0x0000000711c00000| Untracked 
|  96|0x0000000711e00000, 0x0000000711e00000, 0x0000000712000000|  0%| F|  |TAMS 0x0000000711e00000, 0x0000000711e00000| Untracked 
|  97|0x0000000712000000, 0x0000000712000000, 0x0000000712200000|  0%| F|  |TAMS 0x0000000712000000, 0x0000000712000000| Untracked 
|  98|0x0000000712200000, 0x0000000712200000, 0x0000000712400000|  0%| F|  |TAMS 0x0000000712200000, 0x0000000712200000| Untracked 
|  99|0x0000000712400000, 0x0000000712400000, 0x0000000712600000|  0%| F|  |TAMS 0x0000000712400000, 0x0000000712400000| Untracked 
| 100|0x0000000712600000, 0x0000000712600000, 0x0000000712800000|  0%| F|  |TAMS 0x0000000712600000, 0x0000000712600000| Untracked 
| 101|0x0000000712800000, 0x0000000712800000, 0x0000000712a00000|  0%| F|  |TAMS 0x0000000712800000, 0x0000000712800000| Untracked 
| 102|0x0000000712a00000, 0x0000000712a00000, 0x0000000712c00000|  0%| F|  |TAMS 0x0000000712a00000, 0x0000000712a00000| Untracked 
| 103|0x0000000712c00000, 0x0000000712c00000, 0x0000000712e00000|  0%| F|  |TAMS 0x0000000712c00000, 0x0000000712c00000| Untracked 
| 104|0x0000000712e00000, 0x0000000712e00000, 0x0000000713000000|  0%| F|  |TAMS 0x0000000712e00000, 0x0000000712e00000| Untracked 
| 105|0x0000000713000000, 0x0000000713000000, 0x0000000713200000|  0%| F|  |TAMS 0x0000000713000000, 0x0000000713000000| Untracked 
| 106|0x0000000713200000, 0x0000000713200000, 0x0000000713400000|  0%| F|  |TAMS 0x0000000713200000, 0x0000000713200000| Untracked 
| 107|0x0000000713400000, 0x0000000713400000, 0x0000000713600000|  0%| F|  |TAMS 0x0000000713400000, 0x0000000713400000| Untracked 
| 108|0x0000000713600000, 0x0000000713600000, 0x0000000713800000|  0%| F|  |TAMS 0x0000000713600000, 0x0000000713600000| Untracked 
| 109|0x0000000713800000, 0x0000000713800000, 0x0000000713a00000|  0%| F|  |TAMS 0x0000000713800000, 0x0000000713800000| Untracked 
| 110|0x0000000713a00000, 0x0000000713a00000, 0x0000000713c00000|  0%| F|  |TAMS 0x0000000713a00000, 0x0000000713a00000| Untracked 
| 111|0x0000000713c00000, 0x0000000713c00000, 0x0000000713e00000|  0%| F|  |TAMS 0x0000000713c00000, 0x0000000713c00000| Untracked 
| 112|0x0000000713e00000, 0x0000000713e00000, 0x0000000714000000|  0%| F|  |TAMS 0x0000000713e00000, 0x0000000713e00000| Untracked 
| 113|0x0000000714000000, 0x00000007141a0000, 0x0000000714200000| 81%| S|CS|TAMS 0x0000000714000000, 0x0000000714000000| Complete 
| 114|0x0000000714200000, 0x0000000714400000, 0x0000000714400000|100%| S|CS|TAMS 0x0000000714200000, 0x0000000714200000| Complete 
| 115|0x0000000714400000, 0x0000000714400000, 0x0000000714600000|  0%| F|  |TAMS 0x0000000714400000, 0x0000000714400000| Untracked 
| 116|0x0000000714600000, 0x0000000714600000, 0x0000000714800000|  0%| F|  |TAMS 0x0000000714600000, 0x0000000714600000| Untracked 
| 117|0x0000000714800000, 0x0000000714800000, 0x0000000714a00000|  0%| F|  |TAMS 0x0000000714800000, 0x0000000714800000| Untracked 
| 118|0x0000000714a00000, 0x0000000714a00000, 0x0000000714c00000|  0%| F|  |TAMS 0x0000000714a00000, 0x0000000714a00000| Untracked 
| 119|0x0000000714c00000, 0x0000000714c00000, 0x0000000714e00000|  0%| F|  |TAMS 0x0000000714c00000, 0x0000000714c00000| Untracked 
| 120|0x0000000714e00000, 0x0000000714e00000, 0x0000000715000000|  0%| F|  |TAMS 0x0000000714e00000, 0x0000000714e00000| Untracked 
| 121|0x0000000715000000, 0x0000000715000000, 0x0000000715200000|  0%| F|  |TAMS 0x0000000715000000, 0x0000000715000000| Untracked 
| 122|0x0000000715200000, 0x0000000715200000, 0x0000000715400000|  0%| F|  |TAMS 0x0000000715200000, 0x0000000715200000| Untracked 
| 123|0x0000000715400000, 0x0000000715400000, 0x0000000715600000|  0%| F|  |TAMS 0x0000000715400000, 0x0000000715400000| Untracked 
| 124|0x0000000715600000, 0x0000000715600000, 0x0000000715800000|  0%| F|  |TAMS 0x0000000715600000, 0x0000000715600000| Untracked 
| 125|0x0000000715800000, 0x00000007159dade0, 0x0000000715a00000| 92%| E|  |TAMS 0x0000000715800000, 0x0000000715800000| Complete 

Card table byte_map: [0x0000027a4fb20000,0x0000027a50300000] _byte_map_base: 0x0000027a4c2f1000

Marking Bits (Prev, Next): (CMBitMap*) 0x0000027a37bab480, (CMBitMap*) 0x0000027a37bab4c0
 Prev Bits: [0x0000027a50ae0000, 0x0000027a54968000)
 Next Bits: [0x0000027a54970000, 0x0000027a587f8000)

Polling page: 0x0000027a35af0000

Metaspace:

Usage:
  Non-class:      4.63 MB used.
      Class:    584.52 KB used.
       Both:      5.20 MB used.

Virtual space:
  Non-class space:       64.00 MB reserved,       4.69 MB (  7%) committed,  1 nodes.
      Class space:        1.00 GB reserved,     640.00 KB ( <1%) committed,  1 nodes.
             Both:        1.06 GB reserved,       5.31 MB ( <1%) committed. 

Chunk freelists:
   Non-Class:  1.41 MB
       Class:  3.34 MB
        Both:  4.75 MB

MaxMetaspaceSize: unlimited
CompressedClassSpaceSize: 1.00 GB
Initial GC threshold: 21.00 MB
Current GC threshold: 21.00 MB
CDS: on
MetaspaceReclaimPolicy: balanced
 - commit_granule_bytes: 65536.
 - commit_granule_words: 8192.
 - virtual_space_node_default_size: 8388608.
 - enlarge_chunks_in_place: 1.
 - new_chunks_are_fully_committed: 0.
 - uncommit_free_chunks: 1.
 - use_allocation_guard: 0.


Internal statistics:

num_allocs_failed_limit: 0.
num_arena_births: 46.
num_arena_deaths: 0.
num_vsnodes_births: 2.
num_vsnodes_deaths: 0.
num_space_committed: 85.
num_space_uncommitted: 0.
num_chunks_returned_to_freelist: 0.
num_chunks_taken_from_freelist: 176.
num_chunk_merges: 0.
num_chunk_splits: 123.
num_chunks_enlarged: 104.
num_inconsistent_stats: 0.

CodeHeap 'non-profiled nmethods': size=119168Kb used=349Kb max_used=349Kb free=118818Kb
 bounds [0x0000027a47640000, 0x0000027a478b0000, 0x0000027a4eaa0000]
CodeHeap 'profiled nmethods': size=119104Kb used=2286Kb max_used=2286Kb free=116817Kb
 bounds [0x0000027a3faa0000, 0x0000027a3fd10000, 0x0000027a46ef0000]
CodeHeap 'non-nmethods': size=7488Kb used=2938Kb max_used=2952Kb free=4549Kb
 bounds [0x0000027a46ef0000, 0x0000027a471e0000, 0x0000027a47640000]
 total_blobs=1638 nmethods=1176 adapters=370
 compilation: enabled
              stopped_count=0, restarted_count=0
 full_count=0

Compilation events (20 events):
Event: 0.322 Thread 0x0000027a60571d00 1168       4       java.nio.ByteBuffer::arrayOffset (35 bytes)
Event: 0.322 Thread 0x0000027a60571d00 nmethod 1168 0x0000027a47696a10 code [0x0000027a47696ba0, 0x0000027a47696c58]
Event: 0.322 Thread 0x0000027a60571d00 1153       4       org.codehaus.plexus.util.xml.XmlReader::read (11 bytes)
Event: 0.325 Thread 0x0000027a5b7de510 1191       3       org.eclipse.sisu.plexus.PlexusXmlScanner::TEXT (10 bytes)
Event: 0.325 Thread 0x0000027a5f9a8fd0 1192       3       org.codehaus.plexus.util.xml.pull.MXParser::nextText (103 bytes)
Event: 0.325 Thread 0x0000027a5b7de510 nmethod 1191 0x0000027a3fcd4d10 code [0x0000027a3fcd4f00, 0x0000027a3fcd52a8]
Event: 0.325 Thread 0x0000027a5f9a8fd0 nmethod 1192 0x0000027a3fcd5490 code [0x0000027a3fcd5760, 0x0000027a3fcd6318]
Event: 0.326 Thread 0x0000027a607d0540 1155       4       org.codehaus.plexus.util.InterpolationFilterReader::read (477 bytes)
Event: 0.326 Thread 0x0000027a608de6d0 1156       4       java.io.Reader::read (21 bytes)
Event: 0.326 Thread 0x0000027a608df4e0 1171       4       java.nio.ByteBuffer::position (8 bytes)
Event: 0.327 Thread 0x0000027a5b7de510 1193   !   3       java.lang.String::<init> (884 bytes)
Event: 0.327 Thread 0x0000027a5b7c9cf0 1194       3       java.lang.StringBuilder::charAt (6 bytes)
Event: 0.327 Thread 0x0000027a5f9a8fd0 1195       3       java.lang.AbstractStringBuilder::charAt (36 bytes)
Event: 0.328 Thread 0x0000027a5b7c9cf0 nmethod 1194 0x0000027a3fcd6790 code [0x0000027a3fcd6940, 0x0000027a3fcd6a88]
Event: 0.328 Thread 0x0000027a5f9a8fd0 nmethod 1195 0x0000027a3fcd6b10 code [0x0000027a3fcd6ce0, 0x0000027a3fcd7018]
Event: 0.328 Thread 0x0000027a608df4e0 nmethod 1171 0x0000027a47696d10 code [0x0000027a47696ea0, 0x0000027a47696f78]
Event: 0.328 Thread 0x0000027a608df4e0 1172       4       java.nio.Buffer::limit (65 bytes)
Event: 0.330 Thread 0x0000027a608df4e0 nmethod 1172 0x0000027a47697090 code [0x0000027a47697220, 0x0000027a47697318]
Event: 0.330 Thread 0x0000027a608df4e0 1173       4       java.nio.Buffer::<init> (105 bytes)
Event: 0.331 Thread 0x0000027a5b7de510 nmethod 1193 0x0000027a3fcd7190 code [0x0000027a3fcd76c0, 0x0000027a3fcda708]

GC Heap History (0 events):
No events

Dll operation events (12 events):
Event: 0.004 Loaded shared library C:\Program Files\Java\jdk-19\bin\java.dll
Event: 0.010 Loaded shared library C:\Program Files\Java\jdk-19\bin\jsvml.dll
Event: 0.039 Loaded shared library C:\Program Files\Java\jdk-19\bin\zip.dll
Event: 0.040 Loaded shared library C:\Program Files\Java\jdk-19\bin\instrument.dll
Event: 0.043 Loaded shared library C:\Program Files\Java\jdk-19\bin\net.dll
Event: 0.044 Loaded shared library C:\Program Files\Java\jdk-19\bin\nio.dll
Event: 0.045 Loaded shared library C:\Program Files\Java\jdk-19\bin\zip.dll
Event: 0.053 Loaded shared library C:\Program Files\JetBrains\IntelliJ IDEA 2022.1.2\bin\breakgen64.dll
Event: 0.058 Loaded shared library C:\Program Files\Java\jdk-19\bin\extnet.dll
Event: 0.096 Loaded shared library C:\Program Files\Java\jdk-19\bin\jimage.dll
Event: 0.130 Loaded shared library C:\Users\99293\AppData\Local\Temp\jansi-2.4.0-ad15a380f4d09f31-jansi.dll
Event: 0.137 Loaded shared library C:\Program Files\Java\jdk-19\bin\verify.dll

Deoptimization events (20 events):
Event: 0.305 Thread 0x0000027a37b38470 DEOPT PACKING pc=0x0000027a47685f38 sp=0x0000007d04dfe010
Event: 0.305 Thread 0x0000027a37b38470 DEOPT UNPACKING pc=0x0000027a46f56da3 sp=0x0000007d04dfdf30 mode 2
Event: 0.305 Thread 0x0000027a37b38470 Uncommon trap: trap_request=0xffffffde fr.pc=0x0000027a4767ca70 relative=0x0000000000000670
Event: 0.305 Thread 0x0000027a37b38470 Uncommon trap: reason=class_check action=maybe_recompile pc=0x0000027a4767ca70 method=java.util.regex.Matcher.search(I)Z @ 121 c2
Event: 0.305 Thread 0x0000027a37b38470 DEOPT PACKING pc=0x0000027a4767ca70 sp=0x0000007d04dfded0
Event: 0.305 Thread 0x0000027a37b38470 DEOPT UNPACKING pc=0x0000027a46f56da3 sp=0x0000007d04dfdea0 mode 2
Event: 0.305 Thread 0x0000027a37b38470 Uncommon trap: trap_request=0xffffff76 fr.pc=0x0000027a476765a0 relative=0x00000000000002e0
Event: 0.305 Thread 0x0000027a37b38470 Uncommon trap: reason=predicate action=maybe_recompile pc=0x0000027a476765a0 method=java.util.regex.Pattern$BmpCharPropertyGreedy.match(Ljava/util/regex/Matcher;ILjava/lang/CharSequence;)Z @ 12 c2
Event: 0.305 Thread 0x0000027a37b38470 DEOPT PACKING pc=0x0000027a476765a0 sp=0x0000007d04dfdc90
Event: 0.305 Thread 0x0000027a37b38470 DEOPT UNPACKING pc=0x0000027a46f56da3 sp=0x0000007d04dfdc48 mode 2
Event: 0.305 Thread 0x0000027a37b38470 Uncommon trap: trap_request=0xffffff45 fr.pc=0x0000027a4766d7d0 relative=0x00000000000000b0
Event: 0.305 Thread 0x0000027a37b38470 Uncommon trap: reason=unstable_if action=reinterpret pc=0x0000027a4766d7d0 method=org.codehaus.plexus.util.xml.pull.MXParser.more()C @ 8 c2
Event: 0.305 Thread 0x0000027a37b38470 DEOPT PACKING pc=0x0000027a4766d7d0 sp=0x0000007d04dfe110
Event: 0.305 Thread 0x0000027a37b38470 DEOPT UNPACKING pc=0x0000027a46f56da3 sp=0x0000007d04dfe0a0 mode 2
Event: 0.327 Thread 0x0000027a37b38470 DEOPT PACKING pc=0x0000027a3fb1a7de sp=0x0000007d04dfdde0
Event: 0.327 Thread 0x0000027a37b38470 DEOPT UNPACKING pc=0x0000027a46f57543 sp=0x0000007d04dfd2b8 mode 0
Event: 0.327 Thread 0x0000027a37b38470 Uncommon trap: trap_request=0xffffffde fr.pc=0x0000027a4767ca70 relative=0x0000000000000670
Event: 0.327 Thread 0x0000027a37b38470 Uncommon trap: reason=class_check action=maybe_recompile pc=0x0000027a4767ca70 method=java.util.regex.Matcher.search(I)Z @ 121 c2
Event: 0.327 Thread 0x0000027a37b38470 DEOPT PACKING pc=0x0000027a4767ca70 sp=0x0000007d04dfded0
Event: 0.327 Thread 0x0000027a37b38470 DEOPT UNPACKING pc=0x0000027a46f56da3 sp=0x0000007d04dfdea0 mode 2

Classes loaded (20 events):
Event: 0.296 Loading class sun/reflect/generics/repository/GenericDeclRepository done
Event: 0.296 Loading class sun/reflect/generics/repository/ClassRepository done
Event: 0.296 Loading class java/lang/reflect/TypeVariable
Event: 0.296 Loading class java/lang/reflect/TypeVariable done
Event: 0.296 Loading class sun/reflect/generics/tree/FormalTypeParameter
Event: 0.296 Loading class sun/reflect/generics/tree/FormalTypeParameter done
Event: 0.296 Loading class sun/reflect/generics/tree/ClassSignature
Event: 0.296 Loading class sun/reflect/generics/tree/Signature
Event: 0.296 Loading class sun/reflect/generics/tree/Signature done
Event: 0.296 Loading class sun/reflect/generics/tree/ClassSignature done
Event: 0.296 Loading class java/lang/reflect/WildcardType
Event: 0.296 Loading class java/lang/reflect/WildcardType done
Event: 0.297 Loading class sun/reflect/generics/tree/TypeVariableSignature
Event: 0.297 Loading class sun/reflect/generics/tree/TypeVariableSignature done
Event: 0.302 Loading class java/lang/annotation/IncompleteAnnotationException
Event: 0.302 Loading class java/lang/annotation/IncompleteAnnotationException done
Event: 0.318 Loading class java/lang/foreign/MemorySegment
Event: 0.318 Loading class java/lang/foreign/Addressable
Event: 0.318 Loading class java/lang/foreign/Addressable done
Event: 0.318 Loading class java/lang/foreign/MemorySegment done

Classes unloaded (0 events):
No events

Classes redefined (0 events):
No events

Internal exceptions (14 events):
Event: 0.048 Thread 0x0000027a37b38470 Exception <a 'java/lang/NoSuchMethodError'{0x00000007156ca8c0}: 'void java.lang.invoke.DirectMethodHandle$Holder.invokeStatic(java.lang.Object, java.lang.Object, java.lang.Object)'> (0x00000007156ca8c0) 
thrown [s\open\src\hotspot\share\interpreter\linkResolver.cpp, line 774]
Event: 0.051 Thread 0x0000027a37b38470 Exception <a 'java/lang/NoSuchMethodError'{0x00000007156e3110}: 'java.lang.Object java.lang.invoke.Invokers$Holder.invokeExact_MT(java.lang.Object, java.lang.Object, java.lang.Object, java.lang.Object, java.lang.Object)'> (0x00000007156e3110) 
thrown [s\open\src\hotspot\share\interpreter\linkResolver.cpp, line 774]
Event: 0.058 Thread 0x0000027a5fb230f0 Exception <a 'java/lang/NoSuchMethodError'{0x00000007157ca9a8}: 'void java.lang.invoke.DirectMethodHandle$Holder.invokeStatic(java.lang.Object, java.lang.Object)'> (0x00000007157ca9a8) 
thrown [s\open\src\hotspot\share\interpreter\linkResolver.cpp, line 774]
Event: 0.094 Thread 0x0000027a37b38470 Exception <a 'java/lang/NullPointerException'{0x00000007155e1790}> (0x00000007155e1790) 
thrown [s\open\src\hotspot\share\interpreter\linkResolver.cpp, line 1374]
Event: 0.131 Thread 0x0000027a37b38470 Exception <a 'java/lang/NullPointerException'{0x0000000715268908}> (0x0000000715268908) 
thrown [s\open\src\hotspot\share\interpreter\linkResolver.cpp, line 1374]
Event: 0.131 Thread 0x0000027a37b38470 Exception <a 'java/lang/NullPointerException'{0x0000000715268be8}> (0x0000000715268be8) 
thrown [s\open\src\hotspot\share\interpreter\linkResolver.cpp, line 1374]
Event: 0.131 Thread 0x0000027a37b38470 Exception <a 'java/lang/NullPointerException'{0x0000000715268ec8}> (0x0000000715268ec8) 
thrown [s\open\src\hotspot\share\interpreter\linkResolver.cpp, line 1374]
Event: 0.132 Thread 0x0000027a37b38470 Exception <a 'java/lang/NullPointerException'{0x000000071526e1a8}> (0x000000071526e1a8) 
thrown [s\open\src\hotspot\share\interpreter\linkResolver.cpp, line 1374]
Event: 0.133 Thread 0x0000027a37b38470 Exception <a 'java/lang/NullPointerException'{0x00000007152832a8}> (0x00000007152832a8) 
thrown [s\open\src\hotspot\share\interpreter\linkResolver.cpp, line 1374]
Event: 0.133 Thread 0x0000027a37b38470 Exception <a 'java/lang/NullPointerException'{0x0000000715283588}> (0x0000000715283588) 
thrown [s\open\src\hotspot\share\interpreter\linkResolver.cpp, line 1374]
Event: 0.133 Thread 0x0000027a37b38470 Exception <a 'java/lang/NullPointerException'{0x0000000715283868}> (0x0000000715283868) 
thrown [s\open\src\hotspot\share\interpreter\linkResolver.cpp, line 1374]
Event: 0.133 Thread 0x0000027a37b38470 Exception <a 'java/lang/NullPointerException'{0x0000000715283b48}> (0x0000000715283b48) 
thrown [s\open\src\hotspot\share\interpreter\linkResolver.cpp, line 1374]
Event: 0.284 Thread 0x0000027a37b38470 Exception <a 'java/lang/NoSuchMethodError'{0x00000007148b06b0}: 'java.lang.Object java.lang.invoke.DirectMethodHandle$Holder.newInvokeSpecial(java.lang.Object, java.lang.Object, java.lang.Object, java.lang.Object, java.lang.Object)'> (0x00000007148b06b0) 
thrown [s\open\src\hotspot\share\interpreter\linkResolver.cpp, line 774]
Event: 0.302 Thread 0x0000027a37b38470 Exception <a 'java/lang/NoClassDefFoundError'{0x000000071460aac8}: javax/enterprise/inject/Typed> (0x000000071460aac8) 
thrown [s\open\src\hotspot\share\classfile\systemDictionary.cpp, line 244]

VM Operations (10 events):
Event: 0.033 Executing VM operation: HandshakeAllThreads
Event: 0.033 Executing VM operation: HandshakeAllThreads done
Event: 0.054 Executing VM operation: HandshakeAllThreads
Event: 0.055 Executing VM operation: HandshakeAllThreads done
Event: 0.093 Executing VM operation: HandshakeAllThreads
Event: 0.093 Executing VM operation: HandshakeAllThreads done
Event: 0.097 Executing VM operation: HandshakeAllThreads
Event: 0.098 Executing VM operation: HandshakeAllThreads done
Event: 0.305 Executing VM operation: ICBufferFull
Event: 0.305 Executing VM operation: ICBufferFull done

Events (20 events):
Event: 0.018 Thread 0x0000027a5b7b4190 Thread added: 0x0000027a5b7b4190
Event: 0.018 Thread 0x0000027a5b7baf60 Thread added: 0x0000027a5b7baf60
Event: 0.019 Thread 0x0000027a5b7bb4a0 Thread added: 0x0000027a5b7bb4a0
Event: 0.019 Thread 0x0000027a5b7bd9f0 Thread added: 0x0000027a5b7bd9f0
Event: 0.019 Thread 0x0000027a5b7be260 Thread added: 0x0000027a5b7be260
Event: 0.019 Thread 0x0000027a5b7c9cf0 Thread added: 0x0000027a5b7c9cf0
Event: 0.019 Thread 0x0000027a5b7ce290 Thread added: 0x0000027a5b7ce290
Event: 0.022 Thread 0x0000027a5f9a8fd0 Thread added: 0x0000027a5f9a8fd0
Event: 0.029 Thread 0x0000027a5fa3f490 Thread added: 0x0000027a5fa3f490
Event: 0.033 Thread 0x0000027a5b7de510 Thread added: 0x0000027a5b7de510
Event: 0.034 Thread 0x0000027a5fa45a40 Thread added: 0x0000027a5fa45a40
Event: 0.036 Thread 0x0000027a5fa4a310 Thread added: 0x0000027a5fa4a310
Event: 0.053 Thread 0x0000027a5fb230f0 Thread added: 0x0000027a5fb230f0
Event: 0.053 Thread 0x0000027a5fb25e50 Thread added: 0x0000027a5fb25e50
Event: 0.312 Thread 0x0000027a60571300 Thread added: 0x0000027a60571300
Event: 0.318 Thread 0x0000027a60571d00 Thread added: 0x0000027a60571d00
Event: 0.321 Thread 0x0000027a607ad9d0 Thread added: 0x0000027a607ad9d0
Event: 0.325 Thread 0x0000027a607d0540 Thread added: 0x0000027a607d0540
Event: 0.326 Thread 0x0000027a608de6d0 Thread added: 0x0000027a608de6d0
Event: 0.326 Thread 0x0000027a608df4e0 Thread added: 0x0000027a608df4e0


Dynamic libraries:
0x00007ff628bd0000 - 0x00007ff628be0000 	C:\Program Files\Java\jdk-19\bin\java.exe
0x00007ffa27930000 - 0x00007ffa27b44000 	C:\WINDOWS\SYSTEM32\ntdll.dll
0x00007ffa271d0000 - 0x00007ffa27292000 	C:\WINDOWS\System32\KERNEL32.DLL
0x00007ffa251c0000 - 0x00007ffa25563000 	C:\WINDOWS\System32\KERNELBASE.dll
0x00007ffa0ee20000 - 0x00007ffa0ee38000 	C:\Program Files\Java\jdk-19\bin\jli.dll
0x00007ffa264c0000 - 0x00007ffa2656e000 	C:\WINDOWS\System32\ADVAPI32.dll
0x00007ffa0edf0000 - 0x00007ffa0ee0b000 	C:\Program Files\Java\jdk-19\bin\VCRUNTIME140.dll
0x00007ffa24d70000 - 0x00007ffa24e81000 	C:\WINDOWS\System32\ucrtbase.dll
0x00007ffa276a0000 - 0x00007ffa27747000 	C:\WINDOWS\System32\msvcrt.dll
0x00007ffa27750000 - 0x00007ffa277f4000 	C:\WINDOWS\System32\sechost.dll
0x00007ffa273a0000 - 0x00007ffa274b7000 	C:\WINDOWS\System32\RPCRT4.dll
0x00007ffa25710000 - 0x00007ffa258ba000 	C:\WINDOWS\System32\USER32.dll
0x00007ffa095c0000 - 0x00007ffa0984e000 	C:\WINDOWS\WinSxS\amd64_microsoft.windows.common-controls_6595b64144ccf1df_6.0.22621.1635_none_270f70857386168e\COMCTL32.dll
0x00007ffa25190000 - 0x00007ffa251b6000 	C:\WINDOWS\System32\win32u.dll
0x00007ffa256e0000 - 0x00007ffa25709000 	C:\WINDOWS\System32\GDI32.dll
0x00007ffa24f10000 - 0x00007ffa25029000 	C:\WINDOWS\System32\gdi32full.dll
0x00007ffa25030000 - 0x00007ffa250ca000 	C:\WINDOWS\System32\msvcp_win.dll
0x00007ffa1d780000 - 0x00007ffa1d78a000 	C:\WINDOWS\SYSTEM32\VERSION.dll
0x00007ffa27880000 - 0x00007ffa278b1000 	C:\WINDOWS\System32\IMM32.DLL
0x00007ff9fc250000 - 0x00007ff9fc25c000 	C:\Program Files\Java\jdk-19\bin\vcruntime140_1.dll
0x00007ff9e4b10000 - 0x00007ff9e4b9e000 	C:\Program Files\Java\jdk-19\bin\msvcp140.dll
0x00007ff9ae700000 - 0x00007ff9af3c0000 	C:\Program Files\Java\jdk-19\bin\server\jvm.dll
0x00007ff9fc070000 - 0x00007ff9fc079000 	C:\WINDOWS\SYSTEM32\WSOCK32.dll
0x00007ffa26bf0000 - 0x00007ffa26c61000 	C:\WINDOWS\System32\WS2_32.dll
0x00007ffa1d920000 - 0x00007ffa1d954000 	C:\WINDOWS\SYSTEM32\WINMM.dll
0x00007ffa23e30000 - 0x00007ffa23e48000 	C:\WINDOWS\SYSTEM32\kernel.appcore.dll
0x00007ff9fc060000 - 0x00007ff9fc06a000 	C:\Program Files\Java\jdk-19\bin\jimage.dll
0x00007ffa225b0000 - 0x00007ffa227de000 	C:\WINDOWS\SYSTEM32\DBGHELP.DLL
0x00007ffa26570000 - 0x00007ffa268f9000 	C:\WINDOWS\System32\combase.dll
0x00007ffa274c0000 - 0x00007ffa27597000 	C:\WINDOWS\System32\OLEAUT32.dll
0x00007ffa1bdd0000 - 0x00007ffa1be02000 	C:\WINDOWS\SYSTEM32\dbgcore.DLL
0x00007ffa24e90000 - 0x00007ffa24f0a000 	C:\WINDOWS\System32\bcryptPrimitives.dll
0x00007ffa171a0000 - 0x00007ffa171ae000 	C:\Program Files\Java\jdk-19\bin\instrument.dll
0x00007ff9e76c0000 - 0x00007ff9e76e6000 	C:\Program Files\Java\jdk-19\bin\java.dll
0x00007ff9e4a30000 - 0x00007ff9e4b07000 	C:\Program Files\Java\jdk-19\bin\jsvml.dll
0x00007ffa25cc0000 - 0x00007ffa264b9000 	C:\WINDOWS\System32\SHELL32.dll
0x00007ffa22cc0000 - 0x00007ffa2358e000 	C:\WINDOWS\SYSTEM32\windows.storage.dll
0x00007ffa22b80000 - 0x00007ffa22cbe000 	C:\WINDOWS\SYSTEM32\wintypes.dll
0x00007ffa272a0000 - 0x00007ffa27391000 	C:\WINDOWS\System32\SHCORE.dll
0x00007ffa25c30000 - 0x00007ffa25c8e000 	C:\WINDOWS\System32\shlwapi.dll
0x00007ffa24c30000 - 0x00007ffa24c56000 	C:\WINDOWS\SYSTEM32\profapi.dll
0x00007ff9e6d00000 - 0x00007ff9e6d18000 	C:\Program Files\Java\jdk-19\bin\zip.dll
0x00007ff9e76a0000 - 0x00007ff9e76b3000 	C:\Program Files\Java\jdk-19\bin\net.dll
0x00007ffa1f7a0000 - 0x00007ffa1f8d7000 	C:\WINDOWS\SYSTEM32\WINHTTP.dll
0x00007ffa242b0000 - 0x00007ffa24319000 	C:\WINDOWS\system32\mswsock.dll
0x00007ff9e6d20000 - 0x00007ff9e6d36000 	C:\Program Files\Java\jdk-19\bin\nio.dll
0x00007ffa14750000 - 0x00007ffa1476a000 	C:\Program Files\JetBrains\IntelliJ IDEA 2022.1.2\bin\breakgen64.dll
0x00007ffa21820000 - 0x00007ffa21828000 	C:\Program Files\Java\jdk-19\bin\extnet.dll
0x0000000069ac0000 - 0x0000000069ae4000 	C:\Users\99293\AppData\Local\Temp\jansi-2.4.0-ad15a380f4d09f31-jansi.dll
0x00007ff9f99e0000 - 0x00007ff9f99f0000 	C:\Program Files\Java\jdk-19\bin\verify.dll

dbghelp: loaded successfully - version: 4.0.5 - missing functions: none
symbol engine: initialized successfully - sym options: 0x614 - pdb path: .;C:\Program Files\Java\jdk-19\bin;C:\WINDOWS\SYSTEM32;C:\WINDOWS\WinSxS\amd64_microsoft.windows.common-controls_6595b64144ccf1df_6.0.22621.1635_none_270f70857386168e;C:\Program Files\Java\jdk-19\bin\server;C:\Program Files\JetBrains\IntelliJ IDEA 2022.1.2\bin;C:\Users\99293\AppData\Local\Temp

VM Arguments:
jvm_args: -Dmaven.multiModuleProjectDirectory=D:\unitedStates duplicates original -Dmaven.home=C:\Users\99293\.m2\wrapper\dists\apache-maven-3.8.6-bin\1ks0nkde5v1pk9vtc31i9d0lcd\apache-maven-3.8.6 -Dclassworlds.conf=C:\Users\99293\.m2\wrapper\dists\apache-maven-3.8.6-bin\1ks0nkde5v1pk9vtc31i9d0lcd\apache-maven-3.8.6\bin\m2.conf -Dmaven.ext.class.path=C:\Program Files\JetBrains\IntelliJ IDEA 2022.1.2\plugins\maven\lib\maven-event-listener.jar -javaagent:C:\Program Files\JetBrains\IntelliJ IDEA 2022.1.2\lib\idea_rt.jar=53718:C:\Program Files\JetBrains\IntelliJ IDEA 2022.1.2\bin -Dfile.encoding=UTF-8 
java_command: org.codehaus.classworlds.Launcher -Didea.version=2022.1.2 package
java_class_path (initial): C:\Users\99293\.m2\wrapper\dists\apache-maven-3.8.6-bin\1ks0nkde5v1pk9vtc31i9d0lcd\apache-maven-3.8.6\boot\plexus-classworlds-2.6.0.jar;C:\Users\99293\.m2\wrapper\dists\apache-maven-3.8.6-bin\1ks0nkde5v1pk9vtc31i9d0lcd\apache-maven-3.8.6\boot\plexus-classworlds.license
Launcher Type: SUN_STANDARD

[Global flags]
     intx CICompilerCount                          = 12                                        {product} {ergonomic}
     uint ConcGCThreads                            = 3                                         {product} {ergonomic}
     uint G1ConcRefinementThreads                  = 13                                        {product} {ergonomic}
   size_t G1HeapRegionSize                         = 2097152                                   {product} {ergonomic}
    uintx GCDrainStackTargetSize                   = 64                                        {product} {ergonomic}
   size_t InitialHeapSize                          = 264241152                                 {product} {ergonomic}
   size_t MarkStackSize                            = 4194304                                   {product} {ergonomic}
   size_t MaxHeapSize                              = 4196401152                                {product} {ergonomic}
   size_t MaxNewSize                               = 2516582400                                {product} {ergonomic}
   size_t MinHeapDeltaBytes                        = 2097152                                   {product} {ergonomic}
   size_t MinHeapSize                              = 8388608                                   {product} {ergonomic}
    uintx NonNMethodCodeHeapSize                   = 7602480                                {pd product} {ergonomic}
    uintx NonProfiledCodeHeapSize                  = 122027880                              {pd product} {ergonomic}
    uintx ProfiledCodeHeapSize                     = 122027880                              {pd product} {ergonomic}
    uintx ReservedCodeCacheSize                    = 251658240                              {pd product} {ergonomic}
     bool SegmentedCodeCache                       = true                                      {product} {ergonomic}
   size_t SoftMaxHeapSize                          = 4196401152                             {manageable} {ergonomic}
     bool UseCompressedClassPointers               = true                           {product lp64_product} {ergonomic}
     bool UseCompressedOops                        = true                           {product lp64_product} {ergonomic}
     bool UseG1GC                                  = true                                      {product} {ergonomic}
     bool UseLargePagesIndividualAllocation        = false                                  {pd product} {ergonomic}

Logging:
Log output configuration:
 #0: stdout all=warning uptime,level,tags foldmultilines=false
 #1: stderr all=off uptime,level,tags foldmultilines=false

Environment Variables:
PATH=C:\Program Files\Common Files\Oracle\Java\javapath;C:\Windows\system32;C:\Windows;C:\Windows\System32\Wbem;C:\Windows\System32\WindowsPowerShell\v1.0\;C:\Windows\System32\OpenSSH\;C:\Program Files (x86)\NVIDIA Corporation\PhysX\Common;C:\Program Files\NVIDIA Corporation\NVIDIA NvDLISR;C:\Program Files\Git\cmd;C:\Program Files (x86)\dotnet\;%SystemRoot%\system32;%SystemRoot%;%SystemRoot%\System32\Wbem;%SYSTEMROOT%\System32\WindowsPowerShell\v1.0\;%SYSTEMROOT%\System32\OpenSSH\;C:\Users\99293\AppData\Local\Programs\Python\Python311\Scripts\;C:\Users\99293\AppData\Local\Programs\Python\Python311\;C:\Users\99293\AppData\Local\Microsoft\WindowsApps;;C:\Program Files\JetBrains\IntelliJ IDEA 2022.1.2\bin;;C:\Program Files\heroku\bin
USERNAME=ASUS
OS=Windows_NT
PROCESSOR_IDENTIFIER=Intel64 Family 6 Model 154 Stepping 3, GenuineIntel
TMP=C:\Users\99293\AppData\Local\Temp
TEMP=C:\Users\99293\AppData\Local\Temp



---------------  S Y S T E M  ---------------

OS:
 Windows 11 , 64 bit Build 22621 (10.0.22621.1928)
OS uptime: 1 days 18:37 hours
Hyper-V role detected

CPU: total 16 (initial active 16) (8 cores per cpu, 2 threads per core) family 6 model 154 stepping 3 microcode 0x41c, cx8, cmov, fxsr, ht, mmx, 3dnowpref, sse, sse2, sse3, ssse3, sse4.1, sse4.2, popcnt, lzcnt, tsc, tscinvbit, avx, avx2, aes, erms, clmul, bmi1, bmi2, adx, sha, fma, vzeroupper, clflush, clflushopt, clwb, hv, serialize, rdtscp, rdpid, fsrm

Memory: 4k page, system-wide physical 16005M (2884M free)
TotalPageFile size 18053M (AvailPageFile size 4M)
current process WorkingSet (physical memory assigned to process): 93M, peak: 93M
current process commit charge ("private bytes"): 383M, peak: 383M

vm_info: Java HotSpot(TM) 64-Bit Server VM (19.0.2+7-44) for windows-amd64 JRE (19.0.2+7-44), built on 2022-11-30T18:02:09Z by "mach5one" with MS VC++ 17.1 (VS2022)

END.
