#
# There is insufficient memory for the Java Runtime Environment to continue.
# Native memory allocation (malloc) failed to allocate 244304 bytes for Chunk::new
# Possible reasons:
#   The system is out of physical RAM or swap space
#   The process is running with CompressedOops enabled, and the Java Heap may be blocking the growth of the native heap
# Possible solutions:
#   Reduce memory load on the system
#   Increase physical memory or swap space
#   Check if swap backing store is full
#   Decrease Java heap size (-Xmx/-Xms)
#   Decrease number of Java threads
#   Decrease Java thread stack sizes (-Xss)
#   Set larger code cache with -XX:ReservedCodeCacheSize=
#   JVM is running with Zero Based Compressed Oops mode in which the Java heap is
#     placed in the first 32GB address space. The Java Heap base address is the
#     maximum limit for the native heap growth. Please use -XX:HeapBaseMinAddress
#     to set the Java Heap base and to place the Java Heap above 32GB virtual address.
# This output file may be truncated or incomplete.
#
#  Out of Memory Error (arena.cpp:184), pid=24572, tid=26364
#
# JRE version: Java(TM) SE Runtime Environment (19.0.2+7) (build 19.0.2+7-44)
# Java VM: Java HotSpot(TM) 64-Bit Server VM (19.0.2+7-44, mixed mode, sharing, tiered, compressed oops, compressed class ptrs, g1 gc, windows-amd64)
# No core dump will be written. Minidumps are not enabled by default on client versions of Windows
#

---------------  S U M M A R Y ------------

Command Line: C:\Users\99293\AppData\Local\Temp\surefire10442822577704606464\surefirebooter18132110205114097558.jar C:\Users\99293\AppData\Local\Temp\surefire10442822577704606464 2024-12-08T19-23-28_400-jvmRun1 surefire4763621632420441691tmp surefire_07818474727694959609tmp

Host: 12th Gen Intel(R) Core(TM) i7-12650H, 16 cores, 15G,  Windows 11 , 64 bit Build 22621 (10.0.22621.4391)
Time: Sun Dec  8 19:23:28 2024  Windows 11 , 64 bit Build 22621 (10.0.22621.4391) elapsed time: 0.223088 seconds (0d 0h 0m 0s)

---------------  T H R E A D  ---------------

Current thread (0x0000021ea132c0b0):  JavaThread "C2 CompilerThread2" daemon [_thread_in_native, id=26364, stack(0x00000058b5600000,0x00000058b5700000)]


Current CompileTask:
C2:    223  872   !   4       jdk.internal.loader.URLClassPath$JarLoader::getResource (65 bytes)

Stack: [0x00000058b5600000,0x00000058b5700000]
Native frames: (J=compiled Java code, j=interpreted, Vv=VM code, C=native code)
V  [jvm.dll+0x6ee21a]
V  [jvm.dll+0x85765e]
V  [jvm.dll+0x85904e]
V  [jvm.dll+0x859703]
V  [jvm.dll+0x28298f]
V  [jvm.dll+0xc9adf]
V  [jvm.dll+0xc9e65]
V  [jvm.dll+0x3bca4c]
V  [jvm.dll+0x3860e1]
V  [jvm.dll+0x38555a]
V  [jvm.dll+0x24c3d9]
V  [jvm.dll+0x24b781]
V  [jvm.dll+0x1d6ce1]
V  [jvm.dll+0x25b25a]
V  [jvm.dll+0x2596e8]
V  [jvm.dll+0x807588]
V  [jvm.dll+0x80125a]
V  [jvm.dll+0x6ecf0b]
C  [ucrtbase.dll+0x29333]
C  [KERNEL32.DLL+0x1259d]
C  [ntdll.dll+0x5af38]


---------------  P R O C E S S  ---------------

Threads class SMR info:
_java_thread_list=0x0000021ea1464620, length=19, elements={
0x0000021ef8dadc80, 0x0000021ea1002740, 0x0000021ea1003070, 0x0000021ea1007f20,
0x0000021ea1009a60, 0x0000021ea100e4b0, 0x0000021ea10122e0, 0x0000021ea1016f60,
0x0000021ea10208f0, 0x0000021ea10519e0, 0x0000021eff999710, 0x0000021ea1138990,
0x0000021ea1176240, 0x0000021ea1178bf0, 0x0000021ea11bbd00, 0x0000021ea12cd540,
0x0000021ea132c0b0, 0x0000021ea132c850, 0x0000021ea14413e0
}

Java Threads: ( => current thread )
  0x0000021ef8dadc80 JavaThread "main" [_thread_in_Java, id=7484, stack(0x00000058b3f00000,0x00000058b4000000)]
  0x0000021ea1002740 JavaThread "Reference Handler" daemon [_thread_blocked, id=14908, stack(0x00000058b4600000,0x00000058b4700000)]
  0x0000021ea1003070 JavaThread "Finalizer" daemon [_thread_blocked, id=12164, stack(0x00000058b4700000,0x00000058b4800000)]
  0x0000021ea1007f20 JavaThread "Signal Dispatcher" daemon [_thread_blocked, id=8156, stack(0x00000058b4800000,0x00000058b4900000)]
  0x0000021ea1009a60 JavaThread "Attach Listener" daemon [_thread_blocked, id=18884, stack(0x00000058b4900000,0x00000058b4a00000)]
  0x0000021ea100e4b0 JavaThread "Service Thread" daemon [_thread_blocked, id=11728, stack(0x00000058b4a00000,0x00000058b4b00000)]
  0x0000021ea10122e0 JavaThread "Monitor Deflation Thread" daemon [_thread_blocked, id=15372, stack(0x00000058b4b00000,0x00000058b4c00000)]
  0x0000021ea1016f60 JavaThread "C2 CompilerThread0" daemon [_thread_in_native, id=25144, stack(0x00000058b4c00000,0x00000058b4d00000)]
  0x0000021ea10208f0 JavaThread "C1 CompilerThread0" daemon [_thread_blocked, id=25484, stack(0x00000058b4d00000,0x00000058b4e00000)]
  0x0000021ea10519e0 JavaThread "Sweeper thread" daemon [_thread_blocked, id=7208, stack(0x00000058b4e00000,0x00000058b4f00000)]
  0x0000021eff999710 JavaThread "C1 CompilerThread1" daemon [_thread_blocked, id=22892, stack(0x00000058b4f00000,0x00000058b5000000)]
  0x0000021ea1138990 JavaThread "C1 CompilerThread2" daemon [_thread_in_vm, id=6776, stack(0x00000058b5000000,0x00000058b5100000)]
  0x0000021ea1176240 JavaThread "Notification Thread" daemon [_thread_blocked, id=24352, stack(0x00000058b5100000,0x00000058b5200000)]
  0x0000021ea1178bf0 JavaThread "Common-Cleaner" daemon [_thread_blocked, id=20268, stack(0x00000058b5300000,0x00000058b5400000)]
  0x0000021ea11bbd00 JavaThread "surefire-forkedjvm-command-thread" daemon [_thread_in_native, id=10160, stack(0x00000058b5400000,0x00000058b5500000)]
  0x0000021ea12cd540 JavaThread "C2 CompilerThread1" daemon [_thread_blocked, id=3676, stack(0x00000058b5500000,0x00000058b5600000)]
=>0x0000021ea132c0b0 JavaThread "C2 CompilerThread2" daemon [_thread_in_native, id=26364, stack(0x00000058b5600000,0x00000058b5700000)]
  0x0000021ea132c850 JavaThread "C1 CompilerThread3" daemon [_thread_blocked, id=15620, stack(0x00000058b5700000,0x00000058b5800000)]
  0x0000021ea14413e0 JavaThread "surefire-forkedjvm-ping-30s" daemon [_thread_blocked, id=14616, stack(0x00000058b5800000,0x00000058b5900000)]

Other Threads:
  0x0000021eff9a92d0 VMThread "VM Thread" [stack: 0x00000058b4500000,0x00000058b4600000] [id=7020]
  0x0000021ea1178790 WatcherThread "VM Periodic Task Thread" [stack: 0x00000058b5200000,0x00000058b5300000] [id=18980]
  0x0000021ef8e20840 WorkerThread "GC Thread#0" [stack: 0x00000058b4000000,0x00000058b4100000] [id=14856]
  0x0000021ef8e31350 ConcurrentGCThread "G1 Main Marker" [stack: 0x00000058b4100000,0x00000058b4200000] [id=20436]
  0x0000021ef8e32520 WorkerThread "G1 Conc#0" [stack: 0x00000058b4200000,0x00000058b4300000] [id=15692]
  0x0000021ef8e6e9f0 ConcurrentGCThread "G1 Refine#0" [stack: 0x00000058b4300000,0x00000058b4400000] [id=14032]
  0x0000021eff8606f0 ConcurrentGCThread "G1 Service" [stack: 0x00000058b4400000,0x00000058b4500000] [id=23740]

Threads with active compile tasks:
C2 CompilerThread0      235  867  s!   4       jdk.internal.loader.URLClassPath::getLoader (194 bytes)
C2 CompilerThread2      235  872   !   4       jdk.internal.loader.URLClassPath$JarLoader::getResource (65 bytes)

VM state: not at safepoint (normal execution)

VM Mutex/Monitor currently owned by a thread: None

Heap address: 0x0000000705e00000, size: 4002 MB, Compressed Oops mode: Zero based, Oop shift amount: 3

CDS archive(s) mapped at: [0x0000000800000000-0x0000000800c40000-0x0000000800c40000), size 12845056, SharedBaseAddress: 0x0000000800000000, ArchiveRelocationMode: 0.
Compressed class space mapped at: 0x0000000801000000-0x0000000841000000, reserved size: 1073741824
Narrow klass base: 0x0000000800000000, Narrow klass shift: 0, Narrow klass range: 0x100000000

GC Precious Log:
 CardTable entry size: 512
 Card Set container configuration: InlinePtr #cards 4 size 8 Array Of Cards #cards 16 size 48 Howl #buckets 8 coarsen threshold 3686 Howl Bitmap #cards 512 size 80 coarsen threshold 460 Card regions per heap region 1 cards per card region 4096
 CPUs: 16 total, 16 available
 Memory: 16004M
 Large Page Support: Disabled
 NUMA Support: Disabled
 Compressed Oops: Enabled (Zero based)
 Heap Region Size: 2M
 Heap Min Capacity: 8M
 Heap Initial Capacity: 252M
 Heap Max Capacity: 4002M
 Pre-touch: Disabled
 Parallel Workers: 13
 Concurrent Workers: 3
 Concurrent Refinement Workers: 13
 Periodic GC: Disabled

Heap:
 garbage-first heap   total 258048K, used 16384K [0x0000000705e00000, 0x0000000800000000)
  region size 2048K, 10 young (20480K), 0 survivors (0K)
 Metaspace       used 3586K, committed 3776K, reserved 1114112K
  class space    used 358K, committed 448K, reserved 1048576K

Heap Regions: E=young(eden), S=young(survivor), O=old, HS=humongous(starts), HC=humongous(continues), CS=collection set, F=free, OA=open archive, CA=closed archive, TAMS=top-at-mark-start (previous, next)
|   0|0x0000000705e00000, 0x0000000705e00000, 0x0000000706000000|  0%| F|  |TAMS 0x0000000705e00000, 0x0000000705e00000| Untracked 
|   1|0x0000000706000000, 0x0000000706000000, 0x0000000706200000|  0%| F|  |TAMS 0x0000000706000000, 0x0000000706000000| Untracked 
|   2|0x0000000706200000, 0x0000000706200000, 0x0000000706400000|  0%| F|  |TAMS 0x0000000706200000, 0x0000000706200000| Untracked 
|   3|0x0000000706400000, 0x0000000706400000, 0x0000000706600000|  0%| F|  |TAMS 0x0000000706400000, 0x0000000706400000| Untracked 
|   4|0x0000000706600000, 0x0000000706600000, 0x0000000706800000|  0%| F|  |TAMS 0x0000000706600000, 0x0000000706600000| Untracked 
|   5|0x0000000706800000, 0x0000000706800000, 0x0000000706a00000|  0%| F|  |TAMS 0x0000000706800000, 0x0000000706800000| Untracked 
|   6|0x0000000706a00000, 0x0000000706a00000, 0x0000000706c00000|  0%| F|  |TAMS 0x0000000706a00000, 0x0000000706a00000| Untracked 
|   7|0x0000000706c00000, 0x0000000706c00000, 0x0000000706e00000|  0%| F|  |TAMS 0x0000000706c00000, 0x0000000706c00000| Untracked 
|   8|0x0000000706e00000, 0x0000000706e00000, 0x0000000707000000|  0%| F|  |TAMS 0x0000000706e00000, 0x0000000706e00000| Untracked 
|   9|0x0000000707000000, 0x0000000707000000, 0x0000000707200000|  0%| F|  |TAMS 0x0000000707000000, 0x0000000707000000| Untracked 
|  10|0x0000000707200000, 0x0000000707200000, 0x0000000707400000|  0%| F|  |TAMS 0x0000000707200000, 0x0000000707200000| Untracked 
|  11|0x0000000707400000, 0x0000000707400000, 0x0000000707600000|  0%| F|  |TAMS 0x0000000707400000, 0x0000000707400000| Untracked 
|  12|0x0000000707600000, 0x0000000707600000, 0x0000000707800000|  0%| F|  |TAMS 0x0000000707600000, 0x0000000707600000| Untracked 
|  13|0x0000000707800000, 0x0000000707800000, 0x0000000707a00000|  0%| F|  |TAMS 0x0000000707800000, 0x0000000707800000| Untracked 
|  14|0x0000000707a00000, 0x0000000707a00000, 0x0000000707c00000|  0%| F|  |TAMS 0x0000000707a00000, 0x0000000707a00000| Untracked 
|  15|0x0000000707c00000, 0x0000000707c00000, 0x0000000707e00000|  0%| F|  |TAMS 0x0000000707c00000, 0x0000000707c00000| Untracked 
|  16|0x0000000707e00000, 0x0000000707e00000, 0x0000000708000000|  0%| F|  |TAMS 0x0000000707e00000, 0x0000000707e00000| Untracked 
|  17|0x0000000708000000, 0x0000000708000000, 0x0000000708200000|  0%| F|  |TAMS 0x0000000708000000, 0x0000000708000000| Untracked 
|  18|0x0000000708200000, 0x0000000708200000, 0x0000000708400000|  0%| F|  |TAMS 0x0000000708200000, 0x0000000708200000| Untracked 
|  19|0x0000000708400000, 0x0000000708400000, 0x0000000708600000|  0%| F|  |TAMS 0x0000000708400000, 0x0000000708400000| Untracked 
|  20|0x0000000708600000, 0x0000000708600000, 0x0000000708800000|  0%| F|  |TAMS 0x0000000708600000, 0x0000000708600000| Untracked 
|  21|0x0000000708800000, 0x0000000708800000, 0x0000000708a00000|  0%| F|  |TAMS 0x0000000708800000, 0x0000000708800000| Untracked 
|  22|0x0000000708a00000, 0x0000000708a00000, 0x0000000708c00000|  0%| F|  |TAMS 0x0000000708a00000, 0x0000000708a00000| Untracked 
|  23|0x0000000708c00000, 0x0000000708c00000, 0x0000000708e00000|  0%| F|  |TAMS 0x0000000708c00000, 0x0000000708c00000| Untracked 
|  24|0x0000000708e00000, 0x0000000708e00000, 0x0000000709000000|  0%| F|  |TAMS 0x0000000708e00000, 0x0000000708e00000| Untracked 
|  25|0x0000000709000000, 0x0000000709000000, 0x0000000709200000|  0%| F|  |TAMS 0x0000000709000000, 0x0000000709000000| Untracked 
|  26|0x0000000709200000, 0x0000000709200000, 0x0000000709400000|  0%| F|  |TAMS 0x0000000709200000, 0x0000000709200000| Untracked 
|  27|0x0000000709400000, 0x0000000709400000, 0x0000000709600000|  0%| F|  |TAMS 0x0000000709400000, 0x0000000709400000| Untracked 
|  28|0x0000000709600000, 0x0000000709600000, 0x0000000709800000|  0%| F|  |TAMS 0x0000000709600000, 0x0000000709600000| Untracked 
|  29|0x0000000709800000, 0x0000000709800000, 0x0000000709a00000|  0%| F|  |TAMS 0x0000000709800000, 0x0000000709800000| Untracked 
|  30|0x0000000709a00000, 0x0000000709a00000, 0x0000000709c00000|  0%| F|  |TAMS 0x0000000709a00000, 0x0000000709a00000| Untracked 
|  31|0x0000000709c00000, 0x0000000709c00000, 0x0000000709e00000|  0%| F|  |TAMS 0x0000000709c00000, 0x0000000709c00000| Untracked 
|  32|0x0000000709e00000, 0x0000000709e00000, 0x000000070a000000|  0%| F|  |TAMS 0x0000000709e00000, 0x0000000709e00000| Untracked 
|  33|0x000000070a000000, 0x000000070a000000, 0x000000070a200000|  0%| F|  |TAMS 0x000000070a000000, 0x000000070a000000| Untracked 
|  34|0x000000070a200000, 0x000000070a200000, 0x000000070a400000|  0%| F|  |TAMS 0x000000070a200000, 0x000000070a200000| Untracked 
|  35|0x000000070a400000, 0x000000070a400000, 0x000000070a600000|  0%| F|  |TAMS 0x000000070a400000, 0x000000070a400000| Untracked 
|  36|0x000000070a600000, 0x000000070a600000, 0x000000070a800000|  0%| F|  |TAMS 0x000000070a600000, 0x000000070a600000| Untracked 
|  37|0x000000070a800000, 0x000000070a800000, 0x000000070aa00000|  0%| F|  |TAMS 0x000000070a800000, 0x000000070a800000| Untracked 
|  38|0x000000070aa00000, 0x000000070aa00000, 0x000000070ac00000|  0%| F|  |TAMS 0x000000070aa00000, 0x000000070aa00000| Untracked 
|  39|0x000000070ac00000, 0x000000070ac00000, 0x000000070ae00000|  0%| F|  |TAMS 0x000000070ac00000, 0x000000070ac00000| Untracked 
|  40|0x000000070ae00000, 0x000000070ae00000, 0x000000070b000000|  0%| F|  |TAMS 0x000000070ae00000, 0x000000070ae00000| Untracked 
|  41|0x000000070b000000, 0x000000070b000000, 0x000000070b200000|  0%| F|  |TAMS 0x000000070b000000, 0x000000070b000000| Untracked 
|  42|0x000000070b200000, 0x000000070b200000, 0x000000070b400000|  0%| F|  |TAMS 0x000000070b200000, 0x000000070b200000| Untracked 
|  43|0x000000070b400000, 0x000000070b400000, 0x000000070b600000|  0%| F|  |TAMS 0x000000070b400000, 0x000000070b400000| Untracked 
|  44|0x000000070b600000, 0x000000070b600000, 0x000000070b800000|  0%| F|  |TAMS 0x000000070b600000, 0x000000070b600000| Untracked 
|  45|0x000000070b800000, 0x000000070b800000, 0x000000070ba00000|  0%| F|  |TAMS 0x000000070b800000, 0x000000070b800000| Untracked 
|  46|0x000000070ba00000, 0x000000070ba00000, 0x000000070bc00000|  0%| F|  |TAMS 0x000000070ba00000, 0x000000070ba00000| Untracked 
|  47|0x000000070bc00000, 0x000000070bc00000, 0x000000070be00000|  0%| F|  |TAMS 0x000000070bc00000, 0x000000070bc00000| Untracked 
|  48|0x000000070be00000, 0x000000070be00000, 0x000000070c000000|  0%| F|  |TAMS 0x000000070be00000, 0x000000070be00000| Untracked 
|  49|0x000000070c000000, 0x000000070c000000, 0x000000070c200000|  0%| F|  |TAMS 0x000000070c000000, 0x000000070c000000| Untracked 
|  50|0x000000070c200000, 0x000000070c200000, 0x000000070c400000|  0%| F|  |TAMS 0x000000070c200000, 0x000000070c200000| Untracked 
|  51|0x000000070c400000, 0x000000070c400000, 0x000000070c600000|  0%| F|  |TAMS 0x000000070c400000, 0x000000070c400000| Untracked 
|  52|0x000000070c600000, 0x000000070c600000, 0x000000070c800000|  0%| F|  |TAMS 0x000000070c600000, 0x000000070c600000| Untracked 
|  53|0x000000070c800000, 0x000000070c800000, 0x000000070ca00000|  0%| F|  |TAMS 0x000000070c800000, 0x000000070c800000| Untracked 
|  54|0x000000070ca00000, 0x000000070ca00000, 0x000000070cc00000|  0%| F|  |TAMS 0x000000070ca00000, 0x000000070ca00000| Untracked 
|  55|0x000000070cc00000, 0x000000070cc00000, 0x000000070ce00000|  0%| F|  |TAMS 0x000000070cc00000, 0x000000070cc00000| Untracked 
|  56|0x000000070ce00000, 0x000000070ce00000, 0x000000070d000000|  0%| F|  |TAMS 0x000000070ce00000, 0x000000070ce00000| Untracked 
|  57|0x000000070d000000, 0x000000070d000000, 0x000000070d200000|  0%| F|  |TAMS 0x000000070d000000, 0x000000070d000000| Untracked 
|  58|0x000000070d200000, 0x000000070d200000, 0x000000070d400000|  0%| F|  |TAMS 0x000000070d200000, 0x000000070d200000| Untracked 
|  59|0x000000070d400000, 0x000000070d400000, 0x000000070d600000|  0%| F|  |TAMS 0x000000070d400000, 0x000000070d400000| Untracked 
|  60|0x000000070d600000, 0x000000070d600000, 0x000000070d800000|  0%| F|  |TAMS 0x000000070d600000, 0x000000070d600000| Untracked 
|  61|0x000000070d800000, 0x000000070d800000, 0x000000070da00000|  0%| F|  |TAMS 0x000000070d800000, 0x000000070d800000| Untracked 
|  62|0x000000070da00000, 0x000000070da00000, 0x000000070dc00000|  0%| F|  |TAMS 0x000000070da00000, 0x000000070da00000| Untracked 
|  63|0x000000070dc00000, 0x000000070dc00000, 0x000000070de00000|  0%| F|  |TAMS 0x000000070dc00000, 0x000000070dc00000| Untracked 
|  64|0x000000070de00000, 0x000000070de00000, 0x000000070e000000|  0%| F|  |TAMS 0x000000070de00000, 0x000000070de00000| Untracked 
|  65|0x000000070e000000, 0x000000070e000000, 0x000000070e200000|  0%| F|  |TAMS 0x000000070e000000, 0x000000070e000000| Untracked 
|  66|0x000000070e200000, 0x000000070e200000, 0x000000070e400000|  0%| F|  |TAMS 0x000000070e200000, 0x000000070e200000| Untracked 
|  67|0x000000070e400000, 0x000000070e400000, 0x000000070e600000|  0%| F|  |TAMS 0x000000070e400000, 0x000000070e400000| Untracked 
|  68|0x000000070e600000, 0x000000070e600000, 0x000000070e800000|  0%| F|  |TAMS 0x000000070e600000, 0x000000070e600000| Untracked 
|  69|0x000000070e800000, 0x000000070e800000, 0x000000070ea00000|  0%| F|  |TAMS 0x000000070e800000, 0x000000070e800000| Untracked 
|  70|0x000000070ea00000, 0x000000070ea00000, 0x000000070ec00000|  0%| F|  |TAMS 0x000000070ea00000, 0x000000070ea00000| Untracked 
|  71|0x000000070ec00000, 0x000000070ec00000, 0x000000070ee00000|  0%| F|  |TAMS 0x000000070ec00000, 0x000000070ec00000| Untracked 
|  72|0x000000070ee00000, 0x000000070ee00000, 0x000000070f000000|  0%| F|  |TAMS 0x000000070ee00000, 0x000000070ee00000| Untracked 
|  73|0x000000070f000000, 0x000000070f000000, 0x000000070f200000|  0%| F|  |TAMS 0x000000070f000000, 0x000000070f000000| Untracked 
|  74|0x000000070f200000, 0x000000070f200000, 0x000000070f400000|  0%| F|  |TAMS 0x000000070f200000, 0x000000070f200000| Untracked 
|  75|0x000000070f400000, 0x000000070f400000, 0x000000070f600000|  0%| F|  |TAMS 0x000000070f400000, 0x000000070f400000| Untracked 
|  76|0x000000070f600000, 0x000000070f600000, 0x000000070f800000|  0%| F|  |TAMS 0x000000070f600000, 0x000000070f600000| Untracked 
|  77|0x000000070f800000, 0x000000070f800000, 0x000000070fa00000|  0%| F|  |TAMS 0x000000070f800000, 0x000000070f800000| Untracked 
|  78|0x000000070fa00000, 0x000000070fa00000, 0x000000070fc00000|  0%| F|  |TAMS 0x000000070fa00000, 0x000000070fa00000| Untracked 
|  79|0x000000070fc00000, 0x000000070fc00000, 0x000000070fe00000|  0%| F|  |TAMS 0x000000070fc00000, 0x000000070fc00000| Untracked 
|  80|0x000000070fe00000, 0x000000070fe00000, 0x0000000710000000|  0%| F|  |TAMS 0x000000070fe00000, 0x000000070fe00000| Untracked 
|  81|0x0000000710000000, 0x0000000710000000, 0x0000000710200000|  0%| F|  |TAMS 0x0000000710000000, 0x0000000710000000| Untracked 
|  82|0x0000000710200000, 0x0000000710200000, 0x0000000710400000|  0%| F|  |TAMS 0x0000000710200000, 0x0000000710200000| Untracked 
|  83|0x0000000710400000, 0x0000000710400000, 0x0000000710600000|  0%| F|  |TAMS 0x0000000710400000, 0x0000000710400000| Untracked 
|  84|0x0000000710600000, 0x0000000710600000, 0x0000000710800000|  0%| F|  |TAMS 0x0000000710600000, 0x0000000710600000| Untracked 
|  85|0x0000000710800000, 0x0000000710800000, 0x0000000710a00000|  0%| F|  |TAMS 0x0000000710800000, 0x0000000710800000| Untracked 
|  86|0x0000000710a00000, 0x0000000710a00000, 0x0000000710c00000|  0%| F|  |TAMS 0x0000000710a00000, 0x0000000710a00000| Untracked 
|  87|0x0000000710c00000, 0x0000000710c00000, 0x0000000710e00000|  0%| F|  |TAMS 0x0000000710c00000, 0x0000000710c00000| Untracked 
|  88|0x0000000710e00000, 0x0000000710e00000, 0x0000000711000000|  0%| F|  |TAMS 0x0000000710e00000, 0x0000000710e00000| Untracked 
|  89|0x0000000711000000, 0x0000000711000000, 0x0000000711200000|  0%| F|  |TAMS 0x0000000711000000, 0x0000000711000000| Untracked 
|  90|0x0000000711200000, 0x0000000711200000, 0x0000000711400000|  0%| F|  |TAMS 0x0000000711200000, 0x0000000711200000| Untracked 
|  91|0x0000000711400000, 0x0000000711400000, 0x0000000711600000|  0%| F|  |TAMS 0x0000000711400000, 0x0000000711400000| Untracked 
|  92|0x0000000711600000, 0x0000000711600000, 0x0000000711800000|  0%| F|  |TAMS 0x0000000711600000, 0x0000000711600000| Untracked 
|  93|0x0000000711800000, 0x0000000711800000, 0x0000000711a00000|  0%| F|  |TAMS 0x0000000711800000, 0x0000000711800000| Untracked 
|  94|0x0000000711a00000, 0x0000000711a00000, 0x0000000711c00000|  0%| F|  |TAMS 0x0000000711a00000, 0x0000000711a00000| Untracked 
|  95|0x0000000711c00000, 0x0000000711c00000, 0x0000000711e00000|  0%| F|  |TAMS 0x0000000711c00000, 0x0000000711c00000| Untracked 
|  96|0x0000000711e00000, 0x0000000711e00000, 0x0000000712000000|  0%| F|  |TAMS 0x0000000711e00000, 0x0000000711e00000| Untracked 
|  97|0x0000000712000000, 0x0000000712000000, 0x0000000712200000|  0%| F|  |TAMS 0x0000000712000000, 0x0000000712000000| Untracked 
|  98|0x0000000712200000, 0x0000000712200000, 0x0000000712400000|  0%| F|  |TAMS 0x0000000712200000, 0x0000000712200000| Untracked 
|  99|0x0000000712400000, 0x0000000712400000, 0x0000000712600000|  0%| F|  |TAMS 0x0000000712400000, 0x0000000712400000| Untracked 
| 100|0x0000000712600000, 0x0000000712600000, 0x0000000712800000|  0%| F|  |TAMS 0x0000000712600000, 0x0000000712600000| Untracked 
| 101|0x0000000712800000, 0x0000000712800000, 0x0000000712a00000|  0%| F|  |TAMS 0x0000000712800000, 0x0000000712800000| Untracked 
| 102|0x0000000712a00000, 0x0000000712a00000, 0x0000000712c00000|  0%| F|  |TAMS 0x0000000712a00000, 0x0000000712a00000| Untracked 
| 103|0x0000000712c00000, 0x0000000712c00000, 0x0000000712e00000|  0%| F|  |TAMS 0x0000000712c00000, 0x0000000712c00000| Untracked 
| 104|0x0000000712e00000, 0x0000000712e00000, 0x0000000713000000|  0%| F|  |TAMS 0x0000000712e00000, 0x0000000712e00000| Untracked 
| 105|0x0000000713000000, 0x0000000713000000, 0x0000000713200000|  0%| F|  |TAMS 0x0000000713000000, 0x0000000713000000| Untracked 
| 106|0x0000000713200000, 0x0000000713200000, 0x0000000713400000|  0%| F|  |TAMS 0x0000000713200000, 0x0000000713200000| Untracked 
| 107|0x0000000713400000, 0x0000000713400000, 0x0000000713600000|  0%| F|  |TAMS 0x0000000713400000, 0x0000000713400000| Untracked 
| 108|0x0000000713600000, 0x0000000713600000, 0x0000000713800000|  0%| F|  |TAMS 0x0000000713600000, 0x0000000713600000| Untracked 
| 109|0x0000000713800000, 0x0000000713800000, 0x0000000713a00000|  0%| F|  |TAMS 0x0000000713800000, 0x0000000713800000| Untracked 
| 110|0x0000000713a00000, 0x0000000713a00000, 0x0000000713c00000|  0%| F|  |TAMS 0x0000000713a00000, 0x0000000713a00000| Untracked 
| 111|0x0000000713c00000, 0x0000000713c00000, 0x0000000713e00000|  0%| F|  |TAMS 0x0000000713c00000, 0x0000000713c00000| Untracked 
| 112|0x0000000713e00000, 0x0000000713e00000, 0x0000000714000000|  0%| F|  |TAMS 0x0000000713e00000, 0x0000000713e00000| Untracked 
| 113|0x0000000714000000, 0x0000000714000000, 0x0000000714200000|  0%| F|  |TAMS 0x0000000714000000, 0x0000000714000000| Untracked 
| 114|0x0000000714200000, 0x0000000714200000, 0x0000000714400000|  0%| F|  |TAMS 0x0000000714200000, 0x0000000714200000| Untracked 
| 115|0x0000000714400000, 0x0000000714400000, 0x0000000714600000|  0%| F|  |TAMS 0x0000000714400000, 0x0000000714400000| Untracked 
| 116|0x0000000714600000, 0x00000007147649f8, 0x0000000714800000| 69%| E|  |TAMS 0x0000000714600000, 0x0000000714600000| Complete 
| 117|0x0000000714800000, 0x0000000714a00000, 0x0000000714a00000|100%| E|CS|TAMS 0x0000000714800000, 0x0000000714800000| Complete 
| 118|0x0000000714a00000, 0x0000000714c00000, 0x0000000714c00000|100%| E|  |TAMS 0x0000000714a00000, 0x0000000714a00000| Complete 
| 119|0x0000000714c00000, 0x0000000714e00000, 0x0000000714e00000|100%| E|CS|TAMS 0x0000000714c00000, 0x0000000714c00000| Complete 
| 120|0x0000000714e00000, 0x0000000715000000, 0x0000000715000000|100%| E|CS|TAMS 0x0000000714e00000, 0x0000000714e00000| Complete 
| 121|0x0000000715000000, 0x0000000715200000, 0x0000000715200000|100%| E|CS|TAMS 0x0000000715000000, 0x0000000715000000| Complete 
| 122|0x0000000715200000, 0x0000000715400000, 0x0000000715400000|100%| E|CS|TAMS 0x0000000715200000, 0x0000000715200000| Complete 
| 123|0x0000000715400000, 0x0000000715600000, 0x0000000715600000|100%| E|CS|TAMS 0x0000000715400000, 0x0000000715400000| Complete 
| 124|0x0000000715600000, 0x0000000715800000, 0x0000000715800000|100%| E|CS|TAMS 0x0000000715600000, 0x0000000715600000| Complete 
| 125|0x0000000715800000, 0x0000000715a00000, 0x0000000715a00000|100%| E|CS|TAMS 0x0000000715800000, 0x0000000715800000| Complete 

Card table byte_map: [0x0000021ef9ed0000,0x0000021efa6b0000] _byte_map_base: 0x0000021ef66a1000

Marking Bits (Prev, Next): (CMBitMap*) 0x0000021ef8e20e70, (CMBitMap*) 0x0000021ef8e20eb0
 Prev Bits: [0x0000021efae90000, 0x0000021efed18000)
 Next Bits: [0x0000021e96ea0000, 0x0000021e9ad28000)

Polling page: 0x0000021ef6d80000

Metaspace:

Usage:
  Non-class:      3.18 MB used.
      Class:    360.35 KB used.
       Both:      3.53 MB used.

Virtual space:
  Non-class space:       64.00 MB reserved,       3.25 MB (  5%) committed,  1 nodes.
      Class space:        1.00 GB reserved,     448.00 KB ( <1%) committed,  1 nodes.
             Both:        1.06 GB reserved,       3.69 MB ( <1%) committed. 

Chunk freelists:
   Non-Class:  2.89 MB
       Class:  3.58 MB
        Both:  6.46 MB

MaxMetaspaceSize: unlimited
CompressedClassSpaceSize: 1.00 GB
Initial GC threshold: 21.00 MB
Current GC threshold: 21.00 MB
CDS: on
MetaspaceReclaimPolicy: balanced
 - commit_granule_bytes: 65536.
 - commit_granule_words: 8192.
 - virtual_space_node_default_size: 8388608.
 - enlarge_chunks_in_place: 1.
 - new_chunks_are_fully_committed: 0.
 - uncommit_free_chunks: 1.
 - use_allocation_guard: 0.


Internal statistics:

num_allocs_failed_limit: 0.
num_arena_births: 46.
num_arena_deaths: 0.
num_vsnodes_births: 2.
num_vsnodes_deaths: 0.
num_space_committed: 59.
num_space_uncommitted: 0.
num_chunks_returned_to_freelist: 0.
num_chunks_taken_from_freelist: 122.
num_chunk_merges: 0.
num_chunk_splits: 71.
num_chunks_enlarged: 50.
num_inconsistent_stats: 0.

CodeHeap 'non-profiled nmethods': size=119168Kb used=283Kb max_used=283Kb free=118884Kb
 bounds [0x0000021e8fa40000, 0x0000021e8fcb0000, 0x0000021e96ea0000]
CodeHeap 'profiled nmethods': size=119104Kb used=1719Kb max_used=1719Kb free=117384Kb
 bounds [0x0000021e87ea0000, 0x0000021e88110000, 0x0000021e8f2f0000]
CodeHeap 'non-nmethods': size=7488Kb used=2936Kb max_used=2958Kb free=4551Kb
 bounds [0x0000021e8f2f0000, 0x0000021e8f5e0000, 0x0000021e8fa40000]
 total_blobs=1390 nmethods=933 adapters=365
 compilation: enabled
              stopped_count=0, restarted_count=0
 full_count=0

Compilation events (20 events):
Event: 0.215 Thread 0x0000021eff999710 nmethod 883 0x0000021e8801f290 code [0x0000021e8801f460, 0x0000021e8801f628]
Event: 0.215 Thread 0x0000021eff999710  885       3       jdk.internal.org.objectweb.asm.AnnotationWriter::putAnnotations (67 bytes)
Event: 0.215 Thread 0x0000021ea10208f0 nmethod 884 0x0000021e8801f790 code [0x0000021e8801f940, 0x0000021e8801fc18]
Event: 0.215 Thread 0x0000021ea132c850 nmethod 882 0x0000021e8801fd10 code [0x0000021e8801ffa0, 0x0000021e88020888]
Event: 0.215 Thread 0x0000021ea132c850  886       3       java.lang.invoke.MemberName::checkForTypeAlias (172 bytes)
Event: 0.215 Thread 0x0000021eff999710 nmethod 885 0x0000021e88020d90 code [0x0000021e88020fc0, 0x0000021e880213f8]
Event: 0.216 Thread 0x0000021ea132c850 nmethod 886 0x0000021e88021690 code [0x0000021e88021ae0, 0x0000021e88023858]
Event: 0.216 Thread 0x0000021eff999710  887       3       java.lang.StringLatin1::indexOf (25 bytes)
Event: 0.216 Thread 0x0000021eff999710 nmethod 887 0x0000021e88024110 code [0x0000021e880242c0, 0x0000021e880244c8]
Event: 0.217 Thread 0x0000021ea1138990 nmethod 859 0x0000021e88024590 code [0x0000021e88025a40, 0x0000021e88032d28]
Event: 0.219 Thread 0x0000021ea10208f0  891       1       java.util.logging.LogManager$LoggerContext::getOwner (5 bytes)
Event: 0.219 Thread 0x0000021ea10208f0 nmethod 891 0x0000021e8fa81d90 code [0x0000021e8fa81f20, 0x0000021e8fa81ff8]
Event: 0.220 Thread 0x0000021ea1138990  893       3       java.lang.invoke.MethodType::toMethodDescriptorString (28 bytes)
Event: 0.220 Thread 0x0000021ea132c850  894       3       sun.invoke.util.Wrapper::forBasicType (103 bytes)
Event: 0.220 Thread 0x0000021ea1138990 nmethod 893 0x0000021e88037c10 code [0x0000021e88037dc0, 0x0000021e88037fa8]
Event: 0.220 Thread 0x0000021ea132c850 nmethod 894 0x0000021e88038090 code [0x0000021e880382a0, 0x0000021e880387b8]
Event: 0.220 Thread 0x0000021ea132c850  895  s    3       jdk.internal.loader.Resource::cachedInputStream (20 bytes)
Event: 0.220 Thread 0x0000021ea132c850 nmethod 895 0x0000021e88038890 code [0x0000021e88038a40, 0x0000021e88038d68]
Event: 0.220 Thread 0x0000021ea12cd540 nmethod 871 0x0000021e8fa82390 code [0x0000021e8fa825e0, 0x0000021e8fa83200]
Event: 0.221 Thread 0x0000021ea12cd540  889       4       java.lang.StringLatin1::indexOf (121 bytes)

GC Heap History (0 events):
No events

Dll operation events (9 events):
Event: 0.004 Loaded shared library C:\Program Files\Java\jdk-19\bin\java.dll
Event: 0.010 Loaded shared library C:\Program Files\Java\jdk-19\bin\jsvml.dll
Event: 0.032 Loaded shared library C:\Program Files\Java\jdk-19\bin\net.dll
Event: 0.032 Loaded shared library C:\Program Files\Java\jdk-19\bin\nio.dll
Event: 0.034 Loaded shared library C:\Program Files\Java\jdk-19\bin\zip.dll
Event: 0.058 Loaded shared library C:\Program Files\Java\jdk-19\bin\management.dll
Event: 0.060 Loaded shared library C:\Program Files\Java\jdk-19\bin\management_ext.dll
Event: 0.081 Loaded shared library C:\Program Files\Java\jdk-19\bin\jimage.dll
Event: 0.112 Loaded shared library C:\Program Files\Java\jdk-19\bin\verify.dll

Deoptimization events (20 events):
Event: 0.126 Thread 0x0000021ea14413e0 Uncommon trap: trap_request=0xffffff45 fr.pc=0x0000021e8fa5d388 relative=0x0000000000000708
Event: 0.126 Thread 0x0000021ea14413e0 Uncommon trap: reason=unstable_if action=reinterpret pc=0x0000021e8fa5d388 method=java.util.regex.Pattern$Start.match(Ljava/util/regex/Matcher;ILjava/lang/CharSequence;)Z @ 10 c2
Event: 0.126 Thread 0x0000021ea14413e0 DEOPT PACKING pc=0x0000021e8fa5d388 sp=0x00000058b58fef30
Event: 0.126 Thread 0x0000021ea14413e0 DEOPT UNPACKING pc=0x0000021e8f356da3 sp=0x00000058b58fee90 mode 2
Event: 0.153 Thread 0x0000021ef8dadc80 DEOPT PACKING pc=0x0000021e87f7f55e sp=0x00000058b3ffe950
Event: 0.153 Thread 0x0000021ef8dadc80 DEOPT UNPACKING pc=0x0000021e8f357543 sp=0x00000058b3ffde28 mode 0
Event: 0.158 Thread 0x0000021ef8dadc80 DEOPT PACKING pc=0x0000021e87f8f5b4 sp=0x00000058b3ffebf0
Event: 0.158 Thread 0x0000021ef8dadc80 DEOPT UNPACKING pc=0x0000021e8f357543 sp=0x00000058b3ffe060 mode 0
Event: 0.159 Thread 0x0000021ef8dadc80 DEOPT PACKING pc=0x0000021e87f8f5b4 sp=0x00000058b3ffebf0
Event: 0.159 Thread 0x0000021ef8dadc80 DEOPT UNPACKING pc=0x0000021e8f357543 sp=0x00000058b3ffe060 mode 0
Event: 0.160 Thread 0x0000021ef8dadc80 DEOPT PACKING pc=0x0000021e87eb9268 sp=0x00000058b3ffea40
Event: 0.160 Thread 0x0000021ef8dadc80 DEOPT UNPACKING pc=0x0000021e8f357543 sp=0x00000058b3ffded0 mode 0
Event: 0.161 Thread 0x0000021ef8dadc80 DEOPT PACKING pc=0x0000021e87eb9268 sp=0x00000058b3ffea40
Event: 0.161 Thread 0x0000021ef8dadc80 DEOPT UNPACKING pc=0x0000021e8f357543 sp=0x00000058b3ffded0 mode 0
Event: 0.175 Thread 0x0000021ef8dadc80 Uncommon trap: trap_request=0xffffff45 fr.pc=0x0000021e8fa67584 relative=0x0000000000000064
Event: 0.175 Thread 0x0000021ef8dadc80 Uncommon trap: reason=unstable_if action=reinterpret pc=0x0000021e8fa67584 method=java.io.WinNTFileSystem.isSlash(C)Z @ 9 c2
Event: 0.175 Thread 0x0000021ef8dadc80 DEOPT PACKING pc=0x0000021e8fa67584 sp=0x00000058b3ffe5a0
Event: 0.175 Thread 0x0000021ef8dadc80 DEOPT UNPACKING pc=0x0000021e8f356da3 sp=0x00000058b3ffe528 mode 2
Event: 0.219 Thread 0x0000021ef8dadc80 DEOPT PACKING pc=0x0000021e87fa5265 sp=0x00000058b3ffa150
Event: 0.219 Thread 0x0000021ef8dadc80 DEOPT UNPACKING pc=0x0000021e8f357543 sp=0x00000058b3ff95a0 mode 0

Classes loaded (20 events):
Event: 0.196 Loading class java/util/stream/MatchOps$MatchKind
Event: 0.196 Loading class java/util/stream/MatchOps$MatchKind done
Event: 0.196 Loading class java/util/stream/MatchOps
Event: 0.196 Loading class java/util/stream/MatchOps done
Event: 0.196 Loading class java/util/stream/MatchOps$MatchOp
Event: 0.196 Loading class java/util/stream/MatchOps$MatchOp done
Event: 0.196 Loading class java/util/stream/MatchOps$BooleanTerminalSink
Event: 0.196 Loading class java/util/stream/MatchOps$BooleanTerminalSink done
Event: 0.196 Loading class java/util/stream/MatchOps$1MatchSink
Event: 0.196 Loading class java/util/stream/MatchOps$1MatchSink done
Event: 0.197 Loading class java/io/UnsupportedEncodingException
Event: 0.197 Loading class java/io/UnsupportedEncodingException done
Event: 0.197 Loading class java/lang/AssertionError
Event: 0.197 Loading class java/lang/AssertionError done
Event: 0.197 Loading class java/util/Formatter$FixedString
Event: 0.197 Loading class java/util/Formatter$FixedString done
Event: 0.198 Loading class java/net/URLEncoder
Event: 0.198 Loading class java/net/URLEncoder done
Event: 0.198 Loading class java/util/BitSet
Event: 0.198 Loading class java/util/BitSet done

Classes unloaded (0 events):
No events

Classes redefined (0 events):
No events

Internal exceptions (12 events):
Event: 0.054 Thread 0x0000021ef8dadc80 Exception <a 'java/lang/NoSuchMethodError'{0x00000007156d1588}: 'java.lang.Object java.lang.invoke.DirectMethodHandle$Holder.invokeStaticInit(java.lang.Object)'> (0x00000007156d1588) 
thrown [s\open\src\hotspot\share\interpreter\linkResolver.cpp, line 774]
Event: 0.067 Thread 0x0000021ef8dadc80 Exception <a 'java/lang/NoSuchMethodError'{0x0000000715779ee0}: 'int java.lang.invoke.DirectMethodHandle$Holder.invokeSpecial(java.lang.Object, java.lang.Object, java.lang.Object)'> (0x0000000715779ee0) 
thrown [s\open\src\hotspot\share\interpreter\linkResolver.cpp, line 774]
Event: 0.118 Thread 0x0000021ea14413e0 Exception <a 'java/lang/NoSuchMethodError'{0x00000007155f8df0}: 'void java.lang.invoke.DirectMethodHandle$Holder.invokeStatic(java.lang.Object, long)'> (0x00000007155f8df0) 
thrown [s\open\src\hotspot\share\interpreter\linkResolver.cpp, line 774]
Event: 0.119 Thread 0x0000021ea14413e0 Exception <a 'java/lang/NoSuchMethodError'{0x00000007155fe4e8}: 'java.lang.Object java.lang.invoke.DirectMethodHandle$Holder.newInvokeSpecial(java.lang.Object, long)'> (0x00000007155fe4e8) 
thrown [s\open\src\hotspot\share\interpreter\linkResolver.cpp, line 774]
Event: 0.121 Thread 0x0000021ea14413e0 Exception <a 'java/lang/NoSuchMethodError'{0x00000007152ec898}: 'java.lang.Object java.lang.invoke.DirectMethodHandle$Holder.invokeStatic(java.lang.Object, long, java.lang.Object)'> (0x00000007152ec898) 
thrown [s\open\src\hotspot\share\interpreter\linkResolver.cpp, line 774]
Event: 0.121 Thread 0x0000021ea14413e0 Exception <a 'java/lang/NoSuchMethodError'{0x00000007152f02c8}: 'java.lang.Object java.lang.invoke.DirectMethodHandle$Holder.invokeStaticInit(java.lang.Object, long, java.lang.Object)'> (0x00000007152f02c8) 
thrown [s\open\src\hotspot\share\interpreter\linkResolver.cpp, line 774]
Event: 0.180 Thread 0x0000021ef8dadc80 Exception <a 'java/lang/NoSuchMethodError'{0x0000000714ba51d0}: 'void java.lang.invoke.DirectMethodHandle$Holder.invokeStatic(java.lang.Object, java.lang.Object, java.lang.Object)'> (0x0000000714ba51d0) 
thrown [s\open\src\hotspot\share\interpreter\linkResolver.cpp, line 774]
Event: 0.192 Thread 0x0000021ef8dadc80 Exception <a 'java/lang/NoSuchMethodError'{0x00000007148466d8}: 'void java.lang.invoke.DirectMethodHandle$Holder.invokeSpecial(java.lang.Object, java.lang.Object, java.lang.Object)'> (0x00000007148466d8) 
thrown [s\open\src\hotspot\share\interpreter\linkResolver.cpp, line 774]
Event: 0.195 Thread 0x0000021ef8dadc80 Exception <a 'java/lang/NoSuchMethodError'{0x0000000714873e80}: 'int java.lang.invoke.DirectMethodHandle$Holder.invokeVirtual(java.lang.Object, java.lang.Object)'> (0x0000000714873e80) 
thrown [s\open\src\hotspot\share\interpreter\linkResolver.cpp, line 774]
Event: 0.198 Thread 0x0000021ef8dadc80 Exception <a 'java/lang/NoSuchMethodError'{0x00000007149025e8}: 'java.lang.Object java.lang.invoke.DirectMethodHandle$Holder.invokeStaticInit(java.lang.Object, int)'> (0x00000007149025e8) 
thrown [s\open\src\hotspot\share\interpreter\linkResolver.cpp, line 774]
Event: 0.220 Thread 0x0000021ef8dadc80 Exception <a 'java/lang/NoSuchMethodError'{0x000000071461fc00}: 'void java.lang.invoke.DirectMethodHandle$Holder.invokeInterface(java.lang.Object, java.lang.Object)'> (0x000000071461fc00) 
thrown [s\open\src\hotspot\share\interpreter\linkResolver.cpp, line 774]
Event: 0.220 Thread 0x0000021ef8dadc80 Exception <a 'java/lang/IncompatibleClassChangeError'{0x0000000714623398}: Found class java.lang.Object, but interface was expected> (0x0000000714623398) 
thrown [s\open\src\hotspot\share\interpreter\linkResolver.cpp, line 841]

VM Operations (14 events):
Event: 0.034 Executing VM operation: HandshakeAllThreads
Event: 0.034 Executing VM operation: HandshakeAllThreads done
Event: 0.097 Executing VM operation: HandshakeAllThreads
Event: 0.097 Executing VM operation: HandshakeAllThreads done
Event: 0.105 Executing VM operation: HandshakeAllThreads
Event: 0.105 Executing VM operation: HandshakeAllThreads done
Event: 0.106 Executing VM operation: HandshakeAllThreads
Event: 0.106 Executing VM operation: HandshakeAllThreads done
Event: 0.161 Executing VM operation: HandshakeAllThreads
Event: 0.161 Executing VM operation: HandshakeAllThreads done
Event: 0.174 Executing VM operation: HandshakeAllThreads
Event: 0.174 Executing VM operation: HandshakeAllThreads done
Event: 0.189 Executing VM operation: HandshakeAllThreads
Event: 0.189 Executing VM operation: HandshakeAllThreads done

Events (19 events):
Event: 0.010 Thread 0x0000021ef8dadc80 Thread added: 0x0000021ef8dadc80
Event: 0.018 Thread 0x0000021ea1002740 Thread added: 0x0000021ea1002740
Event: 0.018 Thread 0x0000021ea1003070 Thread added: 0x0000021ea1003070
Event: 0.019 Thread 0x0000021ea1007f20 Thread added: 0x0000021ea1007f20
Event: 0.019 Thread 0x0000021ea1009a60 Thread added: 0x0000021ea1009a60
Event: 0.019 Thread 0x0000021ea100e4b0 Thread added: 0x0000021ea100e4b0
Event: 0.019 Thread 0x0000021ea10122e0 Thread added: 0x0000021ea10122e0
Event: 0.020 Thread 0x0000021ea1016f60 Thread added: 0x0000021ea1016f60
Event: 0.020 Thread 0x0000021ea10208f0 Thread added: 0x0000021ea10208f0
Event: 0.020 Thread 0x0000021ea10519e0 Thread added: 0x0000021ea10519e0
Event: 0.026 Thread 0x0000021eff999710 Thread added: 0x0000021eff999710
Event: 0.027 Thread 0x0000021ea1138990 Thread added: 0x0000021ea1138990
Event: 0.028 Thread 0x0000021ea1176240 Thread added: 0x0000021ea1176240
Event: 0.030 Thread 0x0000021ea1178bf0 Thread added: 0x0000021ea1178bf0
Event: 0.045 Thread 0x0000021ea11bbd00 Thread added: 0x0000021ea11bbd00
Event: 0.087 Thread 0x0000021ea12cd540 Thread added: 0x0000021ea12cd540
Event: 0.088 Thread 0x0000021ea132c0b0 Thread added: 0x0000021ea132c0b0
Event: 0.089 Thread 0x0000021ea132c850 Thread added: 0x0000021ea132c850
Event: 0.105 Thread 0x0000021ea14413e0 Thread added: 0x0000021ea14413e0


Dynamic libraries:
0x00007ff785020000 - 0x00007ff785030000 	C:\Program Files\Java\jdk-19\bin\java.exe
0x00007ffd7bcb0000 - 0x00007ffd7bec7000 	C:\WINDOWS\SYSTEM32\ntdll.dll
0x00007ffd7a350000 - 0x00007ffd7a414000 	C:\WINDOWS\System32\KERNEL32.DLL
0x00007ffd78f80000 - 0x00007ffd79339000 	C:\WINDOWS\System32\KERNELBASE.dll
0x00007ffd795c0000 - 0x00007ffd796d1000 	C:\WINDOWS\System32\ucrtbase.dll
0x00007ffd66030000 - 0x00007ffd66048000 	C:\Program Files\Java\jdk-19\bin\jli.dll
0x00007ffd5bc00000 - 0x00007ffd5bc1b000 	C:\Program Files\Java\jdk-19\bin\VCRUNTIME140.dll
0x00007ffd7b060000 - 0x00007ffd7b112000 	C:\WINDOWS\System32\ADVAPI32.dll
0x00007ffd7b580000 - 0x00007ffd7b627000 	C:\WINDOWS\System32\msvcrt.dll
0x00007ffd7a2a0000 - 0x00007ffd7a347000 	C:\WINDOWS\System32\sechost.dll
0x00007ffd79970000 - 0x00007ffd79998000 	C:\WINDOWS\System32\bcrypt.dll
0x00007ffd7aca0000 - 0x00007ffd7adb4000 	C:\WINDOWS\System32\RPCRT4.dll
0x00007ffd66700000 - 0x00007ffd66992000 	C:\WINDOWS\WinSxS\amd64_microsoft.windows.common-controls_6595b64144ccf1df_6.0.22621.4391_none_2715d37f73803e96\COMCTL32.dll
0x00007ffd7ae20000 - 0x00007ffd7afce000 	C:\WINDOWS\System32\USER32.dll
0x00007ffd79940000 - 0x00007ffd79966000 	C:\WINDOWS\System32\win32u.dll
0x00007ffd7b550000 - 0x00007ffd7b579000 	C:\WINDOWS\System32\GDI32.dll
0x00007ffd79820000 - 0x00007ffd7993b000 	C:\WINDOWS\System32\gdi32full.dll
0x00007ffd70560000 - 0x00007ffd7056a000 	C:\WINDOWS\SYSTEM32\VERSION.dll
0x00007ffd79520000 - 0x00007ffd795ba000 	C:\WINDOWS\System32\msvcp_win.dll
0x00007ffd7b230000 - 0x00007ffd7b261000 	C:\WINDOWS\System32\IMM32.DLL
0x00007ffd67f00000 - 0x00007ffd67f0c000 	C:\Program Files\Java\jdk-19\bin\vcruntime140_1.dll
0x00007ffd23400000 - 0x00007ffd2348e000 	C:\Program Files\Java\jdk-19\bin\msvcp140.dll
0x00007ffcb71f0000 - 0x00007ffcb7eb0000 	C:\Program Files\Java\jdk-19\bin\server\jvm.dll
0x00007ffd716c0000 - 0x00007ffd716f4000 	C:\WINDOWS\SYSTEM32\WINMM.dll
0x00007ffd73060000 - 0x00007ffd73069000 	C:\WINDOWS\SYSTEM32\WSOCK32.dll
0x00007ffd7afd0000 - 0x00007ffd7b041000 	C:\WINDOWS\System32\WS2_32.dll
0x00007ffd780b0000 - 0x00007ffd780c8000 	C:\WINDOWS\SYSTEM32\kernel.appcore.dll
0x00007ffd67bb0000 - 0x00007ffd67bba000 	C:\Program Files\Java\jdk-19\bin\jimage.dll
0x00007ffd76770000 - 0x00007ffd769a2000 	C:\WINDOWS\SYSTEM32\DBGHELP.DLL
0x00007ffd7b8b0000 - 0x00007ffd7bc3f000 	C:\WINDOWS\System32\combase.dll
0x00007ffd79f20000 - 0x00007ffd79ff7000 	C:\WINDOWS\System32\OLEAUT32.dll
0x00007ffd6dcf0000 - 0x00007ffd6dd22000 	C:\WINDOWS\SYSTEM32\dbgcore.DLL
0x00007ffd797a0000 - 0x00007ffd7981b000 	C:\WINDOWS\System32\bcryptPrimitives.dll
0x00007ffd448c0000 - 0x00007ffd448e6000 	C:\Program Files\Java\jdk-19\bin\java.dll
0x00007ffd1b550000 - 0x00007ffd1b627000 	C:\Program Files\Java\jdk-19\bin\jsvml.dll
0x00007ffd7a420000 - 0x00007ffd7ac96000 	C:\WINDOWS\System32\SHELL32.dll
0x00007ffd76e90000 - 0x00007ffd77793000 	C:\WINDOWS\SYSTEM32\windows.storage.dll
0x00007ffd76d40000 - 0x00007ffd76e7f000 	C:\WINDOWS\SYSTEM32\wintypes.dll
0x00007ffd7b130000 - 0x00007ffd7b229000 	C:\WINDOWS\System32\SHCORE.dll
0x00007ffd7b690000 - 0x00007ffd7b6ee000 	C:\WINDOWS\System32\shlwapi.dll
0x00007ffd78eb0000 - 0x00007ffd78edb000 	C:\WINDOWS\SYSTEM32\profapi.dll
0x00007ffd4d180000 - 0x00007ffd4d193000 	C:\Program Files\Java\jdk-19\bin\net.dll
0x00007ffd749d0000 - 0x00007ffd74b06000 	C:\WINDOWS\SYSTEM32\WINHTTP.dll
0x00007ffd78530000 - 0x00007ffd78599000 	C:\WINDOWS\system32\mswsock.dll
0x00007ffd48b90000 - 0x00007ffd48ba6000 	C:\Program Files\Java\jdk-19\bin\nio.dll
0x00007ffd3c6f0000 - 0x00007ffd3c708000 	C:\Program Files\Java\jdk-19\bin\zip.dll
0x00007ffd730f0000 - 0x00007ffd730fa000 	C:\Program Files\Java\jdk-19\bin\management.dll
0x00007ffd6c990000 - 0x00007ffd6c99b000 	C:\Program Files\Java\jdk-19\bin\management_ext.dll
0x00007ffd7b290000 - 0x00007ffd7b298000 	C:\WINDOWS\System32\PSAPI.DLL
0x00007ffd5eb00000 - 0x00007ffd5eb10000 	C:\Program Files\Java\jdk-19\bin\verify.dll

dbghelp: loaded successfully - version: 4.0.5 - missing functions: none
symbol engine: initialized successfully - sym options: 0x614 - pdb path: .;C:\Program Files\Java\jdk-19\bin;C:\WINDOWS\SYSTEM32;C:\WINDOWS\WinSxS\amd64_microsoft.windows.common-controls_6595b64144ccf1df_6.0.22621.4391_none_2715d37f73803e96;C:\Program Files\Java\jdk-19\bin\server

VM Arguments:
java_command: C:\Users\99293\AppData\Local\Temp\surefire10442822577704606464\surefirebooter18132110205114097558.jar C:\Users\99293\AppData\Local\Temp\surefire10442822577704606464 2024-12-08T19-23-28_400-jvmRun1 surefire4763621632420441691tmp surefire_07818474727694959609tmp
java_class_path (initial): C:\Users\99293\AppData\Local\Temp\surefire10442822577704606464\surefirebooter18132110205114097558.jar
Launcher Type: SUN_STANDARD

[Global flags]
     intx CICompilerCount                          = 12                                        {product} {ergonomic}
     uint ConcGCThreads                            = 3                                         {product} {ergonomic}
     uint G1ConcRefinementThreads                  = 13                                        {product} {ergonomic}
   size_t G1HeapRegionSize                         = 2097152                                   {product} {ergonomic}
    uintx GCDrainStackTargetSize                   = 64                                        {product} {ergonomic}
   size_t InitialHeapSize                          = 264241152                                 {product} {ergonomic}
   size_t MarkStackSize                            = 4194304                                   {product} {ergonomic}
   size_t MaxHeapSize                              = 4196401152                                {product} {ergonomic}
   size_t MaxNewSize                               = 2516582400                                {product} {ergonomic}
   size_t MinHeapDeltaBytes                        = 2097152                                   {product} {ergonomic}
   size_t MinHeapSize                              = 8388608                                   {product} {ergonomic}
    uintx NonNMethodCodeHeapSize                   = 7602480                                {pd product} {ergonomic}
    uintx NonProfiledCodeHeapSize                  = 122027880                              {pd product} {ergonomic}
    uintx ProfiledCodeHeapSize                     = 122027880                              {pd product} {ergonomic}
    uintx ReservedCodeCacheSize                    = 251658240                              {pd product} {ergonomic}
     bool SegmentedCodeCache                       = true                                      {product} {ergonomic}
   size_t SoftMaxHeapSize                          = 4196401152                             {manageable} {ergonomic}
     bool UseCompressedClassPointers               = true                           {product lp64_product} {ergonomic}
     bool UseCompressedOops                        = true                           {product lp64_product} {ergonomic}
     bool UseG1GC                                  = true                                      {product} {ergonomic}
     bool UseLargePagesIndividualAllocation        = false                                  {pd product} {ergonomic}

Logging:
Log output configuration:
 #0: stdout all=warning uptime,level,tags foldmultilines=false
 #1: stderr all=off uptime,level,tags foldmultilines=false

Environment Variables:
JAVA_HOME=C:\Program Files\Java\jdk-19
PATH=C:\Program Files\Common Files\Oracle\Java\javapath;C:\Windows\system32;C:\Windows;C:\Windows\System32\Wbem;C:\Windows\System32\WindowsPowerShell\v1.0\;C:\Windows\System32\OpenSSH\;C:\Program Files (x86)\NVIDIA Corporation\PhysX\Common;C:\Program Files\NVIDIA Corporation\NVIDIA NvDLISR;C:\Program Files (x86)\dotnet\;C:\WINDOWS\system32;C:\WINDOWS;C:\WINDOWS\System32\Wbem;C:\WINDOWS\System32\WindowsPowerShell\v1.0\;C:\WINDOWS\System32\OpenSSH\;C:\Program Files\Java\jdk-19\bin;C:\Program Files\Git\cmd;C:\Users\99293\AppData\Local\Programs\Python\Python311\Scripts\;C:\Users\99293\AppData\Local\Programs\Python\Python311\;C:\Users\99293\AppData\Local\Microsoft\WindowsApps;;C:\Program Files\JetBrains\IntelliJ IDEA 2022.1.2\bin;;C:\Program Files\heroku\bin
USERNAME=ASUS
OS=Windows_NT
PROCESSOR_IDENTIFIER=Intel64 Family 6 Model 154 Stepping 3, GenuineIntel
TMP=C:\Users\99293\AppData\Local\Temp
TEMP=C:\Users\99293\AppData\Local\Temp



---------------  S Y S T E M  ---------------

OS:
 Windows 11 , 64 bit Build 22621 (10.0.22621.4391)
OS uptime: 2 days 5:51 hours
Hyper-V role detected

CPU: total 16 (initial active 16) (8 cores per cpu, 2 threads per core) family 6 model 154 stepping 3 microcode 0x429, cx8, cmov, fxsr, ht, mmx, 3dnowpref, sse, sse2, sse3, ssse3, sse4.1, sse4.2, popcnt, lzcnt, tsc, tscinvbit, avx, avx2, aes, erms, clmul, bmi1, bmi2, adx, sha, fma, vzeroupper, clflush, clflushopt, clwb, hv, serialize, rdtscp, rdpid, fsrm

Memory: 4k page, system-wide physical 16004M (1729M free)
TotalPageFile size 18052M (AvailPageFile size 4M)
current process WorkingSet (physical memory assigned to process): 73M, peak: 73M
current process commit charge ("private bytes"): 371M, peak: 371M

vm_info: Java HotSpot(TM) 64-Bit Server VM (19.0.2+7-44) for windows-amd64 JRE (19.0.2+7-44), built on 2022-11-30T18:02:09Z by "mach5one" with MS VC++ 17.1 (VS2022)

END.
