#
# There is insufficient memory for the Java Runtime Environment to continue.
# Native memory allocation (mmap) failed to map 264241152 bytes for Failed to commit area from 0x0000000705e00000 to 0x0000000715a00000 of length 264241152.
# Possible reasons:
#   The system is out of physical RAM or swap space
#   The process is running with CompressedOops enabled, and the Java Heap may be blocking the growth of the native heap
# Possible solutions:
#   Reduce memory load on the system
#   Increase physical memory or swap space
#   Check if swap backing store is full
#   Decrease Java heap size (-Xmx/-Xms)
#   Decrease number of Java threads
#   Decrease Java thread stack sizes (-Xss)
#   Set larger code cache with -XX:ReservedCodeCacheSize=
# This output file may be truncated or incomplete.
#
#  Out of Memory Error (src/hotspot/os/windows/os_windows.cpp:3627), pid=22004, tid=22180
#
# JRE version:  (11.0.15+10) (build )
# Java VM: OpenJDK 64-Bit Server VM (11.0.15+10-b2043.56, mixed mode, sharing, tiered, compressed oops, g1 gc, windows-amd64)
# No core dump will be written. Minidumps are not enabled by default on client versions of Windows
#

---------------  S U M M A R Y ------------

Command Line: git4idea.editor.GitRebaseEditorApp 63342 D:/unitedStates duplicates original/.git/COMMIT_EDITMSG

Host: 12th Gen Intel(R) Core(TM) i7-12650H, 16 cores, 15G,  Windows 11 , 64 bit Build 22621 (10.0.22621.1778)
Time: Sat Jul 22 17:50:09 2023  Windows 11 , 64 bit Build 22621 (10.0.22621.1778) elapsed time: 0.006501 seconds (0d 0h 0m 0s)

---------------  T H R E A D  ---------------

Current thread (0x000002c36e0e7800):  JavaThread "Unknown thread" [_thread_in_vm, id=22180, stack(0x000000e297800000,0x000000e297900000)]

Stack: [0x000000e297800000,0x000000e297900000]
Native frames: (J=compiled Java code, j=interpreted, Vv=VM code, C=native code)
V  [jvm.dll+0x61612a]
V  [jvm.dll+0x79c450]
V  [jvm.dll+0x79da6d]
V  [jvm.dll+0x79e143]
V  [jvm.dll+0x24cc18]
V  [jvm.dll+0x613174]
V  [jvm.dll+0x607e55]
V  [jvm.dll+0x30b1cb]
V  [jvm.dll+0x30b13a]
V  [jvm.dll+0x30b012]
V  [jvm.dll+0x30ff76]
V  [jvm.dll+0x35b4c3]
V  [jvm.dll+0x35bbc6]
V  [jvm.dll+0x35b5c3]
V  [jvm.dll+0x2e5918]
V  [jvm.dll+0x2e6ab7]
V  [jvm.dll+0x7794f7]
V  [jvm.dll+0x77acec]
V  [jvm.dll+0x368a59]
V  [jvm.dll+0x75ce8e]
V  [jvm.dll+0x3d6a33]
V  [jvm.dll+0x3d9001]
C  [jli.dll+0x536b]
C  [ucrtbase.dll+0x29363]
C  [KERNEL32.DLL+0x126ad]
C  [ntdll.dll+0x5a9f8]


---------------  P R O C E S S  ---------------

Threads class SMR info:
_java_thread_list=0x000002c36bea3e10, length=0, elements={
}

Java Threads: ( => current thread )

Other Threads:
  0x000002c36e101000 GCTaskThread "GC Thread#0" [stack: 0x000000e297900000,0x000000e297a00000] [id=22140]
  0x000002c36e15f000 ConcurrentGCThread "G1 Main Marker" [stack: 0x000000e297a00000,0x000000e297b00000] [id=22280]
  0x000002c36e161000 ConcurrentGCThread "G1 Conc#0" [stack: 0x000000e297b00000,0x000000e297c00000] [id=22232]

[error occurred during error reporting (printing all threads), id 0xc0000005, EXCEPTION_ACCESS_VIOLATION (0xc0000005) at pc=0x00007ffcaa456017]

VM state:not at safepoint (not fully initialized)

VM Mutex/Monitor currently owned by a thread:  ([mutex/lock_event])
[0x000002c36e0e3960] Heap_lock - owner thread: 0x000002c36e0e7800

Heap address: 0x0000000705e00000, size: 4002 MB, Compressed Oops mode: Non-zero based: 0x0000000705e00000
Narrow klass base: 0x0000000000000000, Narrow klass shift: 0

GC Heap History (0 events):
No events

Deoptimization events (0 events):
No events

Classes redefined (0 events):
No events

Internal exceptions (0 events):
No events

Events (1 events):
Event: 0.004 Loaded shared library C:\Program Files\JetBrains\IntelliJ IDEA 2022.1.2\jbr\bin\zip.dll


Dynamic libraries:
0x00007ff753060000 - 0x00007ff75306a000 	C:\Program Files\JetBrains\IntelliJ IDEA 2022.1.2\jbr\bin\java.exe
0x00007ffd0d970000 - 0x00007ffd0db84000 	C:\WINDOWS\SYSTEM32\ntdll.dll
0x00007ffd0b820000 - 0x00007ffd0b8e2000 	C:\WINDOWS\System32\KERNEL32.DLL
0x00007ffd0b180000 - 0x00007ffd0b523000 	C:\WINDOWS\System32\KERNELBASE.dll
0x00007ffd0ad40000 - 0x00007ffd0ae51000 	C:\WINDOWS\System32\ucrtbase.dll
0x00007ffce9e30000 - 0x00007ffce9e46000 	C:\Program Files\JetBrains\IntelliJ IDEA 2022.1.2\jbr\bin\VCRUNTIME140.dll
0x00007ffd02240000 - 0x00007ffd02259000 	C:\Program Files\JetBrains\IntelliJ IDEA 2022.1.2\jbr\bin\jli.dll
0x00007ffd0d750000 - 0x00007ffd0d8fb000 	C:\WINDOWS\System32\USER32.dll
0x00007ffcf4e80000 - 0x00007ffcf510e000 	C:\WINDOWS\WinSxS\amd64_microsoft.windows.common-controls_6595b64144ccf1df_6.0.22621.1635_none_270f70857386168e\COMCTL32.dll
0x00007ffd0aff0000 - 0x00007ffd0b016000 	C:\WINDOWS\System32\win32u.dll
0x00007ffd0d280000 - 0x00007ffd0d327000 	C:\WINDOWS\System32\msvcrt.dll
0x00007ffd0c680000 - 0x00007ffd0c6a9000 	C:\WINDOWS\System32\GDI32.dll
0x00007ffd0aed0000 - 0x00007ffd0afe9000 	C:\WINDOWS\System32\gdi32full.dll
0x00007ffd0b020000 - 0x00007ffd0b0ba000 	C:\WINDOWS\System32\msvcp_win.dll
0x00007ffd0c7e0000 - 0x00007ffd0c811000 	C:\WINDOWS\System32\IMM32.DLL
0x00007ffcc98b0000 - 0x00007ffcc995a000 	C:\Program Files\JetBrains\IntelliJ IDEA 2022.1.2\jbr\bin\msvcp140.dll
0x00007ffcaa160000 - 0x00007ffcaacdb000 	C:\Program Files\JetBrains\IntelliJ IDEA 2022.1.2\jbr\bin\server\jvm.dll
0x00007ffd0c6b0000 - 0x00007ffd0c75e000 	C:\WINDOWS\System32\ADVAPI32.dll
0x00007ffd0b920000 - 0x00007ffd0b9c4000 	C:\WINDOWS\System32\sechost.dll
0x00007ffd0ba20000 - 0x00007ffd0bb37000 	C:\WINDOWS\System32\RPCRT4.dll
0x00007ffd0d560000 - 0x00007ffd0d568000 	C:\WINDOWS\System32\PSAPI.DLL
0x00007ffcefbe0000 - 0x00007ffcefbe9000 	C:\WINDOWS\SYSTEM32\WSOCK32.dll
0x00007ffd0c9f0000 - 0x00007ffd0ca61000 	C:\WINDOWS\System32\WS2_32.dll
0x00007ffd03650000 - 0x00007ffd0365a000 	C:\WINDOWS\SYSTEM32\VERSION.dll
0x00007ffd02fc0000 - 0x00007ffd02ff4000 	C:\WINDOWS\SYSTEM32\WINMM.dll
0x00007ffd09e30000 - 0x00007ffd09e48000 	C:\WINDOWS\SYSTEM32\kernel.appcore.dll
0x00007ffd05e90000 - 0x00007ffd05ea1000 	C:\Program Files\JetBrains\IntelliJ IDEA 2022.1.2\jbr\bin\verify.dll
0x00007ffd08620000 - 0x00007ffd0884e000 	C:\WINDOWS\SYSTEM32\DBGHELP.DLL
0x00007ffd0cef0000 - 0x00007ffd0d279000 	C:\WINDOWS\System32\combase.dll
0x00007ffd0d570000 - 0x00007ffd0d647000 	C:\WINDOWS\System32\OLEAUT32.dll
0x00007ffcff3e0000 - 0x00007ffcff412000 	C:\WINDOWS\SYSTEM32\dbgcore.DLL
0x00007ffd0b6a0000 - 0x00007ffd0b71b000 	C:\WINDOWS\System32\bcryptPrimitives.dll
0x00007ffd03160000 - 0x00007ffd03189000 	C:\Program Files\JetBrains\IntelliJ IDEA 2022.1.2\jbr\bin\java.dll
0x00007ffd03140000 - 0x00007ffd0314b000 	C:\Program Files\JetBrains\IntelliJ IDEA 2022.1.2\jbr\bin\jimage.dll
0x00007ffd02100000 - 0x00007ffd02119000 	C:\Program Files\JetBrains\IntelliJ IDEA 2022.1.2\jbr\bin\zip.dll

dbghelp: loaded successfully - version: 4.0.5 - missing functions: none
symbol engine: initialized successfully - sym options: 0x614 - pdb path: .;C:\Program Files\JetBrains\IntelliJ IDEA 2022.1.2\jbr\bin;C:\WINDOWS\SYSTEM32;C:\WINDOWS\WinSxS\amd64_microsoft.windows.common-controls_6595b64144ccf1df_6.0.22621.1635_none_270f70857386168e;C:\Program Files\JetBrains\IntelliJ IDEA 2022.1.2\jbr\bin\server

VM Arguments:
java_command: git4idea.editor.GitRebaseEditorApp 63342 D:/unitedStates duplicates original/.git/COMMIT_EDITMSG
java_class_path (initial): C:/Program Files/JetBrains/IntelliJ IDEA 2022.1.2/plugins/git4idea/lib/git4idea-rt.jar;C:/Program Files/JetBrains/IntelliJ IDEA 2022.1.2/lib/externalProcess-rt.jar;C:/Program Files/JetBrains/IntelliJ IDEA 2022.1.2/lib/app.jar;C:/Program Files/JetBrains/IntelliJ IDEA 2022.1.2/lib/3rd-party-rt.jar
Launcher Type: SUN_STANDARD

[Global flags]
     intx CICompilerCount                          = 12                                        {product} {ergonomic}
     uint ConcGCThreads                            = 3                                         {product} {ergonomic}
     uint G1ConcRefinementThreads                  = 13                                        {product} {ergonomic}
   size_t G1HeapRegionSize                         = 1048576                                   {product} {ergonomic}
    uintx GCDrainStackTargetSize                   = 64                                        {product} {ergonomic}
   size_t InitialHeapSize                          = 264241152                                 {product} {ergonomic}
   size_t MarkStackSize                            = 4194304                                   {product} {ergonomic}
   size_t MaxHeapSize                              = 4196401152                                {product} {ergonomic}
   size_t MinHeapDeltaBytes                        = 1048576                                   {product} {ergonomic}
    uintx NonNMethodCodeHeapSize                   = 7594288                                {pd product} {ergonomic}
    uintx NonProfiledCodeHeapSize                  = 122031976                              {pd product} {ergonomic}
    uintx ProfiledCodeHeapSize                     = 122031976                              {pd product} {ergonomic}
    uintx ReservedCodeCacheSize                    = 251658240                              {pd product} {ergonomic}
     bool SegmentedCodeCache                       = true                                      {product} {ergonomic}
     bool UseCompressedClassPointers               = true                                 {lp64_product} {ergonomic}
     bool UseCompressedOops                        = true                                 {lp64_product} {ergonomic}
     bool UseG1GC                                  = true                                      {product} {ergonomic}
     bool UseLargePagesIndividualAllocation        = false                                  {pd product} {ergonomic}

Logging:
Log output configuration:
 #0: stdout all=warning uptime,level,tags
 #1: stderr all=off uptime,level,tags

Environment Variables:
PATH=C:\Program Files\Git\mingw64\libexec\git-core;C:\Program Files\Git\mingw64\libexec\git-core;C:\Program Files\Git\mingw64\bin;C:\Program Files\Git\usr\bin;C:\Users\99293\bin;C:\Program Files\Common Files\Oracle\Java\javapath;C:\Windows\system32;C:\Windows;C:\Windows\System32\Wbem;C:\Windows\System32\WindowsPowerShell\v1.0;C:\Windows\System32\OpenSSH;C:\Program Files (x86)\NVIDIA Corporation\PhysX\Common;C:\Program Files\NVIDIA Corporation\NVIDIA NvDLISR;C:\Program Files\Git\cmd;C:\Program Files (x86)\dotnet;%SystemRoot%\system32;%SystemRoot%;%SystemRoot%\System32\Wbem;%SYSTEMROOT%\System32\WindowsPowerShell\v1.0;%SYSTEMROOT%\System32\OpenSSH;C:\Users\99293\AppData\Local\Programs\Python\Python311\Scripts;C:\Users\99293\AppData\Local\Programs\Python\Python311;C:\Users\99293\AppData\Local\Microsoft\WindowsApps;C:\Program Files\JetBrains\IntelliJ IDEA 2022.1.2\bin;C:\Program Files\heroku\bin
USERNAME=ASUS
LC_ALL=en_US.UTF-8
OS=Windows_NT
PROCESSOR_IDENTIFIER=Intel64 Family 6 Model 154 Stepping 3, GenuineIntel



---------------  S Y S T E M  ---------------

OS: Windows 11 , 64 bit Build 22621 (10.0.22621.1778)
OS uptime: 0 days 18:49 hours
Hyper-V role detected

CPU:total 16 (initial active 16) (8 cores per cpu, 2 threads per core) family 6 model 154 stepping 3 microcode 0x41c, cmov, cx8, fxsr, mmx, sse, sse2, sse3, ssse3, sse4.1, sse4.2, popcnt, avx, avx2, aes, clmul, erms, 3dnowpref, lzcnt, ht, tsc, tscinvbit, bmi1, bmi2, adx, sha, fma

Memory: 4k page, system-wide physical 16005M (3405M free)
TotalPageFile size 18053M (AvailPageFile size 189M)
current process WorkingSet (physical memory assigned to process): 11M, peak: 11M
current process commit charge ("private bytes"): 71M, peak: 323M

vm_info: OpenJDK 64-Bit Server VM (11.0.15+10-b2043.56) for windows-amd64 JRE (11.0.15+10-b2043.56), built on May 16 2022 02:28:12 by "" with MS VC++ 14.0 (VS2015)

END.
