#
# There is insufficient memory for the Java Runtime Environment to continue.
# Native memory allocation (mmap) failed to map 264241152 bytes for G1 virtual space
# Possible reasons:
#   The system is out of physical RAM or swap space
#   The process is running with CompressedOops enabled, and the Java Heap may be blocking the growth of the native heap
# Possible solutions:
#   Reduce memory load on the system
#   Increase physical memory or swap space
#   Check if swap backing store is full
#   Decrease Java heap size (-Xmx/-Xms)
#   Decrease number of Java threads
#   Decrease Java thread stack sizes (-Xss)
#   Set larger code cache with -XX:ReservedCodeCacheSize=
#   JVM is running with Zero Based Compressed Oops mode in which the Java heap is
#     placed in the first 32GB address space. The Java Heap base address is the
#     maximum limit for the native heap growth. Please use -XX:HeapBaseMinAddress
#     to set the Java Heap base and to place the Java Heap above 32GB virtual address.
# This output file may be truncated or incomplete.
#
#  Out of Memory Error (os_windows.cpp:3536), pid=11944, tid=15368
#
# JRE version:  (19.0.2+7) (build )
# Java VM: Java HotSpot(TM) 64-Bit Server VM (19.0.2+7-44, mixed mode, sharing, tiered, compressed oops, compressed class ptrs, g1 gc, windows-amd64)
# No core dump will be written. Minidumps are not enabled by default on client versions of Windows
#

---------------  S U M M A R Y ------------

Command Line: C:\Users\99293\AppData\Local\Temp\surefire17330547587796754367\surefirebooter9556199392157639122.jar C:\Users\99293\AppData\Local\Temp\surefire17330547587796754367 2024-08-13T14-04-19_644-jvmRun1 surefire1709194025539691148tmp surefire_04073723777468319377tmp

Host: 12th Gen Intel(R) Core(TM) i7-12650H, 16 cores, 15G,  Windows 11 , 64 bit Build 22621 (10.0.22621.3672)
Time: Tue Aug 13 14:04:19 2024  Windows 11 , 64 bit Build 22621 (10.0.22621.3672) elapsed time: 0.007463 seconds (0d 0h 0m 0s)

---------------  T H R E A D  ---------------

Current thread (0x00000234abc0eb60):  JavaThread "Unknown thread" [_thread_in_vm, id=15368, stack(0x00000097e6100000,0x00000097e6200000)]

Stack: [0x00000097e6100000,0x00000097e6200000]
Native frames: (J=compiled Java code, j=interpreted, Vv=VM code, C=native code)
V  [jvm.dll+0x6ee21a]
V  [jvm.dll+0x85765e]
V  [jvm.dll+0x85904e]
V  [jvm.dll+0x859703]
V  [jvm.dll+0x28298f]
V  [jvm.dll+0x6eb009]
V  [jvm.dll+0x6dfbaa]
V  [jvm.dll+0x3573f6]
V  [jvm.dll+0x35ee56]
V  [jvm.dll+0x3b541e]
V  [jvm.dll+0x3b564f]
V  [jvm.dll+0x32c9ea]
V  [jvm.dll+0x32d89e]
V  [jvm.dll+0x821780]
V  [jvm.dll+0x3c2661]
V  [jvm.dll+0x801f51]
V  [jvm.dll+0x44ae8f]
V  [jvm.dll+0x44c811]
C  [jli.dll+0x5287]
C  [ucrtbase.dll+0x29333]
C  [KERNEL32.DLL+0x1257d]
C  [ntdll.dll+0x5af28]


---------------  P R O C E S S  ---------------

Threads class SMR info:
_java_thread_list=0x00007ffdd796d048, length=0, elements={
}

Java Threads: ( => current thread )

Other Threads:
  0x00000234abc81720 WorkerThread "GC Thread#0" [stack: 0x00000097e6200000,0x00000097e6300000] [id=19252]
  0x00000234abc92090 ConcurrentGCThread "G1 Main Marker" [stack: 0x00000097e6300000,0x00000097e6400000] [id=18988]
  0x00000234abc92c60 WorkerThread "G1 Conc#0" [stack: 0x00000097e6400000,0x00000097e6500000] [id=5340]

[error occurred during error reporting (printing all threads), id 0xc0000005, EXCEPTION_ACCESS_VIOLATION (0xc0000005) at pc=0x00007ffdd712d427]

VM state: not at safepoint (not fully initialized)

VM Mutex/Monitor currently owned by a thread:  ([mutex/lock_event])
[0x00000234abc09380] Heap_lock - owner thread: 0x00000234abc0eb60

Heap address: 0x0000000705e00000, size: 4002 MB, Compressed Oops mode: Zero based, Oop shift amount: 3

CDS archive(s) mapped at: [0x0000000000000000-0x0000000000000000-0x0000000000000000), size 0, SharedBaseAddress: 0x0000000800000000, ArchiveRelocationMode: 0.
Narrow klass base: 0x0000000000000000, Narrow klass shift: 0, Narrow klass range: 0x0

GC Precious Log:
 CardTable entry size: 512
 Card Set container configuration: InlinePtr #cards 4 size 8 Array Of Cards #cards 16 size 48 Howl #buckets 8 coarsen threshold 3686 Howl Bitmap #cards 512 size 80 coarsen threshold 460 Card regions per heap region 1 cards per card region 4096

Heap:
 garbage-first heap   total 0K, used 0K [0x0000000705e00000, 0x0000000800000000)
  region size 2048K, 0 young (0K), 0 survivors (0K)

[error occurred during error reporting (printing heap information), id 0xc0000005, EXCEPTION_ACCESS_VIOLATION (0xc0000005) at pc=0x00007ffdd7536649]

GC Heap History (0 events):
No events

Dll operation events (1 events):
Event: 0.004 Loaded shared library C:\Program Files\Java\jdk-19\bin\java.dll

Deoptimization events (0 events):
No events

Classes loaded (0 events):
No events

Classes unloaded (0 events):
No events

Classes redefined (0 events):
No events

Internal exceptions (0 events):
No events

VM Operations (0 events):
No events

Events (0 events):
No events


Dynamic libraries:
0x00007ff648d40000 - 0x00007ff648d50000 	C:\Program Files\Java\jdk-19\bin\java.exe
0x00007ffe7bf70000 - 0x00007ffe7c187000 	C:\WINDOWS\SYSTEM32\ntdll.dll
0x00007ffe7b090000 - 0x00007ffe7b154000 	C:\WINDOWS\System32\KERNEL32.DLL
0x00007ffe79810000 - 0x00007ffe79bbd000 	C:\WINDOWS\System32\KERNELBASE.dll
0x00007ffe79270000 - 0x00007ffe79381000 	C:\WINDOWS\System32\ucrtbase.dll
0x00007ffe741e0000 - 0x00007ffe741f8000 	C:\Program Files\Java\jdk-19\bin\jli.dll
0x00007ffe6b890000 - 0x00007ffe6b8ab000 	C:\Program Files\Java\jdk-19\bin\VCRUNTIME140.dll
0x00007ffe7be30000 - 0x00007ffe7bee2000 	C:\WINDOWS\System32\ADVAPI32.dll
0x00007ffe7bbe0000 - 0x00007ffe7bc87000 	C:\WINDOWS\System32\msvcrt.dll
0x00007ffe7a990000 - 0x00007ffe7aa39000 	C:\WINDOWS\System32\sechost.dll
0x00007ffe79670000 - 0x00007ffe79698000 	C:\WINDOWS\System32\bcrypt.dll
0x00007ffe7bac0000 - 0x00007ffe7bbd4000 	C:\WINDOWS\System32\RPCRT4.dll
0x00007ffe7a2e0000 - 0x00007ffe7a48e000 	C:\WINDOWS\System32\USER32.dll
0x00007ffe79390000 - 0x00007ffe793b6000 	C:\WINDOWS\System32\win32u.dll
0x00007ffe639e0000 - 0x00007ffe63c73000 	C:\WINDOWS\WinSxS\amd64_microsoft.windows.common-controls_6595b64144ccf1df_6.0.22621.3672_none_2713b9d173822955\COMCTL32.dll
0x00007ffe7aa60000 - 0x00007ffe7aa89000 	C:\WINDOWS\System32\GDI32.dll
0x00007ffe794b0000 - 0x00007ffe795c9000 	C:\WINDOWS\System32\gdi32full.dll
0x00007ffe795d0000 - 0x00007ffe7966a000 	C:\WINDOWS\System32\msvcp_win.dll
0x00007ffe71840000 - 0x00007ffe7184a000 	C:\WINDOWS\SYSTEM32\VERSION.dll
0x00007ffe7bd40000 - 0x00007ffe7bd71000 	C:\WINDOWS\System32\IMM32.DLL
0x00007ffe6f380000 - 0x00007ffe6f38c000 	C:\Program Files\Java\jdk-19\bin\vcruntime140_1.dll
0x00007ffe4c9e0000 - 0x00007ffe4ca6e000 	C:\Program Files\Java\jdk-19\bin\msvcp140.dll
0x00007ffdd6df0000 - 0x00007ffdd7ab0000 	C:\Program Files\Java\jdk-19\bin\server\jvm.dll
0x00007ffe75c90000 - 0x00007ffe75c99000 	C:\WINDOWS\SYSTEM32\WSOCK32.dll
0x00007ffe713b0000 - 0x00007ffe713e4000 	C:\WINDOWS\SYSTEM32\WINMM.dll
0x00007ffe7af30000 - 0x00007ffe7afa1000 	C:\WINDOWS\System32\WS2_32.dll
0x00007ffe782f0000 - 0x00007ffe78308000 	C:\WINDOWS\SYSTEM32\kernel.appcore.dll
0x00007ffe6ba10000 - 0x00007ffe6ba1a000 	C:\Program Files\Java\jdk-19\bin\jimage.dll
0x00007ffe76a80000 - 0x00007ffe76cb2000 	C:\WINDOWS\SYSTEM32\DBGHELP.DLL
0x00007ffe7a600000 - 0x00007ffe7a988000 	C:\WINDOWS\System32\combase.dll
0x00007ffe7afb0000 - 0x00007ffe7b087000 	C:\WINDOWS\System32\OLEAUT32.dll
0x00007ffe5efb0000 - 0x00007ffe5efe2000 	C:\WINDOWS\SYSTEM32\dbgcore.DLL
0x00007ffe79430000 - 0x00007ffe794ab000 	C:\WINDOWS\System32\bcryptPrimitives.dll
0x00007ffe50fb0000 - 0x00007ffe50fd6000 	C:\Program Files\Java\jdk-19\bin\java.dll

dbghelp: loaded successfully - version: 4.0.5 - missing functions: none
symbol engine: initialized successfully - sym options: 0x614 - pdb path: .;C:\Program Files\Java\jdk-19\bin;C:\WINDOWS\SYSTEM32;C:\WINDOWS\WinSxS\amd64_microsoft.windows.common-controls_6595b64144ccf1df_6.0.22621.3672_none_2713b9d173822955;C:\Program Files\Java\jdk-19\bin\server

VM Arguments:
java_command: C:\Users\99293\AppData\Local\Temp\surefire17330547587796754367\surefirebooter9556199392157639122.jar C:\Users\99293\AppData\Local\Temp\surefire17330547587796754367 2024-08-13T14-04-19_644-jvmRun1 surefire1709194025539691148tmp surefire_04073723777468319377tmp
java_class_path (initial): C:\Users\99293\AppData\Local\Temp\surefire17330547587796754367\surefirebooter9556199392157639122.jar
Launcher Type: SUN_STANDARD

[Global flags]
     intx CICompilerCount                          = 12                                        {product} {ergonomic}
     uint ConcGCThreads                            = 3                                         {product} {ergonomic}
     uint G1ConcRefinementThreads                  = 13                                        {product} {ergonomic}
   size_t G1HeapRegionSize                         = 2097152                                   {product} {ergonomic}
    uintx GCDrainStackTargetSize                   = 64                                        {product} {ergonomic}
   size_t InitialHeapSize                          = 264241152                                 {product} {ergonomic}
   size_t MarkStackSize                            = 4194304                                   {product} {ergonomic}
   size_t MaxHeapSize                              = 4196401152                                {product} {ergonomic}
   size_t MinHeapDeltaBytes                        = 2097152                                   {product} {ergonomic}
   size_t MinHeapSize                              = 8388608                                   {product} {ergonomic}
    uintx NonNMethodCodeHeapSize                   = 7602480                                {pd product} {ergonomic}
    uintx NonProfiledCodeHeapSize                  = 122027880                              {pd product} {ergonomic}
    uintx ProfiledCodeHeapSize                     = 122027880                              {pd product} {ergonomic}
    uintx ReservedCodeCacheSize                    = 251658240                              {pd product} {ergonomic}
     bool SegmentedCodeCache                       = true                                      {product} {ergonomic}
   size_t SoftMaxHeapSize                          = 4196401152                             {manageable} {ergonomic}
     bool UseCompressedClassPointers               = true                           {product lp64_product} {ergonomic}
     bool UseCompressedOops                        = true                           {product lp64_product} {ergonomic}
     bool UseG1GC                                  = true                                      {product} {ergonomic}
     bool UseLargePagesIndividualAllocation        = false                                  {pd product} {ergonomic}

Logging:
Log output configuration:
 #0: stdout all=warning uptime,level,tags foldmultilines=false
 #1: stderr all=off uptime,level,tags foldmultilines=false

Environment Variables:
JAVA_HOME=C:\Program Files\Java\jdk-19
PATH=C:\Program Files\Common Files\Oracle\Java\javapath;C:\Windows\system32;C:\Windows;C:\Windows\System32\Wbem;C:\Windows\System32\WindowsPowerShell\v1.0\;C:\Windows\System32\OpenSSH\;C:\Program Files (x86)\NVIDIA Corporation\PhysX\Common;C:\Program Files\NVIDIA Corporation\NVIDIA NvDLISR;C:\Program Files\Git\cmd;C:\Program Files (x86)\dotnet\;C:\WINDOWS\system32;C:\WINDOWS;C:\WINDOWS\System32\Wbem;C:\WINDOWS\System32\WindowsPowerShell\v1.0\;C:\WINDOWS\System32\OpenSSH\;C:\Program Files\Java\jdk-19\bin;C:\Users\99293\AppData\Local\Programs\Python\Python311\Scripts\;C:\Users\99293\AppData\Local\Programs\Python\Python311\;C:\Users\99293\AppData\Local\Microsoft\WindowsApps;;C:\Program Files\JetBrains\IntelliJ IDEA 2022.1.2\bin;;C:\Program Files\heroku\bin
USERNAME=ASUS
OS=Windows_NT
PROCESSOR_IDENTIFIER=Intel64 Family 6 Model 154 Stepping 3, GenuineIntel
TMP=C:\Users\99293\AppData\Local\Temp
TEMP=C:\Users\99293\AppData\Local\Temp



---------------  S Y S T E M  ---------------

OS:
 Windows 11 , 64 bit Build 22621 (10.0.22621.3672)
OS uptime: 0 days 15:06 hours
Hyper-V role detected

CPU: total 16 (initial active 16) (8 cores per cpu, 2 threads per core) family 6 model 154 stepping 3 microcode 0x41c, cx8, cmov, fxsr, ht, mmx, 3dnowpref, sse, sse2, sse3, ssse3, sse4.1, sse4.2, popcnt, lzcnt, tsc, tscinvbit, avx, avx2, aes, erms, clmul, bmi1, bmi2, adx, sha, fma, vzeroupper, clflush, clflushopt, clwb, hv, serialize, rdtscp, rdpid, fsrm

Memory: 4k page, system-wide physical 16005M (2543M free)
TotalPageFile size 17989M (AvailPageFile size 114M)
current process WorkingSet (physical memory assigned to process): 11M, peak: 11M
current process commit charge ("private bytes"): 71M, peak: 322M

vm_info: Java HotSpot(TM) 64-Bit Server VM (19.0.2+7-44) for windows-amd64 JRE (19.0.2+7-44), built on 2022-11-30T18:02:09Z by "mach5one" with MS VC++ 17.1 (VS2022)

END.
