#
# There is insufficient memory for the Java Runtime Environment to continue.
# Native memory allocation (malloc) failed to allocate 32744 bytes for Chunk::new
# Possible reasons:
#   The system is out of physical RAM or swap space
#   The process is running with CompressedOops enabled, and the Java Heap may be blocking the growth of the native heap
# Possible solutions:
#   Reduce memory load on the system
#   Increase physical memory or swap space
#   Check if swap backing store is full
#   Decrease Java heap size (-Xmx/-Xms)
#   Decrease number of Java threads
#   Decrease Java thread stack sizes (-Xss)
#   Set larger code cache with -XX:ReservedCodeCacheSize=
#   JVM is running with Zero Based Compressed Oops mode in which the Java heap is
#     placed in the first 32GB address space. The Java Heap base address is the
#     maximum limit for the native heap growth. Please use -XX:HeapBaseMinAddress
#     to set the Java Heap base and to place the Java Heap above 32GB virtual address.
# This output file may be truncated or incomplete.
#
#  Out of Memory Error (arena.cpp:184), pid=7804, tid=5892
#
# JRE version: Java(TM) SE Runtime Environment (19.0.2+7) (build 19.0.2+7-44)
# Java VM: Java HotSpot(TM) 64-Bit Server VM (19.0.2+7-44, mixed mode, sharing, tiered, compressed oops, compressed class ptrs, g1 gc, windows-amd64)
# No core dump will be written. Minidumps are not enabled by default on client versions of Windows
#

---------------  S U M M A R Y ------------

Command Line: -Dmaven.multiModuleProjectDirectory=D:\unitedStates duplicates original -Dmaven.home=C:\Users\99293\.m2\wrapper\dists\apache-maven-3.8.6-bin\1ks0nkde5v1pk9vtc31i9d0lcd\apache-maven-3.8.6 -Dclassworlds.conf=C:\Users\99293\.m2\wrapper\dists\apache-maven-3.8.6-bin\1ks0nkde5v1pk9vtc31i9d0lcd\apache-maven-3.8.6\bin\m2.conf -Dmaven.ext.class.path=C:\Program Files\JetBrains\IntelliJ IDEA 2022.1.2\plugins\maven\lib\maven-event-listener.jar -javaagent:C:\Program Files\JetBrains\IntelliJ IDEA 2022.1.2\lib\idea_rt.jar=53619:C:\Program Files\JetBrains\IntelliJ IDEA 2022.1.2\bin -Dfile.encoding=UTF-8 org.codehaus.classworlds.Launcher -Didea.version=2022.1.2 package

Host: 12th Gen Intel(R) Core(TM) i7-12650H, 16 cores, 15G,  Windows 11 , 64 bit Build 22621 (10.0.22621.4391)
Time: Tue Dec 17 23:16:04 2024  Windows 11 , 64 bit Build 22621 (10.0.22621.4391) elapsed time: 0.225503 seconds (0d 0h 0m 0s)

---------------  T H R E A D  ---------------

Current thread (0x000001c5aac17d60):  JavaThread "C2 CompilerThread1" daemon [_thread_in_native, id=5892, stack(0x0000000a67600000,0x0000000a67700000)]


Current CompileTask:
C2:    225  773       4       java.lang.StringUTF16::compress (50 bytes)

Stack: [0x0000000a67600000,0x0000000a67700000]
Native frames: (J=compiled Java code, j=interpreted, Vv=VM code, C=native code)
V  [jvm.dll+0x6ee21a]
V  [jvm.dll+0x85765e]
V  [jvm.dll+0x85904e]
V  [jvm.dll+0x859703]
V  [jvm.dll+0x28298f]
V  [jvm.dll+0xc9adf]
V  [jvm.dll+0xc9e65]
V  [jvm.dll+0x737c02]
V  [jvm.dll+0x1edfe1]
V  [jvm.dll+0x24c52b]
V  [jvm.dll+0x24b781]
V  [jvm.dll+0x1d6ce1]
V  [jvm.dll+0x25b25a]
V  [jvm.dll+0x2596e8]
V  [jvm.dll+0x807588]
V  [jvm.dll+0x80125a]
V  [jvm.dll+0x6ecf0b]
C  [ucrtbase.dll+0x29333]
C  [KERNEL32.DLL+0x1259d]
C  [ntdll.dll+0x5af38]


---------------  P R O C E S S  ---------------

Threads class SMR info:
_java_thread_list=0x000001c5aae5c750, length=17, elements={
0x000001c582c02030, 0x000001c5a63ed8f0, 0x000001c5a63ee6e0, 0x000001c5aac04d60,
0x000001c5aac087b0, 0x000001c5aac090e0, 0x000001c5aac09a10, 0x000001c5aac0c680,
0x000001c5aac17240, 0x000001c5aac26ec0, 0x000001c5aad1eb80, 0x000001c5aac177d0,
0x000001c5aac16190, 0x000001c5aac193a0, 0x000001c5aac17d60, 0x000001c5aae5b630,
0x000001c5aae5fea0
}

Java Threads: ( => current thread )
  0x000001c582c02030 JavaThread "main" [_thread_in_vm, id=7264, stack(0x0000000a66200000,0x0000000a66300000)]
  0x000001c5a63ed8f0 JavaThread "Reference Handler" daemon [_thread_blocked, id=12428, stack(0x0000000a66900000,0x0000000a66a00000)]
  0x000001c5a63ee6e0 JavaThread "Finalizer" daemon [_thread_blocked, id=12764, stack(0x0000000a66a00000,0x0000000a66b00000)]
  0x000001c5aac04d60 JavaThread "Signal Dispatcher" daemon [_thread_blocked, id=18456, stack(0x0000000a66b00000,0x0000000a66c00000)]
  0x000001c5aac087b0 JavaThread "Attach Listener" daemon [_thread_blocked, id=22976, stack(0x0000000a66c00000,0x0000000a66d00000)]
  0x000001c5aac090e0 JavaThread "Service Thread" daemon [_thread_blocked, id=10412, stack(0x0000000a66d00000,0x0000000a66e00000)]
  0x000001c5aac09a10 JavaThread "Monitor Deflation Thread" daemon [_thread_blocked, id=14848, stack(0x0000000a66e00000,0x0000000a66f00000)]
  0x000001c5aac0c680 JavaThread "C2 CompilerThread0" daemon [_thread_blocked, id=15728, stack(0x0000000a66f00000,0x0000000a67000000)]
  0x000001c5aac17240 JavaThread "C1 CompilerThread0" daemon [_thread_blocked, id=15636, stack(0x0000000a67000000,0x0000000a67100000)]
  0x000001c5aac26ec0 JavaThread "Sweeper thread" daemon [_thread_blocked, id=14764, stack(0x0000000a67100000,0x0000000a67200000)]
  0x000001c5aad1eb80 JavaThread "Common-Cleaner" daemon [_thread_blocked, id=4948, stack(0x0000000a67200000,0x0000000a67300000)]
  0x000001c5aac177d0 JavaThread "C1 CompilerThread1" daemon [_thread_blocked, id=13648, stack(0x0000000a67300000,0x0000000a67400000)]
  0x000001c5aac16190 JavaThread "C1 CompilerThread2" daemon [_thread_blocked, id=11436, stack(0x0000000a67400000,0x0000000a67500000)]
  0x000001c5aac193a0 JavaThread "C1 CompilerThread3" daemon [_thread_in_vm, id=14844, stack(0x0000000a67500000,0x0000000a67600000)]
=>0x000001c5aac17d60 JavaThread "C2 CompilerThread1" daemon [_thread_in_native, id=5892, stack(0x0000000a67600000,0x0000000a67700000)]
  0x000001c5aae5b630 JavaThread "Monitor Ctrl-Break" daemon [_thread_in_native, id=11256, stack(0x0000000a67700000,0x0000000a67800000)]
  0x000001c5aae5fea0 JavaThread "Notification Thread" daemon [_thread_blocked, id=21128, stack(0x0000000a67800000,0x0000000a67900000)]

Other Threads:
  0x000001c5a63d1bd0 VMThread "VM Thread" [stack: 0x0000000a66800000,0x0000000a66900000] [id=11232]
  0x000001c5aae542d0 WatcherThread "VM Periodic Task Thread" [stack: 0x0000000a67900000,0x0000000a67a00000] [id=11660]
  0x000001c582c71ad0 WorkerThread "GC Thread#0" [stack: 0x0000000a66300000,0x0000000a66400000] [id=13884]
  0x000001c582c83500 ConcurrentGCThread "G1 Main Marker" [stack: 0x0000000a66400000,0x0000000a66500000] [id=15252]
  0x000001c582c83e40 WorkerThread "G1 Conc#0" [stack: 0x0000000a66500000,0x0000000a66600000] [id=4532]
  0x000001c582cbe620 ConcurrentGCThread "G1 Refine#0" [stack: 0x0000000a66600000,0x0000000a66700000] [id=17608]
  0x000001c5a628f620 ConcurrentGCThread "G1 Service" [stack: 0x0000000a66700000,0x0000000a66800000] [id=1868]

Threads with active compile tasks:
C1 CompilerThread1      233  786       3       java.lang.invoke.LambdaForm::uncustomize (57 bytes)
C1 CompilerThread3      233  784       3       sun.util.locale.LanguageTag::isRegion (36 bytes)
C2 CompilerThread1      233  773       4       java.lang.StringUTF16::compress (50 bytes)

VM state: not at safepoint (normal execution)

VM Mutex/Monitor currently owned by a thread:  ([mutex/lock_event])
[0x000001c582bfb9e0] Metaspace_lock - owner thread: 0x000001c582c02030
[0x000001c582bfe6a0] MethodData_lock - owner thread: 0x000001c5aac193a0

Heap address: 0x0000000705e00000, size: 4002 MB, Compressed Oops mode: Zero based, Oop shift amount: 3

CDS archive(s) mapped at: [0x0000000800000000-0x0000000800c40000-0x0000000800c40000), size 12845056, SharedBaseAddress: 0x0000000800000000, ArchiveRelocationMode: 0.
Compressed class space mapped at: 0x0000000801000000-0x0000000841000000, reserved size: 1073741824
Narrow klass base: 0x0000000800000000, Narrow klass shift: 0, Narrow klass range: 0x100000000

GC Precious Log:
 CardTable entry size: 512
 Card Set container configuration: InlinePtr #cards 4 size 8 Array Of Cards #cards 16 size 48 Howl #buckets 8 coarsen threshold 3686 Howl Bitmap #cards 512 size 80 coarsen threshold 460 Card regions per heap region 1 cards per card region 4096
 CPUs: 16 total, 16 available
 Memory: 16004M
 Large Page Support: Disabled
 NUMA Support: Disabled
 Compressed Oops: Enabled (Zero based)
 Heap Region Size: 2M
 Heap Min Capacity: 8M
 Heap Initial Capacity: 252M
 Heap Max Capacity: 4002M
 Pre-touch: Disabled
 Parallel Workers: 13
 Concurrent Workers: 3
 Concurrent Refinement Workers: 13
 Periodic GC: Disabled

Heap:
 garbage-first heap   total 258048K, used 12288K [0x0000000705e00000, 0x0000000800000000)
  region size 2048K, 7 young (14336K), 0 survivors (0K)
 Metaspace       used 2715K, committed 2880K, reserved 1114112K
  class space    used 235K, committed 320K, reserved 1048576K

Heap Regions: E=young(eden), S=young(survivor), O=old, HS=humongous(starts), HC=humongous(continues), CS=collection set, F=free, OA=open archive, CA=closed archive, TAMS=top-at-mark-start (previous, next)
|   0|0x0000000705e00000, 0x0000000705e00000, 0x0000000706000000|  0%| F|  |TAMS 0x0000000705e00000, 0x0000000705e00000| Untracked 
|   1|0x0000000706000000, 0x0000000706000000, 0x0000000706200000|  0%| F|  |TAMS 0x0000000706000000, 0x0000000706000000| Untracked 
|   2|0x0000000706200000, 0x0000000706200000, 0x0000000706400000|  0%| F|  |TAMS 0x0000000706200000, 0x0000000706200000| Untracked 
|   3|0x0000000706400000, 0x0000000706400000, 0x0000000706600000|  0%| F|  |TAMS 0x0000000706400000, 0x0000000706400000| Untracked 
|   4|0x0000000706600000, 0x0000000706600000, 0x0000000706800000|  0%| F|  |TAMS 0x0000000706600000, 0x0000000706600000| Untracked 
|   5|0x0000000706800000, 0x0000000706800000, 0x0000000706a00000|  0%| F|  |TAMS 0x0000000706800000, 0x0000000706800000| Untracked 
|   6|0x0000000706a00000, 0x0000000706a00000, 0x0000000706c00000|  0%| F|  |TAMS 0x0000000706a00000, 0x0000000706a00000| Untracked 
|   7|0x0000000706c00000, 0x0000000706c00000, 0x0000000706e00000|  0%| F|  |TAMS 0x0000000706c00000, 0x0000000706c00000| Untracked 
|   8|0x0000000706e00000, 0x0000000706e00000, 0x0000000707000000|  0%| F|  |TAMS 0x0000000706e00000, 0x0000000706e00000| Untracked 
|   9|0x0000000707000000, 0x0000000707000000, 0x0000000707200000|  0%| F|  |TAMS 0x0000000707000000, 0x0000000707000000| Untracked 
|  10|0x0000000707200000, 0x0000000707200000, 0x0000000707400000|  0%| F|  |TAMS 0x0000000707200000, 0x0000000707200000| Untracked 
|  11|0x0000000707400000, 0x0000000707400000, 0x0000000707600000|  0%| F|  |TAMS 0x0000000707400000, 0x0000000707400000| Untracked 
|  12|0x0000000707600000, 0x0000000707600000, 0x0000000707800000|  0%| F|  |TAMS 0x0000000707600000, 0x0000000707600000| Untracked 
|  13|0x0000000707800000, 0x0000000707800000, 0x0000000707a00000|  0%| F|  |TAMS 0x0000000707800000, 0x0000000707800000| Untracked 
|  14|0x0000000707a00000, 0x0000000707a00000, 0x0000000707c00000|  0%| F|  |TAMS 0x0000000707a00000, 0x0000000707a00000| Untracked 
|  15|0x0000000707c00000, 0x0000000707c00000, 0x0000000707e00000|  0%| F|  |TAMS 0x0000000707c00000, 0x0000000707c00000| Untracked 
|  16|0x0000000707e00000, 0x0000000707e00000, 0x0000000708000000|  0%| F|  |TAMS 0x0000000707e00000, 0x0000000707e00000| Untracked 
|  17|0x0000000708000000, 0x0000000708000000, 0x0000000708200000|  0%| F|  |TAMS 0x0000000708000000, 0x0000000708000000| Untracked 
|  18|0x0000000708200000, 0x0000000708200000, 0x0000000708400000|  0%| F|  |TAMS 0x0000000708200000, 0x0000000708200000| Untracked 
|  19|0x0000000708400000, 0x0000000708400000, 0x0000000708600000|  0%| F|  |TAMS 0x0000000708400000, 0x0000000708400000| Untracked 
|  20|0x0000000708600000, 0x0000000708600000, 0x0000000708800000|  0%| F|  |TAMS 0x0000000708600000, 0x0000000708600000| Untracked 
|  21|0x0000000708800000, 0x0000000708800000, 0x0000000708a00000|  0%| F|  |TAMS 0x0000000708800000, 0x0000000708800000| Untracked 
|  22|0x0000000708a00000, 0x0000000708a00000, 0x0000000708c00000|  0%| F|  |TAMS 0x0000000708a00000, 0x0000000708a00000| Untracked 
|  23|0x0000000708c00000, 0x0000000708c00000, 0x0000000708e00000|  0%| F|  |TAMS 0x0000000708c00000, 0x0000000708c00000| Untracked 
|  24|0x0000000708e00000, 0x0000000708e00000, 0x0000000709000000|  0%| F|  |TAMS 0x0000000708e00000, 0x0000000708e00000| Untracked 
|  25|0x0000000709000000, 0x0000000709000000, 0x0000000709200000|  0%| F|  |TAMS 0x0000000709000000, 0x0000000709000000| Untracked 
|  26|0x0000000709200000, 0x0000000709200000, 0x0000000709400000|  0%| F|  |TAMS 0x0000000709200000, 0x0000000709200000| Untracked 
|  27|0x0000000709400000, 0x0000000709400000, 0x0000000709600000|  0%| F|  |TAMS 0x0000000709400000, 0x0000000709400000| Untracked 
|  28|0x0000000709600000, 0x0000000709600000, 0x0000000709800000|  0%| F|  |TAMS 0x0000000709600000, 0x0000000709600000| Untracked 
|  29|0x0000000709800000, 0x0000000709800000, 0x0000000709a00000|  0%| F|  |TAMS 0x0000000709800000, 0x0000000709800000| Untracked 
|  30|0x0000000709a00000, 0x0000000709a00000, 0x0000000709c00000|  0%| F|  |TAMS 0x0000000709a00000, 0x0000000709a00000| Untracked 
|  31|0x0000000709c00000, 0x0000000709c00000, 0x0000000709e00000|  0%| F|  |TAMS 0x0000000709c00000, 0x0000000709c00000| Untracked 
|  32|0x0000000709e00000, 0x0000000709e00000, 0x000000070a000000|  0%| F|  |TAMS 0x0000000709e00000, 0x0000000709e00000| Untracked 
|  33|0x000000070a000000, 0x000000070a000000, 0x000000070a200000|  0%| F|  |TAMS 0x000000070a000000, 0x000000070a000000| Untracked 
|  34|0x000000070a200000, 0x000000070a200000, 0x000000070a400000|  0%| F|  |TAMS 0x000000070a200000, 0x000000070a200000| Untracked 
|  35|0x000000070a400000, 0x000000070a400000, 0x000000070a600000|  0%| F|  |TAMS 0x000000070a400000, 0x000000070a400000| Untracked 
|  36|0x000000070a600000, 0x000000070a600000, 0x000000070a800000|  0%| F|  |TAMS 0x000000070a600000, 0x000000070a600000| Untracked 
|  37|0x000000070a800000, 0x000000070a800000, 0x000000070aa00000|  0%| F|  |TAMS 0x000000070a800000, 0x000000070a800000| Untracked 
|  38|0x000000070aa00000, 0x000000070aa00000, 0x000000070ac00000|  0%| F|  |TAMS 0x000000070aa00000, 0x000000070aa00000| Untracked 
|  39|0x000000070ac00000, 0x000000070ac00000, 0x000000070ae00000|  0%| F|  |TAMS 0x000000070ac00000, 0x000000070ac00000| Untracked 
|  40|0x000000070ae00000, 0x000000070ae00000, 0x000000070b000000|  0%| F|  |TAMS 0x000000070ae00000, 0x000000070ae00000| Untracked 
|  41|0x000000070b000000, 0x000000070b000000, 0x000000070b200000|  0%| F|  |TAMS 0x000000070b000000, 0x000000070b000000| Untracked 
|  42|0x000000070b200000, 0x000000070b200000, 0x000000070b400000|  0%| F|  |TAMS 0x000000070b200000, 0x000000070b200000| Untracked 
|  43|0x000000070b400000, 0x000000070b400000, 0x000000070b600000|  0%| F|  |TAMS 0x000000070b400000, 0x000000070b400000| Untracked 
|  44|0x000000070b600000, 0x000000070b600000, 0x000000070b800000|  0%| F|  |TAMS 0x000000070b600000, 0x000000070b600000| Untracked 
|  45|0x000000070b800000, 0x000000070b800000, 0x000000070ba00000|  0%| F|  |TAMS 0x000000070b800000, 0x000000070b800000| Untracked 
|  46|0x000000070ba00000, 0x000000070ba00000, 0x000000070bc00000|  0%| F|  |TAMS 0x000000070ba00000, 0x000000070ba00000| Untracked 
|  47|0x000000070bc00000, 0x000000070bc00000, 0x000000070be00000|  0%| F|  |TAMS 0x000000070bc00000, 0x000000070bc00000| Untracked 
|  48|0x000000070be00000, 0x000000070be00000, 0x000000070c000000|  0%| F|  |TAMS 0x000000070be00000, 0x000000070be00000| Untracked 
|  49|0x000000070c000000, 0x000000070c000000, 0x000000070c200000|  0%| F|  |TAMS 0x000000070c000000, 0x000000070c000000| Untracked 
|  50|0x000000070c200000, 0x000000070c200000, 0x000000070c400000|  0%| F|  |TAMS 0x000000070c200000, 0x000000070c200000| Untracked 
|  51|0x000000070c400000, 0x000000070c400000, 0x000000070c600000|  0%| F|  |TAMS 0x000000070c400000, 0x000000070c400000| Untracked 
|  52|0x000000070c600000, 0x000000070c600000, 0x000000070c800000|  0%| F|  |TAMS 0x000000070c600000, 0x000000070c600000| Untracked 
|  53|0x000000070c800000, 0x000000070c800000, 0x000000070ca00000|  0%| F|  |TAMS 0x000000070c800000, 0x000000070c800000| Untracked 
|  54|0x000000070ca00000, 0x000000070ca00000, 0x000000070cc00000|  0%| F|  |TAMS 0x000000070ca00000, 0x000000070ca00000| Untracked 
|  55|0x000000070cc00000, 0x000000070cc00000, 0x000000070ce00000|  0%| F|  |TAMS 0x000000070cc00000, 0x000000070cc00000| Untracked 
|  56|0x000000070ce00000, 0x000000070ce00000, 0x000000070d000000|  0%| F|  |TAMS 0x000000070ce00000, 0x000000070ce00000| Untracked 
|  57|0x000000070d000000, 0x000000070d000000, 0x000000070d200000|  0%| F|  |TAMS 0x000000070d000000, 0x000000070d000000| Untracked 
|  58|0x000000070d200000, 0x000000070d200000, 0x000000070d400000|  0%| F|  |TAMS 0x000000070d200000, 0x000000070d200000| Untracked 
|  59|0x000000070d400000, 0x000000070d400000, 0x000000070d600000|  0%| F|  |TAMS 0x000000070d400000, 0x000000070d400000| Untracked 
|  60|0x000000070d600000, 0x000000070d600000, 0x000000070d800000|  0%| F|  |TAMS 0x000000070d600000, 0x000000070d600000| Untracked 
|  61|0x000000070d800000, 0x000000070d800000, 0x000000070da00000|  0%| F|  |TAMS 0x000000070d800000, 0x000000070d800000| Untracked 
|  62|0x000000070da00000, 0x000000070da00000, 0x000000070dc00000|  0%| F|  |TAMS 0x000000070da00000, 0x000000070da00000| Untracked 
|  63|0x000000070dc00000, 0x000000070dc00000, 0x000000070de00000|  0%| F|  |TAMS 0x000000070dc00000, 0x000000070dc00000| Untracked 
|  64|0x000000070de00000, 0x000000070de00000, 0x000000070e000000|  0%| F|  |TAMS 0x000000070de00000, 0x000000070de00000| Untracked 
|  65|0x000000070e000000, 0x000000070e000000, 0x000000070e200000|  0%| F|  |TAMS 0x000000070e000000, 0x000000070e000000| Untracked 
|  66|0x000000070e200000, 0x000000070e200000, 0x000000070e400000|  0%| F|  |TAMS 0x000000070e200000, 0x000000070e200000| Untracked 
|  67|0x000000070e400000, 0x000000070e400000, 0x000000070e600000|  0%| F|  |TAMS 0x000000070e400000, 0x000000070e400000| Untracked 
|  68|0x000000070e600000, 0x000000070e600000, 0x000000070e800000|  0%| F|  |TAMS 0x000000070e600000, 0x000000070e600000| Untracked 
|  69|0x000000070e800000, 0x000000070e800000, 0x000000070ea00000|  0%| F|  |TAMS 0x000000070e800000, 0x000000070e800000| Untracked 
|  70|0x000000070ea00000, 0x000000070ea00000, 0x000000070ec00000|  0%| F|  |TAMS 0x000000070ea00000, 0x000000070ea00000| Untracked 
|  71|0x000000070ec00000, 0x000000070ec00000, 0x000000070ee00000|  0%| F|  |TAMS 0x000000070ec00000, 0x000000070ec00000| Untracked 
|  72|0x000000070ee00000, 0x000000070ee00000, 0x000000070f000000|  0%| F|  |TAMS 0x000000070ee00000, 0x000000070ee00000| Untracked 
|  73|0x000000070f000000, 0x000000070f000000, 0x000000070f200000|  0%| F|  |TAMS 0x000000070f000000, 0x000000070f000000| Untracked 
|  74|0x000000070f200000, 0x000000070f200000, 0x000000070f400000|  0%| F|  |TAMS 0x000000070f200000, 0x000000070f200000| Untracked 
|  75|0x000000070f400000, 0x000000070f400000, 0x000000070f600000|  0%| F|  |TAMS 0x000000070f400000, 0x000000070f400000| Untracked 
|  76|0x000000070f600000, 0x000000070f600000, 0x000000070f800000|  0%| F|  |TAMS 0x000000070f600000, 0x000000070f600000| Untracked 
|  77|0x000000070f800000, 0x000000070f800000, 0x000000070fa00000|  0%| F|  |TAMS 0x000000070f800000, 0x000000070f800000| Untracked 
|  78|0x000000070fa00000, 0x000000070fa00000, 0x000000070fc00000|  0%| F|  |TAMS 0x000000070fa00000, 0x000000070fa00000| Untracked 
|  79|0x000000070fc00000, 0x000000070fc00000, 0x000000070fe00000|  0%| F|  |TAMS 0x000000070fc00000, 0x000000070fc00000| Untracked 
|  80|0x000000070fe00000, 0x000000070fe00000, 0x0000000710000000|  0%| F|  |TAMS 0x000000070fe00000, 0x000000070fe00000| Untracked 
|  81|0x0000000710000000, 0x0000000710000000, 0x0000000710200000|  0%| F|  |TAMS 0x0000000710000000, 0x0000000710000000| Untracked 
|  82|0x0000000710200000, 0x0000000710200000, 0x0000000710400000|  0%| F|  |TAMS 0x0000000710200000, 0x0000000710200000| Untracked 
|  83|0x0000000710400000, 0x0000000710400000, 0x0000000710600000|  0%| F|  |TAMS 0x0000000710400000, 0x0000000710400000| Untracked 
|  84|0x0000000710600000, 0x0000000710600000, 0x0000000710800000|  0%| F|  |TAMS 0x0000000710600000, 0x0000000710600000| Untracked 
|  85|0x0000000710800000, 0x0000000710800000, 0x0000000710a00000|  0%| F|  |TAMS 0x0000000710800000, 0x0000000710800000| Untracked 
|  86|0x0000000710a00000, 0x0000000710a00000, 0x0000000710c00000|  0%| F|  |TAMS 0x0000000710a00000, 0x0000000710a00000| Untracked 
|  87|0x0000000710c00000, 0x0000000710c00000, 0x0000000710e00000|  0%| F|  |TAMS 0x0000000710c00000, 0x0000000710c00000| Untracked 
|  88|0x0000000710e00000, 0x0000000710e00000, 0x0000000711000000|  0%| F|  |TAMS 0x0000000710e00000, 0x0000000710e00000| Untracked 
|  89|0x0000000711000000, 0x0000000711000000, 0x0000000711200000|  0%| F|  |TAMS 0x0000000711000000, 0x0000000711000000| Untracked 
|  90|0x0000000711200000, 0x0000000711200000, 0x0000000711400000|  0%| F|  |TAMS 0x0000000711200000, 0x0000000711200000| Untracked 
|  91|0x0000000711400000, 0x0000000711400000, 0x0000000711600000|  0%| F|  |TAMS 0x0000000711400000, 0x0000000711400000| Untracked 
|  92|0x0000000711600000, 0x0000000711600000, 0x0000000711800000|  0%| F|  |TAMS 0x0000000711600000, 0x0000000711600000| Untracked 
|  93|0x0000000711800000, 0x0000000711800000, 0x0000000711a00000|  0%| F|  |TAMS 0x0000000711800000, 0x0000000711800000| Untracked 
|  94|0x0000000711a00000, 0x0000000711a00000, 0x0000000711c00000|  0%| F|  |TAMS 0x0000000711a00000, 0x0000000711a00000| Untracked 
|  95|0x0000000711c00000, 0x0000000711c00000, 0x0000000711e00000|  0%| F|  |TAMS 0x0000000711c00000, 0x0000000711c00000| Untracked 
|  96|0x0000000711e00000, 0x0000000711e00000, 0x0000000712000000|  0%| F|  |TAMS 0x0000000711e00000, 0x0000000711e00000| Untracked 
|  97|0x0000000712000000, 0x0000000712000000, 0x0000000712200000|  0%| F|  |TAMS 0x0000000712000000, 0x0000000712000000| Untracked 
|  98|0x0000000712200000, 0x0000000712200000, 0x0000000712400000|  0%| F|  |TAMS 0x0000000712200000, 0x0000000712200000| Untracked 
|  99|0x0000000712400000, 0x0000000712400000, 0x0000000712600000|  0%| F|  |TAMS 0x0000000712400000, 0x0000000712400000| Untracked 
| 100|0x0000000712600000, 0x0000000712600000, 0x0000000712800000|  0%| F|  |TAMS 0x0000000712600000, 0x0000000712600000| Untracked 
| 101|0x0000000712800000, 0x0000000712800000, 0x0000000712a00000|  0%| F|  |TAMS 0x0000000712800000, 0x0000000712800000| Untracked 
| 102|0x0000000712a00000, 0x0000000712a00000, 0x0000000712c00000|  0%| F|  |TAMS 0x0000000712a00000, 0x0000000712a00000| Untracked 
| 103|0x0000000712c00000, 0x0000000712c00000, 0x0000000712e00000|  0%| F|  |TAMS 0x0000000712c00000, 0x0000000712c00000| Untracked 
| 104|0x0000000712e00000, 0x0000000712e00000, 0x0000000713000000|  0%| F|  |TAMS 0x0000000712e00000, 0x0000000712e00000| Untracked 
| 105|0x0000000713000000, 0x0000000713000000, 0x0000000713200000|  0%| F|  |TAMS 0x0000000713000000, 0x0000000713000000| Untracked 
| 106|0x0000000713200000, 0x0000000713200000, 0x0000000713400000|  0%| F|  |TAMS 0x0000000713200000, 0x0000000713200000| Untracked 
| 107|0x0000000713400000, 0x0000000713400000, 0x0000000713600000|  0%| F|  |TAMS 0x0000000713400000, 0x0000000713400000| Untracked 
| 108|0x0000000713600000, 0x0000000713600000, 0x0000000713800000|  0%| F|  |TAMS 0x0000000713600000, 0x0000000713600000| Untracked 
| 109|0x0000000713800000, 0x0000000713800000, 0x0000000713a00000|  0%| F|  |TAMS 0x0000000713800000, 0x0000000713800000| Untracked 
| 110|0x0000000713a00000, 0x0000000713a00000, 0x0000000713c00000|  0%| F|  |TAMS 0x0000000713a00000, 0x0000000713a00000| Untracked 
| 111|0x0000000713c00000, 0x0000000713c00000, 0x0000000713e00000|  0%| F|  |TAMS 0x0000000713c00000, 0x0000000713c00000| Untracked 
| 112|0x0000000713e00000, 0x0000000713e00000, 0x0000000714000000|  0%| F|  |TAMS 0x0000000713e00000, 0x0000000713e00000| Untracked 
| 113|0x0000000714000000, 0x0000000714000000, 0x0000000714200000|  0%| F|  |TAMS 0x0000000714000000, 0x0000000714000000| Untracked 
| 114|0x0000000714200000, 0x0000000714200000, 0x0000000714400000|  0%| F|  |TAMS 0x0000000714200000, 0x0000000714200000| Untracked 
| 115|0x0000000714400000, 0x0000000714400000, 0x0000000714600000|  0%| F|  |TAMS 0x0000000714400000, 0x0000000714400000| Untracked 
| 116|0x0000000714600000, 0x0000000714600000, 0x0000000714800000|  0%| F|  |TAMS 0x0000000714600000, 0x0000000714600000| Untracked 
| 117|0x0000000714800000, 0x0000000714800000, 0x0000000714a00000|  0%| F|  |TAMS 0x0000000714800000, 0x0000000714800000| Untracked 
| 118|0x0000000714a00000, 0x0000000714a00000, 0x0000000714c00000|  0%| F|  |TAMS 0x0000000714a00000, 0x0000000714a00000| Untracked 
| 119|0x0000000714c00000, 0x0000000714d526f8, 0x0000000714e00000| 66%| E|  |TAMS 0x0000000714c00000, 0x0000000714c00000| Complete 
| 120|0x0000000714e00000, 0x0000000715000000, 0x0000000715000000|100%| E|CS|TAMS 0x0000000714e00000, 0x0000000714e00000| Complete 
| 121|0x0000000715000000, 0x0000000715200000, 0x0000000715200000|100%| E|CS|TAMS 0x0000000715000000, 0x0000000715000000| Complete 
| 122|0x0000000715200000, 0x0000000715400000, 0x0000000715400000|100%| E|CS|TAMS 0x0000000715200000, 0x0000000715200000| Complete 
| 123|0x0000000715400000, 0x0000000715600000, 0x0000000715600000|100%| E|CS|TAMS 0x0000000715400000, 0x0000000715400000| Complete 
| 124|0x0000000715600000, 0x0000000715800000, 0x0000000715800000|100%| E|CS|TAMS 0x0000000715600000, 0x0000000715600000| Complete 
| 125|0x0000000715800000, 0x0000000715a00000, 0x0000000715a00000|100%| E|CS|TAMS 0x0000000715800000, 0x0000000715800000| Complete 

Card table byte_map: [0x000001c59abd0000,0x000001c59b3b0000] _byte_map_base: 0x000001c5973a1000

Marking Bits (Prev, Next): (CMBitMap*) 0x000001c582c73020, (CMBitMap*) 0x000001c582c73060
 Prev Bits: [0x000001c59bb90000, 0x000001c59fa18000)
 Next Bits: [0x000001c59fa20000, 0x000001c5a38a8000)

Polling page: 0x000001c5823c0000

Metaspace:

Usage:
  Non-class:      2.42 MB used.
      Class:    235.99 KB used.
       Both:      2.65 MB used.

Virtual space:
  Non-class space:       64.00 MB reserved,       2.50 MB (  4%) committed,  1 nodes.
      Class space:        1.00 GB reserved,     320.00 KB ( <1%) committed,  1 nodes.
             Both:        1.06 GB reserved,       2.81 MB ( <1%) committed. 

Chunk freelists:
   Non-Class:  3.00 MB
       Class:  3.62 MB
        Both:  6.62 MB

MaxMetaspaceSize: unlimited
CompressedClassSpaceSize: 1.00 GB
Initial GC threshold: 21.00 MB
Current GC threshold: 21.00 MB
CDS: on
MetaspaceReclaimPolicy: balanced
 - commit_granule_bytes: 65536.
 - commit_granule_words: 8192.
 - virtual_space_node_default_size: 8388608.
 - enlarge_chunks_in_place: 1.
 - new_chunks_are_fully_committed: 0.
 - uncommit_free_chunks: 1.
 - use_allocation_guard: 0.


Internal statistics:

num_allocs_failed_limit: 0.
num_arena_births: 38.
num_arena_deaths: 0.
num_vsnodes_births: 2.
num_vsnodes_deaths: 0.
num_space_committed: 45.
num_space_uncommitted: 0.
num_chunks_returned_to_freelist: 0.
num_chunks_taken_from_freelist: 87.
num_chunk_merges: 0.
num_chunk_splits: 61.
num_chunks_enlarged: 48.
num_inconsistent_stats: 0.

CodeHeap 'non-profiled nmethods': size=119168Kb used=237Kb max_used=237Kb free=118930Kb
 bounds [0x000001c592700000, 0x000001c592970000, 0x000001c599b60000]
CodeHeap 'profiled nmethods': size=119104Kb used=1352Kb max_used=1352Kb free=117751Kb
 bounds [0x000001c58ab60000, 0x000001c58add0000, 0x000001c591fb0000]
CodeHeap 'non-nmethods': size=7488Kb used=2919Kb max_used=2942Kb free=4568Kb
 bounds [0x000001c591fb0000, 0x000001c5922a0000, 0x000001c592700000]
 total_blobs=1221 nmethods=783 adapters=346
 compilation: enabled
              stopped_count=0, restarted_count=0
 full_count=0

Compilation events (20 events):
Event: 0.222 Thread 0x000001c5aac177d0 nmethod 753 0x000001c58ac9ed10 code [0x000001c58ac9ef20, 0x000001c58ac9f538]
Event: 0.222 Thread 0x000001c5aac177d0  768       3       sun.util.locale.LocaleUtils::isEmpty (19 bytes)
Event: 0.223 Thread 0x000001c5aac177d0 nmethod 768 0x000001c58ac9f790 code [0x000001c58ac9f940, 0x000001c58ac9fb88]
Event: 0.223 Thread 0x000001c5aac177d0  754       3       sun.util.locale.LanguageTag::parseRegion (55 bytes)
Event: 0.223 Thread 0x000001c5aac16190 nmethod 766 0x000001c58ac9fc90 code [0x000001c58ac9fec0, 0x000001c58aca0728]
Event: 0.223 Thread 0x000001c5aac16190  756       3       sun.util.locale.LanguageTag::parseExtensions (208 bytes)
Event: 0.223 Thread 0x000001c5aac177d0 nmethod 754 0x000001c58aca0910 code [0x000001c58aca0ae0, 0x000001c58aca0ed8]
Event: 0.223 Thread 0x000001c5aac177d0  767       3       sun.util.locale.provider.LocaleProviderAdapter$$Lambda$65/0x80000006b::apply (8 bytes)
Event: 0.223 Thread 0x000001c5aac177d0 nmethod 767 0x000001c58aca1010 code [0x000001c58aca11c0, 0x000001c58aca13e8]
Event: 0.223 Thread 0x000001c5aac177d0  769       3       sun.util.locale.BaseLocale$Key::getBaseLocale (25 bytes)
Event: 0.223 Thread 0x000001c5aac17240 nmethod 765 0x000001c58aca1490 code [0x000001c58aca17a0, 0x000001c58aca2768]
Event: 0.223 Thread 0x000001c5aac17240  771       3       java.util.stream.Nodes$FixedNodeBuilder::accept (61 bytes)
Event: 0.223 Thread 0x000001c5aac177d0 nmethod 769 0x000001c58aca2e10 code [0x000001c58aca2fc0, 0x000001c58aca3308]
Event: 0.223 Thread 0x000001c5aac177d0  772       3       sun.util.locale.BaseLocale::convertOldISOCodes (238 bytes)
Event: 0.224 Thread 0x000001c5aac177d0 nmethod 772 0x000001c58aca3410 code [0x000001c58aca3640, 0x000001c58aca3d88]
Event: 0.224 Thread 0x000001c5aac177d0  774       3       sun.util.locale.LocaleObjectCache::normalizeKey (2 bytes)
Event: 0.224 Thread 0x000001c5aac177d0 nmethod 774 0x000001c58aca3f10 code [0x000001c58aca40a0, 0x000001c58aca41b8]
Event: 0.224 Thread 0x000001c5aac177d0  740       3       java.util.Locale::<init> (15 bytes)
Event: 0.224 Thread 0x000001c5aac177d0 nmethod 740 0x000001c58aca4290 code [0x000001c58aca4440, 0x000001c58aca4678]
Event: 0.224 Thread 0x000001c5aac16190 nmethod 756 0x000001c58aca4710 code [0x000001c58aca4ae0, 0x000001c58aca6268]

GC Heap History (0 events):
No events

Dll operation events (12 events):
Event: 0.006 Loaded shared library C:\Program Files\Java\jdk-19\bin\java.dll
Event: 0.011 Loaded shared library C:\Program Files\Java\jdk-19\bin\jsvml.dll
Event: 0.044 Loaded shared library C:\Program Files\Java\jdk-19\bin\zip.dll
Event: 0.045 Loaded shared library C:\Program Files\Java\jdk-19\bin\instrument.dll
Event: 0.048 Loaded shared library C:\Program Files\Java\jdk-19\bin\net.dll
Event: 0.049 Loaded shared library C:\Program Files\Java\jdk-19\bin\nio.dll
Event: 0.050 Loaded shared library C:\Program Files\Java\jdk-19\bin\zip.dll
Event: 0.058 Loaded shared library C:\Program Files\JetBrains\IntelliJ IDEA 2022.1.2\bin\breakgen64.dll
Event: 0.063 Loaded shared library C:\Program Files\Java\jdk-19\bin\extnet.dll
Event: 0.101 Loaded shared library C:\Program Files\Java\jdk-19\bin\jimage.dll
Event: 0.150 Loaded shared library C:\Users\99293\AppData\Local\Temp\jansi-2.4.0-4d2697c7bdff7c5-jansi.dll
Event: 0.156 Loaded shared library C:\Program Files\Java\jdk-19\bin\verify.dll

Deoptimization events (20 events):
Event: 0.172 Thread 0x000001c582c02030 DEOPT PACKING pc=0x000001c5927284dc sp=0x0000000a662feba0
Event: 0.172 Thread 0x000001c582c02030 DEOPT UNPACKING pc=0x000001c592016da3 sp=0x0000000a662feb50 mode 2
Event: 0.177 Thread 0x000001c582c02030 Uncommon trap: trap_request=0xffffffde fr.pc=0x000001c5927284dc relative=0x00000000000004dc
Event: 0.177 Thread 0x000001c582c02030 Uncommon trap: reason=class_check action=maybe_recompile pc=0x000001c5927284dc method=java.util.HashMap.putVal(ILjava/lang/Object;Ljava/lang/Object;ZZ)Ljava/lang/Object; @ 253 c2
Event: 0.177 Thread 0x000001c582c02030 DEOPT PACKING pc=0x000001c5927284dc sp=0x0000000a662fecd0
Event: 0.177 Thread 0x000001c582c02030 DEOPT UNPACKING pc=0x000001c592016da3 sp=0x0000000a662fec80 mode 2
Event: 0.181 Thread 0x000001c582c02030 Uncommon trap: trap_request=0xffffffde fr.pc=0x000001c5927284dc relative=0x00000000000004dc
Event: 0.181 Thread 0x000001c582c02030 Uncommon trap: reason=class_check action=maybe_recompile pc=0x000001c5927284dc method=java.util.HashMap.putVal(ILjava/lang/Object;Ljava/lang/Object;ZZ)Ljava/lang/Object; @ 253 c2
Event: 0.181 Thread 0x000001c582c02030 DEOPT PACKING pc=0x000001c5927284dc sp=0x0000000a662feaf0
Event: 0.181 Thread 0x000001c582c02030 DEOPT UNPACKING pc=0x000001c592016da3 sp=0x0000000a662feaa0 mode 2
Event: 0.185 Thread 0x000001c582c02030 Uncommon trap: trap_request=0xffffffde fr.pc=0x000001c5927284dc relative=0x00000000000004dc
Event: 0.185 Thread 0x000001c582c02030 Uncommon trap: reason=class_check action=maybe_recompile pc=0x000001c5927284dc method=java.util.HashMap.putVal(ILjava/lang/Object;Ljava/lang/Object;ZZ)Ljava/lang/Object; @ 253 c2
Event: 0.185 Thread 0x000001c582c02030 DEOPT PACKING pc=0x000001c5927284dc sp=0x0000000a662fec80
Event: 0.185 Thread 0x000001c582c02030 DEOPT UNPACKING pc=0x000001c592016da3 sp=0x0000000a662fec30 mode 2
Event: 0.199 Thread 0x000001c582c02030 DEOPT PACKING pc=0x000001c58aba64f6 sp=0x0000000a662facd0
Event: 0.199 Thread 0x000001c582c02030 DEOPT UNPACKING pc=0x000001c592017543 sp=0x0000000a662fa190 mode 0
Event: 0.199 Thread 0x000001c582c02030 DEOPT PACKING pc=0x000001c58abd8965 sp=0x0000000a662fa8b0
Event: 0.199 Thread 0x000001c582c02030 DEOPT UNPACKING pc=0x000001c592017543 sp=0x0000000a662f9d00 mode 0
Event: 0.220 Thread 0x000001c582c02030 DEOPT PACKING pc=0x000001c58abb767e sp=0x0000000a662fd850
Event: 0.220 Thread 0x000001c582c02030 DEOPT UNPACKING pc=0x000001c592017543 sp=0x0000000a662fccc0 mode 0

Classes loaded (20 events):
Event: 0.194 Loading class java/util/ArrayList$ListItr
Event: 0.194 Loading class java/util/ArrayList$ListItr done
Event: 0.200 Loading class jdk/internal/foreign/MemorySessionImpl
Event: 0.200 Loading class java/lang/foreign/MemorySession
Event: 0.200 Loading class java/lang/foreign/SegmentAllocator
Event: 0.200 Loading class java/lang/foreign/SegmentAllocator done
Event: 0.200 Loading class java/lang/foreign/MemorySession done
Event: 0.200 Loading class jdk/internal/foreign/MemorySessionImpl done
Event: 0.200 Loading class java/lang/TypeNotPresentException
Event: 0.200 Loading class java/lang/TypeNotPresentException done
Event: 0.203 Loading class java/util/concurrent/atomic/AtomicReference
Event: 0.203 Loading class java/util/concurrent/atomic/AtomicReference done
Event: 0.208 Loading class java/text/ParseException
Event: 0.208 Loading class java/text/ParseException done
Event: 0.212 Loading class sun/util/calendar/ZoneInfoFile$Checksum
Event: 0.212 Loading class sun/util/calendar/ZoneInfoFile$Checksum done
Event: 0.213 Loading class jdk/internal/module/ModulePatcher$PatchedModuleReader
Event: 0.213 Loading class jdk/internal/module/ModulePatcher$PatchedModuleReader done
Event: 0.213 Loading class sun/net/www/protocol/jrt/Handler
Event: 0.213 Loading class sun/net/www/protocol/jrt/Handler done

Classes unloaded (0 events):
No events

Classes redefined (0 events):
No events

Internal exceptions (12 events):
Event: 0.053 Thread 0x000001c582c02030 Exception <a 'java/lang/NoSuchMethodError'{0x00000007156ca8c0}: 'void java.lang.invoke.DirectMethodHandle$Holder.invokeStatic(java.lang.Object, java.lang.Object, java.lang.Object)'> (0x00000007156ca8c0) 
thrown [s\open\src\hotspot\share\interpreter\linkResolver.cpp, line 774]
Event: 0.056 Thread 0x000001c582c02030 Exception <a 'java/lang/NoSuchMethodError'{0x00000007157c45a8}: 'java.lang.Object java.lang.invoke.Invokers$Holder.invokeExact_MT(java.lang.Object, java.lang.Object, java.lang.Object, java.lang.Object, java.lang.Object)'> (0x00000007157c45a8) 
thrown [s\open\src\hotspot\share\interpreter\linkResolver.cpp, line 774]
Event: 0.063 Thread 0x000001c5aae5b630 Exception <a 'java/lang/NoSuchMethodError'{0x00000007154077f8}: 'void java.lang.invoke.DirectMethodHandle$Holder.invokeStatic(java.lang.Object, java.lang.Object)'> (0x00000007154077f8) 
thrown [s\open\src\hotspot\share\interpreter\linkResolver.cpp, line 774]
Event: 0.099 Thread 0x000001c582c02030 Exception <a 'java/lang/NullPointerException'{0x00000007152fa258}> (0x00000007152fa258) 
thrown [s\open\src\hotspot\share\interpreter\linkResolver.cpp, line 1374]
Event: 0.151 Thread 0x000001c582c02030 Exception <a 'java/lang/NullPointerException'{0x0000000715102760}> (0x0000000715102760) 
thrown [s\open\src\hotspot\share\interpreter\linkResolver.cpp, line 1374]
Event: 0.151 Thread 0x000001c582c02030 Exception <a 'java/lang/NullPointerException'{0x0000000715102a40}> (0x0000000715102a40) 
thrown [s\open\src\hotspot\share\interpreter\linkResolver.cpp, line 1374]
Event: 0.151 Thread 0x000001c582c02030 Exception <a 'java/lang/NullPointerException'{0x0000000715102d20}> (0x0000000715102d20) 
thrown [s\open\src\hotspot\share\interpreter\linkResolver.cpp, line 1374]
Event: 0.152 Thread 0x000001c582c02030 Exception <a 'java/lang/NullPointerException'{0x0000000715108000}> (0x0000000715108000) 
thrown [s\open\src\hotspot\share\interpreter\linkResolver.cpp, line 1374]
Event: 0.153 Thread 0x000001c582c02030 Exception <a 'java/lang/NullPointerException'{0x000000071511b568}> (0x000000071511b568) 
thrown [s\open\src\hotspot\share\interpreter\linkResolver.cpp, line 1374]
Event: 0.153 Thread 0x000001c582c02030 Exception <a 'java/lang/NullPointerException'{0x000000071511b848}> (0x000000071511b848) 
thrown [s\open\src\hotspot\share\interpreter\linkResolver.cpp, line 1374]
Event: 0.153 Thread 0x000001c582c02030 Exception <a 'java/lang/NullPointerException'{0x000000071511bb28}> (0x000000071511bb28) 
thrown [s\open\src\hotspot\share\interpreter\linkResolver.cpp, line 1374]
Event: 0.153 Thread 0x000001c582c02030 Exception <a 'java/lang/NullPointerException'{0x000000071511be08}> (0x000000071511be08) 
thrown [s\open\src\hotspot\share\interpreter\linkResolver.cpp, line 1374]

VM Operations (8 events):
Event: 0.038 Executing VM operation: HandshakeAllThreads
Event: 0.038 Executing VM operation: HandshakeAllThreads done
Event: 0.060 Executing VM operation: HandshakeAllThreads
Event: 0.060 Executing VM operation: HandshakeAllThreads done
Event: 0.099 Executing VM operation: HandshakeAllThreads
Event: 0.099 Executing VM operation: HandshakeAllThreads done
Event: 0.103 Executing VM operation: HandshakeAllThreads
Event: 0.103 Executing VM operation: HandshakeAllThreads done

Events (17 events):
Event: 0.012 Thread 0x000001c582c02030 Thread added: 0x000001c582c02030
Event: 0.021 Thread 0x000001c5a63ed8f0 Thread added: 0x000001c5a63ed8f0
Event: 0.021 Thread 0x000001c5a63ee6e0 Thread added: 0x000001c5a63ee6e0
Event: 0.021 Thread 0x000001c5aac04d60 Thread added: 0x000001c5aac04d60
Event: 0.021 Thread 0x000001c5aac087b0 Thread added: 0x000001c5aac087b0
Event: 0.021 Thread 0x000001c5aac090e0 Thread added: 0x000001c5aac090e0
Event: 0.021 Thread 0x000001c5aac09a10 Thread added: 0x000001c5aac09a10
Event: 0.021 Thread 0x000001c5aac0c680 Thread added: 0x000001c5aac0c680
Event: 0.022 Thread 0x000001c5aac17240 Thread added: 0x000001c5aac17240
Event: 0.022 Thread 0x000001c5aac26ec0 Thread added: 0x000001c5aac26ec0
Event: 0.034 Thread 0x000001c5aad1eb80 Thread added: 0x000001c5aad1eb80
Event: 0.038 Thread 0x000001c5aac177d0 Thread added: 0x000001c5aac177d0
Event: 0.038 Thread 0x000001c5aac16190 Thread added: 0x000001c5aac16190
Event: 0.039 Thread 0x000001c5aac193a0 Thread added: 0x000001c5aac193a0
Event: 0.042 Thread 0x000001c5aac17d60 Thread added: 0x000001c5aac17d60
Event: 0.059 Thread 0x000001c5aae5b630 Thread added: 0x000001c5aae5b630
Event: 0.059 Thread 0x000001c5aae5fea0 Thread added: 0x000001c5aae5fea0


Dynamic libraries:
0x00007ff7107e0000 - 0x00007ff7107f0000 	C:\Program Files\Java\jdk-19\bin\java.exe
0x00007ffd5ba90000 - 0x00007ffd5bca7000 	C:\WINDOWS\SYSTEM32\ntdll.dll
0x00007ffd5af70000 - 0x00007ffd5b034000 	C:\WINDOWS\System32\KERNEL32.DLL
0x00007ffd593a0000 - 0x00007ffd5975a000 	C:\WINDOWS\System32\KERNELBASE.dll
0x00007ffd24210000 - 0x00007ffd24228000 	C:\Program Files\Java\jdk-19\bin\jli.dll
0x00007ffd58d30000 - 0x00007ffd58e41000 	C:\WINDOWS\System32\ucrtbase.dll
0x00007ffd5aa10000 - 0x00007ffd5aac2000 	C:\WINDOWS\System32\ADVAPI32.dll
0x00007ffd185e0000 - 0x00007ffd185fb000 	C:\Program Files\Java\jdk-19\bin\VCRUNTIME140.dll
0x00007ffd5a150000 - 0x00007ffd5a1f7000 	C:\WINDOWS\System32\msvcrt.dll
0x00007ffd5ac20000 - 0x00007ffd5acc7000 	C:\WINDOWS\System32\sechost.dll
0x00007ffd59270000 - 0x00007ffd59298000 	C:\WINDOWS\System32\bcrypt.dll
0x00007ffd5a240000 - 0x00007ffd5a354000 	C:\WINDOWS\System32\RPCRT4.dll
0x00007ffd5b040000 - 0x00007ffd5b1ee000 	C:\WINDOWS\System32\USER32.dll
0x00007ffd58f10000 - 0x00007ffd58f36000 	C:\WINDOWS\System32\win32u.dll
0x00007ffd5b4a0000 - 0x00007ffd5b4c9000 	C:\WINDOWS\System32\GDI32.dll
0x00007ffd465b0000 - 0x00007ffd46842000 	C:\WINDOWS\WinSxS\amd64_microsoft.windows.common-controls_6595b64144ccf1df_6.0.22621.4541_none_2710d1c57384c085\COMCTL32.dll
0x00007ffd59150000 - 0x00007ffd5926b000 	C:\WINDOWS\System32\gdi32full.dll
0x00007ffd590b0000 - 0x00007ffd5914a000 	C:\WINDOWS\System32\msvcp_win.dll
0x00007ffd506f0000 - 0x00007ffd506fa000 	C:\WINDOWS\SYSTEM32\VERSION.dll
0x00007ffd5a200000 - 0x00007ffd5a231000 	C:\WINDOWS\System32\IMM32.DLL
0x00007ffd455c0000 - 0x00007ffd455cc000 	C:\Program Files\Java\jdk-19\bin\vcruntime140_1.dll
0x00007ffcfdf40000 - 0x00007ffcfdfce000 	C:\Program Files\Java\jdk-19\bin\msvcp140.dll
0x00007ffca67b0000 - 0x00007ffca7470000 	C:\Program Files\Java\jdk-19\bin\server\jvm.dll
0x00007ffd52d50000 - 0x00007ffd52d59000 	C:\WINDOWS\SYSTEM32\WSOCK32.dll
0x00007ffd50e50000 - 0x00007ffd50e84000 	C:\WINDOWS\SYSTEM32\WINMM.dll
0x00007ffd5a990000 - 0x00007ffd5aa01000 	C:\WINDOWS\System32\WS2_32.dll
0x00007ffd57e60000 - 0x00007ffd57e78000 	C:\WINDOWS\SYSTEM32\kernel.appcore.dll
0x00007ffd3eeb0000 - 0x00007ffd3eeba000 	C:\Program Files\Java\jdk-19\bin\jimage.dll
0x00007ffd55fd0000 - 0x00007ffd56202000 	C:\WINDOWS\SYSTEM32\DBGHELP.DLL
0x00007ffd5b640000 - 0x00007ffd5b9cf000 	C:\WINDOWS\System32\combase.dll
0x00007ffd5aae0000 - 0x00007ffd5abb7000 	C:\WINDOWS\System32\OLEAUT32.dll
0x00007ffd4ded0000 - 0x00007ffd4df02000 	C:\WINDOWS\SYSTEM32\dbgcore.DLL
0x00007ffd592a0000 - 0x00007ffd5931b000 	C:\WINDOWS\System32\bcryptPrimitives.dll
0x00007ffd55610000 - 0x00007ffd5561e000 	C:\Program Files\Java\jdk-19\bin\instrument.dll
0x00007ffd15190000 - 0x00007ffd151b6000 	C:\Program Files\Java\jdk-19\bin\java.dll
0x00007ffce83e0000 - 0x00007ffce84b7000 	C:\Program Files\Java\jdk-19\bin\jsvml.dll
0x00007ffd598d0000 - 0x00007ffd5a148000 	C:\WINDOWS\System32\SHELL32.dll
0x00007ffd56c40000 - 0x00007ffd57548000 	C:\WINDOWS\SYSTEM32\windows.storage.dll
0x00007ffd56b00000 - 0x00007ffd56c3f000 	C:\WINDOWS\SYSTEM32\wintypes.dll
0x00007ffd5b210000 - 0x00007ffd5b30a000 	C:\WINDOWS\System32\SHCORE.dll
0x00007ffd5b4d0000 - 0x00007ffd5b52e000 	C:\WINDOWS\System32\shlwapi.dll
0x00007ffd58c60000 - 0x00007ffd58c8b000 	C:\WINDOWS\SYSTEM32\profapi.dll
0x00007ffd17240000 - 0x00007ffd17258000 	C:\Program Files\Java\jdk-19\bin\zip.dll
0x00007ffd139c0000 - 0x00007ffd139d3000 	C:\Program Files\Java\jdk-19\bin\net.dll
0x00007ffd54780000 - 0x00007ffd548b6000 	C:\WINDOWS\SYSTEM32\WINHTTP.dll
0x00007ffd582e0000 - 0x00007ffd58349000 	C:\WINDOWS\system32\mswsock.dll
0x00007ffd0d6b0000 - 0x00007ffd0d6c6000 	C:\Program Files\Java\jdk-19\bin\nio.dll
0x00007ffd13a00000 - 0x00007ffd13a1a000 	C:\Program Files\JetBrains\IntelliJ IDEA 2022.1.2\bin\breakgen64.dll
0x00007ffd3d740000 - 0x00007ffd3d748000 	C:\Program Files\Java\jdk-19\bin\extnet.dll
0x0000000069ac0000 - 0x0000000069ae4000 	C:\Users\99293\AppData\Local\Temp\jansi-2.4.0-4d2697c7bdff7c5-jansi.dll
0x00007ffd34370000 - 0x00007ffd34380000 	C:\Program Files\Java\jdk-19\bin\verify.dll

dbghelp: loaded successfully - version: 4.0.5 - missing functions: none
symbol engine: initialized successfully - sym options: 0x614 - pdb path: .;C:\Program Files\Java\jdk-19\bin;C:\WINDOWS\SYSTEM32;C:\WINDOWS\WinSxS\amd64_microsoft.windows.common-controls_6595b64144ccf1df_6.0.22621.4541_none_2710d1c57384c085;C:\Program Files\Java\jdk-19\bin\server;C:\Program Files\JetBrains\IntelliJ IDEA 2022.1.2\bin;C:\Users\99293\AppData\Local\Temp

VM Arguments:
jvm_args: -Dmaven.multiModuleProjectDirectory=D:\unitedStates duplicates original -Dmaven.home=C:\Users\99293\.m2\wrapper\dists\apache-maven-3.8.6-bin\1ks0nkde5v1pk9vtc31i9d0lcd\apache-maven-3.8.6 -Dclassworlds.conf=C:\Users\99293\.m2\wrapper\dists\apache-maven-3.8.6-bin\1ks0nkde5v1pk9vtc31i9d0lcd\apache-maven-3.8.6\bin\m2.conf -Dmaven.ext.class.path=C:\Program Files\JetBrains\IntelliJ IDEA 2022.1.2\plugins\maven\lib\maven-event-listener.jar -javaagent:C:\Program Files\JetBrains\IntelliJ IDEA 2022.1.2\lib\idea_rt.jar=53619:C:\Program Files\JetBrains\IntelliJ IDEA 2022.1.2\bin -Dfile.encoding=UTF-8 
java_command: org.codehaus.classworlds.Launcher -Didea.version=2022.1.2 package
java_class_path (initial): C:\Users\99293\.m2\wrapper\dists\apache-maven-3.8.6-bin\1ks0nkde5v1pk9vtc31i9d0lcd\apache-maven-3.8.6\boot\plexus-classworlds-2.6.0.jar;C:\Users\99293\.m2\wrapper\dists\apache-maven-3.8.6-bin\1ks0nkde5v1pk9vtc31i9d0lcd\apache-maven-3.8.6\boot\plexus-classworlds.license
Launcher Type: SUN_STANDARD

[Global flags]
     intx CICompilerCount                          = 12                                        {product} {ergonomic}
     uint ConcGCThreads                            = 3                                         {product} {ergonomic}
     uint G1ConcRefinementThreads                  = 13                                        {product} {ergonomic}
   size_t G1HeapRegionSize                         = 2097152                                   {product} {ergonomic}
    uintx GCDrainStackTargetSize                   = 64                                        {product} {ergonomic}
   size_t InitialHeapSize                          = 264241152                                 {product} {ergonomic}
   size_t MarkStackSize                            = 4194304                                   {product} {ergonomic}
   size_t MaxHeapSize                              = 4196401152                                {product} {ergonomic}
   size_t MaxNewSize                               = 2516582400                                {product} {ergonomic}
   size_t MinHeapDeltaBytes                        = 2097152                                   {product} {ergonomic}
   size_t MinHeapSize                              = 8388608                                   {product} {ergonomic}
    uintx NonNMethodCodeHeapSize                   = 7602480                                {pd product} {ergonomic}
    uintx NonProfiledCodeHeapSize                  = 122027880                              {pd product} {ergonomic}
    uintx ProfiledCodeHeapSize                     = 122027880                              {pd product} {ergonomic}
    uintx ReservedCodeCacheSize                    = 251658240                              {pd product} {ergonomic}
     bool SegmentedCodeCache                       = true                                      {product} {ergonomic}
   size_t SoftMaxHeapSize                          = 4196401152                             {manageable} {ergonomic}
     bool UseCompressedClassPointers               = true                           {product lp64_product} {ergonomic}
     bool UseCompressedOops                        = true                           {product lp64_product} {ergonomic}
     bool UseG1GC                                  = true                                      {product} {ergonomic}
     bool UseLargePagesIndividualAllocation        = false                                  {pd product} {ergonomic}

Logging:
Log output configuration:
 #0: stdout all=warning uptime,level,tags foldmultilines=false
 #1: stderr all=off uptime,level,tags foldmultilines=false

Environment Variables:
JAVA_HOME=C:\Program Files\Java\jdk-19
PATH=C:\Program Files\Common Files\Oracle\Java\javapath;C:\Windows\system32;C:\Windows;C:\Windows\System32\Wbem;C:\Windows\System32\WindowsPowerShell\v1.0\;C:\Windows\System32\OpenSSH\;C:\Program Files (x86)\NVIDIA Corporation\PhysX\Common;C:\Program Files\NVIDIA Corporation\NVIDIA NvDLISR;C:\Program Files (x86)\dotnet\;C:\WINDOWS\system32;C:\WINDOWS;C:\WINDOWS\System32\Wbem;C:\WINDOWS\System32\WindowsPowerShell\v1.0\;C:\WINDOWS\System32\OpenSSH\;C:\Program Files\Java\jdk-19\bin;C:\Program Files\Git\cmd;C:\Users\99293\AppData\Local\Programs\Python\Python311\Scripts\;C:\Users\99293\AppData\Local\Programs\Python\Python311\;C:\Users\99293\AppData\Local\Microsoft\WindowsApps;;C:\Program Files\JetBrains\IntelliJ IDEA 2022.1.2\bin;;C:\Program Files\heroku\bin
USERNAME=ASUS
OS=Windows_NT
PROCESSOR_IDENTIFIER=Intel64 Family 6 Model 154 Stepping 3, GenuineIntel
TMP=C:\Users\99293\AppData\Local\Temp
TEMP=C:\Users\99293\AppData\Local\Temp



---------------  S Y S T E M  ---------------

OS:
 Windows 11 , 64 bit Build 22621 (10.0.22621.4391)
OS uptime: 2 days 8:26 hours
Hyper-V role detected

CPU: total 16 (initial active 16) (8 cores per cpu, 2 threads per core) family 6 model 154 stepping 3 microcode 0x429, cx8, cmov, fxsr, ht, mmx, 3dnowpref, sse, sse2, sse3, ssse3, sse4.1, sse4.2, popcnt, lzcnt, tsc, tscinvbit, avx, avx2, aes, erms, clmul, bmi1, bmi2, adx, sha, fma, vzeroupper, clflush, clflushopt, clwb, hv, serialize, rdtscp, rdpid, fsrm

Memory: 4k page, system-wide physical 16004M (2379M free)
TotalPageFile size 18052M (AvailPageFile size 0M)
current process WorkingSet (physical memory assigned to process): 54M, peak: 54M
current process commit charge ("private bytes"): 359M, peak: 359M

vm_info: Java HotSpot(TM) 64-Bit Server VM (19.0.2+7-44) for windows-amd64 JRE (19.0.2+7-44), built on 2022-11-30T18:02:09Z by "mach5one" with MS VC++ 17.1 (VS2022)

END.
