#
# There is insufficient memory for the Java Runtime Environment to continue.
# Native memory allocation (mmap) failed to map 264241152 bytes for Failed to commit area from 0x0000000705e00000 to 0x0000000715a00000 of length 264241152.
# Possible reasons:
#   The system is out of physical RAM or swap space
#   The process is running with CompressedOops enabled, and the Java Heap may be blocking the growth of the native heap
# Possible solutions:
#   Reduce memory load on the system
#   Increase physical memory or swap space
#   Check if swap backing store is full
#   Decrease Java heap size (-Xmx/-Xms)
#   Decrease number of Java threads
#   Decrease Java thread stack sizes (-Xss)
#   Set larger code cache with -XX:ReservedCodeCacheSize=
# This output file may be truncated or incomplete.
#
#  Out of Memory Error (src/hotspot/os/windows/os_windows.cpp:3627), pid=2592, tid=2832
#
# JRE version:  (11.0.15+10) (build )
# Java VM: OpenJDK 64-Bit Server VM (11.0.15+10-b2043.56, mixed mode, sharing, tiered, compressed oops, g1 gc, windows-amd64)
# No core dump will be written. Minidumps are not enabled by default on client versions of Windows
#

---------------  S U M M A R Y ------------

Command Line: git4idea.http.GitAskPassApp Username for 'https://github.com': 

Host: 12th Gen Intel(R) Core(TM) i7-12650H, 16 cores, 15G,  Windows 11 , 64 bit Build 22621 (10.0.22621.1778)
Time: Sat Jul 15 18:35:49 2023  Windows 11 , 64 bit Build 22621 (10.0.22621.1778) elapsed time: 0.007896 seconds (0d 0h 0m 0s)

---------------  T H R E A D  ---------------

Current thread (0x00000134e55ba000):  JavaThread "Unknown thread" [_thread_in_vm, id=2832, stack(0x00000008f2300000,0x00000008f2400000)]

Stack: [0x00000008f2300000,0x00000008f2400000]
Native frames: (J=compiled Java code, j=interpreted, Vv=VM code, C=native code)
V  [jvm.dll+0x61612a]
V  [jvm.dll+0x79c450]
V  [jvm.dll+0x79da6d]
V  [jvm.dll+0x79e143]
V  [jvm.dll+0x24cc18]
V  [jvm.dll+0x613174]
V  [jvm.dll+0x607e55]
V  [jvm.dll+0x30b1cb]
V  [jvm.dll+0x30b13a]
V  [jvm.dll+0x30b012]
V  [jvm.dll+0x30ff76]
V  [jvm.dll+0x35b4c3]
V  [jvm.dll+0x35bbc6]
V  [jvm.dll+0x35b5c3]
V  [jvm.dll+0x2e5918]
V  [jvm.dll+0x2e6ab7]
V  [jvm.dll+0x7794f7]
V  [jvm.dll+0x77acec]
V  [jvm.dll+0x368a59]
V  [jvm.dll+0x75ce8e]
V  [jvm.dll+0x3d6a33]
V  [jvm.dll+0x3d9001]
C  [jli.dll+0x536b]
C  [ucrtbase.dll+0x29363]
C  [KERNEL32.DLL+0x126ad]
C  [ntdll.dll+0x5a9f8]


---------------  P R O C E S S  ---------------

Threads class SMR info:
_java_thread_list=0x00000134e33d6060, length=0, elements={
}

Java Threads: ( => current thread )

Other Threads:
  0x00000134e55d5000 GCTaskThread "GC Thread#0" [stack: 0x00000008f2400000,0x00000008f2500000] [id=21424]
  0x00000134e5631800 ConcurrentGCThread "G1 Main Marker" [stack: 0x00000008f2500000,0x00000008f2600000] [id=10400]
  0x00000134e5634000 ConcurrentGCThread "G1 Conc#0" [stack: 0x00000008f2600000,0x00000008f2700000] [id=6608]

[error occurred during error reporting (printing all threads), id 0xc0000005, EXCEPTION_ACCESS_VIOLATION (0xc0000005) at pc=0x00007ff863b86017]

VM state:not at safepoint (not fully initialized)

VM Mutex/Monitor currently owned by a thread:  ([mutex/lock_event])
[0x00000134e55b6450] Heap_lock - owner thread: 0x00000134e55ba000

Heap address: 0x0000000705e00000, size: 4002 MB, Compressed Oops mode: Non-zero based: 0x0000000705e00000
Narrow klass base: 0x0000000000000000, Narrow klass shift: 0

GC Heap History (0 events):
No events

Deoptimization events (0 events):
No events

Classes redefined (0 events):
No events

Internal exceptions (0 events):
No events

Events (1 events):
Event: 0.004 Loaded shared library C:\Program Files\JetBrains\IntelliJ IDEA 2022.1.2\jbr\bin\zip.dll


Dynamic libraries:
0x00007ff6a03b0000 - 0x00007ff6a03ba000 	C:\Program Files\JetBrains\IntelliJ IDEA 2022.1.2\jbr\bin\java.exe
0x00007ff8d2790000 - 0x00007ff8d29a4000 	C:\WINDOWS\SYSTEM32\ntdll.dll
0x00007ff8d1620000 - 0x00007ff8d16e2000 	C:\WINDOWS\System32\KERNEL32.DLL
0x00007ff8cff30000 - 0x00007ff8d02d3000 	C:\WINDOWS\System32\KERNELBASE.dll
0x00007ff8cfc00000 - 0x00007ff8cfd11000 	C:\WINDOWS\System32\ucrtbase.dll
0x00007ff8b3980000 - 0x00007ff8b3999000 	C:\Program Files\JetBrains\IntelliJ IDEA 2022.1.2\jbr\bin\jli.dll
0x00007ff8b3950000 - 0x00007ff8b3966000 	C:\Program Files\JetBrains\IntelliJ IDEA 2022.1.2\jbr\bin\VCRUNTIME140.dll
0x00007ff8d0850000 - 0x00007ff8d09fb000 	C:\WINDOWS\System32\USER32.dll
0x00007ff8cff00000 - 0x00007ff8cff26000 	C:\WINDOWS\System32\win32u.dll
0x00007ff8d0c20000 - 0x00007ff8d0c49000 	C:\WINDOWS\System32\GDI32.dll
0x00007ff8b9550000 - 0x00007ff8b97de000 	C:\WINDOWS\WinSxS\amd64_microsoft.windows.common-controls_6595b64144ccf1df_6.0.22621.1635_none_270f70857386168e\COMCTL32.dll
0x00007ff8d0420000 - 0x00007ff8d0539000 	C:\WINDOWS\System32\gdi32full.dll
0x00007ff8d1a00000 - 0x00007ff8d1aa7000 	C:\WINDOWS\System32\msvcrt.dll
0x00007ff8cfb60000 - 0x00007ff8cfbfa000 	C:\WINDOWS\System32\msvcp_win.dll
0x00007ff8d0a00000 - 0x00007ff8d0a31000 	C:\WINDOWS\System32\IMM32.DLL
0x00007ff881230000 - 0x00007ff8812da000 	C:\Program Files\JetBrains\IntelliJ IDEA 2022.1.2\jbr\bin\msvcp140.dll
0x00007ff863890000 - 0x00007ff86440b000 	C:\Program Files\JetBrains\IntelliJ IDEA 2022.1.2\jbr\bin\server\jvm.dll
0x00007ff8d0a40000 - 0x00007ff8d0aee000 	C:\WINDOWS\System32\ADVAPI32.dll
0x00007ff8d05c0000 - 0x00007ff8d0664000 	C:\WINDOWS\System32\sechost.dll
0x00007ff8d1500000 - 0x00007ff8d1617000 	C:\WINDOWS\System32\RPCRT4.dll
0x00007ff8d0840000 - 0x00007ff8d0848000 	C:\WINDOWS\System32\PSAPI.DLL
0x00007ff8c77e0000 - 0x00007ff8c77e9000 	C:\WINDOWS\SYSTEM32\WSOCK32.dll
0x00007ff8d1980000 - 0x00007ff8d19f1000 	C:\WINDOWS\System32\WS2_32.dll
0x00007ff8c8cc0000 - 0x00007ff8c8cca000 	C:\WINDOWS\SYSTEM32\VERSION.dll
0x00007ff8c5c70000 - 0x00007ff8c5ca4000 	C:\WINDOWS\SYSTEM32\WINMM.dll
0x00007ff8ceca0000 - 0x00007ff8cecb8000 	C:\WINDOWS\SYSTEM32\kernel.appcore.dll
0x00007ff8c0020000 - 0x00007ff8c0031000 	C:\Program Files\JetBrains\IntelliJ IDEA 2022.1.2\jbr\bin\verify.dll
0x00007ff8ccf00000 - 0x00007ff8cd12e000 	C:\WINDOWS\SYSTEM32\DBGHELP.DLL
0x00007ff8d1c30000 - 0x00007ff8d1fb9000 	C:\WINDOWS\System32\combase.dll
0x00007ff8d1af0000 - 0x00007ff8d1bc7000 	C:\WINDOWS\System32\OLEAUT32.dll
0x00007ff8ca710000 - 0x00007ff8ca742000 	C:\WINDOWS\SYSTEM32\dbgcore.DLL
0x00007ff8d02e0000 - 0x00007ff8d035b000 	C:\WINDOWS\System32\bcryptPrimitives.dll
0x00007ff8bfff0000 - 0x00007ff8c0019000 	C:\Program Files\JetBrains\IntelliJ IDEA 2022.1.2\jbr\bin\java.dll
0x00007ff8c0d90000 - 0x00007ff8c0d9b000 	C:\Program Files\JetBrains\IntelliJ IDEA 2022.1.2\jbr\bin\jimage.dll
0x00007ff89f9b0000 - 0x00007ff89f9c9000 	C:\Program Files\JetBrains\IntelliJ IDEA 2022.1.2\jbr\bin\zip.dll

dbghelp: loaded successfully - version: 4.0.5 - missing functions: none
symbol engine: initialized successfully - sym options: 0x614 - pdb path: .;C:\Program Files\JetBrains\IntelliJ IDEA 2022.1.2\jbr\bin;C:\WINDOWS\SYSTEM32;C:\WINDOWS\WinSxS\amd64_microsoft.windows.common-controls_6595b64144ccf1df_6.0.22621.1635_none_270f70857386168e;C:\Program Files\JetBrains\IntelliJ IDEA 2022.1.2\jbr\bin\server

VM Arguments:
java_command: git4idea.http.GitAskPassApp Username for 'https://github.com': 
java_class_path (initial): C:/Program Files/JetBrains/IntelliJ IDEA 2022.1.2/plugins/git4idea/lib/git4idea-rt.jar;C:/Program Files/JetBrains/IntelliJ IDEA 2022.1.2/lib/externalProcess-rt.jar;C:/Program Files/JetBrains/IntelliJ IDEA 2022.1.2/lib/app.jar;C:/Program Files/JetBrains/IntelliJ IDEA 2022.1.2/lib/3rd-party-rt.jar
Launcher Type: SUN_STANDARD

[Global flags]
     intx CICompilerCount                          = 12                                        {product} {ergonomic}
     uint ConcGCThreads                            = 3                                         {product} {ergonomic}
     uint G1ConcRefinementThreads                  = 13                                        {product} {ergonomic}
   size_t G1HeapRegionSize                         = 1048576                                   {product} {ergonomic}
    uintx GCDrainStackTargetSize                   = 64                                        {product} {ergonomic}
   size_t InitialHeapSize                          = 264241152                                 {product} {ergonomic}
   size_t MarkStackSize                            = 4194304                                   {product} {ergonomic}
   size_t MaxHeapSize                              = 4196401152                                {product} {ergonomic}
   size_t MinHeapDeltaBytes                        = 1048576                                   {product} {ergonomic}
    uintx NonNMethodCodeHeapSize                   = 7594288                                {pd product} {ergonomic}
    uintx NonProfiledCodeHeapSize                  = 122031976                              {pd product} {ergonomic}
    uintx ProfiledCodeHeapSize                     = 122031976                              {pd product} {ergonomic}
    uintx ReservedCodeCacheSize                    = 251658240                              {pd product} {ergonomic}
     bool SegmentedCodeCache                       = true                                      {product} {ergonomic}
     bool UseCompressedClassPointers               = true                                 {lp64_product} {ergonomic}
     bool UseCompressedOops                        = true                                 {lp64_product} {ergonomic}
     bool UseG1GC                                  = true                                      {product} {ergonomic}
     bool UseLargePagesIndividualAllocation        = false                                  {pd product} {ergonomic}

Logging:
Log output configuration:
 #0: stdout all=warning uptime,level,tags
 #1: stderr all=off uptime,level,tags

Environment Variables:
PATH=C:\Program Files\Git\mingw64\libexec\git-core;C:\Program Files\Git\mingw64\libexec\git-core;C:\Program Files\Git\mingw64\bin;C:\Program Files\Git\usr\bin;C:\Users\99293\bin;C:\Program Files\Common Files\Oracle\Java\javapath;C:\Windows\system32;C:\Windows;C:\Windows\System32\Wbem;C:\Windows\System32\WindowsPowerShell\v1.0;C:\Windows\System32\OpenSSH;C:\Program Files (x86)\NVIDIA Corporation\PhysX\Common;C:\Program Files\NVIDIA Corporation\NVIDIA NvDLISR;C:\Program Files\Git\cmd;C:\Program Files (x86)\dotnet;%SystemRoot%\system32;%SystemRoot%;%SystemRoot%\System32\Wbem;%SYSTEMROOT%\System32\WindowsPowerShell\v1.0;%SYSTEMROOT%\System32\OpenSSH;C:\Users\99293\AppData\Local\Programs\Python\Python311\Scripts;C:\Users\99293\AppData\Local\Programs\Python\Python311;C:\Users\99293\AppData\Local\Microsoft\WindowsApps;C:\Program Files\JetBrains\IntelliJ IDEA 2022.1.2\bin;C:\Program Files\heroku\bin
USERNAME=ASUS
DISPLAY=:0.0
LC_ALL=en_US.UTF-8
OS=Windows_NT
PROCESSOR_IDENTIFIER=Intel64 Family 6 Model 154 Stepping 3, GenuineIntel



---------------  S Y S T E M  ---------------

OS: Windows 11 , 64 bit Build 22621 (10.0.22621.1778)
OS uptime: 2 days 6:18 hours
Hyper-V role detected

CPU:total 16 (initial active 16) (8 cores per cpu, 2 threads per core) family 6 model 154 stepping 3 microcode 0x41c, cmov, cx8, fxsr, mmx, sse, sse2, sse3, ssse3, sse4.1, sse4.2, popcnt, avx, avx2, aes, clmul, erms, 3dnowpref, lzcnt, ht, tsc, tscinvbit, bmi1, bmi2, adx, sha, fma

Memory: 4k page, system-wide physical 16005M (4088M free)
TotalPageFile size 18053M (AvailPageFile size 45M)
current process WorkingSet (physical memory assigned to process): 11M, peak: 11M
current process commit charge ("private bytes"): 71M, peak: 323M

vm_info: OpenJDK 64-Bit Server VM (11.0.15+10-b2043.56) for windows-amd64 JRE (11.0.15+10-b2043.56), built on May 16 2022 02:28:12 by "" with MS VC++ 14.0 (VS2015)

END.
