#
# There is insufficient memory for the Java Runtime Environment to continue.
# Native memory allocation (malloc) failed to allocate 32744 bytes for Chunk::new
# Possible reasons:
#   The system is out of physical RAM or swap space
#   The process is running with CompressedOops enabled, and the Java Heap may be blocking the growth of the native heap
# Possible solutions:
#   Reduce memory load on the system
#   Increase physical memory or swap space
#   Check if swap backing store is full
#   Decrease Java heap size (-Xmx/-Xms)
#   Decrease number of Java threads
#   Decrease Java thread stack sizes (-Xss)
#   Set larger code cache with -XX:ReservedCodeCacheSize=
#   JVM is running with Zero Based Compressed Oops mode in which the Java heap is
#     placed in the first 32GB address space. The Java Heap base address is the
#     maximum limit for the native heap growth. Please use -XX:HeapBaseMinAddress
#     to set the Java Heap base and to place the Java Heap above 32GB virtual address.
# This output file may be truncated or incomplete.
#
#  Out of Memory Error (arena.cpp:184), pid=10732, tid=5364
#
# JRE version: Java(TM) SE Runtime Environment (19.0.2+7) (build 19.0.2+7-44)
# Java VM: Java HotSpot(TM) 64-Bit Server VM (19.0.2+7-44, mixed mode, sharing, tiered, compressed oops, compressed class ptrs, g1 gc, windows-amd64)
# No core dump will be written. Minidumps are not enabled by default on client versions of Windows
#

---------------  S U M M A R Y ------------

Command Line: -Dmaven.multiModuleProjectDirectory=D:\unitedStates duplicates original -Dmaven.home=C:\Users\99293\.m2\wrapper\dists\apache-maven-3.8.6-bin\1ks0nkde5v1pk9vtc31i9d0lcd\apache-maven-3.8.6 -Dclassworlds.conf=C:\Users\99293\.m2\wrapper\dists\apache-maven-3.8.6-bin\1ks0nkde5v1pk9vtc31i9d0lcd\apache-maven-3.8.6\bin\m2.conf -Dmaven.ext.class.path=C:\Program Files\JetBrains\IntelliJ IDEA 2022.1.2\plugins\maven\lib\maven-event-listener.jar -javaagent:C:\Program Files\JetBrains\IntelliJ IDEA 2022.1.2\lib\idea_rt.jar=62191:C:\Program Files\JetBrains\IntelliJ IDEA 2022.1.2\bin -Dfile.encoding=UTF-8 org.codehaus.classworlds.Launcher -Didea.version=2022.1.2 package

Host: 12th Gen Intel(R) Core(TM) i7-12650H, 16 cores, 15G,  Windows 11 , 64 bit Build 22621 (10.0.22621.4391)
Time: Sun Jan  5 20:26:16 2025  Windows 11 , 64 bit Build 22621 (10.0.22621.4391) elapsed time: 16.400330 seconds (0d 0h 0m 16s)

---------------  T H R E A D  ---------------

Current thread (0x000001b60606e320):  JavaThread "C2 CompilerThread0" daemon [_thread_in_native, id=5364, stack(0x0000001798f00000,0x0000001799000000)]


Current CompileTask:
C2:  16400 12515   !   4       java.lang.ClassLoader::loadClass (121 bytes)

Stack: [0x0000001798f00000,0x0000001799000000]
Native frames: (J=compiled Java code, j=interpreted, Vv=VM code, C=native code)
V  [jvm.dll+0x6ee21a]
V  [jvm.dll+0x85765e]
V  [jvm.dll+0x85904e]
V  [jvm.dll+0x859703]
V  [jvm.dll+0x28298f]
V  [jvm.dll+0xc9adf]
V  [jvm.dll+0xc9e65]
V  [jvm.dll+0x3c233d]
V  [jvm.dll+0x3c19e1]
V  [jvm.dll+0x3c1a24]
V  [jvm.dll+0x3baeac]
V  [jvm.dll+0x1ee2d8]
V  [jvm.dll+0x24c52b]
V  [jvm.dll+0x24b781]
V  [jvm.dll+0x1d6ce1]
V  [jvm.dll+0x25b25a]
V  [jvm.dll+0x2596e8]
V  [jvm.dll+0x807588]
V  [jvm.dll+0x80125a]
V  [jvm.dll+0x6ecf0b]
C  [ucrtbase.dll+0x29333]
C  [KERNEL32.DLL+0x1259d]
C  [ntdll.dll+0x5af38]


---------------  P R O C E S S  ---------------

Threads class SMR info:
_java_thread_list=0x000001b60c769c80, length=27, elements={
0x000001b6622afc30, 0x000001b60605dbe0, 0x000001b60605e9d0, 0x000001b606060b10,
0x000001b606068a80, 0x000001b6060693b0, 0x000001b606069e80, 0x000001b60606e320,
0x000001b606076e40, 0x000001b60607a7d0, 0x000001b60a49d590, 0x000001b60a4a5f10,
0x000001b606034c70, 0x000001b60a5e0510, 0x000001b60a5e0a50, 0x000001b60d63b420,
0x000001b60d63b970, 0x000001b60dd84280, 0x000001b60dd84d20, 0x000001b60dd822a0,
0x000001b60fe324b0, 0x000001b60dd80810, 0x000001b60dd7e2e0, 0x000001b60dd847d0,
0x000001b60dd837e0, 0x000001b60dd802c0, 0x000001b60dd7ed80
}

Java Threads: ( => current thread )
  0x000001b6622afc30 JavaThread "main" [_thread_in_native, id=7948, stack(0x0000001798200000,0x0000001798300000)]
  0x000001b60605dbe0 JavaThread "Reference Handler" daemon [_thread_blocked, id=17588, stack(0x0000001798900000,0x0000001798a00000)]
  0x000001b60605e9d0 JavaThread "Finalizer" daemon [_thread_blocked, id=22240, stack(0x0000001798a00000,0x0000001798b00000)]
  0x000001b606060b10 JavaThread "Signal Dispatcher" daemon [_thread_blocked, id=10648, stack(0x0000001798b00000,0x0000001798c00000)]
  0x000001b606068a80 JavaThread "Attach Listener" daemon [_thread_blocked, id=15208, stack(0x0000001798c00000,0x0000001798d00000)]
  0x000001b6060693b0 JavaThread "Service Thread" daemon [_thread_blocked, id=3028, stack(0x0000001798d00000,0x0000001798e00000)]
  0x000001b606069e80 JavaThread "Monitor Deflation Thread" daemon [_thread_blocked, id=23188, stack(0x0000001798e00000,0x0000001798f00000)]
=>0x000001b60606e320 JavaThread "C2 CompilerThread0" daemon [_thread_in_native, id=5364, stack(0x0000001798f00000,0x0000001799000000)]
  0x000001b606076e40 JavaThread "C1 CompilerThread0" daemon [_thread_blocked, id=6700, stack(0x0000001799000000,0x0000001799100000)]
  0x000001b60607a7d0 JavaThread "Sweeper thread" daemon [_thread_blocked, id=13672, stack(0x0000001799100000,0x0000001799200000)]
  0x000001b60a49d590 JavaThread "C1 CompilerThread1" daemon [_thread_blocked, id=11252, stack(0x0000001799200000,0x0000001799300000)]
  0x000001b60a4a5f10 JavaThread "C1 CompilerThread2" daemon [_thread_blocked, id=16068, stack(0x0000001799300000,0x0000001799400000)]
  0x000001b606034c70 JavaThread "Common-Cleaner" daemon [_thread_blocked, id=24176, stack(0x0000001799400000,0x0000001799500000)]
  0x000001b60a5e0510 JavaThread "Monitor Ctrl-Break" daemon [_thread_in_native, id=6028, stack(0x0000001799500000,0x0000001799600000)]
  0x000001b60a5e0a50 JavaThread "Notification Thread" daemon [_thread_blocked, id=13852, stack(0x0000001799600000,0x0000001799700000)]
  0x000001b60d63b420 JavaThread "resolver-1" daemon [_thread_blocked, id=4808, stack(0x0000001799800000,0x0000001799900000)]
  0x000001b60d63b970 JavaThread "resolver-2" daemon [_thread_blocked, id=16892, stack(0x0000001799900000,0x0000001799a00000)]
  0x000001b60dd84280 JavaThread "resolver-3" daemon [_thread_blocked, id=12052, stack(0x0000001799a00000,0x0000001799b00000)]
  0x000001b60dd84d20 JavaThread "resolver-4" daemon [_thread_blocked, id=25504, stack(0x0000001799b00000,0x0000001799c00000)]
  0x000001b60dd822a0 JavaThread "resolver-5" daemon [_thread_blocked, id=13272, stack(0x0000001799c00000,0x0000001799d00000)]
  0x000001b60fe324b0 JavaThread "C2 CompilerThread1" daemon [_thread_blocked, id=12212, stack(0x0000001799d00000,0x0000001799e00000)]
  0x000001b60dd80810 JavaThread "timeout-check-timer" daemon [_thread_blocked, id=19396, stack(0x000000179ac00000,0x000000179ad00000)]
  0x000001b60dd7e2e0 JavaThread "ping-timer-10s" daemon [_thread_blocked, id=18904, stack(0x000000179ad00000,0x000000179ae00000)]
  0x000001b60dd847d0 JavaThread "ThreadedStreamConsumer" daemon [_thread_blocked, id=9856, stack(0x000000179ae00000,0x000000179af00000)]
  0x000001b60dd837e0 JavaThread "Thread-2" [_thread_blocked, id=21996, stack(0x000000179af00000,0x000000179b000000)]
  0x000001b60dd802c0 JavaThread "Thread-3" [_thread_in_native, id=2112, stack(0x000000179b000000,0x000000179b100000)]
  0x000001b60dd7ed80 JavaThread "Thread-4" [_thread_in_native, id=3084, stack(0x000000179b100000,0x000000179b200000)]

Other Threads:
  0x000001b606044190 VMThread "VM Thread" [stack: 0x0000001798800000,0x0000001798900000] [id=21616]
  0x000001b60a5e3270 WatcherThread "VM Periodic Task Thread" [stack: 0x0000001799700000,0x0000001799800000] [id=13144]
  0x000001b6623217e0 WorkerThread "GC Thread#0" [stack: 0x0000001798300000,0x0000001798400000] [id=5460]
  0x000001b60a9547d0 WorkerThread "GC Thread#1" [stack: 0x000000179a000000,0x000000179a100000] [id=10260]
  0x000001b60a953150 WorkerThread "GC Thread#2" [stack: 0x000000179a100000,0x000000179a200000] [id=7260]
  0x000001b60a953420 WorkerThread "GC Thread#3" [stack: 0x000000179a200000,0x000000179a300000] [id=3684]
  0x000001b60a954aa0 WorkerThread "GC Thread#4" [stack: 0x000000179a300000,0x000000179a400000] [id=23664]
  0x000001b60a954500 WorkerThread "GC Thread#5" [stack: 0x000000179a400000,0x000000179a500000] [id=15992]
  0x000001b60a9536f0 WorkerThread "GC Thread#6" [stack: 0x000000179a500000,0x000000179a600000] [id=20196]
  0x000001b60a9539c0 WorkerThread "GC Thread#7" [stack: 0x000000179a600000,0x000000179a700000] [id=12984]
  0x000001b60c313670 WorkerThread "GC Thread#8" [stack: 0x000000179a700000,0x000000179a800000] [id=7652]
  0x000001b60c3160a0 WorkerThread "GC Thread#9" [stack: 0x000000179a800000,0x000000179a900000] [id=9600]
  0x000001b60c317180 WorkerThread "GC Thread#10" [stack: 0x000000179a900000,0x000000179aa00000] [id=8680]
  0x000001b60c316eb0 WorkerThread "GC Thread#11" [stack: 0x0000001799e00000,0x0000001799f00000] [id=23460]
  0x000001b60c315dd0 WorkerThread "GC Thread#12" [stack: 0x0000001799f00000,0x000000179a000000] [id=440]
  0x000001b6623322f0 ConcurrentGCThread "G1 Main Marker" [stack: 0x0000001798400000,0x0000001798500000] [id=17484]
  0x000001b662332d20 WorkerThread "G1 Conc#0" [stack: 0x0000001798500000,0x0000001798600000] [id=18280]
  0x000001b60c313ee0 WorkerThread "G1 Conc#1" [stack: 0x000000179aa00000,0x000000179ab00000] [id=276]
  0x000001b60c314750 WorkerThread "G1 Conc#2" [stack: 0x000000179ab00000,0x000000179ac00000] [id=10800]
  0x000001b605efcec0 ConcurrentGCThread "G1 Refine#0" [stack: 0x0000001798600000,0x0000001798700000] [id=3516]
  0x000001b605efda00 ConcurrentGCThread "G1 Service" [stack: 0x0000001798700000,0x0000001798800000] [id=24056]

Threads with active compile tasks:
C2 CompilerThread0    16415 12515   !   4       java.lang.ClassLoader::loadClass (121 bytes)

VM state: not at safepoint (normal execution)

VM Mutex/Monitor currently owned by a thread: None

Heap address: 0x0000000705e00000, size: 4002 MB, Compressed Oops mode: Zero based, Oop shift amount: 3

CDS archive(s) mapped at: [0x0000000800000000-0x0000000800c40000-0x0000000800c40000), size 12845056, SharedBaseAddress: 0x0000000800000000, ArchiveRelocationMode: 0.
Compressed class space mapped at: 0x0000000801000000-0x0000000841000000, reserved size: 1073741824
Narrow klass base: 0x0000000800000000, Narrow klass shift: 0, Narrow klass range: 0x100000000

GC Precious Log:
 CardTable entry size: 512
 Card Set container configuration: InlinePtr #cards 4 size 8 Array Of Cards #cards 16 size 48 Howl #buckets 8 coarsen threshold 3686 Howl Bitmap #cards 512 size 80 coarsen threshold 460 Card regions per heap region 1 cards per card region 4096
 CPUs: 16 total, 16 available
 Memory: 16004M
 Large Page Support: Disabled
 NUMA Support: Disabled
 Compressed Oops: Enabled (Zero based)
 Heap Region Size: 2M
 Heap Min Capacity: 8M
 Heap Initial Capacity: 252M
 Heap Max Capacity: 4002M
 Pre-touch: Disabled
 Parallel Workers: 13
 Concurrent Workers: 3
 Concurrent Refinement Workers: 13
 Periodic GC: Disabled

Heap:
 garbage-first heap   total 274432K, used 184716K [0x0000000705e00000, 0x0000000800000000)
  region size 2048K, 47 young (96256K), 2 survivors (4096K)
 Metaspace       used 35978K, committed 36608K, reserved 1114112K
  class space    used 3648K, committed 3968K, reserved 1048576K

Heap Regions: E=young(eden), S=young(survivor), O=old, HS=humongous(starts), HC=humongous(continues), CS=collection set, F=free, OA=open archive, CA=closed archive, TAMS=top-at-mark-start (previous, next)
|   0|0x0000000705e00000, 0x0000000706000000, 0x0000000706000000|100%| O|  |TAMS 0x0000000706000000, 0x0000000705e00000| Untracked 
|   1|0x0000000706000000, 0x0000000706200000, 0x0000000706200000|100%| O|  |TAMS 0x0000000706200000, 0x0000000706000000| Untracked 
|   2|0x0000000706200000, 0x0000000706400000, 0x0000000706400000|100%| O|  |TAMS 0x0000000706400000, 0x0000000706200000| Untracked 
|   3|0x0000000706400000, 0x0000000706600000, 0x0000000706600000|100%| O|  |TAMS 0x0000000706600000, 0x0000000706400000| Untracked 
|   4|0x0000000706600000, 0x0000000706800000, 0x0000000706800000|100%| O|  |TAMS 0x0000000706800000, 0x0000000706600000| Untracked 
|   5|0x0000000706800000, 0x0000000706a00000, 0x0000000706a00000|100%| O|  |TAMS 0x0000000706a00000, 0x0000000706800000| Untracked 
|   6|0x0000000706a00000, 0x0000000706c00000, 0x0000000706c00000|100%| O|  |TAMS 0x0000000706c00000, 0x0000000706a00000| Untracked 
|   7|0x0000000706c00000, 0x0000000706e00000, 0x0000000706e00000|100%| O|  |TAMS 0x0000000706e00000, 0x0000000706c00000| Untracked 
|   8|0x0000000706e00000, 0x0000000707000000, 0x0000000707000000|100%| O|  |TAMS 0x0000000707000000, 0x0000000706e00000| Untracked 
|   9|0x0000000707000000, 0x0000000707200000, 0x0000000707200000|100%| O|  |TAMS 0x0000000707200000, 0x0000000707000000| Untracked 
|  10|0x0000000707200000, 0x0000000707400000, 0x0000000707400000|100%| O|  |TAMS 0x0000000707400000, 0x0000000707200000| Untracked 
|  11|0x0000000707400000, 0x0000000707600000, 0x0000000707600000|100%| O|  |TAMS 0x0000000707400000, 0x0000000707400000| Untracked 
|  12|0x0000000707600000, 0x0000000707800000, 0x0000000707800000|100%| O|  |TAMS 0x0000000707800000, 0x0000000707600000| Untracked 
|  13|0x0000000707800000, 0x0000000707a00000, 0x0000000707a00000|100%| O|  |TAMS 0x0000000707a00000, 0x0000000707800000| Untracked 
|  14|0x0000000707a00000, 0x0000000707c00000, 0x0000000707c00000|100%| O|  |TAMS 0x0000000707c00000, 0x0000000707a00000| Untracked 
|  15|0x0000000707c00000, 0x0000000707e00000, 0x0000000707e00000|100%| O|  |TAMS 0x0000000707c00000, 0x0000000707c00000| Untracked 
|  16|0x0000000707e00000, 0x0000000708000000, 0x0000000708000000|100%| O|  |TAMS 0x0000000707e00000, 0x0000000707e00000| Untracked 
|  17|0x0000000708000000, 0x0000000708200000, 0x0000000708200000|100%| O|  |TAMS 0x0000000708000000, 0x0000000708000000| Untracked 
|  18|0x0000000708200000, 0x0000000708400000, 0x0000000708400000|100%| O|  |TAMS 0x0000000708200000, 0x0000000708200000| Untracked 
|  19|0x0000000708400000, 0x0000000708600000, 0x0000000708600000|100%| O|  |TAMS 0x0000000708400000, 0x0000000708400000| Untracked 
|  20|0x0000000708600000, 0x0000000708800000, 0x0000000708800000|100%| O|  |TAMS 0x0000000708600000, 0x0000000708600000| Untracked 
|  21|0x0000000708800000, 0x0000000708a00000, 0x0000000708a00000|100%| O|  |TAMS 0x0000000708800000, 0x0000000708800000| Untracked 
|  22|0x0000000708a00000, 0x0000000708c00000, 0x0000000708c00000|100%| O|  |TAMS 0x0000000708a00000, 0x0000000708a00000| Untracked 
|  23|0x0000000708c00000, 0x0000000708e00000, 0x0000000708e00000|100%| O|  |TAMS 0x0000000708c00000, 0x0000000708c00000| Untracked 
|  24|0x0000000708e00000, 0x0000000709000000, 0x0000000709000000|100%| O|  |TAMS 0x0000000708e00000, 0x0000000708e00000| Untracked 
|  25|0x0000000709000000, 0x0000000709200000, 0x0000000709200000|100%|HS|  |TAMS 0x0000000709000000, 0x0000000709000000| Complete 
|  26|0x0000000709200000, 0x0000000709400000, 0x0000000709400000|100%|HC|  |TAMS 0x0000000709200000, 0x0000000709200000| Complete 
|  27|0x0000000709400000, 0x0000000709600000, 0x0000000709600000|100%| O|  |TAMS 0x0000000709400000, 0x0000000709400000| Untracked 
|  28|0x0000000709600000, 0x0000000709800000, 0x0000000709800000|100%| O|  |TAMS 0x0000000709600000, 0x0000000709600000| Untracked 
|  29|0x0000000709800000, 0x0000000709a00000, 0x0000000709a00000|100%| O|  |TAMS 0x0000000709800000, 0x0000000709800000| Untracked 
|  30|0x0000000709a00000, 0x0000000709c00000, 0x0000000709c00000|100%| O|  |TAMS 0x0000000709a00000, 0x0000000709a00000| Untracked 
|  31|0x0000000709c00000, 0x0000000709e00000, 0x0000000709e00000|100%| O|  |TAMS 0x0000000709c00000, 0x0000000709c00000| Untracked 
|  32|0x0000000709e00000, 0x000000070a000000, 0x000000070a000000|100%| O|  |TAMS 0x0000000709e00000, 0x0000000709e00000| Untracked 
|  33|0x000000070a000000, 0x000000070a200000, 0x000000070a200000|100%| O|  |TAMS 0x000000070a000000, 0x000000070a000000| Untracked 
|  34|0x000000070a200000, 0x000000070a400000, 0x000000070a400000|100%| O|  |TAMS 0x000000070a200000, 0x000000070a200000| Untracked 
|  35|0x000000070a400000, 0x000000070a600000, 0x000000070a600000|100%| O|  |TAMS 0x000000070a400000, 0x000000070a400000| Untracked 
|  36|0x000000070a600000, 0x000000070a800000, 0x000000070a800000|100%| O|  |TAMS 0x000000070a600000, 0x000000070a600000| Untracked 
|  37|0x000000070a800000, 0x000000070aa00000, 0x000000070aa00000|100%| O|  |TAMS 0x000000070a800000, 0x000000070a800000| Untracked 
|  38|0x000000070aa00000, 0x000000070ac00000, 0x000000070ac00000|100%| O|  |TAMS 0x000000070aa00000, 0x000000070aa00000| Untracked 
|  39|0x000000070ac00000, 0x000000070ae00000, 0x000000070ae00000|100%| O|  |TAMS 0x000000070ac00000, 0x000000070ac00000| Untracked 
|  40|0x000000070ae00000, 0x000000070b000000, 0x000000070b000000|100%| O|  |TAMS 0x000000070ae00000, 0x000000070ae00000| Untracked 
|  41|0x000000070b000000, 0x000000070b200000, 0x000000070b200000|100%| O|  |TAMS 0x000000070b000000, 0x000000070b000000| Untracked 
|  42|0x000000070b200000, 0x000000070b400000, 0x000000070b400000|100%| O|  |TAMS 0x000000070b200000, 0x000000070b200000| Untracked 
|  43|0x000000070b400000, 0x000000070b600000, 0x000000070b600000|100%| O|  |TAMS 0x000000070b400000, 0x000000070b400000| Untracked 
|  44|0x000000070b600000, 0x000000070b600000, 0x000000070b800000|  0%| F|  |TAMS 0x000000070b600000, 0x000000070b600000| Untracked 
|  45|0x000000070b800000, 0x000000070b800000, 0x000000070ba00000|  0%| F|  |TAMS 0x000000070b800000, 0x000000070b800000| Untracked 
|  46|0x000000070ba00000, 0x000000070ba00000, 0x000000070bc00000|  0%| F|  |TAMS 0x000000070ba00000, 0x000000070ba00000| Untracked 
|  47|0x000000070bc00000, 0x000000070bc00000, 0x000000070be00000|  0%| F|  |TAMS 0x000000070bc00000, 0x000000070bc00000| Untracked 
|  48|0x000000070be00000, 0x000000070be00000, 0x000000070c000000|  0%| F|  |TAMS 0x000000070be00000, 0x000000070be00000| Untracked 
|  49|0x000000070c000000, 0x000000070c000000, 0x000000070c200000|  0%| F|  |TAMS 0x000000070c000000, 0x000000070c000000| Untracked 
|  50|0x000000070c200000, 0x000000070c200000, 0x000000070c400000|  0%| F|  |TAMS 0x000000070c200000, 0x000000070c200000| Untracked 
|  51|0x000000070c400000, 0x000000070c400000, 0x000000070c600000|  0%| F|  |TAMS 0x000000070c400000, 0x000000070c400000| Untracked 
|  52|0x000000070c600000, 0x000000070c600000, 0x000000070c800000|  0%| F|  |TAMS 0x000000070c600000, 0x000000070c600000| Untracked 
|  53|0x000000070c800000, 0x000000070c800000, 0x000000070ca00000|  0%| F|  |TAMS 0x000000070c800000, 0x000000070c800000| Untracked 
|  54|0x000000070ca00000, 0x000000070ca00000, 0x000000070cc00000|  0%| F|  |TAMS 0x000000070ca00000, 0x000000070ca00000| Untracked 
|  55|0x000000070cc00000, 0x000000070cc00000, 0x000000070ce00000|  0%| F|  |TAMS 0x000000070cc00000, 0x000000070cc00000| Untracked 
|  56|0x000000070ce00000, 0x000000070ce00000, 0x000000070d000000|  0%| F|  |TAMS 0x000000070ce00000, 0x000000070ce00000| Untracked 
|  57|0x000000070d000000, 0x000000070d000000, 0x000000070d200000|  0%| F|  |TAMS 0x000000070d000000, 0x000000070d000000| Untracked 
|  58|0x000000070d200000, 0x000000070d200000, 0x000000070d400000|  0%| F|  |TAMS 0x000000070d200000, 0x000000070d200000| Untracked 
|  59|0x000000070d400000, 0x000000070d400000, 0x000000070d600000|  0%| F|  |TAMS 0x000000070d400000, 0x000000070d400000| Untracked 
|  60|0x000000070d600000, 0x000000070d600000, 0x000000070d800000|  0%| F|  |TAMS 0x000000070d600000, 0x000000070d600000| Untracked 
|  61|0x000000070d800000, 0x000000070d800000, 0x000000070da00000|  0%| F|  |TAMS 0x000000070d800000, 0x000000070d800000| Untracked 
|  62|0x000000070da00000, 0x000000070da00000, 0x000000070dc00000|  0%| F|  |TAMS 0x000000070da00000, 0x000000070da00000| Untracked 
|  63|0x000000070dc00000, 0x000000070dc00000, 0x000000070de00000|  0%| F|  |TAMS 0x000000070dc00000, 0x000000070dc00000| Untracked 
|  64|0x000000070de00000, 0x000000070de00000, 0x000000070e000000|  0%| F|  |TAMS 0x000000070de00000, 0x000000070de00000| Untracked 
|  65|0x000000070e000000, 0x000000070e000000, 0x000000070e200000|  0%| F|  |TAMS 0x000000070e000000, 0x000000070e000000| Untracked 
|  66|0x000000070e200000, 0x000000070e200000, 0x000000070e400000|  0%| F|  |TAMS 0x000000070e200000, 0x000000070e200000| Untracked 
|  67|0x000000070e400000, 0x000000070e400000, 0x000000070e600000|  0%| F|  |TAMS 0x000000070e400000, 0x000000070e400000| Untracked 
|  68|0x000000070e600000, 0x000000070e600000, 0x000000070e800000|  0%| F|  |TAMS 0x000000070e600000, 0x000000070e600000| Untracked 
|  69|0x000000070e800000, 0x000000070e800000, 0x000000070ea00000|  0%| F|  |TAMS 0x000000070e800000, 0x000000070e800000| Untracked 
|  70|0x000000070ea00000, 0x000000070ea00000, 0x000000070ec00000|  0%| F|  |TAMS 0x000000070ea00000, 0x000000070ea00000| Untracked 
|  71|0x000000070ec00000, 0x000000070ec00000, 0x000000070ee00000|  0%| F|  |TAMS 0x000000070ec00000, 0x000000070ec00000| Untracked 
|  72|0x000000070ee00000, 0x000000070ee00000, 0x000000070f000000|  0%| F|  |TAMS 0x000000070ee00000, 0x000000070ee00000| Untracked 
|  73|0x000000070f000000, 0x000000070f000000, 0x000000070f200000|  0%| F|  |TAMS 0x000000070f000000, 0x000000070f000000| Untracked 
|  74|0x000000070f200000, 0x000000070f2632a8, 0x000000070f400000| 19%| S|CS|TAMS 0x000000070f200000, 0x000000070f200000| Complete 
|  75|0x000000070f400000, 0x000000070f600000, 0x000000070f600000|100%| S|CS|TAMS 0x000000070f400000, 0x000000070f400000| Complete 
|  76|0x000000070f600000, 0x000000070f600000, 0x000000070f800000|  0%| F|  |TAMS 0x000000070f600000, 0x000000070f600000| Untracked 
|  77|0x000000070f800000, 0x000000070f800000, 0x000000070fa00000|  0%| F|  |TAMS 0x000000070f800000, 0x000000070f800000| Untracked 
|  78|0x000000070fa00000, 0x000000070fa00000, 0x000000070fc00000|  0%| F|  |TAMS 0x000000070fa00000, 0x000000070fa00000| Untracked 
|  79|0x000000070fc00000, 0x000000070fc00000, 0x000000070fe00000|  0%| F|  |TAMS 0x000000070fc00000, 0x000000070fc00000| Untracked 
|  80|0x000000070fe00000, 0x000000070fe00000, 0x0000000710000000|  0%| F|  |TAMS 0x000000070fe00000, 0x000000070fe00000| Untracked 
|  81|0x0000000710000000, 0x0000000710000000, 0x0000000710200000|  0%| F|  |TAMS 0x0000000710000000, 0x0000000710000000| Untracked 
|  82|0x0000000710200000, 0x0000000710200000, 0x0000000710400000|  0%| F|  |TAMS 0x0000000710200000, 0x0000000710200000| Untracked 
|  83|0x0000000710400000, 0x0000000710400000, 0x0000000710600000|  0%| F|  |TAMS 0x0000000710400000, 0x0000000710400000| Untracked 
|  84|0x0000000710600000, 0x0000000710600000, 0x0000000710800000|  0%| F|  |TAMS 0x0000000710600000, 0x0000000710600000| Untracked 
|  85|0x0000000710800000, 0x0000000710800000, 0x0000000710a00000|  0%| F|  |TAMS 0x0000000710800000, 0x0000000710800000| Untracked 
|  86|0x0000000710a00000, 0x0000000710a00000, 0x0000000710c00000|  0%| F|  |TAMS 0x0000000710a00000, 0x0000000710a00000| Untracked 
|  87|0x0000000710c00000, 0x0000000710c00000, 0x0000000710e00000|  0%| F|  |TAMS 0x0000000710c00000, 0x0000000710c00000| Untracked 
|  88|0x0000000710e00000, 0x0000000711000000, 0x0000000711000000|100%| E|  |TAMS 0x0000000710e00000, 0x0000000710e00000| Complete 
|  89|0x0000000711000000, 0x0000000711200000, 0x0000000711200000|100%| E|CS|TAMS 0x0000000711000000, 0x0000000711000000| Complete 
|  90|0x0000000711200000, 0x0000000711400000, 0x0000000711400000|100%| E|CS|TAMS 0x0000000711200000, 0x0000000711200000| Complete 
|  91|0x0000000711400000, 0x0000000711600000, 0x0000000711600000|100%| E|CS|TAMS 0x0000000711400000, 0x0000000711400000| Complete 
|  92|0x0000000711600000, 0x0000000711800000, 0x0000000711800000|100%| E|CS|TAMS 0x0000000711600000, 0x0000000711600000| Complete 
|  93|0x0000000711800000, 0x0000000711a00000, 0x0000000711a00000|100%| E|CS|TAMS 0x0000000711800000, 0x0000000711800000| Complete 
|  94|0x0000000711a00000, 0x0000000711c00000, 0x0000000711c00000|100%| E|CS|TAMS 0x0000000711a00000, 0x0000000711a00000| Complete 
|  95|0x0000000711c00000, 0x0000000711e00000, 0x0000000711e00000|100%| E|CS|TAMS 0x0000000711c00000, 0x0000000711c00000| Complete 
|  96|0x0000000711e00000, 0x0000000712000000, 0x0000000712000000|100%| E|CS|TAMS 0x0000000711e00000, 0x0000000711e00000| Complete 
|  97|0x0000000712000000, 0x0000000712200000, 0x0000000712200000|100%| E|CS|TAMS 0x0000000712000000, 0x0000000712000000| Complete 
|  98|0x0000000712200000, 0x0000000712400000, 0x0000000712400000|100%| E|CS|TAMS 0x0000000712200000, 0x0000000712200000| Complete 
|  99|0x0000000712400000, 0x0000000712600000, 0x0000000712600000|100%| E|CS|TAMS 0x0000000712400000, 0x0000000712400000| Complete 
| 100|0x0000000712600000, 0x0000000712800000, 0x0000000712800000|100%| E|CS|TAMS 0x0000000712600000, 0x0000000712600000| Complete 
| 101|0x0000000712800000, 0x0000000712a00000, 0x0000000712a00000|100%| E|CS|TAMS 0x0000000712800000, 0x0000000712800000| Complete 
| 102|0x0000000712a00000, 0x0000000712c00000, 0x0000000712c00000|100%| E|CS|TAMS 0x0000000712a00000, 0x0000000712a00000| Complete 
| 103|0x0000000712c00000, 0x0000000712e00000, 0x0000000712e00000|100%| E|CS|TAMS 0x0000000712c00000, 0x0000000712c00000| Complete 
| 104|0x0000000712e00000, 0x0000000713000000, 0x0000000713000000|100%| E|CS|TAMS 0x0000000712e00000, 0x0000000712e00000| Complete 
| 105|0x0000000713000000, 0x0000000713200000, 0x0000000713200000|100%| E|CS|TAMS 0x0000000713000000, 0x0000000713000000| Complete 
| 106|0x0000000713200000, 0x0000000713400000, 0x0000000713400000|100%| E|CS|TAMS 0x0000000713200000, 0x0000000713200000| Complete 
| 107|0x0000000713400000, 0x0000000713600000, 0x0000000713600000|100%| E|CS|TAMS 0x0000000713400000, 0x0000000713400000| Complete 
| 108|0x0000000713600000, 0x0000000713800000, 0x0000000713800000|100%| E|CS|TAMS 0x0000000713600000, 0x0000000713600000| Complete 
| 109|0x0000000713800000, 0x0000000713a00000, 0x0000000713a00000|100%| E|CS|TAMS 0x0000000713800000, 0x0000000713800000| Complete 
| 110|0x0000000713a00000, 0x0000000713c00000, 0x0000000713c00000|100%| E|CS|TAMS 0x0000000713a00000, 0x0000000713a00000| Complete 
| 111|0x0000000713c00000, 0x0000000713e00000, 0x0000000713e00000|100%| E|CS|TAMS 0x0000000713c00000, 0x0000000713c00000| Complete 
| 112|0x0000000713e00000, 0x0000000714000000, 0x0000000714000000|100%| E|CS|TAMS 0x0000000713e00000, 0x0000000713e00000| Complete 
| 113|0x0000000714000000, 0x0000000714200000, 0x0000000714200000|100%| E|CS|TAMS 0x0000000714000000, 0x0000000714000000| Complete 
| 114|0x0000000714200000, 0x0000000714400000, 0x0000000714400000|100%| E|CS|TAMS 0x0000000714200000, 0x0000000714200000| Complete 
| 115|0x0000000714400000, 0x0000000714600000, 0x0000000714600000|100%| E|CS|TAMS 0x0000000714400000, 0x0000000714400000| Complete 
| 116|0x0000000714600000, 0x0000000714800000, 0x0000000714800000|100%| E|CS|TAMS 0x0000000714600000, 0x0000000714600000| Complete 
| 117|0x0000000714800000, 0x0000000714a00000, 0x0000000714a00000|100%| E|CS|TAMS 0x0000000714800000, 0x0000000714800000| Complete 
| 118|0x0000000714a00000, 0x0000000714c00000, 0x0000000714c00000|100%| E|CS|TAMS 0x0000000714a00000, 0x0000000714a00000| Complete 
| 119|0x0000000714c00000, 0x0000000714e00000, 0x0000000714e00000|100%| E|CS|TAMS 0x0000000714c00000, 0x0000000714c00000| Complete 
| 120|0x0000000714e00000, 0x0000000715000000, 0x0000000715000000|100%| E|CS|TAMS 0x0000000714e00000, 0x0000000714e00000| Complete 
| 121|0x0000000715000000, 0x0000000715200000, 0x0000000715200000|100%| E|CS|TAMS 0x0000000715000000, 0x0000000715000000| Complete 
| 122|0x0000000715200000, 0x0000000715400000, 0x0000000715400000|100%| E|CS|TAMS 0x0000000715200000, 0x0000000715200000| Complete 
| 123|0x0000000715400000, 0x0000000715600000, 0x0000000715600000|100%| E|CS|TAMS 0x0000000715400000, 0x0000000715400000| Complete 
| 124|0x0000000715600000, 0x0000000715800000, 0x0000000715800000|100%| E|CS|TAMS 0x0000000715600000, 0x0000000715600000| Complete 
| 125|0x0000000715800000, 0x0000000715a00000, 0x0000000715a00000|100%| E|CS|TAMS 0x0000000715800000, 0x0000000715800000| Complete 
| 126|0x0000000715a00000, 0x0000000715c00000, 0x0000000715c00000|100%| E|CS|TAMS 0x0000000715a00000, 0x0000000715a00000| Complete 
| 127|0x0000000715c00000, 0x0000000715e00000, 0x0000000715e00000|100%| E|CS|TAMS 0x0000000715c00000, 0x0000000715c00000| Complete 
| 128|0x0000000715e00000, 0x0000000716000000, 0x0000000716000000|100%| E|CS|TAMS 0x0000000715e00000, 0x0000000715e00000| Complete 
| 129|0x0000000716000000, 0x0000000716200000, 0x0000000716200000|100%| E|CS|TAMS 0x0000000716000000, 0x0000000716000000| Complete 
| 130|0x0000000716200000, 0x0000000716400000, 0x0000000716400000|100%| E|CS|TAMS 0x0000000716200000, 0x0000000716200000| Complete 
| 131|0x0000000716400000, 0x0000000716600000, 0x0000000716600000|100%| E|CS|TAMS 0x0000000716400000, 0x0000000716400000| Complete 
| 132|0x0000000716600000, 0x0000000716800000, 0x0000000716800000|100%| E|CS|TAMS 0x0000000716600000, 0x0000000716600000| Complete 
|2000|0x00000007ffe00000, 0x0000000800000000, 0x0000000800000000|100%| O|  |TAMS 0x0000000800000000, 0x00000007ffe00000| Untracked 

Card table byte_map: [0x000001b67a270000,0x000001b67aa50000] _byte_map_base: 0x000001b676a41000

Marking Bits (Prev, Next): (CMBitMap*) 0x000001b662321e10, (CMBitMap*) 0x000001b662321e50
 Prev Bits: [0x000001b67b230000, 0x000001b67f0b8000)
 Next Bits: [0x000001b600000000, 0x000001b603e88000)

Polling page: 0x000001b660250000

Metaspace:

Usage:
  Non-class:     31.57 MB used.
      Class:      3.56 MB used.
       Both:     35.13 MB used.

Virtual space:
  Non-class space:       64.00 MB reserved,      31.88 MB ( 50%) committed,  1 nodes.
      Class space:        1.00 GB reserved,       3.88 MB ( <1%) committed,  1 nodes.
             Both:        1.06 GB reserved,      35.75 MB (  3%) committed. 

Chunk freelists:
   Non-Class:  3.94 MB
       Class:  143.00 KB
        Both:  4.08 MB

MaxMetaspaceSize: unlimited
CompressedClassSpaceSize: 1.00 GB
Initial GC threshold: 21.00 MB
Current GC threshold: 40.31 MB
CDS: on
MetaspaceReclaimPolicy: balanced
 - commit_granule_bytes: 65536.
 - commit_granule_words: 8192.
 - virtual_space_node_default_size: 8388608.
 - enlarge_chunks_in_place: 1.
 - new_chunks_are_fully_committed: 0.
 - uncommit_free_chunks: 1.
 - use_allocation_guard: 0.


Internal statistics:

num_allocs_failed_limit: 3.
num_arena_births: 782.
num_arena_deaths: 0.
num_vsnodes_births: 2.
num_vsnodes_deaths: 0.
num_space_committed: 572.
num_space_uncommitted: 0.
num_chunks_returned_to_freelist: 3.
num_chunks_taken_from_freelist: 2193.
num_chunk_merges: 3.
num_chunk_splits: 1516.
num_chunks_enlarged: 1072.
num_inconsistent_stats: 0.

CodeHeap 'non-profiled nmethods': size=119168Kb used=9962Kb max_used=9962Kb free=109205Kb
 bounds [0x000001b671db0000, 0x000001b672770000, 0x000001b679210000]
CodeHeap 'profiled nmethods': size=119104Kb used=21571Kb max_used=21571Kb free=97532Kb
 bounds [0x000001b66a210000, 0x000001b66b7a0000, 0x000001b671660000]
CodeHeap 'non-nmethods': size=7488Kb used=2470Kb max_used=3118Kb free=5017Kb
 bounds [0x000001b671660000, 0x000001b671980000, 0x000001b671db0000]
 total_blobs=10545 nmethods=9970 adapters=483
 compilation: enabled
              stopped_count=0, restarted_count=0
 full_count=0

Compilation events (20 events):
Event: 16.193 Thread 0x000001b60a49d590 nmethod 12749 0x000001b66b5b7090 code [0x000001b66b5b7240, 0x000001b66b5b74d8]
Event: 16.195 Thread 0x000001b60a4a5f10 12750       3       java.lang.ProcessEnvironment$CheckedEntrySet$1::next (20 bytes)
Event: 16.195 Thread 0x000001b606076e40 12751       3       java.lang.ProcessEnvironment$CheckedEntry::getKey (13 bytes)
Event: 16.195 Thread 0x000001b60a49d590 12752       3       java.lang.ProcessEnvironment$CheckedEntry::getKey (5 bytes)
Event: 16.195 Thread 0x000001b60a4a5f10 nmethod 12750 0x000001b66aca7f10 code [0x000001b66aca80e0, 0x000001b66aca8548]
Event: 16.196 Thread 0x000001b60a4a5f10 12753       3       java.lang.ProcessEnvironment$NameComparator::compare (90 bytes)
Event: 16.196 Thread 0x000001b606076e40 nmethod 12751 0x000001b66aca7990 code [0x000001b66aca7b40, 0x000001b66aca7e08]
Event: 16.196 Thread 0x000001b606076e40 12754       3       java.lang.ProcessEnvironment$CheckedEntry::getValue (13 bytes)
Event: 16.196 Thread 0x000001b60a49d590 nmethod 12752 0x000001b66aca7390 code [0x000001b66aca7540, 0x000001b66aca7868]
Event: 16.196 Thread 0x000001b606076e40 nmethod 12754 0x000001b66af82410 code [0x000001b66af825c0, 0x000001b66af82888]
Event: 16.196 Thread 0x000001b60a4a5f10 nmethod 12753 0x000001b66af80690 code [0x000001b66af809a0, 0x000001b66af81c38]
Event: 16.205 Thread 0x000001b60a4a5f10 12756       3       java.lang.invoke.MethodHandles$Lookup::getDirectConstructor (10 bytes)
Event: 16.205 Thread 0x000001b60a4a5f10 nmethod 12756 0x000001b66aca7010 code [0x000001b66aca71c0, 0x000001b66aca7308]
Event: 16.219 Thread 0x000001b60fe324b0 nmethod 12731 0x000001b672766c90 code [0x000001b672766f60, 0x000001b6727689e8]
Event: 16.219 Thread 0x000001b60fe324b0 12736       4       jdk.internal.util.Preconditions::checkFromIndexSize (25 bytes)
Event: 16.220 Thread 0x000001b60fe324b0 nmethod 12736 0x000001b672769c10 code [0x000001b672769da0, 0x000001b672769e58]
Event: 16.220 Thread 0x000001b60fe324b0 12728       4       java.lang.String::compareTo (9 bytes)
Event: 16.221 Thread 0x000001b60fe324b0 nmethod 12728 0x000001b672769f10 code [0x000001b67276a0a0, 0x000001b67276a2d8]
Event: 16.221 Thread 0x000001b60fe324b0 12757       4       java.util.ArrayDeque::add (7 bytes)
Event: 16.223 Thread 0x000001b60fe324b0 nmethod 12757 0x000001b67276a410 code [0x000001b67276a5a0, 0x000001b67276a848]

GC Heap History (20 events):
Event: 4.767 GC heap before
{Heap before GC invocations=12 (full 0):
 garbage-first heap   total 137216K, used 88405K [0x0000000705e00000, 0x0000000800000000)
  region size 2048K, 20 young (40960K), 1 survivors (2048K)
 Metaspace       used 27345K, committed 27776K, reserved 1114112K
  class space    used 2846K, committed 3072K, reserved 1048576K
}
Event: 4.770 GC heap after
{Heap after GC invocations=13 (full 0):
 garbage-first heap   total 137216K, used 52854K [0x0000000705e00000, 0x0000000800000000)
  region size 2048K, 2 young (4096K), 2 survivors (4096K)
 Metaspace       used 27345K, committed 27776K, reserved 1114112K
  class space    used 2846K, committed 3072K, reserved 1048576K
}
Event: 4.983 GC heap before
{Heap before GC invocations=13 (full 0):
 garbage-first heap   total 137216K, used 93814K [0x0000000705e00000, 0x0000000800000000)
  region size 2048K, 22 young (45056K), 2 survivors (4096K)
 Metaspace       used 27633K, committed 28160K, reserved 1114112K
  class space    used 2871K, committed 3136K, reserved 1048576K
}
Event: 4.986 GC heap after
{Heap after GC invocations=14 (full 0):
 garbage-first heap   total 137216K, used 53129K [0x0000000705e00000, 0x0000000800000000)
  region size 2048K, 2 young (4096K), 2 survivors (4096K)
 Metaspace       used 27633K, committed 28160K, reserved 1114112K
  class space    used 2871K, committed 3136K, reserved 1048576K
}
Event: 5.079 GC heap before
{Heap before GC invocations=14 (full 0):
 garbage-first heap   total 137216K, used 98185K [0x0000000705e00000, 0x0000000800000000)
  region size 2048K, 24 young (49152K), 2 survivors (4096K)
 Metaspace       used 27674K, committed 28160K, reserved 1114112K
  class space    used 2875K, committed 3136K, reserved 1048576K
}
Event: 5.082 GC heap after
{Heap after GC invocations=15 (full 0):
 garbage-first heap   total 137216K, used 53215K [0x0000000705e00000, 0x0000000800000000)
  region size 2048K, 2 young (4096K), 2 survivors (4096K)
 Metaspace       used 27674K, committed 28160K, reserved 1114112K
  class space    used 2875K, committed 3136K, reserved 1048576K
}
Event: 5.420 GC heap before
{Heap before GC invocations=15 (full 0):
 garbage-first heap   total 137216K, used 98271K [0x0000000705e00000, 0x0000000800000000)
  region size 2048K, 25 young (51200K), 2 survivors (4096K)
 Metaspace       used 28336K, committed 28864K, reserved 1114112K
  class space    used 2964K, committed 3264K, reserved 1048576K
}
Event: 5.426 GC heap after
{Heap after GC invocations=16 (full 0):
 garbage-first heap   total 274432K, used 53893K [0x0000000705e00000, 0x0000000800000000)
  region size 2048K, 2 young (4096K), 2 survivors (4096K)
 Metaspace       used 28336K, committed 28864K, reserved 1114112K
  class space    used 2964K, committed 3264K, reserved 1048576K
}
Event: 5.826 GC heap before
{Heap before GC invocations=16 (full 0):
 garbage-first heap   total 274432K, used 191109K [0x0000000705e00000, 0x0000000800000000)
  region size 2048K, 69 young (141312K), 2 survivors (4096K)
 Metaspace       used 28584K, committed 29120K, reserved 1114112K
  class space    used 2973K, committed 3264K, reserved 1048576K
}
Event: 5.831 GC heap after
{Heap after GC invocations=17 (full 0):
 garbage-first heap   total 274432K, used 56021K [0x0000000705e00000, 0x0000000800000000)
  region size 2048K, 3 young (6144K), 3 survivors (6144K)
 Metaspace       used 28584K, committed 29120K, reserved 1114112K
  class space    used 2973K, committed 3264K, reserved 1048576K
}
Event: 6.163 GC heap before
{Heap before GC invocations=17 (full 0):
 garbage-first heap   total 274432K, used 201429K [0x0000000705e00000, 0x0000000800000000)
  region size 2048K, 74 young (151552K), 3 survivors (6144K)
 Metaspace       used 28743K, committed 29248K, reserved 1114112K
  class space    used 2975K, committed 3264K, reserved 1048576K
}
Event: 6.168 GC heap after
{Heap after GC invocations=18 (full 0):
 garbage-first heap   total 274432K, used 57421K [0x0000000705e00000, 0x0000000800000000)
  region size 2048K, 4 young (8192K), 4 survivors (8192K)
 Metaspace       used 28743K, committed 29248K, reserved 1114112K
  class space    used 2975K, committed 3264K, reserved 1048576K
}
Event: 7.748 GC heap before
{Heap before GC invocations=18 (full 0):
 garbage-first heap   total 274432K, used 208973K [0x0000000705e00000, 0x0000000800000000)
  region size 2048K, 78 young (159744K), 4 survivors (8192K)
 Metaspace       used 31612K, committed 32256K, reserved 1114112K
  class space    used 3246K, committed 3584K, reserved 1048576K
}
Event: 7.756 GC heap after
{Heap after GC invocations=19 (full 0):
 garbage-first heap   total 274432K, used 60485K [0x0000000705e00000, 0x0000000800000000)
  region size 2048K, 5 young (10240K), 5 survivors (10240K)
 Metaspace       used 31612K, committed 32256K, reserved 1114112K
  class space    used 3246K, committed 3584K, reserved 1048576K
}
Event: 10.869 GC heap before
{Heap before GC invocations=19 (full 0):
 garbage-first heap   total 274432K, used 216133K [0x0000000705e00000, 0x0000000800000000)
  region size 2048K, 80 young (163840K), 5 survivors (10240K)
 Metaspace       used 32090K, committed 32704K, reserved 1114112K
  class space    used 3261K, committed 3584K, reserved 1048576K
}
Event: 10.885 GC heap after
{Heap after GC invocations=20 (full 0):
 garbage-first heap   total 274432K, used 79086K [0x0000000705e00000, 0x0000000800000000)
  region size 2048K, 10 young (20480K), 10 survivors (20480K)
 Metaspace       used 32090K, committed 32704K, reserved 1114112K
  class space    used 3261K, committed 3584K, reserved 1048576K
}
Event: 13.492 GC heap before
{Heap before GC invocations=20 (full 0):
 garbage-first heap   total 274432K, used 208110K [0x0000000705e00000, 0x0000000800000000)
  region size 2048K, 73 young (149504K), 10 survivors (20480K)
 Metaspace       used 33733K, committed 34368K, reserved 1114112K
  class space    used 3450K, committed 3776K, reserved 1048576K
}
Event: 13.516 GC heap after
{Heap after GC invocations=21 (full 0):
 garbage-first heap   total 274432K, used 92743K [0x0000000705e00000, 0x0000000800000000)
  region size 2048K, 7 young (14336K), 7 survivors (14336K)
 Metaspace       used 33733K, committed 34368K, reserved 1114112K
  class space    used 3450K, committed 3776K, reserved 1048576K
}
Event: 14.665 GC heap before
{Heap before GC invocations=21 (full 0):
 garbage-first heap   total 274432K, used 209479K [0x0000000705e00000, 0x0000000800000000)
  region size 2048K, 64 young (131072K), 7 survivors (14336K)
 Metaspace       used 33885K, committed 34496K, reserved 1114112K
  class space    used 3460K, committed 3776K, reserved 1048576K
}
Event: 14.672 GC heap after
{Heap after GC invocations=22 (full 0):
 garbage-first heap   total 274432K, used 94604K [0x0000000705e00000, 0x0000000800000000)
  region size 2048K, 2 young (4096K), 2 survivors (4096K)
 Metaspace       used 33885K, committed 34496K, reserved 1114112K
  class space    used 3460K, committed 3776K, reserved 1048576K
}

Dll operation events (12 events):
Event: 0.007 Loaded shared library C:\Program Files\Java\jdk-19\bin\java.dll
Event: 0.013 Loaded shared library C:\Program Files\Java\jdk-19\bin\jsvml.dll
Event: 0.058 Loaded shared library C:\Program Files\Java\jdk-19\bin\zip.dll
Event: 0.059 Loaded shared library C:\Program Files\Java\jdk-19\bin\instrument.dll
Event: 0.063 Loaded shared library C:\Program Files\Java\jdk-19\bin\net.dll
Event: 0.065 Loaded shared library C:\Program Files\Java\jdk-19\bin\nio.dll
Event: 0.066 Loaded shared library C:\Program Files\Java\jdk-19\bin\zip.dll
Event: 0.077 Loaded shared library C:\Program Files\JetBrains\IntelliJ IDEA 2022.1.2\bin\breakgen64.dll
Event: 0.083 Loaded shared library C:\Program Files\Java\jdk-19\bin\extnet.dll
Event: 0.137 Loaded shared library C:\Program Files\Java\jdk-19\bin\jimage.dll
Event: 0.245 Loaded shared library C:\Users\99293\AppData\Local\Temp\jansi-2.4.0-a363b00df5398967-jansi.dll
Event: 0.253 Loaded shared library C:\Program Files\Java\jdk-19\bin\verify.dll

Deoptimization events (20 events):
Event: 15.799 Thread 0x000001b6622afc30 Uncommon trap: trap_request=0xffffff45 fr.pc=0x000001b671fe0984 relative=0x0000000000000744
Event: 15.799 Thread 0x000001b6622afc30 Uncommon trap: reason=unstable_if action=reinterpret pc=0x000001b671fe0984 method=org.codehaus.plexus.classworlds.realm.Entry.matches(Ljava/lang/String;)Z @ 20 c2
Event: 15.799 Thread 0x000001b6622afc30 DEOPT PACKING pc=0x000001b671fe0984 sp=0x00000017982fdcc0
Event: 15.799 Thread 0x000001b6622afc30 DEOPT UNPACKING pc=0x000001b6716c6da3 sp=0x00000017982fdc48 mode 2
Event: 16.047 Thread 0x000001b60d63b420 Uncommon trap: trap_request=0xffffffc6 fr.pc=0x000001b6720521d4 relative=0x0000000000000214
Event: 16.047 Thread 0x000001b60d63b420 Uncommon trap: reason=bimorphic_or_optimized_type_check action=maybe_recompile pc=0x000001b6720521d4 method=java.util.concurrent.locks.AbstractQueuedSynchronizer.release(I)Z @ 2 c2
Event: 16.047 Thread 0x000001b60d63b420 DEOPT PACKING pc=0x000001b6720521d4 sp=0x00000017998ff1f0
Event: 16.047 Thread 0x000001b60d63b420 DEOPT UNPACKING pc=0x000001b6716c6da3 sp=0x00000017998ff1b8 mode 2
Event: 16.047 Thread 0x000001b60dd84280 Uncommon trap: trap_request=0xffffffc6 fr.pc=0x000001b6720521d4 relative=0x0000000000000214
Event: 16.047 Thread 0x000001b60dd84280 Uncommon trap: reason=bimorphic_or_optimized_type_check action=maybe_recompile pc=0x000001b6720521d4 method=java.util.concurrent.locks.AbstractQueuedSynchronizer.release(I)Z @ 2 c2
Event: 16.047 Thread 0x000001b60dd84280 DEOPT PACKING pc=0x000001b6720521d4 sp=0x0000001799aff4d0
Event: 16.047 Thread 0x000001b60d63b420 Uncommon trap: trap_request=0xffffffc6 fr.pc=0x000001b6720521d4 relative=0x0000000000000214
Event: 16.047 Thread 0x000001b60dd84280 DEOPT UNPACKING pc=0x000001b6716c6da3 sp=0x0000001799aff498 mode 2
Event: 16.047 Thread 0x000001b60d63b420 Uncommon trap: reason=bimorphic_or_optimized_type_check action=maybe_recompile pc=0x000001b6720521d4 method=java.util.concurrent.locks.AbstractQueuedSynchronizer.release(I)Z @ 2 c2
Event: 16.047 Thread 0x000001b60d63b420 DEOPT PACKING pc=0x000001b6720521d4 sp=0x00000017998ff1f0
Event: 16.047 Thread 0x000001b60d63b420 DEOPT UNPACKING pc=0x000001b6716c6da3 sp=0x00000017998ff1b8 mode 2
Event: 16.047 Thread 0x000001b60dd84280 Uncommon trap: trap_request=0xffffffc6 fr.pc=0x000001b6720521d4 relative=0x0000000000000214
Event: 16.047 Thread 0x000001b60dd84280 Uncommon trap: reason=bimorphic_or_optimized_type_check action=maybe_recompile pc=0x000001b6720521d4 method=java.util.concurrent.locks.AbstractQueuedSynchronizer.release(I)Z @ 2 c2
Event: 16.047 Thread 0x000001b60dd84280 DEOPT PACKING pc=0x000001b6720521d4 sp=0x0000001799aff4d0
Event: 16.047 Thread 0x000001b60dd84280 DEOPT UNPACKING pc=0x000001b6716c6da3 sp=0x0000001799aff498 mode 2

Classes loaded (20 events):
Event: 16.192 Loading class java/util/concurrent/ArrayBlockingQueue
Event: 16.192 Loading class java/util/concurrent/ArrayBlockingQueue done
Event: 16.193 Loading class java/util/DualPivotQuicksort
Event: 16.193 Loading class java/util/DualPivotQuicksort done
Event: 16.194 Loading class java/lang/IllegalThreadStateException
Event: 16.194 Loading class java/lang/IllegalThreadStateException done
Event: 16.194 Loading class java/lang/ProcessBuilder
Event: 16.194 Loading class java/lang/ProcessBuilder done
Event: 16.194 Loading class java/lang/ProcessImpl
Event: 16.195 Loading class java/lang/Process
Event: 16.195 Loading class java/lang/Process done
Event: 16.195 Loading class java/lang/ProcessImpl done
Event: 16.205 Loading class java/lang/ProcessImpl$2
Event: 16.205 Loading class java/lang/ProcessImpl$2 done
Event: 16.205 Loading class java/lang/Process$PipeInputStream
Event: 16.205 Loading class java/lang/Process$PipeInputStream done
Event: 16.206 Loading class jdk/internal/event/ProcessStartEvent
Event: 16.206 Loading class jdk/internal/event/Event
Event: 16.206 Loading class jdk/internal/event/Event done
Event: 16.207 Loading class jdk/internal/event/ProcessStartEvent done

Classes unloaded (0 events):
No events

Classes redefined (0 events):
No events

Internal exceptions (20 events):
Event: 15.098 Thread 0x000001b6622afc30 Exception <a 'sun/nio/fs/WindowsException'{0x0000000714518cd8}> (0x0000000714518cd8) 
thrown [s\open\src\hotspot\share\prims\jni.cpp, line 517]
Event: 15.098 Thread 0x000001b6622afc30 Exception <a 'sun/nio/fs/WindowsException'{0x0000000714519bb0}> (0x0000000714519bb0) 
thrown [s\open\src\hotspot\share\prims\jni.cpp, line 517]
Event: 15.191 Thread 0x000001b6622afc30 Exception <a 'sun/nio/fs/WindowsException'{0x000000071421fc80}> (0x000000071421fc80) 
thrown [s\open\src\hotspot\share\prims\jni.cpp, line 517]
Event: 15.191 Thread 0x000001b6622afc30 Exception <a 'sun/nio/fs/WindowsException'{0x0000000714220358}> (0x0000000714220358) 
thrown [s\open\src\hotspot\share\prims\jni.cpp, line 517]
Event: 15.191 Thread 0x000001b6622afc30 Exception <a 'sun/nio/fs/WindowsException'{0x0000000714221230}> (0x0000000714221230) 
thrown [s\open\src\hotspot\share\prims\jni.cpp, line 517]
Event: 15.216 Thread 0x000001b6622afc30 Exception <a 'sun/nio/fs/WindowsException'{0x00000007142a0630}> (0x00000007142a0630) 
thrown [s\open\src\hotspot\share\prims\jni.cpp, line 517]
Event: 15.216 Thread 0x000001b6622afc30 Exception <a 'sun/nio/fs/WindowsException'{0x00000007142a0d08}> (0x00000007142a0d08) 
thrown [s\open\src\hotspot\share\prims\jni.cpp, line 517]
Event: 15.216 Thread 0x000001b6622afc30 Exception <a 'sun/nio/fs/WindowsException'{0x00000007142a1be0}> (0x00000007142a1be0) 
thrown [s\open\src\hotspot\share\prims\jni.cpp, line 517]
Event: 15.240 Thread 0x000001b6622afc30 Exception <a 'sun/nio/fs/WindowsException'{0x0000000714155028}> (0x0000000714155028) 
thrown [s\open\src\hotspot\share\prims\jni.cpp, line 517]
Event: 15.240 Thread 0x000001b6622afc30 Exception <a 'sun/nio/fs/WindowsException'{0x00000007141556f8}> (0x00000007141556f8) 
thrown [s\open\src\hotspot\share\prims\jni.cpp, line 517]
Event: 15.240 Thread 0x000001b6622afc30 Exception <a 'sun/nio/fs/WindowsException'{0x0000000714156560}> (0x0000000714156560) 
thrown [s\open\src\hotspot\share\prims\jni.cpp, line 517]
Event: 15.765 Thread 0x000001b6622afc30 Implicit null exception at 0x000001b67274cbcb to 0x000001b67274cdc0
Event: 15.771 Thread 0x000001b60d63b970 Exception <a 'java/lang/NoSuchMethodError'{0x000000071293bdf0}: 'java.lang.Object java.lang.invoke.DirectMethodHandle$Holder.invokeStatic(java.lang.Object, long, java.lang.Object)'> (0x000000071293bdf0) 
thrown [s\open\src\hotspot\share\interpreter\linkResolver.cpp, line 774]
Event: 15.771 Thread 0x000001b60d63b970 Exception <a 'java/lang/NoSuchMethodError'{0x000000071293f440}: 'java.lang.Object java.lang.invoke.DirectMethodHandle$Holder.invokeStaticInit(java.lang.Object, long, java.lang.Object)'> (0x000000071293f440) 
thrown [s\open\src\hotspot\share\interpreter\linkResolver.cpp, line 774]
Event: 15.773 Thread 0x000001b60d63b970 Exception <a 'java/lang/NoSuchMethodError'{0x0000000712945090}: 'java.lang.Object java.lang.invoke.DirectMethodHandle$Holder.newInvokeSpecial(java.lang.Object, long)'> (0x0000000712945090) 
thrown [s\open\src\hotspot\share\interpreter\linkResolver.cpp, line 774]
Event: 15.775 Thread 0x000001b60d63b970 Exception <a 'java/lang/NoSuchMethodError'{0x00000007129498c8}: 'long java.lang.invoke.DirectMethodHandle$Holder.invokeInterface(java.lang.Object, java.lang.Object)'> (0x00000007129498c8) 
thrown [s\open\src\hotspot\share\interpreter\linkResolver.cpp, line 774]
Event: 15.775 Thread 0x000001b60d63b970 Exception <a 'java/lang/NoSuchMethodError'{0x000000071294d230}: 'long java.lang.invoke.DelegatingMethodHandle$Holder.reinvoke_L(java.lang.Object, java.lang.Object)'> (0x000000071294d230) 
thrown [s\open\src\hotspot\share\interpreter\linkResolver.cpp, line 774]
Event: 15.777 Thread 0x000001b6622afc30 Exception <a 'java/lang/NoSuchMethodError'{0x000000071267ab80}: 'java.lang.String org.apache.maven.execution.MavenExecutionRequest.getFailureBehavior()'> (0x000000071267ab80) 
thrown [s\open\src\hotspot\share\interpreter\linkResolver.cpp, line 870]
Event: 15.857 Thread 0x000001b6622afc30 Exception <a 'java/lang/NoSuchMethodError'{0x0000000712416c30}: 'java.lang.Object java.lang.invoke.DirectMethodHandle$Holder.invokeStaticInit(java.lang.Object, java.lang.Object, int, int, int, int)'> (0x0000000712416c30) 
thrown [s\open\src\hotspot\share\interpreter\linkResolver.cpp, line 774]
Event: 16.204 Thread 0x000001b6622afc30 Exception <a 'java/lang/NoSuchMethodError'{0x0000000711163cd8}: 'void java.lang.invoke.DirectMethodHandle$Holder.invokeStatic(java.lang.Object, long)'> (0x0000000711163cd8) 
thrown [s\open\src\hotspot\share\interpreter\linkResolver.cpp, line 774]

VM Operations (20 events):
Event: 13.029 Executing VM operation: Cleanup
Event: 13.030 Executing VM operation: Cleanup done
Event: 13.492 Executing VM operation: G1CollectForAllocation
Event: 13.517 Executing VM operation: G1CollectForAllocation done
Event: 14.187 Executing VM operation: ICBufferFull
Event: 14.188 Executing VM operation: ICBufferFull done
Event: 14.665 Executing VM operation: G1CollectForAllocation
Event: 14.672 Executing VM operation: G1CollectForAllocation done
Event: 14.718 Executing VM operation: HandshakeAllThreads
Event: 14.718 Executing VM operation: HandshakeAllThreads done
Event: 15.091 Executing VM operation: ICBufferFull
Event: 15.091 Executing VM operation: ICBufferFull done
Event: 15.748 Executing VM operation: HandshakeAllThreads
Event: 15.748 Executing VM operation: HandshakeAllThreads done
Event: 16.041 Executing VM operation: ICBufferFull
Event: 16.041 Executing VM operation: ICBufferFull done
Event: 16.169 Executing VM operation: HandshakeAllThreads
Event: 16.169 Executing VM operation: HandshakeAllThreads done
Event: 16.206 Executing VM operation: HandshakeAllThreads
Event: 16.206 Executing VM operation: HandshakeAllThreads done

Events (20 events):
Event: 14.726 Thread 0x000001b60607a7d0 flushing nmethod 0x000001b66af0f810
Event: 15.334 Thread 0x000001b60fe2ed10 Thread exited: 0x000001b60fe2ed10
Event: 15.366 Thread 0x000001b60fe2ed10 Thread added: 0x000001b60fe2ed10
Event: 15.750 Thread 0x000001b60d63b970 Thread added: 0x000001b60d63b970
Event: 15.776 Thread 0x000001b60d63b970 Thread exited: 0x000001b60d63b970
Event: 16.033 Thread 0x000001b60fe2ed10 Thread exited: 0x000001b60fe2ed10
Event: 16.034 Thread 0x000001b60fe2d6d0 Thread exited: 0x000001b60fe2d6d0
Event: 16.034 Thread 0x000001b60fe2d140 Thread exited: 0x000001b60fe2d140
Event: 16.046 Thread 0x000001b60d63b420 Thread added: 0x000001b60d63b420
Event: 16.046 Thread 0x000001b60d63b970 Thread added: 0x000001b60d63b970
Event: 16.046 Thread 0x000001b60dd84280 Thread added: 0x000001b60dd84280
Event: 16.100 Thread 0x000001b60dd84d20 Thread added: 0x000001b60dd84d20
Event: 16.100 Thread 0x000001b60dd822a0 Thread added: 0x000001b60dd822a0
Event: 16.102 Thread 0x000001b60fe324b0 Thread added: 0x000001b60fe324b0
Event: 16.162 Thread 0x000001b60dd80810 Thread added: 0x000001b60dd80810
Event: 16.167 Thread 0x000001b60dd7e2e0 Thread added: 0x000001b60dd7e2e0
Event: 16.192 Thread 0x000001b60dd847d0 Thread added: 0x000001b60dd847d0
Event: 16.209 Thread 0x000001b60dd837e0 Thread added: 0x000001b60dd837e0
Event: 16.209 Thread 0x000001b60dd802c0 Thread added: 0x000001b60dd802c0
Event: 16.209 Thread 0x000001b60dd7ed80 Thread added: 0x000001b60dd7ed80


Dynamic libraries:
0x00007ff7d6e70000 - 0x00007ff7d6e80000 	C:\Program Files\Java\jdk-19\bin\java.exe
0x00007ff971270000 - 0x00007ff971487000 	C:\WINDOWS\SYSTEM32\ntdll.dll
0x00007ff970370000 - 0x00007ff970434000 	C:\WINDOWS\System32\KERNEL32.DLL
0x00007ff96eb00000 - 0x00007ff96eeba000 	C:\WINDOWS\System32\KERNELBASE.dll
0x00007ff9564a0000 - 0x00007ff9564bb000 	C:\Program Files\Java\jdk-19\bin\VCRUNTIME140.dll
0x00007ff96e6f0000 - 0x00007ff96e801000 	C:\WINDOWS\System32\ucrtbase.dll
0x00007ff9583f0000 - 0x00007ff958408000 	C:\Program Files\Java\jdk-19\bin\jli.dll
0x00007ff970100000 - 0x00007ff9701b2000 	C:\WINDOWS\System32\ADVAPI32.dll
0x00007ff9708b0000 - 0x00007ff970957000 	C:\WINDOWS\System32\msvcrt.dll
0x00007ff970280000 - 0x00007ff970327000 	C:\WINDOWS\System32\sechost.dll
0x00007ff96e810000 - 0x00007ff96e838000 	C:\WINDOWS\System32\bcrypt.dll
0x00007ff96fb40000 - 0x00007ff96fc54000 	C:\WINDOWS\System32\RPCRT4.dll
0x00007ff970680000 - 0x00007ff97082e000 	C:\WINDOWS\System32\USER32.dll
0x00007ff96e840000 - 0x00007ff96e866000 	C:\WINDOWS\System32\win32u.dll
0x00007ff970250000 - 0x00007ff970279000 	C:\WINDOWS\System32\GDI32.dll
0x00007ff957730000 - 0x00007ff9579c2000 	C:\WINDOWS\WinSxS\amd64_microsoft.windows.common-controls_6595b64144ccf1df_6.0.22621.4541_none_2710d1c57384c085\COMCTL32.dll
0x00007ff96e5d0000 - 0x00007ff96e6eb000 	C:\WINDOWS\System32\gdi32full.dll
0x00007ff96ea60000 - 0x00007ff96eafa000 	C:\WINDOWS\System32\msvcp_win.dll
0x00007ff965ed0000 - 0x00007ff965eda000 	C:\WINDOWS\SYSTEM32\VERSION.dll
0x00007ff970330000 - 0x00007ff970361000 	C:\WINDOWS\System32\IMM32.DLL
0x00007ff9583e0000 - 0x00007ff9583ec000 	C:\Program Files\Java\jdk-19\bin\vcruntime140_1.dll
0x00007ff953010000 - 0x00007ff95309e000 	C:\Program Files\Java\jdk-19\bin\msvcp140.dll
0x00007ff9098d0000 - 0x00007ff90a590000 	C:\Program Files\Java\jdk-19\bin\server\jvm.dll
0x00007ff9664e0000 - 0x00007ff966514000 	C:\WINDOWS\SYSTEM32\WINMM.dll
0x00007ff957cb0000 - 0x00007ff957cb9000 	C:\WINDOWS\SYSTEM32\WSOCK32.dll
0x00007ff970a60000 - 0x00007ff970ad1000 	C:\WINDOWS\System32\WS2_32.dll
0x00007ff96d640000 - 0x00007ff96d658000 	C:\WINDOWS\SYSTEM32\kernel.appcore.dll
0x00007ff956490000 - 0x00007ff95649a000 	C:\Program Files\Java\jdk-19\bin\jimage.dll
0x00007ff96bd00000 - 0x00007ff96bf32000 	C:\WINDOWS\SYSTEM32\DBGHELP.DLL
0x00007ff96fc60000 - 0x00007ff96ffef000 	C:\WINDOWS\System32\combase.dll
0x00007ff9710d0000 - 0x00007ff9711a7000 	C:\WINDOWS\System32\OLEAUT32.dll
0x00007ff963ca0000 - 0x00007ff963cd2000 	C:\WINDOWS\SYSTEM32\dbgcore.DLL
0x00007ff96eec0000 - 0x00007ff96ef3b000 	C:\WINDOWS\System32\bcryptPrimitives.dll
0x00007ff969470000 - 0x00007ff96947e000 	C:\Program Files\Java\jdk-19\bin\instrument.dll
0x00007ff956460000 - 0x00007ff956486000 	C:\Program Files\Java\jdk-19\bin\java.dll
0x00007ff90ac80000 - 0x00007ff90ad57000 	C:\Program Files\Java\jdk-19\bin\jsvml.dll
0x00007ff96ef50000 - 0x00007ff96f7c8000 	C:\WINDOWS\System32\SHELL32.dll
0x00007ff96c420000 - 0x00007ff96cd28000 	C:\WINDOWS\SYSTEM32\windows.storage.dll
0x00007ff96c2e0000 - 0x00007ff96c41f000 	C:\WINDOWS\SYSTEM32\wintypes.dll
0x00007ff9704d0000 - 0x00007ff9705ca000 	C:\WINDOWS\System32\SHCORE.dll
0x00007ff96fff0000 - 0x00007ff97004e000 	C:\WINDOWS\System32\shlwapi.dll
0x00007ff96e440000 - 0x00007ff96e46b000 	C:\WINDOWS\SYSTEM32\profapi.dll
0x00007ff90cd90000 - 0x00007ff90cda8000 	C:\Program Files\Java\jdk-19\bin\zip.dll
0x00007ff956380000 - 0x00007ff956393000 	C:\Program Files\Java\jdk-19\bin\net.dll
0x00007ff969f60000 - 0x00007ff96a096000 	C:\WINDOWS\SYSTEM32\WINHTTP.dll
0x00007ff96dac0000 - 0x00007ff96db29000 	C:\WINDOWS\system32\mswsock.dll
0x00007ff952370000 - 0x00007ff952386000 	C:\Program Files\Java\jdk-19\bin\nio.dll
0x00007ff958580000 - 0x00007ff95859a000 	C:\Program Files\JetBrains\IntelliJ IDEA 2022.1.2\bin\breakgen64.dll
0x00007ff953000000 - 0x00007ff953008000 	C:\Program Files\Java\jdk-19\bin\extnet.dll
0x0000000069ac0000 - 0x0000000069ae4000 	C:\Users\99293\AppData\Local\Temp\jansi-2.4.0-a363b00df5398967-jansi.dll
0x00007ff952390000 - 0x00007ff9523a0000 	C:\Program Files\Java\jdk-19\bin\verify.dll
0x00007ff96dd20000 - 0x00007ff96dd3b000 	C:\WINDOWS\SYSTEM32\CRYPTSP.dll
0x00007ff96d5a0000 - 0x00007ff96d5d5000 	C:\WINDOWS\system32\rsaenh.dll
0x00007ff96dbb0000 - 0x00007ff96dbd8000 	C:\WINDOWS\SYSTEM32\USERENV.dll
0x00007ff96dd10000 - 0x00007ff96dd1c000 	C:\WINDOWS\SYSTEM32\CRYPTBASE.dll
0x00007ff96d000000 - 0x00007ff96d02d000 	C:\WINDOWS\SYSTEM32\IPHLPAPI.DLL
0x00007ff9701c0000 - 0x00007ff9701c9000 	C:\WINDOWS\System32\NSI.dll
0x00007ff969950000 - 0x00007ff969969000 	C:\WINDOWS\SYSTEM32\dhcpcsvc6.DLL
0x00007ff969930000 - 0x00007ff96994f000 	C:\WINDOWS\SYSTEM32\dhcpcsvc.DLL
0x00007ff96d070000 - 0x00007ff96d172000 	C:\WINDOWS\SYSTEM32\DNSAPI.dll

dbghelp: loaded successfully - version: 4.0.5 - missing functions: none
symbol engine: initialized successfully - sym options: 0x614 - pdb path: .;C:\Program Files\Java\jdk-19\bin;C:\WINDOWS\SYSTEM32;C:\WINDOWS\WinSxS\amd64_microsoft.windows.common-controls_6595b64144ccf1df_6.0.22621.4541_none_2710d1c57384c085;C:\Program Files\Java\jdk-19\bin\server;C:\Program Files\JetBrains\IntelliJ IDEA 2022.1.2\bin;C:\Users\99293\AppData\Local\Temp

VM Arguments:
jvm_args: -Dmaven.multiModuleProjectDirectory=D:\unitedStates duplicates original -Dmaven.home=C:\Users\99293\.m2\wrapper\dists\apache-maven-3.8.6-bin\1ks0nkde5v1pk9vtc31i9d0lcd\apache-maven-3.8.6 -Dclassworlds.conf=C:\Users\99293\.m2\wrapper\dists\apache-maven-3.8.6-bin\1ks0nkde5v1pk9vtc31i9d0lcd\apache-maven-3.8.6\bin\m2.conf -Dmaven.ext.class.path=C:\Program Files\JetBrains\IntelliJ IDEA 2022.1.2\plugins\maven\lib\maven-event-listener.jar -javaagent:C:\Program Files\JetBrains\IntelliJ IDEA 2022.1.2\lib\idea_rt.jar=62191:C:\Program Files\JetBrains\IntelliJ IDEA 2022.1.2\bin -Dfile.encoding=UTF-8 
java_command: org.codehaus.classworlds.Launcher -Didea.version=2022.1.2 package
java_class_path (initial): C:\Users\99293\.m2\wrapper\dists\apache-maven-3.8.6-bin\1ks0nkde5v1pk9vtc31i9d0lcd\apache-maven-3.8.6\boot\plexus-classworlds-2.6.0.jar;C:\Users\99293\.m2\wrapper\dists\apache-maven-3.8.6-bin\1ks0nkde5v1pk9vtc31i9d0lcd\apache-maven-3.8.6\boot\plexus-classworlds.license
Launcher Type: SUN_STANDARD

[Global flags]
     intx CICompilerCount                          = 12                                        {product} {ergonomic}
     uint ConcGCThreads                            = 3                                         {product} {ergonomic}
     uint G1ConcRefinementThreads                  = 13                                        {product} {ergonomic}
   size_t G1HeapRegionSize                         = 2097152                                   {product} {ergonomic}
    uintx GCDrainStackTargetSize                   = 64                                        {product} {ergonomic}
   size_t InitialHeapSize                          = 264241152                                 {product} {ergonomic}
   size_t MarkStackSize                            = 4194304                                   {product} {ergonomic}
   size_t MaxHeapSize                              = 4196401152                                {product} {ergonomic}
   size_t MaxNewSize                               = 2516582400                                {product} {ergonomic}
   size_t MinHeapDeltaBytes                        = 2097152                                   {product} {ergonomic}
   size_t MinHeapSize                              = 8388608                                   {product} {ergonomic}
    uintx NonNMethodCodeHeapSize                   = 7602480                                {pd product} {ergonomic}
    uintx NonProfiledCodeHeapSize                  = 122027880                              {pd product} {ergonomic}
    uintx ProfiledCodeHeapSize                     = 122027880                              {pd product} {ergonomic}
    uintx ReservedCodeCacheSize                    = 251658240                              {pd product} {ergonomic}
     bool SegmentedCodeCache                       = true                                      {product} {ergonomic}
   size_t SoftMaxHeapSize                          = 4196401152                             {manageable} {ergonomic}
     bool UseCompressedClassPointers               = true                           {product lp64_product} {ergonomic}
     bool UseCompressedOops                        = true                           {product lp64_product} {ergonomic}
     bool UseG1GC                                  = true                                      {product} {ergonomic}
     bool UseLargePagesIndividualAllocation        = false                                  {pd product} {ergonomic}

Logging:
Log output configuration:
 #0: stdout all=warning uptime,level,tags foldmultilines=false
 #1: stderr all=off uptime,level,tags foldmultilines=false

Environment Variables:
JAVA_HOME=C:\Program Files\Java\jdk-19
PATH=C:\Program Files\Common Files\Oracle\Java\javapath;C:\Windows\system32;C:\Windows;C:\Windows\System32\Wbem;C:\Windows\System32\WindowsPowerShell\v1.0\;C:\Windows\System32\OpenSSH\;C:\Program Files (x86)\NVIDIA Corporation\PhysX\Common;C:\Program Files\NVIDIA Corporation\NVIDIA NvDLISR;C:\Program Files (x86)\dotnet\;C:\WINDOWS\system32;C:\WINDOWS;C:\WINDOWS\System32\Wbem;C:\WINDOWS\System32\WindowsPowerShell\v1.0\;C:\WINDOWS\System32\OpenSSH\;C:\Program Files\Java\jdk-19\bin;C:\Program Files\Git\cmd;C:\Users\99293\AppData\Local\Programs\Python\Python311\Scripts\;C:\Users\99293\AppData\Local\Programs\Python\Python311\;C:\Users\99293\AppData\Local\Microsoft\WindowsApps;;C:\Program Files\JetBrains\IntelliJ IDEA 2022.1.2\bin;;C:\Program Files\heroku\bin
USERNAME=ASUS
OS=Windows_NT
PROCESSOR_IDENTIFIER=Intel64 Family 6 Model 154 Stepping 3, GenuineIntel
TMP=C:\Users\99293\AppData\Local\Temp
TEMP=C:\Users\99293\AppData\Local\Temp



---------------  S Y S T E M  ---------------

OS:
 Windows 11 , 64 bit Build 22621 (10.0.22621.4391)
OS uptime: 3 days 21:31 hours
Hyper-V role detected

CPU: total 16 (initial active 16) (8 cores per cpu, 2 threads per core) family 6 model 154 stepping 3 microcode 0x429, cx8, cmov, fxsr, ht, mmx, 3dnowpref, sse, sse2, sse3, ssse3, sse4.1, sse4.2, popcnt, lzcnt, tsc, tscinvbit, avx, avx2, aes, erms, clmul, bmi1, bmi2, adx, sha, fma, vzeroupper, clflush, clflushopt, clwb, hv, serialize, rdtscp, rdpid, fsrm

Memory: 4k page, system-wide physical 16004M (2102M free)
TotalPageFile size 18052M (AvailPageFile size 4M)
current process WorkingSet (physical memory assigned to process): 520M, peak: 529M
current process commit charge ("private bytes"): 570M, peak: 597M

vm_info: Java HotSpot(TM) 64-Bit Server VM (19.0.2+7-44) for windows-amd64 JRE (19.0.2+7-44), built on 2022-11-30T18:02:09Z by "mach5one" with MS VC++ 17.1 (VS2022)

END.
