#
# There is insufficient memory for the Java Runtime Environment to continue.
# Native memory allocation (malloc) failed to allocate 549488 bytes for Chunk::new
# Possible reasons:
#   The system is out of physical RAM or swap space
#   The process is running with CompressedOops enabled, and the Java Heap may be blocking the growth of the native heap
# Possible solutions:
#   Reduce memory load on the system
#   Increase physical memory or swap space
#   Check if swap backing store is full
#   Decrease Java heap size (-Xmx/-Xms)
#   Decrease number of Java threads
#   Decrease Java thread stack sizes (-Xss)
#   Set larger code cache with -XX:ReservedCodeCacheSize=
#   JVM is running with Zero Based Compressed Oops mode in which the Java heap is
#     placed in the first 32GB address space. The Java Heap base address is the
#     maximum limit for the native heap growth. Please use -XX:HeapBaseMinAddress
#     to set the Java Heap base and to place the Java Heap above 32GB virtual address.
# This output file may be truncated or incomplete.
#
#  Out of Memory Error (arena.cpp:184), pid=23088, tid=17864
#
# JRE version: Java(TM) SE Runtime Environment (19.0.2+7) (build 19.0.2+7-44)
# Java VM: Java HotSpot(TM) 64-Bit Server VM (19.0.2+7-44, mixed mode, sharing, tiered, compressed oops, compressed class ptrs, g1 gc, windows-amd64)
# No core dump will be written. Minidumps are not enabled by default on client versions of Windows
#

---------------  S U M M A R Y ------------

Command Line: -Dmaven.multiModuleProjectDirectory=D:\unitedStates duplicates original -Dmaven.home=C:\Users\99293\.m2\wrapper\dists\apache-maven-3.8.6-bin\1ks0nkde5v1pk9vtc31i9d0lcd\apache-maven-3.8.6 -Dclassworlds.conf=C:\Users\99293\.m2\wrapper\dists\apache-maven-3.8.6-bin\1ks0nkde5v1pk9vtc31i9d0lcd\apache-maven-3.8.6\bin\m2.conf -Dmaven.ext.class.path=C:\Program Files\JetBrains\IntelliJ IDEA 2022.1.2\plugins\maven\lib\maven-event-listener.jar -javaagent:C:\Program Files\JetBrains\IntelliJ IDEA 2022.1.2\lib\idea_rt.jar=64865:C:\Program Files\JetBrains\IntelliJ IDEA 2022.1.2\bin -Dfile.encoding=UTF-8 org.codehaus.classworlds.Launcher -Didea.version=2022.1.2 clean

Host: 12th Gen Intel(R) Core(TM) i7-12650H, 16 cores, 15G,  Windows 11 , 64 bit Build 22621 (10.0.22621.3958)
Time: Mon Sep 30 23:42:57 2024  Windows 11 , 64 bit Build 22621 (10.0.22621.3958) elapsed time: 0.536630 seconds (0d 0h 0m 0s)

---------------  T H R E A D  ---------------

Current thread (0x00000190ac789710):  JavaThread "C2 CompilerThread2" daemon [_thread_in_native, id=17864, stack(0x00000022eae00000,0x00000022eaf00000)]


Current CompileTask:
C2:    536 1144       4       java.io.InputStreamReader::read (11 bytes)

Stack: [0x00000022eae00000,0x00000022eaf00000]
Native frames: (J=compiled Java code, j=interpreted, Vv=VM code, C=native code)
V  [jvm.dll+0x6ee21a]
V  [jvm.dll+0x85765e]
V  [jvm.dll+0x85904e]
V  [jvm.dll+0x859703]
V  [jvm.dll+0x28298f]
V  [jvm.dll+0xc9adf]
V  [jvm.dll+0xc9e65]
V  [jvm.dll+0x3bca4c]
V  [jvm.dll+0x1ee0aa]
V  [jvm.dll+0x24c52b]
V  [jvm.dll+0x24b781]
V  [jvm.dll+0x1d6ce1]
V  [jvm.dll+0x25b25a]
V  [jvm.dll+0x2596e8]
V  [jvm.dll+0x807588]
V  [jvm.dll+0x80125a]
V  [jvm.dll+0x6ecf0b]
C  [ucrtbase.dll+0x29333]
C  [KERNEL32.DLL+0x1257d]
C  [ntdll.dll+0x5af28]


---------------  P R O C E S S  ---------------

Threads class SMR info:
_java_thread_list=0x00000190ac1d4730, length=23, elements={
0x000001908407ece0, 0x00000190a7ce0a80, 0x00000190a7ce1770, 0x00000190a7cea570,
0x00000190a7ce5980, 0x00000190a7cecfb0, 0x00000190a7ced8e0, 0x00000190a7cf1a40,
0x00000190ac020090, 0x00000190ac020e10, 0x00000190ac10c560, 0x00000190ac0d2180,
0x00000190ac115410, 0x00000190ac10daa0, 0x00000190ac10d550, 0x00000190ac2443f0,
0x00000190ac67a980, 0x00000190ac789710, 0x00000190acbfe560, 0x00000190acbfdfa0,
0x00000190ad086da0, 0x00000190ad07b6a0, 0x00000190acbcf3e0
}

Java Threads: ( => current thread )
  0x000001908407ece0 JavaThread "main" [_thread_in_Java, id=15756, stack(0x00000022e9600000,0x00000022e9700000)]
  0x00000190a7ce0a80 JavaThread "Reference Handler" daemon [_thread_blocked, id=11876, stack(0x00000022e9d00000,0x00000022e9e00000)]
  0x00000190a7ce1770 JavaThread "Finalizer" daemon [_thread_blocked, id=14668, stack(0x00000022e9e00000,0x00000022e9f00000)]
  0x00000190a7cea570 JavaThread "Signal Dispatcher" daemon [_thread_blocked, id=26000, stack(0x00000022e9f00000,0x00000022ea000000)]
  0x00000190a7ce5980 JavaThread "Attach Listener" daemon [_thread_blocked, id=3336, stack(0x00000022ea000000,0x00000022ea100000)]
  0x00000190a7cecfb0 JavaThread "Service Thread" daemon [_thread_blocked, id=24336, stack(0x00000022ea100000,0x00000022ea200000)]
  0x00000190a7ced8e0 JavaThread "Monitor Deflation Thread" daemon [_thread_blocked, id=6484, stack(0x00000022ea200000,0x00000022ea300000)]
  0x00000190a7cf1a40 JavaThread "C2 CompilerThread0" daemon [_thread_in_native, id=23436, stack(0x00000022ea300000,0x00000022ea400000)]
  0x00000190ac020090 JavaThread "C1 CompilerThread0" daemon [_thread_blocked, id=10276, stack(0x00000022ea400000,0x00000022ea500000)]
  0x00000190ac020e10 JavaThread "Sweeper thread" daemon [_thread_blocked, id=16032, stack(0x00000022ea500000,0x00000022ea600000)]
  0x00000190ac10c560 JavaThread "Common-Cleaner" daemon [_thread_blocked, id=26892, stack(0x00000022ea600000,0x00000022ea700000)]
  0x00000190ac0d2180 JavaThread "C1 CompilerThread1" daemon [_thread_blocked, id=24224, stack(0x00000022ea700000,0x00000022ea800000)]
  0x00000190ac115410 JavaThread "C1 CompilerThread2" daemon [_thread_blocked, id=1252, stack(0x00000022ea800000,0x00000022ea900000)]
  0x00000190ac10daa0 JavaThread "Monitor Ctrl-Break" daemon [_thread_in_native, id=27324, stack(0x00000022ea900000,0x00000022eaa00000)]
  0x00000190ac10d550 JavaThread "Notification Thread" daemon [_thread_blocked, id=8688, stack(0x00000022eaa00000,0x00000022eab00000)]
  0x00000190ac2443f0 JavaThread "C2 CompilerThread1" daemon [_thread_in_native, id=15788, stack(0x00000022eac00000,0x00000022ead00000)]
  0x00000190ac67a980 JavaThread "C1 CompilerThread3" daemon [_thread_blocked, id=26204, stack(0x00000022ead00000,0x00000022eae00000)]
=>0x00000190ac789710 JavaThread "C2 CompilerThread2" daemon [_thread_in_native, id=17864, stack(0x00000022eae00000,0x00000022eaf00000)]
  0x00000190acbfe560 JavaThread "C2 CompilerThread3" daemon [_thread_in_native, id=27436, stack(0x00000022eaf00000,0x00000022eb000000)]
  0x00000190acbfdfa0 JavaThread "C2 CompilerThread4" daemon [_thread_in_native, id=7244, stack(0x00000022eb000000,0x00000022eb100000)]
  0x00000190ad086da0 JavaThread "C2 CompilerThread5" daemon [_thread_in_native, id=11612, stack(0x00000022eb800000,0x00000022eb900000)]
  0x00000190ad07b6a0 JavaThread "C2 CompilerThread6" daemon [_thread_in_native, id=15772, stack(0x00000022eb900000,0x00000022eba00000)]
  0x00000190acbcf3e0 JavaThread "C2 CompilerThread7" daemon [_thread_in_native, id=26472, stack(0x00000022eba00000,0x00000022ebb00000)]

Other Threads:
  0x00000190a7cc6310 VMThread "VM Thread" [stack: 0x00000022e9c00000,0x00000022e9d00000] [id=15144]
  0x00000190ac240890 WatcherThread "VM Periodic Task Thread" [stack: 0x00000022eab00000,0x00000022eac00000] [id=4528]
  0x00000190840f18a0 WorkerThread "GC Thread#0" [stack: 0x00000022e9700000,0x00000022e9800000] [id=3412]
  0x00000190ac5301c0 WorkerThread "GC Thread#1" [stack: 0x00000022eb100000,0x00000022eb200000] [id=26100]
  0x00000190ac52fc20 WorkerThread "GC Thread#2" [stack: 0x00000022eb200000,0x00000022eb300000] [id=14316]
  0x00000190ac52fef0 WorkerThread "GC Thread#3" [stack: 0x00000022eb300000,0x00000022eb400000] [id=8752]
  0x00000190ac530760 WorkerThread "GC Thread#4" [stack: 0x00000022eb400000,0x00000022eb500000] [id=19828]
  0x00000190ac531570 WorkerThread "GC Thread#5" [stack: 0x00000022eb500000,0x00000022eb600000] [id=8212]
  0x00000190ac531840 WorkerThread "GC Thread#6" [stack: 0x00000022eb600000,0x00000022eb700000] [id=23212]
  0x00000190ac5312a0 WorkerThread "GC Thread#7" [stack: 0x00000022eb700000,0x00000022eb800000] [id=24520]
  0x00000190841023b0 ConcurrentGCThread "G1 Main Marker" [stack: 0x00000022e9800000,0x00000022e9900000] [id=3012]
  0x0000019084103580 WorkerThread "G1 Conc#0" [stack: 0x00000022e9900000,0x00000022e9a00000] [id=13144]
  0x00000190a7b7d540 ConcurrentGCThread "G1 Refine#0" [stack: 0x00000022e9a00000,0x00000022e9b00000] [id=16636]
  0x00000190a7b7e080 ConcurrentGCThread "G1 Service" [stack: 0x00000022e9b00000,0x00000022e9c00000] [id=12880]

Threads with active compile tasks:
C2 CompilerThread0      550 1140       4       sun.nio.cs.StreamDecoder::lockedRead (189 bytes)
C2 CompilerThread1      550 1139   !   4       sun.nio.cs.StreamDecoder::read (78 bytes)
C2 CompilerThread2      550 1144       4       java.io.InputStreamReader::read (11 bytes)
C2 CompilerThread3      550 1146       4       org.codehaus.plexus.util.xml.XmlReader::read (11 bytes)
C2 CompilerThread4      550 1177       4       java.nio.HeapCharBuffer::<init> (23 bytes)
C2 CompilerThread5      550 1143       4       java.io.Reader::read (21 bytes)
C2 CompilerThread6      550 1145       4       org.codehaus.plexus.util.InterpolationFilterReader::read (477 bytes)
C2 CompilerThread7      550 1158   !   4       sun.nio.cs.StreamDecoder::read0 (59 bytes)

VM state: not at safepoint (normal execution)

VM Mutex/Monitor currently owned by a thread: None

Heap address: 0x0000000705e00000, size: 4002 MB, Compressed Oops mode: Zero based, Oop shift amount: 3

CDS archive(s) mapped at: [0x0000000800000000-0x0000000800c40000-0x0000000800c40000), size 12845056, SharedBaseAddress: 0x0000000800000000, ArchiveRelocationMode: 0.
Compressed class space mapped at: 0x0000000801000000-0x0000000841000000, reserved size: 1073741824
Narrow klass base: 0x0000000800000000, Narrow klass shift: 0, Narrow klass range: 0x100000000

GC Precious Log:
 CardTable entry size: 512
 Card Set container configuration: InlinePtr #cards 4 size 8 Array Of Cards #cards 16 size 48 Howl #buckets 8 coarsen threshold 3686 Howl Bitmap #cards 512 size 80 coarsen threshold 460 Card regions per heap region 1 cards per card region 4096
 CPUs: 16 total, 16 available
 Memory: 16005M
 Large Page Support: Disabled
 NUMA Support: Disabled
 Compressed Oops: Enabled (Zero based)
 Heap Region Size: 2M
 Heap Min Capacity: 8M
 Heap Initial Capacity: 252M
 Heap Max Capacity: 4002M
 Pre-touch: Disabled
 Parallel Workers: 13
 Concurrent Workers: 3
 Concurrent Refinement Workers: 13
 Periodic GC: Disabled

Heap:
 garbage-first heap   total 258048K, used 7775K [0x0000000705e00000, 0x0000000800000000)
  region size 2048K, 5 young (10240K), 2 survivors (4096K)
 Metaspace       used 5401K, committed 5568K, reserved 1114112K
  class space    used 593K, committed 640K, reserved 1048576K

Heap Regions: E=young(eden), S=young(survivor), O=old, HS=humongous(starts), HC=humongous(continues), CS=collection set, F=free, OA=open archive, CA=closed archive, TAMS=top-at-mark-start (previous, next)
|   0|0x0000000705e00000, 0x0000000705e00000, 0x0000000706000000|  0%| F|  |TAMS 0x0000000705e00000, 0x0000000705e00000| Untracked 
|   1|0x0000000706000000, 0x0000000706000000, 0x0000000706200000|  0%| F|  |TAMS 0x0000000706000000, 0x0000000706000000| Untracked 
|   2|0x0000000706200000, 0x0000000706200000, 0x0000000706400000|  0%| F|  |TAMS 0x0000000706200000, 0x0000000706200000| Untracked 
|   3|0x0000000706400000, 0x0000000706400000, 0x0000000706600000|  0%| F|  |TAMS 0x0000000706400000, 0x0000000706400000| Untracked 
|   4|0x0000000706600000, 0x0000000706600000, 0x0000000706800000|  0%| F|  |TAMS 0x0000000706600000, 0x0000000706600000| Untracked 
|   5|0x0000000706800000, 0x0000000706800000, 0x0000000706a00000|  0%| F|  |TAMS 0x0000000706800000, 0x0000000706800000| Untracked 
|   6|0x0000000706a00000, 0x0000000706a00000, 0x0000000706c00000|  0%| F|  |TAMS 0x0000000706a00000, 0x0000000706a00000| Untracked 
|   7|0x0000000706c00000, 0x0000000706c00000, 0x0000000706e00000|  0%| F|  |TAMS 0x0000000706c00000, 0x0000000706c00000| Untracked 
|   8|0x0000000706e00000, 0x0000000706e00000, 0x0000000707000000|  0%| F|  |TAMS 0x0000000706e00000, 0x0000000706e00000| Untracked 
|   9|0x0000000707000000, 0x0000000707000000, 0x0000000707200000|  0%| F|  |TAMS 0x0000000707000000, 0x0000000707000000| Untracked 
|  10|0x0000000707200000, 0x0000000707200000, 0x0000000707400000|  0%| F|  |TAMS 0x0000000707200000, 0x0000000707200000| Untracked 
|  11|0x0000000707400000, 0x0000000707400000, 0x0000000707600000|  0%| F|  |TAMS 0x0000000707400000, 0x0000000707400000| Untracked 
|  12|0x0000000707600000, 0x0000000707600000, 0x0000000707800000|  0%| F|  |TAMS 0x0000000707600000, 0x0000000707600000| Untracked 
|  13|0x0000000707800000, 0x0000000707800000, 0x0000000707a00000|  0%| F|  |TAMS 0x0000000707800000, 0x0000000707800000| Untracked 
|  14|0x0000000707a00000, 0x0000000707a00000, 0x0000000707c00000|  0%| F|  |TAMS 0x0000000707a00000, 0x0000000707a00000| Untracked 
|  15|0x0000000707c00000, 0x0000000707c00000, 0x0000000707e00000|  0%| F|  |TAMS 0x0000000707c00000, 0x0000000707c00000| Untracked 
|  16|0x0000000707e00000, 0x0000000707e00000, 0x0000000708000000|  0%| F|  |TAMS 0x0000000707e00000, 0x0000000707e00000| Untracked 
|  17|0x0000000708000000, 0x0000000708000000, 0x0000000708200000|  0%| F|  |TAMS 0x0000000708000000, 0x0000000708000000| Untracked 
|  18|0x0000000708200000, 0x0000000708200000, 0x0000000708400000|  0%| F|  |TAMS 0x0000000708200000, 0x0000000708200000| Untracked 
|  19|0x0000000708400000, 0x0000000708400000, 0x0000000708600000|  0%| F|  |TAMS 0x0000000708400000, 0x0000000708400000| Untracked 
|  20|0x0000000708600000, 0x0000000708600000, 0x0000000708800000|  0%| F|  |TAMS 0x0000000708600000, 0x0000000708600000| Untracked 
|  21|0x0000000708800000, 0x0000000708800000, 0x0000000708a00000|  0%| F|  |TAMS 0x0000000708800000, 0x0000000708800000| Untracked 
|  22|0x0000000708a00000, 0x0000000708a00000, 0x0000000708c00000|  0%| F|  |TAMS 0x0000000708a00000, 0x0000000708a00000| Untracked 
|  23|0x0000000708c00000, 0x0000000708c00000, 0x0000000708e00000|  0%| F|  |TAMS 0x0000000708c00000, 0x0000000708c00000| Untracked 
|  24|0x0000000708e00000, 0x0000000708e00000, 0x0000000709000000|  0%| F|  |TAMS 0x0000000708e00000, 0x0000000708e00000| Untracked 
|  25|0x0000000709000000, 0x0000000709000000, 0x0000000709200000|  0%| F|  |TAMS 0x0000000709000000, 0x0000000709000000| Untracked 
|  26|0x0000000709200000, 0x0000000709200000, 0x0000000709400000|  0%| F|  |TAMS 0x0000000709200000, 0x0000000709200000| Untracked 
|  27|0x0000000709400000, 0x0000000709400000, 0x0000000709600000|  0%| F|  |TAMS 0x0000000709400000, 0x0000000709400000| Untracked 
|  28|0x0000000709600000, 0x0000000709600000, 0x0000000709800000|  0%| F|  |TAMS 0x0000000709600000, 0x0000000709600000| Untracked 
|  29|0x0000000709800000, 0x0000000709800000, 0x0000000709a00000|  0%| F|  |TAMS 0x0000000709800000, 0x0000000709800000| Untracked 
|  30|0x0000000709a00000, 0x0000000709a00000, 0x0000000709c00000|  0%| F|  |TAMS 0x0000000709a00000, 0x0000000709a00000| Untracked 
|  31|0x0000000709c00000, 0x0000000709c00000, 0x0000000709e00000|  0%| F|  |TAMS 0x0000000709c00000, 0x0000000709c00000| Untracked 
|  32|0x0000000709e00000, 0x0000000709e00000, 0x000000070a000000|  0%| F|  |TAMS 0x0000000709e00000, 0x0000000709e00000| Untracked 
|  33|0x000000070a000000, 0x000000070a000000, 0x000000070a200000|  0%| F|  |TAMS 0x000000070a000000, 0x000000070a000000| Untracked 
|  34|0x000000070a200000, 0x000000070a200000, 0x000000070a400000|  0%| F|  |TAMS 0x000000070a200000, 0x000000070a200000| Untracked 
|  35|0x000000070a400000, 0x000000070a400000, 0x000000070a600000|  0%| F|  |TAMS 0x000000070a400000, 0x000000070a400000| Untracked 
|  36|0x000000070a600000, 0x000000070a600000, 0x000000070a800000|  0%| F|  |TAMS 0x000000070a600000, 0x000000070a600000| Untracked 
|  37|0x000000070a800000, 0x000000070a800000, 0x000000070aa00000|  0%| F|  |TAMS 0x000000070a800000, 0x000000070a800000| Untracked 
|  38|0x000000070aa00000, 0x000000070aa00000, 0x000000070ac00000|  0%| F|  |TAMS 0x000000070aa00000, 0x000000070aa00000| Untracked 
|  39|0x000000070ac00000, 0x000000070ac00000, 0x000000070ae00000|  0%| F|  |TAMS 0x000000070ac00000, 0x000000070ac00000| Untracked 
|  40|0x000000070ae00000, 0x000000070ae00000, 0x000000070b000000|  0%| F|  |TAMS 0x000000070ae00000, 0x000000070ae00000| Untracked 
|  41|0x000000070b000000, 0x000000070b000000, 0x000000070b200000|  0%| F|  |TAMS 0x000000070b000000, 0x000000070b000000| Untracked 
|  42|0x000000070b200000, 0x000000070b200000, 0x000000070b400000|  0%| F|  |TAMS 0x000000070b200000, 0x000000070b200000| Untracked 
|  43|0x000000070b400000, 0x000000070b400000, 0x000000070b600000|  0%| F|  |TAMS 0x000000070b400000, 0x000000070b400000| Untracked 
|  44|0x000000070b600000, 0x000000070b600000, 0x000000070b800000|  0%| F|  |TAMS 0x000000070b600000, 0x000000070b600000| Untracked 
|  45|0x000000070b800000, 0x000000070b800000, 0x000000070ba00000|  0%| F|  |TAMS 0x000000070b800000, 0x000000070b800000| Untracked 
|  46|0x000000070ba00000, 0x000000070ba00000, 0x000000070bc00000|  0%| F|  |TAMS 0x000000070ba00000, 0x000000070ba00000| Untracked 
|  47|0x000000070bc00000, 0x000000070bc00000, 0x000000070be00000|  0%| F|  |TAMS 0x000000070bc00000, 0x000000070bc00000| Untracked 
|  48|0x000000070be00000, 0x000000070be00000, 0x000000070c000000|  0%| F|  |TAMS 0x000000070be00000, 0x000000070be00000| Untracked 
|  49|0x000000070c000000, 0x000000070c000000, 0x000000070c200000|  0%| F|  |TAMS 0x000000070c000000, 0x000000070c000000| Untracked 
|  50|0x000000070c200000, 0x000000070c200000, 0x000000070c400000|  0%| F|  |TAMS 0x000000070c200000, 0x000000070c200000| Untracked 
|  51|0x000000070c400000, 0x000000070c400000, 0x000000070c600000|  0%| F|  |TAMS 0x000000070c400000, 0x000000070c400000| Untracked 
|  52|0x000000070c600000, 0x000000070c600000, 0x000000070c800000|  0%| F|  |TAMS 0x000000070c600000, 0x000000070c600000| Untracked 
|  53|0x000000070c800000, 0x000000070c800000, 0x000000070ca00000|  0%| F|  |TAMS 0x000000070c800000, 0x000000070c800000| Untracked 
|  54|0x000000070ca00000, 0x000000070ca00000, 0x000000070cc00000|  0%| F|  |TAMS 0x000000070ca00000, 0x000000070ca00000| Untracked 
|  55|0x000000070cc00000, 0x000000070cc00000, 0x000000070ce00000|  0%| F|  |TAMS 0x000000070cc00000, 0x000000070cc00000| Untracked 
|  56|0x000000070ce00000, 0x000000070ce00000, 0x000000070d000000|  0%| F|  |TAMS 0x000000070ce00000, 0x000000070ce00000| Untracked 
|  57|0x000000070d000000, 0x000000070d000000, 0x000000070d200000|  0%| F|  |TAMS 0x000000070d000000, 0x000000070d000000| Untracked 
|  58|0x000000070d200000, 0x000000070d200000, 0x000000070d400000|  0%| F|  |TAMS 0x000000070d200000, 0x000000070d200000| Untracked 
|  59|0x000000070d400000, 0x000000070d400000, 0x000000070d600000|  0%| F|  |TAMS 0x000000070d400000, 0x000000070d400000| Untracked 
|  60|0x000000070d600000, 0x000000070d600000, 0x000000070d800000|  0%| F|  |TAMS 0x000000070d600000, 0x000000070d600000| Untracked 
|  61|0x000000070d800000, 0x000000070d800000, 0x000000070da00000|  0%| F|  |TAMS 0x000000070d800000, 0x000000070d800000| Untracked 
|  62|0x000000070da00000, 0x000000070da00000, 0x000000070dc00000|  0%| F|  |TAMS 0x000000070da00000, 0x000000070da00000| Untracked 
|  63|0x000000070dc00000, 0x000000070dc00000, 0x000000070de00000|  0%| F|  |TAMS 0x000000070dc00000, 0x000000070dc00000| Untracked 
|  64|0x000000070de00000, 0x000000070de00000, 0x000000070e000000|  0%| F|  |TAMS 0x000000070de00000, 0x000000070de00000| Untracked 
|  65|0x000000070e000000, 0x000000070e000000, 0x000000070e200000|  0%| F|  |TAMS 0x000000070e000000, 0x000000070e000000| Untracked 
|  66|0x000000070e200000, 0x000000070e200000, 0x000000070e400000|  0%| F|  |TAMS 0x000000070e200000, 0x000000070e200000| Untracked 
|  67|0x000000070e400000, 0x000000070e400000, 0x000000070e600000|  0%| F|  |TAMS 0x000000070e400000, 0x000000070e400000| Untracked 
|  68|0x000000070e600000, 0x000000070e600000, 0x000000070e800000|  0%| F|  |TAMS 0x000000070e600000, 0x000000070e600000| Untracked 
|  69|0x000000070e800000, 0x000000070e800000, 0x000000070ea00000|  0%| F|  |TAMS 0x000000070e800000, 0x000000070e800000| Untracked 
|  70|0x000000070ea00000, 0x000000070ea00000, 0x000000070ec00000|  0%| F|  |TAMS 0x000000070ea00000, 0x000000070ea00000| Untracked 
|  71|0x000000070ec00000, 0x000000070ec00000, 0x000000070ee00000|  0%| F|  |TAMS 0x000000070ec00000, 0x000000070ec00000| Untracked 
|  72|0x000000070ee00000, 0x000000070ee00000, 0x000000070f000000|  0%| F|  |TAMS 0x000000070ee00000, 0x000000070ee00000| Untracked 
|  73|0x000000070f000000, 0x000000070f000000, 0x000000070f200000|  0%| F|  |TAMS 0x000000070f000000, 0x000000070f000000| Untracked 
|  74|0x000000070f200000, 0x000000070f200000, 0x000000070f400000|  0%| F|  |TAMS 0x000000070f200000, 0x000000070f200000| Untracked 
|  75|0x000000070f400000, 0x000000070f400000, 0x000000070f600000|  0%| F|  |TAMS 0x000000070f400000, 0x000000070f400000| Untracked 
|  76|0x000000070f600000, 0x000000070f600000, 0x000000070f800000|  0%| F|  |TAMS 0x000000070f600000, 0x000000070f600000| Untracked 
|  77|0x000000070f800000, 0x000000070f800000, 0x000000070fa00000|  0%| F|  |TAMS 0x000000070f800000, 0x000000070f800000| Untracked 
|  78|0x000000070fa00000, 0x000000070fa00000, 0x000000070fc00000|  0%| F|  |TAMS 0x000000070fa00000, 0x000000070fa00000| Untracked 
|  79|0x000000070fc00000, 0x000000070fc00000, 0x000000070fe00000|  0%| F|  |TAMS 0x000000070fc00000, 0x000000070fc00000| Untracked 
|  80|0x000000070fe00000, 0x000000070fe00000, 0x0000000710000000|  0%| F|  |TAMS 0x000000070fe00000, 0x000000070fe00000| Untracked 
|  81|0x0000000710000000, 0x0000000710000000, 0x0000000710200000|  0%| F|  |TAMS 0x0000000710000000, 0x0000000710000000| Untracked 
|  82|0x0000000710200000, 0x0000000710200000, 0x0000000710400000|  0%| F|  |TAMS 0x0000000710200000, 0x0000000710200000| Untracked 
|  83|0x0000000710400000, 0x0000000710400000, 0x0000000710600000|  0%| F|  |TAMS 0x0000000710400000, 0x0000000710400000| Untracked 
|  84|0x0000000710600000, 0x0000000710600000, 0x0000000710800000|  0%| F|  |TAMS 0x0000000710600000, 0x0000000710600000| Untracked 
|  85|0x0000000710800000, 0x0000000710800000, 0x0000000710a00000|  0%| F|  |TAMS 0x0000000710800000, 0x0000000710800000| Untracked 
|  86|0x0000000710a00000, 0x0000000710a00000, 0x0000000710c00000|  0%| F|  |TAMS 0x0000000710a00000, 0x0000000710a00000| Untracked 
|  87|0x0000000710c00000, 0x0000000710c00000, 0x0000000710e00000|  0%| F|  |TAMS 0x0000000710c00000, 0x0000000710c00000| Untracked 
|  88|0x0000000710e00000, 0x0000000710e00000, 0x0000000711000000|  0%| F|  |TAMS 0x0000000710e00000, 0x0000000710e00000| Untracked 
|  89|0x0000000711000000, 0x0000000711000000, 0x0000000711200000|  0%| F|  |TAMS 0x0000000711000000, 0x0000000711000000| Untracked 
|  90|0x0000000711200000, 0x0000000711200000, 0x0000000711400000|  0%| F|  |TAMS 0x0000000711200000, 0x0000000711200000| Untracked 
|  91|0x0000000711400000, 0x0000000711400000, 0x0000000711600000|  0%| F|  |TAMS 0x0000000711400000, 0x0000000711400000| Untracked 
|  92|0x0000000711600000, 0x0000000711600000, 0x0000000711800000|  0%| F|  |TAMS 0x0000000711600000, 0x0000000711600000| Untracked 
|  93|0x0000000711800000, 0x0000000711800000, 0x0000000711a00000|  0%| F|  |TAMS 0x0000000711800000, 0x0000000711800000| Untracked 
|  94|0x0000000711a00000, 0x0000000711a00000, 0x0000000711c00000|  0%| F|  |TAMS 0x0000000711a00000, 0x0000000711a00000| Untracked 
|  95|0x0000000711c00000, 0x0000000711c00000, 0x0000000711e00000|  0%| F|  |TAMS 0x0000000711c00000, 0x0000000711c00000| Untracked 
|  96|0x0000000711e00000, 0x0000000711e00000, 0x0000000712000000|  0%| F|  |TAMS 0x0000000711e00000, 0x0000000711e00000| Untracked 
|  97|0x0000000712000000, 0x0000000712000000, 0x0000000712200000|  0%| F|  |TAMS 0x0000000712000000, 0x0000000712000000| Untracked 
|  98|0x0000000712200000, 0x0000000712200000, 0x0000000712400000|  0%| F|  |TAMS 0x0000000712200000, 0x0000000712200000| Untracked 
|  99|0x0000000712400000, 0x0000000712400000, 0x0000000712600000|  0%| F|  |TAMS 0x0000000712400000, 0x0000000712400000| Untracked 
| 100|0x0000000712600000, 0x0000000712600000, 0x0000000712800000|  0%| F|  |TAMS 0x0000000712600000, 0x0000000712600000| Untracked 
| 101|0x0000000712800000, 0x0000000712800000, 0x0000000712a00000|  0%| F|  |TAMS 0x0000000712800000, 0x0000000712800000| Untracked 
| 102|0x0000000712a00000, 0x0000000712a00000, 0x0000000712c00000|  0%| F|  |TAMS 0x0000000712a00000, 0x0000000712a00000| Untracked 
| 103|0x0000000712c00000, 0x0000000712c00000, 0x0000000712e00000|  0%| F|  |TAMS 0x0000000712c00000, 0x0000000712c00000| Untracked 
| 104|0x0000000712e00000, 0x0000000712e00000, 0x0000000713000000|  0%| F|  |TAMS 0x0000000712e00000, 0x0000000712e00000| Untracked 
| 105|0x0000000713000000, 0x0000000713000000, 0x0000000713200000|  0%| F|  |TAMS 0x0000000713000000, 0x0000000713000000| Untracked 
| 106|0x0000000713200000, 0x0000000713200000, 0x0000000713400000|  0%| F|  |TAMS 0x0000000713200000, 0x0000000713200000| Untracked 
| 107|0x0000000713400000, 0x0000000713400000, 0x0000000713600000|  0%| F|  |TAMS 0x0000000713400000, 0x0000000713400000| Untracked 
| 108|0x0000000713600000, 0x0000000713600000, 0x0000000713800000|  0%| F|  |TAMS 0x0000000713600000, 0x0000000713600000| Untracked 
| 109|0x0000000713800000, 0x0000000713800000, 0x0000000713a00000|  0%| F|  |TAMS 0x0000000713800000, 0x0000000713800000| Untracked 
| 110|0x0000000713a00000, 0x0000000713a00000, 0x0000000713c00000|  0%| F|  |TAMS 0x0000000713a00000, 0x0000000713a00000| Untracked 
| 111|0x0000000713c00000, 0x0000000713c00000, 0x0000000713e00000|  0%| F|  |TAMS 0x0000000713c00000, 0x0000000713c00000| Untracked 
| 112|0x0000000713e00000, 0x0000000713e00000, 0x0000000714000000|  0%| F|  |TAMS 0x0000000713e00000, 0x0000000713e00000| Untracked 
| 113|0x0000000714000000, 0x0000000714197c48, 0x0000000714200000| 79%| S|CS|TAMS 0x0000000714000000, 0x0000000714000000| Complete 
| 114|0x0000000714200000, 0x0000000714400000, 0x0000000714400000|100%| S|CS|TAMS 0x0000000714200000, 0x0000000714200000| Complete 
| 115|0x0000000714400000, 0x0000000714400000, 0x0000000714600000|  0%| F|  |TAMS 0x0000000714400000, 0x0000000714400000| Untracked 
| 116|0x0000000714600000, 0x0000000714600000, 0x0000000714800000|  0%| F|  |TAMS 0x0000000714600000, 0x0000000714600000| Untracked 
| 117|0x0000000714800000, 0x0000000714800000, 0x0000000714a00000|  0%| F|  |TAMS 0x0000000714800000, 0x0000000714800000| Untracked 
| 118|0x0000000714a00000, 0x0000000714a00000, 0x0000000714c00000|  0%| F|  |TAMS 0x0000000714a00000, 0x0000000714a00000| Untracked 
| 119|0x0000000714c00000, 0x0000000714c00000, 0x0000000714e00000|  0%| F|  |TAMS 0x0000000714c00000, 0x0000000714c00000| Untracked 
| 120|0x0000000714e00000, 0x0000000714e00000, 0x0000000715000000|  0%| F|  |TAMS 0x0000000714e00000, 0x0000000714e00000| Untracked 
| 121|0x0000000715000000, 0x0000000715000000, 0x0000000715200000|  0%| F|  |TAMS 0x0000000715000000, 0x0000000715000000| Untracked 
| 122|0x0000000715200000, 0x0000000715200000, 0x0000000715400000|  0%| F|  |TAMS 0x0000000715200000, 0x0000000715200000| Untracked 
| 123|0x0000000715400000, 0x00000007154ffbb0, 0x0000000715600000| 49%| E|  |TAMS 0x0000000715400000, 0x0000000715400000| Complete 
| 124|0x0000000715600000, 0x0000000715800000, 0x0000000715800000|100%| E|CS|TAMS 0x0000000715600000, 0x0000000715600000| Complete 
| 125|0x0000000715800000, 0x0000000715a00000, 0x0000000715a00000|100%| E|CS|TAMS 0x0000000715800000, 0x0000000715800000| Complete 

Card table byte_map: [0x000001909c060000,0x000001909c840000] _byte_map_base: 0x0000019098831000

Marking Bits (Prev, Next): (CMBitMap*) 0x00000190840f1ed0, (CMBitMap*) 0x00000190840f1f10
 Prev Bits: [0x000001909d020000, 0x00000190a0ea8000)
 Next Bits: [0x00000190a0eb0000, 0x00000190a4d38000)

Polling page: 0x0000019081fe0000

Metaspace:

Usage:
  Non-class:      4.72 MB used.
      Class:    594.97 KB used.
       Both:      5.30 MB used.

Virtual space:
  Non-class space:       64.00 MB reserved,       4.81 MB (  8%) committed,  1 nodes.
      Class space:        1.00 GB reserved,     640.00 KB ( <1%) committed,  1 nodes.
             Both:        1.06 GB reserved,       5.44 MB ( <1%) committed. 

Chunk freelists:
   Non-Class:  1.31 MB
       Class:  3.33 MB
        Both:  4.64 MB

MaxMetaspaceSize: unlimited
CompressedClassSpaceSize: 1.00 GB
Initial GC threshold: 21.00 MB
Current GC threshold: 21.00 MB
CDS: on
MetaspaceReclaimPolicy: balanced
 - commit_granule_bytes: 65536.
 - commit_granule_words: 8192.
 - virtual_space_node_default_size: 8388608.
 - enlarge_chunks_in_place: 1.
 - new_chunks_are_fully_committed: 0.
 - uncommit_free_chunks: 1.
 - use_allocation_guard: 0.


Internal statistics:

num_allocs_failed_limit: 0.
num_arena_births: 46.
num_arena_deaths: 0.
num_vsnodes_births: 2.
num_vsnodes_deaths: 0.
num_space_committed: 87.
num_space_uncommitted: 0.
num_chunks_returned_to_freelist: 0.
num_chunks_taken_from_freelist: 180.
num_chunk_merges: 0.
num_chunk_splits: 127.
num_chunks_enlarged: 107.
num_inconsistent_stats: 0.

CodeHeap 'non-profiled nmethods': size=119168Kb used=375Kb max_used=375Kb free=118792Kb
 bounds [0x0000019093b80000, 0x0000019093df0000, 0x000001909afe0000]
CodeHeap 'profiled nmethods': size=119104Kb used=2308Kb max_used=2308Kb free=116795Kb
 bounds [0x000001908bfe0000, 0x000001908c250000, 0x0000019093430000]
CodeHeap 'non-nmethods': size=7488Kb used=2938Kb max_used=2978Kb free=4549Kb
 bounds [0x0000019093430000, 0x0000019093720000, 0x0000019093b80000]
 total_blobs=1646 nmethods=1184 adapters=370
 compilation: enabled
              stopped_count=0, restarted_count=0
 full_count=0

Compilation events (20 events):
Event: 0.499 Thread 0x00000190acbcf3e0 nmethod 1162 0x0000019093bd6b10 code [0x0000019093bd6ca0, 0x0000019093bd6d98]
Event: 0.499 Thread 0x00000190acbcf3e0 1163   !   4       java.nio.charset.CharsetDecoder::decode (275 bytes)
Event: 0.501 Thread 0x00000190ac67a980 nmethod 1186 0x000001908c214f10 code [0x000001908c2151c0, 0x000001908c215ff8]
Event: 0.502 Thread 0x00000190acbfdfa0 nmethod 1172 0x0000019093bd6e90 code [0x0000019093bd7020, 0x0000019093bd7318]
Event: 0.502 Thread 0x00000190ac020090 nmethod 1183 0x000001908c216490 code [0x000001908c2169c0, 0x000001908c219a08]
Event: 0.502 Thread 0x00000190acbfdfa0 1187       4       java.nio.charset.CoderResult::isUnderflow (13 bytes)
Event: 0.503 Thread 0x00000190ac115410 1189       2       java.lang.AbstractStringBuilder::putStringAt (19 bytes)
Event: 0.503 Thread 0x00000190ac67a980 1190       2       java.lang.AbstractStringBuilder::inflateIfNeededFor (22 bytes)
Event: 0.503 Thread 0x00000190ac67a980 nmethod 1190 0x000001908c21a690 code [0x000001908c21a840, 0x000001908c21a968]
Event: 0.503 Thread 0x00000190ac115410 nmethod 1189 0x000001908c21aa10 code [0x000001908c21abc0, 0x000001908c21ad58]
Event: 0.503 Thread 0x00000190acbfdfa0 nmethod 1187 0x0000019093bd7410 code [0x0000019093bd7580, 0x0000019093bd7618]
Event: 0.503 Thread 0x00000190acbfdfa0 1169       4       sun.nio.cs.UTF_8$Decoder::decodeLoop (28 bytes)
Event: 0.506 Thread 0x00000190acbfdfa0 nmethod 1169 0x0000019093bd7710 code [0x0000019093bd78a0, 0x0000019093bd79e8]
Event: 0.507 Thread 0x00000190acbfdfa0 1170       4       sun.nio.cs.UTF_8$Decoder::decodeArrayLoop (688 bytes)
Event: 0.511 Thread 0x00000190ac0d2180 1192       1       org.codehaus.plexus.util.xml.pull.MXParser::getDepth (5 bytes)
Event: 0.511 Thread 0x00000190ac0d2180 nmethod 1192 0x0000019093bd7b90 code [0x0000019093bd7d20, 0x0000019093bd7dd8]
Event: 0.515 Thread 0x00000190acbcf3e0 nmethod 1163 0x0000019093bd7e90 code [0x0000019093bd80c0, 0x0000019093bd8560]
Event: 0.516 Thread 0x00000190acbcf3e0 1191       4       sun.nio.cs.StreamDecoder::implRead (243 bytes)
Event: 0.518 Thread 0x00000190acbfdfa0 nmethod 1170 0x0000019093bd8a90 code [0x0000019093bd8c40, 0x0000019093bd93e8]
Event: 0.518 Thread 0x00000190acbfdfa0 1193       4       org.codehaus.plexus.util.xml.pull.MXParser::nextImpl (1202 bytes)

GC Heap History (2 events):
Event: 0.485 GC heap before
{Heap before GC invocations=0 (full 0):
 garbage-first heap   total 258048K, used 22528K [0x0000000705e00000, 0x0000000800000000)
  region size 2048K, 11 young (22528K), 0 survivors (0K)
 Metaspace       used 5279K, committed 5376K, reserved 1114112K
  class space    used 572K, committed 640K, reserved 1048576K
}
Event: 0.488 GC heap after
{Heap after GC invocations=1 (full 0):
 garbage-first heap   total 258048K, used 3679K [0x0000000705e00000, 0x0000000800000000)
  region size 2048K, 2 young (4096K), 2 survivors (4096K)
 Metaspace       used 5279K, committed 5376K, reserved 1114112K
  class space    used 572K, committed 640K, reserved 1048576K
}

Dll operation events (12 events):
Event: 0.009 Loaded shared library C:\Program Files\Java\jdk-19\bin\java.dll
Event: 0.017 Loaded shared library C:\Program Files\Java\jdk-19\bin\jsvml.dll
Event: 0.062 Loaded shared library C:\Program Files\Java\jdk-19\bin\zip.dll
Event: 0.068 Loaded shared library C:\Program Files\Java\jdk-19\bin\instrument.dll
Event: 0.072 Loaded shared library C:\Program Files\Java\jdk-19\bin\net.dll
Event: 0.074 Loaded shared library C:\Program Files\Java\jdk-19\bin\nio.dll
Event: 0.077 Loaded shared library C:\Program Files\Java\jdk-19\bin\zip.dll
Event: 0.089 Loaded shared library C:\Program Files\JetBrains\IntelliJ IDEA 2022.1.2\bin\breakgen64.dll
Event: 0.097 Loaded shared library C:\Program Files\Java\jdk-19\bin\extnet.dll
Event: 0.163 Loaded shared library C:\Program Files\Java\jdk-19\bin\jimage.dll
Event: 0.218 Loaded shared library C:\Users\99293\AppData\Local\Temp\jansi-2.4.0-acfe7f043673cbbd-jansi.dll
Event: 0.224 Loaded shared library C:\Program Files\Java\jdk-19\bin\verify.dll

Deoptimization events (20 events):
Event: 0.464 Thread 0x000001908407ece0 DEOPT PACKING pc=0x0000019093bb7b20 sp=0x00000022e96fdaa0
Event: 0.464 Thread 0x000001908407ece0 DEOPT UNPACKING pc=0x0000019093496da3 sp=0x00000022e96fda58 mode 2
Event: 0.464 Thread 0x000001908407ece0 Uncommon trap: trap_request=0xffffff45 fr.pc=0x0000019093baead0 relative=0x00000000000000b0
Event: 0.464 Thread 0x000001908407ece0 Uncommon trap: reason=unstable_if action=reinterpret pc=0x0000019093baead0 method=org.codehaus.plexus.util.xml.pull.MXParser.more()C @ 8 c2
Event: 0.464 Thread 0x000001908407ece0 DEOPT PACKING pc=0x0000019093baead0 sp=0x00000022e96fdf20
Event: 0.464 Thread 0x000001908407ece0 DEOPT UNPACKING pc=0x0000019093496da3 sp=0x00000022e96fdeb0 mode 2
Event: 0.497 Thread 0x000001908407ece0 DEOPT PACKING pc=0x000001908c054ade sp=0x00000022e96fdbf0
Event: 0.497 Thread 0x000001908407ece0 DEOPT UNPACKING pc=0x0000019093497543 sp=0x00000022e96fd0c8 mode 0
Event: 0.498 Thread 0x000001908407ece0 Uncommon trap: trap_request=0xffffffde fr.pc=0x0000019093bbe1f0 relative=0x0000000000000670
Event: 0.498 Thread 0x000001908407ece0 Uncommon trap: reason=class_check action=maybe_recompile pc=0x0000019093bbe1f0 method=java.util.regex.Matcher.search(I)Z @ 121 c2
Event: 0.498 Thread 0x000001908407ece0 DEOPT PACKING pc=0x0000019093bbe1f0 sp=0x00000022e96fdce0
Event: 0.498 Thread 0x000001908407ece0 DEOPT UNPACKING pc=0x0000019093496da3 sp=0x00000022e96fdcb0 mode 2
Event: 0.498 Thread 0x000001908407ece0 Uncommon trap: trap_request=0xffffffde fr.pc=0x0000019093bd51c8 relative=0x00000000000001a8
Event: 0.498 Thread 0x000001908407ece0 Uncommon trap: reason=class_check action=maybe_recompile pc=0x0000019093bd51c8 method=java.nio.Buffer.<init>(IIIILjava/lang/foreign/MemorySegment;)V @ 39 c2
Event: 0.498 Thread 0x000001908407ece0 DEOPT PACKING pc=0x0000019093bd51c8 sp=0x00000022e96fd9f0
Event: 0.498 Thread 0x000001908407ece0 DEOPT UNPACKING pc=0x0000019093496da3 sp=0x00000022e96fd9c8 mode 2
Event: 0.498 Thread 0x000001908407ece0 Uncommon trap: trap_request=0xffffff45 fr.pc=0x0000019093bd5e50 relative=0x00000000000005b0
Event: 0.498 Thread 0x000001908407ece0 Uncommon trap: reason=unstable_if action=reinterpret pc=0x0000019093bd5e50 method=java.nio.charset.CharsetDecoder.decode(Ljava/nio/ByteBuffer;Ljava/nio/CharBuffer;Z)Ljava/nio/charset/CoderResult; @ 15 c2
Event: 0.499 Thread 0x000001908407ece0 DEOPT PACKING pc=0x0000019093bd5e50 sp=0x00000022e96fd710
Event: 0.499 Thread 0x000001908407ece0 DEOPT UNPACKING pc=0x0000019093496da3 sp=0x00000022e96fd620 mode 2

Classes loaded (20 events):
Event: 0.454 Loading class java/lang/reflect/TypeVariable
Event: 0.454 Loading class java/lang/reflect/TypeVariable done
Event: 0.454 Loading class sun/reflect/generics/tree/FormalTypeParameter
Event: 0.454 Loading class sun/reflect/generics/tree/FormalTypeParameter done
Event: 0.454 Loading class sun/reflect/generics/tree/ClassSignature
Event: 0.454 Loading class sun/reflect/generics/tree/Signature
Event: 0.454 Loading class sun/reflect/generics/tree/Signature done
Event: 0.454 Loading class sun/reflect/generics/tree/ClassSignature done
Event: 0.454 Loading class java/lang/reflect/WildcardType
Event: 0.454 Loading class java/lang/reflect/WildcardType done
Event: 0.455 Loading class sun/reflect/generics/tree/TypeVariableSignature
Event: 0.455 Loading class sun/reflect/generics/tree/TypeVariableSignature done
Event: 0.461 Loading class java/lang/annotation/IncompleteAnnotationException
Event: 0.461 Loading class java/lang/annotation/IncompleteAnnotationException done
Event: 0.483 Loading class java/lang/foreign/MemorySegment
Event: 0.484 Loading class java/lang/foreign/Addressable
Event: 0.484 Loading class java/lang/foreign/Addressable done
Event: 0.484 Loading class java/lang/foreign/MemorySegment done
Event: 0.488 Loading class java/util/concurrent/locks/AbstractQueuedSynchronizer$ExclusiveNode
Event: 0.488 Loading class java/util/concurrent/locks/AbstractQueuedSynchronizer$ExclusiveNode done

Classes unloaded (0 events):
No events

Classes redefined (0 events):
No events

Internal exceptions (14 events):
Event: 0.083 Thread 0x000001908407ece0 Exception <a 'java/lang/NoSuchMethodError'{0x00000007156ca8c0}: 'void java.lang.invoke.DirectMethodHandle$Holder.invokeStatic(java.lang.Object, java.lang.Object, java.lang.Object)'> (0x00000007156ca8c0) 
thrown [s\open\src\hotspot\share\interpreter\linkResolver.cpp, line 774]
Event: 0.087 Thread 0x000001908407ece0 Exception <a 'java/lang/NoSuchMethodError'{0x00000007157c45a8}: 'java.lang.Object java.lang.invoke.Invokers$Holder.invokeExact_MT(java.lang.Object, java.lang.Object, java.lang.Object, java.lang.Object, java.lang.Object)'> (0x00000007157c45a8) 
thrown [s\open\src\hotspot\share\interpreter\linkResolver.cpp, line 774]
Event: 0.098 Thread 0x00000190ac10daa0 Exception <a 'java/lang/NoSuchMethodError'{0x00000007154077f8}: 'void java.lang.invoke.DirectMethodHandle$Holder.invokeStatic(java.lang.Object, java.lang.Object)'> (0x00000007154077f8) 
thrown [s\open\src\hotspot\share\interpreter\linkResolver.cpp, line 774]
Event: 0.161 Thread 0x000001908407ece0 Exception <a 'java/lang/NullPointerException'{0x00000007152878b0}> (0x00000007152878b0) 
thrown [s\open\src\hotspot\share\interpreter\linkResolver.cpp, line 1374]
Event: 0.219 Thread 0x000001908407ece0 Exception <a 'java/lang/NullPointerException'{0x000000071506fc48}> (0x000000071506fc48) 
thrown [s\open\src\hotspot\share\interpreter\linkResolver.cpp, line 1374]
Event: 0.219 Thread 0x000001908407ece0 Exception <a 'java/lang/NullPointerException'{0x000000071506ff28}> (0x000000071506ff28) 
thrown [s\open\src\hotspot\share\interpreter\linkResolver.cpp, line 1374]
Event: 0.219 Thread 0x000001908407ece0 Exception <a 'java/lang/NullPointerException'{0x0000000715070208}> (0x0000000715070208) 
thrown [s\open\src\hotspot\share\interpreter\linkResolver.cpp, line 1374]
Event: 0.220 Thread 0x000001908407ece0 Exception <a 'java/lang/NullPointerException'{0x00000007150754e8}> (0x00000007150754e8) 
thrown [s\open\src\hotspot\share\interpreter\linkResolver.cpp, line 1374]
Event: 0.221 Thread 0x000001908407ece0 Exception <a 'java/lang/NullPointerException'{0x0000000715088a50}> (0x0000000715088a50) 
thrown [s\open\src\hotspot\share\interpreter\linkResolver.cpp, line 1374]
Event: 0.221 Thread 0x000001908407ece0 Exception <a 'java/lang/NullPointerException'{0x0000000715088d30}> (0x0000000715088d30) 
thrown [s\open\src\hotspot\share\interpreter\linkResolver.cpp, line 1374]
Event: 0.221 Thread 0x000001908407ece0 Exception <a 'java/lang/NullPointerException'{0x0000000715089010}> (0x0000000715089010) 
thrown [s\open\src\hotspot\share\interpreter\linkResolver.cpp, line 1374]
Event: 0.221 Thread 0x000001908407ece0 Exception <a 'java/lang/NullPointerException'{0x00000007150892f0}> (0x00000007150892f0) 
thrown [s\open\src\hotspot\share\interpreter\linkResolver.cpp, line 1374]
Event: 0.436 Thread 0x000001908407ece0 Exception <a 'java/lang/NoSuchMethodError'{0x00000007146b9108}: 'java.lang.Object java.lang.invoke.DirectMethodHandle$Holder.newInvokeSpecial(java.lang.Object, java.lang.Object, java.lang.Object, java.lang.Object, java.lang.Object)'> (0x00000007146b9108) 
thrown [s\open\src\hotspot\share\interpreter\linkResolver.cpp, line 774]
Event: 0.461 Thread 0x000001908407ece0 Exception <a 'java/lang/NoClassDefFoundError'{0x00000007144139e8}: javax/enterprise/inject/Typed> (0x00000007144139e8) 
thrown [s\open\src\hotspot\share\classfile\systemDictionary.cpp, line 244]

VM Operations (14 events):
Event: 0.053 Executing VM operation: HandshakeAllThreads
Event: 0.053 Executing VM operation: HandshakeAllThreads done
Event: 0.092 Executing VM operation: HandshakeAllThreads
Event: 0.092 Executing VM operation: HandshakeAllThreads done
Event: 0.160 Executing VM operation: HandshakeAllThreads
Event: 0.160 Executing VM operation: HandshakeAllThreads done
Event: 0.165 Executing VM operation: HandshakeAllThreads
Event: 0.165 Executing VM operation: HandshakeAllThreads done
Event: 0.462 Executing VM operation: ICBufferFull
Event: 0.463 Executing VM operation: ICBufferFull done
Event: 0.485 Executing VM operation: G1CollectForAllocation
Event: 0.488 Executing VM operation: G1CollectForAllocation done
Event: 0.488 Executing VM operation: HandshakeAllThreads
Event: 0.488 Executing VM operation: HandshakeAllThreads done

Events (20 events):
Event: 0.028 Thread 0x00000190a7cea570 Thread added: 0x00000190a7cea570
Event: 0.028 Thread 0x00000190a7ce5980 Thread added: 0x00000190a7ce5980
Event: 0.028 Thread 0x00000190a7cecfb0 Thread added: 0x00000190a7cecfb0
Event: 0.028 Thread 0x00000190a7ced8e0 Thread added: 0x00000190a7ced8e0
Event: 0.028 Thread 0x00000190a7cf1a40 Thread added: 0x00000190a7cf1a40
Event: 0.028 Thread 0x00000190ac020090 Thread added: 0x00000190ac020090
Event: 0.029 Thread 0x00000190ac020e10 Thread added: 0x00000190ac020e10
Event: 0.046 Thread 0x00000190ac10c560 Thread added: 0x00000190ac10c560
Event: 0.053 Thread 0x00000190ac0d2180 Thread added: 0x00000190ac0d2180
Event: 0.054 Thread 0x00000190ac115410 Thread added: 0x00000190ac115410
Event: 0.090 Thread 0x00000190ac10daa0 Thread added: 0x00000190ac10daa0
Event: 0.090 Thread 0x00000190ac10d550 Thread added: 0x00000190ac10d550
Event: 0.208 Thread 0x00000190ac2443f0 Thread added: 0x00000190ac2443f0
Event: 0.304 Thread 0x00000190ac67a980 Thread added: 0x00000190ac67a980
Event: 0.470 Thread 0x00000190ac789710 Thread added: 0x00000190ac789710
Event: 0.481 Thread 0x00000190acbfe560 Thread added: 0x00000190acbfe560
Event: 0.481 Thread 0x00000190acbfdfa0 Thread added: 0x00000190acbfdfa0
Event: 0.489 Thread 0x00000190ad086da0 Thread added: 0x00000190ad086da0
Event: 0.489 Thread 0x00000190ad07b6a0 Thread added: 0x00000190ad07b6a0
Event: 0.489 Thread 0x00000190acbcf3e0 Thread added: 0x00000190acbcf3e0


Dynamic libraries:
0x00007ff65b850000 - 0x00007ff65b860000 	C:\Program Files\Java\jdk-19\bin\java.exe
0x00007ffd6b990000 - 0x00007ffd6bba7000 	C:\WINDOWS\SYSTEM32\ntdll.dll
0x00007ffd6a2a0000 - 0x00007ffd6a364000 	C:\WINDOWS\System32\KERNEL32.DLL
0x00007ffd68c80000 - 0x00007ffd6902d000 	C:\WINDOWS\System32\KERNELBASE.dll
0x00007ffd691b0000 - 0x00007ffd692c1000 	C:\WINDOWS\System32\ucrtbase.dll
0x00007ffd566d0000 - 0x00007ffd566eb000 	C:\Program Files\Java\jdk-19\bin\VCRUNTIME140.dll
0x00007ffd562f0000 - 0x00007ffd56308000 	C:\Program Files\Java\jdk-19\bin\jli.dll
0x00007ffd69a70000 - 0x00007ffd69b22000 	C:\WINDOWS\System32\ADVAPI32.dll
0x00007ffd6ad30000 - 0x00007ffd6add7000 	C:\WINDOWS\System32\msvcrt.dll
0x00007ffd69dd0000 - 0x00007ffd69e79000 	C:\WINDOWS\System32\sechost.dll
0x00007ffd69060000 - 0x00007ffd69088000 	C:\WINDOWS\System32\bcrypt.dll
0x00007ffd69ca0000 - 0x00007ffd69db4000 	C:\WINDOWS\System32\RPCRT4.dll
0x00007ffd696a0000 - 0x00007ffd6984e000 	C:\WINDOWS\System32\USER32.dll
0x00007ffd69030000 - 0x00007ffd69056000 	C:\WINDOWS\System32\win32u.dll
0x00007ffd56e50000 - 0x00007ffd570e3000 	C:\WINDOWS\WinSxS\amd64_microsoft.windows.common-controls_6595b64144ccf1df_6.0.22621.3672_none_2713b9d173822955\COMCTL32.dll
0x00007ffd6b080000 - 0x00007ffd6b0a9000 	C:\WINDOWS\System32\GDI32.dll
0x00007ffd69090000 - 0x00007ffd691a9000 	C:\WINDOWS\System32\gdi32full.dll
0x00007ffd692d0000 - 0x00007ffd6936a000 	C:\WINDOWS\System32\msvcp_win.dll
0x00007ffd60530000 - 0x00007ffd6053a000 	C:\WINDOWS\SYSTEM32\VERSION.dll
0x00007ffd6a1b0000 - 0x00007ffd6a1e1000 	C:\WINDOWS\System32\IMM32.DLL
0x00007ffd57620000 - 0x00007ffd5762c000 	C:\Program Files\Java\jdk-19\bin\vcruntime140_1.dll
0x00007ffd408f0000 - 0x00007ffd4097e000 	C:\Program Files\Java\jdk-19\bin\msvcp140.dll
0x00007ffcd6170000 - 0x00007ffcd6e30000 	C:\Program Files\Java\jdk-19\bin\server\jvm.dll
0x00007ffd60b80000 - 0x00007ffd60bb4000 	C:\WINDOWS\SYSTEM32\WINMM.dll
0x00007ffd656a0000 - 0x00007ffd656a9000 	C:\WINDOWS\SYSTEM32\WSOCK32.dll
0x00007ffd699e0000 - 0x00007ffd69a51000 	C:\WINDOWS\System32\WS2_32.dll
0x00007ffd67dc0000 - 0x00007ffd67dd8000 	C:\WINDOWS\SYSTEM32\kernel.appcore.dll
0x00007ffd566c0000 - 0x00007ffd566ca000 	C:\Program Files\Java\jdk-19\bin\jimage.dll
0x00007ffd66310000 - 0x00007ffd66542000 	C:\WINDOWS\SYSTEM32\DBGHELP.DLL
0x00007ffd6a390000 - 0x00007ffd6a71e000 	C:\WINDOWS\System32\combase.dll
0x00007ffd6afa0000 - 0x00007ffd6b077000 	C:\WINDOWS\System32\OLEAUT32.dll
0x00007ffd54c10000 - 0x00007ffd54c42000 	C:\WINDOWS\SYSTEM32\dbgcore.DLL
0x00007ffd69610000 - 0x00007ffd6968b000 	C:\WINDOWS\System32\bcryptPrimitives.dll
0x00007ffd4f510000 - 0x00007ffd4f51e000 	C:\Program Files\Java\jdk-19\bin\instrument.dll
0x00007ffd55380000 - 0x00007ffd553a6000 	C:\Program Files\Java\jdk-19\bin\java.dll
0x00007ffd3fdb0000 - 0x00007ffd3fe87000 	C:\Program Files\Java\jdk-19\bin\jsvml.dll
0x00007ffd6b0b0000 - 0x00007ffd6b917000 	C:\WINDOWS\System32\SHELL32.dll
0x00007ffd66bc0000 - 0x00007ffd674bf000 	C:\WINDOWS\SYSTEM32\windows.storage.dll
0x00007ffd66a80000 - 0x00007ffd66bbf000 	C:\WINDOWS\SYSTEM32\wintypes.dll
0x00007ffd698e0000 - 0x00007ffd699d9000 	C:\WINDOWS\System32\SHCORE.dll
0x00007ffd6a720000 - 0x00007ffd6a77e000 	C:\WINDOWS\System32\shlwapi.dll
0x00007ffd68bb0000 - 0x00007ffd68bd7000 	C:\WINDOWS\SYSTEM32\profapi.dll
0x00007ffd4f5d0000 - 0x00007ffd4f5e8000 	C:\Program Files\Java\jdk-19\bin\zip.dll
0x00007ffd55500000 - 0x00007ffd55513000 	C:\Program Files\Java\jdk-19\bin\net.dll
0x00007ffd64490000 - 0x00007ffd645c6000 	C:\WINDOWS\SYSTEM32\WINHTTP.dll
0x00007ffd68230000 - 0x00007ffd68299000 	C:\WINDOWS\system32\mswsock.dll
0x00007ffd4f760000 - 0x00007ffd4f776000 	C:\Program Files\Java\jdk-19\bin\nio.dll
0x00007ffd4b020000 - 0x00007ffd4b03a000 	C:\Program Files\JetBrains\IntelliJ IDEA 2022.1.2\bin\breakgen64.dll
0x00007ffd562e0000 - 0x00007ffd562e8000 	C:\Program Files\Java\jdk-19\bin\extnet.dll
0x0000000069ac0000 - 0x0000000069ae4000 	C:\Users\99293\AppData\Local\Temp\jansi-2.4.0-acfe7f043673cbbd-jansi.dll
0x00007ffd55d70000 - 0x00007ffd55d80000 	C:\Program Files\Java\jdk-19\bin\verify.dll

dbghelp: loaded successfully - version: 4.0.5 - missing functions: none
symbol engine: initialized successfully - sym options: 0x614 - pdb path: .;C:\Program Files\Java\jdk-19\bin;C:\WINDOWS\SYSTEM32;C:\WINDOWS\WinSxS\amd64_microsoft.windows.common-controls_6595b64144ccf1df_6.0.22621.3672_none_2713b9d173822955;C:\Program Files\Java\jdk-19\bin\server;C:\Program Files\JetBrains\IntelliJ IDEA 2022.1.2\bin;C:\Users\99293\AppData\Local\Temp

VM Arguments:
jvm_args: -Dmaven.multiModuleProjectDirectory=D:\unitedStates duplicates original -Dmaven.home=C:\Users\99293\.m2\wrapper\dists\apache-maven-3.8.6-bin\1ks0nkde5v1pk9vtc31i9d0lcd\apache-maven-3.8.6 -Dclassworlds.conf=C:\Users\99293\.m2\wrapper\dists\apache-maven-3.8.6-bin\1ks0nkde5v1pk9vtc31i9d0lcd\apache-maven-3.8.6\bin\m2.conf -Dmaven.ext.class.path=C:\Program Files\JetBrains\IntelliJ IDEA 2022.1.2\plugins\maven\lib\maven-event-listener.jar -javaagent:C:\Program Files\JetBrains\IntelliJ IDEA 2022.1.2\lib\idea_rt.jar=64865:C:\Program Files\JetBrains\IntelliJ IDEA 2022.1.2\bin -Dfile.encoding=UTF-8 
java_command: org.codehaus.classworlds.Launcher -Didea.version=2022.1.2 clean
java_class_path (initial): C:\Users\99293\.m2\wrapper\dists\apache-maven-3.8.6-bin\1ks0nkde5v1pk9vtc31i9d0lcd\apache-maven-3.8.6\boot\plexus-classworlds-2.6.0.jar;C:\Users\99293\.m2\wrapper\dists\apache-maven-3.8.6-bin\1ks0nkde5v1pk9vtc31i9d0lcd\apache-maven-3.8.6\boot\plexus-classworlds.license
Launcher Type: SUN_STANDARD

[Global flags]
     intx CICompilerCount                          = 12                                        {product} {ergonomic}
     uint ConcGCThreads                            = 3                                         {product} {ergonomic}
     uint G1ConcRefinementThreads                  = 13                                        {product} {ergonomic}
   size_t G1HeapRegionSize                         = 2097152                                   {product} {ergonomic}
    uintx GCDrainStackTargetSize                   = 64                                        {product} {ergonomic}
   size_t InitialHeapSize                          = 264241152                                 {product} {ergonomic}
   size_t MarkStackSize                            = 4194304                                   {product} {ergonomic}
   size_t MaxHeapSize                              = 4196401152                                {product} {ergonomic}
   size_t MaxNewSize                               = 2516582400                                {product} {ergonomic}
   size_t MinHeapDeltaBytes                        = 2097152                                   {product} {ergonomic}
   size_t MinHeapSize                              = 8388608                                   {product} {ergonomic}
    uintx NonNMethodCodeHeapSize                   = 7602480                                {pd product} {ergonomic}
    uintx NonProfiledCodeHeapSize                  = 122027880                              {pd product} {ergonomic}
    uintx ProfiledCodeHeapSize                     = 122027880                              {pd product} {ergonomic}
    uintx ReservedCodeCacheSize                    = 251658240                              {pd product} {ergonomic}
     bool SegmentedCodeCache                       = true                                      {product} {ergonomic}
   size_t SoftMaxHeapSize                          = 4196401152                             {manageable} {ergonomic}
     bool UseCompressedClassPointers               = true                           {product lp64_product} {ergonomic}
     bool UseCompressedOops                        = true                           {product lp64_product} {ergonomic}
     bool UseG1GC                                  = true                                      {product} {ergonomic}
     bool UseLargePagesIndividualAllocation        = false                                  {pd product} {ergonomic}

Logging:
Log output configuration:
 #0: stdout all=warning uptime,level,tags foldmultilines=false
 #1: stderr all=off uptime,level,tags foldmultilines=false

Environment Variables:
JAVA_HOME=C:\Program Files\Java\jdk-19
PATH=C:\Program Files\Common Files\Oracle\Java\javapath;C:\Windows\system32;C:\Windows;C:\Windows\System32\Wbem;C:\Windows\System32\WindowsPowerShell\v1.0\;C:\Windows\System32\OpenSSH\;C:\Program Files (x86)\NVIDIA Corporation\PhysX\Common;C:\Program Files\NVIDIA Corporation\NVIDIA NvDLISR;C:\Program Files\Git\cmd;C:\Program Files (x86)\dotnet\;C:\WINDOWS\system32;C:\WINDOWS;C:\WINDOWS\System32\Wbem;C:\WINDOWS\System32\WindowsPowerShell\v1.0\;C:\WINDOWS\System32\OpenSSH\;C:\Program Files\Java\jdk-19\bin;C:\Users\99293\AppData\Local\Programs\Python\Python311\Scripts\;C:\Users\99293\AppData\Local\Programs\Python\Python311\;C:\Users\99293\AppData\Local\Microsoft\WindowsApps;;C:\Program Files\JetBrains\IntelliJ IDEA 2022.1.2\bin;;C:\Program Files\heroku\bin
USERNAME=ASUS
OS=Windows_NT
PROCESSOR_IDENTIFIER=Intel64 Family 6 Model 154 Stepping 3, GenuineIntel
TMP=C:\Users\99293\AppData\Local\Temp
TEMP=C:\Users\99293\AppData\Local\Temp



---------------  S Y S T E M  ---------------

OS:
 Windows 11 , 64 bit Build 22621 (10.0.22621.3958)
OS uptime: 1 days 23:36 hours
Hyper-V role detected

CPU: total 16 (initial active 16) (8 cores per cpu, 2 threads per core) family 6 model 154 stepping 3 microcode 0x41c, cx8, cmov, fxsr, ht, mmx, 3dnowpref, sse, sse2, sse3, ssse3, sse4.1, sse4.2, popcnt, lzcnt, tsc, tscinvbit, avx, avx2, aes, erms, clmul, bmi1, bmi2, adx, sha, fma, vzeroupper, clflush, clflushopt, clwb, hv, serialize, rdtscp, rdpid, fsrm

Memory: 4k page, system-wide physical 16005M (2173M free)
TotalPageFile size 18053M (AvailPageFile size 6M)
current process WorkingSet (physical memory assigned to process): 104M, peak: 107M
current process commit charge ("private bytes"): 394M, peak: 397M

vm_info: Java HotSpot(TM) 64-Bit Server VM (19.0.2+7-44) for windows-amd64 JRE (19.0.2+7-44), built on 2022-11-30T18:02:09Z by "mach5one" with MS VC++ 17.1 (VS2022)

END.
