#
# There is insufficient memory for the Java Runtime Environment to continue.
# Native memory allocation (mmap) failed to map 4128768 bytes for G1 virtual space
# Possible reasons:
#   The system is out of physical RAM or swap space
#   The process is running with CompressedOops enabled, and the Java Heap may be blocking the growth of the native heap
# Possible solutions:
#   Reduce memory load on the system
#   Increase physical memory or swap space
#   Check if swap backing store is full
#   Decrease Java heap size (-Xmx/-Xms)
#   Decrease number of Java threads
#   Decrease Java thread stack sizes (-Xss)
#   Set larger code cache with -XX:ReservedCodeCacheSize=
#   JVM is running with Zero Based Compressed Oops mode in which the Java heap is
#     placed in the first 32GB address space. The Java Heap base address is the
#     maximum limit for the native heap growth. Please use -XX:HeapBaseMinAddress
#     to set the Java Heap base and to place the Java Heap above 32GB virtual address.
# This output file may be truncated or incomplete.
#
#  Out of Memory Error (os_windows.cpp:3536), pid=23696, tid=15488
#
# JRE version:  (19.0.2+7) (build )
# Java VM: Java HotSpot(TM) 64-Bit Server VM (19.0.2+7-44, mixed mode, sharing, tiered, compressed oops, compressed class ptrs, g1 gc, windows-amd64)
# No core dump will be written. Minidumps are not enabled by default on client versions of Windows
#

---------------  S U M M A R Y ------------

Command Line: C:\Users\99293\AppData\Local\Temp\surefire1574613144799509552\surefirebooter13497588855694743520.jar C:\Users\99293\AppData\Local\Temp\surefire1574613144799509552 2024-03-26T17-02-51_242-jvmRun1 surefire15072072746649773561tmp surefire_010637220860888136050tmp

Host: 12th Gen Intel(R) Core(TM) i7-12650H, 16 cores, 15G,  Windows 11 , 64 bit Build 22621 (10.0.22621.3235)
Time: Tue Mar 26 17:02:51 2024  Windows 11 , 64 bit Build 22621 (10.0.22621.3235) elapsed time: 0.007935 seconds (0d 0h 0m 0s)

---------------  T H R E A D  ---------------

Current thread (0x0000026b351ce3f0):  JavaThread "Unknown thread" [_thread_in_vm, id=15488, stack(0x000000cef2f00000,0x000000cef3000000)]

Stack: [0x000000cef2f00000,0x000000cef3000000]
Native frames: (J=compiled Java code, j=interpreted, Vv=VM code, C=native code)
V  [jvm.dll+0x6ee21a]
V  [jvm.dll+0x85765e]
V  [jvm.dll+0x85904e]
V  [jvm.dll+0x859703]
V  [jvm.dll+0x28298f]
V  [jvm.dll+0x6eb009]
V  [jvm.dll+0x6dfbaa]
V  [jvm.dll+0x3573f6]
V  [jvm.dll+0x35ee56]
V  [jvm.dll+0x3b5448]
V  [jvm.dll+0x3b564f]
V  [jvm.dll+0x32c9ea]
V  [jvm.dll+0x32d89e]
V  [jvm.dll+0x821780]
V  [jvm.dll+0x3c2661]
V  [jvm.dll+0x801f51]
V  [jvm.dll+0x44ae8f]
V  [jvm.dll+0x44c811]
C  [jli.dll+0x5287]
C  [ucrtbase.dll+0x29363]
C  [KERNEL32.DLL+0x1257d]
C  [ntdll.dll+0x5aa58]


---------------  P R O C E S S  ---------------

Threads class SMR info:
_java_thread_list=0x00007ffa862ad048, length=0, elements={
}

Java Threads: ( => current thread )

Other Threads:
  0x0000026b35241ab0 WorkerThread "GC Thread#0" [stack: 0x000000cef3000000,0x000000cef3100000] [id=22560]
  0x0000026b352524c0 ConcurrentGCThread "G1 Main Marker" [stack: 0x000000cef3100000,0x000000cef3200000] [id=10300]
  0x0000026b35253e00 WorkerThread "G1 Conc#0" [stack: 0x000000cef3200000,0x000000cef3300000] [id=22836]

[error occurred during error reporting (printing all threads), id 0xc0000005, EXCEPTION_ACCESS_VIOLATION (0xc0000005) at pc=0x00007ffa85a6d427]

VM state: not at safepoint (not fully initialized)

VM Mutex/Monitor currently owned by a thread:  ([mutex/lock_event])
[0x0000026b351c8bb0] Heap_lock - owner thread: 0x0000026b351ce3f0

Heap address: 0x0000000705e00000, size: 4002 MB, Compressed Oops mode: Zero based, Oop shift amount: 3

CDS archive(s) mapped at: [0x0000000000000000-0x0000000000000000-0x0000000000000000), size 0, SharedBaseAddress: 0x0000000800000000, ArchiveRelocationMode: 0.
Narrow klass base: 0x0000000000000000, Narrow klass shift: 0, Narrow klass range: 0x0

GC Precious Log:
 CardTable entry size: 512
 Card Set container configuration: InlinePtr #cards 4 size 8 Array Of Cards #cards 16 size 48 Howl #buckets 8 coarsen threshold 3686 Howl Bitmap #cards 512 size 80 coarsen threshold 460 Card regions per heap region 1 cards per card region 4096

Heap:
 garbage-first heap   total 0K, used 0K [0x0000000705e00000, 0x0000000800000000)
  region size 2048K, 0 young (0K), 0 survivors (0K)

[error occurred during error reporting (printing heap information), id 0xc0000005, EXCEPTION_ACCESS_VIOLATION (0xc0000005) at pc=0x00007ffa85e76649]

GC Heap History (0 events):
No events

Dll operation events (1 events):
Event: 0.004 Loaded shared library C:\Program Files\Java\jdk-19\bin\java.dll

Deoptimization events (0 events):
No events

Classes loaded (0 events):
No events

Classes unloaded (0 events):
No events

Classes redefined (0 events):
No events

Internal exceptions (0 events):
No events

VM Operations (0 events):
No events

Events (0 events):
No events


Dynamic libraries:
0x00007ff75c830000 - 0x00007ff75c840000 	C:\Program Files\Java\jdk-19\bin\java.exe
0x00007ffb01170000 - 0x00007ffb01386000 	C:\WINDOWS\SYSTEM32\ntdll.dll
0x00007ffaff6a0000 - 0x00007ffaff764000 	C:\WINDOWS\System32\KERNEL32.DLL
0x00007ffafe6b0000 - 0x00007ffafea56000 	C:\WINDOWS\System32\KERNELBASE.dll
0x00007ffafecf0000 - 0x00007ffafee01000 	C:\WINDOWS\System32\ucrtbase.dll
0x00007ffaf6630000 - 0x00007ffaf6648000 	C:\Program Files\Java\jdk-19\bin\jli.dll
0x00007ffaf6150000 - 0x00007ffaf616b000 	C:\Program Files\Java\jdk-19\bin\VCRUNTIME140.dll
0x00007ffaffe70000 - 0x00007ffafff22000 	C:\WINDOWS\System32\ADVAPI32.dll
0x00007ffaff7a0000 - 0x00007ffaff847000 	C:\WINDOWS\System32\msvcrt.dll
0x00007ffb00180000 - 0x00007ffb00228000 	C:\WINDOWS\System32\sechost.dll
0x00007ffafecc0000 - 0x00007ffafece8000 	C:\WINDOWS\System32\bcrypt.dll
0x00007ffafeed0000 - 0x00007ffafefe5000 	C:\WINDOWS\System32\RPCRT4.dll
0x00007ffaff850000 - 0x00007ffaff9fd000 	C:\WINDOWS\System32\USER32.dll
0x00007ffafebf0000 - 0x00007ffafec16000 	C:\WINDOWS\System32\win32u.dll
0x00007ffae6c90000 - 0x00007ffae6f23000 	C:\WINDOWS\WinSxS\amd64_microsoft.windows.common-controls_6595b64144ccf1df_6.0.22621.3235_none_270f74e173860f98\COMCTL32.dll
0x00007ffaff100000 - 0x00007ffaff129000 	C:\WINDOWS\System32\GDI32.dll
0x00007ffafea60000 - 0x00007ffafeb78000 	C:\WINDOWS\System32\gdi32full.dll
0x00007ffafec20000 - 0x00007ffafecba000 	C:\WINDOWS\System32\msvcp_win.dll
0x00007ffaf4e40000 - 0x00007ffaf4e4a000 	C:\WINDOWS\SYSTEM32\VERSION.dll
0x00007ffafee90000 - 0x00007ffafeec1000 	C:\WINDOWS\System32\IMM32.DLL
0x00007ffaf9380000 - 0x00007ffaf938c000 	C:\Program Files\Java\jdk-19\bin\vcruntime140_1.dll
0x00007ffacf700000 - 0x00007ffacf78e000 	C:\Program Files\Java\jdk-19\bin\msvcp140.dll
0x00007ffa85730000 - 0x00007ffa863f0000 	C:\Program Files\Java\jdk-19\bin\server\jvm.dll
0x00007ffaf94b0000 - 0x00007ffaf94b9000 	C:\WINDOWS\SYSTEM32\WSOCK32.dll
0x00007ffaf6570000 - 0x00007ffaf65a4000 	C:\WINDOWS\SYSTEM32\WINMM.dll
0x00007ffaff420000 - 0x00007ffaff491000 	C:\WINDOWS\System32\WS2_32.dll
0x00007ffafd5b0000 - 0x00007ffafd5c8000 	C:\WINDOWS\SYSTEM32\kernel.appcore.dll
0x00007ffaf6500000 - 0x00007ffaf650a000 	C:\Program Files\Java\jdk-19\bin\jimage.dll
0x00007ffafb800000 - 0x00007ffafba33000 	C:\WINDOWS\SYSTEM32\DBGHELP.DLL
0x00007ffaffae0000 - 0x00007ffaffe68000 	C:\WINDOWS\System32\combase.dll
0x00007ffaffa00000 - 0x00007ffaffad7000 	C:\WINDOWS\System32\OLEAUT32.dll
0x00007ffaf41c0000 - 0x00007ffaf41f2000 	C:\WINDOWS\SYSTEM32\dbgcore.DLL
0x00007ffafee10000 - 0x00007ffafee8a000 	C:\WINDOWS\System32\bcryptPrimitives.dll
0x00007ffaea920000 - 0x00007ffaea946000 	C:\Program Files\Java\jdk-19\bin\java.dll

dbghelp: loaded successfully - version: 4.0.5 - missing functions: none
symbol engine: initialized successfully - sym options: 0x614 - pdb path: .;C:\Program Files\Java\jdk-19\bin;C:\WINDOWS\SYSTEM32;C:\WINDOWS\WinSxS\amd64_microsoft.windows.common-controls_6595b64144ccf1df_6.0.22621.3235_none_270f74e173860f98;C:\Program Files\Java\jdk-19\bin\server

VM Arguments:
java_command: C:\Users\99293\AppData\Local\Temp\surefire1574613144799509552\surefirebooter13497588855694743520.jar C:\Users\99293\AppData\Local\Temp\surefire1574613144799509552 2024-03-26T17-02-51_242-jvmRun1 surefire15072072746649773561tmp surefire_010637220860888136050tmp
java_class_path (initial): C:\Users\99293\AppData\Local\Temp\surefire1574613144799509552\surefirebooter13497588855694743520.jar
Launcher Type: SUN_STANDARD

[Global flags]
     intx CICompilerCount                          = 12                                        {product} {ergonomic}
     uint ConcGCThreads                            = 3                                         {product} {ergonomic}
     uint G1ConcRefinementThreads                  = 13                                        {product} {ergonomic}
   size_t G1HeapRegionSize                         = 2097152                                   {product} {ergonomic}
    uintx GCDrainStackTargetSize                   = 64                                        {product} {ergonomic}
   size_t InitialHeapSize                          = 264241152                                 {product} {ergonomic}
   size_t MarkStackSize                            = 4194304                                   {product} {ergonomic}
   size_t MaxHeapSize                              = 4196401152                                {product} {ergonomic}
   size_t MinHeapDeltaBytes                        = 2097152                                   {product} {ergonomic}
   size_t MinHeapSize                              = 8388608                                   {product} {ergonomic}
    uintx NonNMethodCodeHeapSize                   = 7602480                                {pd product} {ergonomic}
    uintx NonProfiledCodeHeapSize                  = 122027880                              {pd product} {ergonomic}
    uintx ProfiledCodeHeapSize                     = 122027880                              {pd product} {ergonomic}
    uintx ReservedCodeCacheSize                    = 251658240                              {pd product} {ergonomic}
     bool SegmentedCodeCache                       = true                                      {product} {ergonomic}
   size_t SoftMaxHeapSize                          = 4196401152                             {manageable} {ergonomic}
     bool UseCompressedClassPointers               = true                           {product lp64_product} {ergonomic}
     bool UseCompressedOops                        = true                           {product lp64_product} {ergonomic}
     bool UseG1GC                                  = true                                      {product} {ergonomic}
     bool UseLargePagesIndividualAllocation        = false                                  {pd product} {ergonomic}

Logging:
Log output configuration:
 #0: stdout all=warning uptime,level,tags foldmultilines=false
 #1: stderr all=off uptime,level,tags foldmultilines=false

Environment Variables:
PATH=C:\Program Files\Common Files\Oracle\Java\javapath;C:\Windows\system32;C:\Windows;C:\Windows\System32\Wbem;C:\Windows\System32\WindowsPowerShell\v1.0\;C:\Windows\System32\OpenSSH\;C:\Program Files (x86)\NVIDIA Corporation\PhysX\Common;C:\Program Files\NVIDIA Corporation\NVIDIA NvDLISR;C:\Program Files\Git\cmd;C:\Program Files (x86)\dotnet\;%SystemRoot%\system32;%SystemRoot%;%SystemRoot%\System32\Wbem;%SYSTEMROOT%\System32\WindowsPowerShell\v1.0\;%SYSTEMROOT%\System32\OpenSSH\;C:\Users\99293\AppData\Local\Programs\Python\Python311\Scripts\;C:\Users\99293\AppData\Local\Programs\Python\Python311\;C:\Users\99293\AppData\Local\Microsoft\WindowsApps;;C:\Program Files\JetBrains\IntelliJ IDEA 2022.1.2\bin;;C:\Program Files\heroku\bin
USERNAME=ASUS
OS=Windows_NT
PROCESSOR_IDENTIFIER=Intel64 Family 6 Model 154 Stepping 3, GenuineIntel
TMP=C:\Users\99293\AppData\Local\Temp
TEMP=C:\Users\99293\AppData\Local\Temp



---------------  S Y S T E M  ---------------

OS:
 Windows 11 , 64 bit Build 22621 (10.0.22621.3235)
OS uptime: 1 days 18:07 hours
Hyper-V role detected

CPU: total 16 (initial active 16) (8 cores per cpu, 2 threads per core) family 6 model 154 stepping 3 microcode 0x41c, cx8, cmov, fxsr, ht, mmx, 3dnowpref, sse, sse2, sse3, ssse3, sse4.1, sse4.2, popcnt, lzcnt, tsc, tscinvbit, avx, avx2, aes, erms, clmul, bmi1, bmi2, adx, sha, fma, vzeroupper, clflush, clflushopt, clwb, hv, serialize, rdtscp, rdpid, fsrm

Memory: 4k page, system-wide physical 16005M (2445M free)
TotalPageFile size 18053M (AvailPageFile size 5M)
current process WorkingSet (physical memory assigned to process): 11M, peak: 11M
current process commit charge ("private bytes"): 327M, peak: 331M

vm_info: Java HotSpot(TM) 64-Bit Server VM (19.0.2+7-44) for windows-amd64 JRE (19.0.2+7-44), built on 2022-11-30T18:02:09Z by "mach5one" with MS VC++ 17.1 (VS2022)

END.
