#
# There is insufficient memory for the Java Runtime Environment to continue.
# Native memory allocation (malloc) failed to allocate 2031760 bytes for Chunk::new
# Possible reasons:
#   The system is out of physical RAM or swap space
#   The process is running with CompressedOops enabled, and the Java Heap may be blocking the growth of the native heap
# Possible solutions:
#   Reduce memory load on the system
#   Increase physical memory or swap space
#   Check if swap backing store is full
#   Decrease Java heap size (-Xmx/-Xms)
#   Decrease number of Java threads
#   Decrease Java thread stack sizes (-Xss)
#   Set larger code cache with -XX:ReservedCodeCacheSize=
#   JVM is running with Zero Based Compressed Oops mode in which the Java heap is
#     placed in the first 32GB address space. The Java Heap base address is the
#     maximum limit for the native heap growth. Please use -XX:HeapBaseMinAddress
#     to set the Java Heap base and to place the Java Heap above 32GB virtual address.
# This output file may be truncated or incomplete.
#
#  Out of Memory Error (arena.cpp:184), pid=22700, tid=23880
#
# JRE version: Java(TM) SE Runtime Environment (19.0.2+7) (build 19.0.2+7-44)
# Java VM: Java HotSpot(TM) 64-Bit Server VM (19.0.2+7-44, mixed mode, sharing, tiered, compressed oops, compressed class ptrs, g1 gc, windows-amd64)
# No core dump will be written. Minidumps are not enabled by default on client versions of Windows
#

---------------  S U M M A R Y ------------

Command Line: -Dmaven.multiModuleProjectDirectory=D:\unitedStates duplicates original -Dmaven.home=C:\Users\99293\.m2\wrapper\dists\apache-maven-3.8.6-bin\1ks0nkde5v1pk9vtc31i9d0lcd\apache-maven-3.8.6 -Dclassworlds.conf=C:\Users\99293\.m2\wrapper\dists\apache-maven-3.8.6-bin\1ks0nkde5v1pk9vtc31i9d0lcd\apache-maven-3.8.6\bin\m2.conf -Dmaven.ext.class.path=C:\Program Files\JetBrains\IntelliJ IDEA 2022.1.2\plugins\maven\lib\maven-event-listener.jar -javaagent:C:\Program Files\JetBrains\IntelliJ IDEA 2022.1.2\lib\idea_rt.jar=62885:C:\Program Files\JetBrains\IntelliJ IDEA 2022.1.2\bin -Dfile.encoding=UTF-8 org.codehaus.classworlds.Launcher -Didea.version=2022.1.2 package

Host: 12th Gen Intel(R) Core(TM) i7-12650H, 16 cores, 15G,  Windows 11 , 64 bit Build 22621 (10.0.22621.3958)
Time: Tue Sep 17 22:19:22 2024  Windows 11 , 64 bit Build 22621 (10.0.22621.3958) elapsed time: 7.174765 seconds (0d 0h 0m 7s)

---------------  T H R E A D  ---------------

Current thread (0x0000017bffa215e0):  JavaThread "C2 CompilerThread5" daemon [_thread_in_native, id=23880, stack(0x0000003b81c00000,0x0000003b81d00000)]


Current CompileTask:
C2:   7174 11522   !   4       lombok.core.AST::buildWithField0 (121 bytes)

Stack: [0x0000003b81c00000,0x0000003b81d00000]
Native frames: (J=compiled Java code, j=interpreted, Vv=VM code, C=native code)
V  [jvm.dll+0x6ee21a]
V  [jvm.dll+0x85765e]
V  [jvm.dll+0x85904e]
V  [jvm.dll+0x859703]
V  [jvm.dll+0x28298f]
V  [jvm.dll+0xc9adf]
V  [jvm.dll+0xc9e65]
V  [jvm.dll+0x3bca4c]
V  [jvm.dll+0x1ee29a]
V  [jvm.dll+0x24c52b]
V  [jvm.dll+0x24b781]
V  [jvm.dll+0x1d6ce1]
V  [jvm.dll+0x25b25a]
V  [jvm.dll+0x2596e8]
V  [jvm.dll+0x807588]
V  [jvm.dll+0x80125a]
V  [jvm.dll+0x6ecf0b]
C  [ucrtbase.dll+0x29333]
C  [KERNEL32.DLL+0x1257d]
C  [ntdll.dll+0x5af28]


---------------  P R O C E S S  ---------------

Threads class SMR info:
_java_thread_list=0x0000017b88c47530, length=23, elements={
0x0000017bdd3feca0, 0x0000017bff0fc420, 0x0000017bff0fd210, 0x0000017bff101660,
0x0000017bff1050b0, 0x0000017bff105d40, 0x0000017bff106670, 0x0000017bff10fc00,
0x0000017bff110570, 0x0000017bff116f10, 0x0000017bff2da370, 0x0000017bff30d390,
0x0000017bff355a30, 0x0000017bff3583d0, 0x0000017bff3f0030, 0x0000017bff3d95f0,
0x0000017bff84a5f0, 0x0000017bffa20530, 0x0000017bffa1eef0, 0x0000017bffa21b70,
0x0000017bffa215e0, 0x0000017bffa1e960, 0x0000017b88f452b0
}

Java Threads: ( => current thread )
  0x0000017bdd3feca0 JavaThread "main" [_thread_in_Java, id=19116, stack(0x0000003bffa00000,0x0000003bffb00000)]
  0x0000017bff0fc420 JavaThread "Reference Handler" daemon [_thread_blocked, id=384, stack(0x0000003b80100000,0x0000003b80200000)]
  0x0000017bff0fd210 JavaThread "Finalizer" daemon [_thread_blocked, id=9764, stack(0x0000003b80200000,0x0000003b80300000)]
  0x0000017bff101660 JavaThread "Signal Dispatcher" daemon [_thread_blocked, id=6112, stack(0x0000003b80300000,0x0000003b80400000)]
  0x0000017bff1050b0 JavaThread "Attach Listener" daemon [_thread_blocked, id=21144, stack(0x0000003b80400000,0x0000003b80500000)]
  0x0000017bff105d40 JavaThread "Service Thread" daemon [_thread_blocked, id=17320, stack(0x0000003b80500000,0x0000003b80600000)]
  0x0000017bff106670 JavaThread "Monitor Deflation Thread" daemon [_thread_blocked, id=4276, stack(0x0000003b80600000,0x0000003b80700000)]
  0x0000017bff10fc00 JavaThread "C2 CompilerThread0" daemon [_thread_in_native, id=6224, stack(0x0000003b80700000,0x0000003b80800000)]
  0x0000017bff110570 JavaThread "C1 CompilerThread0" daemon [_thread_blocked, id=18656, stack(0x0000003b80800000,0x0000003b80900000)]
  0x0000017bff116f10 JavaThread "Sweeper thread" daemon [_thread_blocked, id=18028, stack(0x0000003b80900000,0x0000003b80a00000)]
  0x0000017bff2da370 JavaThread "C1 CompilerThread1" daemon [_thread_blocked, id=9792, stack(0x0000003b80a00000,0x0000003b80b00000)]
  0x0000017bff30d390 JavaThread "Common-Cleaner" daemon [_thread_blocked, id=2328, stack(0x0000003b80b00000,0x0000003b80c00000)]
  0x0000017bff355a30 JavaThread "C1 CompilerThread2" daemon [_thread_blocked, id=3272, stack(0x0000003b80c00000,0x0000003b80d00000)]
  0x0000017bff3583d0 JavaThread "C1 CompilerThread3" daemon [_thread_blocked, id=5112, stack(0x0000003b80d00000,0x0000003b80e00000)]
  0x0000017bff3f0030 JavaThread "Monitor Ctrl-Break" daemon [_thread_in_native, id=6188, stack(0x0000003b80e00000,0x0000003b80f00000)]
  0x0000017bff3d95f0 JavaThread "Notification Thread" daemon [_thread_blocked, id=17432, stack(0x0000003b80f00000,0x0000003b81000000)]
  0x0000017bff84a5f0 JavaThread "C2 CompilerThread1" daemon [_thread_in_native, id=7080, stack(0x0000003b81100000,0x0000003b81200000)]
  0x0000017bffa20530 JavaThread "C2 CompilerThread2" daemon [_thread_in_native, id=17220, stack(0x0000003b81200000,0x0000003b81300000)]
  0x0000017bffa1eef0 JavaThread "C2 CompilerThread3" daemon [_thread_in_native, id=23972, stack(0x0000003b81300000,0x0000003b81400000)]
  0x0000017bffa21b70 JavaThread "C2 CompilerThread4" daemon [_thread_in_native, id=11836, stack(0x0000003b81400000,0x0000003b81500000)]
=>0x0000017bffa215e0 JavaThread "C2 CompilerThread5" daemon [_thread_in_native, id=23880, stack(0x0000003b81c00000,0x0000003b81d00000)]
  0x0000017bffa1e960 JavaThread "C2 CompilerThread6" daemon [_thread_in_native, id=14924, stack(0x0000003b82400000,0x0000003b82500000)]
  0x0000017b88f452b0 JavaThread "C2 CompilerThread7" daemon [_thread_in_native, id=264, stack(0x0000003b82500000,0x0000003b82600000)]

Other Threads:
  0x0000017bff0e2a60 VMThread "VM Thread" [stack: 0x0000003b80000000,0x0000003b80100000] [id=22316]
  0x0000017bff3dc7d0 WatcherThread "VM Periodic Task Thread" [stack: 0x0000003b81000000,0x0000003b81100000] [id=24020]
  0x0000017bdd471860 WorkerThread "GC Thread#0" [stack: 0x0000003bffb00000,0x0000003bffc00000] [id=10168]
  0x0000017bff69bb20 WorkerThread "GC Thread#1" [stack: 0x0000003b81500000,0x0000003b81600000] [id=10448]
  0x0000017bff69afe0 WorkerThread "GC Thread#2" [stack: 0x0000003b81600000,0x0000003b81700000] [id=11656]
  0x0000017bff69bdf0 WorkerThread "GC Thread#3" [stack: 0x0000003b81700000,0x0000003b81800000] [id=7272]
  0x0000017bff69ad10 WorkerThread "GC Thread#4" [stack: 0x0000003b81800000,0x0000003b81900000] [id=20584]
  0x0000017bff69c660 WorkerThread "GC Thread#5" [stack: 0x0000003b81900000,0x0000003b81a00000] [id=9576]
  0x0000017bff69b2b0 WorkerThread "GC Thread#6" [stack: 0x0000003b81a00000,0x0000003b81b00000] [id=16408]
  0x0000017bff69b580 WorkerThread "GC Thread#7" [stack: 0x0000003b81b00000,0x0000003b81c00000] [id=13100]
  0x0000017b863a7a20 WorkerThread "GC Thread#8" [stack: 0x0000003b81e00000,0x0000003b81f00000] [id=18388]
  0x0000017b863a5590 WorkerThread "GC Thread#9" [stack: 0x0000003b81f00000,0x0000003b82000000] [id=11116]
  0x0000017b863a4a50 WorkerThread "GC Thread#10" [stack: 0x0000003b82000000,0x0000003b82100000] [id=20420]
  0x0000017b863a7480 WorkerThread "GC Thread#11" [stack: 0x0000003b81d00000,0x0000003b81e00000] [id=440]
  0x0000017b863a4780 WorkerThread "GC Thread#12" [stack: 0x0000003b82100000,0x0000003b82200000] [id=9536]
  0x0000017bdd482370 ConcurrentGCThread "G1 Main Marker" [stack: 0x0000003bffc00000,0x0000003bffd00000] [id=24392]
  0x0000017bdd483540 WorkerThread "G1 Conc#0" [stack: 0x0000003bffd00000,0x0000003bffe00000] [id=5780]
  0x0000017b863a4d20 WorkerThread "G1 Conc#1" [stack: 0x0000003b82200000,0x0000003b82300000] [id=964]
  0x0000017b863a3f10 WorkerThread "G1 Conc#2" [stack: 0x0000003b82300000,0x0000003b82400000] [id=15524]
  0x0000017bfef9cee0 ConcurrentGCThread "G1 Refine#0" [stack: 0x0000003bffe00000,0x0000003bfff00000] [id=17584]
  0x0000017bfef9da20 ConcurrentGCThread "G1 Service" [stack: 0x0000003bfff00000,0x0000003c00000000] [id=388]

Threads with active compile tasks:
C2 CompilerThread0     7194 11531       4       lombok.javac.JavacAST::buildTree (176 bytes)
C2 CompilerThread1     7194 11544       4       lombok.core.AST::buildWithCollection (128 bytes)
C2 CompilerThread2     7194 11726       4       java.util.EnumMap$EntryIterator::next (43 bytes)
C2 CompilerThread3     7194 11515       4       lombok.core.AST::buildWithField (21 bytes)
C2 CompilerThread4     7194 11518       4       lombok.javac.JavacAST::buildStatementOrExpression (104 bytes)
C2 CompilerThread5     7194 11522   !   4       lombok.core.AST::buildWithField0 (121 bytes)
C2 CompilerThread6     7194 11519   !   4       lombok.javac.JavacAST::drill (146 bytes)
C2 CompilerThread7     7194 11632       4       lombok.javac.JavacAST::buildStatement (6 bytes)

VM state: not at safepoint (normal execution)

VM Mutex/Monitor currently owned by a thread: None

Heap address: 0x0000000705e00000, size: 4002 MB, Compressed Oops mode: Zero based, Oop shift amount: 3

CDS archive(s) mapped at: [0x0000000800000000-0x0000000800c40000-0x0000000800c40000), size 12845056, SharedBaseAddress: 0x0000000800000000, ArchiveRelocationMode: 0.
Compressed class space mapped at: 0x0000000801000000-0x0000000841000000, reserved size: 1073741824
Narrow klass base: 0x0000000800000000, Narrow klass shift: 0, Narrow klass range: 0x100000000

GC Precious Log:
 CardTable entry size: 512
 Card Set container configuration: InlinePtr #cards 4 size 8 Array Of Cards #cards 16 size 48 Howl #buckets 8 coarsen threshold 3686 Howl Bitmap #cards 512 size 80 coarsen threshold 460 Card regions per heap region 1 cards per card region 4096
 CPUs: 16 total, 16 available
 Memory: 16005M
 Large Page Support: Disabled
 NUMA Support: Disabled
 Compressed Oops: Enabled (Zero based)
 Heap Region Size: 2M
 Heap Min Capacity: 8M
 Heap Initial Capacity: 252M
 Heap Max Capacity: 4002M
 Pre-touch: Disabled
 Parallel Workers: 13
 Concurrent Workers: 3
 Concurrent Refinement Workers: 13
 Periodic GC: Disabled

Heap:
 garbage-first heap   total 256000K, used 99392K [0x0000000705e00000, 0x0000000800000000)
  region size 2048K, 6 young (12288K), 1 survivors (2048K)
 Metaspace       used 33847K, committed 34432K, reserved 1114112K
  class space    used 3452K, committed 3776K, reserved 1048576K

Heap Regions: E=young(eden), S=young(survivor), O=old, HS=humongous(starts), HC=humongous(continues), CS=collection set, F=free, OA=open archive, CA=closed archive, TAMS=top-at-mark-start (previous, next)
|   0|0x0000000705e00000, 0x0000000706000000, 0x0000000706000000|100%| O|  |TAMS 0x0000000706000000, 0x0000000705e00000| Untracked 
|   1|0x0000000706000000, 0x0000000706200000, 0x0000000706200000|100%| O|  |TAMS 0x0000000706000000, 0x0000000706000000| Untracked 
|   2|0x0000000706200000, 0x0000000706400000, 0x0000000706400000|100%| O|  |TAMS 0x0000000706200000, 0x0000000706200000| Untracked 
|   3|0x0000000706400000, 0x0000000706600000, 0x0000000706600000|100%| O|  |TAMS 0x0000000706400000, 0x0000000706400000| Untracked 
|   4|0x0000000706600000, 0x0000000706800000, 0x0000000706800000|100%| O|  |TAMS 0x0000000706600000, 0x0000000706600000| Untracked 
|   5|0x0000000706800000, 0x0000000706a00000, 0x0000000706a00000|100%| O|  |TAMS 0x0000000706800000, 0x0000000706800000| Untracked 
|   6|0x0000000706a00000, 0x0000000706c00000, 0x0000000706c00000|100%| O|  |TAMS 0x0000000706a00000, 0x0000000706a00000| Untracked 
|   7|0x0000000706c00000, 0x0000000706e00000, 0x0000000706e00000|100%| O|  |TAMS 0x0000000706c00000, 0x0000000706c00000| Untracked 
|   8|0x0000000706e00000, 0x0000000707000000, 0x0000000707000000|100%| O|  |TAMS 0x0000000706e00000, 0x0000000706e00000| Untracked 
|   9|0x0000000707000000, 0x0000000707200000, 0x0000000707200000|100%| O|  |TAMS 0x0000000707000000, 0x0000000707000000| Untracked 
|  10|0x0000000707200000, 0x0000000707400000, 0x0000000707400000|100%| O|  |TAMS 0x0000000707200000, 0x0000000707200000| Untracked 
|  11|0x0000000707400000, 0x0000000707600000, 0x0000000707600000|100%| O|  |TAMS 0x0000000707400000, 0x0000000707400000| Untracked 
|  12|0x0000000707600000, 0x0000000707800000, 0x0000000707800000|100%| O|  |TAMS 0x0000000707600000, 0x0000000707600000| Untracked 
|  13|0x0000000707800000, 0x0000000707a00000, 0x0000000707a00000|100%| O|  |TAMS 0x0000000707800000, 0x0000000707800000| Untracked 
|  14|0x0000000707a00000, 0x0000000707c00000, 0x0000000707c00000|100%| O|  |TAMS 0x0000000707a00000, 0x0000000707a00000| Untracked 
|  15|0x0000000707c00000, 0x0000000707e00000, 0x0000000707e00000|100%| O|  |TAMS 0x0000000707c00000, 0x0000000707c00000| Untracked 
|  16|0x0000000707e00000, 0x0000000708000000, 0x0000000708000000|100%| O|  |TAMS 0x0000000707e00000, 0x0000000707e00000| Untracked 
|  17|0x0000000708000000, 0x0000000708200000, 0x0000000708200000|100%| O|  |TAMS 0x0000000708000000, 0x0000000708000000| Untracked 
|  18|0x0000000708200000, 0x0000000708400000, 0x0000000708400000|100%| O|  |TAMS 0x0000000708200000, 0x0000000708200000| Untracked 
|  19|0x0000000708400000, 0x0000000708600000, 0x0000000708600000|100%| O|  |TAMS 0x0000000708400000, 0x0000000708400000| Untracked 
|  20|0x0000000708600000, 0x0000000708800000, 0x0000000708800000|100%| O|  |TAMS 0x0000000708600000, 0x0000000708600000| Untracked 
|  21|0x0000000708800000, 0x0000000708a00000, 0x0000000708a00000|100%| O|  |TAMS 0x0000000708800000, 0x0000000708800000| Untracked 
|  22|0x0000000708a00000, 0x0000000708c00000, 0x0000000708c00000|100%| O|  |TAMS 0x0000000708a00000, 0x0000000708a00000| Untracked 
|  23|0x0000000708c00000, 0x0000000708e00000, 0x0000000708e00000|100%|HS|  |TAMS 0x0000000708c00000, 0x0000000708c00000| Complete 
|  24|0x0000000708e00000, 0x0000000709000000, 0x0000000709000000|100%|HC|  |TAMS 0x0000000708e00000, 0x0000000708e00000| Complete 
|  25|0x0000000709000000, 0x0000000709200000, 0x0000000709200000|100%| O|  |TAMS 0x0000000709000000, 0x0000000709000000| Untracked 
|  26|0x0000000709200000, 0x0000000709400000, 0x0000000709400000|100%| O|  |TAMS 0x0000000709200000, 0x0000000709200000| Untracked 
|  27|0x0000000709400000, 0x0000000709600000, 0x0000000709600000|100%| O|  |TAMS 0x0000000709400000, 0x0000000709400000| Untracked 
|  28|0x0000000709600000, 0x0000000709800000, 0x0000000709800000|100%| O|  |TAMS 0x0000000709600000, 0x0000000709600000| Untracked 
|  29|0x0000000709800000, 0x0000000709a00000, 0x0000000709a00000|100%| O|  |TAMS 0x0000000709800000, 0x0000000709800000| Untracked 
|  30|0x0000000709a00000, 0x0000000709c00000, 0x0000000709c00000|100%| O|  |TAMS 0x0000000709a00000, 0x0000000709a00000| Untracked 
|  31|0x0000000709c00000, 0x0000000709e00000, 0x0000000709e00000|100%| O|  |TAMS 0x0000000709c00000, 0x0000000709c00000| Untracked 
|  32|0x0000000709e00000, 0x000000070a000000, 0x000000070a000000|100%| O|  |TAMS 0x0000000709e00000, 0x0000000709e00000| Untracked 
|  33|0x000000070a000000, 0x000000070a200000, 0x000000070a200000|100%| O|  |TAMS 0x000000070a000000, 0x000000070a000000| Untracked 
|  34|0x000000070a200000, 0x000000070a400000, 0x000000070a400000|100%| O|  |TAMS 0x000000070a200000, 0x000000070a200000| Untracked 
|  35|0x000000070a400000, 0x000000070a600000, 0x000000070a600000|100%| O|  |TAMS 0x000000070a400000, 0x000000070a400000| Untracked 
|  36|0x000000070a600000, 0x000000070a800000, 0x000000070a800000|100%| O|  |TAMS 0x000000070a600000, 0x000000070a600000| Untracked 
|  37|0x000000070a800000, 0x000000070aa00000, 0x000000070aa00000|100%| O|  |TAMS 0x000000070a800000, 0x000000070a800000| Untracked 
|  38|0x000000070aa00000, 0x000000070ac00000, 0x000000070ac00000|100%| O|  |TAMS 0x000000070aa00000, 0x000000070aa00000| Untracked 
|  39|0x000000070ac00000, 0x000000070ae00000, 0x000000070ae00000|100%| O|  |TAMS 0x000000070ac00000, 0x000000070ac00000| Untracked 
|  40|0x000000070ae00000, 0x000000070afa5200, 0x000000070b000000| 82%| O|  |TAMS 0x000000070ae00000, 0x000000070ae00000| Untracked 
|  41|0x000000070b000000, 0x000000070b000000, 0x000000070b200000|  0%| F|  |TAMS 0x000000070b000000, 0x000000070b000000| Untracked 
|  42|0x000000070b200000, 0x000000070b200000, 0x000000070b400000|  0%| F|  |TAMS 0x000000070b200000, 0x000000070b200000| Untracked 
|  43|0x000000070b400000, 0x000000070b400000, 0x000000070b600000|  0%| F|  |TAMS 0x000000070b400000, 0x000000070b400000| Untracked 
|  44|0x000000070b600000, 0x000000070b600000, 0x000000070b800000|  0%| F|  |TAMS 0x000000070b600000, 0x000000070b600000| Untracked 
|  45|0x000000070b800000, 0x000000070b800000, 0x000000070ba00000|  0%| F|  |TAMS 0x000000070b800000, 0x000000070b800000| Untracked 
|  46|0x000000070ba00000, 0x000000070ba00000, 0x000000070bc00000|  0%| F|  |TAMS 0x000000070ba00000, 0x000000070ba00000| Untracked 
|  47|0x000000070bc00000, 0x000000070bc00000, 0x000000070be00000|  0%| F|  |TAMS 0x000000070bc00000, 0x000000070bc00000| Untracked 
|  48|0x000000070be00000, 0x000000070be00000, 0x000000070c000000|  0%| F|  |TAMS 0x000000070be00000, 0x000000070be00000| Untracked 
|  49|0x000000070c000000, 0x000000070c000000, 0x000000070c200000|  0%| F|  |TAMS 0x000000070c000000, 0x000000070c000000| Untracked 
|  50|0x000000070c200000, 0x000000070c200000, 0x000000070c400000|  0%| F|  |TAMS 0x000000070c200000, 0x000000070c200000| Untracked 
|  51|0x000000070c400000, 0x000000070c400000, 0x000000070c600000|  0%| F|  |TAMS 0x000000070c400000, 0x000000070c400000| Untracked 
|  52|0x000000070c600000, 0x000000070c600000, 0x000000070c800000|  0%| F|  |TAMS 0x000000070c600000, 0x000000070c600000| Untracked 
|  53|0x000000070c800000, 0x000000070c800000, 0x000000070ca00000|  0%| F|  |TAMS 0x000000070c800000, 0x000000070c800000| Untracked 
|  54|0x000000070ca00000, 0x000000070ca00000, 0x000000070cc00000|  0%| F|  |TAMS 0x000000070ca00000, 0x000000070ca00000| Untracked 
|  55|0x000000070cc00000, 0x000000070cc00000, 0x000000070ce00000|  0%| F|  |TAMS 0x000000070cc00000, 0x000000070cc00000| Untracked 
|  56|0x000000070ce00000, 0x000000070ce00000, 0x000000070d000000|  0%| F|  |TAMS 0x000000070ce00000, 0x000000070ce00000| Untracked 
|  57|0x000000070d000000, 0x000000070d000000, 0x000000070d200000|  0%| F|  |TAMS 0x000000070d000000, 0x000000070d000000| Untracked 
|  58|0x000000070d200000, 0x000000070d200000, 0x000000070d400000|  0%| F|  |TAMS 0x000000070d200000, 0x000000070d200000| Untracked 
|  59|0x000000070d400000, 0x000000070d400000, 0x000000070d600000|  0%| F|  |TAMS 0x000000070d400000, 0x000000070d400000| Untracked 
|  60|0x000000070d600000, 0x000000070d600000, 0x000000070d800000|  0%| F|  |TAMS 0x000000070d600000, 0x000000070d600000| Untracked 
|  61|0x000000070d800000, 0x000000070d800000, 0x000000070da00000|  0%| F|  |TAMS 0x000000070d800000, 0x000000070d800000| Untracked 
|  62|0x000000070da00000, 0x000000070da00000, 0x000000070dc00000|  0%| F|  |TAMS 0x000000070da00000, 0x000000070da00000| Untracked 
|  63|0x000000070dc00000, 0x000000070dc00000, 0x000000070de00000|  0%| F|  |TAMS 0x000000070dc00000, 0x000000070dc00000| Untracked 
|  64|0x000000070de00000, 0x000000070de00000, 0x000000070e000000|  0%| F|  |TAMS 0x000000070de00000, 0x000000070de00000| Untracked 
|  65|0x000000070e000000, 0x000000070e16b020, 0x000000070e200000| 70%| S|CS|TAMS 0x000000070e000000, 0x000000070e000000| Complete 
|  66|0x000000070e200000, 0x000000070e200000, 0x000000070e400000|  0%| F|  |TAMS 0x000000070e200000, 0x000000070e200000| Untracked 
|  67|0x000000070e400000, 0x000000070e400000, 0x000000070e600000|  0%| F|  |TAMS 0x000000070e400000, 0x000000070e400000| Untracked 
|  68|0x000000070e600000, 0x000000070e600000, 0x000000070e800000|  0%| F|  |TAMS 0x000000070e600000, 0x000000070e600000| Untracked 
|  69|0x000000070e800000, 0x000000070e800000, 0x000000070ea00000|  0%| F|  |TAMS 0x000000070e800000, 0x000000070e800000| Untracked 
|  70|0x000000070ea00000, 0x000000070ea00000, 0x000000070ec00000|  0%| F|  |TAMS 0x000000070ea00000, 0x000000070ea00000| Untracked 
|  71|0x000000070ec00000, 0x000000070ec00000, 0x000000070ee00000|  0%| F|  |TAMS 0x000000070ec00000, 0x000000070ec00000| Untracked 
|  72|0x000000070ee00000, 0x000000070ee00000, 0x000000070f000000|  0%| F|  |TAMS 0x000000070ee00000, 0x000000070ee00000| Untracked 
|  73|0x000000070f000000, 0x000000070f000000, 0x000000070f200000|  0%| F|  |TAMS 0x000000070f000000, 0x000000070f000000| Untracked 
|  74|0x000000070f200000, 0x000000070f200000, 0x000000070f400000|  0%| F|  |TAMS 0x000000070f200000, 0x000000070f200000| Untracked 
|  75|0x000000070f400000, 0x000000070f400000, 0x000000070f600000|  0%| F|  |TAMS 0x000000070f400000, 0x000000070f400000| Untracked 
|  76|0x000000070f600000, 0x000000070f600000, 0x000000070f800000|  0%| F|  |TAMS 0x000000070f600000, 0x000000070f600000| Untracked 
|  77|0x000000070f800000, 0x000000070f800000, 0x000000070fa00000|  0%| F|  |TAMS 0x000000070f800000, 0x000000070f800000| Untracked 
|  78|0x000000070fa00000, 0x000000070fa00000, 0x000000070fc00000|  0%| F|  |TAMS 0x000000070fa00000, 0x000000070fa00000| Untracked 
|  79|0x000000070fc00000, 0x000000070fc00000, 0x000000070fe00000|  0%| F|  |TAMS 0x000000070fc00000, 0x000000070fc00000| Untracked 
|  80|0x000000070fe00000, 0x000000070fe00000, 0x0000000710000000|  0%| F|  |TAMS 0x000000070fe00000, 0x000000070fe00000| Untracked 
|  81|0x0000000710000000, 0x0000000710000000, 0x0000000710200000|  0%| F|  |TAMS 0x0000000710000000, 0x0000000710000000| Untracked 
|  82|0x0000000710200000, 0x0000000710200000, 0x0000000710400000|  0%| F|  |TAMS 0x0000000710200000, 0x0000000710200000| Untracked 
|  83|0x0000000710400000, 0x0000000710400000, 0x0000000710600000|  0%| F|  |TAMS 0x0000000710400000, 0x0000000710400000| Untracked 
|  84|0x0000000710600000, 0x0000000710600000, 0x0000000710800000|  0%| F|  |TAMS 0x0000000710600000, 0x0000000710600000| Untracked 
|  85|0x0000000710800000, 0x0000000710800000, 0x0000000710a00000|  0%| F|  |TAMS 0x0000000710800000, 0x0000000710800000| Untracked 
|  86|0x0000000710a00000, 0x0000000710a00000, 0x0000000710c00000|  0%| F|  |TAMS 0x0000000710a00000, 0x0000000710a00000| Untracked 
|  87|0x0000000710c00000, 0x0000000710c00000, 0x0000000710e00000|  0%| F|  |TAMS 0x0000000710c00000, 0x0000000710c00000| Untracked 
|  88|0x0000000710e00000, 0x0000000710e00000, 0x0000000711000000|  0%| F|  |TAMS 0x0000000710e00000, 0x0000000710e00000| Untracked 
|  89|0x0000000711000000, 0x0000000711000000, 0x0000000711200000|  0%| F|  |TAMS 0x0000000711000000, 0x0000000711000000| Untracked 
|  90|0x0000000711200000, 0x0000000711200000, 0x0000000711400000|  0%| F|  |TAMS 0x0000000711200000, 0x0000000711200000| Untracked 
|  91|0x0000000711400000, 0x0000000711400000, 0x0000000711600000|  0%| F|  |TAMS 0x0000000711400000, 0x0000000711400000| Untracked 
|  92|0x0000000711600000, 0x0000000711600000, 0x0000000711800000|  0%| F|  |TAMS 0x0000000711600000, 0x0000000711600000| Untracked 
|  93|0x0000000711800000, 0x0000000711800000, 0x0000000711a00000|  0%| F|  |TAMS 0x0000000711800000, 0x0000000711800000| Untracked 
|  94|0x0000000711a00000, 0x0000000711a00000, 0x0000000711c00000|  0%| F|  |TAMS 0x0000000711a00000, 0x0000000711a00000| Untracked 
|  95|0x0000000711c00000, 0x0000000711c00000, 0x0000000711e00000|  0%| F|  |TAMS 0x0000000711c00000, 0x0000000711c00000| Untracked 
|  96|0x0000000711e00000, 0x0000000711e00000, 0x0000000712000000|  0%| F|  |TAMS 0x0000000711e00000, 0x0000000711e00000| Untracked 
|  97|0x0000000712000000, 0x0000000712000000, 0x0000000712200000|  0%| F|  |TAMS 0x0000000712000000, 0x0000000712000000| Untracked 
|  98|0x0000000712200000, 0x0000000712200000, 0x0000000712400000|  0%| F|  |TAMS 0x0000000712200000, 0x0000000712200000| Untracked 
|  99|0x0000000712400000, 0x0000000712400000, 0x0000000712600000|  0%| F|  |TAMS 0x0000000712400000, 0x0000000712400000| Untracked 
| 100|0x0000000712600000, 0x0000000712600000, 0x0000000712800000|  0%| F|  |TAMS 0x0000000712600000, 0x0000000712600000| Untracked 
| 101|0x0000000712800000, 0x0000000712800000, 0x0000000712a00000|  0%| F|  |TAMS 0x0000000712800000, 0x0000000712800000| Untracked 
| 102|0x0000000712a00000, 0x0000000712a00000, 0x0000000712c00000|  0%| F|  |TAMS 0x0000000712a00000, 0x0000000712a00000| Untracked 
| 103|0x0000000712c00000, 0x0000000712c00000, 0x0000000712e00000|  0%| F|  |TAMS 0x0000000712c00000, 0x0000000712c00000| Untracked 
| 104|0x0000000712e00000, 0x0000000712e00000, 0x0000000713000000|  0%| F|  |TAMS 0x0000000712e00000, 0x0000000712e00000| Untracked 
| 105|0x0000000713000000, 0x0000000713000000, 0x0000000713200000|  0%| F|  |TAMS 0x0000000713000000, 0x0000000713000000| Untracked 
| 106|0x0000000713200000, 0x0000000713200000, 0x0000000713400000|  0%| F|  |TAMS 0x0000000713200000, 0x0000000713200000| Untracked 
| 107|0x0000000713400000, 0x0000000713400000, 0x0000000713600000|  0%| F|  |TAMS 0x0000000713400000, 0x0000000713400000| Untracked 
| 108|0x0000000713600000, 0x0000000713600000, 0x0000000713800000|  0%| F|  |TAMS 0x0000000713600000, 0x0000000713600000| Untracked 
| 109|0x0000000713800000, 0x0000000713800000, 0x0000000713a00000|  0%| F|  |TAMS 0x0000000713800000, 0x0000000713800000| Untracked 
| 110|0x0000000713a00000, 0x0000000713a00000, 0x0000000713c00000|  0%| F|  |TAMS 0x0000000713a00000, 0x0000000713a00000| Untracked 
| 111|0x0000000713c00000, 0x0000000713c00000, 0x0000000713e00000|  0%| F|  |TAMS 0x0000000713c00000, 0x0000000713c00000| Untracked 
| 112|0x0000000713e00000, 0x0000000713e00000, 0x0000000714000000|  0%| F|  |TAMS 0x0000000713e00000, 0x0000000713e00000| Untracked 
| 113|0x0000000714000000, 0x0000000714000000, 0x0000000714200000|  0%| F|  |TAMS 0x0000000714000000, 0x0000000714000000| Untracked 
| 114|0x0000000714200000, 0x0000000714200000, 0x0000000714400000|  0%| F|  |TAMS 0x0000000714200000, 0x0000000714200000| Untracked 
| 115|0x0000000714400000, 0x0000000714400000, 0x0000000714600000|  0%| F|  |TAMS 0x0000000714400000, 0x0000000714400000| Untracked 
| 116|0x0000000714600000, 0x0000000714600000, 0x0000000714800000|  0%| F|  |TAMS 0x0000000714600000, 0x0000000714600000| Untracked 
| 117|0x0000000714800000, 0x0000000714920020, 0x0000000714a00000| 56%| E|  |TAMS 0x0000000714800000, 0x0000000714800000| Complete 
| 118|0x0000000714a00000, 0x0000000714c00000, 0x0000000714c00000|100%| E|CS|TAMS 0x0000000714a00000, 0x0000000714a00000| Complete 
| 119|0x0000000714c00000, 0x0000000714e00000, 0x0000000714e00000|100%| E|CS|TAMS 0x0000000714c00000, 0x0000000714c00000| Complete 
| 120|0x0000000714e00000, 0x0000000715000000, 0x0000000715000000|100%| E|CS|TAMS 0x0000000714e00000, 0x0000000714e00000| Complete 
| 125|0x0000000715800000, 0x0000000715a00000, 0x0000000715a00000|100%| E|CS|TAMS 0x0000000715800000, 0x0000000715800000| Complete 
|1998|0x00000007ffa00000, 0x00000007ffc00000, 0x00000007ffc00000|100%| O|  |TAMS 0x00000007ffa00000, 0x00000007ffa00000| Untracked 
|1999|0x00000007ffc00000, 0x00000007ffe00000, 0x00000007ffe00000|100%| O|  |TAMS 0x00000007ffc00000, 0x00000007ffc00000| Untracked 
|2000|0x00000007ffe00000, 0x0000000800000000, 0x0000000800000000|100%| O|  |TAMS 0x00000007ffe00000, 0x00000007ffe00000| Untracked 

Card table byte_map: [0x0000017bf53c0000,0x0000017bf5ba0000] _byte_map_base: 0x0000017bf1b91000

Marking Bits (Prev, Next): (CMBitMap*) 0x0000017bdd471ed0, (CMBitMap*) 0x0000017bdd471e90
 Prev Bits: [0x0000017bfa210000, 0x0000017bfe098000)
 Next Bits: [0x0000017bf6380000, 0x0000017bfa208000)

Polling page: 0x0000017bdb230000

Metaspace:

Usage:
  Non-class:     29.68 MB used.
      Class:      3.37 MB used.
       Both:     33.05 MB used.

Virtual space:
  Non-class space:       64.00 MB reserved,      29.94 MB ( 47%) committed,  1 nodes.
      Class space:        1.00 GB reserved,       3.69 MB ( <1%) committed,  1 nodes.
             Both:        1.06 GB reserved,      33.62 MB (  3%) committed. 

Chunk freelists:
   Non-Class:  1.69 MB
       Class:  293.00 KB
        Both:  1.97 MB

MaxMetaspaceSize: unlimited
CompressedClassSpaceSize: 1.00 GB
Initial GC threshold: 21.00 MB
Current GC threshold: 35.44 MB
CDS: on
MetaspaceReclaimPolicy: balanced
 - commit_granule_bytes: 65536.
 - commit_granule_words: 8192.
 - virtual_space_node_default_size: 8388608.
 - enlarge_chunks_in_place: 1.
 - new_chunks_are_fully_committed: 0.
 - uncommit_free_chunks: 1.
 - use_allocation_guard: 0.


Internal statistics:

num_allocs_failed_limit: 3.
num_arena_births: 758.
num_arena_deaths: 0.
num_vsnodes_births: 2.
num_vsnodes_deaths: 0.
num_space_committed: 538.
num_space_uncommitted: 0.
num_chunks_returned_to_freelist: 3.
num_chunks_taken_from_freelist: 2091.
num_chunk_merges: 3.
num_chunk_splits: 1453.
num_chunks_enlarged: 1024.
num_inconsistent_stats: 0.

CodeHeap 'non-profiled nmethods': size=119168Kb used=7283Kb max_used=7283Kb free=111884Kb
 bounds [0x0000017becf00000, 0x0000017bed620000, 0x0000017bf4360000]
CodeHeap 'profiled nmethods': size=119104Kb used=21901Kb max_used=22053Kb free=97202Kb
 bounds [0x0000017be5360000, 0x0000017be6920000, 0x0000017bec7b0000]
CodeHeap 'non-nmethods': size=7488Kb used=3011Kb max_used=3134Kb free=4476Kb
 bounds [0x0000017bec7b0000, 0x0000017becad0000, 0x0000017becf00000]
 total_blobs=10090 nmethods=9541 adapters=455
 compilation: enabled
              stopped_count=0, restarted_count=0
 full_count=0

Compilation events (20 events):
Event: 7.147 Thread 0x0000017bff3583d0 11732       2       com.sun.tools.javac.comp.Resolve$17::unboundResult (173 bytes)
Event: 7.149 Thread 0x0000017bff3583d0 nmethod 11732 0x0000017be6013190 code [0x0000017be60133e0, 0x0000017be6013c78]
Event: 7.149 Thread 0x0000017bff3583d0 11735       2       com.sun.tools.javac.comp.Operators$$Lambda$259/0x000000080133b000::apply (12 bytes)
Event: 7.149 Thread 0x0000017bff2da370 11736       2       com.sun.tools.javac.comp.Operators::lambda$makeOperator$6 (9 bytes)
Event: 7.150 Thread 0x0000017bff2da370 nmethod 11736 0x0000017be5e22f10 code [0x0000017be5e230c0, 0x0000017be5e23248]
Event: 7.150 Thread 0x0000017bff3583d0 nmethod 11735 0x0000017be5f37210 code [0x0000017be5f373c0, 0x0000017be5f37588]
Event: 7.153 Thread 0x0000017bff3583d0 11741       2       com.sun.tools.javac.comp.Resolve$UnboundMethodReferenceLookupHelper::referenceKind (4 bytes)
Event: 7.154 Thread 0x0000017bff3583d0 nmethod 11741 0x0000017be5f36e90 code [0x0000017be5f37020, 0x0000017be5f37138]
Event: 7.159 Thread 0x0000017bff3583d0 11745       2       com.sun.tools.javac.code.Types$MembersClosureCache::visitType (10 bytes)
Event: 7.159 Thread 0x0000017bff2da370 11746       2       com.sun.tools.javac.code.Types$MembersClosureCache::visitType (33 bytes)
Event: 7.159 Thread 0x0000017bff2da370 nmethod 11746 0x0000017be66af810 code [0x0000017be66af9e0, 0x0000017be66afed8]
Event: 7.159 Thread 0x0000017bff3583d0 nmethod 11745 0x0000017be66aef10 code [0x0000017be66af0e0, 0x0000017be66af618]
Event: 7.159 Thread 0x0000017bff3583d0 11748       2       com.sun.tools.javac.comp.DeferredAttr$2$1::getOverloadKind (8 bytes)
Event: 7.160 Thread 0x0000017bff3583d0 nmethod 11748 0x0000017be6012e10 code [0x0000017be6012fc0, 0x0000017be60130e8]
Event: 7.165 Thread 0x0000017bff110570 11752       2       com.sun.tools.javac.comp.Infer$PartiallyInferredMethodType::<init> (43 bytes)
Event: 7.165 Thread 0x0000017bff110570 nmethod 11752 0x0000017be545b610 code [0x0000017be545b7e0, 0x0000017be545bcb8]
Event: 7.167 Thread 0x0000017bffa20530 nmethod 11713 0x0000017bed618990 code [0x0000017bed618b80, 0x0000017bed619478]
Event: 7.168 Thread 0x0000017bffa20530 11652       4       com.sun.tools.javac.code.Scope$ScopeImpl::lambda$getSymbols$1 (11 bytes)
Event: 7.168 Thread 0x0000017bff2da370 11754       2       com.sun.tools.javac.tree.TreeCopier::visitLiteral (7 bytes)
Event: 7.169 Thread 0x0000017bff110570 11755       2       com.sun.tools.javac.tree.TreeCopier::visitLiteral (28 bytes)

GC Heap History (20 events):
Event: 3.704 GC heap before
{Heap before GC invocations=11 (full 0):
 garbage-first heap   total 131072K, used 95077K [0x0000000705e00000, 0x0000000800000000)
  region size 2048K, 23 young (47104K), 2 survivors (4096K)
 Metaspace       used 27722K, committed 28224K, reserved 1114112K
  class space    used 2882K, committed 3136K, reserved 1048576K
}
Event: 3.706 GC heap after
{Heap after GC invocations=12 (full 0):
 garbage-first heap   total 157696K, used 52157K [0x0000000705e00000, 0x0000000800000000)
  region size 2048K, 2 young (4096K), 2 survivors (4096K)
 Metaspace       used 27722K, committed 28224K, reserved 1114112K
  class space    used 2882K, committed 3136K, reserved 1048576K
}
Event: 3.982 GC heap before
{Heap before GC invocations=12 (full 0):
 garbage-first heap   total 157696K, used 117693K [0x0000000705e00000, 0x0000000800000000)
  region size 2048K, 34 young (69632K), 2 survivors (4096K)
 Metaspace       used 28493K, committed 29056K, reserved 1114112K
  class space    used 2970K, committed 3264K, reserved 1048576K
}
Event: 3.986 GC heap after
{Heap after GC invocations=13 (full 0):
 garbage-first heap   total 157696K, used 53363K [0x0000000705e00000, 0x0000000800000000)
  region size 2048K, 2 young (4096K), 2 survivors (4096K)
 Metaspace       used 28493K, committed 29056K, reserved 1114112K
  class space    used 2970K, committed 3264K, reserved 1048576K
}
Event: 4.074 GC heap before
{Heap before GC invocations=13 (full 0):
 garbage-first heap   total 157696K, used 120947K [0x0000000705e00000, 0x0000000800000000)
  region size 2048K, 35 young (71680K), 2 survivors (4096K)
 Metaspace       used 28591K, committed 29120K, reserved 1114112K
  class space    used 2973K, committed 3264K, reserved 1048576K
}
Event: 4.079 GC heap after
{Heap after GC invocations=14 (full 0):
 garbage-first heap   total 157696K, used 54438K [0x0000000705e00000, 0x0000000800000000)
  region size 2048K, 3 young (6144K), 3 survivors (6144K)
 Metaspace       used 28591K, committed 29120K, reserved 1114112K
  class space    used 2973K, committed 3264K, reserved 1048576K
}
Event: 4.196 GC heap before
{Heap before GC invocations=14 (full 0):
 garbage-first heap   total 157696K, used 124070K [0x0000000705e00000, 0x0000000800000000)
  region size 2048K, 37 young (75776K), 3 survivors (6144K)
 Metaspace       used 28679K, committed 29248K, reserved 1114112K
  class space    used 2975K, committed 3264K, reserved 1048576K
}
Event: 4.203 GC heap after
{Heap after GC invocations=15 (full 0):
 garbage-first heap   total 157696K, used 55855K [0x0000000705e00000, 0x0000000800000000)
  region size 2048K, 4 young (8192K), 4 survivors (8192K)
 Metaspace       used 28679K, committed 29248K, reserved 1114112K
  class space    used 2975K, committed 3264K, reserved 1048576K
}
Event: 4.368 GC heap before
{Heap before GC invocations=15 (full 0):
 garbage-first heap   total 157696K, used 125487K [0x0000000705e00000, 0x0000000800000000)
  region size 2048K, 38 young (77824K), 4 survivors (8192K)
 Metaspace       used 28758K, committed 29376K, reserved 1114112K
  class space    used 2977K, committed 3264K, reserved 1048576K
}
Event: 4.375 GC heap after
{Heap after GC invocations=16 (full 0):
 garbage-first heap   total 212992K, used 56072K [0x0000000705e00000, 0x0000000800000000)
  region size 2048K, 3 young (6144K), 3 survivors (6144K)
 Metaspace       used 28758K, committed 29376K, reserved 1114112K
  class space    used 2977K, committed 3264K, reserved 1048576K
}
Event: 5.281 GC heap before
{Heap before GC invocations=16 (full 0):
 garbage-first heap   total 212992K, used 170760K [0x0000000705e00000, 0x0000000800000000)
  region size 2048K, 59 young (120832K), 3 survivors (6144K)
 Metaspace       used 31431K, committed 32064K, reserved 1114112K
  class space    used 3236K, committed 3520K, reserved 1048576K
}
Event: 5.285 GC heap after
{Heap after GC invocations=17 (full 0):
 garbage-first heap   total 212992K, used 57574K [0x0000000705e00000, 0x0000000800000000)
  region size 2048K, 3 young (6144K), 3 survivors (6144K)
 Metaspace       used 31431K, committed 32064K, reserved 1114112K
  class space    used 3236K, committed 3520K, reserved 1048576K
}
Event: 5.789 GC heap before
{Heap before GC invocations=17 (full 0):
 garbage-first heap   total 212992K, used 178406K [0x0000000705e00000, 0x0000000800000000)
  region size 2048K, 60 young (122880K), 3 survivors (6144K)
 Metaspace       used 31777K, committed 32384K, reserved 1114112K
  class space    used 3249K, committed 3520K, reserved 1048576K
}
Event: 5.795 GC heap after
{Heap after GC invocations=18 (full 0):
 garbage-first heap   total 212992K, used 62979K [0x0000000705e00000, 0x0000000800000000)
  region size 2048K, 5 young (10240K), 5 survivors (10240K)
 Metaspace       used 31777K, committed 32384K, reserved 1114112K
  class space    used 3249K, committed 3520K, reserved 1048576K
}
Event: 6.481 GC heap before
{Heap before GC invocations=18 (full 0):
 garbage-first heap   total 212992K, used 171523K [0x0000000705e00000, 0x0000000800000000)
  region size 2048K, 59 young (120832K), 5 survivors (10240K)
 Metaspace       used 32103K, committed 32704K, reserved 1114112K
  class space    used 3260K, committed 3584K, reserved 1048576K
}
Event: 6.490 GC heap after
{Heap after GC invocations=19 (full 0):
 garbage-first heap   total 212992K, used 82866K [0x0000000705e00000, 0x0000000800000000)
  region size 2048K, 8 young (16384K), 8 survivors (16384K)
 Metaspace       used 32103K, committed 32704K, reserved 1114112K
  class space    used 3260K, committed 3584K, reserved 1048576K
}
Event: 6.971 GC heap before
{Heap before GC invocations=19 (full 0):
 garbage-first heap   total 212992K, used 160690K [0x0000000705e00000, 0x0000000800000000)
  region size 2048K, 46 young (94208K), 8 survivors (16384K)
 Metaspace       used 33471K, committed 34048K, reserved 1114112K
  class space    used 3407K, committed 3712K, reserved 1048576K
}
Event: 6.979 GC heap after
{Heap after GC invocations=20 (full 0):
 garbage-first heap   total 212992K, used 90145K [0x0000000705e00000, 0x0000000800000000)
  region size 2048K, 4 young (8192K), 4 survivors (8192K)
 Metaspace       used 33471K, committed 34048K, reserved 1114112K
  class space    used 3407K, committed 3712K, reserved 1048576K
}
Event: 7.160 GC heap before
{Heap before GC invocations=20 (full 0):
 garbage-first heap   total 212992K, used 161825K [0x0000000705e00000, 0x0000000800000000)
  region size 2048K, 39 young (79872K), 4 survivors (8192K)
 Metaspace       used 33772K, committed 34432K, reserved 1114112K
  class space    used 3444K, committed 3776K, reserved 1048576K
}
Event: 7.163 GC heap after
{Heap after GC invocations=21 (full 0):
 garbage-first heap   total 256000K, used 91200K [0x0000000705e00000, 0x0000000800000000)
  region size 2048K, 1 young (2048K), 1 survivors (2048K)
 Metaspace       used 33772K, committed 34432K, reserved 1114112K
  class space    used 3444K, committed 3776K, reserved 1048576K
}

Dll operation events (12 events):
Event: 0.005 Loaded shared library C:\Program Files\Java\jdk-19\bin\java.dll
Event: 0.010 Loaded shared library C:\Program Files\Java\jdk-19\bin\jsvml.dll
Event: 0.037 Loaded shared library C:\Program Files\Java\jdk-19\bin\zip.dll
Event: 0.038 Loaded shared library C:\Program Files\Java\jdk-19\bin\instrument.dll
Event: 0.040 Loaded shared library C:\Program Files\Java\jdk-19\bin\net.dll
Event: 0.041 Loaded shared library C:\Program Files\Java\jdk-19\bin\nio.dll
Event: 0.043 Loaded shared library C:\Program Files\Java\jdk-19\bin\zip.dll
Event: 0.051 Loaded shared library C:\Program Files\JetBrains\IntelliJ IDEA 2022.1.2\bin\breakgen64.dll
Event: 0.056 Loaded shared library C:\Program Files\Java\jdk-19\bin\extnet.dll
Event: 0.105 Loaded shared library C:\Program Files\Java\jdk-19\bin\jimage.dll
Event: 0.151 Loaded shared library C:\Users\99293\AppData\Local\Temp\jansi-2.4.0-cf0db354d227729c-jansi.dll
Event: 0.157 Loaded shared library C:\Program Files\Java\jdk-19\bin\verify.dll

Deoptimization events (20 events):
Event: 7.132 Thread 0x0000017bdd3feca0 Uncommon trap: trap_request=0xffffff45 fr.pc=0x0000017bed33b648 relative=0x0000000000000ac8
Event: 7.132 Thread 0x0000017bdd3feca0 Uncommon trap: reason=unstable_if action=reinterpret pc=0x0000017bed33b648 method=com.sun.tools.javac.code.Lint$AugmentVisitor.initSyms()V @ 4 c2
Event: 7.132 Thread 0x0000017bdd3feca0 DEOPT PACKING pc=0x0000017bed33b648 sp=0x0000003bffafd8b0
Event: 7.132 Thread 0x0000017bdd3feca0 DEOPT UNPACKING pc=0x0000017bec816da3 sp=0x0000003bffafd848 mode 2
Event: 7.137 Thread 0x0000017bdd3feca0 Uncommon trap: trap_request=0xffffffd6 fr.pc=0x0000017bed1bc9f8 relative=0x00000000000001d8
Event: 7.137 Thread 0x0000017bdd3feca0 Uncommon trap: reason=array_check action=maybe_recompile pc=0x0000017bed1bc9f8 method=java.util.stream.Nodes$FixedNodeBuilder.accept(Ljava/lang/Object;)V @ 28 c2
Event: 7.137 Thread 0x0000017bdd3feca0 DEOPT PACKING pc=0x0000017bed1bc9f8 sp=0x0000003bffafaeb0
Event: 7.137 Thread 0x0000017bdd3feca0 DEOPT UNPACKING pc=0x0000017bec816da3 sp=0x0000003bffafae60 mode 2
Event: 7.138 Thread 0x0000017bdd3feca0 Uncommon trap: trap_request=0xffffffd6 fr.pc=0x0000017bed1bc9f8 relative=0x00000000000001d8
Event: 7.138 Thread 0x0000017bdd3feca0 Uncommon trap: reason=array_check action=maybe_recompile pc=0x0000017bed1bc9f8 method=java.util.stream.Nodes$FixedNodeBuilder.accept(Ljava/lang/Object;)V @ 28 c2
Event: 7.138 Thread 0x0000017bdd3feca0 DEOPT PACKING pc=0x0000017bed1bc9f8 sp=0x0000003bffafc220
Event: 7.138 Thread 0x0000017bdd3feca0 DEOPT UNPACKING pc=0x0000017bec816da3 sp=0x0000003bffafc1d0 mode 2
Event: 7.138 Thread 0x0000017bdd3feca0 Uncommon trap: trap_request=0xffffffd6 fr.pc=0x0000017bed1bc9f8 relative=0x00000000000001d8
Event: 7.138 Thread 0x0000017bdd3feca0 Uncommon trap: reason=array_check action=maybe_recompile pc=0x0000017bed1bc9f8 method=java.util.stream.Nodes$FixedNodeBuilder.accept(Ljava/lang/Object;)V @ 28 c2
Event: 7.138 Thread 0x0000017bdd3feca0 DEOPT PACKING pc=0x0000017bed1bc9f8 sp=0x0000003bffafc220
Event: 7.138 Thread 0x0000017bdd3feca0 DEOPT UNPACKING pc=0x0000017bec816da3 sp=0x0000003bffafc1d0 mode 2
Event: 7.138 Thread 0x0000017bdd3feca0 Uncommon trap: trap_request=0xffffffd6 fr.pc=0x0000017bed1bc9f8 relative=0x00000000000001d8
Event: 7.138 Thread 0x0000017bdd3feca0 Uncommon trap: reason=array_check action=maybe_recompile pc=0x0000017bed1bc9f8 method=java.util.stream.Nodes$FixedNodeBuilder.accept(Ljava/lang/Object;)V @ 28 c2
Event: 7.138 Thread 0x0000017bdd3feca0 DEOPT PACKING pc=0x0000017bed1bc9f8 sp=0x0000003bffafc220
Event: 7.138 Thread 0x0000017bdd3feca0 DEOPT UNPACKING pc=0x0000017bec816da3 sp=0x0000003bffafc1d0 mode 2

Classes loaded (20 events):
Event: 4.883 Loading class java/util/stream/ReduceOps$2
Event: 4.884 Loading class java/util/stream/ReduceOps$2 done
Event: 4.884 Loading class java/util/stream/ReduceOps$2ReducingSink
Event: 4.884 Loading class java/util/stream/ReduceOps$2ReducingSink done
Event: 4.898 Loading class java/io/DataOutputStream
Event: 4.898 Loading class java/io/DataOutputStream done
Event: 4.910 Loading class java/lang/invoke/MethodHandleImpl$CountingWrapper
Event: 4.911 Loading class java/lang/invoke/MethodHandleImpl$CountingWrapper done
Event: 5.318 Loading class java/lang/invoke/MethodHandleImpl$CountingWrapper$1
Event: 5.318 Loading class java/lang/invoke/MethodHandleImpl$CountingWrapper$1 done
Event: 6.007 Loading class java/util/EnumMap$Values
Event: 6.007 Loading class java/util/EnumMap$Values done
Event: 6.007 Loading class java/util/EnumMap$ValueIterator
Event: 6.007 Loading class java/util/EnumMap$ValueIterator done
Event: 6.010 Loading class java/util/WeakHashMap$KeyIterator
Event: 6.010 Loading class java/util/WeakHashMap$KeyIterator done
Event: 6.218 Loading class jdk/internal/math/FDBigInteger
Event: 6.218 Loading class jdk/internal/math/FDBigInteger done
Event: 6.609 Loading class jdk/internal/module/IllegalAccessLogger
Event: 6.609 Loading class jdk/internal/module/IllegalAccessLogger done

Classes unloaded (0 events):
No events

Classes redefined (0 events):
No events

Internal exceptions (20 events):
Event: 7.075 Thread 0x0000017bdd3feca0 Exception <a 'sun/nio/fs/WindowsException'{0x0000000710dbf0e0}> (0x0000000710dbf0e0) 
thrown [s\open\src\hotspot\share\prims\jni.cpp, line 517]
Event: 7.075 Thread 0x0000017bdd3feca0 Exception <a 'sun/nio/fs/WindowsException'{0x0000000710dbf3d0}> (0x0000000710dbf3d0) 
thrown [s\open\src\hotspot\share\prims\jni.cpp, line 517]
Event: 7.087 Thread 0x0000017bdd3feca0 Exception <a 'sun/nio/fs/WindowsException'{0x00000007102412b8}> (0x00000007102412b8) 
thrown [s\open\src\hotspot\share\prims\jni.cpp, line 517]
Event: 7.087 Thread 0x0000017bdd3feca0 Exception <a 'sun/nio/fs/WindowsException'{0x0000000710241578}> (0x0000000710241578) 
thrown [s\open\src\hotspot\share\prims\jni.cpp, line 517]
Event: 7.087 Thread 0x0000017bdd3feca0 Exception <a 'sun/nio/fs/WindowsException'{0x00000007102424b0}> (0x00000007102424b0) 
thrown [s\open\src\hotspot\share\prims\jni.cpp, line 517]
Event: 7.087 Thread 0x0000017bdd3feca0 Exception <a 'sun/nio/fs/WindowsException'{0x0000000710242838}> (0x0000000710242838) 
thrown [s\open\src\hotspot\share\prims\jni.cpp, line 517]
Event: 7.088 Thread 0x0000017bdd3feca0 Exception <a 'sun/nio/fs/WindowsException'{0x0000000710243838}> (0x0000000710243838) 
thrown [s\open\src\hotspot\share\prims\jni.cpp, line 517]
Event: 7.088 Thread 0x0000017bdd3feca0 Exception <a 'sun/nio/fs/WindowsException'{0x0000000710243b28}> (0x0000000710243b28) 
thrown [s\open\src\hotspot\share\prims\jni.cpp, line 517]
Event: 7.121 Thread 0x0000017bdd3feca0 Exception <a 'sun/nio/fs/WindowsException'{0x000000070f0c9bc0}> (0x000000070f0c9bc0) 
thrown [s\open\src\hotspot\share\prims\jni.cpp, line 517]
Event: 7.121 Thread 0x0000017bdd3feca0 Exception <a 'sun/nio/fs/WindowsException'{0x000000070f0c9e80}> (0x000000070f0c9e80) 
thrown [s\open\src\hotspot\share\prims\jni.cpp, line 517]
Event: 7.121 Thread 0x0000017bdd3feca0 Exception <a 'sun/nio/fs/WindowsException'{0x000000070f0cadb8}> (0x000000070f0cadb8) 
thrown [s\open\src\hotspot\share\prims\jni.cpp, line 517]
Event: 7.121 Thread 0x0000017bdd3feca0 Exception <a 'sun/nio/fs/WindowsException'{0x000000070f0cb140}> (0x000000070f0cb140) 
thrown [s\open\src\hotspot\share\prims\jni.cpp, line 517]
Event: 7.121 Thread 0x0000017bdd3feca0 Exception <a 'sun/nio/fs/WindowsException'{0x000000070f0cc140}> (0x000000070f0cc140) 
thrown [s\open\src\hotspot\share\prims\jni.cpp, line 517]
Event: 7.121 Thread 0x0000017bdd3feca0 Exception <a 'sun/nio/fs/WindowsException'{0x000000070f0cc430}> (0x000000070f0cc430) 
thrown [s\open\src\hotspot\share\prims\jni.cpp, line 517]
Event: 7.128 Thread 0x0000017bdd3feca0 Exception <a 'sun/nio/fs/WindowsException'{0x000000070eca7390}> (0x000000070eca7390) 
thrown [s\open\src\hotspot\share\prims\jni.cpp, line 517]
Event: 7.128 Thread 0x0000017bdd3feca0 Exception <a 'sun/nio/fs/WindowsException'{0x000000070eca7650}> (0x000000070eca7650) 
thrown [s\open\src\hotspot\share\prims\jni.cpp, line 517]
Event: 7.128 Thread 0x0000017bdd3feca0 Exception <a 'sun/nio/fs/WindowsException'{0x000000070eca8588}> (0x000000070eca8588) 
thrown [s\open\src\hotspot\share\prims\jni.cpp, line 517]
Event: 7.128 Thread 0x0000017bdd3feca0 Exception <a 'sun/nio/fs/WindowsException'{0x000000070eca8910}> (0x000000070eca8910) 
thrown [s\open\src\hotspot\share\prims\jni.cpp, line 517]
Event: 7.128 Thread 0x0000017bdd3feca0 Exception <a 'sun/nio/fs/WindowsException'{0x000000070eca9910}> (0x000000070eca9910) 
thrown [s\open\src\hotspot\share\prims\jni.cpp, line 517]
Event: 7.128 Thread 0x0000017bdd3feca0 Exception <a 'sun/nio/fs/WindowsException'{0x000000070eca9c00}> (0x000000070eca9c00) 
thrown [s\open\src\hotspot\share\prims\jni.cpp, line 517]

VM Operations (20 events):
Event: 5.940 Executing VM operation: HandshakeAllThreads
Event: 5.940 Executing VM operation: HandshakeAllThreads done
Event: 5.976 Executing VM operation: ICBufferFull
Event: 5.976 Executing VM operation: ICBufferFull done
Event: 6.008 Executing VM operation: HandshakeAllThreads
Event: 6.008 Executing VM operation: HandshakeAllThreads done
Event: 6.461 Executing VM operation: ICBufferFull
Event: 6.461 Executing VM operation: ICBufferFull done
Event: 6.481 Executing VM operation: G1CollectForAllocation
Event: 6.490 Executing VM operation: G1CollectForAllocation done
Event: 6.746 Executing VM operation: HandshakeAllThreads
Event: 6.746 Executing VM operation: HandshakeAllThreads done
Event: 6.902 Executing VM operation: ICBufferFull
Event: 6.902 Executing VM operation: ICBufferFull done
Event: 6.971 Executing VM operation: G1CollectForAllocation
Event: 6.979 Executing VM operation: G1CollectForAllocation done
Event: 7.137 Executing VM operation: ICBufferFull
Event: 7.137 Executing VM operation: ICBufferFull done
Event: 7.160 Executing VM operation: G1CollectForAllocation
Event: 7.163 Executing VM operation: G1CollectForAllocation done

Events (20 events):
Event: 5.966 Thread 0x0000017bff116f10 flushing nmethod 0x0000017be68b4f90
Event: 6.750 Thread 0x0000017bff116f10 flushing nmethod 0x0000017bed4f5b90
Event: 6.750 Thread 0x0000017bff116f10 flushing nmethod 0x0000017bed53e810
Event: 6.751 Thread 0x0000017bff116f10 flushing nmethod 0x0000017be5369d90
Event: 6.752 Thread 0x0000017bff116f10 flushing nmethod 0x0000017be5439590
Event: 6.752 Thread 0x0000017bff116f10 flushing nmethod 0x0000017be553b190
Event: 6.752 Thread 0x0000017bff116f10 flushing nmethod 0x0000017be5568390
Event: 6.753 Thread 0x0000017bff116f10 flushing nmethod 0x0000017be565bd90
Event: 6.753 Thread 0x0000017bff116f10 flushing nmethod 0x0000017be56fee90
Event: 6.754 Thread 0x0000017bff116f10 flushing nmethod 0x0000017be58ffe10
Event: 6.754 Thread 0x0000017bff116f10 flushing nmethod 0x0000017be5926c90
Event: 6.755 Thread 0x0000017bff116f10 flushing nmethod 0x0000017be5982090
Event: 6.763 Thread 0x0000017bff116f10 flushing nmethod 0x0000017be663e510
Event: 6.764 Thread 0x0000017bff116f10 flushing nmethod 0x0000017be6817010
Event: 6.764 Thread 0x0000017bff116f10 flushing nmethod 0x0000017be6819c10
Event: 6.764 Thread 0x0000017bff116f10 flushing nmethod 0x0000017be6855790
Event: 6.764 Thread 0x0000017bff116f10 flushing nmethod 0x0000017be68b2790
Event: 6.764 Thread 0x0000017bff116f10 flushing nmethod 0x0000017be68b8c90
Event: 6.896 Thread 0x0000017bffa1ffa0 Thread exited: 0x0000017bffa1ffa0
Event: 6.955 Thread 0x0000017b88f452b0 Thread added: 0x0000017b88f452b0


Dynamic libraries:
0x00007ff6cd5d0000 - 0x00007ff6cd5e0000 	C:\Program Files\Java\jdk-19\bin\java.exe
0x00007ffde41b0000 - 0x00007ffde43c7000 	C:\WINDOWS\SYSTEM32\ntdll.dll
0x00007ffde37b0000 - 0x00007ffde3874000 	C:\WINDOWS\System32\KERNEL32.DLL
0x00007ffde19c0000 - 0x00007ffde1d6d000 	C:\WINDOWS\System32\KERNELBASE.dll
0x00007ffde14a0000 - 0x00007ffde15b1000 	C:\WINDOWS\System32\ucrtbase.dll
0x00007ffdcf320000 - 0x00007ffdcf338000 	C:\Program Files\Java\jdk-19\bin\jli.dll
0x00007ffde2a60000 - 0x00007ffde2b12000 	C:\WINDOWS\System32\ADVAPI32.dll
0x00007ffdce2a0000 - 0x00007ffdce2bb000 	C:\Program Files\Java\jdk-19\bin\VCRUNTIME140.dll
0x00007ffde39d0000 - 0x00007ffde3a77000 	C:\WINDOWS\System32\msvcrt.dll
0x00007ffde3d50000 - 0x00007ffde3df9000 	C:\WINDOWS\System32\sechost.dll
0x00007ffde1e10000 - 0x00007ffde1e38000 	C:\WINDOWS\System32\bcrypt.dll
0x00007ffde2550000 - 0x00007ffde2664000 	C:\WINDOWS\System32\RPCRT4.dll
0x00007ffde2830000 - 0x00007ffde29de000 	C:\WINDOWS\System32\USER32.dll
0x00007ffde1870000 - 0x00007ffde1896000 	C:\WINDOWS\System32\win32u.dll
0x00007ffdcedc0000 - 0x00007ffdcf053000 	C:\WINDOWS\WinSxS\amd64_microsoft.windows.common-controls_6595b64144ccf1df_6.0.22621.3672_none_2713b9d173822955\COMCTL32.dll
0x00007ffde3e00000 - 0x00007ffde3e29000 	C:\WINDOWS\System32\GDI32.dll
0x00007ffde18a0000 - 0x00007ffde19b9000 	C:\WINDOWS\System32\gdi32full.dll
0x00007ffde1d70000 - 0x00007ffde1e0a000 	C:\WINDOWS\System32\msvcp_win.dll
0x00007ffddb560000 - 0x00007ffddb56a000 	C:\WINDOWS\SYSTEM32\VERSION.dll
0x00007ffde3980000 - 0x00007ffde39b1000 	C:\WINDOWS\System32\IMM32.DLL
0x00007ffdcf2e0000 - 0x00007ffdcf2ec000 	C:\Program Files\Java\jdk-19\bin\vcruntime140_1.dll
0x00007ffdbf230000 - 0x00007ffdbf2be000 	C:\Program Files\Java\jdk-19\bin\msvcp140.dll
0x00007ffd3e950000 - 0x00007ffd3f610000 	C:\Program Files\Java\jdk-19\bin\server\jvm.dll
0x00007ffddb050000 - 0x00007ffddb084000 	C:\WINDOWS\SYSTEM32\WINMM.dll
0x00007ffddc0a0000 - 0x00007ffddc0a9000 	C:\WINDOWS\SYSTEM32\WSOCK32.dll
0x00007ffde3e30000 - 0x00007ffde3ea1000 	C:\WINDOWS\System32\WS2_32.dll
0x00007ffde05c0000 - 0x00007ffde05d8000 	C:\WINDOWS\SYSTEM32\kernel.appcore.dll
0x00007ffdce730000 - 0x00007ffdce73a000 	C:\Program Files\Java\jdk-19\bin\jimage.dll
0x00007ffddea90000 - 0x00007ffddecc2000 	C:\WINDOWS\SYSTEM32\DBGHELP.DLL
0x00007ffde2b20000 - 0x00007ffde2ead000 	C:\WINDOWS\System32\combase.dll
0x00007ffde3aa0000 - 0x00007ffde3b77000 	C:\WINDOWS\System32\OLEAUT32.dll
0x00007ffdd8840000 - 0x00007ffdd8872000 	C:\WINDOWS\SYSTEM32\dbgcore.DLL
0x00007ffde15c0000 - 0x00007ffde163b000 	C:\WINDOWS\System32\bcryptPrimitives.dll
0x00007ffdcd6d0000 - 0x00007ffdcd6de000 	C:\Program Files\Java\jdk-19\bin\instrument.dll
0x00007ffdcdf30000 - 0x00007ffdcdf56000 	C:\Program Files\Java\jdk-19\bin\java.dll
0x00007ffda71f0000 - 0x00007ffda72c7000 	C:\Program Files\Java\jdk-19\bin\jsvml.dll
0x00007ffde2eb0000 - 0x00007ffde3718000 	C:\WINDOWS\System32\SHELL32.dll
0x00007ffddf3b0000 - 0x00007ffddfcae000 	C:\WINDOWS\SYSTEM32\windows.storage.dll
0x00007ffddf270000 - 0x00007ffddf3af000 	C:\WINDOWS\SYSTEM32\wintypes.dll
0x00007ffde3eb0000 - 0x00007ffde3fa9000 	C:\WINDOWS\System32\SHCORE.dll
0x00007ffde40e0000 - 0x00007ffde413e000 	C:\WINDOWS\System32\shlwapi.dll
0x00007ffde13d0000 - 0x00007ffde13f1000 	C:\WINDOWS\SYSTEM32\profapi.dll
0x00007ffdcd850000 - 0x00007ffdcd868000 	C:\Program Files\Java\jdk-19\bin\zip.dll
0x00007ffdcde80000 - 0x00007ffdcde93000 	C:\Program Files\Java\jdk-19\bin\net.dll
0x00007ffddcca0000 - 0x00007ffddcdd6000 	C:\WINDOWS\SYSTEM32\WINHTTP.dll
0x00007ffde0a30000 - 0x00007ffde0a99000 	C:\WINDOWS\system32\mswsock.dll
0x00007ffdcde40000 - 0x00007ffdcde56000 	C:\Program Files\Java\jdk-19\bin\nio.dll
0x00007ffdc59c0000 - 0x00007ffdc59da000 	C:\Program Files\JetBrains\IntelliJ IDEA 2022.1.2\bin\breakgen64.dll
0x00007ffdcde70000 - 0x00007ffdcde78000 	C:\Program Files\Java\jdk-19\bin\extnet.dll
0x0000000069ac0000 - 0x0000000069ae4000 	C:\Users\99293\AppData\Local\Temp\jansi-2.4.0-cf0db354d227729c-jansi.dll
0x00007ffdcd6e0000 - 0x00007ffdcd6f0000 	C:\Program Files\Java\jdk-19\bin\verify.dll

dbghelp: loaded successfully - version: 4.0.5 - missing functions: none
symbol engine: initialized successfully - sym options: 0x614 - pdb path: .;C:\Program Files\Java\jdk-19\bin;C:\WINDOWS\SYSTEM32;C:\WINDOWS\WinSxS\amd64_microsoft.windows.common-controls_6595b64144ccf1df_6.0.22621.3672_none_2713b9d173822955;C:\Program Files\Java\jdk-19\bin\server;C:\Program Files\JetBrains\IntelliJ IDEA 2022.1.2\bin;C:\Users\99293\AppData\Local\Temp

VM Arguments:
jvm_args: -Dmaven.multiModuleProjectDirectory=D:\unitedStates duplicates original -Dmaven.home=C:\Users\99293\.m2\wrapper\dists\apache-maven-3.8.6-bin\1ks0nkde5v1pk9vtc31i9d0lcd\apache-maven-3.8.6 -Dclassworlds.conf=C:\Users\99293\.m2\wrapper\dists\apache-maven-3.8.6-bin\1ks0nkde5v1pk9vtc31i9d0lcd\apache-maven-3.8.6\bin\m2.conf -Dmaven.ext.class.path=C:\Program Files\JetBrains\IntelliJ IDEA 2022.1.2\plugins\maven\lib\maven-event-listener.jar -javaagent:C:\Program Files\JetBrains\IntelliJ IDEA 2022.1.2\lib\idea_rt.jar=62885:C:\Program Files\JetBrains\IntelliJ IDEA 2022.1.2\bin -Dfile.encoding=UTF-8 
java_command: org.codehaus.classworlds.Launcher -Didea.version=2022.1.2 package
java_class_path (initial): C:\Users\99293\.m2\wrapper\dists\apache-maven-3.8.6-bin\1ks0nkde5v1pk9vtc31i9d0lcd\apache-maven-3.8.6\boot\plexus-classworlds-2.6.0.jar;C:\Users\99293\.m2\wrapper\dists\apache-maven-3.8.6-bin\1ks0nkde5v1pk9vtc31i9d0lcd\apache-maven-3.8.6\boot\plexus-classworlds.license
Launcher Type: SUN_STANDARD

[Global flags]
     intx CICompilerCount                          = 12                                        {product} {ergonomic}
     uint ConcGCThreads                            = 3                                         {product} {ergonomic}
     uint G1ConcRefinementThreads                  = 13                                        {product} {ergonomic}
   size_t G1HeapRegionSize                         = 2097152                                   {product} {ergonomic}
    uintx GCDrainStackTargetSize                   = 64                                        {product} {ergonomic}
   size_t InitialHeapSize                          = 264241152                                 {product} {ergonomic}
   size_t MarkStackSize                            = 4194304                                   {product} {ergonomic}
   size_t MaxHeapSize                              = 4196401152                                {product} {ergonomic}
   size_t MaxNewSize                               = 2516582400                                {product} {ergonomic}
   size_t MinHeapDeltaBytes                        = 2097152                                   {product} {ergonomic}
   size_t MinHeapSize                              = 8388608                                   {product} {ergonomic}
    uintx NonNMethodCodeHeapSize                   = 7602480                                {pd product} {ergonomic}
    uintx NonProfiledCodeHeapSize                  = 122027880                              {pd product} {ergonomic}
    uintx ProfiledCodeHeapSize                     = 122027880                              {pd product} {ergonomic}
    uintx ReservedCodeCacheSize                    = 251658240                              {pd product} {ergonomic}
     bool SegmentedCodeCache                       = true                                      {product} {ergonomic}
   size_t SoftMaxHeapSize                          = 4196401152                             {manageable} {ergonomic}
     bool UseCompressedClassPointers               = true                           {product lp64_product} {ergonomic}
     bool UseCompressedOops                        = true                           {product lp64_product} {ergonomic}
     bool UseG1GC                                  = true                                      {product} {ergonomic}
     bool UseLargePagesIndividualAllocation        = false                                  {pd product} {ergonomic}

Logging:
Log output configuration:
 #0: stdout all=warning uptime,level,tags foldmultilines=false
 #1: stderr all=off uptime,level,tags foldmultilines=false

Environment Variables:
JAVA_HOME=C:\Program Files\Java\jdk-19
PATH=C:\Program Files\Common Files\Oracle\Java\javapath;C:\Windows\system32;C:\Windows;C:\Windows\System32\Wbem;C:\Windows\System32\WindowsPowerShell\v1.0\;C:\Windows\System32\OpenSSH\;C:\Program Files (x86)\NVIDIA Corporation\PhysX\Common;C:\Program Files\NVIDIA Corporation\NVIDIA NvDLISR;C:\Program Files\Git\cmd;C:\Program Files (x86)\dotnet\;C:\WINDOWS\system32;C:\WINDOWS;C:\WINDOWS\System32\Wbem;C:\WINDOWS\System32\WindowsPowerShell\v1.0\;C:\WINDOWS\System32\OpenSSH\;C:\Program Files\Java\jdk-19\bin;C:\Users\99293\AppData\Local\Programs\Python\Python311\Scripts\;C:\Users\99293\AppData\Local\Programs\Python\Python311\;C:\Users\99293\AppData\Local\Microsoft\WindowsApps;;C:\Program Files\JetBrains\IntelliJ IDEA 2022.1.2\bin;;C:\Program Files\heroku\bin
USERNAME=ASUS
OS=Windows_NT
PROCESSOR_IDENTIFIER=Intel64 Family 6 Model 154 Stepping 3, GenuineIntel
TMP=C:\Users\99293\AppData\Local\Temp
TEMP=C:\Users\99293\AppData\Local\Temp



---------------  S Y S T E M  ---------------

OS:
 Windows 11 , 64 bit Build 22621 (10.0.22621.3958)
OS uptime: 0 days 22:08 hours
Hyper-V role detected

CPU: total 16 (initial active 16) (8 cores per cpu, 2 threads per core) family 6 model 154 stepping 3 microcode 0x41c, cx8, cmov, fxsr, ht, mmx, 3dnowpref, sse, sse2, sse3, ssse3, sse4.1, sse4.2, popcnt, lzcnt, tsc, tscinvbit, avx, avx2, aes, erms, clmul, bmi1, bmi2, adx, sha, fma, vzeroupper, clflush, clflushopt, clwb, hv, serialize, rdtscp, rdpid, fsrm

Memory: 4k page, system-wide physical 16005M (2201M free)
TotalPageFile size 18053M (AvailPageFile size 5M)
current process WorkingSet (physical memory assigned to process): 475M, peak: 475M
current process commit charge ("private bytes"): 568M, peak: 572M

vm_info: Java HotSpot(TM) 64-Bit Server VM (19.0.2+7-44) for windows-amd64 JRE (19.0.2+7-44), built on 2022-11-30T18:02:09Z by "mach5one" with MS VC++ 17.1 (VS2022)

END.
