#
# There is insufficient memory for the Java Runtime Environment to continue.
# Native memory allocation (malloc) failed to allocate 806976 bytes for Chunk::new
# Possible reasons:
#   The system is out of physical RAM or swap space
#   The process is running with CompressedOops enabled, and the Java Heap may be blocking the growth of the native heap
# Possible solutions:
#   Reduce memory load on the system
#   Increase physical memory or swap space
#   Check if swap backing store is full
#   Decrease Java heap size (-Xmx/-Xms)
#   Decrease number of Java threads
#   Decrease Java thread stack sizes (-Xss)
#   Set larger code cache with -XX:ReservedCodeCacheSize=
#   JVM is running with Zero Based Compressed Oops mode in which the Java heap is
#     placed in the first 32GB address space. The Java Heap base address is the
#     maximum limit for the native heap growth. Please use -XX:HeapBaseMinAddress
#     to set the Java Heap base and to place the Java Heap above 32GB virtual address.
# This output file may be truncated or incomplete.
#
#  Out of Memory Error (arena.cpp:184), pid=21340, tid=20956
#
# JRE version: Java(TM) SE Runtime Environment (19.0.2+7) (build 19.0.2+7-44)
# Java VM: Java HotSpot(TM) 64-Bit Server VM (19.0.2+7-44, mixed mode, sharing, tiered, compressed oops, compressed class ptrs, g1 gc, windows-amd64)
# No core dump will be written. Minidumps are not enabled by default on client versions of Windows
#

---------------  S U M M A R Y ------------

Command Line: -Dmaven.multiModuleProjectDirectory=D:\unitedStates duplicates original -Dmaven.home=C:\Users\99293\.m2\wrapper\dists\apache-maven-3.8.6-bin\1ks0nkde5v1pk9vtc31i9d0lcd\apache-maven-3.8.6 -Dclassworlds.conf=C:\Users\99293\.m2\wrapper\dists\apache-maven-3.8.6-bin\1ks0nkde5v1pk9vtc31i9d0lcd\apache-maven-3.8.6\bin\m2.conf -Dmaven.ext.class.path=C:\Program Files\JetBrains\IntelliJ IDEA 2022.1.2\plugins\maven\lib\maven-event-listener.jar -javaagent:C:\Program Files\JetBrains\IntelliJ IDEA 2022.1.2\lib\idea_rt.jar=62910:C:\Program Files\JetBrains\IntelliJ IDEA 2022.1.2\bin -Dfile.encoding=UTF-8 org.codehaus.classworlds.Launcher -Didea.version=2022.1.2 package

Host: 12th Gen Intel(R) Core(TM) i7-12650H, 16 cores, 15G,  Windows 11 , 64 bit Build 22621 (10.0.22621.2428)
Time: Wed Nov  8 19:57:23 2023  Windows 11 , 64 bit Build 22621 (10.0.22621.2428) elapsed time: 4.610354 seconds (0d 0h 0m 4s)

---------------  T H R E A D  ---------------

Current thread (0x0000019d04d45b80):  JavaThread "C2 CompilerThread0" daemon [_thread_in_native, id=20956, stack(0x0000005ae3600000,0x0000005ae3700000)]


Current CompileTask:
C2:   4610 4081       4       org.eclipse.aether.util.graph.transformer.ConflictResolver::gatherConflictItems (111 bytes)

Stack: [0x0000005ae3600000,0x0000005ae3700000]
Native frames: (J=compiled Java code, j=interpreted, Vv=VM code, C=native code)
V  [jvm.dll+0x6ee21a]
V  [jvm.dll+0x85765e]
V  [jvm.dll+0x85904e]
V  [jvm.dll+0x859703]
V  [jvm.dll+0x28298f]
V  [jvm.dll+0xc9adf]
V  [jvm.dll+0xc9e65]
V  [jvm.dll+0x3bca4c]
V  [jvm.dll+0x3860e1]
V  [jvm.dll+0x38555a]
V  [jvm.dll+0x24c3d9]
V  [jvm.dll+0x24b781]
V  [jvm.dll+0x1d6ce1]
V  [jvm.dll+0x25b25a]
V  [jvm.dll+0x2596e8]
V  [jvm.dll+0x807588]
V  [jvm.dll+0x80125a]
V  [jvm.dll+0x6ecf0b]
C  [ucrtbase.dll+0x29363]
C  [KERNEL32.DLL+0x1257d]
C  [ntdll.dll+0x5aa78]


---------------  P R O C E S S  ---------------

Threads class SMR info:
_java_thread_list=0x0000019d0bd85700, length=17, elements={
0x0000019d610c7f50, 0x0000019d04d38d30, 0x0000019d04d39660, 0x0000019d04d3a730,
0x0000019d04d41820, 0x0000019d04d42150, 0x0000019d04d44d10, 0x0000019d04d45b80,
0x0000019d04d50aa0, 0x0000019d04d53420, 0x0000019d090da9f0, 0x0000019d090e1e00,
0x0000019d090ecc70, 0x0000019d091bcb80, 0x0000019d091bd0c0, 0x0000019d092fa070,
0x0000019d09bf0360
}

Java Threads: ( => current thread )
  0x0000019d610c7f50 JavaThread "main" [_thread_in_native, id=18608, stack(0x0000005ae2900000,0x0000005ae2a00000)]
  0x0000019d04d38d30 JavaThread "Reference Handler" daemon [_thread_blocked, id=6704, stack(0x0000005ae3000000,0x0000005ae3100000)]
  0x0000019d04d39660 JavaThread "Finalizer" daemon [_thread_blocked, id=22196, stack(0x0000005ae3100000,0x0000005ae3200000)]
  0x0000019d04d3a730 JavaThread "Signal Dispatcher" daemon [_thread_blocked, id=20668, stack(0x0000005ae3200000,0x0000005ae3300000)]
  0x0000019d04d41820 JavaThread "Attach Listener" daemon [_thread_blocked, id=888, stack(0x0000005ae3300000,0x0000005ae3400000)]
  0x0000019d04d42150 JavaThread "Service Thread" daemon [_thread_blocked, id=20836, stack(0x0000005ae3400000,0x0000005ae3500000)]
  0x0000019d04d44d10 JavaThread "Monitor Deflation Thread" daemon [_thread_blocked, id=13828, stack(0x0000005ae3500000,0x0000005ae3600000)]
=>0x0000019d04d45b80 JavaThread "C2 CompilerThread0" daemon [_thread_in_native, id=20956, stack(0x0000005ae3600000,0x0000005ae3700000)]
  0x0000019d04d50aa0 JavaThread "C1 CompilerThread0" daemon [_thread_blocked, id=17280, stack(0x0000005ae3700000,0x0000005ae3800000)]
  0x0000019d04d53420 JavaThread "Sweeper thread" daemon [_thread_blocked, id=23668, stack(0x0000005ae3800000,0x0000005ae3900000)]
  0x0000019d090da9f0 JavaThread "Common-Cleaner" daemon [_thread_blocked, id=24192, stack(0x0000005ae3900000,0x0000005ae3a00000)]
  0x0000019d090e1e00 JavaThread "C1 CompilerThread1" daemon [_thread_blocked, id=19744, stack(0x0000005ae3a00000,0x0000005ae3b00000)]
  0x0000019d090ecc70 JavaThread "C1 CompilerThread2" daemon [_thread_blocked, id=17840, stack(0x0000005ae3b00000,0x0000005ae3c00000)]
  0x0000019d091bcb80 JavaThread "Monitor Ctrl-Break" daemon [_thread_in_native, id=8496, stack(0x0000005ae3c00000,0x0000005ae3d00000)]
  0x0000019d091bd0c0 JavaThread "Notification Thread" daemon [_thread_blocked, id=1584, stack(0x0000005ae3d00000,0x0000005ae3e00000)]
  0x0000019d092fa070 JavaThread "C1 CompilerThread3" daemon [_thread_blocked, id=23984, stack(0x0000005ae3f00000,0x0000005ae4000000)]
  0x0000019d09bf0360 JavaThread "C2 CompilerThread1" daemon [_thread_in_native, id=24152, stack(0x0000005ae4000000,0x0000005ae4100000)]

Other Threads:
  0x0000019d04d1e0c0 VMThread "VM Thread" [stack: 0x0000005ae2f00000,0x0000005ae3000000] [id=19236]
  0x0000019d610c8c30 WatcherThread "VM Periodic Task Thread" [stack: 0x0000005ae3e00000,0x0000005ae3f00000] [id=23824]
  0x0000019d6113a810 WorkerThread "GC Thread#0" [stack: 0x0000005ae2a00000,0x0000005ae2b00000] [id=9004]
  0x0000019d0934a740 WorkerThread "GC Thread#1" [stack: 0x0000005ae4700000,0x0000005ae4800000] [id=24168]
  0x0000019d0934aa10 WorkerThread "GC Thread#2" [stack: 0x0000005ae4800000,0x0000005ae4900000] [id=21792]
  0x0000019d0934b820 WorkerThread "GC Thread#3" [stack: 0x0000005ae4900000,0x0000005ae4a00000] [id=23096]
  0x0000019d09349ed0 WorkerThread "GC Thread#4" [stack: 0x0000005ae4a00000,0x0000005ae4b00000] [id=20768]
  0x0000019d0934ace0 WorkerThread "GC Thread#5" [stack: 0x0000005ae4b00000,0x0000005ae4c00000] [id=4036]
  0x0000019d0934afb0 WorkerThread "GC Thread#6" [stack: 0x0000005ae4c00000,0x0000005ae4d00000] [id=17128]
  0x0000019d0934b550 WorkerThread "GC Thread#7" [stack: 0x0000005ae4d00000,0x0000005ae4e00000] [id=13404]
  0x0000019d0934b280 WorkerThread "GC Thread#8" [stack: 0x0000005ae4e00000,0x0000005ae4f00000] [id=22804]
  0x0000019d0a859940 WorkerThread "GC Thread#9" [stack: 0x0000005ae4f00000,0x0000005ae5000000] [id=15520]
  0x0000019d0a859c10 WorkerThread "GC Thread#10" [stack: 0x0000005ae5000000,0x0000005ae5100000] [id=20468]
  0x0000019d0a859ee0 WorkerThread "GC Thread#11" [stack: 0x0000005ae5100000,0x0000005ae5200000] [id=23512]
  0x0000019d6114b080 ConcurrentGCThread "G1 Main Marker" [stack: 0x0000005ae2b00000,0x0000005ae2c00000] [id=11544]
  0x0000019d6114cb60 WorkerThread "G1 Conc#0" [stack: 0x0000005ae2c00000,0x0000005ae2d00000] [id=3028]
  0x0000019d04bd8060 ConcurrentGCThread "G1 Refine#0" [stack: 0x0000005ae2d00000,0x0000005ae2e00000] [id=22404]
  0x0000019d04bd9950 ConcurrentGCThread "G1 Service" [stack: 0x0000005ae2e00000,0x0000005ae2f00000] [id=7420]

Threads with active compile tasks:
C2 CompilerThread0     4631 4081       4       org.eclipse.aether.util.graph.transformer.ConflictResolver::gatherConflictItems (111 bytes)
C2 CompilerThread1     4631 4082       4       org.eclipse.aether.util.graph.transformer.ConflictResolver$State::push (447 bytes)

VM state: not at safepoint (normal execution)

VM Mutex/Monitor currently owned by a thread: None

Heap address: 0x0000000705e00000, size: 4002 MB, Compressed Oops mode: Zero based, Oop shift amount: 3

CDS archive(s) mapped at: [0x0000000800000000-0x0000000800c40000-0x0000000800c40000), size 12845056, SharedBaseAddress: 0x0000000800000000, ArchiveRelocationMode: 0.
Compressed class space mapped at: 0x0000000801000000-0x0000000841000000, reserved size: 1073741824
Narrow klass base: 0x0000000800000000, Narrow klass shift: 0, Narrow klass range: 0x100000000

GC Precious Log:
 CardTable entry size: 512
 Card Set container configuration: InlinePtr #cards 4 size 8 Array Of Cards #cards 16 size 48 Howl #buckets 8 coarsen threshold 3686 Howl Bitmap #cards 512 size 80 coarsen threshold 460 Card regions per heap region 1 cards per card region 4096
 CPUs: 16 total, 16 available
 Memory: 16005M
 Large Page Support: Disabled
 NUMA Support: Disabled
 Compressed Oops: Enabled (Zero based)
 Heap Region Size: 2M
 Heap Min Capacity: 8M
 Heap Initial Capacity: 252M
 Heap Max Capacity: 4002M
 Pre-touch: Disabled
 Parallel Workers: 13
 Concurrent Workers: 3
 Concurrent Refinement Workers: 13
 Periodic GC: Disabled

Heap:
 garbage-first heap   total 258048K, used 88143K [0x0000000705e00000, 0x0000000800000000)
  region size 2048K, 43 young (88064K), 2 survivors (4096K)
 Metaspace       used 14607K, committed 14848K, reserved 1114112K
  class space    used 1536K, committed 1664K, reserved 1048576K

Heap Regions: E=young(eden), S=young(survivor), O=old, HS=humongous(starts), HC=humongous(continues), CS=collection set, F=free, OA=open archive, CA=closed archive, TAMS=top-at-mark-start (previous, next)
|   0|0x0000000705e00000, 0x0000000706000000, 0x0000000706000000|100%| O|  |TAMS 0x0000000705e00000, 0x0000000705e00000| Untracked 
|   1|0x0000000706000000, 0x00000007061dc000, 0x0000000706200000| 92%| O|  |TAMS 0x0000000706000000, 0x0000000706000000| Untracked 
|   2|0x0000000706200000, 0x0000000706200000, 0x0000000706400000|  0%| F|  |TAMS 0x0000000706200000, 0x0000000706200000| Untracked 
|   3|0x0000000706400000, 0x0000000706400000, 0x0000000706600000|  0%| F|  |TAMS 0x0000000706400000, 0x0000000706400000| Untracked 
|   4|0x0000000706600000, 0x0000000706600000, 0x0000000706800000|  0%| F|  |TAMS 0x0000000706600000, 0x0000000706600000| Untracked 
|   5|0x0000000706800000, 0x0000000706800000, 0x0000000706a00000|  0%| F|  |TAMS 0x0000000706800000, 0x0000000706800000| Untracked 
|   6|0x0000000706a00000, 0x0000000706a00000, 0x0000000706c00000|  0%| F|  |TAMS 0x0000000706a00000, 0x0000000706a00000| Untracked 
|   7|0x0000000706c00000, 0x0000000706c00000, 0x0000000706e00000|  0%| F|  |TAMS 0x0000000706c00000, 0x0000000706c00000| Untracked 
|   8|0x0000000706e00000, 0x0000000706e00000, 0x0000000707000000|  0%| F|  |TAMS 0x0000000706e00000, 0x0000000706e00000| Untracked 
|   9|0x0000000707000000, 0x0000000707000000, 0x0000000707200000|  0%| F|  |TAMS 0x0000000707000000, 0x0000000707000000| Untracked 
|  10|0x0000000707200000, 0x0000000707200000, 0x0000000707400000|  0%| F|  |TAMS 0x0000000707200000, 0x0000000707200000| Untracked 
|  11|0x0000000707400000, 0x0000000707400000, 0x0000000707600000|  0%| F|  |TAMS 0x0000000707400000, 0x0000000707400000| Untracked 
|  12|0x0000000707600000, 0x0000000707600000, 0x0000000707800000|  0%| F|  |TAMS 0x0000000707600000, 0x0000000707600000| Untracked 
|  13|0x0000000707800000, 0x0000000707800000, 0x0000000707a00000|  0%| F|  |TAMS 0x0000000707800000, 0x0000000707800000| Untracked 
|  14|0x0000000707a00000, 0x0000000707a00000, 0x0000000707c00000|  0%| F|  |TAMS 0x0000000707a00000, 0x0000000707a00000| Untracked 
|  15|0x0000000707c00000, 0x0000000707c00000, 0x0000000707e00000|  0%| F|  |TAMS 0x0000000707c00000, 0x0000000707c00000| Untracked 
|  16|0x0000000707e00000, 0x0000000707e00000, 0x0000000708000000|  0%| F|  |TAMS 0x0000000707e00000, 0x0000000707e00000| Untracked 
|  17|0x0000000708000000, 0x0000000708000000, 0x0000000708200000|  0%| F|  |TAMS 0x0000000708000000, 0x0000000708000000| Untracked 
|  18|0x0000000708200000, 0x0000000708200000, 0x0000000708400000|  0%| F|  |TAMS 0x0000000708200000, 0x0000000708200000| Untracked 
|  19|0x0000000708400000, 0x0000000708400000, 0x0000000708600000|  0%| F|  |TAMS 0x0000000708400000, 0x0000000708400000| Untracked 
|  20|0x0000000708600000, 0x0000000708600000, 0x0000000708800000|  0%| F|  |TAMS 0x0000000708600000, 0x0000000708600000| Untracked 
|  21|0x0000000708800000, 0x0000000708800000, 0x0000000708a00000|  0%| F|  |TAMS 0x0000000708800000, 0x0000000708800000| Untracked 
|  22|0x0000000708a00000, 0x0000000708a00000, 0x0000000708c00000|  0%| F|  |TAMS 0x0000000708a00000, 0x0000000708a00000| Untracked 
|  23|0x0000000708c00000, 0x0000000708c00000, 0x0000000708e00000|  0%| F|  |TAMS 0x0000000708c00000, 0x0000000708c00000| Untracked 
|  24|0x0000000708e00000, 0x0000000708e00000, 0x0000000709000000|  0%| F|  |TAMS 0x0000000708e00000, 0x0000000708e00000| Untracked 
|  25|0x0000000709000000, 0x0000000709000000, 0x0000000709200000|  0%| F|  |TAMS 0x0000000709000000, 0x0000000709000000| Untracked 
|  26|0x0000000709200000, 0x0000000709200000, 0x0000000709400000|  0%| F|  |TAMS 0x0000000709200000, 0x0000000709200000| Untracked 
|  27|0x0000000709400000, 0x0000000709400000, 0x0000000709600000|  0%| F|  |TAMS 0x0000000709400000, 0x0000000709400000| Untracked 
|  28|0x0000000709600000, 0x0000000709600000, 0x0000000709800000|  0%| F|  |TAMS 0x0000000709600000, 0x0000000709600000| Untracked 
|  29|0x0000000709800000, 0x0000000709800000, 0x0000000709a00000|  0%| F|  |TAMS 0x0000000709800000, 0x0000000709800000| Untracked 
|  30|0x0000000709a00000, 0x0000000709a00000, 0x0000000709c00000|  0%| F|  |TAMS 0x0000000709a00000, 0x0000000709a00000| Untracked 
|  31|0x0000000709c00000, 0x0000000709c00000, 0x0000000709e00000|  0%| F|  |TAMS 0x0000000709c00000, 0x0000000709c00000| Untracked 
|  32|0x0000000709e00000, 0x0000000709e00000, 0x000000070a000000|  0%| F|  |TAMS 0x0000000709e00000, 0x0000000709e00000| Untracked 
|  33|0x000000070a000000, 0x000000070a000000, 0x000000070a200000|  0%| F|  |TAMS 0x000000070a000000, 0x000000070a000000| Untracked 
|  34|0x000000070a200000, 0x000000070a200000, 0x000000070a400000|  0%| F|  |TAMS 0x000000070a200000, 0x000000070a200000| Untracked 
|  35|0x000000070a400000, 0x000000070a400000, 0x000000070a600000|  0%| F|  |TAMS 0x000000070a400000, 0x000000070a400000| Untracked 
|  36|0x000000070a600000, 0x000000070a600000, 0x000000070a800000|  0%| F|  |TAMS 0x000000070a600000, 0x000000070a600000| Untracked 
|  37|0x000000070a800000, 0x000000070a800000, 0x000000070aa00000|  0%| F|  |TAMS 0x000000070a800000, 0x000000070a800000| Untracked 
|  38|0x000000070aa00000, 0x000000070aa00000, 0x000000070ac00000|  0%| F|  |TAMS 0x000000070aa00000, 0x000000070aa00000| Untracked 
|  39|0x000000070ac00000, 0x000000070ac00000, 0x000000070ae00000|  0%| F|  |TAMS 0x000000070ac00000, 0x000000070ac00000| Untracked 
|  40|0x000000070ae00000, 0x000000070ae00000, 0x000000070b000000|  0%| F|  |TAMS 0x000000070ae00000, 0x000000070ae00000| Untracked 
|  41|0x000000070b000000, 0x000000070b000000, 0x000000070b200000|  0%| F|  |TAMS 0x000000070b000000, 0x000000070b000000| Untracked 
|  42|0x000000070b200000, 0x000000070b200000, 0x000000070b400000|  0%| F|  |TAMS 0x000000070b200000, 0x000000070b200000| Untracked 
|  43|0x000000070b400000, 0x000000070b400000, 0x000000070b600000|  0%| F|  |TAMS 0x000000070b400000, 0x000000070b400000| Untracked 
|  44|0x000000070b600000, 0x000000070b600000, 0x000000070b800000|  0%| F|  |TAMS 0x000000070b600000, 0x000000070b600000| Untracked 
|  45|0x000000070b800000, 0x000000070b800000, 0x000000070ba00000|  0%| F|  |TAMS 0x000000070b800000, 0x000000070b800000| Untracked 
|  46|0x000000070ba00000, 0x000000070ba00000, 0x000000070bc00000|  0%| F|  |TAMS 0x000000070ba00000, 0x000000070ba00000| Untracked 
|  47|0x000000070bc00000, 0x000000070bc00000, 0x000000070be00000|  0%| F|  |TAMS 0x000000070bc00000, 0x000000070bc00000| Untracked 
|  48|0x000000070be00000, 0x000000070be00000, 0x000000070c000000|  0%| F|  |TAMS 0x000000070be00000, 0x000000070be00000| Untracked 
|  49|0x000000070c000000, 0x000000070c000000, 0x000000070c200000|  0%| F|  |TAMS 0x000000070c000000, 0x000000070c000000| Untracked 
|  50|0x000000070c200000, 0x000000070c200000, 0x000000070c400000|  0%| F|  |TAMS 0x000000070c200000, 0x000000070c200000| Untracked 
|  51|0x000000070c400000, 0x000000070c400000, 0x000000070c600000|  0%| F|  |TAMS 0x000000070c400000, 0x000000070c400000| Untracked 
|  52|0x000000070c600000, 0x000000070c600000, 0x000000070c800000|  0%| F|  |TAMS 0x000000070c600000, 0x000000070c600000| Untracked 
|  53|0x000000070c800000, 0x000000070c800000, 0x000000070ca00000|  0%| F|  |TAMS 0x000000070c800000, 0x000000070c800000| Untracked 
|  54|0x000000070ca00000, 0x000000070ca00000, 0x000000070cc00000|  0%| F|  |TAMS 0x000000070ca00000, 0x000000070ca00000| Untracked 
|  55|0x000000070cc00000, 0x000000070cc00000, 0x000000070ce00000|  0%| F|  |TAMS 0x000000070cc00000, 0x000000070cc00000| Untracked 
|  56|0x000000070ce00000, 0x000000070ce00000, 0x000000070d000000|  0%| F|  |TAMS 0x000000070ce00000, 0x000000070ce00000| Untracked 
|  57|0x000000070d000000, 0x000000070d000000, 0x000000070d200000|  0%| F|  |TAMS 0x000000070d000000, 0x000000070d000000| Untracked 
|  58|0x000000070d200000, 0x000000070d200000, 0x000000070d400000|  0%| F|  |TAMS 0x000000070d200000, 0x000000070d200000| Untracked 
|  59|0x000000070d400000, 0x000000070d400000, 0x000000070d600000|  0%| F|  |TAMS 0x000000070d400000, 0x000000070d400000| Untracked 
|  60|0x000000070d600000, 0x000000070d600000, 0x000000070d800000|  0%| F|  |TAMS 0x000000070d600000, 0x000000070d600000| Untracked 
|  61|0x000000070d800000, 0x000000070d800000, 0x000000070da00000|  0%| F|  |TAMS 0x000000070d800000, 0x000000070d800000| Untracked 
|  62|0x000000070da00000, 0x000000070da00000, 0x000000070dc00000|  0%| F|  |TAMS 0x000000070da00000, 0x000000070da00000| Untracked 
|  63|0x000000070dc00000, 0x000000070dc00000, 0x000000070de00000|  0%| F|  |TAMS 0x000000070dc00000, 0x000000070dc00000| Untracked 
|  64|0x000000070de00000, 0x000000070de00000, 0x000000070e000000|  0%| F|  |TAMS 0x000000070de00000, 0x000000070de00000| Untracked 
|  65|0x000000070e000000, 0x000000070e000000, 0x000000070e200000|  0%| F|  |TAMS 0x000000070e000000, 0x000000070e000000| Untracked 
|  66|0x000000070e200000, 0x000000070e200000, 0x000000070e400000|  0%| F|  |TAMS 0x000000070e200000, 0x000000070e200000| Untracked 
|  67|0x000000070e400000, 0x000000070e400000, 0x000000070e600000|  0%| F|  |TAMS 0x000000070e400000, 0x000000070e400000| Untracked 
|  68|0x000000070e600000, 0x000000070e600000, 0x000000070e800000|  0%| F|  |TAMS 0x000000070e600000, 0x000000070e600000| Untracked 
|  69|0x000000070e800000, 0x000000070e800000, 0x000000070ea00000|  0%| F|  |TAMS 0x000000070e800000, 0x000000070e800000| Untracked 
|  70|0x000000070ea00000, 0x000000070ea00000, 0x000000070ec00000|  0%| F|  |TAMS 0x000000070ea00000, 0x000000070ea00000| Untracked 
|  71|0x000000070ec00000, 0x000000070ec00000, 0x000000070ee00000|  0%| F|  |TAMS 0x000000070ec00000, 0x000000070ec00000| Untracked 
|  72|0x000000070ee00000, 0x000000070ee00000, 0x000000070f000000|  0%| F|  |TAMS 0x000000070ee00000, 0x000000070ee00000| Untracked 
|  73|0x000000070f000000, 0x000000070f000000, 0x000000070f200000|  0%| F|  |TAMS 0x000000070f000000, 0x000000070f000000| Untracked 
|  74|0x000000070f200000, 0x000000070f200000, 0x000000070f400000|  0%| F|  |TAMS 0x000000070f200000, 0x000000070f200000| Untracked 
|  75|0x000000070f400000, 0x000000070f400000, 0x000000070f600000|  0%| F|  |TAMS 0x000000070f400000, 0x000000070f400000| Untracked 
|  76|0x000000070f600000, 0x000000070f600000, 0x000000070f800000|  0%| F|  |TAMS 0x000000070f600000, 0x000000070f600000| Untracked 
|  77|0x000000070f800000, 0x000000070f800000, 0x000000070fa00000|  0%| F|  |TAMS 0x000000070f800000, 0x000000070f800000| Untracked 
|  78|0x000000070fa00000, 0x000000070fa00000, 0x000000070fc00000|  0%| F|  |TAMS 0x000000070fa00000, 0x000000070fa00000| Untracked 
|  79|0x000000070fc00000, 0x000000070fc00000, 0x000000070fe00000|  0%| F|  |TAMS 0x000000070fc00000, 0x000000070fc00000| Untracked 
|  80|0x000000070fe00000, 0x000000070fe00000, 0x0000000710000000|  0%| F|  |TAMS 0x000000070fe00000, 0x000000070fe00000| Untracked 
|  81|0x0000000710000000, 0x0000000710000000, 0x0000000710200000|  0%| F|  |TAMS 0x0000000710000000, 0x0000000710000000| Untracked 
|  82|0x0000000710200000, 0x0000000710200000, 0x0000000710400000|  0%| F|  |TAMS 0x0000000710200000, 0x0000000710200000| Untracked 
|  83|0x0000000710400000, 0x0000000710497e10, 0x0000000710600000| 29%| E|  |TAMS 0x0000000710400000, 0x0000000710400000| Complete 
|  84|0x0000000710600000, 0x0000000710800000, 0x0000000710800000|100%| E|CS|TAMS 0x0000000710600000, 0x0000000710600000| Complete 
|  85|0x0000000710800000, 0x0000000710a00000, 0x0000000710a00000|100%| E|CS|TAMS 0x0000000710800000, 0x0000000710800000| Complete 
|  86|0x0000000710a00000, 0x0000000710c00000, 0x0000000710c00000|100%| E|CS|TAMS 0x0000000710a00000, 0x0000000710a00000| Complete 
|  87|0x0000000710c00000, 0x0000000710e00000, 0x0000000710e00000|100%| E|CS|TAMS 0x0000000710c00000, 0x0000000710c00000| Complete 
|  88|0x0000000710e00000, 0x0000000711000000, 0x0000000711000000|100%| E|CS|TAMS 0x0000000710e00000, 0x0000000710e00000| Complete 
|  89|0x0000000711000000, 0x0000000711200000, 0x0000000711200000|100%| E|CS|TAMS 0x0000000711000000, 0x0000000711000000| Complete 
|  90|0x0000000711200000, 0x0000000711400000, 0x0000000711400000|100%| E|CS|TAMS 0x0000000711200000, 0x0000000711200000| Complete 
|  91|0x0000000711400000, 0x0000000711600000, 0x0000000711600000|100%| E|CS|TAMS 0x0000000711400000, 0x0000000711400000| Complete 
|  92|0x0000000711600000, 0x0000000711800000, 0x0000000711800000|100%| E|CS|TAMS 0x0000000711600000, 0x0000000711600000| Complete 
|  93|0x0000000711800000, 0x0000000711a00000, 0x0000000711a00000|100%| E|CS|TAMS 0x0000000711800000, 0x0000000711800000| Complete 
|  94|0x0000000711a00000, 0x0000000711c00000, 0x0000000711c00000|100%| E|CS|TAMS 0x0000000711a00000, 0x0000000711a00000| Complete 
|  95|0x0000000711c00000, 0x0000000711e00000, 0x0000000711e00000|100%| E|CS|TAMS 0x0000000711c00000, 0x0000000711c00000| Complete 
|  96|0x0000000711e00000, 0x0000000712000000, 0x0000000712000000|100%| E|CS|TAMS 0x0000000711e00000, 0x0000000711e00000| Complete 
|  97|0x0000000712000000, 0x0000000712200000, 0x0000000712200000|100%| E|CS|TAMS 0x0000000712000000, 0x0000000712000000| Complete 
|  98|0x0000000712200000, 0x0000000712400000, 0x0000000712400000|100%| E|CS|TAMS 0x0000000712200000, 0x0000000712200000| Complete 
|  99|0x0000000712400000, 0x0000000712600000, 0x0000000712600000|100%| E|CS|TAMS 0x0000000712400000, 0x0000000712400000| Complete 
| 100|0x0000000712600000, 0x0000000712800000, 0x0000000712800000|100%| E|CS|TAMS 0x0000000712600000, 0x0000000712600000| Complete 
| 101|0x0000000712800000, 0x0000000712a00000, 0x0000000712a00000|100%| E|CS|TAMS 0x0000000712800000, 0x0000000712800000| Complete 
| 102|0x0000000712a00000, 0x0000000712c00000, 0x0000000712c00000|100%| E|CS|TAMS 0x0000000712a00000, 0x0000000712a00000| Complete 
| 103|0x0000000712c00000, 0x0000000712e00000, 0x0000000712e00000|100%| E|CS|TAMS 0x0000000712c00000, 0x0000000712c00000| Complete 
| 104|0x0000000712e00000, 0x0000000713000000, 0x0000000713000000|100%| E|CS|TAMS 0x0000000712e00000, 0x0000000712e00000| Complete 
| 105|0x0000000713000000, 0x0000000713200000, 0x0000000713200000|100%| E|CS|TAMS 0x0000000713000000, 0x0000000713000000| Complete 
| 106|0x0000000713200000, 0x0000000713237d90, 0x0000000713400000| 10%| S|CS|TAMS 0x0000000713200000, 0x0000000713200000| Complete 
| 107|0x0000000713400000, 0x0000000713600000, 0x0000000713600000|100%| S|CS|TAMS 0x0000000713400000, 0x0000000713400000| Complete 
| 108|0x0000000713600000, 0x0000000713800000, 0x0000000713800000|100%| E|CS|TAMS 0x0000000713600000, 0x0000000713600000| Complete 
| 109|0x0000000713800000, 0x0000000713a00000, 0x0000000713a00000|100%| E|CS|TAMS 0x0000000713800000, 0x0000000713800000| Complete 
| 110|0x0000000713a00000, 0x0000000713c00000, 0x0000000713c00000|100%| E|CS|TAMS 0x0000000713a00000, 0x0000000713a00000| Complete 
| 111|0x0000000713c00000, 0x0000000713e00000, 0x0000000713e00000|100%| E|CS|TAMS 0x0000000713c00000, 0x0000000713c00000| Complete 
| 112|0x0000000713e00000, 0x0000000714000000, 0x0000000714000000|100%| E|CS|TAMS 0x0000000713e00000, 0x0000000713e00000| Complete 
| 113|0x0000000714000000, 0x0000000714200000, 0x0000000714200000|100%| E|CS|TAMS 0x0000000714000000, 0x0000000714000000| Complete 
| 114|0x0000000714200000, 0x0000000714400000, 0x0000000714400000|100%| E|CS|TAMS 0x0000000714200000, 0x0000000714200000| Complete 
| 115|0x0000000714400000, 0x0000000714600000, 0x0000000714600000|100%| E|CS|TAMS 0x0000000714400000, 0x0000000714400000| Complete 
| 116|0x0000000714600000, 0x0000000714800000, 0x0000000714800000|100%| E|CS|TAMS 0x0000000714600000, 0x0000000714600000| Complete 
| 117|0x0000000714800000, 0x0000000714a00000, 0x0000000714a00000|100%| E|CS|TAMS 0x0000000714800000, 0x0000000714800000| Complete 
| 118|0x0000000714a00000, 0x0000000714c00000, 0x0000000714c00000|100%| E|CS|TAMS 0x0000000714a00000, 0x0000000714a00000| Complete 
| 119|0x0000000714c00000, 0x0000000714e00000, 0x0000000714e00000|100%| E|CS|TAMS 0x0000000714c00000, 0x0000000714c00000| Complete 
| 120|0x0000000714e00000, 0x0000000715000000, 0x0000000715000000|100%| E|CS|TAMS 0x0000000714e00000, 0x0000000714e00000| Complete 
| 121|0x0000000715000000, 0x0000000715200000, 0x0000000715200000|100%| E|CS|TAMS 0x0000000715000000, 0x0000000715000000| Complete 
| 122|0x0000000715200000, 0x0000000715400000, 0x0000000715400000|100%| E|CS|TAMS 0x0000000715200000, 0x0000000715200000| Complete 
| 123|0x0000000715400000, 0x0000000715600000, 0x0000000715600000|100%| E|CS|TAMS 0x0000000715400000, 0x0000000715400000| Complete 
| 124|0x0000000715600000, 0x0000000715800000, 0x0000000715800000|100%| E|CS|TAMS 0x0000000715600000, 0x0000000715600000| Complete 
| 125|0x0000000715800000, 0x0000000715a00000, 0x0000000715a00000|100%| E|CS|TAMS 0x0000000715800000, 0x0000000715800000| Complete 

Card table byte_map: [0x0000019d79090000,0x0000019d79870000] _byte_map_base: 0x0000019d75861000

Marking Bits (Prev, Next): (CMBitMap*) 0x0000019d6113ad40, (CMBitMap*) 0x0000019d6113ad80
 Prev Bits: [0x0000019d7a050000, 0x0000019d7ded8000)
 Next Bits: [0x0000019d00000000, 0x0000019d03e88000)

Polling page: 0x0000019d5f070000

Metaspace:

Usage:
  Non-class:     12.76 MB used.
      Class:      1.50 MB used.
       Both:     14.27 MB used.

Virtual space:
  Non-class space:       64.00 MB reserved,      12.88 MB ( 20%) committed,  1 nodes.
      Class space:        1.00 GB reserved,       1.62 MB ( <1%) committed,  1 nodes.
             Both:        1.06 GB reserved,      14.50 MB (  1%) committed. 

Chunk freelists:
   Non-Class:  2.88 MB
       Class:  2.32 MB
        Both:  5.20 MB

MaxMetaspaceSize: unlimited
CompressedClassSpaceSize: 1.00 GB
Initial GC threshold: 21.00 MB
Current GC threshold: 21.00 MB
CDS: on
MetaspaceReclaimPolicy: balanced
 - commit_granule_bytes: 65536.
 - commit_granule_words: 8192.
 - virtual_space_node_default_size: 8388608.
 - enlarge_chunks_in_place: 1.
 - new_chunks_are_fully_committed: 0.
 - uncommit_free_chunks: 1.
 - use_allocation_guard: 0.


Internal statistics:

num_allocs_failed_limit: 0.
num_arena_births: 262.
num_arena_deaths: 0.
num_vsnodes_births: 2.
num_vsnodes_deaths: 0.
num_space_committed: 232.
num_space_uncommitted: 0.
num_chunks_returned_to_freelist: 0.
num_chunks_taken_from_freelist: 734.
num_chunk_merges: 0.
num_chunk_splits: 521.
num_chunks_enlarged: 388.
num_inconsistent_stats: 0.

CodeHeap 'non-profiled nmethods': size=119168Kb used=2019Kb max_used=2019Kb free=117148Kb
 bounds [0x0000019d70bd0000, 0x0000019d70e40000, 0x0000019d78030000]
CodeHeap 'profiled nmethods': size=119104Kb used=8624Kb max_used=8624Kb free=110480Kb
 bounds [0x0000019d69030000, 0x0000019d698a0000, 0x0000019d70480000]
CodeHeap 'non-nmethods': size=7488Kb used=2969Kb max_used=3020Kb free=4519Kb
 bounds [0x0000019d70480000, 0x0000019d70780000, 0x0000019d70bd0000]
 total_blobs=4630 nmethods=4136 adapters=401
 compilation: enabled
              stopped_count=0, restarted_count=0
 full_count=0

Compilation events (20 events):
Event: 4.601 Thread 0x0000019d092fa070 nmethod 4134 0x0000019d70dc7d10 code [0x0000019d70dc7ea0, 0x0000019d70dc7f78]
Event: 4.601 Thread 0x0000019d04d50aa0 nmethod 4135 0x0000019d70dc8010 code [0x0000019d70dc81a0, 0x0000019d70dc82b8]
Event: 4.601 Thread 0x0000019d09bf0360 nmethod 4117 0x0000019d70dc6610 code [0x0000019d70dc67c0, 0x0000019d70dc6ff8]
Event: 4.601 Thread 0x0000019d090e1e00 nmethod 4137 0x0000019d70dc8310 code [0x0000019d70dc84a0, 0x0000019d70dc8578]
Event: 4.601 Thread 0x0000019d04d50aa0 4138       3       org.apache.maven.artifact.DefaultArtifact::appendArtifactTypeClassifierString (49 bytes)
Event: 4.601 Thread 0x0000019d090ecc70 nmethod 4136 0x0000019d69899710 code [0x0000019d69899900, 0x0000019d69899c98]
Event: 4.601 Thread 0x0000019d09bf0360 4082       4       org.eclipse.aether.util.graph.transformer.ConflictResolver$State::push (447 bytes)
Event: 4.601 Thread 0x0000019d090e1e00 4139       3       org.apache.maven.artifact.DefaultArtifact::hasClassifier (8 bytes)
Event: 4.601 Thread 0x0000019d092fa070 4140       3       org.apache.maven.artifact.DefaultArtifact::hashCode (88 bytes)
Event: 4.601 Thread 0x0000019d090e1e00 nmethod 4139 0x0000019d69899e10 code [0x0000019d69899fc0, 0x0000019d6989a298]
Event: 4.601 Thread 0x0000019d090e1e00 4141       3       org.apache.maven.artifact.DefaultArtifact::getDependencyConflictId (37 bytes)
Event: 4.601 Thread 0x0000019d090ecc70 4142       1       org.apache.maven.artifact.DefaultArtifact::setFile (6 bytes)
Event: 4.601 Thread 0x0000019d04d50aa0 nmethod 4138 0x0000019d6989a390 code [0x0000019d6989a5c0, 0x0000019d6989ace8]
Event: 4.601 Thread 0x0000019d04d50aa0 4143       1       org.apache.maven.artifact.DefaultArtifact::setResolved (6 bytes)
Event: 4.601 Thread 0x0000019d092fa070 nmethod 4140 0x0000019d6989af90 code [0x0000019d6989b180, 0x0000019d6989b4c8]
Event: 4.601 Thread 0x0000019d090ecc70 nmethod 4142 0x0000019d70dc8610 code [0x0000019d70dc87a0, 0x0000019d70dc88b8]
Event: 4.601 Thread 0x0000019d04d50aa0 nmethod 4143 0x0000019d70dc8910 code [0x0000019d70dc8aa0, 0x0000019d70dc8b78]
Event: 4.601 Thread 0x0000019d090e1e00 nmethod 4141 0x0000019d6989b690 code [0x0000019d6989b8a0, 0x0000019d6989bda8]
Event: 4.604 Thread 0x0000019d04d50aa0 4144       1       org.eclipse.aether.repository.RemoteRepository::getHost (5 bytes)
Event: 4.604 Thread 0x0000019d04d50aa0 nmethod 4144 0x0000019d70dc8c10 code [0x0000019d70dc8da0, 0x0000019d70dc8e78]

GC Heap History (4 events):
Event: 2.598 GC heap before
{Heap before GC invocations=0 (full 0):
 garbage-first heap   total 258048K, used 22528K [0x0000000705e00000, 0x0000000800000000)
  region size 2048K, 11 young (22528K), 0 survivors (0K)
 Metaspace       used 5545K, committed 5760K, reserved 1114112K
  class space    used 597K, committed 704K, reserved 1048576K
}
Event: 2.601 GC heap after
{Heap after GC invocations=1 (full 0):
 garbage-first heap   total 258048K, used 4191K [0x0000000705e00000, 0x0000000800000000)
  region size 2048K, 2 young (4096K), 2 survivors (4096K)
 Metaspace       used 5545K, committed 5760K, reserved 1114112K
  class space    used 597K, committed 704K, reserved 1048576K
}
Event: 2.983 GC heap before
{Heap before GC invocations=1 (full 0):
 garbage-first heap   total 258048K, used 36959K [0x0000000705e00000, 0x0000000800000000)
  region size 2048K, 18 young (36864K), 2 survivors (4096K)
 Metaspace       used 10315K, committed 10496K, reserved 1114112K
  class space    used 1183K, committed 1280K, reserved 1048576K
}
Event: 2.986 GC heap after
{Heap after GC invocations=2 (full 0):
 garbage-first heap   total 258048K, used 6223K [0x0000000705e00000, 0x0000000800000000)
  region size 2048K, 2 young (4096K), 2 survivors (4096K)
 Metaspace       used 10315K, committed 10496K, reserved 1114112K
  class space    used 1183K, committed 1280K, reserved 1048576K
}

Dll operation events (12 events):
Event: 0.009 Loaded shared library C:\Program Files\Java\jdk-19\bin\java.dll
Event: 0.014 Loaded shared library C:\Program Files\Java\jdk-19\bin\jsvml.dll
Event: 0.049 Loaded shared library C:\Program Files\Java\jdk-19\bin\zip.dll
Event: 0.051 Loaded shared library C:\Program Files\Java\jdk-19\bin\instrument.dll
Event: 0.054 Loaded shared library C:\Program Files\Java\jdk-19\bin\net.dll
Event: 0.056 Loaded shared library C:\Program Files\Java\jdk-19\bin\nio.dll
Event: 0.128 Loaded shared library C:\Program Files\Java\jdk-19\bin\zip.dll
Event: 0.140 Loaded shared library C:\Program Files\JetBrains\IntelliJ IDEA 2022.1.2\bin\breakgen64.dll
Event: 0.146 Loaded shared library C:\Program Files\Java\jdk-19\bin\extnet.dll
Event: 1.146 Loaded shared library C:\Program Files\Java\jdk-19\bin\jimage.dll
Event: 2.296 Loaded shared library C:\Users\99293\AppData\Local\Temp\jansi-2.4.0-2b1b9b8999e2f20e-jansi.dll
Event: 2.302 Loaded shared library C:\Program Files\Java\jdk-19\bin\verify.dll

Deoptimization events (20 events):
Event: 4.587 Thread 0x0000019d610c7f50 DEOPT PACKING pc=0x0000019d691127a9 sp=0x0000005ae29fda30
Event: 4.587 Thread 0x0000019d610c7f50 DEOPT UNPACKING pc=0x0000019d704e7543 sp=0x0000005ae29fcf10 mode 0
Event: 4.594 Thread 0x0000019d610c7f50 DEOPT PACKING pc=0x0000019d691127a9 sp=0x0000005ae29fda50
Event: 4.594 Thread 0x0000019d610c7f50 DEOPT UNPACKING pc=0x0000019d704e7543 sp=0x0000005ae29fcf30 mode 0
Event: 4.604 Thread 0x0000019d610c7f50 Uncommon trap: trap_request=0xffffffbe fr.pc=0x0000019d70dbfb08 relative=0x00000000000002e8
Event: 4.604 Thread 0x0000019d610c7f50 Uncommon trap: reason=profile_predicate action=maybe_recompile pc=0x0000019d70dbfb08 method=java.util.HashMap.keysToArray([Ljava/lang/Object;)[Ljava/lang/Object; @ 36 c2
Event: 4.604 Thread 0x0000019d610c7f50 DEOPT PACKING pc=0x0000019d70dbfb08 sp=0x0000005ae29fcf00
Event: 4.604 Thread 0x0000019d610c7f50 DEOPT UNPACKING pc=0x0000019d704e6da3 sp=0x0000005ae29fcea0 mode 2
Event: 4.604 Thread 0x0000019d610c7f50 Uncommon trap: trap_request=0xffffffbe fr.pc=0x0000019d70dbfb08 relative=0x00000000000002e8
Event: 4.604 Thread 0x0000019d610c7f50 Uncommon trap: reason=profile_predicate action=maybe_recompile pc=0x0000019d70dbfb08 method=java.util.HashMap.keysToArray([Ljava/lang/Object;)[Ljava/lang/Object; @ 36 c2
Event: 4.604 Thread 0x0000019d610c7f50 DEOPT PACKING pc=0x0000019d70dbfb08 sp=0x0000005ae29fcf00
Event: 4.604 Thread 0x0000019d610c7f50 DEOPT UNPACKING pc=0x0000019d704e6da3 sp=0x0000005ae29fcea0 mode 2
Event: 4.604 Thread 0x0000019d610c7f50 Uncommon trap: trap_request=0xffffffbe fr.pc=0x0000019d70dbfb08 relative=0x00000000000002e8
Event: 4.604 Thread 0x0000019d610c7f50 Uncommon trap: reason=profile_predicate action=maybe_recompile pc=0x0000019d70dbfb08 method=java.util.HashMap.keysToArray([Ljava/lang/Object;)[Ljava/lang/Object; @ 36 c2
Event: 4.604 Thread 0x0000019d610c7f50 DEOPT PACKING pc=0x0000019d70dbfb08 sp=0x0000005ae29fcf00
Event: 4.604 Thread 0x0000019d610c7f50 DEOPT UNPACKING pc=0x0000019d704e6da3 sp=0x0000005ae29fcea0 mode 2
Event: 4.604 Thread 0x0000019d610c7f50 Uncommon trap: trap_request=0xffffffbe fr.pc=0x0000019d70dbfb08 relative=0x00000000000002e8
Event: 4.604 Thread 0x0000019d610c7f50 Uncommon trap: reason=profile_predicate action=maybe_recompile pc=0x0000019d70dbfb08 method=java.util.HashMap.keysToArray([Ljava/lang/Object;)[Ljava/lang/Object; @ 36 c2
Event: 4.604 Thread 0x0000019d610c7f50 DEOPT PACKING pc=0x0000019d70dbfb08 sp=0x0000005ae29fcf00
Event: 4.604 Thread 0x0000019d610c7f50 DEOPT UNPACKING pc=0x0000019d704e6da3 sp=0x0000005ae29fcea0 mode 2

Classes loaded (20 events):
Event: 3.196 Loading class java/lang/Byte$ByteCache
Event: 3.196 Loading class java/lang/Byte$ByteCache done
Event: 3.199 Loading class sun/invoke/util/ValueConversions$1
Event: 3.199 Loading class sun/invoke/util/ValueConversions$1 done
Event: 3.199 Loading class java/lang/invoke/BoundMethodHandle$Species_LI
Event: 3.199 Loading class java/lang/invoke/BoundMethodHandle$Species_LI done
Event: 3.409 Loading class java/util/LinkedList$ListItr
Event: 3.409 Loading class java/util/LinkedList$ListItr done
Event: 3.411 Loading class java/util/concurrent/locks/ReentrantReadWriteLock$NonfairSync
Event: 3.411 Loading class java/util/concurrent/locks/ReentrantReadWriteLock$Sync
Event: 3.411 Loading class java/util/concurrent/locks/ReentrantReadWriteLock$Sync done
Event: 3.411 Loading class java/util/concurrent/locks/ReentrantReadWriteLock$NonfairSync done
Event: 3.411 Loading class java/util/concurrent/locks/ReentrantReadWriteLock$Sync$ThreadLocalHoldCounter
Event: 3.411 Loading class java/util/concurrent/locks/ReentrantReadWriteLock$Sync$ThreadLocalHoldCounter done
Event: 3.411 Loading class java/util/concurrent/locks/ReentrantReadWriteLock$ReadLock
Event: 3.411 Loading class java/util/concurrent/locks/ReentrantReadWriteLock$ReadLock done
Event: 3.411 Loading class java/util/concurrent/locks/ReentrantReadWriteLock$WriteLock
Event: 3.411 Loading class java/util/concurrent/locks/ReentrantReadWriteLock$WriteLock done
Event: 4.116 Loading class sun/nio/cs/ISO_8859_1$Decoder
Event: 4.116 Loading class sun/nio/cs/ISO_8859_1$Decoder done

Classes unloaded (0 events):
No events

Classes redefined (0 events):
No events

Internal exceptions (20 events):
Event: 3.027 Thread 0x0000019d610c7f50 Exception <a 'java/lang/NoSuchMethodError'{0x00000007157128b0}: 'void java.lang.invoke.DirectMethodHandle$Holder.invokeStatic(java.lang.Object, java.lang.Object, int, java.lang.Object)'> (0x00000007157128b0) 
thrown [s\open\src\hotspot\share\interpreter\linkResolver.cpp, line 774]
Event: 3.027 Thread 0x0000019d610c7f50 Exception <a 'java/lang/NoSuchMethodError'{0x000000071571a878}: 'void java.lang.invoke.DelegatingMethodHandle$Holder.delegate(java.lang.Object, java.lang.Object, int, java.lang.Object)'> (0x000000071571a878) 
thrown [s\open\src\hotspot\share\interpreter\linkResolver.cpp, line 774]
Event: 3.028 Thread 0x0000019d610c7f50 Exception <a 'java/lang/NoSuchMethodError'{0x000000071571f158}: 'int java.lang.invoke.DirectMethodHandle$Holder.invokeSpecial(java.lang.Object, java.lang.Object, java.lang.Object)'> (0x000000071571f158) 
thrown [s\open\src\hotspot\share\interpreter\linkResolver.cpp, line 774]
Event: 3.044 Thread 0x0000019d610c7f50 Exception <a 'java/lang/NoSuchMethodError'{0x000000071549aa00}: 'java.lang.Object java.lang.invoke.DirectMethodHandle$Holder.newInvokeSpecial(java.lang.Object, java.lang.Object, java.lang.Object, java.lang.Object, java.lang.Object, java.lang.Object, java.lang.Object)'> (0x000000071549aa00) 
thrown [s\open\src\hotspot\share\interpreter\linkResolver.cpp, line 774]
Event: 3.049 Thread 0x0000019d610c7f50 Exception <a 'java/lang/NoSuchMethodError'{0x00000007154d7cf0}: 'java.lang.Object java.lang.invoke.DirectMethodHandle$Holder.newInvokeSpecial(java.lang.Object, java.lang.Object, java.lang.Object, java.lang.Object, java.lang.Object, java.lang.Object, java.lang.Object, java.lang.Object, java.lang.Object)'> (0x00000007154d7cf0) 
thrown [s\open\src\hotspot\share\interpreter\linkResolver.cpp, line 774]
Event: 3.062 Thread 0x0000019d610c7f50 Exception <a 'java/lang/NoSuchMethodError'{0x00000007155c47b0}: 'java.lang.Object java.lang.invoke.DirectMethodHandle$Holder.newInvokeSpecial(java.lang.Object, java.lang.Object, java.lang.Object, java.lang.Object, java.lang.Object, java.lang.Object, java.lang.Object, java.lang.Object, java.lang.Object, java.lang.Object, java.lang.Object, java.lang.Object)'> (0x00000007155c47b0) 
thrown [s\open\src\hotspot\share\interpreter\linkResolver.cpp, line 774]
Event: 3.064 Thread 0x0000019d610c7f50 Exception <a 'java/lang/NoSuchMethodError'{0x000000071520cc28}: 'java.lang.Object java.lang.invoke.DirectMethodHandle$Holder.invokeStatic(java.lang.Object, java.lang.Object, java.lang.Object, java.lang.Object, java.lang.Object, java.lang.Object, java.lang.Object, java.lang.Object, java.lang.Object, java.lang.Object, java.lang.Object, java.lang.Object, java.lang.Object)'> (0x000000071520cc28) 
thrown [s\open\src\hotspot\share\interpreter\linkResolver.cpp, line 774]
Event: 3.066 Thread 0x0000019d610c7f50 Exception <a 'java/lang/NoSuchMethodError'{0x000000071522c6c8}: 'java.lang.Object java.lang.invoke.DirectMethodHandle$Holder.invokeStatic(java.lang.Object, java.lang.Object, java.lang.Object, java.lang.Object, java.lang.Object, java.lang.Object, java.lang.Object, java.lang.Object, java.lang.Object, java.lang.Object, java.lang.Object, java.lang.Object, java.lang.Object, java.lang.Object)'> (0x000000071522c6c8) 
thrown [s\open\src\hotspot\share\interpreter\linkResolver.cpp, line 774]
Event: 3.067 Thread 0x0000019d610c7f50 Exception <a 'java/lang/NoSuchMethodError'{0x000000071524db50}: 'java.lang.Object java.lang.invoke.DirectMethodHandle$Holder.invokeStatic(java.lang.Object, java.lang.Object, java.lang.Object, java.lang.Object, java.lang.Object, java.lang.Object, java.lang.Object, java.lang.Object, java.lang.Object, java.lang.Object, java.lang.Object, java.lang.Object, java.lang.Object, java.lang.Object, java.lang.Object)'> (0x000000071524db50) 
thrown [s\open\src\hotspot\share\interpreter\linkResolver.cpp, line 774]
Event: 3.077 Thread 0x0000019d610c7f50 Exception <a 'java/lang/NoSuchMethodError'{0x00000007152c5788}: 'java.lang.Object java.lang.invoke.DirectMethodHandle$Holder.invokeStaticInit(java.lang.Object, int, int, int, int)'> (0x00000007152c5788) 
thrown [s\open\src\hotspot\share\interpreter\linkResolver.cpp, line 774]
Event: 3.138 Thread 0x0000019d610c7f50 Implicit null exception at 0x0000019d70c1dcf2 to 0x0000019d70c1e1f0
Event: 3.138 Thread 0x0000019d610c7f50 Implicit null exception at 0x0000019d70c15df2 to 0x0000019d70c162e4
Event: 3.149 Thread 0x0000019d610c7f50 Implicit null exception at 0x0000019d70c41ba0 to 0x0000019d70c41d58
Event: 3.199 Thread 0x0000019d610c7f50 Exception <a 'java/lang/NoSuchMethodError'{0x0000000714a2ea08}: 'void java.lang.invoke.DirectMethodHandle$Holder.invokeVirtual(java.lang.Object, java.lang.Object, int)'> (0x0000000714a2ea08) 
thrown [s\open\src\hotspot\share\interpreter\linkResolver.cpp, line 774]
Event: 3.199 Thread 0x0000019d610c7f50 Exception <a 'java/lang/NoSuchMethodError'{0x0000000714a32e20}: 'int java.lang.invoke.DirectMethodHandle$Holder.invokeSpecial(java.lang.Object, java.lang.Object, java.lang.Object, int)'> (0x0000000714a32e20) 
thrown [s\open\src\hotspot\share\interpreter\linkResolver.cpp, line 774]
Event: 3.200 Thread 0x0000019d610c7f50 Exception <a 'java/lang/NoSuchMethodError'{0x0000000714a43228}: 'java.lang.Object java.lang.invoke.DirectMethodHandle$Holder.invokeStatic(java.lang.Object, java.lang.Object, java.lang.Object, java.lang.Object, int)'> (0x0000000714a43228) 
thrown [s\open\src\hotspot\share\interpreter\linkResolver.cpp, line 774]
Event: 3.200 Thread 0x0000019d610c7f50 Exception <a 'java/lang/NoSuchMethodError'{0x0000000714a4eaa8}: 'void java.lang.invoke.DelegatingMethodHandle$Holder.reinvoke_L(java.lang.Object, java.lang.Object, int)'> (0x0000000714a4eaa8) 
thrown [s\open\src\hotspot\share\interpreter\linkResolver.cpp, line 774]
Event: 4.579 Thread 0x0000019d610c7f50 Implicit null exception at 0x0000019d70c6976d to 0x0000019d70c69938
Event: 4.579 Thread 0x0000019d610c7f50 Implicit null exception at 0x0000019d70c872ed to 0x0000019d70c874a8
Event: 4.579 Thread 0x0000019d610c7f50 Implicit null exception at 0x0000019d70c7f4af to 0x0000019d70c7f529

VM Operations (20 events):
Event: 3.089 Executing VM operation: ICBufferFull
Event: 3.089 Executing VM operation: ICBufferFull done
Event: 3.105 Executing VM operation: HandshakeAllThreads
Event: 3.105 Executing VM operation: HandshakeAllThreads done
Event: 3.123 Executing VM operation: HandshakeAllThreads
Event: 3.123 Executing VM operation: HandshakeAllThreads done
Event: 3.124 Executing VM operation: HandshakeAllThreads
Event: 3.124 Executing VM operation: HandshakeAllThreads done
Event: 3.411 Executing VM operation: HandshakeAllThreads
Event: 3.411 Executing VM operation: HandshakeAllThreads done
Event: 3.411 Executing VM operation: HandshakeAllThreads
Event: 3.411 Executing VM operation: HandshakeAllThreads done
Event: 3.415 Executing VM operation: ICBufferFull
Event: 3.415 Executing VM operation: ICBufferFull done
Event: 3.697 Executing VM operation: HandshakeAllThreads
Event: 3.697 Executing VM operation: HandshakeAllThreads done
Event: 4.122 Executing VM operation: ICBufferFull
Event: 4.122 Executing VM operation: ICBufferFull done
Event: 4.605 Executing VM operation: ICBufferFull
Event: 4.605 Executing VM operation: ICBufferFull done

Events (20 events):
Event: 1.153 Thread 0x0000019d09350570 Thread added: 0x0000019d09350570
Event: 1.153 Thread 0x0000019d09365360 Thread added: 0x0000019d09365360
Event: 1.442 Thread 0x0000019d09365360 Thread exited: 0x0000019d09365360
Event: 1.828 Thread 0x0000019d09350570 Thread exited: 0x0000019d09350570
Event: 1.828 Thread 0x0000019d0934fff0 Thread exited: 0x0000019d0934fff0
Event: 2.441 Thread 0x0000019d091c42d0 Thread added: 0x0000019d091c42d0
Event: 2.578 Thread 0x0000019d09bf0360 Thread added: 0x0000019d09bf0360
Event: 2.588 Thread 0x0000019d0a003270 Thread added: 0x0000019d0a003270
Event: 2.588 Thread 0x0000019d0a0037f0 Thread added: 0x0000019d0a0037f0
Event: 2.596 Thread 0x0000019d0a228490 Thread added: 0x0000019d0a228490
Event: 2.596 Thread 0x0000019d0a6fd1d0 Thread added: 0x0000019d0a6fd1d0
Event: 2.596 Thread 0x0000019d0a72f9c0 Thread added: 0x0000019d0a72f9c0
Event: 3.497 Thread 0x0000019d0a72f9c0 Thread exited: 0x0000019d0a72f9c0
Event: 3.673 Thread 0x0000019d0a6fd1d0 Thread exited: 0x0000019d0a6fd1d0
Event: 3.959 Thread 0x0000019d0a228490 Thread exited: 0x0000019d0a228490
Event: 3.967 Thread 0x0000019d0a0037f0 Thread exited: 0x0000019d0a0037f0
Event: 3.967 Thread 0x0000019d0a003270 Thread exited: 0x0000019d0a003270
Event: 3.978 Thread 0x0000019d09bf0360 Thread exited: 0x0000019d09bf0360
Event: 3.978 Thread 0x0000019d091c42d0 Thread exited: 0x0000019d091c42d0
Event: 4.141 Thread 0x0000019d09bf0360 Thread added: 0x0000019d09bf0360


Dynamic libraries:
0x00007ff7b3240000 - 0x00007ff7b3250000 	C:\Program Files\Java\jdk-19\bin\java.exe
0x00007ffde97d0000 - 0x00007ffde99e7000 	C:\WINDOWS\SYSTEM32\ntdll.dll
0x00007ffde8130000 - 0x00007ffde81f4000 	C:\WINDOWS\System32\KERNEL32.DLL
0x00007ffde6e00000 - 0x00007ffde71a6000 	C:\WINDOWS\System32\KERNELBASE.dll
0x00007ffde7340000 - 0x00007ffde7451000 	C:\WINDOWS\System32\ucrtbase.dll
0x00007ffdd3960000 - 0x00007ffdd397b000 	C:\Program Files\Java\jdk-19\bin\VCRUNTIME140.dll
0x00007ffdc5230000 - 0x00007ffdc5248000 	C:\Program Files\Java\jdk-19\bin\jli.dll
0x00007ffde9150000 - 0x00007ffde9200000 	C:\WINDOWS\System32\ADVAPI32.dll
0x00007ffde8350000 - 0x00007ffde83f7000 	C:\WINDOWS\System32\msvcrt.dll
0x00007ffde8490000 - 0x00007ffde8536000 	C:\WINDOWS\System32\sechost.dll
0x00007ffde8e60000 - 0x00007ffde8f77000 	C:\WINDOWS\System32\RPCRT4.dll
0x00007ffde93f0000 - 0x00007ffde959d000 	C:\WINDOWS\System32\USER32.dll
0x00007ffde6b20000 - 0x00007ffde6b46000 	C:\WINDOWS\System32\win32u.dll
0x00007ffde7de0000 - 0x00007ffde7e09000 	C:\WINDOWS\System32\GDI32.dll
0x00007ffdcdad0000 - 0x00007ffdcdd63000 	C:\WINDOWS\WinSxS\amd64_microsoft.windows.common-controls_6595b64144ccf1df_6.0.22621.2361_none_2712ced57382f843\COMCTL32.dll
0x00007ffde71b0000 - 0x00007ffde72c8000 	C:\WINDOWS\System32\gdi32full.dll
0x00007ffde7460000 - 0x00007ffde74fa000 	C:\WINDOWS\System32\msvcp_win.dll
0x00007ffdde540000 - 0x00007ffdde54a000 	C:\WINDOWS\SYSTEM32\VERSION.dll
0x00007ffde7890000 - 0x00007ffde78c1000 	C:\WINDOWS\System32\IMM32.DLL
0x00007ffde1c70000 - 0x00007ffde1c7c000 	C:\Program Files\Java\jdk-19\bin\vcruntime140_1.dll
0x00007ffd8de70000 - 0x00007ffd8defe000 	C:\Program Files\Java\jdk-19\bin\msvcp140.dll
0x00007ffd6f540000 - 0x00007ffd70200000 	C:\Program Files\Java\jdk-19\bin\server\jvm.dll
0x00007ffde1c60000 - 0x00007ffde1c69000 	C:\WINDOWS\SYSTEM32\WSOCK32.dll
0x00007ffde8400000 - 0x00007ffde8471000 	C:\WINDOWS\System32\WS2_32.dll
0x00007ffddf9d0000 - 0x00007ffddfa04000 	C:\WINDOWS\SYSTEM32\WINMM.dll
0x00007ffde5bf0000 - 0x00007ffde5c08000 	C:\WINDOWS\SYSTEM32\kernel.appcore.dll
0x00007ffdd3950000 - 0x00007ffdd395a000 	C:\Program Files\Java\jdk-19\bin\jimage.dll
0x00007ffde4300000 - 0x00007ffde452e000 	C:\WINDOWS\SYSTEM32\DBGHELP.DLL
0x00007ffde7500000 - 0x00007ffde788a000 	C:\WINDOWS\System32\combase.dll
0x00007ffde8010000 - 0x00007ffde80e7000 	C:\WINDOWS\System32\OLEAUT32.dll
0x00007ffddd420000 - 0x00007ffddd452000 	C:\WINDOWS\SYSTEM32\dbgcore.DLL
0x00007ffde6d80000 - 0x00007ffde6dfa000 	C:\WINDOWS\System32\bcryptPrimitives.dll
0x00007ffde18f0000 - 0x00007ffde18fe000 	C:\Program Files\Java\jdk-19\bin\instrument.dll
0x00007ffdc5200000 - 0x00007ffdc5226000 	C:\Program Files\Java\jdk-19\bin\java.dll
0x00007ffd85570000 - 0x00007ffd85647000 	C:\Program Files\Java\jdk-19\bin\jsvml.dll
0x00007ffde8540000 - 0x00007ffde8d98000 	C:\WINDOWS\System32\SHELL32.dll
0x00007ffde4a50000 - 0x00007ffde5342000 	C:\WINDOWS\SYSTEM32\windows.storage.dll
0x00007ffde4910000 - 0x00007ffde4a4e000 	C:\WINDOWS\SYSTEM32\wintypes.dll
0x00007ffde7f10000 - 0x00007ffde8003000 	C:\WINDOWS\System32\SHCORE.dll
0x00007ffde8e00000 - 0x00007ffde8e5e000 	C:\WINDOWS\System32\shlwapi.dll
0x00007ffde6a50000 - 0x00007ffde6a76000 	C:\WINDOWS\SYSTEM32\profapi.dll
0x00007ffd8de30000 - 0x00007ffd8de48000 	C:\Program Files\Java\jdk-19\bin\zip.dll
0x00007ffdc51e0000 - 0x00007ffdc51f3000 	C:\Program Files\Java\jdk-19\bin\net.dll
0x00007ffde1110000 - 0x00007ffde1247000 	C:\WINDOWS\SYSTEM32\WINHTTP.dll
0x00007ffde60d0000 - 0x00007ffde6139000 	C:\WINDOWS\system32\mswsock.dll
0x00007ffd8de50000 - 0x00007ffd8de66000 	C:\Program Files\Java\jdk-19\bin\nio.dll
0x00007ffdd2d40000 - 0x00007ffdd2d5a000 	C:\Program Files\JetBrains\IntelliJ IDEA 2022.1.2\bin\breakgen64.dll
0x00007ffdc51d0000 - 0x00007ffdc51d8000 	C:\Program Files\Java\jdk-19\bin\extnet.dll
0x0000000069ac0000 - 0x0000000069ae4000 	C:\Users\99293\AppData\Local\Temp\jansi-2.4.0-2b1b9b8999e2f20e-jansi.dll
0x00007ffdbf060000 - 0x00007ffdbf070000 	C:\Program Files\Java\jdk-19\bin\verify.dll

dbghelp: loaded successfully - version: 4.0.5 - missing functions: none
symbol engine: initialized successfully - sym options: 0x614 - pdb path: .;C:\Program Files\Java\jdk-19\bin;C:\WINDOWS\SYSTEM32;C:\WINDOWS\WinSxS\amd64_microsoft.windows.common-controls_6595b64144ccf1df_6.0.22621.2361_none_2712ced57382f843;C:\Program Files\Java\jdk-19\bin\server;C:\Program Files\JetBrains\IntelliJ IDEA 2022.1.2\bin;C:\Users\99293\AppData\Local\Temp

VM Arguments:
jvm_args: -Dmaven.multiModuleProjectDirectory=D:\unitedStates duplicates original -Dmaven.home=C:\Users\99293\.m2\wrapper\dists\apache-maven-3.8.6-bin\1ks0nkde5v1pk9vtc31i9d0lcd\apache-maven-3.8.6 -Dclassworlds.conf=C:\Users\99293\.m2\wrapper\dists\apache-maven-3.8.6-bin\1ks0nkde5v1pk9vtc31i9d0lcd\apache-maven-3.8.6\bin\m2.conf -Dmaven.ext.class.path=C:\Program Files\JetBrains\IntelliJ IDEA 2022.1.2\plugins\maven\lib\maven-event-listener.jar -javaagent:C:\Program Files\JetBrains\IntelliJ IDEA 2022.1.2\lib\idea_rt.jar=62910:C:\Program Files\JetBrains\IntelliJ IDEA 2022.1.2\bin -Dfile.encoding=UTF-8 
java_command: org.codehaus.classworlds.Launcher -Didea.version=2022.1.2 package
java_class_path (initial): C:\Users\99293\.m2\wrapper\dists\apache-maven-3.8.6-bin\1ks0nkde5v1pk9vtc31i9d0lcd\apache-maven-3.8.6\boot\plexus-classworlds-2.6.0.jar;C:\Users\99293\.m2\wrapper\dists\apache-maven-3.8.6-bin\1ks0nkde5v1pk9vtc31i9d0lcd\apache-maven-3.8.6\boot\plexus-classworlds.license
Launcher Type: SUN_STANDARD

[Global flags]
     intx CICompilerCount                          = 12                                        {product} {ergonomic}
     uint ConcGCThreads                            = 3                                         {product} {ergonomic}
     uint G1ConcRefinementThreads                  = 13                                        {product} {ergonomic}
   size_t G1HeapRegionSize                         = 2097152                                   {product} {ergonomic}
    uintx GCDrainStackTargetSize                   = 64                                        {product} {ergonomic}
   size_t InitialHeapSize                          = 264241152                                 {product} {ergonomic}
   size_t MarkStackSize                            = 4194304                                   {product} {ergonomic}
   size_t MaxHeapSize                              = 4196401152                                {product} {ergonomic}
   size_t MaxNewSize                               = 2516582400                                {product} {ergonomic}
   size_t MinHeapDeltaBytes                        = 2097152                                   {product} {ergonomic}
   size_t MinHeapSize                              = 8388608                                   {product} {ergonomic}
    uintx NonNMethodCodeHeapSize                   = 7602480                                {pd product} {ergonomic}
    uintx NonProfiledCodeHeapSize                  = 122027880                              {pd product} {ergonomic}
    uintx ProfiledCodeHeapSize                     = 122027880                              {pd product} {ergonomic}
    uintx ReservedCodeCacheSize                    = 251658240                              {pd product} {ergonomic}
     bool SegmentedCodeCache                       = true                                      {product} {ergonomic}
   size_t SoftMaxHeapSize                          = 4196401152                             {manageable} {ergonomic}
     bool UseCompressedClassPointers               = true                           {product lp64_product} {ergonomic}
     bool UseCompressedOops                        = true                           {product lp64_product} {ergonomic}
     bool UseG1GC                                  = true                                      {product} {ergonomic}
     bool UseLargePagesIndividualAllocation        = false                                  {pd product} {ergonomic}

Logging:
Log output configuration:
 #0: stdout all=warning uptime,level,tags foldmultilines=false
 #1: stderr all=off uptime,level,tags foldmultilines=false

Environment Variables:
PATH=C:\Program Files\Common Files\Oracle\Java\javapath;C:\Windows\system32;C:\Windows;C:\Windows\System32\Wbem;C:\Windows\System32\WindowsPowerShell\v1.0\;C:\Windows\System32\OpenSSH\;C:\Program Files (x86)\NVIDIA Corporation\PhysX\Common;C:\Program Files\NVIDIA Corporation\NVIDIA NvDLISR;C:\Program Files\Git\cmd;C:\Program Files (x86)\dotnet\;%SystemRoot%\system32;%SystemRoot%;%SystemRoot%\System32\Wbem;%SYSTEMROOT%\System32\WindowsPowerShell\v1.0\;%SYSTEMROOT%\System32\OpenSSH\;C:\Users\99293\AppData\Local\Programs\Python\Python311\Scripts\;C:\Users\99293\AppData\Local\Programs\Python\Python311\;C:\Users\99293\AppData\Local\Microsoft\WindowsApps;;C:\Program Files\JetBrains\IntelliJ IDEA 2022.1.2\bin;;C:\Program Files\heroku\bin
USERNAME=ASUS
OS=Windows_NT
PROCESSOR_IDENTIFIER=Intel64 Family 6 Model 154 Stepping 3, GenuineIntel
TMP=C:\Users\99293\AppData\Local\Temp
TEMP=C:\Users\99293\AppData\Local\Temp



---------------  S Y S T E M  ---------------

OS:
 Windows 11 , 64 bit Build 22621 (10.0.22621.2428)
OS uptime: 0 days 23:44 hours
Hyper-V role detected

CPU: total 16 (initial active 16) (8 cores per cpu, 2 threads per core) family 6 model 154 stepping 3 microcode 0x41c, cx8, cmov, fxsr, ht, mmx, 3dnowpref, sse, sse2, sse3, ssse3, sse4.1, sse4.2, popcnt, lzcnt, tsc, tscinvbit, avx, avx2, aes, erms, clmul, bmi1, bmi2, adx, sha, fma, vzeroupper, clflush, clflushopt, clwb, hv, serialize, rdtscp, rdpid, fsrm

Memory: 4k page, system-wide physical 16005M (1715M free)
TotalPageFile size 18053M (AvailPageFile size 7M)
current process WorkingSet (physical memory assigned to process): 188M, peak: 188M
current process commit charge ("private bytes"): 413M, peak: 416M

vm_info: Java HotSpot(TM) 64-Bit Server VM (19.0.2+7-44) for windows-amd64 JRE (19.0.2+7-44), built on 2022-11-30T18:02:09Z by "mach5one" with MS VC++ 17.1 (VS2022)

END.
