#
# There is insufficient memory for the Java Runtime Environment to continue.
# Native memory allocation (malloc) failed to allocate 5197472 bytes for Chunk::new
# Possible reasons:
#   The system is out of physical RAM or swap space
#   The process is running with CompressedOops enabled, and the Java Heap may be blocking the growth of the native heap
# Possible solutions:
#   Reduce memory load on the system
#   Increase physical memory or swap space
#   Check if swap backing store is full
#   Decrease Java heap size (-Xmx/-Xms)
#   Decrease number of Java threads
#   Decrease Java thread stack sizes (-Xss)
#   Set larger code cache with -XX:ReservedCodeCacheSize=
#   JVM is running with Zero Based Compressed Oops mode in which the Java heap is
#     placed in the first 32GB address space. The Java Heap base address is the
#     maximum limit for the native heap growth. Please use -XX:HeapBaseMinAddress
#     to set the Java Heap base and to place the Java Heap above 32GB virtual address.
# This output file may be truncated or incomplete.
#
#  Out of Memory Error (arena.cpp:184), pid=12616, tid=5348
#
# JRE version: Java(TM) SE Runtime Environment (19.0.2+7) (build 19.0.2+7-44)
# Java VM: Java HotSpot(TM) 64-Bit Server VM (19.0.2+7-44, mixed mode, sharing, tiered, compressed oops, compressed class ptrs, g1 gc, windows-amd64)
# No core dump will be written. Minidumps are not enabled by default on client versions of Windows
#

---------------  S U M M A R Y ------------

Command Line: -Dmaven.multiModuleProjectDirectory=D:\unitedStates duplicates original -Dmaven.home=C:\Users\99293\.m2\wrapper\dists\apache-maven-3.8.6-bin\1ks0nkde5v1pk9vtc31i9d0lcd\apache-maven-3.8.6 -Dclassworlds.conf=C:\Users\99293\.m2\wrapper\dists\apache-maven-3.8.6-bin\1ks0nkde5v1pk9vtc31i9d0lcd\apache-maven-3.8.6\bin\m2.conf -Dmaven.ext.class.path=C:\Program Files\JetBrains\IntelliJ IDEA 2022.1.2\plugins\maven\lib\maven-event-listener.jar -javaagent:C:\Program Files\JetBrains\IntelliJ IDEA 2022.1.2\lib\idea_rt.jar=63726:C:\Program Files\JetBrains\IntelliJ IDEA 2022.1.2\bin -Dfile.encoding=UTF-8 org.codehaus.classworlds.Launcher -Didea.version=2022.1.2 package

Host: 12th Gen Intel(R) Core(TM) i7-12650H, 16 cores, 15G,  Windows 11 , 64 bit Build 22621 (10.0.22621.3085)
Time: Wed Feb 21 19:16:22 2024  Windows 11 , 64 bit Build 22621 (10.0.22621.3085) elapsed time: 7.920972 seconds (0d 0h 0m 7s)

---------------  T H R E A D  ---------------

Current thread (0x0000024bea839100):  JavaThread "C2 CompilerThread2" daemon [_thread_in_native, id=5348, stack(0x0000004c81100000,0x0000004c81200000)]


Current CompileTask:
C2:   7921 12028   !   4       java.lang.ClassLoader::loadClass (121 bytes)

Stack: [0x0000004c81100000,0x0000004c81200000]
Native frames: (J=compiled Java code, j=interpreted, Vv=VM code, C=native code)
V  [jvm.dll+0x6ee21a]
V  [jvm.dll+0x85765e]
V  [jvm.dll+0x85904e]
V  [jvm.dll+0x859703]
V  [jvm.dll+0x28298f]
V  [jvm.dll+0xc9adf]
V  [jvm.dll+0xc9e65]
V  [jvm.dll+0x3bca4c]
V  [jvm.dll+0x1ee0aa]
V  [jvm.dll+0x24c52b]
V  [jvm.dll+0x24b781]
V  [jvm.dll+0x1d6ce1]
V  [jvm.dll+0x25b25a]
V  [jvm.dll+0x2596e8]
V  [jvm.dll+0x807588]
V  [jvm.dll+0x80125a]
V  [jvm.dll+0x6ecf0b]
C  [ucrtbase.dll+0x29363]
C  [KERNEL32.DLL+0x1257d]
C  [ntdll.dll+0x5aa58]


---------------  P R O C E S S  ---------------

Threads class SMR info:
_java_thread_list=0x0000024beb4dc6d0, length=34, elements={
0x0000024bc1fddc40, 0x0000024be5c3c850, 0x0000024be5c3d640, 0x0000024be5c41450,
0x0000024be5c45300, 0x0000024be5c47c40, 0x0000024be5c48570, 0x0000024be5c4b1e0,
0x0000024be5c53b60, 0x0000024be5c5de00, 0x0000024bea0bce10, 0x0000024bea13f710,
0x0000024bea140620, 0x0000024bea1432c0, 0x0000024bea1a8dc0, 0x0000024bea1a9300,
0x0000024bea5e8020, 0x0000024bea839100, 0x0000024beabfbfc0, 0x0000024beac7d8c0,
0x0000024beb079350, 0x0000024beb7004c0, 0x0000024bef48fa60, 0x0000024bf3752620,
0x0000024bf3750b90, 0x0000024bf37530c0, 0x0000024bf3753b60, 0x0000024bf37520d0,
0x0000024bf37510e0, 0x0000024beff1b370, 0x0000024beff15e70, 0x0000024beff153d0,
0x0000024beff1a8d0, 0x0000024beff1c360
}

Java Threads: ( => current thread )
  0x0000024bc1fddc40 JavaThread "main" [_thread_in_native, id=12940, stack(0x0000004cff900000,0x0000004cffa00000)]
  0x0000024be5c3c850 JavaThread "Reference Handler" daemon [_thread_blocked, id=1836, stack(0x0000004c80000000,0x0000004c80100000)]
  0x0000024be5c3d640 JavaThread "Finalizer" daemon [_thread_blocked, id=2896, stack(0x0000004c80100000,0x0000004c80200000)]
  0x0000024be5c41450 JavaThread "Signal Dispatcher" daemon [_thread_blocked, id=20532, stack(0x0000004c80200000,0x0000004c80300000)]
  0x0000024be5c45300 JavaThread "Attach Listener" daemon [_thread_blocked, id=11536, stack(0x0000004c80300000,0x0000004c80400000)]
  0x0000024be5c47c40 JavaThread "Service Thread" daemon [_thread_blocked, id=5512, stack(0x0000004c80400000,0x0000004c80500000)]
  0x0000024be5c48570 JavaThread "Monitor Deflation Thread" daemon [_thread_blocked, id=16204, stack(0x0000004c80500000,0x0000004c80600000)]
  0x0000024be5c4b1e0 JavaThread "C2 CompilerThread0" daemon [_thread_blocked, id=6324, stack(0x0000004c80600000,0x0000004c80700000)]
  0x0000024be5c53b60 JavaThread "C1 CompilerThread0" daemon [_thread_blocked, id=14424, stack(0x0000004c80700000,0x0000004c80800000)]
  0x0000024be5c5de00 JavaThread "Sweeper thread" daemon [_thread_blocked, id=9168, stack(0x0000004c80800000,0x0000004c80900000)]
  0x0000024bea0bce10 JavaThread "C1 CompilerThread1" daemon [_thread_blocked, id=16868, stack(0x0000004c80900000,0x0000004c80a00000)]
  0x0000024bea13f710 JavaThread "Common-Cleaner" daemon [_thread_blocked, id=2608, stack(0x0000004c80a00000,0x0000004c80b00000)]
  0x0000024bea140620 JavaThread "C1 CompilerThread2" daemon [_thread_blocked, id=6240, stack(0x0000004c80b00000,0x0000004c80c00000)]
  0x0000024bea1432c0 JavaThread "C1 CompilerThread3" daemon [_thread_blocked, id=19516, stack(0x0000004c80c00000,0x0000004c80d00000)]
  0x0000024bea1a8dc0 JavaThread "Monitor Ctrl-Break" daemon [_thread_in_native, id=13512, stack(0x0000004c80d00000,0x0000004c80e00000)]
  0x0000024bea1a9300 JavaThread "Notification Thread" daemon [_thread_blocked, id=21928, stack(0x0000004c80e00000,0x0000004c80f00000)]
  0x0000024bea5e8020 JavaThread "C2 CompilerThread1" daemon [_thread_blocked, id=8388, stack(0x0000004c81000000,0x0000004c81100000)]
=>0x0000024bea839100 JavaThread "C2 CompilerThread2" daemon [_thread_in_native, id=5348, stack(0x0000004c81100000,0x0000004c81200000)]
  0x0000024beabfbfc0 JavaThread "C2 CompilerThread3" daemon [_thread_blocked, id=14168, stack(0x0000004c81200000,0x0000004c81300000)]
  0x0000024beac7d8c0 JavaThread "C2 CompilerThread4" daemon [_thread_blocked, id=21128, stack(0x0000004c81300000,0x0000004c81400000)]
  0x0000024beb079350 JavaThread "C2 CompilerThread5" daemon [_thread_blocked, id=7256, stack(0x0000004c81400000,0x0000004c81500000)]
  0x0000024beb7004c0 JavaThread "C2 CompilerThread6" daemon [_thread_blocked, id=1392, stack(0x0000004c81500000,0x0000004c81600000)]
  0x0000024bef48fa60 JavaThread "C2 CompilerThread7" daemon [_thread_in_native, id=20072, stack(0x0000004c82400000,0x0000004c82500000)]
  0x0000024bf3752620 JavaThread "resolver-1" daemon [_thread_blocked, id=3576, stack(0x0000004c82500000,0x0000004c82600000)]
  0x0000024bf3750b90 JavaThread "resolver-2" daemon [_thread_blocked, id=22228, stack(0x0000004c82600000,0x0000004c82700000)]
  0x0000024bf37530c0 JavaThread "resolver-3" daemon [_thread_blocked, id=9204, stack(0x0000004c82700000,0x0000004c82800000)]
  0x0000024bf3753b60 JavaThread "resolver-4" daemon [_thread_blocked, id=15128, stack(0x0000004c82800000,0x0000004c82900000)]
  0x0000024bf37520d0 JavaThread "resolver-5" daemon [_thread_blocked, id=18116, stack(0x0000004c82900000,0x0000004c82a00000)]
  0x0000024bf37510e0 JavaThread "timeout-check-timer" daemon [_thread_blocked, id=5300, stack(0x0000004c82a00000,0x0000004c82b00000)]
  0x0000024beff1b370 JavaThread "ping-timer-10s" daemon [_thread_blocked, id=13344, stack(0x0000004c82b00000,0x0000004c82c00000)]
  0x0000024beff15e70 JavaThread "ThreadedStreamConsumer" daemon [_thread_blocked, id=5360, stack(0x0000004c82c00000,0x0000004c82d00000)]
  0x0000024beff153d0 JavaThread "Thread-2" [_thread_blocked, id=14572, stack(0x0000004c82d00000,0x0000004c82e00000)]
  0x0000024beff1a8d0 JavaThread "Thread-3" [_thread_in_native, id=11512, stack(0x0000004c82e00000,0x0000004c82f00000)]
  0x0000024beff1c360 JavaThread "Thread-4" [_thread_in_native, id=12292, stack(0x0000004c82f00000,0x0000004c83000000)]

Other Threads:
  0x0000024be5c12280 VMThread "VM Thread" [stack: 0x0000004cfff00000,0x0000004d00000000] [id=17804]
  0x0000024bea1ac060 WatcherThread "VM Periodic Task Thread" [stack: 0x0000004c80f00000,0x0000004c81000000] [id=19612]
  0x0000024bc204f7f0 WorkerThread "GC Thread#0" [stack: 0x0000004cffa00000,0x0000004cffb00000] [id=3184]
  0x0000024bea4b2340 WorkerThread "GC Thread#1" [stack: 0x0000004c81700000,0x0000004c81800000] [id=4648]
  0x0000024bea4b2610 WorkerThread "GC Thread#2" [stack: 0x0000004c81800000,0x0000004c81900000] [id=10516]
  0x0000024bea4b39c0 WorkerThread "GC Thread#3" [stack: 0x0000004c81900000,0x0000004c81a00000] [id=11324]
  0x0000024bea4b2bb0 WorkerThread "GC Thread#4" [stack: 0x0000004c81a00000,0x0000004c81b00000] [id=13804]
  0x0000024bea4b28e0 WorkerThread "GC Thread#5" [stack: 0x0000004c81b00000,0x0000004c81c00000] [id=16712]
  0x0000024bea4b3c90 WorkerThread "GC Thread#6" [stack: 0x0000004c81c00000,0x0000004c81d00000] [id=8952]
  0x0000024bea4b2e80 WorkerThread "GC Thread#7" [stack: 0x0000004c81d00000,0x0000004c81e00000] [id=21096]
  0x0000024beb229e50 WorkerThread "GC Thread#8" [stack: 0x0000004c81e00000,0x0000004c81f00000] [id=20844]
  0x0000024beb2287d0 WorkerThread "GC Thread#9" [stack: 0x0000004c81f00000,0x0000004c82000000] [id=21908]
  0x0000024beb228d70 WorkerThread "GC Thread#10" [stack: 0x0000004c82000000,0x0000004c82100000] [id=16668]
  0x0000024beb228aa0 WorkerThread "GC Thread#11" [stack: 0x0000004c81600000,0x0000004c81700000] [id=14092]
  0x0000024beb227f60 WorkerThread "GC Thread#12" [stack: 0x0000004c82100000,0x0000004c82200000] [id=6804]
  0x0000024bc2060160 ConcurrentGCThread "G1 Main Marker" [stack: 0x0000004cffb00000,0x0000004cffc00000] [id=15124]
  0x0000024bc2061ba0 WorkerThread "G1 Conc#0" [stack: 0x0000004cffc00000,0x0000004cffd00000] [id=18588]
  0x0000024beb22a990 WorkerThread "G1 Conc#1" [stack: 0x0000004c82200000,0x0000004c82300000] [id=13020]
  0x0000024beb229310 WorkerThread "G1 Conc#2" [stack: 0x0000004c82300000,0x0000004c82400000] [id=15312]
  0x0000024be5acf210 ConcurrentGCThread "G1 Refine#0" [stack: 0x0000004cffd00000,0x0000004cffe00000] [id=17772]
  0x0000024be5acfd50 ConcurrentGCThread "G1 Service" [stack: 0x0000004cffe00000,0x0000004cfff00000] [id=7172]

Threads with active compile tasks:
C2 CompilerThread2     7933 12028   !   4       java.lang.ClassLoader::loadClass (121 bytes)
C2 CompilerThread7     7933 12174       4       org.apache.maven.model.inheritance.DefaultInheritanceAssembler$InheritanceModelMerger::mergePluginContainer_Plugins (430 bytes)

VM state: not at safepoint (normal execution)

VM Mutex/Monitor currently owned by a thread: None

Heap address: 0x0000000705e00000, size: 4002 MB, Compressed Oops mode: Zero based, Oop shift amount: 3

CDS archive(s) mapped at: [0x0000000800000000-0x0000000800c40000-0x0000000800c40000), size 12845056, SharedBaseAddress: 0x0000000800000000, ArchiveRelocationMode: 0.
Compressed class space mapped at: 0x0000000801000000-0x0000000841000000, reserved size: 1073741824
Narrow klass base: 0x0000000800000000, Narrow klass shift: 0, Narrow klass range: 0x100000000

GC Precious Log:
 CardTable entry size: 512
 Card Set container configuration: InlinePtr #cards 4 size 8 Array Of Cards #cards 16 size 48 Howl #buckets 8 coarsen threshold 3686 Howl Bitmap #cards 512 size 80 coarsen threshold 460 Card regions per heap region 1 cards per card region 4096
 CPUs: 16 total, 16 available
 Memory: 16005M
 Large Page Support: Disabled
 NUMA Support: Disabled
 Compressed Oops: Enabled (Zero based)
 Heap Region Size: 2M
 Heap Min Capacity: 8M
 Heap Initial Capacity: 252M
 Heap Max Capacity: 4002M
 Pre-touch: Disabled
 Parallel Workers: 13
 Concurrent Workers: 3
 Concurrent Refinement Workers: 13
 Periodic GC: Disabled

Heap:
 garbage-first heap   total 327680K, used 224803K [0x0000000705e00000, 0x0000000800000000)
  region size 2048K, 68 young (139264K), 1 survivors (2048K)
 Metaspace       used 35743K, committed 36352K, reserved 1114112K
  class space    used 3617K, committed 3904K, reserved 1048576K

Heap Regions: E=young(eden), S=young(survivor), O=old, HS=humongous(starts), HC=humongous(continues), CS=collection set, F=free, OA=open archive, CA=closed archive, TAMS=top-at-mark-start (previous, next)
|   0|0x0000000705e00000, 0x0000000706000000, 0x0000000706000000|100%| O|  |TAMS 0x0000000706000000, 0x0000000705e00000| Untracked 
|   1|0x0000000706000000, 0x0000000706200000, 0x0000000706200000|100%| O|  |TAMS 0x0000000706200000, 0x0000000706000000| Untracked 
|   2|0x0000000706200000, 0x0000000706400000, 0x0000000706400000|100%| O|  |TAMS 0x0000000706400000, 0x0000000706200000| Untracked 
|   3|0x0000000706400000, 0x0000000706600000, 0x0000000706600000|100%| O|  |TAMS 0x0000000706400000, 0x0000000706400000| Untracked 
|   4|0x0000000706600000, 0x0000000706800000, 0x0000000706800000|100%| O|  |TAMS 0x0000000706800000, 0x0000000706600000| Untracked 
|   5|0x0000000706800000, 0x0000000706a00000, 0x0000000706a00000|100%| O|  |TAMS 0x0000000706a00000, 0x0000000706800000| Untracked 
|   6|0x0000000706a00000, 0x0000000706c00000, 0x0000000706c00000|100%| O|  |TAMS 0x0000000706c00000, 0x0000000706a00000| Untracked 
|   7|0x0000000706c00000, 0x0000000706e00000, 0x0000000706e00000|100%| O|  |TAMS 0x0000000706e00000, 0x0000000706c00000| Untracked 
|   8|0x0000000706e00000, 0x0000000707000000, 0x0000000707000000|100%| O|  |TAMS 0x0000000707000000, 0x0000000706e00000| Untracked 
|   9|0x0000000707000000, 0x0000000707200000, 0x0000000707200000|100%| O|  |TAMS 0x0000000707000000, 0x0000000707000000| Untracked 
|  10|0x0000000707200000, 0x0000000707400000, 0x0000000707400000|100%| O|  |TAMS 0x0000000707400000, 0x0000000707200000| Untracked 
|  11|0x0000000707400000, 0x0000000707600000, 0x0000000707600000|100%| O|  |TAMS 0x0000000707600000, 0x0000000707400000| Untracked 
|  12|0x0000000707600000, 0x0000000707800000, 0x0000000707800000|100%| O|  |TAMS 0x0000000707800000, 0x0000000707600000| Untracked 
|  13|0x0000000707800000, 0x0000000707a00000, 0x0000000707a00000|100%| O|  |TAMS 0x0000000707a00000, 0x0000000707800000| Untracked 
|  14|0x0000000707a00000, 0x0000000707c00000, 0x0000000707c00000|100%| O|  |TAMS 0x0000000707a00000, 0x0000000707a00000| Untracked 
|  15|0x0000000707c00000, 0x0000000707e00000, 0x0000000707e00000|100%| O|  |TAMS 0x0000000707e00000, 0x0000000707c00000| Untracked 
|  16|0x0000000707e00000, 0x0000000708000000, 0x0000000708000000|100%| O|  |TAMS 0x0000000708000000, 0x0000000707e00000| Untracked 
|  17|0x0000000708000000, 0x0000000708200000, 0x0000000708200000|100%| O|  |TAMS 0x0000000708200000, 0x0000000708000000| Untracked 
|  18|0x0000000708200000, 0x0000000708400000, 0x0000000708400000|100%| O|  |TAMS 0x0000000708400000, 0x0000000708200000| Untracked 
|  19|0x0000000708400000, 0x0000000708600000, 0x0000000708600000|100%| O|  |TAMS 0x0000000708400000, 0x0000000708400000| Untracked 
|  20|0x0000000708600000, 0x0000000708800000, 0x0000000708800000|100%|HS|  |TAMS 0x0000000708600000, 0x0000000708600000| Complete 
|  21|0x0000000708800000, 0x0000000708a00000, 0x0000000708a00000|100%|HC|  |TAMS 0x0000000708800000, 0x0000000708800000| Complete 
|  22|0x0000000708a00000, 0x0000000708c00000, 0x0000000708c00000|100%| O|  |TAMS 0x0000000708a00000, 0x0000000708a00000| Untracked 
|  23|0x0000000708c00000, 0x0000000708e00000, 0x0000000708e00000|100%| O|  |TAMS 0x0000000708c00000, 0x0000000708c00000| Untracked 
|  24|0x0000000708e00000, 0x0000000709000000, 0x0000000709000000|100%| O|  |TAMS 0x0000000708e00000, 0x0000000708e00000| Untracked 
|  25|0x0000000709000000, 0x0000000709200000, 0x0000000709200000|100%| O|  |TAMS 0x0000000709000000, 0x0000000709000000| Untracked 
|  26|0x0000000709200000, 0x0000000709400000, 0x0000000709400000|100%| O|  |TAMS 0x0000000709200000, 0x0000000709200000| Untracked 
|  27|0x0000000709400000, 0x0000000709600000, 0x0000000709600000|100%| O|  |TAMS 0x0000000709400000, 0x0000000709400000| Untracked 
|  28|0x0000000709600000, 0x0000000709800000, 0x0000000709800000|100%| O|  |TAMS 0x0000000709600000, 0x0000000709600000| Untracked 
|  29|0x0000000709800000, 0x0000000709a00000, 0x0000000709a00000|100%| O|  |TAMS 0x0000000709800000, 0x0000000709800000| Untracked 
|  30|0x0000000709a00000, 0x0000000709c00000, 0x0000000709c00000|100%| O|  |TAMS 0x0000000709a00000, 0x0000000709a00000| Untracked 
|  31|0x0000000709c00000, 0x0000000709c00000, 0x0000000709e00000|  0%| F|  |TAMS 0x0000000709c00000, 0x0000000709c00000| Untracked 
|  32|0x0000000709e00000, 0x0000000709e00000, 0x000000070a000000|  0%| F|  |TAMS 0x0000000709e00000, 0x0000000709e00000| Untracked 
|  33|0x000000070a000000, 0x000000070a000000, 0x000000070a200000|  0%| F|  |TAMS 0x000000070a000000, 0x000000070a000000| Untracked 
|  34|0x000000070a200000, 0x000000070a200000, 0x000000070a400000|  0%| F|  |TAMS 0x000000070a200000, 0x000000070a200000| Untracked 
|  35|0x000000070a400000, 0x000000070a600000, 0x000000070a600000|100%| O|  |TAMS 0x000000070a400000, 0x000000070a400000| Untracked 
|  36|0x000000070a600000, 0x000000070a600000, 0x000000070a800000|  0%| F|  |TAMS 0x000000070a600000, 0x000000070a600000| Untracked 
|  37|0x000000070a800000, 0x000000070a800000, 0x000000070aa00000|  0%| F|  |TAMS 0x000000070a800000, 0x000000070a800000| Untracked 
|  38|0x000000070aa00000, 0x000000070aa00000, 0x000000070ac00000|  0%| F|  |TAMS 0x000000070aa00000, 0x000000070aa00000| Untracked 
|  39|0x000000070ac00000, 0x000000070ae00000, 0x000000070ae00000|100%| O|  |TAMS 0x000000070ac00000, 0x000000070ac00000| Untracked 
|  40|0x000000070ae00000, 0x000000070b000000, 0x000000070b000000|100%| O|  |TAMS 0x000000070ae00000, 0x000000070ae00000| Untracked 
|  41|0x000000070b000000, 0x000000070b200000, 0x000000070b200000|100%| O|  |TAMS 0x000000070b000000, 0x000000070b000000| Untracked 
|  42|0x000000070b200000, 0x000000070b400000, 0x000000070b400000|100%| O|  |TAMS 0x000000070b200000, 0x000000070b200000| Untracked 
|  43|0x000000070b400000, 0x000000070b400000, 0x000000070b600000|  0%| F|  |TAMS 0x000000070b400000, 0x000000070b400000| Untracked 
|  44|0x000000070b600000, 0x000000070b600000, 0x000000070b800000|  0%| F|  |TAMS 0x000000070b600000, 0x000000070b600000| Untracked 
|  45|0x000000070b800000, 0x000000070b800000, 0x000000070ba00000|  0%| F|  |TAMS 0x000000070b800000, 0x000000070b800000| Untracked 
|  46|0x000000070ba00000, 0x000000070ba00000, 0x000000070bc00000|  0%| F|  |TAMS 0x000000070ba00000, 0x000000070ba00000| Untracked 
|  47|0x000000070bc00000, 0x000000070bc00000, 0x000000070be00000|  0%| F|  |TAMS 0x000000070bc00000, 0x000000070bc00000| Untracked 
|  48|0x000000070be00000, 0x000000070be00000, 0x000000070c000000|  0%| F|  |TAMS 0x000000070be00000, 0x000000070be00000| Untracked 
|  49|0x000000070c000000, 0x000000070c000000, 0x000000070c200000|  0%| F|  |TAMS 0x000000070c000000, 0x000000070c000000| Untracked 
|  50|0x000000070c200000, 0x000000070c200000, 0x000000070c400000|  0%| F|  |TAMS 0x000000070c200000, 0x000000070c200000| Untracked 
|  51|0x000000070c400000, 0x000000070c400000, 0x000000070c600000|  0%| F|  |TAMS 0x000000070c400000, 0x000000070c400000| Untracked 
|  52|0x000000070c600000, 0x000000070c600000, 0x000000070c800000|  0%| F|  |TAMS 0x000000070c600000, 0x000000070c600000| Untracked 
|  53|0x000000070c800000, 0x000000070c800000, 0x000000070ca00000|  0%| F|  |TAMS 0x000000070c800000, 0x000000070c800000| Untracked 
|  54|0x000000070ca00000, 0x000000070ca00000, 0x000000070cc00000|  0%| F|  |TAMS 0x000000070ca00000, 0x000000070ca00000| Untracked 
|  55|0x000000070cc00000, 0x000000070cc00000, 0x000000070ce00000|  0%| F|  |TAMS 0x000000070cc00000, 0x000000070cc00000| Untracked 
|  56|0x000000070ce00000, 0x000000070ce00000, 0x000000070d000000|  0%| F|  |TAMS 0x000000070ce00000, 0x000000070ce00000| Untracked 
|  57|0x000000070d000000, 0x000000070d188ee0, 0x000000070d200000| 76%| S|CS|TAMS 0x000000070d000000, 0x000000070d000000| Complete 
|  58|0x000000070d200000, 0x000000070d200000, 0x000000070d400000|  0%| F|  |TAMS 0x000000070d200000, 0x000000070d200000| Untracked 
|  59|0x000000070d400000, 0x000000070d400000, 0x000000070d600000|  0%| F|  |TAMS 0x000000070d400000, 0x000000070d400000| Untracked 
|  60|0x000000070d600000, 0x000000070d600000, 0x000000070d800000|  0%| F|  |TAMS 0x000000070d600000, 0x000000070d600000| Untracked 
|  61|0x000000070d800000, 0x000000070d800000, 0x000000070da00000|  0%| F|  |TAMS 0x000000070d800000, 0x000000070d800000| Untracked 
|  62|0x000000070da00000, 0x000000070da00000, 0x000000070dc00000|  0%| F|  |TAMS 0x000000070da00000, 0x000000070da00000| Untracked 
|  63|0x000000070dc00000, 0x000000070dc00000, 0x000000070de00000|  0%| F|  |TAMS 0x000000070dc00000, 0x000000070dc00000| Untracked 
|  64|0x000000070de00000, 0x000000070de00000, 0x000000070e000000|  0%| F|  |TAMS 0x000000070de00000, 0x000000070de00000| Untracked 
|  65|0x000000070e000000, 0x000000070e000000, 0x000000070e200000|  0%| F|  |TAMS 0x000000070e000000, 0x000000070e000000| Untracked 
|  66|0x000000070e200000, 0x000000070e200000, 0x000000070e400000|  0%| F|  |TAMS 0x000000070e200000, 0x000000070e200000| Untracked 
|  67|0x000000070e400000, 0x000000070e400000, 0x000000070e600000|  0%| F|  |TAMS 0x000000070e400000, 0x000000070e400000| Untracked 
|  68|0x000000070e600000, 0x000000070e600000, 0x000000070e800000|  0%| F|  |TAMS 0x000000070e600000, 0x000000070e600000| Untracked 
|  69|0x000000070e800000, 0x000000070e800000, 0x000000070ea00000|  0%| F|  |TAMS 0x000000070e800000, 0x000000070e800000| Untracked 
|  70|0x000000070ea00000, 0x000000070ea00000, 0x000000070ec00000|  0%| F|  |TAMS 0x000000070ea00000, 0x000000070ea00000| Untracked 
|  71|0x000000070ec00000, 0x000000070ec00000, 0x000000070ee00000|  0%| F|  |TAMS 0x000000070ec00000, 0x000000070ec00000| Untracked 
|  72|0x000000070ee00000, 0x000000070ee00000, 0x000000070f000000|  0%| F|  |TAMS 0x000000070ee00000, 0x000000070ee00000| Untracked 
|  73|0x000000070f000000, 0x000000070f000000, 0x000000070f200000|  0%| F|  |TAMS 0x000000070f000000, 0x000000070f000000| Untracked 
|  74|0x000000070f200000, 0x000000070f200000, 0x000000070f400000|  0%| F|  |TAMS 0x000000070f200000, 0x000000070f200000| Untracked 
|  75|0x000000070f400000, 0x000000070f400000, 0x000000070f600000|  0%| F|  |TAMS 0x000000070f400000, 0x000000070f400000| Untracked 
|  76|0x000000070f600000, 0x000000070f600000, 0x000000070f800000|  0%| F|  |TAMS 0x000000070f600000, 0x000000070f600000| Untracked 
|  77|0x000000070f800000, 0x000000070f800000, 0x000000070fa00000|  0%| F|  |TAMS 0x000000070f800000, 0x000000070f800000| Untracked 
|  78|0x000000070fa00000, 0x000000070fa00000, 0x000000070fc00000|  0%| F|  |TAMS 0x000000070fa00000, 0x000000070fa00000| Untracked 
|  79|0x000000070fc00000, 0x000000070fc00000, 0x000000070fe00000|  0%| F|  |TAMS 0x000000070fc00000, 0x000000070fc00000| Untracked 
|  80|0x000000070fe00000, 0x000000070fe00000, 0x0000000710000000|  0%| F|  |TAMS 0x000000070fe00000, 0x000000070fe00000| Untracked 
|  81|0x0000000710000000, 0x0000000710000000, 0x0000000710200000|  0%| F|  |TAMS 0x0000000710000000, 0x0000000710000000| Untracked 
|  82|0x0000000710200000, 0x0000000710200000, 0x0000000710400000|  0%| F|  |TAMS 0x0000000710200000, 0x0000000710200000| Untracked 
|  83|0x0000000710400000, 0x0000000710400000, 0x0000000710600000|  0%| F|  |TAMS 0x0000000710400000, 0x0000000710400000| Untracked 
|  84|0x0000000710600000, 0x0000000710600000, 0x0000000710800000|  0%| F|  |TAMS 0x0000000710600000, 0x0000000710600000| Untracked 
|  85|0x0000000710800000, 0x0000000710800000, 0x0000000710a00000|  0%| F|  |TAMS 0x0000000710800000, 0x0000000710800000| Untracked 
|  86|0x0000000710a00000, 0x0000000710ad32c8, 0x0000000710c00000| 41%| E|  |TAMS 0x0000000710a00000, 0x0000000710a00000| Complete 
|  87|0x0000000710c00000, 0x0000000710e00000, 0x0000000710e00000|100%| E|CS|TAMS 0x0000000710c00000, 0x0000000710c00000| Complete 
|  88|0x0000000710e00000, 0x0000000711000000, 0x0000000711000000|100%| E|CS|TAMS 0x0000000710e00000, 0x0000000710e00000| Complete 
|  89|0x0000000711000000, 0x0000000711200000, 0x0000000711200000|100%| E|CS|TAMS 0x0000000711000000, 0x0000000711000000| Complete 
|  90|0x0000000711200000, 0x0000000711400000, 0x0000000711400000|100%| E|CS|TAMS 0x0000000711200000, 0x0000000711200000| Complete 
|  91|0x0000000711400000, 0x0000000711600000, 0x0000000711600000|100%| E|CS|TAMS 0x0000000711400000, 0x0000000711400000| Complete 
|  92|0x0000000711600000, 0x0000000711800000, 0x0000000711800000|100%| E|CS|TAMS 0x0000000711600000, 0x0000000711600000| Complete 
|  93|0x0000000711800000, 0x0000000711a00000, 0x0000000711a00000|100%| E|CS|TAMS 0x0000000711800000, 0x0000000711800000| Complete 
|  94|0x0000000711a00000, 0x0000000711c00000, 0x0000000711c00000|100%| E|CS|TAMS 0x0000000711a00000, 0x0000000711a00000| Complete 
|  95|0x0000000711c00000, 0x0000000711e00000, 0x0000000711e00000|100%| E|CS|TAMS 0x0000000711c00000, 0x0000000711c00000| Complete 
|  96|0x0000000711e00000, 0x0000000712000000, 0x0000000712000000|100%| E|CS|TAMS 0x0000000711e00000, 0x0000000711e00000| Complete 
|  97|0x0000000712000000, 0x0000000712200000, 0x0000000712200000|100%| E|CS|TAMS 0x0000000712000000, 0x0000000712000000| Complete 
|  98|0x0000000712200000, 0x0000000712400000, 0x0000000712400000|100%| E|CS|TAMS 0x0000000712200000, 0x0000000712200000| Complete 
|  99|0x0000000712400000, 0x0000000712600000, 0x0000000712600000|100%| E|CS|TAMS 0x0000000712400000, 0x0000000712400000| Complete 
| 100|0x0000000712600000, 0x0000000712800000, 0x0000000712800000|100%| E|CS|TAMS 0x0000000712600000, 0x0000000712600000| Complete 
| 101|0x0000000712800000, 0x0000000712a00000, 0x0000000712a00000|100%| E|CS|TAMS 0x0000000712800000, 0x0000000712800000| Complete 
| 102|0x0000000712a00000, 0x0000000712c00000, 0x0000000712c00000|100%| E|CS|TAMS 0x0000000712a00000, 0x0000000712a00000| Complete 
| 103|0x0000000712c00000, 0x0000000712e00000, 0x0000000712e00000|100%| E|CS|TAMS 0x0000000712c00000, 0x0000000712c00000| Complete 
| 104|0x0000000712e00000, 0x0000000713000000, 0x0000000713000000|100%| E|CS|TAMS 0x0000000712e00000, 0x0000000712e00000| Complete 
| 105|0x0000000713000000, 0x0000000713200000, 0x0000000713200000|100%| E|CS|TAMS 0x0000000713000000, 0x0000000713000000| Complete 
| 106|0x0000000713200000, 0x0000000713400000, 0x0000000713400000|100%| E|CS|TAMS 0x0000000713200000, 0x0000000713200000| Complete 
| 107|0x0000000713400000, 0x0000000713600000, 0x0000000713600000|100%| E|CS|TAMS 0x0000000713400000, 0x0000000713400000| Complete 
| 108|0x0000000713600000, 0x0000000713800000, 0x0000000713800000|100%| E|CS|TAMS 0x0000000713600000, 0x0000000713600000| Complete 
| 109|0x0000000713800000, 0x0000000713a00000, 0x0000000713a00000|100%| E|CS|TAMS 0x0000000713800000, 0x0000000713800000| Complete 
| 110|0x0000000713a00000, 0x0000000713c00000, 0x0000000713c00000|100%| E|CS|TAMS 0x0000000713a00000, 0x0000000713a00000| Complete 
| 111|0x0000000713c00000, 0x0000000713e00000, 0x0000000713e00000|100%| E|CS|TAMS 0x0000000713c00000, 0x0000000713c00000| Complete 
| 112|0x0000000713e00000, 0x0000000714000000, 0x0000000714000000|100%| E|CS|TAMS 0x0000000713e00000, 0x0000000713e00000| Complete 
| 113|0x0000000714000000, 0x0000000714200000, 0x0000000714200000|100%| E|CS|TAMS 0x0000000714000000, 0x0000000714000000| Complete 
| 114|0x0000000714200000, 0x0000000714400000, 0x0000000714400000|100%| E|CS|TAMS 0x0000000714200000, 0x0000000714200000| Complete 
| 115|0x0000000714400000, 0x0000000714600000, 0x0000000714600000|100%| E|CS|TAMS 0x0000000714400000, 0x0000000714400000| Complete 
| 116|0x0000000714600000, 0x0000000714800000, 0x0000000714800000|100%| E|CS|TAMS 0x0000000714600000, 0x0000000714600000| Complete 
| 117|0x0000000714800000, 0x0000000714a00000, 0x0000000714a00000|100%| E|CS|TAMS 0x0000000714800000, 0x0000000714800000| Complete 
| 118|0x0000000714a00000, 0x0000000714c00000, 0x0000000714c00000|100%| E|CS|TAMS 0x0000000714a00000, 0x0000000714a00000| Complete 
| 119|0x0000000714c00000, 0x0000000714e00000, 0x0000000714e00000|100%| E|CS|TAMS 0x0000000714c00000, 0x0000000714c00000| Complete 
| 120|0x0000000714e00000, 0x0000000715000000, 0x0000000715000000|100%| E|CS|TAMS 0x0000000714e00000, 0x0000000714e00000| Complete 
| 121|0x0000000715000000, 0x0000000715200000, 0x0000000715200000|100%| E|CS|TAMS 0x0000000715000000, 0x0000000715000000| Complete 
| 122|0x0000000715200000, 0x0000000715400000, 0x0000000715400000|100%| E|CS|TAMS 0x0000000715200000, 0x0000000715200000| Complete 
| 123|0x0000000715400000, 0x0000000715600000, 0x0000000715600000|100%| E|CS|TAMS 0x0000000715400000, 0x0000000715400000| Complete 
| 124|0x0000000715600000, 0x0000000715800000, 0x0000000715800000|100%| E|CS|TAMS 0x0000000715600000, 0x0000000715600000| Complete 
| 125|0x0000000715800000, 0x0000000715a00000, 0x0000000715a00000|100%| E|CS|TAMS 0x0000000715800000, 0x0000000715800000| Complete 
| 126|0x0000000715a00000, 0x0000000715c00000, 0x0000000715c00000|100%| E|CS|TAMS 0x0000000715a00000, 0x0000000715a00000| Complete 
| 127|0x0000000715c00000, 0x0000000715e00000, 0x0000000715e00000|100%| E|CS|TAMS 0x0000000715c00000, 0x0000000715c00000| Complete 
| 128|0x0000000715e00000, 0x0000000716000000, 0x0000000716000000|100%| E|CS|TAMS 0x0000000715e00000, 0x0000000715e00000| Complete 
| 129|0x0000000716000000, 0x0000000716200000, 0x0000000716200000|100%| E|CS|TAMS 0x0000000716000000, 0x0000000716000000| Complete 
| 130|0x0000000716200000, 0x0000000716400000, 0x0000000716400000|100%| E|CS|TAMS 0x0000000716200000, 0x0000000716200000| Complete 
| 131|0x0000000716400000, 0x0000000716600000, 0x0000000716600000|100%| E|CS|TAMS 0x0000000716400000, 0x0000000716400000| Complete 
| 132|0x0000000716600000, 0x0000000716800000, 0x0000000716800000|100%| E|CS|TAMS 0x0000000716600000, 0x0000000716600000| Complete 
| 133|0x0000000716800000, 0x0000000716a00000, 0x0000000716a00000|100%| E|CS|TAMS 0x0000000716800000, 0x0000000716800000| Complete 
| 134|0x0000000716a00000, 0x0000000716c00000, 0x0000000716c00000|100%| E|CS|TAMS 0x0000000716a00000, 0x0000000716a00000| Complete 
| 135|0x0000000716c00000, 0x0000000716e00000, 0x0000000716e00000|100%| E|CS|TAMS 0x0000000716c00000, 0x0000000716c00000| Complete 
| 136|0x0000000716e00000, 0x0000000717000000, 0x0000000717000000|100%| E|CS|TAMS 0x0000000716e00000, 0x0000000716e00000| Complete 
| 137|0x0000000717000000, 0x0000000717200000, 0x0000000717200000|100%| E|CS|TAMS 0x0000000717000000, 0x0000000717000000| Complete 
| 138|0x0000000717200000, 0x0000000717400000, 0x0000000717400000|100%| E|CS|TAMS 0x0000000717200000, 0x0000000717200000| Complete 
| 139|0x0000000717400000, 0x0000000717600000, 0x0000000717600000|100%| E|CS|TAMS 0x0000000717400000, 0x0000000717400000| Complete 
| 140|0x0000000717600000, 0x0000000717800000, 0x0000000717800000|100%| E|CS|TAMS 0x0000000717600000, 0x0000000717600000| Complete 
| 141|0x0000000717800000, 0x0000000717a00000, 0x0000000717a00000|100%| E|CS|TAMS 0x0000000717800000, 0x0000000717800000| Complete 
| 142|0x0000000717a00000, 0x0000000717c00000, 0x0000000717c00000|100%| E|CS|TAMS 0x0000000717a00000, 0x0000000717a00000| Complete 
| 143|0x0000000717c00000, 0x0000000717e00000, 0x0000000717e00000|100%| E|CS|TAMS 0x0000000717c00000, 0x0000000717c00000| Complete 
| 144|0x0000000717e00000, 0x0000000718000000, 0x0000000718000000|100%| E|CS|TAMS 0x0000000717e00000, 0x0000000717e00000| Complete 
| 145|0x0000000718000000, 0x0000000718200000, 0x0000000718200000|100%| E|CS|TAMS 0x0000000718000000, 0x0000000718000000| Complete 
| 146|0x0000000718200000, 0x0000000718400000, 0x0000000718400000|100%| E|CS|TAMS 0x0000000718200000, 0x0000000718200000| Complete 
| 147|0x0000000718400000, 0x0000000718600000, 0x0000000718600000|100%| E|CS|TAMS 0x0000000718400000, 0x0000000718400000| Complete 
| 148|0x0000000718600000, 0x0000000718800000, 0x0000000718800000|100%| E|CS|TAMS 0x0000000718600000, 0x0000000718600000| Complete 
| 149|0x0000000718800000, 0x0000000718a00000, 0x0000000718a00000|100%| E|CS|TAMS 0x0000000718800000, 0x0000000718800000| Complete 
| 150|0x0000000718a00000, 0x0000000718c00000, 0x0000000718c00000|100%| E|CS|TAMS 0x0000000718a00000, 0x0000000718a00000| Complete 
| 151|0x0000000718c00000, 0x0000000718e00000, 0x0000000718e00000|100%| E|CS|TAMS 0x0000000718c00000, 0x0000000718c00000| Complete 
| 152|0x0000000718e00000, 0x0000000719000000, 0x0000000719000000|100%| E|CS|TAMS 0x0000000718e00000, 0x0000000718e00000| Complete 
|1994|0x00000007ff200000, 0x00000007ff400000, 0x00000007ff400000|100%| O|  |TAMS 0x00000007ff400000, 0x00000007ff200000| Untracked 
|1995|0x00000007ff400000, 0x00000007ff600000, 0x00000007ff600000|100%| O|  |TAMS 0x00000007ff600000, 0x00000007ff400000| Untracked 
|1996|0x00000007ff600000, 0x00000007ff800000, 0x00000007ff800000|100%| O|  |TAMS 0x00000007ff800000, 0x00000007ff600000| Untracked 
|1997|0x00000007ff800000, 0x00000007ffa00000, 0x00000007ffa00000|100%| O|  |TAMS 0x00000007ffa00000, 0x00000007ff800000| Untracked 
|1998|0x00000007ffa00000, 0x00000007ffc00000, 0x00000007ffc00000|100%| O|  |TAMS 0x00000007ffc00000, 0x00000007ffa00000| Untracked 
|1999|0x00000007ffc00000, 0x00000007ffe00000, 0x00000007ffe00000|100%| O|  |TAMS 0x00000007ffe00000, 0x00000007ffc00000| Untracked 
|2000|0x00000007ffe00000, 0x0000000800000000, 0x0000000800000000|100%| O|  |TAMS 0x0000000800000000, 0x00000007ffe00000| Untracked 

Card table byte_map: [0x0000024bd9fb0000,0x0000024bda790000] _byte_map_base: 0x0000024bd6781000

Marking Bits (Prev, Next): (CMBitMap*) 0x0000024bc204fe20, (CMBitMap*) 0x0000024bc204fe60
 Prev Bits: [0x0000024bdaf70000, 0x0000024bdedf8000)
 Next Bits: [0x0000024bdee00000, 0x0000024be2c88000)

Polling page: 0x0000024bbff50000

Metaspace:

Usage:
  Non-class:     31.37 MB used.
      Class:      3.53 MB used.
       Both:     34.91 MB used.

Virtual space:
  Non-class space:       64.00 MB reserved,      31.69 MB ( 50%) committed,  1 nodes.
      Class space:        1.00 GB reserved,       3.81 MB ( <1%) committed,  1 nodes.
             Both:        1.06 GB reserved,      35.50 MB (  3%) committed. 

Chunk freelists:
   Non-Class:  80.00 KB
       Class:  207.00 KB
        Both:  287.00 KB

MaxMetaspaceSize: unlimited
CompressedClassSpaceSize: 1.00 GB
Initial GC threshold: 21.00 MB
Current GC threshold: 45.88 MB
CDS: on
MetaspaceReclaimPolicy: balanced
 - commit_granule_bytes: 65536.
 - commit_granule_words: 8192.
 - virtual_space_node_default_size: 8388608.
 - enlarge_chunks_in_place: 1.
 - new_chunks_are_fully_committed: 0.
 - uncommit_free_chunks: 1.
 - use_allocation_guard: 0.


Internal statistics:

num_allocs_failed_limit: 3.
num_arena_births: 766.
num_arena_deaths: 0.
num_vsnodes_births: 2.
num_vsnodes_deaths: 0.
num_space_committed: 568.
num_space_uncommitted: 0.
num_chunks_returned_to_freelist: 3.
num_chunks_taken_from_freelist: 2166.
num_chunk_merges: 3.
num_chunk_splits: 1488.
num_chunks_enlarged: 1050.
num_inconsistent_stats: 0.

CodeHeap 'non-profiled nmethods': size=119168Kb used=8027Kb max_used=8027Kb free=111140Kb
 bounds [0x0000024bd1ae0000, 0x0000024bd22c0000, 0x0000024bd8f40000]
CodeHeap 'profiled nmethods': size=119104Kb used=22548Kb max_used=22548Kb free=96555Kb
 bounds [0x0000024bc9f40000, 0x0000024bcb550000, 0x0000024bd1390000]
CodeHeap 'non-nmethods': size=7488Kb used=3035Kb max_used=3153Kb free=4452Kb
 bounds [0x0000024bd1390000, 0x0000024bd16b0000, 0x0000024bd1ae0000]
 total_blobs=10512 nmethods=9935 adapters=483
 compilation: enabled
              stopped_count=0, restarted_count=0
 full_count=0

Compilation events (20 events):
Event: 7.682 Thread 0x0000024bea0bce10 12273       3       java.util.zip.DeflaterOutputStream::write (21 bytes)
Event: 7.683 Thread 0x0000024bea0bce10 nmethod 12273 0x0000024bcb53e990 code [0x0000024bcb53eb40, 0x0000024bcb53edc8]
Event: 7.683 Thread 0x0000024be5c53b60 nmethod 12269 0x0000024bcb53d810 code [0x0000024bcb53da80, 0x0000024bcb53e5d8]
Event: 7.683 Thread 0x0000024bea1432c0 nmethod 12266 0x0000024bcb53ee90 code [0x0000024bcb53f160, 0x0000024bcb540408]
Event: 7.685 Thread 0x0000024bea140620 12274       3       java.util.Arrays::binarySearch (9 bytes)
Event: 7.685 Thread 0x0000024bea140620 nmethod 12274 0x0000024bcb540d10 code [0x0000024bcb540ec0, 0x0000024bcb540fe8]
Event: 7.685 Thread 0x0000024be5c53b60 12275       3       java.util.Arrays::binarySearch0 (72 bytes)
Event: 7.685 Thread 0x0000024be5c53b60 nmethod 12275 0x0000024bcb541090 code [0x0000024bcb541240, 0x0000024bcb5414d8]
Event: 7.687 Thread 0x0000024bea140620 12276       3       java.lang.ProcessEnvironment$CheckedEntrySet$1::next (20 bytes)
Event: 7.687 Thread 0x0000024be5c53b60 12277       3       java.lang.ProcessEnvironment$CheckedEntry::<init> (10 bytes)
Event: 7.687 Thread 0x0000024bea1432c0 12278       3       java.lang.ProcessEnvironment$CheckedEntry::getKey (13 bytes)
Event: 7.687 Thread 0x0000024bea140620 nmethod 12276 0x0000024bcb541610 code [0x0000024bcb5417e0, 0x0000024bcb541c48]
Event: 7.687 Thread 0x0000024bea140620 12279       3       java.lang.ProcessEnvironment$CheckedEntry::getKey (5 bytes)
Event: 7.687 Thread 0x0000024be5c53b60 nmethod 12277 0x0000024bcb541d90 code [0x0000024bcb541f40, 0x0000024bcb5420f8]
Event: 7.687 Thread 0x0000024bea1432c0 nmethod 12278 0x0000024bcb542190 code [0x0000024bcb542340, 0x0000024bcb542608]
Event: 7.687 Thread 0x0000024bea140620 nmethod 12279 0x0000024bcb542710 code [0x0000024bcb5428c0, 0x0000024bcb542be8]
Event: 7.688 Thread 0x0000024bea1432c0 12280       3       java.lang.ProcessEnvironment$CheckedEntry::getValue (13 bytes)
Event: 7.688 Thread 0x0000024bea1432c0 nmethod 12280 0x0000024bcb542d10 code [0x0000024bcb542ec0, 0x0000024bcb543188]
Event: 7.693 Thread 0x0000024beb079350 nmethod 12222 0x0000024bd22a9610 code [0x0000024bd22a9ae0, 0x0000024bd22ad528]
Event: 7.730 Thread 0x0000024bea5e8020 nmethod 12257 0x0000024bd22af810 code [0x0000024bd22afce0, 0x0000024bd22b4048]

GC Heap History (20 events):
Event: 3.686 GC heap before
{Heap before GC invocations=15 (full 0):
 garbage-first heap   total 112640K, used 53623K [0x0000000705e00000, 0x0000000800000000)
  region size 2048K, 2 young (4096K), 1 survivors (2048K)
 Metaspace       used 27625K, committed 28160K, reserved 1114112K
  class space    used 2864K, committed 3136K, reserved 1048576K
}
Event: 3.688 GC heap after
{Heap after GC invocations=16 (full 0):
 garbage-first heap   total 112640K, used 50936K [0x0000000705e00000, 0x0000000800000000)
  region size 2048K, 1 young (2048K), 1 survivors (2048K)
 Metaspace       used 27625K, committed 28160K, reserved 1114112K
  class space    used 2864K, committed 3136K, reserved 1048576K
}
Event: 3.751 GC heap before
{Heap before GC invocations=16 (full 0):
 garbage-first heap   total 112640K, used 83704K [0x0000000705e00000, 0x0000000800000000)
  region size 2048K, 17 young (34816K), 1 survivors (2048K)
 Metaspace       used 27663K, committed 28160K, reserved 1114112K
  class space    used 2869K, committed 3136K, reserved 1048576K
}
Event: 3.753 GC heap after
{Heap after GC invocations=17 (full 0):
 garbage-first heap   total 225280K, used 50858K [0x0000000705e00000, 0x0000000800000000)
  region size 2048K, 1 young (2048K), 1 survivors (2048K)
 Metaspace       used 27663K, committed 28160K, reserved 1114112K
  class space    used 2869K, committed 3136K, reserved 1048576K
}
Event: 4.175 GC heap before
{Heap before GC invocations=18 (full 0):
 garbage-first heap   total 198656K, used 159402K [0x0000000705e00000, 0x0000000800000000)
  region size 2048K, 54 young (110592K), 1 survivors (2048K)
 Metaspace       used 28539K, committed 29120K, reserved 1114112K
  class space    used 2963K, committed 3264K, reserved 1048576K
}
Event: 4.178 GC heap after
{Heap after GC invocations=19 (full 0):
 garbage-first heap   total 198656K, used 53044K [0x0000000705e00000, 0x0000000800000000)
  region size 2048K, 2 young (4096K), 2 survivors (4096K)
 Metaspace       used 28539K, committed 29120K, reserved 1114112K
  class space    used 2963K, committed 3264K, reserved 1048576K
}
Event: 4.187 GC heap before
{Heap before GC invocations=19 (full 0):
 garbage-first heap   total 198656K, used 57140K [0x0000000705e00000, 0x0000000800000000)
  region size 2048K, 4 young (8192K), 2 survivors (4096K)
 Metaspace       used 28540K, committed 29120K, reserved 1114112K
  class space    used 2963K, committed 3264K, reserved 1048576K
}
Event: 4.189 GC heap after
{Heap after GC invocations=20 (full 0):
 garbage-first heap   total 198656K, used 53426K [0x0000000705e00000, 0x0000000800000000)
  region size 2048K, 1 young (2048K), 1 survivors (2048K)
 Metaspace       used 28540K, committed 29120K, reserved 1114112K
  class space    used 2963K, committed 3264K, reserved 1048576K
}
Event: 4.354 GC heap before
{Heap before GC invocations=20 (full 0):
 garbage-first heap   total 198656K, used 147634K [0x0000000705e00000, 0x0000000800000000)
  region size 2048K, 47 young (96256K), 1 survivors (2048K)
 Metaspace       used 28698K, committed 29248K, reserved 1114112K
  class space    used 2966K, committed 3264K, reserved 1048576K
}
Event: 4.355 GC heap after
{Heap after GC invocations=21 (full 0):
 garbage-first heap   total 198656K, used 53803K [0x0000000705e00000, 0x0000000800000000)
  region size 2048K, 1 young (2048K), 1 survivors (2048K)
 Metaspace       used 28698K, committed 29248K, reserved 1114112K
  class space    used 2966K, committed 3264K, reserved 1048576K
}
Event: 4.552 GC heap before
{Heap before GC invocations=21 (full 0):
 garbage-first heap   total 198656K, used 152107K [0x0000000705e00000, 0x0000000800000000)
  region size 2048K, 49 young (100352K), 1 survivors (2048K)
 Metaspace       used 28792K, committed 29312K, reserved 1114112K
  class space    used 2966K, committed 3264K, reserved 1048576K
}
Event: 4.554 GC heap after
{Heap after GC invocations=22 (full 0):
 garbage-first heap   total 198656K, used 54376K [0x0000000705e00000, 0x0000000800000000)
  region size 2048K, 1 young (2048K), 1 survivors (2048K)
 Metaspace       used 28792K, committed 29312K, reserved 1114112K
  class space    used 2966K, committed 3264K, reserved 1048576K
}
Event: 5.545 GC heap before
{Heap before GC invocations=22 (full 0):
 garbage-first heap   total 198656K, used 160872K [0x0000000705e00000, 0x0000000800000000)
  region size 2048K, 51 young (104448K), 1 survivors (2048K)
 Metaspace       used 31496K, committed 32128K, reserved 1114112K
  class space    used 3217K, committed 3520K, reserved 1048576K
}
Event: 5.549 GC heap after
{Heap after GC invocations=23 (full 0):
 garbage-first heap   total 198656K, used 59518K [0x0000000705e00000, 0x0000000800000000)
  region size 2048K, 3 young (6144K), 3 survivors (6144K)
 Metaspace       used 31496K, committed 32128K, reserved 1114112K
  class space    used 3217K, committed 3520K, reserved 1048576K
}
Event: 6.022 GC heap before
{Heap before GC invocations=23 (full 0):
 garbage-first heap   total 198656K, used 157822K [0x0000000705e00000, 0x0000000800000000)
  region size 2048K, 51 young (104448K), 3 survivors (6144K)
 Metaspace       used 31845K, committed 32448K, reserved 1114112K
  class space    used 3242K, committed 3520K, reserved 1048576K
}
Event: 6.027 GC heap after
{Heap after GC invocations=24 (full 0):
 garbage-first heap   total 198656K, used 62351K [0x0000000705e00000, 0x0000000800000000)
  region size 2048K, 4 young (8192K), 4 survivors (8192K)
 Metaspace       used 31845K, committed 32448K, reserved 1114112K
  class space    used 3242K, committed 3520K, reserved 1048576K
}
Event: 6.661 GC heap before
{Heap before GC invocations=24 (full 0):
 garbage-first heap   total 198656K, used 160655K [0x0000000705e00000, 0x0000000800000000)
  region size 2048K, 52 young (106496K), 4 survivors (8192K)
 Metaspace       used 32289K, committed 32896K, reserved 1114112K
  class space    used 3270K, committed 3584K, reserved 1048576K
}
Event: 6.672 GC heap after
{Heap after GC invocations=25 (full 0):
 garbage-first heap   total 198656K, used 87918K [0x0000000705e00000, 0x0000000800000000)
  region size 2048K, 7 young (14336K), 7 survivors (14336K)
 Metaspace       used 32289K, committed 32896K, reserved 1114112K
  class space    used 3270K, committed 3584K, reserved 1048576K
}
Event: 7.021 GC heap before
{Heap before GC invocations=25 (full 0):
 garbage-first heap   total 198656K, used 153454K [0x0000000705e00000, 0x0000000800000000)
  region size 2048K, 39 young (79872K), 7 survivors (14336K)
 Metaspace       used 33532K, committed 34176K, reserved 1114112K
  class space    used 3427K, committed 3712K, reserved 1048576K
}
Event: 7.026 GC heap after
{Heap after GC invocations=26 (full 0):
 garbage-first heap   total 327680K, used 89635K [0x0000000705e00000, 0x0000000800000000)
  region size 2048K, 1 young (2048K), 1 survivors (2048K)
 Metaspace       used 33532K, committed 34176K, reserved 1114112K
  class space    used 3427K, committed 3712K, reserved 1048576K
}

Dll operation events (12 events):
Event: 0.005 Loaded shared library C:\Program Files\Java\jdk-19\bin\java.dll
Event: 0.011 Loaded shared library C:\Program Files\Java\jdk-19\bin\jsvml.dll
Event: 0.039 Loaded shared library C:\Program Files\Java\jdk-19\bin\zip.dll
Event: 0.040 Loaded shared library C:\Program Files\Java\jdk-19\bin\instrument.dll
Event: 0.043 Loaded shared library C:\Program Files\Java\jdk-19\bin\net.dll
Event: 0.044 Loaded shared library C:\Program Files\Java\jdk-19\bin\nio.dll
Event: 0.046 Loaded shared library C:\Program Files\Java\jdk-19\bin\zip.dll
Event: 0.053 Loaded shared library C:\Program Files\JetBrains\IntelliJ IDEA 2022.1.2\bin\breakgen64.dll
Event: 0.057 Loaded shared library C:\Program Files\Java\jdk-19\bin\extnet.dll
Event: 0.105 Loaded shared library C:\Program Files\Java\jdk-19\bin\jimage.dll
Event: 0.140 Loaded shared library C:\Users\99293\AppData\Local\Temp\jansi-2.4.0-abc6806b0c7b9d68-jansi.dll
Event: 0.146 Loaded shared library C:\Program Files\Java\jdk-19\bin\verify.dll

Deoptimization events (20 events):
Event: 7.521 Thread 0x0000024bc1fddc40 Uncommon trap: trap_request=0xffffff45 fr.pc=0x0000024bd1d574e0 relative=0x00000000000007a0
Event: 7.521 Thread 0x0000024bc1fddc40 Uncommon trap: reason=unstable_if action=reinterpret pc=0x0000024bd1d574e0 method=org.codehaus.plexus.classworlds.realm.Entry.matches(Ljava/lang/String;)Z @ 20 c2
Event: 7.521 Thread 0x0000024bc1fddc40 DEOPT PACKING pc=0x0000024bd1d574e0 sp=0x0000004cff9fde40
Event: 7.521 Thread 0x0000024bc1fddc40 DEOPT UNPACKING pc=0x0000024bd13f6da3 sp=0x0000004cff9fddc8 mode 2
Event: 7.597 Thread 0x0000024bf3752620 Uncommon trap: trap_request=0xffffffc6 fr.pc=0x0000024bd1bdd954 relative=0x0000000000000214
Event: 7.597 Thread 0x0000024bf3752620 Uncommon trap: reason=bimorphic_or_optimized_type_check action=maybe_recompile pc=0x0000024bd1bdd954 method=java.util.concurrent.locks.AbstractQueuedSynchronizer.release(I)Z @ 2 c2
Event: 7.597 Thread 0x0000024bf3752620 DEOPT PACKING pc=0x0000024bd1bdd954 sp=0x0000004c825feff0
Event: 7.597 Thread 0x0000024bf3752620 DEOPT UNPACKING pc=0x0000024bd13f6da3 sp=0x0000004c825fefb8 mode 2
Event: 7.597 Thread 0x0000024bf3750b90 Uncommon trap: trap_request=0xffffffc6 fr.pc=0x0000024bd1bdd954 relative=0x0000000000000214
Event: 7.597 Thread 0x0000024bf3750b90 Uncommon trap: reason=bimorphic_or_optimized_type_check action=maybe_recompile pc=0x0000024bd1bdd954 method=java.util.concurrent.locks.AbstractQueuedSynchronizer.release(I)Z @ 2 c2
Event: 7.597 Thread 0x0000024bf3750b90 DEOPT PACKING pc=0x0000024bd1bdd954 sp=0x0000004c826ff570
Event: 7.597 Thread 0x0000024bf37530c0 Uncommon trap: trap_request=0xffffffc6 fr.pc=0x0000024bd1bdd954 relative=0x0000000000000214
Event: 7.597 Thread 0x0000024bf3752620 Uncommon trap: trap_request=0xffffffc6 fr.pc=0x0000024bd1bdd954 relative=0x0000000000000214
Event: 7.597 Thread 0x0000024bf37530c0 Uncommon trap: reason=bimorphic_or_optimized_type_check action=maybe_recompile pc=0x0000024bd1bdd954 method=java.util.concurrent.locks.AbstractQueuedSynchronizer.release(I)Z @ 2 c2
Event: 7.597 Thread 0x0000024bf3752620 Uncommon trap: reason=bimorphic_or_optimized_type_check action=maybe_recompile pc=0x0000024bd1bdd954 method=java.util.concurrent.locks.AbstractQueuedSynchronizer.release(I)Z @ 2 c2
Event: 7.597 Thread 0x0000024bf37530c0 DEOPT PACKING pc=0x0000024bd1bdd954 sp=0x0000004c827ff1d0
Event: 7.597 Thread 0x0000024bf3752620 DEOPT PACKING pc=0x0000024bd1bdd954 sp=0x0000004c825feff0
Event: 7.597 Thread 0x0000024bf3750b90 DEOPT UNPACKING pc=0x0000024bd13f6da3 sp=0x0000004c826ff538 mode 2
Event: 7.598 Thread 0x0000024bf3752620 DEOPT UNPACKING pc=0x0000024bd13f6da3 sp=0x0000004c825fefb8 mode 2
Event: 7.598 Thread 0x0000024bf37530c0 DEOPT UNPACKING pc=0x0000024bd13f6da3 sp=0x0000004c827ff198 mode 2

Classes loaded (20 events):
Event: 7.683 Loading class java/util/concurrent/ArrayBlockingQueue
Event: 7.683 Loading class java/util/concurrent/ArrayBlockingQueue done
Event: 7.685 Loading class java/util/DualPivotQuicksort
Event: 7.685 Loading class java/util/DualPivotQuicksort done
Event: 7.686 Loading class java/lang/IllegalThreadStateException
Event: 7.686 Loading class java/lang/IllegalThreadStateException done
Event: 7.687 Loading class java/lang/ProcessBuilder
Event: 7.687 Loading class java/lang/ProcessBuilder done
Event: 7.687 Loading class java/lang/ProcessImpl
Event: 7.687 Loading class java/lang/Process
Event: 7.687 Loading class java/lang/Process done
Event: 7.687 Loading class java/lang/ProcessImpl done
Event: 7.695 Loading class java/lang/ProcessImpl$2
Event: 7.695 Loading class java/lang/ProcessImpl$2 done
Event: 7.695 Loading class java/lang/Process$PipeInputStream
Event: 7.695 Loading class java/lang/Process$PipeInputStream done
Event: 7.696 Loading class jdk/internal/event/ProcessStartEvent
Event: 7.696 Loading class jdk/internal/event/Event
Event: 7.696 Loading class jdk/internal/event/Event done
Event: 7.696 Loading class jdk/internal/event/ProcessStartEvent done

Classes unloaded (0 events):
No events

Classes redefined (0 events):
No events

Internal exceptions (20 events):
Event: 7.318 Thread 0x0000024bc1fddc40 Exception <a 'sun/nio/fs/WindowsException'{0x000000071407e478}> (0x000000071407e478) 
thrown [s\open\src\hotspot\share\prims\jni.cpp, line 517]
Event: 7.318 Thread 0x0000024bc1fddc40 Exception <a 'sun/nio/fs/WindowsException'{0x000000071407f350}> (0x000000071407f350) 
thrown [s\open\src\hotspot\share\prims\jni.cpp, line 517]
Event: 7.324 Thread 0x0000024bc1fddc40 Exception <a 'sun/nio/fs/WindowsException'{0x000000071417e3d8}> (0x000000071417e3d8) 
thrown [s\open\src\hotspot\share\prims\jni.cpp, line 517]
Event: 7.324 Thread 0x0000024bc1fddc40 Exception <a 'sun/nio/fs/WindowsException'{0x000000071417eab0}> (0x000000071417eab0) 
thrown [s\open\src\hotspot\share\prims\jni.cpp, line 517]
Event: 7.324 Thread 0x0000024bc1fddc40 Exception <a 'sun/nio/fs/WindowsException'{0x000000071417f988}> (0x000000071417f988) 
thrown [s\open\src\hotspot\share\prims\jni.cpp, line 517]
Event: 7.327 Thread 0x0000024bc1fddc40 Exception <a 'sun/nio/fs/WindowsException'{0x00000007141fdb48}> (0x00000007141fdb48) 
thrown [s\open\src\hotspot\share\prims\jni.cpp, line 517]
Event: 7.327 Thread 0x0000024bc1fddc40 Exception <a 'sun/nio/fs/WindowsException'{0x00000007141fe220}> (0x00000007141fe220) 
thrown [s\open\src\hotspot\share\prims\jni.cpp, line 517]
Event: 7.327 Thread 0x0000024bc1fddc40 Exception <a 'sun/nio/fs/WindowsException'{0x00000007141ff0f8}> (0x00000007141ff0f8) 
thrown [s\open\src\hotspot\share\prims\jni.cpp, line 517]
Event: 7.360 Thread 0x0000024bc1fddc40 Implicit null exception at 0x0000024bd1d32792 to 0x0000024bd1d37d34
Event: 7.360 Thread 0x0000024bc1fddc40 Implicit null exception at 0x0000024bd1d3fa9e to 0x0000024bd1d44bec
Event: 7.361 Thread 0x0000024bc1fddc40 Implicit null exception at 0x0000024bd1d01b0a to 0x0000024bd1d05d38
Event: 7.388 Thread 0x0000024bc1fddc40 Implicit null exception at 0x0000024bd1d18296 to 0x0000024bd1d194f8
Event: 7.503 Thread 0x0000024bf3752620 Exception <a 'java/lang/NoSuchMethodError'{0x000000071293c200}: 'java.lang.Object java.lang.invoke.DirectMethodHandle$Holder.invokeStatic(java.lang.Object, long, java.lang.Object)'> (0x000000071293c200) 
thrown [s\open\src\hotspot\share\interpreter\linkResolver.cpp, line 774]
Event: 7.504 Thread 0x0000024bf3752620 Exception <a 'java/lang/NoSuchMethodError'{0x000000071293f850}: 'java.lang.Object java.lang.invoke.DirectMethodHandle$Holder.invokeStaticInit(java.lang.Object, long, java.lang.Object)'> (0x000000071293f850) 
thrown [s\open\src\hotspot\share\interpreter\linkResolver.cpp, line 774]
Event: 7.504 Thread 0x0000024bf3752620 Exception <a 'java/lang/NoSuchMethodError'{0x00000007129454a0}: 'java.lang.Object java.lang.invoke.DirectMethodHandle$Holder.newInvokeSpecial(java.lang.Object, long)'> (0x00000007129454a0) 
thrown [s\open\src\hotspot\share\interpreter\linkResolver.cpp, line 774]
Event: 7.507 Thread 0x0000024bf3752620 Exception <a 'java/lang/NoSuchMethodError'{0x0000000712949d30}: 'long java.lang.invoke.DirectMethodHandle$Holder.invokeInterface(java.lang.Object, java.lang.Object)'> (0x0000000712949d30) 
thrown [s\open\src\hotspot\share\interpreter\linkResolver.cpp, line 774]
Event: 7.507 Thread 0x0000024bf3752620 Exception <a 'java/lang/NoSuchMethodError'{0x000000071294d698}: 'long java.lang.invoke.DelegatingMethodHandle$Holder.reinvoke_L(java.lang.Object, java.lang.Object)'> (0x000000071294d698) 
thrown [s\open\src\hotspot\share\interpreter\linkResolver.cpp, line 774]
Event: 7.509 Thread 0x0000024bc1fddc40 Exception <a 'java/lang/NoSuchMethodError'{0x0000000712771388}: 'java.lang.String org.apache.maven.execution.MavenExecutionRequest.getFailureBehavior()'> (0x0000000712771388) 
thrown [s\open\src\hotspot\share\interpreter\linkResolver.cpp, line 870]
Event: 7.555 Thread 0x0000024bc1fddc40 Exception <a 'java/lang/NoSuchMethodError'{0x000000071250dee8}: 'java.lang.Object java.lang.invoke.DirectMethodHandle$Holder.invokeStaticInit(java.lang.Object, java.lang.Object, int, int, int, int)'> (0x000000071250dee8) 
thrown [s\open\src\hotspot\share\interpreter\linkResolver.cpp, line 774]
Event: 7.694 Thread 0x0000024bc1fddc40 Exception <a 'java/lang/NoSuchMethodError'{0x0000000710cbb318}: 'void java.lang.invoke.DirectMethodHandle$Holder.invokeStatic(java.lang.Object, long)'> (0x0000000710cbb318) 
thrown [s\open\src\hotspot\share\interpreter\linkResolver.cpp, line 774]

VM Operations (20 events):
Event: 6.029 Executing VM operation: HandshakeAllThreads
Event: 6.029 Executing VM operation: HandshakeAllThreads done
Event: 6.077 Executing VM operation: HandshakeAllThreads
Event: 6.077 Executing VM operation: HandshakeAllThreads done
Event: 6.661 Executing VM operation: G1CollectForAllocation
Event: 6.672 Executing VM operation: G1CollectForAllocation done
Event: 7.021 Executing VM operation: G1CollectForAllocation
Event: 7.026 Executing VM operation: G1CollectForAllocation done
Event: 7.045 Executing VM operation: HandshakeAllThreads
Event: 7.045 Executing VM operation: HandshakeAllThreads done
Event: 7.162 Executing VM operation: ICBufferFull
Event: 7.162 Executing VM operation: ICBufferFull done
Event: 7.363 Executing VM operation: ICBufferFull
Event: 7.363 Executing VM operation: ICBufferFull done
Event: 7.491 Executing VM operation: HandshakeAllThreads
Event: 7.491 Executing VM operation: HandshakeAllThreads done
Event: 7.664 Executing VM operation: HandshakeAllThreads
Event: 7.664 Executing VM operation: HandshakeAllThreads done
Event: 7.696 Executing VM operation: HandshakeAllThreads
Event: 7.696 Executing VM operation: HandshakeAllThreads done

Events (20 events):
Event: 7.067 Thread 0x0000024be5c5de00 flushing nmethod 0x0000024bcafa9210
Event: 7.067 Thread 0x0000024be5c5de00 flushing nmethod 0x0000024bcafa9590
Event: 7.067 Thread 0x0000024be5c5de00 flushing nmethod 0x0000024bcafd1110
Event: 7.067 Thread 0x0000024be5c5de00 flushing nmethod 0x0000024bcafd1510
Event: 7.067 Thread 0x0000024be5c5de00 flushing nmethod 0x0000024bcafd2290
Event: 7.067 Thread 0x0000024be5c5de00 flushing nmethod 0x0000024bcafd3610
Event: 7.068 Thread 0x0000024be5c5de00 flushing nmethod 0x0000024bcb0a0a90
Event: 7.493 Thread 0x0000024bf3752620 Thread added: 0x0000024bf3752620
Event: 7.508 Thread 0x0000024bf3752620 Thread exited: 0x0000024bf3752620
Event: 7.597 Thread 0x0000024bf3752620 Thread added: 0x0000024bf3752620
Event: 7.597 Thread 0x0000024bf3750b90 Thread added: 0x0000024bf3750b90
Event: 7.597 Thread 0x0000024bf37530c0 Thread added: 0x0000024bf37530c0
Event: 7.646 Thread 0x0000024bf3753b60 Thread added: 0x0000024bf3753b60
Event: 7.646 Thread 0x0000024bf37520d0 Thread added: 0x0000024bf37520d0
Event: 7.659 Thread 0x0000024bf37510e0 Thread added: 0x0000024bf37510e0
Event: 7.663 Thread 0x0000024beff1b370 Thread added: 0x0000024beff1b370
Event: 7.684 Thread 0x0000024beff15e70 Thread added: 0x0000024beff15e70
Event: 7.697 Thread 0x0000024beff153d0 Thread added: 0x0000024beff153d0
Event: 7.697 Thread 0x0000024beff1a8d0 Thread added: 0x0000024beff1a8d0
Event: 7.697 Thread 0x0000024beff1c360 Thread added: 0x0000024beff1c360


Dynamic libraries:
0x00007ff6a6b10000 - 0x00007ff6a6b20000 	C:\Program Files\Java\jdk-19\bin\java.exe
0x00007ff936d50000 - 0x00007ff936f67000 	C:\WINDOWS\SYSTEM32\ntdll.dll
0x00007ff935170000 - 0x00007ff935234000 	C:\WINDOWS\System32\KERNEL32.DLL
0x00007ff9345c0000 - 0x00007ff934966000 	C:\WINDOWS\System32\KERNELBASE.dll
0x00007ff934310000 - 0x00007ff934421000 	C:\WINDOWS\System32\ucrtbase.dll
0x00007ff9249c0000 - 0x00007ff9249d8000 	C:\Program Files\Java\jdk-19\bin\jli.dll
0x00007ff923fe0000 - 0x00007ff923ffb000 	C:\Program Files\Java\jdk-19\bin\VCRUNTIME140.dll
0x00007ff935540000 - 0x00007ff9355f3000 	C:\WINDOWS\System32\ADVAPI32.dll
0x00007ff935c80000 - 0x00007ff935d27000 	C:\WINDOWS\System32\msvcrt.dll
0x00007ff935030000 - 0x00007ff9350d8000 	C:\WINDOWS\System32\sechost.dll
0x00007ff934970000 - 0x00007ff934998000 	C:\WINDOWS\System32\bcrypt.dll
0x00007ff934af0000 - 0x00007ff934c07000 	C:\WINDOWS\System32\RPCRT4.dll
0x00007ff935730000 - 0x00007ff9358de000 	C:\WINDOWS\System32\USER32.dll
0x00007ff9349a0000 - 0x00007ff9349c6000 	C:\WINDOWS\System32\win32u.dll
0x00007ff935640000 - 0x00007ff935669000 	C:\WINDOWS\System32\GDI32.dll
0x00007ff919e20000 - 0x00007ff91a0b3000 	C:\WINDOWS\WinSxS\amd64_microsoft.windows.common-controls_6595b64144ccf1df_6.0.22621.2506_none_270c5ae97388e100\COMCTL32.dll
0x00007ff934430000 - 0x00007ff934548000 	C:\WINDOWS\System32\gdi32full.dll
0x00007ff9349d0000 - 0x00007ff934a6a000 	C:\WINDOWS\System32\msvcp_win.dll
0x00007ff92ca80000 - 0x00007ff92ca8a000 	C:\WINDOWS\SYSTEM32\VERSION.dll
0x00007ff9356f0000 - 0x00007ff935721000 	C:\WINDOWS\System32\IMM32.DLL
0x00007ff92d950000 - 0x00007ff92d95c000 	C:\Program Files\Java\jdk-19\bin\vcruntime140_1.dll
0x00007ff90cf50000 - 0x00007ff90cfde000 	C:\Program Files\Java\jdk-19\bin\msvcp140.dll
0x00007ff8e5340000 - 0x00007ff8e6000000 	C:\Program Files\Java\jdk-19\bin\server\jvm.dll
0x00007ff92cc70000 - 0x00007ff92cca4000 	C:\WINDOWS\SYSTEM32\WINMM.dll
0x00007ff92f210000 - 0x00007ff92f219000 	C:\WINDOWS\SYSTEM32\WSOCK32.dll
0x00007ff935670000 - 0x00007ff9356e1000 	C:\WINDOWS\System32\WS2_32.dll
0x00007ff933190000 - 0x00007ff9331a8000 	C:\WINDOWS\SYSTEM32\kernel.appcore.dll
0x00007ff92cd70000 - 0x00007ff92cd7a000 	C:\Program Files\Java\jdk-19\bin\jimage.dll
0x00007ff9318d0000 - 0x00007ff931b03000 	C:\WINDOWS\SYSTEM32\DBGHELP.DLL
0x00007ff9358f0000 - 0x00007ff935c79000 	C:\WINDOWS\System32\combase.dll
0x00007ff935e90000 - 0x00007ff935f67000 	C:\WINDOWS\System32\OLEAUT32.dll
0x00007ff92aaf0000 - 0x00007ff92ab22000 	C:\WINDOWS\SYSTEM32\dbgcore.DLL
0x00007ff9341d0000 - 0x00007ff93424a000 	C:\WINDOWS\System32\bcryptPrimitives.dll
0x00007ff926270000 - 0x00007ff92627e000 	C:\Program Files\Java\jdk-19\bin\instrument.dll
0x00007ff91e470000 - 0x00007ff91e496000 	C:\Program Files\Java\jdk-19\bin\java.dll
0x00007ff904080000 - 0x00007ff904157000 	C:\Program Files\Java\jdk-19\bin\jsvml.dll
0x00007ff935f70000 - 0x00007ff9367cb000 	C:\WINDOWS\System32\SHELL32.dll
0x00007ff931f80000 - 0x00007ff932876000 	C:\WINDOWS\SYSTEM32\windows.storage.dll
0x00007ff931e40000 - 0x00007ff931f7e000 	C:\WINDOWS\SYSTEM32\wintypes.dll
0x00007ff934d70000 - 0x00007ff934e63000 	C:\WINDOWS\System32\SHCORE.dll
0x00007ff9354e0000 - 0x00007ff93553e000 	C:\WINDOWS\System32\shlwapi.dll
0x00007ff933f90000 - 0x00007ff933fb6000 	C:\WINDOWS\SYSTEM32\profapi.dll
0x00007ff915240000 - 0x00007ff915258000 	C:\Program Files\Java\jdk-19\bin\zip.dll
0x00007ff91e340000 - 0x00007ff91e353000 	C:\Program Files\Java\jdk-19\bin\net.dll
0x00007ff92e3c0000 - 0x00007ff92e4f7000 	C:\WINDOWS\SYSTEM32\WINHTTP.dll
0x00007ff933610000 - 0x00007ff933679000 	C:\WINDOWS\system32\mswsock.dll
0x00007ff91e320000 - 0x00007ff91e336000 	C:\Program Files\Java\jdk-19\bin\nio.dll
0x00007ff925b50000 - 0x00007ff925b6a000 	C:\Program Files\JetBrains\IntelliJ IDEA 2022.1.2\bin\breakgen64.dll
0x00007ff92a790000 - 0x00007ff92a798000 	C:\Program Files\Java\jdk-19\bin\extnet.dll
0x0000000069ac0000 - 0x0000000069ae4000 	C:\Users\99293\AppData\Local\Temp\jansi-2.4.0-abc6806b0c7b9d68-jansi.dll
0x00007ff925b70000 - 0x00007ff925b80000 	C:\Program Files\Java\jdk-19\bin\verify.dll
0x00007ff933860000 - 0x00007ff93387b000 	C:\WINDOWS\SYSTEM32\CRYPTSP.dll
0x00007ff9330f0000 - 0x00007ff933125000 	C:\WINDOWS\system32\rsaenh.dll
0x00007ff933700000 - 0x00007ff93372c000 	C:\WINDOWS\SYSTEM32\USERENV.dll
0x00007ff933880000 - 0x00007ff93388c000 	C:\WINDOWS\SYSTEM32\CRYPTBASE.dll
0x00007ff932b50000 - 0x00007ff932b7d000 	C:\WINDOWS\SYSTEM32\IPHLPAPI.DLL
0x00007ff935630000 - 0x00007ff935639000 	C:\WINDOWS\System32\NSI.dll
0x00007ff92e0e0000 - 0x00007ff92e0f9000 	C:\WINDOWS\SYSTEM32\dhcpcsvc6.DLL
0x00007ff92e0b0000 - 0x00007ff92e0cf000 	C:\WINDOWS\SYSTEM32\dhcpcsvc.DLL
0x00007ff932b80000 - 0x00007ff932c79000 	C:\WINDOWS\SYSTEM32\DNSAPI.dll

dbghelp: loaded successfully - version: 4.0.5 - missing functions: none
symbol engine: initialized successfully - sym options: 0x614 - pdb path: .;C:\Program Files\Java\jdk-19\bin;C:\WINDOWS\SYSTEM32;C:\WINDOWS\WinSxS\amd64_microsoft.windows.common-controls_6595b64144ccf1df_6.0.22621.2506_none_270c5ae97388e100;C:\Program Files\Java\jdk-19\bin\server;C:\Program Files\JetBrains\IntelliJ IDEA 2022.1.2\bin;C:\Users\99293\AppData\Local\Temp

VM Arguments:
jvm_args: -Dmaven.multiModuleProjectDirectory=D:\unitedStates duplicates original -Dmaven.home=C:\Users\99293\.m2\wrapper\dists\apache-maven-3.8.6-bin\1ks0nkde5v1pk9vtc31i9d0lcd\apache-maven-3.8.6 -Dclassworlds.conf=C:\Users\99293\.m2\wrapper\dists\apache-maven-3.8.6-bin\1ks0nkde5v1pk9vtc31i9d0lcd\apache-maven-3.8.6\bin\m2.conf -Dmaven.ext.class.path=C:\Program Files\JetBrains\IntelliJ IDEA 2022.1.2\plugins\maven\lib\maven-event-listener.jar -javaagent:C:\Program Files\JetBrains\IntelliJ IDEA 2022.1.2\lib\idea_rt.jar=63726:C:\Program Files\JetBrains\IntelliJ IDEA 2022.1.2\bin -Dfile.encoding=UTF-8 
java_command: org.codehaus.classworlds.Launcher -Didea.version=2022.1.2 package
java_class_path (initial): C:\Users\99293\.m2\wrapper\dists\apache-maven-3.8.6-bin\1ks0nkde5v1pk9vtc31i9d0lcd\apache-maven-3.8.6\boot\plexus-classworlds-2.6.0.jar;C:\Users\99293\.m2\wrapper\dists\apache-maven-3.8.6-bin\1ks0nkde5v1pk9vtc31i9d0lcd\apache-maven-3.8.6\boot\plexus-classworlds.license
Launcher Type: SUN_STANDARD

[Global flags]
     intx CICompilerCount                          = 12                                        {product} {ergonomic}
     uint ConcGCThreads                            = 3                                         {product} {ergonomic}
     uint G1ConcRefinementThreads                  = 13                                        {product} {ergonomic}
   size_t G1HeapRegionSize                         = 2097152                                   {product} {ergonomic}
    uintx GCDrainStackTargetSize                   = 64                                        {product} {ergonomic}
   size_t InitialHeapSize                          = 264241152                                 {product} {ergonomic}
   size_t MarkStackSize                            = 4194304                                   {product} {ergonomic}
   size_t MaxHeapSize                              = 4196401152                                {product} {ergonomic}
   size_t MaxNewSize                               = 2516582400                                {product} {ergonomic}
   size_t MinHeapDeltaBytes                        = 2097152                                   {product} {ergonomic}
   size_t MinHeapSize                              = 8388608                                   {product} {ergonomic}
    uintx NonNMethodCodeHeapSize                   = 7602480                                {pd product} {ergonomic}
    uintx NonProfiledCodeHeapSize                  = 122027880                              {pd product} {ergonomic}
    uintx ProfiledCodeHeapSize                     = 122027880                              {pd product} {ergonomic}
    uintx ReservedCodeCacheSize                    = 251658240                              {pd product} {ergonomic}
     bool SegmentedCodeCache                       = true                                      {product} {ergonomic}
   size_t SoftMaxHeapSize                          = 4196401152                             {manageable} {ergonomic}
     bool UseCompressedClassPointers               = true                           {product lp64_product} {ergonomic}
     bool UseCompressedOops                        = true                           {product lp64_product} {ergonomic}
     bool UseG1GC                                  = true                                      {product} {ergonomic}
     bool UseLargePagesIndividualAllocation        = false                                  {pd product} {ergonomic}

Logging:
Log output configuration:
 #0: stdout all=warning uptime,level,tags foldmultilines=false
 #1: stderr all=off uptime,level,tags foldmultilines=false

Environment Variables:
PATH=C:\Program Files\Common Files\Oracle\Java\javapath;C:\Windows\system32;C:\Windows;C:\Windows\System32\Wbem;C:\Windows\System32\WindowsPowerShell\v1.0\;C:\Windows\System32\OpenSSH\;C:\Program Files (x86)\NVIDIA Corporation\PhysX\Common;C:\Program Files\NVIDIA Corporation\NVIDIA NvDLISR;C:\Program Files\Git\cmd;C:\Program Files (x86)\dotnet\;%SystemRoot%\system32;%SystemRoot%;%SystemRoot%\System32\Wbem;%SYSTEMROOT%\System32\WindowsPowerShell\v1.0\;%SYSTEMROOT%\System32\OpenSSH\;C:\Users\99293\AppData\Local\Programs\Python\Python311\Scripts\;C:\Users\99293\AppData\Local\Programs\Python\Python311\;C:\Users\99293\AppData\Local\Microsoft\WindowsApps;;C:\Program Files\JetBrains\IntelliJ IDEA 2022.1.2\bin;;C:\Program Files\heroku\bin
USERNAME=ASUS
OS=Windows_NT
PROCESSOR_IDENTIFIER=Intel64 Family 6 Model 154 Stepping 3, GenuineIntel
TMP=C:\Users\99293\AppData\Local\Temp
TEMP=C:\Users\99293\AppData\Local\Temp



---------------  S Y S T E M  ---------------

OS:
 Windows 11 , 64 bit Build 22621 (10.0.22621.3085)
OS uptime: 0 days 21:16 hours
Hyper-V role detected

CPU: total 16 (initial active 16) (8 cores per cpu, 2 threads per core) family 6 model 154 stepping 3 microcode 0x41c, cx8, cmov, fxsr, ht, mmx, 3dnowpref, sse, sse2, sse3, ssse3, sse4.1, sse4.2, popcnt, lzcnt, tsc, tscinvbit, avx, avx2, aes, erms, clmul, bmi1, bmi2, adx, sha, fma, vzeroupper, clflush, clflushopt, clwb, hv, serialize, rdtscp, rdpid, fsrm

Memory: 4k page, system-wide physical 16005M (2882M free)
TotalPageFile size 18053M (AvailPageFile size 6M)
current process WorkingSet (physical memory assigned to process): 587M, peak: 596M
current process commit charge ("private bytes"): 644M, peak: 659M

vm_info: Java HotSpot(TM) 64-Bit Server VM (19.0.2+7-44) for windows-amd64 JRE (19.0.2+7-44), built on 2022-11-30T18:02:09Z by "mach5one" with MS VC++ 17.1 (VS2022)

END.
