#
# There is insufficient memory for the Java Runtime Environment to continue.
# Native memory allocation (malloc) failed to allocate 1101936 bytes for Chunk::new
# Possible reasons:
#   The system is out of physical RAM or swap space
#   The process is running with CompressedOops enabled, and the Java Heap may be blocking the growth of the native heap
# Possible solutions:
#   Reduce memory load on the system
#   Increase physical memory or swap space
#   Check if swap backing store is full
#   Decrease Java heap size (-Xmx/-Xms)
#   Decrease number of Java threads
#   Decrease Java thread stack sizes (-Xss)
#   Set larger code cache with -XX:ReservedCodeCacheSize=
#   JVM is running with Zero Based Compressed Oops mode in which the Java heap is
#     placed in the first 32GB address space. The Java Heap base address is the
#     maximum limit for the native heap growth. Please use -XX:HeapBaseMinAddress
#     to set the Java Heap base and to place the Java Heap above 32GB virtual address.
# This output file may be truncated or incomplete.
#
#  Out of Memory Error (arena.cpp:184), pid=16560, tid=21200
#
# JRE version: Java(TM) SE Runtime Environment (19.0.2+7) (build 19.0.2+7-44)
# Java VM: Java HotSpot(TM) 64-Bit Server VM (19.0.2+7-44, mixed mode, sharing, tiered, compressed oops, compressed class ptrs, g1 gc, windows-amd64)
# No core dump will be written. Minidumps are not enabled by default on client versions of Windows
#

---------------  S U M M A R Y ------------

Command Line: -Dmaven.multiModuleProjectDirectory=D:\unitedStates duplicates original -Dmaven.home=C:\Users\99293\.m2\wrapper\dists\apache-maven-3.8.6-bin\1ks0nkde5v1pk9vtc31i9d0lcd\apache-maven-3.8.6 -Dclassworlds.conf=C:\Users\99293\.m2\wrapper\dists\apache-maven-3.8.6-bin\1ks0nkde5v1pk9vtc31i9d0lcd\apache-maven-3.8.6\bin\m2.conf -Dmaven.ext.class.path=C:\Program Files\JetBrains\IntelliJ IDEA 2022.1.2\plugins\maven\lib\maven-event-listener.jar -javaagent:C:\Program Files\JetBrains\IntelliJ IDEA 2022.1.2\lib\idea_rt.jar=54334:C:\Program Files\JetBrains\IntelliJ IDEA 2022.1.2\bin -Dfile.encoding=UTF-8 org.codehaus.classworlds.Launcher -Didea.version=2022.1.2 package

Host: 12th Gen Intel(R) Core(TM) i7-12650H, 16 cores, 15G,  Windows 11 , 64 bit Build 22621 (10.0.22621.3958)
Time: Mon Sep 16 18:12:00 2024  Windows 11 , 64 bit Build 22621 (10.0.22621.3958) elapsed time: 1.527794 seconds (0d 0h 0m 1s)

---------------  T H R E A D  ---------------

Current thread (0x00000210171289c0):  JavaThread "C2 CompilerThread0" daemon [_thread_in_native, id=21200, stack(0x000000bf1f900000,0x000000bf1fa00000)]


Current CompileTask:
C2:   1527 4092       4       org.eclipse.aether.util.graph.transformer.ConflictResolver$State::push (447 bytes)

Stack: [0x000000bf1f900000,0x000000bf1fa00000]
Native frames: (J=compiled Java code, j=interpreted, Vv=VM code, C=native code)
V  [jvm.dll+0x6ee21a]
V  [jvm.dll+0x85765e]
V  [jvm.dll+0x85904e]
V  [jvm.dll+0x859703]
V  [jvm.dll+0x28298f]
V  [jvm.dll+0xc9adf]
V  [jvm.dll+0xc9e65]
V  [jvm.dll+0x3bca12]
V  [jvm.dll+0x3860e1]
V  [jvm.dll+0x38555a]
V  [jvm.dll+0x24c3d9]
V  [jvm.dll+0x24b781]
V  [jvm.dll+0x1d6ce1]
V  [jvm.dll+0x25b25a]
V  [jvm.dll+0x2596e8]
V  [jvm.dll+0x807588]
V  [jvm.dll+0x80125a]
V  [jvm.dll+0x6ecf0b]
C  [ucrtbase.dll+0x29333]
C  [KERNEL32.DLL+0x1257d]
C  [ntdll.dll+0x5af28]


---------------  P R O C E S S  ---------------

Threads class SMR info:
_java_thread_list=0x000002101c095b00, length=23, elements={
0x00000210733e1960, 0x00000210171115f0, 0x00000210171122e0, 0x00000210171160f0,
0x0000021017117c30, 0x000002101711ad80, 0x000002101711d940, 0x00000210171289c0,
0x0000021017129330, 0x000002101712f1b0, 0x000002101b4a1680, 0x000002101b5289a0,
0x000002101b52cb00, 0x000002101b5a9900, 0x000002101b5a9e40, 0x000002101b8d2810,
0x000002101b9eec90, 0x000002101bfe27e0, 0x000002101bc1d540, 0x000002101bc1dac0,
0x000002101c096160, 0x000002101c437700, 0x000002101c439860
}

Java Threads: ( => current thread )
  0x00000210733e1960 JavaThread "main" [_thread_in_Java, id=11976, stack(0x000000bf1ec00000,0x000000bf1ed00000)]
  0x00000210171115f0 JavaThread "Reference Handler" daemon [_thread_blocked, id=23100, stack(0x000000bf1f300000,0x000000bf1f400000)]
  0x00000210171122e0 JavaThread "Finalizer" daemon [_thread_blocked, id=23352, stack(0x000000bf1f400000,0x000000bf1f500000)]
  0x00000210171160f0 JavaThread "Signal Dispatcher" daemon [_thread_blocked, id=21324, stack(0x000000bf1f500000,0x000000bf1f600000)]
  0x0000021017117c30 JavaThread "Attach Listener" daemon [_thread_blocked, id=13676, stack(0x000000bf1f600000,0x000000bf1f700000)]
  0x000002101711ad80 JavaThread "Service Thread" daemon [_thread_blocked, id=6016, stack(0x000000bf1f700000,0x000000bf1f800000)]
  0x000002101711d940 JavaThread "Monitor Deflation Thread" daemon [_thread_blocked, id=22780, stack(0x000000bf1f800000,0x000000bf1f900000)]
=>0x00000210171289c0 JavaThread "C2 CompilerThread0" daemon [_thread_in_native, id=21200, stack(0x000000bf1f900000,0x000000bf1fa00000)]
  0x0000021017129330 JavaThread "C1 CompilerThread0" daemon [_thread_blocked, id=17496, stack(0x000000bf1fa00000,0x000000bf1fb00000)]
  0x000002101712f1b0 JavaThread "Sweeper thread" daemon [_thread_blocked, id=26300, stack(0x000000bf1fb00000,0x000000bf1fc00000)]
  0x000002101b4a1680 JavaThread "C1 CompilerThread1" daemon [_thread_blocked, id=10608, stack(0x000000bf1fc00000,0x000000bf1fd00000)]
  0x000002101b5289a0 JavaThread "Common-Cleaner" daemon [_thread_blocked, id=12496, stack(0x000000bf1fd00000,0x000000bf1fe00000)]
  0x000002101b52cb00 JavaThread "C1 CompilerThread2" daemon [_thread_blocked, id=420, stack(0x000000bf1fe00000,0x000000bf1ff00000)]
  0x000002101b5a9900 JavaThread "Monitor Ctrl-Break" daemon [_thread_in_native, id=4128, stack(0x000000bf1ff00000,0x000000bf20000000)]
  0x000002101b5a9e40 JavaThread "Notification Thread" daemon [_thread_blocked, id=21036, stack(0x000000bf20000000,0x000000bf20100000)]
  0x000002101b8d2810 JavaThread "C2 CompilerThread1" daemon [_thread_in_native, id=15884, stack(0x000000bf20200000,0x000000bf20300000)]
  0x000002101b9eec90 JavaThread "C1 CompilerThread3" daemon [_thread_blocked, id=9328, stack(0x000000bf20300000,0x000000bf20400000)]
  0x000002101bfe27e0 JavaThread "C2 CompilerThread2" daemon [_thread_in_native, id=4396, stack(0x000000bf20400000,0x000000bf20500000)]
  0x000002101bc1d540 JavaThread "C2 CompilerThread3" daemon [_thread_blocked, id=16108, stack(0x000000bf20500000,0x000000bf20600000)]
  0x000002101bc1dac0 JavaThread "C2 CompilerThread4" daemon [_thread_blocked, id=24932, stack(0x000000bf20600000,0x000000bf20700000)]
  0x000002101c096160 JavaThread "C2 CompilerThread5" daemon [_thread_in_native, id=6948, stack(0x000000bf20e00000,0x000000bf20f00000)]
  0x000002101c437700 JavaThread "C2 CompilerThread6" daemon [_thread_in_native, id=19204, stack(0x000000bf20f00000,0x000000bf21000000)]
  0x000002101c439860 JavaThread "C2 CompilerThread7" daemon [_thread_in_native, id=5068, stack(0x000000bf21000000,0x000000bf21100000)]

Other Threads:
  0x00000210170f93f0 VMThread "VM Thread" [stack: 0x000000bf1f200000,0x000000bf1f300000] [id=4300]
  0x00000210733e2840 WatcherThread "VM Periodic Task Thread" [stack: 0x000000bf20100000,0x000000bf20200000] [id=26420]
  0x0000021073452d30 WorkerThread "GC Thread#0" [stack: 0x000000bf1ed00000,0x000000bf1ee00000] [id=16088]
  0x000002101b999f40 WorkerThread "GC Thread#1" [stack: 0x000000bf20700000,0x000000bf20800000] [id=15056]
  0x000002101b99a210 WorkerThread "GC Thread#2" [stack: 0x000000bf20800000,0x000000bf20900000] [id=3616]
  0x000002101b9988c0 WorkerThread "GC Thread#3" [stack: 0x000000bf20900000,0x000000bf20a00000] [id=20780]
  0x000002101b999400 WorkerThread "GC Thread#4" [stack: 0x000000bf20a00000,0x000000bf20b00000] [id=24312]
  0x000002101b998e60 WorkerThread "GC Thread#5" [stack: 0x000000bf20b00000,0x000000bf20c00000] [id=19784]
  0x000002101b999c70 WorkerThread "GC Thread#6" [stack: 0x000000bf20c00000,0x000000bf20d00000] [id=3672]
  0x000002101b9996d0 WorkerThread "GC Thread#7" [stack: 0x000000bf20d00000,0x000000bf20e00000] [id=19548]
  0x000002101d04e4b0 WorkerThread "GC Thread#8" [stack: 0x000000bf21100000,0x000000bf21200000] [id=22440]
  0x000002101d04f590 WorkerThread "GC Thread#9" [stack: 0x000000bf21200000,0x000000bf21300000] [id=4168]
  0x000002101d04c020 WorkerThread "GC Thread#10" [stack: 0x000000bf21300000,0x000000bf21400000] [id=7772]
  0x00000210734636a0 ConcurrentGCThread "G1 Main Marker" [stack: 0x000000bf1ee00000,0x000000bf1ef00000] [id=21280]
  0x00000210734640d0 WorkerThread "G1 Conc#0" [stack: 0x000000bf1ef00000,0x000000bf1f000000] [id=23772]
  0x0000021016fb3ff0 ConcurrentGCThread "G1 Refine#0" [stack: 0x000000bf1f000000,0x000000bf1f100000] [id=3600]
  0x0000021016fb4b30 ConcurrentGCThread "G1 Service" [stack: 0x000000bf1f100000,0x000000bf1f200000] [id=25960]

Threads with active compile tasks:
C2 CompilerThread0     1539 4092       4       org.eclipse.aether.util.graph.transformer.ConflictResolver$State::push (447 bytes)
C1 CompilerThread0     1539 4154       1       org.eclipse.aether.repository.RemoteRepository::getHost (5 bytes)
C2 CompilerThread1     1539 3666   !   4       org.codehaus.plexus.interpolation.StringSearchInterpolator::interpolate (668 bytes)
C2 CompilerThread2     1539 3952       4       org.codehaus.plexus.util.xml.Xpp3DomBuilder::build (413 bytes)
C2 CompilerThread5     1539 4091       4       org.eclipse.aether.util.graph.transformer.ConflictResolver::gatherConflictItems (111 bytes)
C2 CompilerThread6     1539 4144       4       java.lang.String::toLowerCase (29 bytes)

VM state: not at safepoint (normal execution)

VM Mutex/Monitor currently owned by a thread: None

Heap address: 0x0000000705e00000, size: 4002 MB, Compressed Oops mode: Zero based, Oop shift amount: 3

CDS archive(s) mapped at: [0x0000000800000000-0x0000000800c40000-0x0000000800c40000), size 12845056, SharedBaseAddress: 0x0000000800000000, ArchiveRelocationMode: 0.
Compressed class space mapped at: 0x0000000801000000-0x0000000841000000, reserved size: 1073741824
Narrow klass base: 0x0000000800000000, Narrow klass shift: 0, Narrow klass range: 0x100000000

GC Precious Log:
 CardTable entry size: 512
 Card Set container configuration: InlinePtr #cards 4 size 8 Array Of Cards #cards 16 size 48 Howl #buckets 8 coarsen threshold 3686 Howl Bitmap #cards 512 size 80 coarsen threshold 460 Card regions per heap region 1 cards per card region 4096
 CPUs: 16 total, 16 available
 Memory: 16005M
 Large Page Support: Disabled
 NUMA Support: Disabled
 Compressed Oops: Enabled (Zero based)
 Heap Region Size: 2M
 Heap Min Capacity: 8M
 Heap Initial Capacity: 252M
 Heap Max Capacity: 4002M
 Pre-touch: Disabled
 Parallel Workers: 13
 Concurrent Workers: 3
 Concurrent Refinement Workers: 13
 Periodic GC: Disabled

Heap:
 garbage-first heap   total 258048K, used 85620K [0x0000000705e00000, 0x0000000800000000)
  region size 2048K, 42 young (86016K), 2 survivors (4096K)
 Metaspace       used 14597K, committed 14848K, reserved 1114112K
  class space    used 1535K, committed 1664K, reserved 1048576K

Heap Regions: E=young(eden), S=young(survivor), O=old, HS=humongous(starts), HC=humongous(continues), CS=collection set, F=free, OA=open archive, CA=closed archive, TAMS=top-at-mark-start (previous, next)
|   0|0x0000000705e00000, 0x0000000706000000, 0x0000000706000000|100%| O|  |TAMS 0x0000000705e00000, 0x0000000705e00000| Untracked 
|   1|0x0000000706000000, 0x0000000706153400, 0x0000000706200000| 66%| O|  |TAMS 0x0000000706000000, 0x0000000706000000| Untracked 
|   2|0x0000000706200000, 0x0000000706200000, 0x0000000706400000|  0%| F|  |TAMS 0x0000000706200000, 0x0000000706200000| Untracked 
|   3|0x0000000706400000, 0x0000000706400000, 0x0000000706600000|  0%| F|  |TAMS 0x0000000706400000, 0x0000000706400000| Untracked 
|   4|0x0000000706600000, 0x0000000706600000, 0x0000000706800000|  0%| F|  |TAMS 0x0000000706600000, 0x0000000706600000| Untracked 
|   5|0x0000000706800000, 0x0000000706800000, 0x0000000706a00000|  0%| F|  |TAMS 0x0000000706800000, 0x0000000706800000| Untracked 
|   6|0x0000000706a00000, 0x0000000706a00000, 0x0000000706c00000|  0%| F|  |TAMS 0x0000000706a00000, 0x0000000706a00000| Untracked 
|   7|0x0000000706c00000, 0x0000000706c00000, 0x0000000706e00000|  0%| F|  |TAMS 0x0000000706c00000, 0x0000000706c00000| Untracked 
|   8|0x0000000706e00000, 0x0000000706e00000, 0x0000000707000000|  0%| F|  |TAMS 0x0000000706e00000, 0x0000000706e00000| Untracked 
|   9|0x0000000707000000, 0x0000000707000000, 0x0000000707200000|  0%| F|  |TAMS 0x0000000707000000, 0x0000000707000000| Untracked 
|  10|0x0000000707200000, 0x0000000707200000, 0x0000000707400000|  0%| F|  |TAMS 0x0000000707200000, 0x0000000707200000| Untracked 
|  11|0x0000000707400000, 0x0000000707400000, 0x0000000707600000|  0%| F|  |TAMS 0x0000000707400000, 0x0000000707400000| Untracked 
|  12|0x0000000707600000, 0x0000000707600000, 0x0000000707800000|  0%| F|  |TAMS 0x0000000707600000, 0x0000000707600000| Untracked 
|  13|0x0000000707800000, 0x0000000707800000, 0x0000000707a00000|  0%| F|  |TAMS 0x0000000707800000, 0x0000000707800000| Untracked 
|  14|0x0000000707a00000, 0x0000000707a00000, 0x0000000707c00000|  0%| F|  |TAMS 0x0000000707a00000, 0x0000000707a00000| Untracked 
|  15|0x0000000707c00000, 0x0000000707c00000, 0x0000000707e00000|  0%| F|  |TAMS 0x0000000707c00000, 0x0000000707c00000| Untracked 
|  16|0x0000000707e00000, 0x0000000707e00000, 0x0000000708000000|  0%| F|  |TAMS 0x0000000707e00000, 0x0000000707e00000| Untracked 
|  17|0x0000000708000000, 0x0000000708000000, 0x0000000708200000|  0%| F|  |TAMS 0x0000000708000000, 0x0000000708000000| Untracked 
|  18|0x0000000708200000, 0x0000000708200000, 0x0000000708400000|  0%| F|  |TAMS 0x0000000708200000, 0x0000000708200000| Untracked 
|  19|0x0000000708400000, 0x0000000708400000, 0x0000000708600000|  0%| F|  |TAMS 0x0000000708400000, 0x0000000708400000| Untracked 
|  20|0x0000000708600000, 0x0000000708600000, 0x0000000708800000|  0%| F|  |TAMS 0x0000000708600000, 0x0000000708600000| Untracked 
|  21|0x0000000708800000, 0x0000000708800000, 0x0000000708a00000|  0%| F|  |TAMS 0x0000000708800000, 0x0000000708800000| Untracked 
|  22|0x0000000708a00000, 0x0000000708a00000, 0x0000000708c00000|  0%| F|  |TAMS 0x0000000708a00000, 0x0000000708a00000| Untracked 
|  23|0x0000000708c00000, 0x0000000708c00000, 0x0000000708e00000|  0%| F|  |TAMS 0x0000000708c00000, 0x0000000708c00000| Untracked 
|  24|0x0000000708e00000, 0x0000000708e00000, 0x0000000709000000|  0%| F|  |TAMS 0x0000000708e00000, 0x0000000708e00000| Untracked 
|  25|0x0000000709000000, 0x0000000709000000, 0x0000000709200000|  0%| F|  |TAMS 0x0000000709000000, 0x0000000709000000| Untracked 
|  26|0x0000000709200000, 0x0000000709200000, 0x0000000709400000|  0%| F|  |TAMS 0x0000000709200000, 0x0000000709200000| Untracked 
|  27|0x0000000709400000, 0x0000000709400000, 0x0000000709600000|  0%| F|  |TAMS 0x0000000709400000, 0x0000000709400000| Untracked 
|  28|0x0000000709600000, 0x0000000709600000, 0x0000000709800000|  0%| F|  |TAMS 0x0000000709600000, 0x0000000709600000| Untracked 
|  29|0x0000000709800000, 0x0000000709800000, 0x0000000709a00000|  0%| F|  |TAMS 0x0000000709800000, 0x0000000709800000| Untracked 
|  30|0x0000000709a00000, 0x0000000709a00000, 0x0000000709c00000|  0%| F|  |TAMS 0x0000000709a00000, 0x0000000709a00000| Untracked 
|  31|0x0000000709c00000, 0x0000000709c00000, 0x0000000709e00000|  0%| F|  |TAMS 0x0000000709c00000, 0x0000000709c00000| Untracked 
|  32|0x0000000709e00000, 0x0000000709e00000, 0x000000070a000000|  0%| F|  |TAMS 0x0000000709e00000, 0x0000000709e00000| Untracked 
|  33|0x000000070a000000, 0x000000070a000000, 0x000000070a200000|  0%| F|  |TAMS 0x000000070a000000, 0x000000070a000000| Untracked 
|  34|0x000000070a200000, 0x000000070a200000, 0x000000070a400000|  0%| F|  |TAMS 0x000000070a200000, 0x000000070a200000| Untracked 
|  35|0x000000070a400000, 0x000000070a400000, 0x000000070a600000|  0%| F|  |TAMS 0x000000070a400000, 0x000000070a400000| Untracked 
|  36|0x000000070a600000, 0x000000070a600000, 0x000000070a800000|  0%| F|  |TAMS 0x000000070a600000, 0x000000070a600000| Untracked 
|  37|0x000000070a800000, 0x000000070a800000, 0x000000070aa00000|  0%| F|  |TAMS 0x000000070a800000, 0x000000070a800000| Untracked 
|  38|0x000000070aa00000, 0x000000070aa00000, 0x000000070ac00000|  0%| F|  |TAMS 0x000000070aa00000, 0x000000070aa00000| Untracked 
|  39|0x000000070ac00000, 0x000000070ac00000, 0x000000070ae00000|  0%| F|  |TAMS 0x000000070ac00000, 0x000000070ac00000| Untracked 
|  40|0x000000070ae00000, 0x000000070ae00000, 0x000000070b000000|  0%| F|  |TAMS 0x000000070ae00000, 0x000000070ae00000| Untracked 
|  41|0x000000070b000000, 0x000000070b000000, 0x000000070b200000|  0%| F|  |TAMS 0x000000070b000000, 0x000000070b000000| Untracked 
|  42|0x000000070b200000, 0x000000070b200000, 0x000000070b400000|  0%| F|  |TAMS 0x000000070b200000, 0x000000070b200000| Untracked 
|  43|0x000000070b400000, 0x000000070b400000, 0x000000070b600000|  0%| F|  |TAMS 0x000000070b400000, 0x000000070b400000| Untracked 
|  44|0x000000070b600000, 0x000000070b600000, 0x000000070b800000|  0%| F|  |TAMS 0x000000070b600000, 0x000000070b600000| Untracked 
|  45|0x000000070b800000, 0x000000070b800000, 0x000000070ba00000|  0%| F|  |TAMS 0x000000070b800000, 0x000000070b800000| Untracked 
|  46|0x000000070ba00000, 0x000000070ba00000, 0x000000070bc00000|  0%| F|  |TAMS 0x000000070ba00000, 0x000000070ba00000| Untracked 
|  47|0x000000070bc00000, 0x000000070bc00000, 0x000000070be00000|  0%| F|  |TAMS 0x000000070bc00000, 0x000000070bc00000| Untracked 
|  48|0x000000070be00000, 0x000000070be00000, 0x000000070c000000|  0%| F|  |TAMS 0x000000070be00000, 0x000000070be00000| Untracked 
|  49|0x000000070c000000, 0x000000070c000000, 0x000000070c200000|  0%| F|  |TAMS 0x000000070c000000, 0x000000070c000000| Untracked 
|  50|0x000000070c200000, 0x000000070c200000, 0x000000070c400000|  0%| F|  |TAMS 0x000000070c200000, 0x000000070c200000| Untracked 
|  51|0x000000070c400000, 0x000000070c400000, 0x000000070c600000|  0%| F|  |TAMS 0x000000070c400000, 0x000000070c400000| Untracked 
|  52|0x000000070c600000, 0x000000070c600000, 0x000000070c800000|  0%| F|  |TAMS 0x000000070c600000, 0x000000070c600000| Untracked 
|  53|0x000000070c800000, 0x000000070c800000, 0x000000070ca00000|  0%| F|  |TAMS 0x000000070c800000, 0x000000070c800000| Untracked 
|  54|0x000000070ca00000, 0x000000070ca00000, 0x000000070cc00000|  0%| F|  |TAMS 0x000000070ca00000, 0x000000070ca00000| Untracked 
|  55|0x000000070cc00000, 0x000000070cc00000, 0x000000070ce00000|  0%| F|  |TAMS 0x000000070cc00000, 0x000000070cc00000| Untracked 
|  56|0x000000070ce00000, 0x000000070ce00000, 0x000000070d000000|  0%| F|  |TAMS 0x000000070ce00000, 0x000000070ce00000| Untracked 
|  57|0x000000070d000000, 0x000000070d000000, 0x000000070d200000|  0%| F|  |TAMS 0x000000070d000000, 0x000000070d000000| Untracked 
|  58|0x000000070d200000, 0x000000070d200000, 0x000000070d400000|  0%| F|  |TAMS 0x000000070d200000, 0x000000070d200000| Untracked 
|  59|0x000000070d400000, 0x000000070d400000, 0x000000070d600000|  0%| F|  |TAMS 0x000000070d400000, 0x000000070d400000| Untracked 
|  60|0x000000070d600000, 0x000000070d600000, 0x000000070d800000|  0%| F|  |TAMS 0x000000070d600000, 0x000000070d600000| Untracked 
|  61|0x000000070d800000, 0x000000070d800000, 0x000000070da00000|  0%| F|  |TAMS 0x000000070d800000, 0x000000070d800000| Untracked 
|  62|0x000000070da00000, 0x000000070da00000, 0x000000070dc00000|  0%| F|  |TAMS 0x000000070da00000, 0x000000070da00000| Untracked 
|  63|0x000000070dc00000, 0x000000070dc00000, 0x000000070de00000|  0%| F|  |TAMS 0x000000070dc00000, 0x000000070dc00000| Untracked 
|  64|0x000000070de00000, 0x000000070de00000, 0x000000070e000000|  0%| F|  |TAMS 0x000000070de00000, 0x000000070de00000| Untracked 
|  65|0x000000070e000000, 0x000000070e000000, 0x000000070e200000|  0%| F|  |TAMS 0x000000070e000000, 0x000000070e000000| Untracked 
|  66|0x000000070e200000, 0x000000070e200000, 0x000000070e400000|  0%| F|  |TAMS 0x000000070e200000, 0x000000070e200000| Untracked 
|  67|0x000000070e400000, 0x000000070e400000, 0x000000070e600000|  0%| F|  |TAMS 0x000000070e400000, 0x000000070e400000| Untracked 
|  68|0x000000070e600000, 0x000000070e600000, 0x000000070e800000|  0%| F|  |TAMS 0x000000070e600000, 0x000000070e600000| Untracked 
|  69|0x000000070e800000, 0x000000070e800000, 0x000000070ea00000|  0%| F|  |TAMS 0x000000070e800000, 0x000000070e800000| Untracked 
|  70|0x000000070ea00000, 0x000000070ea00000, 0x000000070ec00000|  0%| F|  |TAMS 0x000000070ea00000, 0x000000070ea00000| Untracked 
|  71|0x000000070ec00000, 0x000000070ec00000, 0x000000070ee00000|  0%| F|  |TAMS 0x000000070ec00000, 0x000000070ec00000| Untracked 
|  72|0x000000070ee00000, 0x000000070ee00000, 0x000000070f000000|  0%| F|  |TAMS 0x000000070ee00000, 0x000000070ee00000| Untracked 
|  73|0x000000070f000000, 0x000000070f000000, 0x000000070f200000|  0%| F|  |TAMS 0x000000070f000000, 0x000000070f000000| Untracked 
|  74|0x000000070f200000, 0x000000070f200000, 0x000000070f400000|  0%| F|  |TAMS 0x000000070f200000, 0x000000070f200000| Untracked 
|  75|0x000000070f400000, 0x000000070f400000, 0x000000070f600000|  0%| F|  |TAMS 0x000000070f400000, 0x000000070f400000| Untracked 
|  76|0x000000070f600000, 0x000000070f600000, 0x000000070f800000|  0%| F|  |TAMS 0x000000070f600000, 0x000000070f600000| Untracked 
|  77|0x000000070f800000, 0x000000070f800000, 0x000000070fa00000|  0%| F|  |TAMS 0x000000070f800000, 0x000000070f800000| Untracked 
|  78|0x000000070fa00000, 0x000000070fa00000, 0x000000070fc00000|  0%| F|  |TAMS 0x000000070fa00000, 0x000000070fa00000| Untracked 
|  79|0x000000070fc00000, 0x000000070fc00000, 0x000000070fe00000|  0%| F|  |TAMS 0x000000070fc00000, 0x000000070fc00000| Untracked 
|  80|0x000000070fe00000, 0x000000070fe00000, 0x0000000710000000|  0%| F|  |TAMS 0x000000070fe00000, 0x000000070fe00000| Untracked 
|  81|0x0000000710000000, 0x0000000710000000, 0x0000000710200000|  0%| F|  |TAMS 0x0000000710000000, 0x0000000710000000| Untracked 
|  82|0x0000000710200000, 0x0000000710200000, 0x0000000710400000|  0%| F|  |TAMS 0x0000000710200000, 0x0000000710200000| Untracked 
|  83|0x0000000710400000, 0x0000000710400000, 0x0000000710600000|  0%| F|  |TAMS 0x0000000710400000, 0x0000000710400000| Untracked 
|  84|0x0000000710600000, 0x00000007107eff08, 0x0000000710800000| 96%| E|  |TAMS 0x0000000710600000, 0x0000000710600000| Complete 
|  85|0x0000000710800000, 0x0000000710a00000, 0x0000000710a00000|100%| E|CS|TAMS 0x0000000710800000, 0x0000000710800000| Complete 
|  86|0x0000000710a00000, 0x0000000710c00000, 0x0000000710c00000|100%| E|CS|TAMS 0x0000000710a00000, 0x0000000710a00000| Complete 
|  87|0x0000000710c00000, 0x0000000710e00000, 0x0000000710e00000|100%| E|CS|TAMS 0x0000000710c00000, 0x0000000710c00000| Complete 
|  88|0x0000000710e00000, 0x0000000711000000, 0x0000000711000000|100%| E|CS|TAMS 0x0000000710e00000, 0x0000000710e00000| Complete 
|  89|0x0000000711000000, 0x0000000711200000, 0x0000000711200000|100%| E|CS|TAMS 0x0000000711000000, 0x0000000711000000| Complete 
|  90|0x0000000711200000, 0x0000000711400000, 0x0000000711400000|100%| E|CS|TAMS 0x0000000711200000, 0x0000000711200000| Complete 
|  91|0x0000000711400000, 0x0000000711600000, 0x0000000711600000|100%| E|CS|TAMS 0x0000000711400000, 0x0000000711400000| Complete 
|  92|0x0000000711600000, 0x0000000711800000, 0x0000000711800000|100%| E|CS|TAMS 0x0000000711600000, 0x0000000711600000| Complete 
|  93|0x0000000711800000, 0x0000000711a00000, 0x0000000711a00000|100%| E|CS|TAMS 0x0000000711800000, 0x0000000711800000| Complete 
|  94|0x0000000711a00000, 0x0000000711c00000, 0x0000000711c00000|100%| E|CS|TAMS 0x0000000711a00000, 0x0000000711a00000| Complete 
|  95|0x0000000711c00000, 0x0000000711e00000, 0x0000000711e00000|100%| E|CS|TAMS 0x0000000711c00000, 0x0000000711c00000| Complete 
|  96|0x0000000711e00000, 0x0000000712000000, 0x0000000712000000|100%| E|CS|TAMS 0x0000000711e00000, 0x0000000711e00000| Complete 
|  97|0x0000000712000000, 0x0000000712200000, 0x0000000712200000|100%| E|CS|TAMS 0x0000000712000000, 0x0000000712000000| Complete 
|  98|0x0000000712200000, 0x0000000712400000, 0x0000000712400000|100%| E|CS|TAMS 0x0000000712200000, 0x0000000712200000| Complete 
|  99|0x0000000712400000, 0x0000000712600000, 0x0000000712600000|100%| E|CS|TAMS 0x0000000712400000, 0x0000000712400000| Complete 
| 100|0x0000000712600000, 0x0000000712800000, 0x0000000712800000|100%| E|CS|TAMS 0x0000000712600000, 0x0000000712600000| Complete 
| 101|0x0000000712800000, 0x0000000712a00000, 0x0000000712a00000|100%| E|CS|TAMS 0x0000000712800000, 0x0000000712800000| Complete 
| 102|0x0000000712a00000, 0x0000000712c00000, 0x0000000712c00000|100%| E|CS|TAMS 0x0000000712a00000, 0x0000000712a00000| Complete 
| 103|0x0000000712c00000, 0x0000000712e00000, 0x0000000712e00000|100%| E|CS|TAMS 0x0000000712c00000, 0x0000000712c00000| Complete 
| 104|0x0000000712e00000, 0x0000000713000000, 0x0000000713000000|100%| E|CS|TAMS 0x0000000712e00000, 0x0000000712e00000| Complete 
| 105|0x0000000713000000, 0x0000000713049f50, 0x0000000713200000| 14%| S|CS|TAMS 0x0000000713000000, 0x0000000713000000| Complete 
| 106|0x0000000713200000, 0x0000000713400000, 0x0000000713400000|100%| S|CS|TAMS 0x0000000713200000, 0x0000000713200000| Complete 
| 107|0x0000000713400000, 0x0000000713600000, 0x0000000713600000|100%| E|CS|TAMS 0x0000000713400000, 0x0000000713400000| Complete 
| 108|0x0000000713600000, 0x0000000713800000, 0x0000000713800000|100%| E|CS|TAMS 0x0000000713600000, 0x0000000713600000| Complete 
| 109|0x0000000713800000, 0x0000000713a00000, 0x0000000713a00000|100%| E|CS|TAMS 0x0000000713800000, 0x0000000713800000| Complete 
| 110|0x0000000713a00000, 0x0000000713c00000, 0x0000000713c00000|100%| E|CS|TAMS 0x0000000713a00000, 0x0000000713a00000| Complete 
| 111|0x0000000713c00000, 0x0000000713e00000, 0x0000000713e00000|100%| E|CS|TAMS 0x0000000713c00000, 0x0000000713c00000| Complete 
| 112|0x0000000713e00000, 0x0000000714000000, 0x0000000714000000|100%| E|CS|TAMS 0x0000000713e00000, 0x0000000713e00000| Complete 
| 113|0x0000000714000000, 0x0000000714200000, 0x0000000714200000|100%| E|CS|TAMS 0x0000000714000000, 0x0000000714000000| Complete 
| 114|0x0000000714200000, 0x0000000714400000, 0x0000000714400000|100%| E|CS|TAMS 0x0000000714200000, 0x0000000714200000| Complete 
| 115|0x0000000714400000, 0x0000000714600000, 0x0000000714600000|100%| E|CS|TAMS 0x0000000714400000, 0x0000000714400000| Complete 
| 116|0x0000000714600000, 0x0000000714800000, 0x0000000714800000|100%| E|CS|TAMS 0x0000000714600000, 0x0000000714600000| Complete 
| 117|0x0000000714800000, 0x0000000714a00000, 0x0000000714a00000|100%| E|CS|TAMS 0x0000000714800000, 0x0000000714800000| Complete 
| 118|0x0000000714a00000, 0x0000000714c00000, 0x0000000714c00000|100%| E|CS|TAMS 0x0000000714a00000, 0x0000000714a00000| Complete 
| 119|0x0000000714c00000, 0x0000000714e00000, 0x0000000714e00000|100%| E|CS|TAMS 0x0000000714c00000, 0x0000000714c00000| Complete 
| 120|0x0000000714e00000, 0x0000000715000000, 0x0000000715000000|100%| E|CS|TAMS 0x0000000714e00000, 0x0000000714e00000| Complete 
| 121|0x0000000715000000, 0x0000000715200000, 0x0000000715200000|100%| E|CS|TAMS 0x0000000715000000, 0x0000000715000000| Complete 
| 122|0x0000000715200000, 0x0000000715400000, 0x0000000715400000|100%| E|CS|TAMS 0x0000000715200000, 0x0000000715200000| Complete 
| 123|0x0000000715400000, 0x0000000715600000, 0x0000000715600000|100%| E|CS|TAMS 0x0000000715400000, 0x0000000715400000| Complete 
| 124|0x0000000715600000, 0x0000000715800000, 0x0000000715800000|100%| E|CS|TAMS 0x0000000715600000, 0x0000000715600000| Complete 
| 125|0x0000000715800000, 0x0000000715a00000, 0x0000000715a00000|100%| E|CS|TAMS 0x0000000715800000, 0x0000000715800000| Complete 

Card table byte_map: [0x000002107c3a0000,0x000002107cb80000] _byte_map_base: 0x0000021078b71000

Marking Bits (Prev, Next): (CMBitMap*) 0x0000021073453360, (CMBitMap*) 0x00000210734533a0
 Prev Bits: [0x000002100f000000, 0x0000021012e88000)
 Next Bits: [0x0000021012e90000, 0x0000021016d18000)

Polling page: 0x0000021071310000

Metaspace:

Usage:
  Non-class:     12.76 MB used.
      Class:      1.50 MB used.
       Both:     14.26 MB used.

Virtual space:
  Non-class space:       64.00 MB reserved,      12.88 MB ( 20%) committed,  1 nodes.
      Class space:        1.00 GB reserved,       1.62 MB ( <1%) committed,  1 nodes.
             Both:        1.06 GB reserved,      14.50 MB (  1%) committed. 

Chunk freelists:
   Non-Class:  2.88 MB
       Class:  2.19 MB
        Both:  5.07 MB

MaxMetaspaceSize: unlimited
CompressedClassSpaceSize: 1.00 GB
Initial GC threshold: 21.00 MB
Current GC threshold: 21.00 MB
CDS: on
MetaspaceReclaimPolicy: balanced
 - commit_granule_bytes: 65536.
 - commit_granule_words: 8192.
 - virtual_space_node_default_size: 8388608.
 - enlarge_chunks_in_place: 1.
 - new_chunks_are_fully_committed: 0.
 - uncommit_free_chunks: 1.
 - use_allocation_guard: 0.


Internal statistics:

num_allocs_failed_limit: 0.
num_arena_births: 260.
num_arena_deaths: 0.
num_vsnodes_births: 2.
num_vsnodes_deaths: 0.
num_space_committed: 232.
num_space_uncommitted: 0.
num_chunks_returned_to_freelist: 0.
num_chunks_taken_from_freelist: 730.
num_chunk_merges: 0.
num_chunk_splits: 515.
num_chunks_enlarged: 387.
num_inconsistent_stats: 0.

CodeHeap 'non-profiled nmethods': size=119168Kb used=1987Kb max_used=1987Kb free=117180Kb
 bounds [0x0000021007ba0000, 0x0000021007e10000, 0x000002100f000000]
CodeHeap 'profiled nmethods': size=119104Kb used=8567Kb max_used=8567Kb free=110536Kb
 bounds [0x0000021000000000, 0x0000021000860000, 0x0000021007450000]
CodeHeap 'non-nmethods': size=7488Kb used=2970Kb max_used=3019Kb free=4518Kb
 bounds [0x0000021007450000, 0x0000021007750000, 0x0000021007ba0000]
 total_blobs=4641 nmethods=4147 adapters=401
 compilation: enabled
              stopped_count=0, restarted_count=0
 full_count=0

Compilation events (20 events):
Event: 1.511 Thread 0x000002101b4a1680 4122       3       org.eclipse.aether.internal.impl.EnhancedLocalRepositoryManager::find (198 bytes)
Event: 1.512 Thread 0x0000021017129330 4123       3       org.eclipse.aether.repository.LocalArtifactResult::setFile (7 bytes)
Event: 1.512 Thread 0x000002101b9eec90 nmethod 4121 0x0000021000852090 code [0x0000021000852240, 0x00000210008523f8]
Event: 1.512 Thread 0x000002101b52cb00 nmethod 4118 0x0000021000851690 code [0x0000021000851880, 0x0000021000851f18]
Event: 1.512 Thread 0x000002101b9eec90 4124   !   3       org.eclipse.aether.internal.impl.TrackingFileManager::close (27 bytes)
Event: 1.512 Thread 0x000002101b52cb00 4125       3       org.eclipse.aether.internal.impl.SimpleLocalRepositoryManager::getRepositoryKey (178 bytes)
Event: 1.512 Thread 0x0000021017129330 nmethod 4123 0x0000021000852490 code [0x0000021000852620, 0x0000021000852778]
Event: 1.512 Thread 0x0000021017129330 4126       3       org.eclipse.aether.repository.LocalArtifactResult::setAvailable (7 bytes)
Event: 1.512 Thread 0x000002101b9eec90 nmethod 4124 0x0000021000852810 code [0x00000210008529e0, 0x0000021000852d18]
Event: 1.512 Thread 0x0000021017129330 nmethod 4126 0x0000021000852e90 code [0x0000021000853020, 0x0000021000853138]
Event: 1.512 Thread 0x000002101b9eec90 4127       3       org.eclipse.aether.repository.LocalArtifactResult::setRepository (7 bytes)
Event: 1.512 Thread 0x0000021017129330 4128       3       org.eclipse.aether.internal.impl.DefaultArtifactResolver::isLocallyInstalled (54 bytes)
Event: 1.512 Thread 0x000002101b9eec90 nmethod 4127 0x0000021000853210 code [0x00000210008533a0, 0x00000210008534f8]
Event: 1.513 Thread 0x000002101b9eec90 4129       3       org.eclipse.aether.resolution.ArtifactResult::setRepository (7 bytes)
Event: 1.513 Thread 0x0000021017129330 nmethod 4128 0x0000021000853590 code [0x0000021000853780, 0x0000021000853cc8]
Event: 1.513 Thread 0x000002101b9eec90 nmethod 4129 0x0000021000853e10 code [0x0000021000853fa0, 0x00000210008540f8]
Event: 1.513 Thread 0x000002101b52cb00 nmethod 4125 0x0000021000854190 code [0x0000021000854520, 0x0000021000855c08]
Event: 1.514 Thread 0x000002101b4a1680 nmethod 4122 0x0000021000856410 code [0x00000210008568c0, 0x0000021000858bb8]
Event: 1.519 Thread 0x000002101c439860 nmethod 4111 0x0000021007d83b10 code [0x0000021007d83cc0, 0x0000021007d844f8]
Event: 1.526 Thread 0x0000021017129330 4130       3       org.apache.maven.ReactorReader::findArtifact (77 bytes)

GC Heap History (4 events):
Event: 0.354 GC heap before
{Heap before GC invocations=0 (full 0):
 garbage-first heap   total 258048K, used 22528K [0x0000000705e00000, 0x0000000800000000)
  region size 2048K, 11 young (22528K), 0 survivors (0K)
 Metaspace       used 5277K, committed 5376K, reserved 1114112K
  class space    used 572K, committed 640K, reserved 1048576K
}
Event: 0.356 GC heap after
{Heap after GC invocations=1 (full 0):
 garbage-first heap   total 258048K, used 3637K [0x0000000705e00000, 0x0000000800000000)
  region size 2048K, 2 young (4096K), 2 survivors (4096K)
 Metaspace       used 5277K, committed 5376K, reserved 1114112K
  class space    used 572K, committed 640K, reserved 1048576K
}
Event: 0.815 GC heap before
{Heap before GC invocations=1 (full 0):
 garbage-first heap   total 258048K, used 36405K [0x0000000705e00000, 0x0000000800000000)
  region size 2048K, 19 young (38912K), 2 survivors (4096K)
 Metaspace       used 10441K, committed 10688K, reserved 1114112K
  class space    used 1221K, committed 1344K, reserved 1048576K
}
Event: 0.818 GC heap after
{Heap after GC invocations=2 (full 0):
 garbage-first heap   total 258048K, used 5748K [0x0000000705e00000, 0x0000000800000000)
  region size 2048K, 2 young (4096K), 2 survivors (4096K)
 Metaspace       used 10441K, committed 10688K, reserved 1114112K
  class space    used 1221K, committed 1344K, reserved 1048576K
}

Dll operation events (12 events):
Event: 0.005 Loaded shared library C:\Program Files\Java\jdk-19\bin\java.dll
Event: 0.010 Loaded shared library C:\Program Files\Java\jdk-19\bin\jsvml.dll
Event: 0.041 Loaded shared library C:\Program Files\Java\jdk-19\bin\zip.dll
Event: 0.042 Loaded shared library C:\Program Files\Java\jdk-19\bin\instrument.dll
Event: 0.046 Loaded shared library C:\Program Files\Java\jdk-19\bin\net.dll
Event: 0.047 Loaded shared library C:\Program Files\Java\jdk-19\bin\nio.dll
Event: 0.049 Loaded shared library C:\Program Files\Java\jdk-19\bin\zip.dll
Event: 0.058 Loaded shared library C:\Program Files\JetBrains\IntelliJ IDEA 2022.1.2\bin\breakgen64.dll
Event: 0.063 Loaded shared library C:\Program Files\Java\jdk-19\bin\extnet.dll
Event: 0.109 Loaded shared library C:\Program Files\Java\jdk-19\bin\jimage.dll
Event: 0.153 Loaded shared library C:\Users\99293\AppData\Local\Temp\jansi-2.4.0-a18b7b0fcf980d60-jansi.dll
Event: 0.158 Loaded shared library C:\Program Files\Java\jdk-19\bin\verify.dll

Deoptimization events (20 events):
Event: 1.429 Thread 0x00000210733e1960 Uncommon trap: trap_request=0xffffffbe fr.pc=0x0000021007d61348 relative=0x00000000000010c8
Event: 1.429 Thread 0x00000210733e1960 Uncommon trap: reason=profile_predicate action=maybe_recompile pc=0x0000021007d61348 method=java.util.concurrent.ConcurrentHashMap.putAll(Ljava/util/Map;)V @ 28 c2
Event: 1.429 Thread 0x00000210733e1960 DEOPT PACKING pc=0x0000021007d61348 sp=0x000000bf1ecfd050
Event: 1.429 Thread 0x00000210733e1960 DEOPT UNPACKING pc=0x00000210074b6da3 sp=0x000000bf1ecfd020 mode 2
Event: 1.430 Thread 0x00000210733e1960 Uncommon trap: trap_request=0xffffffbe fr.pc=0x0000021007d61348 relative=0x00000000000010c8
Event: 1.430 Thread 0x00000210733e1960 Uncommon trap: reason=profile_predicate action=maybe_recompile pc=0x0000021007d61348 method=java.util.concurrent.ConcurrentHashMap.putAll(Ljava/util/Map;)V @ 28 c2
Event: 1.430 Thread 0x00000210733e1960 DEOPT PACKING pc=0x0000021007d61348 sp=0x000000bf1ecfd050
Event: 1.430 Thread 0x00000210733e1960 DEOPT UNPACKING pc=0x00000210074b6da3 sp=0x000000bf1ecfd020 mode 2
Event: 1.436 Thread 0x00000210733e1960 DEOPT PACKING pc=0x00000210005c7a0e sp=0x000000bf1ecfc5d0
Event: 1.436 Thread 0x00000210733e1960 DEOPT UNPACKING pc=0x00000210074b7543 sp=0x000000bf1ecfba80 mode 0
Event: 1.475 Thread 0x00000210733e1960 Uncommon trap: trap_request=0xffffff45 fr.pc=0x0000021007c42558 relative=0x0000000000000238
Event: 1.475 Thread 0x00000210733e1960 Uncommon trap: reason=unstable_if action=reinterpret pc=0x0000021007c42558 method=java.util.HashMap.hash(Ljava/lang/Object;)I @ 1 c2
Event: 1.475 Thread 0x00000210733e1960 DEOPT PACKING pc=0x0000021007c42558 sp=0x000000bf1ecfe220
Event: 1.475 Thread 0x00000210733e1960 DEOPT UNPACKING pc=0x00000210074b6da3 sp=0x000000bf1ecfe0b8 mode 2
Event: 1.475 Thread 0x00000210733e1960 Uncommon trap: trap_request=0xffffff45 fr.pc=0x0000021007c62ec8 relative=0x0000000000000228
Event: 1.475 Thread 0x00000210733e1960 Uncommon trap: reason=unstable_if action=reinterpret pc=0x0000021007c62ec8 method=java.util.HashMap.hash(Ljava/lang/Object;)I @ 1 c2
Event: 1.475 Thread 0x00000210733e1960 DEOPT PACKING pc=0x0000021007c62ec8 sp=0x000000bf1ecfe1b0
Event: 1.475 Thread 0x00000210733e1960 DEOPT UNPACKING pc=0x00000210074b6da3 sp=0x000000bf1ecfe0b8 mode 2
Event: 1.508 Thread 0x00000210733e1960 DEOPT PACKING pc=0x00000210001162ff sp=0x000000bf1ecfdcd0
Event: 1.508 Thread 0x00000210733e1960 DEOPT UNPACKING pc=0x00000210074b7543 sp=0x000000bf1ecfd170 mode 0

Classes loaded (20 events):
Event: 1.267 Loading class java/time/zone/ZoneRulesProvider
Event: 1.267 Loading class java/time/zone/ZoneRulesProvider done
Event: 1.268 Loading class java/time/zone/ZoneRulesProvider$1
Event: 1.268 Loading class java/time/zone/ZoneRulesProvider$1 done
Event: 1.268 Loading class java/time/zone/TzdbZoneRulesProvider
Event: 1.268 Loading class java/time/zone/TzdbZoneRulesProvider done
Event: 1.269 Loading class java/time/zone/Ser
Event: 1.269 Loading class java/io/Externalizable
Event: 1.269 Loading class java/io/Externalizable done
Event: 1.269 Loading class java/time/zone/Ser done
Event: 1.270 Loading class java/time/zone/ZoneOffsetTransition
Event: 1.270 Loading class java/time/zone/ZoneOffsetTransition done
Event: 1.271 Loading class sun/util/cldr/CLDRBaseLocaleDataMetaInfo$TZCanonicalIDMapHolder
Event: 1.271 Loading class sun/util/cldr/CLDRBaseLocaleDataMetaInfo$TZCanonicalIDMapHolder done
Event: 1.272 Loading class sun/util/resources/TimeZoneNames
Event: 1.272 Loading class sun/util/resources/TimeZoneNames done
Event: 1.273 Loading class sun/util/resources/TimeZoneNames_en
Event: 1.273 Loading class sun/util/resources/TimeZoneNames_en done
Event: 1.320 Loading class sun/nio/cs/ISO_8859_1$Decoder
Event: 1.320 Loading class sun/nio/cs/ISO_8859_1$Decoder done

Classes unloaded (0 events):
No events

Classes redefined (0 events):
No events

Internal exceptions (20 events):
Event: 0.832 Thread 0x00000210733e1960 Exception <a 'java/lang/NoSuchMethodError'{0x0000000715890c90}: 'void java.lang.invoke.DirectMethodHandle$Holder.invokeStatic(java.lang.Object, java.lang.Object, int, java.lang.Object)'> (0x0000000715890c90) 
thrown [s\open\src\hotspot\share\interpreter\linkResolver.cpp, line 774]
Event: 0.832 Thread 0x00000210733e1960 Exception <a 'java/lang/NoSuchMethodError'{0x0000000715898c58}: 'void java.lang.invoke.DelegatingMethodHandle$Holder.delegate(java.lang.Object, java.lang.Object, int, java.lang.Object)'> (0x0000000715898c58) 
thrown [s\open\src\hotspot\share\interpreter\linkResolver.cpp, line 774]
Event: 0.832 Thread 0x00000210733e1960 Exception <a 'java/lang/NoSuchMethodError'{0x000000071589d538}: 'int java.lang.invoke.DirectMethodHandle$Holder.invokeSpecial(java.lang.Object, java.lang.Object, java.lang.Object)'> (0x000000071589d538) 
thrown [s\open\src\hotspot\share\interpreter\linkResolver.cpp, line 774]
Event: 0.849 Thread 0x00000210733e1960 Exception <a 'java/lang/NoSuchMethodError'{0x00000007156cc710}: 'java.lang.Object java.lang.invoke.DirectMethodHandle$Holder.newInvokeSpecial(java.lang.Object, java.lang.Object, java.lang.Object, java.lang.Object, java.lang.Object, java.lang.Object, java.lang.Object)'> (0x00000007156cc710) 
thrown [s\open\src\hotspot\share\interpreter\linkResolver.cpp, line 774]
Event: 0.855 Thread 0x00000210733e1960 Exception <a 'java/lang/NoSuchMethodError'{0x0000000715709c10}: 'java.lang.Object java.lang.invoke.DirectMethodHandle$Holder.newInvokeSpecial(java.lang.Object, java.lang.Object, java.lang.Object, java.lang.Object, java.lang.Object, java.lang.Object, java.lang.Object, java.lang.Object, java.lang.Object)'> (0x0000000715709c10) 
thrown [s\open\src\hotspot\share\interpreter\linkResolver.cpp, line 774]
Event: 0.867 Thread 0x00000210733e1960 Exception <a 'java/lang/NoSuchMethodError'{0x00000007157bdcb0}: 'java.lang.Object java.lang.invoke.DirectMethodHandle$Holder.newInvokeSpecial(java.lang.Object, java.lang.Object, java.lang.Object, java.lang.Object, java.lang.Object, java.lang.Object, java.lang.Object, java.lang.Object, java.lang.Object, java.lang.Object, java.lang.Object, java.lang.Object)'> (0x00000007157bdcb0) 
thrown [s\open\src\hotspot\share\interpreter\linkResolver.cpp, line 774]
Event: 0.870 Thread 0x00000210733e1960 Exception <a 'java/lang/NoSuchMethodError'{0x00000007154069b0}: 'java.lang.Object java.lang.invoke.DirectMethodHandle$Holder.invokeStatic(java.lang.Object, java.lang.Object, java.lang.Object, java.lang.Object, java.lang.Object, java.lang.Object, java.lang.Object, java.lang.Object, java.lang.Object, java.lang.Object, java.lang.Object, java.lang.Object, java.lang.Object)'> (0x00000007154069b0) 
thrown [s\open\src\hotspot\share\interpreter\linkResolver.cpp, line 774]
Event: 0.871 Thread 0x00000210733e1960 Exception <a 'java/lang/NoSuchMethodError'{0x0000000715426450}: 'java.lang.Object java.lang.invoke.DirectMethodHandle$Holder.invokeStatic(java.lang.Object, java.lang.Object, java.lang.Object, java.lang.Object, java.lang.Object, java.lang.Object, java.lang.Object, java.lang.Object, java.lang.Object, java.lang.Object, java.lang.Object, java.lang.Object, java.lang.Object, java.lang.Object)'> (0x0000000715426450) 
thrown [s\open\src\hotspot\share\interpreter\linkResolver.cpp, line 774]
Event: 0.872 Thread 0x00000210733e1960 Exception <a 'java/lang/NoSuchMethodError'{0x00000007154478d8}: 'java.lang.Object java.lang.invoke.DirectMethodHandle$Holder.invokeStatic(java.lang.Object, java.lang.Object, java.lang.Object, java.lang.Object, java.lang.Object, java.lang.Object, java.lang.Object, java.lang.Object, java.lang.Object, java.lang.Object, java.lang.Object, java.lang.Object, java.lang.Object, java.lang.Object, java.lang.Object)'> (0x00000007154478d8) 
thrown [s\open\src\hotspot\share\interpreter\linkResolver.cpp, line 774]
Event: 0.883 Thread 0x00000210733e1960 Exception <a 'java/lang/NoSuchMethodError'{0x00000007154bf4b8}: 'java.lang.Object java.lang.invoke.DirectMethodHandle$Holder.invokeStaticInit(java.lang.Object, int, int, int, int)'> (0x00000007154bf4b8) 
thrown [s\open\src\hotspot\share\interpreter\linkResolver.cpp, line 774]
Event: 0.940 Thread 0x00000210733e1960 Implicit null exception at 0x0000021007c117f2 to 0x0000021007c11cf0
Event: 0.940 Thread 0x00000210733e1960 Implicit null exception at 0x0000021007be8872 to 0x0000021007be8d64
Event: 0.949 Thread 0x00000210733e1960 Implicit null exception at 0x0000021007c6b4a0 to 0x0000021007c6b664
Event: 0.987 Thread 0x00000210733e1960 Exception <a 'java/lang/NoSuchMethodError'{0x0000000714c1e5f8}: 'void java.lang.invoke.DirectMethodHandle$Holder.invokeVirtual(java.lang.Object, java.lang.Object, int)'> (0x0000000714c1e5f8) 
thrown [s\open\src\hotspot\share\interpreter\linkResolver.cpp, line 774]
Event: 0.987 Thread 0x00000210733e1960 Exception <a 'java/lang/NoSuchMethodError'{0x0000000714c22a10}: 'int java.lang.invoke.DirectMethodHandle$Holder.invokeSpecial(java.lang.Object, java.lang.Object, java.lang.Object, int)'> (0x0000000714c22a10) 
thrown [s\open\src\hotspot\share\interpreter\linkResolver.cpp, line 774]
Event: 0.988 Thread 0x00000210733e1960 Exception <a 'java/lang/NoSuchMethodError'{0x0000000714c32e18}: 'java.lang.Object java.lang.invoke.DirectMethodHandle$Holder.invokeStatic(java.lang.Object, java.lang.Object, java.lang.Object, java.lang.Object, int)'> (0x0000000714c32e18) 
thrown [s\open\src\hotspot\share\interpreter\linkResolver.cpp, line 774]
Event: 0.988 Thread 0x00000210733e1960 Exception <a 'java/lang/NoSuchMethodError'{0x0000000714c3e6d8}: 'void java.lang.invoke.DelegatingMethodHandle$Holder.reinvoke_L(java.lang.Object, java.lang.Object, int)'> (0x0000000714c3e6d8) 
thrown [s\open\src\hotspot\share\interpreter\linkResolver.cpp, line 774]
Event: 1.274 Thread 0x0000021017117c30 Exception <a 'java/lang/NoSuchMethodError'{0x0000000712b4d790}: 'java.lang.Object java.lang.invoke.Invokers$Holder.invokeExact_MT(java.lang.Object, java.lang.Object, java.lang.Object, java.lang.Object, java.lang.Object, java.lang.Object)'> (0x0000000712b4d790) 
thrown [s\open\src\hotspot\share\interpreter\linkResolver.cpp, line 774]
Event: 1.475 Thread 0x00000210733e1960 Implicit null exception at 0x0000021007c4236d to 0x0000021007c42538
Event: 1.475 Thread 0x00000210733e1960 Implicit null exception at 0x0000021007c62ced to 0x0000021007c62ea8

VM Operations (20 events):
Event: 0.894 Executing VM operation: HandshakeAllThreads
Event: 0.894 Executing VM operation: HandshakeAllThreads done
Event: 0.910 Executing VM operation: HandshakeAllThreads
Event: 0.910 Executing VM operation: HandshakeAllThreads done
Event: 0.930 Executing VM operation: HandshakeAllThreads
Event: 0.930 Executing VM operation: HandshakeAllThreads done
Event: 0.931 Executing VM operation: HandshakeAllThreads
Event: 0.931 Executing VM operation: HandshakeAllThreads done
Event: 0.992 Executing VM operation: ICBufferFull
Event: 0.992 Executing VM operation: ICBufferFull done
Event: 1.121 Executing VM operation: HandshakeAllThreads
Event: 1.121 Executing VM operation: HandshakeAllThreads done
Event: 1.121 Executing VM operation: HandshakeAllThreads
Event: 1.122 Executing VM operation: HandshakeAllThreads done
Event: 1.194 Executing VM operation: ICBufferFull
Event: 1.194 Executing VM operation: ICBufferFull done
Event: 1.250 Executing VM operation: HandshakeAllThreads
Event: 1.250 Executing VM operation: HandshakeAllThreads done
Event: 1.372 Executing VM operation: ICBufferFull
Event: 1.372 Executing VM operation: ICBufferFull done

Events (20 events):
Event: 0.016 Thread 0x00000210171160f0 Thread added: 0x00000210171160f0
Event: 0.017 Thread 0x0000021017117c30 Thread added: 0x0000021017117c30
Event: 0.017 Thread 0x000002101711ad80 Thread added: 0x000002101711ad80
Event: 0.017 Thread 0x000002101711d940 Thread added: 0x000002101711d940
Event: 0.017 Thread 0x00000210171289c0 Thread added: 0x00000210171289c0
Event: 0.017 Thread 0x0000021017129330 Thread added: 0x0000021017129330
Event: 0.017 Thread 0x000002101712f1b0 Thread added: 0x000002101712f1b0
Event: 0.020 Thread 0x000002101b4a1680 Thread added: 0x000002101b4a1680
Event: 0.028 Thread 0x000002101b5289a0 Thread added: 0x000002101b5289a0
Event: 0.034 Thread 0x000002101b52cb00 Thread added: 0x000002101b52cb00
Event: 0.059 Thread 0x000002101b5a9900 Thread added: 0x000002101b5a9900
Event: 0.059 Thread 0x000002101b5a9e40 Thread added: 0x000002101b5a9e40
Event: 0.155 Thread 0x000002101b8d2810 Thread added: 0x000002101b8d2810
Event: 0.220 Thread 0x000002101b9eec90 Thread added: 0x000002101b9eec90
Event: 0.347 Thread 0x000002101bfe27e0 Thread added: 0x000002101bfe27e0
Event: 0.348 Thread 0x000002101bc1d540 Thread added: 0x000002101bc1d540
Event: 0.348 Thread 0x000002101bc1dac0 Thread added: 0x000002101bc1dac0
Event: 0.357 Thread 0x000002101c096160 Thread added: 0x000002101c096160
Event: 0.357 Thread 0x000002101c437700 Thread added: 0x000002101c437700
Event: 0.357 Thread 0x000002101c439860 Thread added: 0x000002101c439860


Dynamic libraries:
0x00007ff6cef90000 - 0x00007ff6cefa0000 	C:\Program Files\Java\jdk-19\bin\java.exe
0x00007ffc529d0000 - 0x00007ffc52be7000 	C:\WINDOWS\SYSTEM32\ntdll.dll
0x00007ffc51100000 - 0x00007ffc511c4000 	C:\WINDOWS\System32\KERNEL32.DLL
0x00007ffc4feb0000 - 0x00007ffc5025d000 	C:\WINDOWS\System32\KERNELBASE.dll
0x00007ffc505b0000 - 0x00007ffc506c1000 	C:\WINDOWS\System32\ucrtbase.dll
0x00007ffc49c00000 - 0x00007ffc49c18000 	C:\Program Files\Java\jdk-19\bin\jli.dll
0x00007ffc47920000 - 0x00007ffc4793b000 	C:\Program Files\Java\jdk-19\bin\VCRUNTIME140.dll
0x00007ffc50f90000 - 0x00007ffc51042000 	C:\WINDOWS\System32\ADVAPI32.dll
0x00007ffc513f0000 - 0x00007ffc51497000 	C:\WINDOWS\System32\msvcrt.dll
0x00007ffc50710000 - 0x00007ffc507b9000 	C:\WINDOWS\System32\sechost.dll
0x00007ffc502d0000 - 0x00007ffc502f8000 	C:\WINDOWS\System32\bcrypt.dll
0x00007ffc512d0000 - 0x00007ffc513e4000 	C:\WINDOWS\System32\RPCRT4.dll
0x00007ffc52200000 - 0x00007ffc523ae000 	C:\WINDOWS\System32\USER32.dll
0x00007ffc4fe80000 - 0x00007ffc4fea6000 	C:\WINDOWS\System32\win32u.dll
0x00007ffc506d0000 - 0x00007ffc506f9000 	C:\WINDOWS\System32\GDI32.dll
0x00007ffc3a0b0000 - 0x00007ffc3a343000 	C:\WINDOWS\WinSxS\amd64_microsoft.windows.common-controls_6595b64144ccf1df_6.0.22621.3672_none_2713b9d173822955\COMCTL32.dll
0x00007ffc4fd60000 - 0x00007ffc4fe79000 	C:\WINDOWS\System32\gdi32full.dll
0x00007ffc4fcc0000 - 0x00007ffc4fd5a000 	C:\WINDOWS\System32\msvcp_win.dll
0x00007ffc476a0000 - 0x00007ffc476aa000 	C:\WINDOWS\SYSTEM32\VERSION.dll
0x00007ffc523c0000 - 0x00007ffc523f1000 	C:\WINDOWS\System32\IMM32.DLL
0x00007ffc49be0000 - 0x00007ffc49bec000 	C:\Program Files\Java\jdk-19\bin\vcruntime140_1.dll
0x00007ffc21c30000 - 0x00007ffc21cbe000 	C:\Program Files\Java\jdk-19\bin\msvcp140.dll
0x00007ffbc6110000 - 0x00007ffbc6dd0000 	C:\Program Files\Java\jdk-19\bin\server\jvm.dll
0x00007ffc49b30000 - 0x00007ffc49b39000 	C:\WINDOWS\SYSTEM32\WSOCK32.dll
0x00007ffc49a00000 - 0x00007ffc49a34000 	C:\WINDOWS\SYSTEM32\WINMM.dll
0x00007ffc514c0000 - 0x00007ffc51531000 	C:\WINDOWS\System32\WS2_32.dll
0x00007ffc4edc0000 - 0x00007ffc4edd8000 	C:\WINDOWS\SYSTEM32\kernel.appcore.dll
0x00007ffc49310000 - 0x00007ffc4931a000 	C:\Program Files\Java\jdk-19\bin\jimage.dll
0x00007ffc4d680000 - 0x00007ffc4d8b2000 	C:\WINDOWS\SYSTEM32\DBGHELP.DLL
0x00007ffc50970000 - 0x00007ffc50cfd000 	C:\WINDOWS\System32\combase.dll
0x00007ffc52400000 - 0x00007ffc524d7000 	C:\WINDOWS\System32\OLEAUT32.dll
0x00007ffc470b0000 - 0x00007ffc470e2000 	C:\WINDOWS\SYSTEM32\dbgcore.DLL
0x00007ffc50530000 - 0x00007ffc505ab000 	C:\WINDOWS\System32\bcryptPrimitives.dll
0x00007ffc479f0000 - 0x00007ffc479fe000 	C:\Program Files\Java\jdk-19\bin\instrument.dll
0x00007ffc39120000 - 0x00007ffc39146000 	C:\Program Files\Java\jdk-19\bin\java.dll
0x00007ffc18850000 - 0x00007ffc18927000 	C:\Program Files\Java\jdk-19\bin\jsvml.dll
0x00007ffc517b0000 - 0x00007ffc52018000 	C:\WINDOWS\System32\SHELL32.dll
0x00007ffc4dbd0000 - 0x00007ffc4e4ce000 	C:\WINDOWS\SYSTEM32\windows.storage.dll
0x00007ffc4da90000 - 0x00007ffc4dbcf000 	C:\WINDOWS\SYSTEM32\wintypes.dll
0x00007ffc50d00000 - 0x00007ffc50df9000 	C:\WINDOWS\System32\SHCORE.dll
0x00007ffc51050000 - 0x00007ffc510ae000 	C:\WINDOWS\System32\shlwapi.dll
0x00007ffc4fbf0000 - 0x00007ffc4fc11000 	C:\WINDOWS\SYSTEM32\profapi.dll
0x00007ffc38fb0000 - 0x00007ffc38fc8000 	C:\Program Files\Java\jdk-19\bin\zip.dll
0x00007ffc39830000 - 0x00007ffc39843000 	C:\Program Files\Java\jdk-19\bin\net.dll
0x00007ffc4b4c0000 - 0x00007ffc4b5f6000 	C:\WINDOWS\SYSTEM32\WINHTTP.dll
0x00007ffc4f250000 - 0x00007ffc4f2b9000 	C:\WINDOWS\system32\mswsock.dll
0x00007ffc39000000 - 0x00007ffc39016000 	C:\Program Files\Java\jdk-19\bin\nio.dll
0x00007ffc34a80000 - 0x00007ffc34a9a000 	C:\Program Files\JetBrains\IntelliJ IDEA 2022.1.2\bin\breakgen64.dll
0x00007ffc38f80000 - 0x00007ffc38f88000 	C:\Program Files\Java\jdk-19\bin\extnet.dll
0x0000000069ac0000 - 0x0000000069ae4000 	C:\Users\99293\AppData\Local\Temp\jansi-2.4.0-a18b7b0fcf980d60-jansi.dll
0x00007ffc47910000 - 0x00007ffc47920000 	C:\Program Files\Java\jdk-19\bin\verify.dll

dbghelp: loaded successfully - version: 4.0.5 - missing functions: none
symbol engine: initialized successfully - sym options: 0x614 - pdb path: .;C:\Program Files\Java\jdk-19\bin;C:\WINDOWS\SYSTEM32;C:\WINDOWS\WinSxS\amd64_microsoft.windows.common-controls_6595b64144ccf1df_6.0.22621.3672_none_2713b9d173822955;C:\Program Files\Java\jdk-19\bin\server;C:\Program Files\JetBrains\IntelliJ IDEA 2022.1.2\bin;C:\Users\99293\AppData\Local\Temp

VM Arguments:
jvm_args: -Dmaven.multiModuleProjectDirectory=D:\unitedStates duplicates original -Dmaven.home=C:\Users\99293\.m2\wrapper\dists\apache-maven-3.8.6-bin\1ks0nkde5v1pk9vtc31i9d0lcd\apache-maven-3.8.6 -Dclassworlds.conf=C:\Users\99293\.m2\wrapper\dists\apache-maven-3.8.6-bin\1ks0nkde5v1pk9vtc31i9d0lcd\apache-maven-3.8.6\bin\m2.conf -Dmaven.ext.class.path=C:\Program Files\JetBrains\IntelliJ IDEA 2022.1.2\plugins\maven\lib\maven-event-listener.jar -javaagent:C:\Program Files\JetBrains\IntelliJ IDEA 2022.1.2\lib\idea_rt.jar=54334:C:\Program Files\JetBrains\IntelliJ IDEA 2022.1.2\bin -Dfile.encoding=UTF-8 
java_command: org.codehaus.classworlds.Launcher -Didea.version=2022.1.2 package
java_class_path (initial): C:\Users\99293\.m2\wrapper\dists\apache-maven-3.8.6-bin\1ks0nkde5v1pk9vtc31i9d0lcd\apache-maven-3.8.6\boot\plexus-classworlds-2.6.0.jar;C:\Users\99293\.m2\wrapper\dists\apache-maven-3.8.6-bin\1ks0nkde5v1pk9vtc31i9d0lcd\apache-maven-3.8.6\boot\plexus-classworlds.license
Launcher Type: SUN_STANDARD

[Global flags]
     intx CICompilerCount                          = 12                                        {product} {ergonomic}
     uint ConcGCThreads                            = 3                                         {product} {ergonomic}
     uint G1ConcRefinementThreads                  = 13                                        {product} {ergonomic}
   size_t G1HeapRegionSize                         = 2097152                                   {product} {ergonomic}
    uintx GCDrainStackTargetSize                   = 64                                        {product} {ergonomic}
   size_t InitialHeapSize                          = 264241152                                 {product} {ergonomic}
   size_t MarkStackSize                            = 4194304                                   {product} {ergonomic}
   size_t MaxHeapSize                              = 4196401152                                {product} {ergonomic}
   size_t MaxNewSize                               = 2516582400                                {product} {ergonomic}
   size_t MinHeapDeltaBytes                        = 2097152                                   {product} {ergonomic}
   size_t MinHeapSize                              = 8388608                                   {product} {ergonomic}
    uintx NonNMethodCodeHeapSize                   = 7602480                                {pd product} {ergonomic}
    uintx NonProfiledCodeHeapSize                  = 122027880                              {pd product} {ergonomic}
    uintx ProfiledCodeHeapSize                     = 122027880                              {pd product} {ergonomic}
    uintx ReservedCodeCacheSize                    = 251658240                              {pd product} {ergonomic}
     bool SegmentedCodeCache                       = true                                      {product} {ergonomic}
   size_t SoftMaxHeapSize                          = 4196401152                             {manageable} {ergonomic}
     bool UseCompressedClassPointers               = true                           {product lp64_product} {ergonomic}
     bool UseCompressedOops                        = true                           {product lp64_product} {ergonomic}
     bool UseG1GC                                  = true                                      {product} {ergonomic}
     bool UseLargePagesIndividualAllocation        = false                                  {pd product} {ergonomic}

Logging:
Log output configuration:
 #0: stdout all=warning uptime,level,tags foldmultilines=false
 #1: stderr all=off uptime,level,tags foldmultilines=false

Environment Variables:
JAVA_HOME=C:\Program Files\Java\jdk-19
PATH=C:\Program Files\Common Files\Oracle\Java\javapath;C:\Windows\system32;C:\Windows;C:\Windows\System32\Wbem;C:\Windows\System32\WindowsPowerShell\v1.0\;C:\Windows\System32\OpenSSH\;C:\Program Files (x86)\NVIDIA Corporation\PhysX\Common;C:\Program Files\NVIDIA Corporation\NVIDIA NvDLISR;C:\Program Files\Git\cmd;C:\Program Files (x86)\dotnet\;C:\WINDOWS\system32;C:\WINDOWS;C:\WINDOWS\System32\Wbem;C:\WINDOWS\System32\WindowsPowerShell\v1.0\;C:\WINDOWS\System32\OpenSSH\;C:\Program Files\Java\jdk-19\bin;C:\Users\99293\AppData\Local\Programs\Python\Python311\Scripts\;C:\Users\99293\AppData\Local\Programs\Python\Python311\;C:\Users\99293\AppData\Local\Microsoft\WindowsApps;;C:\Program Files\JetBrains\IntelliJ IDEA 2022.1.2\bin;;C:\Program Files\heroku\bin
USERNAME=ASUS
OS=Windows_NT
PROCESSOR_IDENTIFIER=Intel64 Family 6 Model 154 Stepping 3, GenuineIntel
TMP=C:\Users\99293\AppData\Local\Temp
TEMP=C:\Users\99293\AppData\Local\Temp



---------------  S Y S T E M  ---------------

OS:
 Windows 11 , 64 bit Build 22621 (10.0.22621.3958)
OS uptime: 1 days 19:22 hours
Hyper-V role detected

CPU: total 16 (initial active 16) (8 cores per cpu, 2 threads per core) family 6 model 154 stepping 3 microcode 0x41c, cx8, cmov, fxsr, ht, mmx, 3dnowpref, sse, sse2, sse3, ssse3, sse4.1, sse4.2, popcnt, lzcnt, tsc, tscinvbit, avx, avx2, aes, erms, clmul, bmi1, bmi2, adx, sha, fma, vzeroupper, clflush, clflushopt, clwb, hv, serialize, rdtscp, rdpid, fsrm

Memory: 4k page, system-wide physical 16005M (1620M free)
TotalPageFile size 18053M (AvailPageFile size 11M)
current process WorkingSet (physical memory assigned to process): 198M, peak: 202M
current process commit charge ("private bytes"): 426M, peak: 432M

vm_info: Java HotSpot(TM) 64-Bit Server VM (19.0.2+7-44) for windows-amd64 JRE (19.0.2+7-44), built on 2022-11-30T18:02:09Z by "mach5one" with MS VC++ 17.1 (VS2022)

END.
