#
# There is insufficient memory for the Java Runtime Environment to continue.
# Native memory allocation (malloc) failed to allocate 2020496 bytes for Chunk::new
# Possible reasons:
#   The system is out of physical RAM or swap space
#   The process is running with CompressedOops enabled, and the Java Heap may be blocking the growth of the native heap
# Possible solutions:
#   Reduce memory load on the system
#   Increase physical memory or swap space
#   Check if swap backing store is full
#   Decrease Java heap size (-Xmx/-Xms)
#   Decrease number of Java threads
#   Decrease Java thread stack sizes (-Xss)
#   Set larger code cache with -XX:ReservedCodeCacheSize=
#   JVM is running with Zero Based Compressed Oops mode in which the Java heap is
#     placed in the first 32GB address space. The Java Heap base address is the
#     maximum limit for the native heap growth. Please use -XX:HeapBaseMinAddress
#     to set the Java Heap base and to place the Java Heap above 32GB virtual address.
# This output file may be truncated or incomplete.
#
#  Out of Memory Error (arena.cpp:184), pid=16264, tid=11532
#
# JRE version: Java(TM) SE Runtime Environment (19.0.2+7) (build 19.0.2+7-44)
# Java VM: Java HotSpot(TM) 64-Bit Server VM (19.0.2+7-44, mixed mode, sharing, tiered, compressed oops, compressed class ptrs, g1 gc, windows-amd64)
# No core dump will be written. Minidumps are not enabled by default on client versions of Windows
#

---------------  S U M M A R Y ------------

Command Line: -Dmaven.multiModuleProjectDirectory=D:\unitedStates duplicates original -Dmaven.home=C:\Users\99293\.m2\wrapper\dists\apache-maven-3.8.6-bin\1ks0nkde5v1pk9vtc31i9d0lcd\apache-maven-3.8.6 -Dclassworlds.conf=C:\Users\99293\.m2\wrapper\dists\apache-maven-3.8.6-bin\1ks0nkde5v1pk9vtc31i9d0lcd\apache-maven-3.8.6\bin\m2.conf -Dmaven.ext.class.path=C:\Program Files\JetBrains\IntelliJ IDEA 2022.1.2\plugins\maven\lib\maven-event-listener.jar -javaagent:C:\Program Files\JetBrains\IntelliJ IDEA 2022.1.2\lib\idea_rt.jar=60085:C:\Program Files\JetBrains\IntelliJ IDEA 2022.1.2\bin -Dfile.encoding=UTF-8 org.codehaus.classworlds.Launcher -Didea.version=2022.1.2 package

Host: 12th Gen Intel(R) Core(TM) i7-12650H, 16 cores, 15G,  Windows 11 , 64 bit Build 22621 (10.0.22621.2215)
Time: Thu Oct  5 21:59:34 2023  Windows 11 , 64 bit Build 22621 (10.0.22621.2215) elapsed time: 6.653948 seconds (0d 0h 0m 6s)

---------------  T H R E A D  ---------------

Current thread (0x00000232a3f8f0b0):  JavaThread "C2 CompilerThread7" daemon [_thread_in_native, id=11532, stack(0x00000064c0100000,0x00000064c0200000)]


Current CompileTask:
C2:   6653 11188       4       lombok.javac.JavacAST::buildTree (176 bytes)

Stack: [0x00000064c0100000,0x00000064c0200000]
Native frames: (J=compiled Java code, j=interpreted, Vv=VM code, C=native code)
V  [jvm.dll+0x6ee21a]
V  [jvm.dll+0x85765e]
V  [jvm.dll+0x85904e]
V  [jvm.dll+0x859703]
V  [jvm.dll+0x28298f]
V  [jvm.dll+0xc9adf]
V  [jvm.dll+0xc9e65]
V  [jvm.dll+0x3bca12]
V  [jvm.dll+0x3860e1]
V  [jvm.dll+0x38555a]
V  [jvm.dll+0x24c3d9]
V  [jvm.dll+0x24b781]
V  [jvm.dll+0x1d6ce1]
V  [jvm.dll+0x25b25a]
V  [jvm.dll+0x2596e8]
V  [jvm.dll+0x807588]
V  [jvm.dll+0x80125a]
V  [jvm.dll+0x6ecf0b]
C  [ucrtbase.dll+0x29363]
C  [KERNEL32.DLL+0x1257d]
C  [ntdll.dll+0x5aa68]


---------------  P R O C E S S  ---------------

Threads class SMR info:
_java_thread_list=0x00000232a1384f40, length=23, elements={
0x00000232f6cf7000, 0x0000023299ebbc20, 0x0000023299ebca10, 0x0000023299ebe2e0,
0x0000023299ec4140, 0x0000023299ec5210, 0x0000023299ec87d0, 0x0000023299eca580,
0x0000023299ed5f50, 0x0000023299ed9070, 0x0000023299edd160, 0x000002329ecd1eb0,
0x000002329ed31c70, 0x000002329edb3850, 0x000002329eddf880, 0x000002329f18bb90,
0x000002329f24e910, 0x000002329f437d40, 0x000002329f9624c0, 0x000002329f962a40,
0x000002329fe13510, 0x00000232a00c7e30, 0x00000232a3f8f0b0
}

Java Threads: ( => current thread )
  0x00000232f6cf7000 JavaThread "main" [_thread_in_Java, id=11588, stack(0x00000064be400000,0x00000064be500000)]
  0x0000023299ebbc20 JavaThread "Reference Handler" daemon [_thread_blocked, id=16888, stack(0x00000064beb00000,0x00000064bec00000)]
  0x0000023299ebca10 JavaThread "Finalizer" daemon [_thread_blocked, id=21352, stack(0x00000064bec00000,0x00000064bed00000)]
  0x0000023299ebe2e0 JavaThread "Signal Dispatcher" daemon [_thread_blocked, id=4332, stack(0x00000064bed00000,0x00000064bee00000)]
  0x0000023299ec4140 JavaThread "Attach Listener" daemon [_thread_blocked, id=21236, stack(0x00000064bee00000,0x00000064bef00000)]
  0x0000023299ec5210 JavaThread "Service Thread" daemon [_thread_blocked, id=13500, stack(0x00000064bef00000,0x00000064bf000000)]
  0x0000023299ec87d0 JavaThread "Monitor Deflation Thread" daemon [_thread_blocked, id=1732, stack(0x00000064bf000000,0x00000064bf100000)]
  0x0000023299eca580 JavaThread "C2 CompilerThread0" daemon [_thread_in_native, id=19204, stack(0x00000064bf100000,0x00000064bf200000)]
  0x0000023299ed5f50 JavaThread "C1 CompilerThread0" daemon [_thread_blocked, id=11984, stack(0x00000064bf200000,0x00000064bf300000)]
  0x0000023299ed9070 JavaThread "Sweeper thread" daemon [_thread_blocked, id=18704, stack(0x00000064bf300000,0x00000064bf400000)]
  0x0000023299edd160 JavaThread "C1 CompilerThread1" daemon [_thread_blocked, id=18800, stack(0x00000064bf400000,0x00000064bf500000)]
  0x000002329ecd1eb0 JavaThread "C1 CompilerThread2" daemon [_thread_blocked, id=1144, stack(0x00000064bf500000,0x00000064bf600000)]
  0x000002329ed31c70 JavaThread "Common-Cleaner" daemon [_thread_blocked, id=14892, stack(0x00000064bf600000,0x00000064bf700000)]
  0x000002329edb3850 JavaThread "Monitor Ctrl-Break" daemon [_thread_in_native, id=19180, stack(0x00000064bf700000,0x00000064bf800000)]
  0x000002329eddf880 JavaThread "Notification Thread" daemon [_thread_blocked, id=6280, stack(0x00000064bf800000,0x00000064bf900000)]
  0x000002329f18bb90 JavaThread "C2 CompilerThread1" daemon [_thread_in_native, id=1692, stack(0x00000064bfa00000,0x00000064bfb00000)]
  0x000002329f24e910 JavaThread "C1 CompilerThread3" daemon [_thread_blocked, id=21460, stack(0x00000064bfb00000,0x00000064bfc00000)]
  0x000002329f437d40 JavaThread "C2 CompilerThread2" daemon [_thread_in_native, id=14416, stack(0x00000064bfc00000,0x00000064bfd00000)]
  0x000002329f9624c0 JavaThread "C2 CompilerThread3" daemon [_thread_in_native, id=8852, stack(0x00000064bfd00000,0x00000064bfe00000)]
  0x000002329f962a40 JavaThread "C2 CompilerThread4" daemon [_thread_in_native, id=11628, stack(0x00000064bfe00000,0x00000064bff00000)]
  0x000002329fe13510 JavaThread "C2 CompilerThread5" daemon [_thread_in_native, id=15480, stack(0x00000064bff00000,0x00000064c0000000)]
  0x00000232a00c7e30 JavaThread "C2 CompilerThread6" daemon [_thread_in_native, id=17640, stack(0x00000064c0000000,0x00000064c0100000)]
=>0x00000232a3f8f0b0 JavaThread "C2 CompilerThread7" daemon [_thread_in_native, id=11532, stack(0x00000064c0100000,0x00000064c0200000)]

Other Threads:
  0x0000023299e9faf0 VMThread "VM Thread" [stack: 0x00000064bea00000,0x00000064beb00000] [id=8388]
  0x000002329edeae70 WatcherThread "VM Periodic Task Thread" [stack: 0x00000064bf900000,0x00000064bfa00000] [id=19768]
  0x00000232f6d69bc0 WorkerThread "GC Thread#0" [stack: 0x00000064be500000,0x00000064be600000] [id=20208]
  0x0000023299ea0360 WorkerThread "GC Thread#1" [stack: 0x00000064c0200000,0x00000064c0300000] [id=15044]
  0x0000023299ea0630 WorkerThread "GC Thread#2" [stack: 0x00000064c0300000,0x00000064c0400000] [id=15680]
  0x0000023299ea0900 WorkerThread "GC Thread#3" [stack: 0x00000064c0400000,0x00000064c0500000] [id=10788]
  0x0000023299e9ece0 WorkerThread "GC Thread#4" [stack: 0x00000064c0500000,0x00000064c0600000] [id=13268]
  0x0000023299e9efb0 WorkerThread "GC Thread#5" [stack: 0x00000064c0600000,0x00000064c0700000] [id=21440]
  0x0000023299e9f280 WorkerThread "GC Thread#6" [stack: 0x00000064c0700000,0x00000064c0800000] [id=20524]
  0x00000232a06b02b0 WorkerThread "GC Thread#7" [stack: 0x00000064c0800000,0x00000064c0900000] [id=6784]
  0x00000232a06b1660 WorkerThread "GC Thread#8" [stack: 0x00000064c0900000,0x00000064c0a00000] [id=21264]
  0x00000232a06b21a0 WorkerThread "GC Thread#9" [stack: 0x00000064c0a00000,0x00000064c0b00000] [id=10252]
  0x00000232a06b2ce0 WorkerThread "GC Thread#10" [stack: 0x00000064c0b00000,0x00000064c0c00000] [id=2712]
  0x00000232a06b2a10 WorkerThread "GC Thread#11" [stack: 0x00000064c0c00000,0x00000064c0d00000] [id=18364]
  0x00000232a06af770 WorkerThread "GC Thread#12" [stack: 0x00000064c0d00000,0x00000064c0e00000] [id=10028]
  0x00000232f6d7a530 ConcurrentGCThread "G1 Main Marker" [stack: 0x00000064be600000,0x00000064be700000] [id=18732]
  0x00000232f6d7c110 WorkerThread "G1 Conc#0" [stack: 0x00000064be700000,0x00000064be800000] [id=17892]
  0x00000232a06af1d0 WorkerThread "G1 Conc#1" [stack: 0x00000064c0e00000,0x00000064c0f00000] [id=4284]
  0x00000232a06b10c0 WorkerThread "G1 Conc#2" [stack: 0x00000064c0f00000,0x00000064c1000000] [id=20708]
  0x00000232f6dbe1e0 ConcurrentGCThread "G1 Refine#0" [stack: 0x00000064be800000,0x00000064be900000] [id=12276]
  0x0000023299d59f90 ConcurrentGCThread "G1 Service" [stack: 0x00000064be900000,0x00000064bea00000] [id=10220]

Threads with active compile tasks:
C2 CompilerThread0     6667 11179   !   4       lombok.javac.JavacAST::drill (146 bytes)
C2 CompilerThread1     6667 11176   !   4       lombok.core.AST::buildWithField0 (121 bytes)
C2 CompilerThread2     6667 11439       4       com.sun.tools.javac.code.Type$UndetVar::dupTo (193 bytes)
C2 CompilerThread3     6667 11302   !   4       com.sun.tools.javac.comp.Annotate::flush (147 bytes)
C2 CompilerThread4     6667 11213       4       lombok.core.AST::buildWithCollection (128 bytes)
C2 CompilerThread5     6667 11175       4       lombok.core.AST::buildWithField (21 bytes)
C2 CompilerThread6     6667 11177       4       lombok.javac.JavacAST::buildStatementOrExpression (104 bytes)
C2 CompilerThread7     6667 11188       4       lombok.javac.JavacAST::buildTree (176 bytes)

VM state: not at safepoint (normal execution)

VM Mutex/Monitor currently owned by a thread: None

Heap address: 0x0000000705e00000, size: 4002 MB, Compressed Oops mode: Zero based, Oop shift amount: 3

CDS archive(s) mapped at: [0x0000000800000000-0x0000000800c40000-0x0000000800c40000), size 12845056, SharedBaseAddress: 0x0000000800000000, ArchiveRelocationMode: 0.
Compressed class space mapped at: 0x0000000801000000-0x0000000841000000, reserved size: 1073741824
Narrow klass base: 0x0000000800000000, Narrow klass shift: 0, Narrow klass range: 0x100000000

GC Precious Log:
 CardTable entry size: 512
 Card Set container configuration: InlinePtr #cards 4 size 8 Array Of Cards #cards 16 size 48 Howl #buckets 8 coarsen threshold 3686 Howl Bitmap #cards 512 size 80 coarsen threshold 460 Card regions per heap region 1 cards per card region 4096
 CPUs: 16 total, 16 available
 Memory: 16005M
 Large Page Support: Disabled
 NUMA Support: Disabled
 Compressed Oops: Enabled (Zero based)
 Heap Region Size: 2M
 Heap Min Capacity: 8M
 Heap Initial Capacity: 252M
 Heap Max Capacity: 4002M
 Pre-touch: Disabled
 Parallel Workers: 13
 Concurrent Workers: 3
 Concurrent Refinement Workers: 13
 Periodic GC: Disabled

Heap:
 garbage-first heap   total 190464K, used 132020K [0x0000000705e00000, 0x0000000800000000)
  region size 2048K, 22 young (45056K), 1 survivors (2048K)
 Metaspace       used 33521K, committed 34048K, reserved 1114112K
  class space    used 3434K, committed 3712K, reserved 1048576K

Heap Regions: E=young(eden), S=young(survivor), O=old, HS=humongous(starts), HC=humongous(continues), CS=collection set, F=free, OA=open archive, CA=closed archive, TAMS=top-at-mark-start (previous, next)
|   0|0x0000000705e00000, 0x0000000706000000, 0x0000000706000000|100%| O|  |TAMS 0x0000000706000000, 0x0000000705e00000| Untracked 
|   1|0x0000000706000000, 0x0000000706200000, 0x0000000706200000|100%| O|  |TAMS 0x0000000706000000, 0x0000000706000000| Untracked 
|   2|0x0000000706200000, 0x0000000706400000, 0x0000000706400000|100%| O|  |TAMS 0x0000000706200000, 0x0000000706200000| Untracked 
|   3|0x0000000706400000, 0x0000000706600000, 0x0000000706600000|100%| O|  |TAMS 0x0000000706400000, 0x0000000706400000| Untracked 
|   4|0x0000000706600000, 0x0000000706800000, 0x0000000706800000|100%| O|  |TAMS 0x0000000706600000, 0x0000000706600000| Untracked 
|   5|0x0000000706800000, 0x0000000706a00000, 0x0000000706a00000|100%| O|  |TAMS 0x0000000706800000, 0x0000000706800000| Untracked 
|   6|0x0000000706a00000, 0x0000000706c00000, 0x0000000706c00000|100%| O|  |TAMS 0x0000000706a00000, 0x0000000706a00000| Untracked 
|   7|0x0000000706c00000, 0x0000000706e00000, 0x0000000706e00000|100%| O|  |TAMS 0x0000000706c00000, 0x0000000706c00000| Untracked 
|   8|0x0000000706e00000, 0x0000000707000000, 0x0000000707000000|100%| O|  |TAMS 0x0000000706e00000, 0x0000000706e00000| Untracked 
|   9|0x0000000707000000, 0x0000000707200000, 0x0000000707200000|100%| O|  |TAMS 0x0000000707000000, 0x0000000707000000| Untracked 
|  10|0x0000000707200000, 0x0000000707400000, 0x0000000707400000|100%| O|  |TAMS 0x0000000707200000, 0x0000000707200000| Untracked 
|  11|0x0000000707400000, 0x0000000707600000, 0x0000000707600000|100%| O|  |TAMS 0x0000000707400000, 0x0000000707400000| Untracked 
|  12|0x0000000707600000, 0x0000000707800000, 0x0000000707800000|100%| O|  |TAMS 0x0000000707600000, 0x0000000707600000| Untracked 
|  13|0x0000000707800000, 0x0000000707a00000, 0x0000000707a00000|100%| O|  |TAMS 0x0000000707800000, 0x0000000707800000| Untracked 
|  14|0x0000000707a00000, 0x0000000707c00000, 0x0000000707c00000|100%| O|  |TAMS 0x0000000707a00000, 0x0000000707a00000| Untracked 
|  15|0x0000000707c00000, 0x0000000707e00000, 0x0000000707e00000|100%| O|  |TAMS 0x0000000707c00000, 0x0000000707c00000| Untracked 
|  16|0x0000000707e00000, 0x0000000708000000, 0x0000000708000000|100%| O|  |TAMS 0x0000000707e00000, 0x0000000707e00000| Untracked 
|  17|0x0000000708000000, 0x0000000708200000, 0x0000000708200000|100%| O|  |TAMS 0x0000000708000000, 0x0000000708000000| Untracked 
|  18|0x0000000708200000, 0x0000000708400000, 0x0000000708400000|100%|HS|  |TAMS 0x0000000708200000, 0x0000000708200000| Complete 
|  19|0x0000000708400000, 0x0000000708600000, 0x0000000708600000|100%|HC|  |TAMS 0x0000000708400000, 0x0000000708400000| Complete 
|  20|0x0000000708600000, 0x0000000708800000, 0x0000000708800000|100%| O|  |TAMS 0x0000000708600000, 0x0000000708600000| Untracked 
|  21|0x0000000708800000, 0x0000000708a00000, 0x0000000708a00000|100%| O|  |TAMS 0x0000000708800000, 0x0000000708800000| Untracked 
|  22|0x0000000708a00000, 0x0000000708c00000, 0x0000000708c00000|100%| O|  |TAMS 0x0000000708a00000, 0x0000000708a00000| Untracked 
|  23|0x0000000708c00000, 0x0000000708e00000, 0x0000000708e00000|100%| O|  |TAMS 0x0000000708c00000, 0x0000000708c00000| Untracked 
|  24|0x0000000708e00000, 0x0000000709000000, 0x0000000709000000|100%| O|  |TAMS 0x0000000708e00000, 0x0000000708e00000| Untracked 
|  25|0x0000000709000000, 0x0000000709200000, 0x0000000709200000|100%| O|  |TAMS 0x0000000709000000, 0x0000000709000000| Untracked 
|  26|0x0000000709200000, 0x0000000709400000, 0x0000000709400000|100%| O|  |TAMS 0x0000000709200000, 0x0000000709200000| Untracked 
|  27|0x0000000709400000, 0x0000000709600000, 0x0000000709600000|100%| O|  |TAMS 0x0000000709400000, 0x0000000709400000| Untracked 
|  28|0x0000000709600000, 0x0000000709600000, 0x0000000709800000|  0%| F|  |TAMS 0x0000000709600000, 0x0000000709600000| Untracked 
|  29|0x0000000709800000, 0x0000000709800000, 0x0000000709a00000|  0%| F|  |TAMS 0x0000000709800000, 0x0000000709800000| Untracked 
|  30|0x0000000709a00000, 0x0000000709c00000, 0x0000000709c00000|100%| O|  |TAMS 0x0000000709a00000, 0x0000000709a00000| Untracked 
|  31|0x0000000709c00000, 0x0000000709e00000, 0x0000000709e00000|100%| O|  |TAMS 0x0000000709c00000, 0x0000000709c00000| Untracked 
|  32|0x0000000709e00000, 0x000000070a000000, 0x000000070a000000|100%| O|  |TAMS 0x0000000709e00000, 0x0000000709e00000| Untracked 
|  33|0x000000070a000000, 0x000000070a000000, 0x000000070a200000|  0%| F|  |TAMS 0x000000070a000000, 0x000000070a000000| Untracked 
|  34|0x000000070a200000, 0x000000070a200000, 0x000000070a400000|  0%| F|  |TAMS 0x000000070a200000, 0x000000070a200000| Untracked 
|  35|0x000000070a400000, 0x000000070a400000, 0x000000070a600000|  0%| F|  |TAMS 0x000000070a400000, 0x000000070a400000| Untracked 
|  36|0x000000070a600000, 0x000000070a600000, 0x000000070a800000|  0%| F|  |TAMS 0x000000070a600000, 0x000000070a600000| Untracked 
|  37|0x000000070a800000, 0x000000070aa00000, 0x000000070aa00000|100%| O|  |TAMS 0x000000070a800000, 0x000000070a800000| Untracked 
|  38|0x000000070aa00000, 0x000000070ac00000, 0x000000070ac00000|100%| O|  |TAMS 0x000000070aa00000, 0x000000070aa00000| Untracked 
|  39|0x000000070ac00000, 0x000000070ac00000, 0x000000070ae00000|  0%| F|  |TAMS 0x000000070ac00000, 0x000000070ac00000| Untracked 
|  40|0x000000070ae00000, 0x000000070b000000, 0x000000070b000000|100%| O|  |TAMS 0x000000070ae00000, 0x000000070ae00000| Untracked 
|  41|0x000000070b000000, 0x000000070b200000, 0x000000070b200000|100%| O|  |TAMS 0x000000070b000000, 0x000000070b000000| Untracked 
|  42|0x000000070b200000, 0x000000070b2fd200, 0x000000070b400000| 49%| O|  |TAMS 0x000000070b200000, 0x000000070b200000| Untracked 
|  43|0x000000070b400000, 0x000000070b400000, 0x000000070b600000|  0%| F|  |TAMS 0x000000070b400000, 0x000000070b400000| Untracked 
|  44|0x000000070b600000, 0x000000070b600000, 0x000000070b800000|  0%| F|  |TAMS 0x000000070b600000, 0x000000070b600000| Untracked 
|  45|0x000000070b800000, 0x000000070b800000, 0x000000070ba00000|  0%| F|  |TAMS 0x000000070b800000, 0x000000070b800000| Untracked 
|  46|0x000000070ba00000, 0x000000070ba00000, 0x000000070bc00000|  0%| F|  |TAMS 0x000000070ba00000, 0x000000070ba00000| Untracked 
|  47|0x000000070bc00000, 0x000000070bc00000, 0x000000070be00000|  0%| F|  |TAMS 0x000000070bc00000, 0x000000070bc00000| Untracked 
|  48|0x000000070be00000, 0x000000070be00000, 0x000000070c000000|  0%| F|  |TAMS 0x000000070be00000, 0x000000070be00000| Untracked 
|  49|0x000000070c000000, 0x000000070c000000, 0x000000070c200000|  0%| F|  |TAMS 0x000000070c000000, 0x000000070c000000| Untracked 
|  50|0x000000070c200000, 0x000000070c200000, 0x000000070c400000|  0%| F|  |TAMS 0x000000070c200000, 0x000000070c200000| Untracked 
|  51|0x000000070c400000, 0x000000070c400000, 0x000000070c600000|  0%| F|  |TAMS 0x000000070c400000, 0x000000070c400000| Untracked 
|  52|0x000000070c600000, 0x000000070c600000, 0x000000070c800000|  0%| F|  |TAMS 0x000000070c600000, 0x000000070c600000| Untracked 
|  53|0x000000070c800000, 0x000000070c800000, 0x000000070ca00000|  0%| F|  |TAMS 0x000000070c800000, 0x000000070c800000| Untracked 
|  54|0x000000070ca00000, 0x000000070cbeff40, 0x000000070cc00000| 96%| S|CS|TAMS 0x000000070ca00000, 0x000000070ca00000| Complete 
|  55|0x000000070cc00000, 0x000000070cc00000, 0x000000070ce00000|  0%| F|  |TAMS 0x000000070cc00000, 0x000000070cc00000| Untracked 
|  56|0x000000070ce00000, 0x000000070ce00000, 0x000000070d000000|  0%| F|  |TAMS 0x000000070ce00000, 0x000000070ce00000| Untracked 
|  57|0x000000070d000000, 0x000000070d000000, 0x000000070d200000|  0%| F|  |TAMS 0x000000070d000000, 0x000000070d000000| Untracked 
|  58|0x000000070d200000, 0x000000070d200000, 0x000000070d400000|  0%| F|  |TAMS 0x000000070d200000, 0x000000070d200000| Untracked 
|  59|0x000000070d400000, 0x000000070d400000, 0x000000070d600000|  0%| F|  |TAMS 0x000000070d400000, 0x000000070d400000| Untracked 
|  60|0x000000070d600000, 0x000000070d600000, 0x000000070d800000|  0%| F|  |TAMS 0x000000070d600000, 0x000000070d600000| Untracked 
|  61|0x000000070d800000, 0x000000070d800000, 0x000000070da00000|  0%| F|  |TAMS 0x000000070d800000, 0x000000070d800000| Untracked 
|  62|0x000000070da00000, 0x000000070da00000, 0x000000070dc00000|  0%| F|  |TAMS 0x000000070da00000, 0x000000070da00000| Untracked 
|  63|0x000000070dc00000, 0x000000070dd00800, 0x000000070de00000| 50%| E|  |TAMS 0x000000070dc00000, 0x000000070dc00000| Complete 
|  64|0x000000070de00000, 0x000000070e000000, 0x000000070e000000|100%| E|CS|TAMS 0x000000070de00000, 0x000000070de00000| Complete 
|  65|0x000000070e000000, 0x000000070e200000, 0x000000070e200000|100%| E|CS|TAMS 0x000000070e000000, 0x000000070e000000| Complete 
|  66|0x000000070e200000, 0x000000070e400000, 0x000000070e400000|100%| E|CS|TAMS 0x000000070e200000, 0x000000070e200000| Complete 
|  67|0x000000070e400000, 0x000000070e600000, 0x000000070e600000|100%| E|CS|TAMS 0x000000070e400000, 0x000000070e400000| Complete 
|  68|0x000000070e600000, 0x000000070e800000, 0x000000070e800000|100%| E|CS|TAMS 0x000000070e600000, 0x000000070e600000| Complete 
|  69|0x000000070e800000, 0x000000070ea00000, 0x000000070ea00000|100%| E|CS|TAMS 0x000000070e800000, 0x000000070e800000| Complete 
|  70|0x000000070ea00000, 0x000000070ec00000, 0x000000070ec00000|100%| E|CS|TAMS 0x000000070ea00000, 0x000000070ea00000| Complete 
|  71|0x000000070ec00000, 0x000000070ee00000, 0x000000070ee00000|100%| E|CS|TAMS 0x000000070ec00000, 0x000000070ec00000| Complete 
|  72|0x000000070ee00000, 0x000000070f000000, 0x000000070f000000|100%| E|CS|TAMS 0x000000070ee00000, 0x000000070ee00000| Complete 
|  73|0x000000070f000000, 0x000000070f200000, 0x000000070f200000|100%| E|CS|TAMS 0x000000070f000000, 0x000000070f000000| Complete 
|  74|0x000000070f200000, 0x000000070f400000, 0x000000070f400000|100%| E|CS|TAMS 0x000000070f200000, 0x000000070f200000| Complete 
|  75|0x000000070f400000, 0x000000070f600000, 0x000000070f600000|100%| E|CS|TAMS 0x000000070f400000, 0x000000070f400000| Complete 
|  76|0x000000070f600000, 0x000000070f800000, 0x000000070f800000|100%| E|CS|TAMS 0x000000070f600000, 0x000000070f600000| Complete 
|  77|0x000000070f800000, 0x000000070fa00000, 0x000000070fa00000|100%| E|CS|TAMS 0x000000070f800000, 0x000000070f800000| Complete 
|  78|0x000000070fa00000, 0x000000070fc00000, 0x000000070fc00000|100%| E|CS|TAMS 0x000000070fa00000, 0x000000070fa00000| Complete 
|  79|0x000000070fc00000, 0x000000070fe00000, 0x000000070fe00000|100%| E|CS|TAMS 0x000000070fc00000, 0x000000070fc00000| Complete 
|  80|0x000000070fe00000, 0x0000000710000000, 0x0000000710000000|100%| E|CS|TAMS 0x000000070fe00000, 0x000000070fe00000| Complete 
|  81|0x0000000710000000, 0x0000000710200000, 0x0000000710200000|100%| E|CS|TAMS 0x0000000710000000, 0x0000000710000000| Complete 
|  82|0x0000000710200000, 0x0000000710400000, 0x0000000710400000|100%| E|CS|TAMS 0x0000000710200000, 0x0000000710200000| Complete 
|  83|0x0000000710400000, 0x0000000710600000, 0x0000000710600000|100%| E|CS|TAMS 0x0000000710400000, 0x0000000710400000| Complete 
| 125|0x0000000715800000, 0x0000000715a00000, 0x0000000715a00000|100%| E|CS|TAMS 0x0000000715800000, 0x0000000715800000| Complete 
|1993|0x00000007ff000000, 0x00000007ff200000, 0x00000007ff200000|100%| O|  |TAMS 0x00000007ff000000, 0x00000007ff000000| Untracked 
|1994|0x00000007ff200000, 0x00000007ff400000, 0x00000007ff400000|100%| O|  |TAMS 0x00000007ff200000, 0x00000007ff200000| Untracked 
|1995|0x00000007ff400000, 0x00000007ff600000, 0x00000007ff600000|100%| O|  |TAMS 0x00000007ff400000, 0x00000007ff400000| Untracked 
|1996|0x00000007ff600000, 0x00000007ff800000, 0x00000007ff800000|100%| O|  |TAMS 0x00000007ff600000, 0x00000007ff600000| Untracked 
|1997|0x00000007ff800000, 0x00000007ffa00000, 0x00000007ffa00000|100%| O|  |TAMS 0x00000007ff800000, 0x00000007ff800000| Untracked 
|1998|0x00000007ffa00000, 0x00000007ffc00000, 0x00000007ffc00000|100%| O|  |TAMS 0x00000007ffa00000, 0x00000007ffa00000| Untracked 
|1999|0x00000007ffc00000, 0x00000007ffe00000, 0x00000007ffe00000|100%| O|  |TAMS 0x00000007ffc00000, 0x00000007ffc00000| Untracked 
|2000|0x00000007ffe00000, 0x0000000800000000, 0x0000000800000000|100%| O|  |TAMS 0x00000007ffe00000, 0x00000007ffe00000| Untracked 

Card table byte_map: [0x000002328f000000,0x000002328f7e0000] _byte_map_base: 0x000002328b7d1000

Marking Bits (Prev, Next): (CMBitMap*) 0x00000232f6d6a230, (CMBitMap*) 0x00000232f6d6a1f0
 Prev Bits: [0x0000023293e50000, 0x0000023297cd8000)
 Next Bits: [0x000002328ffc0000, 0x0000023293e48000)

Polling page: 0x00000232f4c70000

Metaspace:

Usage:
  Non-class:     29.38 MB used.
      Class:      3.35 MB used.
       Both:     32.74 MB used.

Virtual space:
  Non-class space:       64.00 MB reserved,      29.62 MB ( 46%) committed,  1 nodes.
      Class space:        1.00 GB reserved,       3.62 MB ( <1%) committed,  1 nodes.
             Both:        1.06 GB reserved,      33.25 MB (  3%) committed. 

Chunk freelists:
   Non-Class:  1.95 MB
       Class:  331.00 KB
        Both:  2.28 MB

MaxMetaspaceSize: unlimited
CompressedClassSpaceSize: 1.00 GB
Initial GC threshold: 21.00 MB
Current GC threshold: 35.12 MB
CDS: on
MetaspaceReclaimPolicy: balanced
 - commit_granule_bytes: 65536.
 - commit_granule_words: 8192.
 - virtual_space_node_default_size: 8388608.
 - enlarge_chunks_in_place: 1.
 - new_chunks_are_fully_committed: 0.
 - uncommit_free_chunks: 1.
 - use_allocation_guard: 0.


Internal statistics:

num_allocs_failed_limit: 3.
num_arena_births: 742.
num_arena_deaths: 0.
num_vsnodes_births: 2.
num_vsnodes_deaths: 0.
num_space_committed: 532.
num_space_uncommitted: 0.
num_chunks_returned_to_freelist: 3.
num_chunks_taken_from_freelist: 2071.
num_chunk_merges: 3.
num_chunk_splits: 1416.
num_chunks_enlarged: 991.
num_inconsistent_stats: 0.

CodeHeap 'non-profiled nmethods': size=119168Kb used=6428Kb max_used=6765Kb free=112739Kb
 bounds [0x0000023287ba0000, 0x0000023288250000, 0x000002328f000000]
CodeHeap 'profiled nmethods': size=119104Kb used=20991Kb max_used=21914Kb free=98112Kb
 bounds [0x0000023280000000, 0x00000232815a0000, 0x0000023287450000]
CodeHeap 'non-nmethods': size=7488Kb used=3061Kb max_used=3132Kb free=4426Kb
 bounds [0x0000023287450000, 0x0000023287770000, 0x0000023287ba0000]
 total_blobs=9767 nmethods=9220 adapters=450
 compilation: enabled
              stopped_count=0, restarted_count=0
 full_count=0

Compilation events (20 events):
Event: 6.630 Thread 0x0000023299edd160 11429       2       com.sun.tools.javac.comp.Check::union (39 bytes)
Event: 6.631 Thread 0x0000023299edd160 nmethod 11429 0x000002328059a590 code [0x000002328059a760, 0x000002328059ab18]
Event: 6.632 Thread 0x000002329f24e910 11430       2       com.sun.tools.javac.jvm.Items$Item::duplicate (1 bytes)
Event: 6.632 Thread 0x000002329f24e910 nmethod 11430 0x0000023280a1eb10 code [0x0000023280a1eca0, 0x0000023280a1ed98]
Event: 6.635 Thread 0x000002329f437d40 nmethod 11303 0x0000023287f66090 code [0x0000023287f663c0, 0x0000023287f681a8]
Event: 6.637 Thread 0x0000023299edd160 11431       2       com.sun.tools.javac.jvm.Gen$3::gen (64 bytes)
Event: 6.637 Thread 0x000002329f24e910 11432       2       com.sun.tools.javac.jvm.Gen$3::genLast (30 bytes)
Event: 6.637 Thread 0x000002329f437d40 11417       4       com.sun.tools.javac.comp.Resolve$4::argumentsAcceptable (69 bytes)
Event: 6.637 Thread 0x000002329f24e910 nmethod 11432 0x00000232809efb10 code [0x00000232809efcc0, 0x00000232809efe28]
Event: 6.638 Thread 0x0000023299edd160 nmethod 11431 0x0000023280ecbd10 code [0x0000023280ecbf20, 0x0000023280ecc3e8]
Event: 6.639 Thread 0x000002329f24e910 11433       2       com.sun.tools.javac.jvm.Gen::registerCatch (73 bytes)
Event: 6.639 Thread 0x0000023299edd160 11434       2       com.sun.tools.javac.jvm.Code::addCatch (29 bytes)
Event: 6.639 Thread 0x0000023299edd160 nmethod 11434 0x0000023280a6ba10 code [0x0000023280a6bbc0, 0x0000023280a6bda8]
Event: 6.639 Thread 0x000002329f24e910 nmethod 11433 0x0000023280e55990 code [0x0000023280e55b40, 0x0000023280e55d18]
Event: 6.641 Thread 0x000002329f437d40 nmethod 11417 0x0000023287d86a10 code [0x0000023287d86be0, 0x0000023287d86e10]
Event: 6.641 Thread 0x000002329f437d40 11359       4       java.util.stream.Nodes$FixedNodeBuilder::accept (61 bytes)
Event: 6.642 Thread 0x000002329f24e910 11435       2       com.sun.tools.javac.tree.TreeTranslator::visitTry (60 bytes)
Event: 6.642 Thread 0x000002329f24e910 nmethod 11435 0x0000023280a69390 code [0x0000023280a69580, 0x0000023280a69b38]
Event: 6.643 Thread 0x000002329f437d40 nmethod 11359 0x0000023287d86490 code [0x0000023287d86620, 0x0000023287d868d8]
Event: 6.643 Thread 0x000002329f437d40 11403       4       com.sun.tools.javac.code.Types::isAssignable (164 bytes)

GC Heap History (20 events):
Event: 3.504 GC heap before
{Heap before GC invocations=9 (full 0):
 garbage-first heap   total 129024K, used 91532K [0x0000000705e00000, 0x0000000800000000)
  region size 2048K, 23 young (47104K), 4 survivors (8192K)
 Metaspace       used 27551K, committed 28032K, reserved 1114112K
  class space    used 2867K, committed 3136K, reserved 1048576K
}
Event: 3.508 GC heap after
{Heap after GC invocations=10 (full 0):
 garbage-first heap   total 129024K, used 53149K [0x0000000705e00000, 0x0000000800000000)
  region size 2048K, 2 young (4096K), 2 survivors (4096K)
 Metaspace       used 27551K, committed 28032K, reserved 1114112K
  class space    used 2867K, committed 3136K, reserved 1048576K
}
Event: 3.713 GC heap before
{Heap before GC invocations=10 (full 0):
 garbage-first heap   total 129024K, used 92061K [0x0000000705e00000, 0x0000000800000000)
  region size 2048K, 22 young (45056K), 2 survivors (4096K)
 Metaspace       used 28053K, committed 28608K, reserved 1114112K
  class space    used 2944K, committed 3200K, reserved 1048576K
}
Event: 3.716 GC heap after
{Heap after GC invocations=11 (full 0):
 garbage-first heap   total 155648K, used 53341K [0x0000000705e00000, 0x0000000800000000)
  region size 2048K, 2 young (4096K), 2 survivors (4096K)
 Metaspace       used 28053K, committed 28608K, reserved 1114112K
  class space    used 2944K, committed 3200K, reserved 1048576K
}
Event: 3.896 GC heap before
{Heap before GC invocations=11 (full 0):
 garbage-first heap   total 155648K, used 116829K [0x0000000705e00000, 0x0000000800000000)
  region size 2048K, 33 young (67584K), 2 survivors (4096K)
 Metaspace       used 28369K, committed 28928K, reserved 1114112K
  class space    used 2961K, committed 3264K, reserved 1048576K
}
Event: 3.900 GC heap after
{Heap after GC invocations=12 (full 0):
 garbage-first heap   total 155648K, used 54764K [0x0000000705e00000, 0x0000000800000000)
  region size 2048K, 3 young (6144K), 3 survivors (6144K)
 Metaspace       used 28369K, committed 28928K, reserved 1114112K
  class space    used 2961K, committed 3264K, reserved 1048576K
}
Event: 4.002 GC heap before
{Heap before GC invocations=12 (full 0):
 garbage-first heap   total 155648K, used 120300K [0x0000000705e00000, 0x0000000800000000)
  region size 2048K, 35 young (71680K), 3 survivors (6144K)
 Metaspace       used 28447K, committed 28992K, reserved 1114112K
  class space    used 2964K, committed 3264K, reserved 1048576K
}
Event: 4.005 GC heap after
{Heap after GC invocations=13 (full 0):
 garbage-first heap   total 155648K, used 55317K [0x0000000705e00000, 0x0000000800000000)
  region size 2048K, 3 young (6144K), 3 survivors (6144K)
 Metaspace       used 28447K, committed 28992K, reserved 1114112K
  class space    used 2964K, committed 3264K, reserved 1048576K
}
Event: 4.151 GC heap before
{Heap before GC invocations=13 (full 0):
 garbage-first heap   total 155648K, used 122901K [0x0000000705e00000, 0x0000000800000000)
  region size 2048K, 36 young (73728K), 3 survivors (6144K)
 Metaspace       used 28601K, committed 29120K, reserved 1114112K
  class space    used 2966K, committed 3264K, reserved 1048576K
}
Event: 4.157 GC heap after
{Heap after GC invocations=14 (full 0):
 garbage-first heap   total 155648K, used 56997K [0x0000000705e00000, 0x0000000800000000)
  region size 2048K, 4 young (8192K), 4 survivors (8192K)
 Metaspace       used 28601K, committed 29120K, reserved 1114112K
  class space    used 2966K, committed 3264K, reserved 1048576K
}
Event: 4.260 GC heap before
{Heap before GC invocations=14 (full 0):
 garbage-first heap   total 155648K, used 124581K [0x0000000705e00000, 0x0000000800000000)
  region size 2048K, 37 young (75776K), 4 survivors (8192K)
 Metaspace       used 28693K, committed 29248K, reserved 1114112K
  class space    used 2966K, committed 3264K, reserved 1048576K
}
Event: 4.265 GC heap after
{Heap after GC invocations=15 (full 0):
 garbage-first heap   total 190464K, used 56502K [0x0000000705e00000, 0x0000000800000000)
  region size 2048K, 2 young (4096K), 2 survivors (4096K)
 Metaspace       used 28693K, committed 29248K, reserved 1114112K
  class space    used 2966K, committed 3264K, reserved 1048576K
}
Event: 5.200 GC heap before
{Heap before GC invocations=15 (full 0):
 garbage-first heap   total 190464K, used 154806K [0x0000000705e00000, 0x0000000800000000)
  region size 2048K, 50 young (102400K), 2 survivors (4096K)
 Metaspace       used 31330K, committed 31936K, reserved 1114112K
  class space    used 3212K, committed 3520K, reserved 1048576K
}
Event: 5.206 GC heap after
{Heap after GC invocations=16 (full 0):
 garbage-first heap   total 190464K, used 59239K [0x0000000705e00000, 0x0000000800000000)
  region size 2048K, 4 young (8192K), 4 survivors (8192K)
 Metaspace       used 31330K, committed 31936K, reserved 1114112K
  class space    used 3212K, committed 3520K, reserved 1048576K
}
Event: 5.702 GC heap before
{Heap before GC invocations=16 (full 0):
 garbage-first heap   total 190464K, used 155495K [0x0000000705e00000, 0x0000000800000000)
  region size 2048K, 50 young (102400K), 4 survivors (8192K)
 Metaspace       used 31682K, committed 32256K, reserved 1114112K
  class space    used 3236K, committed 3520K, reserved 1048576K
}
Event: 5.709 GC heap after
{Heap after GC invocations=17 (full 0):
 garbage-first heap   total 190464K, used 64663K [0x0000000705e00000, 0x0000000800000000)
  region size 2048K, 5 young (10240K), 5 survivors (10240K)
 Metaspace       used 31682K, committed 32256K, reserved 1114112K
  class space    used 3236K, committed 3520K, reserved 1048576K
}
Event: 6.175 GC heap before
{Heap before GC invocations=17 (full 0):
 garbage-first heap   total 190464K, used 154775K [0x0000000705e00000, 0x0000000800000000)
  region size 2048K, 50 young (102400K), 5 survivors (10240K)
 Metaspace       used 32205K, committed 32768K, reserved 1114112K
  class space    used 3279K, committed 3584K, reserved 1048576K
}
Event: 6.186 GC heap after
{Heap after GC invocations=18 (full 0):
 garbage-first heap   total 190464K, used 87404K [0x0000000705e00000, 0x0000000800000000)
  region size 2048K, 7 young (14336K), 7 survivors (14336K)
 Metaspace       used 32205K, committed 32768K, reserved 1114112K
  class space    used 3279K, committed 3584K, reserved 1048576K
}
Event: 6.499 GC heap before
{Heap before GC invocations=18 (full 0):
 garbage-first heap   total 190464K, used 148844K [0x0000000705e00000, 0x0000000800000000)
  region size 2048K, 37 young (75776K), 7 survivors (14336K)
 Metaspace       used 33351K, committed 33920K, reserved 1114112K
  class space    used 3421K, committed 3712K, reserved 1048576K
}
Event: 6.504 GC heap after
{Heap after GC invocations=19 (full 0):
 garbage-first heap   total 190464K, used 91060K [0x0000000705e00000, 0x0000000800000000)
  region size 2048K, 1 young (2048K), 1 survivors (2048K)
 Metaspace       used 33351K, committed 33920K, reserved 1114112K
  class space    used 3421K, committed 3712K, reserved 1048576K
}

Dll operation events (12 events):
Event: 0.004 Loaded shared library C:\Program Files\Java\jdk-19\bin\java.dll
Event: 0.009 Loaded shared library C:\Program Files\Java\jdk-19\bin\jsvml.dll
Event: 0.040 Loaded shared library C:\Program Files\Java\jdk-19\bin\zip.dll
Event: 0.041 Loaded shared library C:\Program Files\Java\jdk-19\bin\instrument.dll
Event: 0.045 Loaded shared library C:\Program Files\Java\jdk-19\bin\net.dll
Event: 0.046 Loaded shared library C:\Program Files\Java\jdk-19\bin\nio.dll
Event: 0.047 Loaded shared library C:\Program Files\Java\jdk-19\bin\zip.dll
Event: 0.058 Loaded shared library C:\Program Files\JetBrains\IntelliJ IDEA 2022.1.2\bin\breakgen64.dll
Event: 0.063 Loaded shared library C:\Program Files\Java\jdk-19\bin\extnet.dll
Event: 0.109 Loaded shared library C:\Program Files\Java\jdk-19\bin\jimage.dll
Event: 0.213 Loaded shared library C:\Users\99293\AppData\Local\Temp\jansi-2.4.0-d71f80d174495c3c-jansi.dll
Event: 0.219 Loaded shared library C:\Program Files\Java\jdk-19\bin\verify.dll

Deoptimization events (20 events):
Event: 6.590 Thread 0x00000232f6cf7000 DEOPT PACKING pc=0x00000232881c9ba0 sp=0x00000064be4fb420
Event: 6.590 Thread 0x00000232f6cf7000 DEOPT UNPACKING pc=0x00000232874b6da3 sp=0x00000064be4fb3e0 mode 2
Event: 6.591 Thread 0x00000232f6cf7000 Uncommon trap: trap_request=0xffffffde fr.pc=0x00000232880f391c relative=0x000000000000007c
Event: 6.591 Thread 0x00000232f6cf7000 Uncommon trap: reason=class_check action=maybe_recompile pc=0x00000232880f391c method=com.sun.tools.javac.code.Type.isInterface()Z @ 4 c2
Event: 6.591 Thread 0x00000232f6cf7000 DEOPT PACKING pc=0x00000232880f391c sp=0x00000064be4fc170
Event: 6.591 Thread 0x00000232f6cf7000 DEOPT UNPACKING pc=0x00000232874b6da3 sp=0x00000064be4fc0f8 mode 2
Event: 6.591 Thread 0x00000232f6cf7000 Uncommon trap: trap_request=0xffffffde fr.pc=0x00000232880f391c relative=0x000000000000007c
Event: 6.591 Thread 0x00000232f6cf7000 Uncommon trap: reason=class_check action=maybe_recompile pc=0x00000232880f391c method=com.sun.tools.javac.code.Type.isInterface()Z @ 4 c2
Event: 6.591 Thread 0x00000232f6cf7000 DEOPT PACKING pc=0x00000232880f391c sp=0x00000064be4fbf10
Event: 6.591 Thread 0x00000232f6cf7000 DEOPT UNPACKING pc=0x00000232874b6da3 sp=0x00000064be4fbe98 mode 2
Event: 6.594 Thread 0x00000232f6cf7000 Uncommon trap: trap_request=0xffffff45 fr.pc=0x000002328818c5e0 relative=0x0000000000000ae0
Event: 6.594 Thread 0x00000232f6cf7000 Uncommon trap: reason=unstable_if action=reinterpret pc=0x000002328818c5e0 method=com.sun.tools.javac.comp.Resolve.isAccessible(Lcom/sun/tools/javac/comp/Env;Lcom/sun/tools/javac/code/Type;Z)Z @ 35 c2
Event: 6.594 Thread 0x00000232f6cf7000 DEOPT PACKING pc=0x000002328818c5e0 sp=0x00000064be4fc610
Event: 6.594 Thread 0x00000232f6cf7000 DEOPT UNPACKING pc=0x00000232874b6da3 sp=0x00000064be4fc590 mode 2
Event: 6.598 Thread 0x00000232f6cf7000 Uncommon trap: trap_request=0xffffff45 fr.pc=0x00000232881629b8 relative=0x00000000000000d8
Event: 6.598 Thread 0x00000232f6cf7000 Uncommon trap: reason=unstable_if action=reinterpret pc=0x00000232881629b8 method=com.sun.tools.javac.comp.Resolve.isAccessible(Lcom/sun/tools/javac/comp/Env;Lcom/sun/tools/javac/code/Type;Z)Z @ 35 c2
Event: 6.598 Thread 0x00000232f6cf7000 DEOPT PACKING pc=0x00000232881629b8 sp=0x00000064be4fc5c0
Event: 6.598 Thread 0x00000232f6cf7000 DEOPT UNPACKING pc=0x00000232874b6da3 sp=0x00000064be4fc580 mode 2
Event: 6.610 Thread 0x00000232f6cf7000 DEOPT PACKING pc=0x0000023280956e83 sp=0x00000064be4fdc80
Event: 6.610 Thread 0x00000232f6cf7000 DEOPT UNPACKING pc=0x00000232874b7543 sp=0x00000064be4fd0f0 mode 0

Classes loaded (20 events):
Event: 4.475 Loading class java/util/EnumMap$EntryIterator$Entry
Event: 4.475 Loading class java/util/EnumMap$EntryIterator$Entry done
Event: 4.639 Loading class java/util/stream/ReduceOps$2
Event: 4.640 Loading class java/util/stream/ReduceOps$2 done
Event: 4.640 Loading class java/util/stream/ReduceOps$2ReducingSink
Event: 4.640 Loading class java/util/stream/ReduceOps$2ReducingSink done
Event: 4.655 Loading class java/io/DataOutputStream
Event: 4.655 Loading class java/io/DataOutputStream done
Event: 4.662 Loading class java/lang/invoke/MethodHandleImpl$CountingWrapper
Event: 4.662 Loading class java/lang/invoke/MethodHandleImpl$CountingWrapper done
Event: 5.030 Loading class java/lang/invoke/MethodHandleImpl$CountingWrapper$1
Event: 5.030 Loading class java/lang/invoke/MethodHandleImpl$CountingWrapper$1 done
Event: 5.589 Loading class java/util/EnumMap$Values
Event: 5.589 Loading class java/util/EnumMap$Values done
Event: 5.589 Loading class java/util/EnumMap$ValueIterator
Event: 5.589 Loading class java/util/EnumMap$ValueIterator done
Event: 5.592 Loading class java/util/WeakHashMap$KeyIterator
Event: 5.592 Loading class java/util/WeakHashMap$KeyIterator done
Event: 6.067 Loading class jdk/internal/module/IllegalAccessLogger
Event: 6.067 Loading class jdk/internal/module/IllegalAccessLogger done

Classes unloaded (0 events):
No events

Classes redefined (0 events):
No events

Internal exceptions (20 events):
Event: 6.619 Thread 0x00000232f6cf7000 Exception <a 'sun/nio/fs/WindowsException'{0x000000070e9a7ce0}> (0x000000070e9a7ce0) 
thrown [s\open\src\hotspot\share\prims\jni.cpp, line 517]
Event: 6.619 Thread 0x00000232f6cf7000 Exception <a 'sun/nio/fs/WindowsException'{0x000000070e9a8ce0}> (0x000000070e9a8ce0) 
thrown [s\open\src\hotspot\share\prims\jni.cpp, line 517]
Event: 6.633 Thread 0x00000232f6cf7000 Exception <a 'sun/nio/fs/WindowsException'{0x000000070e216c28}> (0x000000070e216c28) 
thrown [s\open\src\hotspot\share\prims\jni.cpp, line 517]
Event: 6.633 Thread 0x00000232f6cf7000 Exception <a 'sun/nio/fs/WindowsException'{0x000000070e2172e8}> (0x000000070e2172e8) 
thrown [s\open\src\hotspot\share\prims\jni.cpp, line 517]
Event: 6.633 Thread 0x00000232f6cf7000 Exception <a 'sun/nio/fs/WindowsException'{0x000000070e2180c8}> (0x000000070e2180c8) 
thrown [s\open\src\hotspot\share\prims\jni.cpp, line 517]
Event: 6.635 Thread 0x00000232f6cf7000 Exception <a 'sun/nio/fs/WindowsException'{0x000000070e28f280}> (0x000000070e28f280) 
thrown [s\open\src\hotspot\share\prims\jni.cpp, line 517]
Event: 6.635 Thread 0x00000232f6cf7000 Exception <a 'sun/nio/fs/WindowsException'{0x000000070e28f958}> (0x000000070e28f958) 
thrown [s\open\src\hotspot\share\prims\jni.cpp, line 517]
Event: 6.635 Thread 0x00000232f6cf7000 Exception <a 'sun/nio/fs/WindowsException'{0x000000070e290808}> (0x000000070e290808) 
thrown [s\open\src\hotspot\share\prims\jni.cpp, line 517]
Event: 6.637 Thread 0x00000232f6cf7000 Exception <a 'sun/nio/fs/WindowsException'{0x000000070e2c9160}> (0x000000070e2c9160) 
thrown [s\open\src\hotspot\share\prims\jni.cpp, line 517]
Event: 6.637 Thread 0x00000232f6cf7000 Exception <a 'sun/nio/fs/WindowsException'{0x000000070e2c9830}> (0x000000070e2c9830) 
thrown [s\open\src\hotspot\share\prims\jni.cpp, line 517]
Event: 6.637 Thread 0x00000232f6cf7000 Exception <a 'sun/nio/fs/WindowsException'{0x000000070e2ca698}> (0x000000070e2ca698) 
thrown [s\open\src\hotspot\share\prims\jni.cpp, line 517]
Event: 6.639 Thread 0x00000232f6cf7000 Exception <a 'sun/nio/fs/WindowsException'{0x000000070e322258}> (0x000000070e322258) 
thrown [s\open\src\hotspot\share\prims\jni.cpp, line 517]
Event: 6.639 Thread 0x00000232f6cf7000 Exception <a 'sun/nio/fs/WindowsException'{0x000000070e322928}> (0x000000070e322928) 
thrown [s\open\src\hotspot\share\prims\jni.cpp, line 517]
Event: 6.639 Thread 0x00000232f6cf7000 Exception <a 'sun/nio/fs/WindowsException'{0x000000070e323790}> (0x000000070e323790) 
thrown [s\open\src\hotspot\share\prims\jni.cpp, line 517]
Event: 6.644 Thread 0x00000232f6cf7000 Exception <a 'sun/nio/fs/WindowsException'{0x000000070e392798}> (0x000000070e392798) 
thrown [s\open\src\hotspot\share\prims\jni.cpp, line 517]
Event: 6.644 Thread 0x00000232f6cf7000 Exception <a 'sun/nio/fs/WindowsException'{0x000000070e392e68}> (0x000000070e392e68) 
thrown [s\open\src\hotspot\share\prims\jni.cpp, line 517]
Event: 6.644 Thread 0x00000232f6cf7000 Exception <a 'sun/nio/fs/WindowsException'{0x000000070e393cd0}> (0x000000070e393cd0) 
thrown [s\open\src\hotspot\share\prims\jni.cpp, line 517]
Event: 6.646 Thread 0x00000232f6cf7000 Exception <a 'sun/nio/fs/WindowsException'{0x000000070e3a2830}> (0x000000070e3a2830) 
thrown [s\open\src\hotspot\share\prims\jni.cpp, line 517]
Event: 6.646 Thread 0x00000232f6cf7000 Exception <a 'sun/nio/fs/WindowsException'{0x000000070e3a2f08}> (0x000000070e3a2f08) 
thrown [s\open\src\hotspot\share\prims\jni.cpp, line 517]
Event: 6.646 Thread 0x00000232f6cf7000 Exception <a 'sun/nio/fs/WindowsException'{0x000000070e3a3de0}> (0x000000070e3a3de0) 
thrown [s\open\src\hotspot\share\prims\jni.cpp, line 517]

VM Operations (20 events):
Event: 5.542 Executing VM operation: ICBufferFull
Event: 5.542 Executing VM operation: ICBufferFull done
Event: 5.546 Executing VM operation: HandshakeAllThreads
Event: 5.546 Executing VM operation: HandshakeAllThreads done
Event: 5.590 Executing VM operation: HandshakeAllThreads
Event: 5.590 Executing VM operation: HandshakeAllThreads done
Event: 5.695 Executing VM operation: G1CollectForAllocation
Event: 5.709 Executing VM operation: G1CollectForAllocation done
Event: 5.990 Executing VM operation: HandshakeAllThreads
Event: 5.990 Executing VM operation: HandshakeAllThreads done
Event: 6.029 Executing VM operation: HandshakeAllThreads
Event: 6.029 Executing VM operation: HandshakeAllThreads done
Event: 6.066 Executing VM operation: HandshakeAllThreads
Event: 6.066 Executing VM operation: HandshakeAllThreads done
Event: 6.175 Executing VM operation: G1CollectForAllocation
Event: 6.186 Executing VM operation: G1CollectForAllocation done
Event: 6.498 Executing VM operation: G1CollectForAllocation
Event: 6.504 Executing VM operation: G1CollectForAllocation done
Event: 6.611 Executing VM operation: ICBufferFull
Event: 6.611 Executing VM operation: ICBufferFull done

Events (20 events):
Event: 6.085 Thread 0x0000023299ed9070 flushing nmethod 0x000002328122db90
Event: 6.086 Thread 0x0000023299ed9070 flushing nmethod 0x0000023281254890
Event: 6.086 Thread 0x0000023299ed9070 flushing nmethod 0x000002328126ba90
Event: 6.086 Thread 0x0000023299ed9070 flushing nmethod 0x0000023281271590
Event: 6.086 Thread 0x0000023299ed9070 flushing nmethod 0x0000023281297390
Event: 6.087 Thread 0x0000023299ed9070 flushing nmethod 0x000002328132be90
Event: 6.087 Thread 0x0000023299ed9070 flushing nmethod 0x0000023281340590
Event: 6.087 Thread 0x0000023299ed9070 flushing nmethod 0x0000023281372210
Event: 6.087 Thread 0x0000023299ed9070 flushing nmethod 0x00000232813a4f90
Event: 6.087 Thread 0x0000023299ed9070 flushing nmethod 0x00000232813a5910
Event: 6.087 Thread 0x0000023299ed9070 flushing nmethod 0x00000232813d8810
Event: 6.088 Thread 0x0000023299ed9070 flushing nmethod 0x00000232813ea590
Event: 6.088 Thread 0x0000023299ed9070 flushing nmethod 0x00000232813f1910
Event: 6.088 Thread 0x0000023299ed9070 flushing nmethod 0x0000023281445e10
Event: 6.088 Thread 0x0000023299ed9070 flushing nmethod 0x0000023281470610
Event: 6.088 Thread 0x0000023299ed9070 flushing nmethod 0x0000023281472390
Event: 6.089 Thread 0x0000023299ed9070 flushing nmethod 0x00000232814c8b10
Event: 6.089 Thread 0x0000023299ed9070 flushing nmethod 0x00000232814d5b90
Event: 6.089 Thread 0x0000023299ed9070 flushing nmethod 0x00000232814d6c90
Event: 6.089 Thread 0x0000023299ed9070 flushing nmethod 0x00000232814e8d90


Dynamic libraries:
0x00007ff747c50000 - 0x00007ff747c60000 	C:\Program Files\Java\jdk-19\bin\java.exe
0x00007fff921b0000 - 0x00007fff923c4000 	C:\WINDOWS\SYSTEM32\ntdll.dll
0x00007fff90b00000 - 0x00007fff90bc4000 	C:\WINDOWS\System32\KERNEL32.DLL
0x00007fff8fb60000 - 0x00007fff8ff04000 	C:\WINDOWS\System32\KERNELBASE.dll
0x00007fff8f9d0000 - 0x00007fff8fae1000 	C:\WINDOWS\System32\ucrtbase.dll
0x00007fff7b5f0000 - 0x00007fff7b60b000 	C:\Program Files\Java\jdk-19\bin\VCRUNTIME140.dll
0x00007fff7a630000 - 0x00007fff7a648000 	C:\Program Files\Java\jdk-19\bin\jli.dll
0x00007fff912c0000 - 0x00007fff91370000 	C:\WINDOWS\System32\ADVAPI32.dll
0x00007fff90280000 - 0x00007fff90327000 	C:\WINDOWS\System32\msvcrt.dll
0x00007fff907b0000 - 0x00007fff90856000 	C:\WINDOWS\System32\sechost.dll
0x00007fff91120000 - 0x00007fff91237000 	C:\WINDOWS\System32\RPCRT4.dll
0x00007fff73ea0000 - 0x00007fff74133000 	C:\WINDOWS\WinSxS\amd64_microsoft.windows.common-controls_6595b64144ccf1df_6.0.22621.2215_none_270d72677387dfc3\COMCTL32.dll
0x00007fff91f90000 - 0x00007fff9213e000 	C:\WINDOWS\System32\USER32.dll
0x00007fff8f530000 - 0x00007fff8f556000 	C:\WINDOWS\System32\win32u.dll
0x00007fff90110000 - 0x00007fff90139000 	C:\WINDOWS\System32\GDI32.dll
0x00007fff8f8b0000 - 0x00007fff8f9c8000 	C:\WINDOWS\System32\gdi32full.dll
0x00007fff88070000 - 0x00007fff8807a000 	C:\WINDOWS\SYSTEM32\VERSION.dll
0x00007fff8f810000 - 0x00007fff8f8aa000 	C:\WINDOWS\System32\msvcp_win.dll
0x00007fff91720000 - 0x00007fff91751000 	C:\WINDOWS\System32\IMM32.DLL
0x00007fff85ec0000 - 0x00007fff85ecc000 	C:\Program Files\Java\jdk-19\bin\vcruntime140_1.dll
0x00007fff5e7c0000 - 0x00007fff5e84e000 	C:\Program Files\Java\jdk-19\bin\msvcp140.dll
0x00007fff20800000 - 0x00007fff214c0000 	C:\Program Files\Java\jdk-19\bin\server\jvm.dll
0x00007fff884e0000 - 0x00007fff88514000 	C:\WINDOWS\SYSTEM32\WINMM.dll
0x00007fff8a690000 - 0x00007fff8a699000 	C:\WINDOWS\SYSTEM32\WSOCK32.dll
0x00007fff91240000 - 0x00007fff912b1000 	C:\WINDOWS\System32\WS2_32.dll
0x00007fff8e670000 - 0x00007fff8e688000 	C:\WINDOWS\SYSTEM32\kernel.appcore.dll
0x00007fff84a70000 - 0x00007fff84a7a000 	C:\Program Files\Java\jdk-19\bin\jimage.dll
0x00007fff8cde0000 - 0x00007fff8d00e000 	C:\WINDOWS\SYSTEM32\DBGHELP.DLL
0x00007fff91390000 - 0x00007fff9171a000 	C:\WINDOWS\System32\combase.dll
0x00007fff90a20000 - 0x00007fff90af7000 	C:\WINDOWS\System32\OLEAUT32.dll
0x00007fff86130000 - 0x00007fff86162000 	C:\WINDOWS\SYSTEM32\dbgcore.DLL
0x00007fff8f790000 - 0x00007fff8f80a000 	C:\WINDOWS\System32\bcryptPrimitives.dll
0x00007fff75ff0000 - 0x00007fff75ffe000 	C:\Program Files\Java\jdk-19\bin\instrument.dll
0x00007fff79160000 - 0x00007fff79186000 	C:\Program Files\Java\jdk-19\bin\java.dll
0x00007fff51dd0000 - 0x00007fff51ea7000 	C:\Program Files\Java\jdk-19\bin\jsvml.dll
0x00007fff91760000 - 0x00007fff91f83000 	C:\WINDOWS\System32\SHELL32.dll
0x00007fff8d480000 - 0x00007fff8dd6a000 	C:\WINDOWS\SYSTEM32\windows.storage.dll
0x00007fff8d340000 - 0x00007fff8d47e000 	C:\WINDOWS\SYSTEM32\wintypes.dll
0x00007fff90e40000 - 0x00007fff90f33000 	C:\WINDOWS\System32\SHCORE.dll
0x00007fff90210000 - 0x00007fff9026e000 	C:\WINDOWS\System32\shlwapi.dll
0x00007fff8f460000 - 0x00007fff8f486000 	C:\WINDOWS\SYSTEM32\profapi.dll
0x00007fff75de0000 - 0x00007fff75df8000 	C:\Program Files\Java\jdk-19\bin\zip.dll
0x00007fff79070000 - 0x00007fff79083000 	C:\Program Files\Java\jdk-19\bin\net.dll
0x00007fff89b70000 - 0x00007fff89ca7000 	C:\WINDOWS\SYSTEM32\WINHTTP.dll
0x00007fff8eaf0000 - 0x00007fff8eb59000 	C:\WINDOWS\system32\mswsock.dll
0x00007fff75e00000 - 0x00007fff75e16000 	C:\Program Files\Java\jdk-19\bin\nio.dll
0x00007fff75d80000 - 0x00007fff75d9a000 	C:\Program Files\JetBrains\IntelliJ IDEA 2022.1.2\bin\breakgen64.dll
0x00007fff7c460000 - 0x00007fff7c468000 	C:\Program Files\Java\jdk-19\bin\extnet.dll
0x0000000069ac0000 - 0x0000000069ae4000 	C:\Users\99293\AppData\Local\Temp\jansi-2.4.0-d71f80d174495c3c-jansi.dll
0x00007fff7b350000 - 0x00007fff7b360000 	C:\Program Files\Java\jdk-19\bin\verify.dll

dbghelp: loaded successfully - version: 4.0.5 - missing functions: none
symbol engine: initialized successfully - sym options: 0x614 - pdb path: .;C:\Program Files\Java\jdk-19\bin;C:\WINDOWS\SYSTEM32;C:\WINDOWS\WinSxS\amd64_microsoft.windows.common-controls_6595b64144ccf1df_6.0.22621.2215_none_270d72677387dfc3;C:\Program Files\Java\jdk-19\bin\server;C:\Program Files\JetBrains\IntelliJ IDEA 2022.1.2\bin;C:\Users\99293\AppData\Local\Temp

VM Arguments:
jvm_args: -Dmaven.multiModuleProjectDirectory=D:\unitedStates duplicates original -Dmaven.home=C:\Users\99293\.m2\wrapper\dists\apache-maven-3.8.6-bin\1ks0nkde5v1pk9vtc31i9d0lcd\apache-maven-3.8.6 -Dclassworlds.conf=C:\Users\99293\.m2\wrapper\dists\apache-maven-3.8.6-bin\1ks0nkde5v1pk9vtc31i9d0lcd\apache-maven-3.8.6\bin\m2.conf -Dmaven.ext.class.path=C:\Program Files\JetBrains\IntelliJ IDEA 2022.1.2\plugins\maven\lib\maven-event-listener.jar -javaagent:C:\Program Files\JetBrains\IntelliJ IDEA 2022.1.2\lib\idea_rt.jar=60085:C:\Program Files\JetBrains\IntelliJ IDEA 2022.1.2\bin -Dfile.encoding=UTF-8 
java_command: org.codehaus.classworlds.Launcher -Didea.version=2022.1.2 package
java_class_path (initial): C:\Users\99293\.m2\wrapper\dists\apache-maven-3.8.6-bin\1ks0nkde5v1pk9vtc31i9d0lcd\apache-maven-3.8.6\boot\plexus-classworlds-2.6.0.jar;C:\Users\99293\.m2\wrapper\dists\apache-maven-3.8.6-bin\1ks0nkde5v1pk9vtc31i9d0lcd\apache-maven-3.8.6\boot\plexus-classworlds.license
Launcher Type: SUN_STANDARD

[Global flags]
     intx CICompilerCount                          = 12                                        {product} {ergonomic}
     uint ConcGCThreads                            = 3                                         {product} {ergonomic}
     uint G1ConcRefinementThreads                  = 13                                        {product} {ergonomic}
   size_t G1HeapRegionSize                         = 2097152                                   {product} {ergonomic}
    uintx GCDrainStackTargetSize                   = 64                                        {product} {ergonomic}
   size_t InitialHeapSize                          = 264241152                                 {product} {ergonomic}
   size_t MarkStackSize                            = 4194304                                   {product} {ergonomic}
   size_t MaxHeapSize                              = 4196401152                                {product} {ergonomic}
   size_t MaxNewSize                               = 2516582400                                {product} {ergonomic}
   size_t MinHeapDeltaBytes                        = 2097152                                   {product} {ergonomic}
   size_t MinHeapSize                              = 8388608                                   {product} {ergonomic}
    uintx NonNMethodCodeHeapSize                   = 7602480                                {pd product} {ergonomic}
    uintx NonProfiledCodeHeapSize                  = 122027880                              {pd product} {ergonomic}
    uintx ProfiledCodeHeapSize                     = 122027880                              {pd product} {ergonomic}
    uintx ReservedCodeCacheSize                    = 251658240                              {pd product} {ergonomic}
     bool SegmentedCodeCache                       = true                                      {product} {ergonomic}
   size_t SoftMaxHeapSize                          = 4196401152                             {manageable} {ergonomic}
     bool UseCompressedClassPointers               = true                           {product lp64_product} {ergonomic}
     bool UseCompressedOops                        = true                           {product lp64_product} {ergonomic}
     bool UseG1GC                                  = true                                      {product} {ergonomic}
     bool UseLargePagesIndividualAllocation        = false                                  {pd product} {ergonomic}

Logging:
Log output configuration:
 #0: stdout all=warning uptime,level,tags foldmultilines=false
 #1: stderr all=off uptime,level,tags foldmultilines=false

Environment Variables:
PATH=C:\Program Files\Common Files\Oracle\Java\javapath;C:\Windows\system32;C:\Windows;C:\Windows\System32\Wbem;C:\Windows\System32\WindowsPowerShell\v1.0\;C:\Windows\System32\OpenSSH\;C:\Program Files (x86)\NVIDIA Corporation\PhysX\Common;C:\Program Files\NVIDIA Corporation\NVIDIA NvDLISR;C:\Program Files\Git\cmd;C:\Program Files (x86)\dotnet\;%SystemRoot%\system32;%SystemRoot%;%SystemRoot%\System32\Wbem;%SYSTEMROOT%\System32\WindowsPowerShell\v1.0\;%SYSTEMROOT%\System32\OpenSSH\;C:\Users\99293\AppData\Local\Programs\Python\Python311\Scripts\;C:\Users\99293\AppData\Local\Programs\Python\Python311\;C:\Users\99293\AppData\Local\Microsoft\WindowsApps;;C:\Program Files\JetBrains\IntelliJ IDEA 2022.1.2\bin;;C:\Program Files\heroku\bin
USERNAME=ASUS
OS=Windows_NT
PROCESSOR_IDENTIFIER=Intel64 Family 6 Model 154 Stepping 3, GenuineIntel
TMP=C:\Users\99293\AppData\Local\Temp
TEMP=C:\Users\99293\AppData\Local\Temp



---------------  S Y S T E M  ---------------

OS:
 Windows 11 , 64 bit Build 22621 (10.0.22621.2215)
OS uptime: 2 days 0:34 hours
Hyper-V role detected

CPU: total 16 (initial active 16) (8 cores per cpu, 2 threads per core) family 6 model 154 stepping 3 microcode 0x41c, cx8, cmov, fxsr, ht, mmx, 3dnowpref, sse, sse2, sse3, ssse3, sse4.1, sse4.2, popcnt, lzcnt, tsc, tscinvbit, avx, avx2, aes, erms, clmul, bmi1, bmi2, adx, sha, fma, vzeroupper, clflush, clflushopt, clwb, hv, serialize, rdtscp, rdpid, fsrm

Memory: 4k page, system-wide physical 16005M (2268M free)
TotalPageFile size 18053M (AvailPageFile size 17M)
current process WorkingSet (physical memory assigned to process): 458M, peak: 468M
current process commit charge ("private bytes"): 506M, peak: 519M

vm_info: Java HotSpot(TM) 64-Bit Server VM (19.0.2+7-44) for windows-amd64 JRE (19.0.2+7-44), built on 2022-11-30T18:02:09Z by "mach5one" with MS VC++ 17.1 (VS2022)

END.
