#
# There is insufficient memory for the Java Runtime Environment to continue.
# Native memory allocation (mmap) failed to map 65011712 bytes for G1 virtual space
# Possible reasons:
#   The system is out of physical RAM or swap space
#   The process is running with CompressedOops enabled, and the Java Heap may be blocking the growth of the native heap
# Possible solutions:
#   Reduce memory load on the system
#   Increase physical memory or swap space
#   Check if swap backing store is full
#   Decrease Java heap size (-Xmx/-Xms)
#   Decrease number of Java threads
#   Decrease Java thread stack sizes (-Xss)
#   Set larger code cache with -XX:ReservedCodeCacheSize=
#   JVM is running with Zero Based Compressed Oops mode in which the Java heap is
#     placed in the first 32GB address space. The Java Heap base address is the
#     maximum limit for the native heap growth. Please use -XX:HeapBaseMinAddress
#     to set the Java Heap base and to place the Java Heap above 32GB virtual address.
# This output file may be truncated or incomplete.
#
#  Out of Memory Error (os_windows.cpp:3536), pid=20352, tid=21256
#
# JRE version: Java(TM) SE Runtime Environment (19.0.2+7) (build 19.0.2+7-44)
# Java VM: Java HotSpot(TM) 64-Bit Server VM (19.0.2+7-44, mixed mode, sharing, tiered, compressed oops, compressed class ptrs, g1 gc, windows-amd64)
# No core dump will be written. Minidumps are not enabled by default on client versions of Windows
#

---------------  S U M M A R Y ------------

Command Line: -javaagent:C:\Program Files\JetBrains\IntelliJ IDEA 2022.1.2\lib\idea_rt.jar=56117:C:\Program Files\JetBrains\IntelliJ IDEA 2022.1.2\bin -Dfile.encoding=UTF-8 unitted_states_of_mankind.BitcoinAlgo

Host: 12th Gen Intel(R) Core(TM) i7-12650H, 16 cores, 15G,  Windows 11 , 64 bit Build 22621 (10.0.22621.2506)
Time: Thu Dec 21 20:05:47 2023  Windows 11 , 64 bit Build 22621 (10.0.22621.2506) elapsed time: 2.103913 seconds (0d 0h 0m 2s)

---------------  T H R E A D  ---------------

Current thread (0x000001f5769b0480):  VMThread "VM Thread" [stack: 0x0000006c51800000,0x0000006c51900000] [id=21256]

Stack: [0x0000006c51800000,0x0000006c51900000]
Native frames: (J=compiled Java code, j=interpreted, Vv=VM code, C=native code)
V  [jvm.dll+0x6ee21a]
V  [jvm.dll+0x85765e]
V  [jvm.dll+0x85904e]
V  [jvm.dll+0x859703]
V  [jvm.dll+0x28298f]
V  [jvm.dll+0x6eb009]
V  [jvm.dll+0x6dfbaa]
V  [jvm.dll+0x3573f6]
V  [jvm.dll+0x35ee56]
V  [jvm.dll+0x3b541e]
V  [jvm.dll+0x3b564f]
V  [jvm.dll+0x32c9ea]
V  [jvm.dll+0x32ca97]
V  [jvm.dll+0x374cd2]
V  [jvm.dll+0x37340f]
V  [jvm.dll+0x32c210]
V  [jvm.dll+0x3729ab]
V  [jvm.dll+0x85ebc3]
V  [jvm.dll+0x85f989]
V  [jvm.dll+0x85febd]
V  [jvm.dll+0x86034b]
V  [jvm.dll+0x860407]
V  [jvm.dll+0x80125a]
V  [jvm.dll+0x6ecf0b]
C  [ucrtbase.dll+0x29363]
C  [KERNEL32.DLL+0x1257d]
C  [ntdll.dll+0x5aa58]

VM_Operation (0x0000006c512ff010): G1CollectForAllocation, mode: safepoint, requested by thread 0x000001f550fc8570


---------------  P R O C E S S  ---------------

Threads class SMR info:
_java_thread_list=0x000001f57b9deed0, length=20, elements={
0x000001f550fc8570, 0x000001f5769c5990, 0x000001f5769c6780, 0x000001f5769c98c0,
0x000001f5769cd410, 0x000001f5769cde20, 0x000001f5769ced10, 0x000001f5769d7370,
0x000001f5769e3c90, 0x000001f5769eaa70, 0x000001f57b0f5910, 0x000001f5769e0a80,
0x000001f5769e2be0, 0x000001f5769e1010, 0x000001f5769e4220, 0x000001f5769e15a0,
0x000001f57b7b3800, 0x000001f57b7b3d40, 0x000001f5769e1b30, 0x000001f5769e20c0
}

Java Threads: ( => current thread )
  0x000001f550fc8570 JavaThread "main" [_thread_blocked, id=20976, stack(0x0000006c51200000,0x0000006c51300000)]
  0x000001f5769c5990 JavaThread "Reference Handler" daemon [_thread_blocked, id=17280, stack(0x0000006c51900000,0x0000006c51a00000)]
  0x000001f5769c6780 JavaThread "Finalizer" daemon [_thread_blocked, id=9512, stack(0x0000006c51a00000,0x0000006c51b00000)]
  0x000001f5769c98c0 JavaThread "Signal Dispatcher" daemon [_thread_blocked, id=17464, stack(0x0000006c51b00000,0x0000006c51c00000)]
  0x000001f5769cd410 JavaThread "Attach Listener" daemon [_thread_blocked, id=10632, stack(0x0000006c51c00000,0x0000006c51d00000)]
  0x000001f5769cde20 JavaThread "Service Thread" daemon [_thread_blocked, id=3740, stack(0x0000006c51d00000,0x0000006c51e00000)]
  0x000001f5769ced10 JavaThread "Monitor Deflation Thread" daemon [_thread_blocked, id=15152, stack(0x0000006c51e00000,0x0000006c51f00000)]
  0x000001f5769d7370 JavaThread "C2 CompilerThread0" daemon [_thread_blocked, id=7004, stack(0x0000006c51f00000,0x0000006c52000000)]
  0x000001f5769e3c90 JavaThread "C1 CompilerThread0" daemon [_thread_blocked, id=13668, stack(0x0000006c52000000,0x0000006c52100000)]
  0x000001f5769eaa70 JavaThread "Sweeper thread" daemon [_thread_blocked, id=13212, stack(0x0000006c52100000,0x0000006c52200000)]
  0x000001f57b0f5910 JavaThread "Common-Cleaner" daemon [_thread_blocked, id=20324, stack(0x0000006c52200000,0x0000006c52300000)]
  0x000001f5769e0a80 JavaThread "C1 CompilerThread1" daemon [_thread_blocked, id=892, stack(0x0000006c52300000,0x0000006c52400000)]
  0x000001f5769e2be0 JavaThread "C1 CompilerThread2" daemon [_thread_blocked, id=16012, stack(0x0000006c52400000,0x0000006c52500000)]
  0x000001f5769e1010 JavaThread "C1 CompilerThread3" daemon [_thread_blocked, id=13148, stack(0x0000006c52500000,0x0000006c52600000)]
  0x000001f5769e4220 JavaThread "C2 CompilerThread1" daemon [_thread_blocked, id=776, stack(0x0000006c52600000,0x0000006c52700000)]
  0x000001f5769e15a0 JavaThread "C2 CompilerThread2" daemon [_thread_blocked, id=3996, stack(0x0000006c52700000,0x0000006c52800000)]
  0x000001f57b7b3800 JavaThread "Monitor Ctrl-Break" daemon [_thread_in_native, id=8340, stack(0x0000006c52800000,0x0000006c52900000)]
  0x000001f57b7b3d40 JavaThread "Notification Thread" daemon [_thread_blocked, id=20028, stack(0x0000006c52900000,0x0000006c52a00000)]
  0x000001f5769e1b30 JavaThread "C2 CompilerThread3" daemon [_thread_blocked, id=8864, stack(0x0000006c52b00000,0x0000006c52c00000)]
  0x000001f5769e20c0 JavaThread "C2 CompilerThread4" daemon [_thread_blocked, id=8512, stack(0x0000006c52c00000,0x0000006c52d00000)]

Other Threads:
=>0x000001f5769b0480 VMThread "VM Thread" [stack: 0x0000006c51800000,0x0000006c51900000] [id=21256]
  0x000001f57b51c3b0 WatcherThread "VM Periodic Task Thread" [stack: 0x0000006c52a00000,0x0000006c52b00000] [id=9516]
  0x000001f551039120 WorkerThread "GC Thread#0" [stack: 0x0000006c51300000,0x0000006c51400000] [id=8408]
  0x000001f57b9d6f90 WorkerThread "GC Thread#1" [stack: 0x0000006c52f00000,0x0000006c53000000] [id=18076]
  0x000001f57b9d7ad0 WorkerThread "GC Thread#2" [stack: 0x0000006c53000000,0x0000006c53100000] [id=20300]
  0x000001f57b9d69f0 WorkerThread "GC Thread#3" [stack: 0x0000006c53100000,0x0000006c53200000] [id=5180]
  0x000001f57b9d7260 WorkerThread "GC Thread#4" [stack: 0x0000006c53200000,0x0000006c53300000] [id=16100]
  0x000001f57b9d6450 WorkerThread "GC Thread#5" [stack: 0x0000006c53300000,0x0000006c53400000] [id=16612]
  0x000001f57b9d7800 WorkerThread "GC Thread#6" [stack: 0x0000006c52d00000,0x0000006c52e00000] [id=7748]
  0x000001f551049c30 ConcurrentGCThread "G1 Main Marker" [stack: 0x0000006c51400000,0x0000006c51500000] [id=5224]
  0x000001f55104a660 WorkerThread "G1 Conc#0" [stack: 0x0000006c51500000,0x0000006c51600000] [id=10092]
  0x000001f5768695a0 ConcurrentGCThread "G1 Refine#0" [stack: 0x0000006c51600000,0x0000006c51700000] [id=2976]
  0x000001f57686a0e0 ConcurrentGCThread "G1 Service" [stack: 0x0000006c51700000,0x0000006c51800000] [id=9588]

Threads with active compile tasks:

VM state: at safepoint (normal execution)

VM Mutex/Monitor currently owned by a thread:  ([mutex/lock_event])
[0x000001f550fc4530] Threads_lock - owner thread: 0x000001f5769b0480
[0x000001f550fc4890] Heap_lock - owner thread: 0x000001f550fc8570

Heap address: 0x0000000705e00000, size: 4002 MB, Compressed Oops mode: Zero based, Oop shift amount: 3

CDS archive(s) mapped at: [0x0000000800000000-0x0000000800c40000-0x0000000800c40000), size 12845056, SharedBaseAddress: 0x0000000800000000, ArchiveRelocationMode: 0.
Compressed class space mapped at: 0x0000000801000000-0x0000000841000000, reserved size: 1073741824
Narrow klass base: 0x0000000800000000, Narrow klass shift: 0, Narrow klass range: 0x100000000

GC Precious Log:
 CardTable entry size: 512
 Card Set container configuration: InlinePtr #cards 4 size 8 Array Of Cards #cards 16 size 48 Howl #buckets 8 coarsen threshold 3686 Howl Bitmap #cards 512 size 80 coarsen threshold 460 Card regions per heap region 1 cards per card region 4096
 CPUs: 16 total, 16 available
 Memory: 16005M
 Large Page Support: Disabled
 NUMA Support: Disabled
 Compressed Oops: Enabled (Zero based)
 Heap Region Size: 2M
 Heap Min Capacity: 8M
 Heap Initial Capacity: 252M
 Heap Max Capacity: 4002M
 Pre-touch: Disabled
 Parallel Workers: 13
 Concurrent Workers: 3
 Concurrent Refinement Workers: 13
 Periodic GC: Disabled

Heap:
 garbage-first heap   total 311296K, used 7443K [0x0000000705e00000, 0x0000000800000000)
  region size 2048K, 1 young (2048K), 1 survivors (2048K)
 Metaspace       used 2017K, committed 2176K, reserved 1114112K
  class space    used 145K, committed 256K, reserved 1048576K

Heap Regions: E=young(eden), S=young(survivor), O=old, HS=humongous(starts), HC=humongous(continues), CS=collection set, F=free, OA=open archive, CA=closed archive, TAMS=top-at-mark-start (previous, next)
|   0|0x0000000705e00000, 0x0000000706000000, 0x0000000706000000|100%| O|  |TAMS 0x0000000705e00000, 0x0000000705e00000| Untracked 
|   1|0x0000000706000000, 0x0000000706200000, 0x0000000706200000|100%| O|  |TAMS 0x0000000706000000, 0x0000000706000000| Untracked 
|   2|0x0000000706200000, 0x0000000706400000, 0x0000000706400000|100%| O|  |TAMS 0x0000000706200000, 0x0000000706200000| Untracked 
|   3|0x0000000706400000, 0x0000000706486e00, 0x0000000706600000| 26%| O|  |TAMS 0x0000000706400000, 0x0000000706400000| Untracked 
|   4|0x0000000706600000, 0x0000000706600000, 0x0000000706800000|  0%| F|  |TAMS 0x0000000706600000, 0x0000000706600000| Untracked 
|   5|0x0000000706800000, 0x0000000706800000, 0x0000000706a00000|  0%| F|  |TAMS 0x0000000706800000, 0x0000000706800000| Untracked 
|   6|0x0000000706a00000, 0x0000000706a00000, 0x0000000706c00000|  0%| F|  |TAMS 0x0000000706a00000, 0x0000000706a00000| Untracked 
|   7|0x0000000706c00000, 0x0000000706c00000, 0x0000000706e00000|  0%| F|  |TAMS 0x0000000706c00000, 0x0000000706c00000| Untracked 
|   8|0x0000000706e00000, 0x0000000706e00000, 0x0000000707000000|  0%| F|  |TAMS 0x0000000706e00000, 0x0000000706e00000| Untracked 
|   9|0x0000000707000000, 0x0000000707000000, 0x0000000707200000|  0%| F|  |TAMS 0x0000000707000000, 0x0000000707000000| Untracked 
|  10|0x0000000707200000, 0x0000000707200000, 0x0000000707400000|  0%| F|  |TAMS 0x0000000707200000, 0x0000000707200000| Untracked 
|  11|0x0000000707400000, 0x0000000707400000, 0x0000000707600000|  0%| F|  |TAMS 0x0000000707400000, 0x0000000707400000| Untracked 
|  12|0x0000000707600000, 0x0000000707600000, 0x0000000707800000|  0%| F|  |TAMS 0x0000000707600000, 0x0000000707600000| Untracked 
|  13|0x0000000707800000, 0x0000000707800000, 0x0000000707a00000|  0%| F|  |TAMS 0x0000000707800000, 0x0000000707800000| Untracked 
|  14|0x0000000707a00000, 0x0000000707a00000, 0x0000000707c00000|  0%| F|  |TAMS 0x0000000707a00000, 0x0000000707a00000| Untracked 
|  15|0x0000000707c00000, 0x0000000707c00000, 0x0000000707e00000|  0%| F|  |TAMS 0x0000000707c00000, 0x0000000707c00000| Untracked 
|  16|0x0000000707e00000, 0x0000000707e00000, 0x0000000708000000|  0%| F|  |TAMS 0x0000000707e00000, 0x0000000707e00000| Untracked 
|  17|0x0000000708000000, 0x0000000708000000, 0x0000000708200000|  0%| F|  |TAMS 0x0000000708000000, 0x0000000708000000| Untracked 
|  18|0x0000000708200000, 0x0000000708200000, 0x0000000708400000|  0%| F|  |TAMS 0x0000000708200000, 0x0000000708200000| Untracked 
|  19|0x0000000708400000, 0x0000000708400000, 0x0000000708600000|  0%| F|  |TAMS 0x0000000708400000, 0x0000000708400000| Untracked 
|  20|0x0000000708600000, 0x0000000708600000, 0x0000000708800000|  0%| F|  |TAMS 0x0000000708600000, 0x0000000708600000| Untracked 
|  21|0x0000000708800000, 0x0000000708800000, 0x0000000708a00000|  0%| F|  |TAMS 0x0000000708800000, 0x0000000708800000| Untracked 
|  22|0x0000000708a00000, 0x0000000708a00000, 0x0000000708c00000|  0%| F|  |TAMS 0x0000000708a00000, 0x0000000708a00000| Untracked 
|  23|0x0000000708c00000, 0x0000000708c00000, 0x0000000708e00000|  0%| F|  |TAMS 0x0000000708c00000, 0x0000000708c00000| Untracked 
|  24|0x0000000708e00000, 0x0000000708e00000, 0x0000000709000000|  0%| F|  |TAMS 0x0000000708e00000, 0x0000000708e00000| Untracked 
|  25|0x0000000709000000, 0x0000000709000000, 0x0000000709200000|  0%| F|  |TAMS 0x0000000709000000, 0x0000000709000000| Untracked 
|  26|0x0000000709200000, 0x0000000709200000, 0x0000000709400000|  0%| F|  |TAMS 0x0000000709200000, 0x0000000709200000| Untracked 
|  27|0x0000000709400000, 0x0000000709400000, 0x0000000709600000|  0%| F|  |TAMS 0x0000000709400000, 0x0000000709400000| Untracked 
|  28|0x0000000709600000, 0x0000000709600000, 0x0000000709800000|  0%| F|  |TAMS 0x0000000709600000, 0x0000000709600000| Untracked 
|  29|0x0000000709800000, 0x0000000709800000, 0x0000000709a00000|  0%| F|  |TAMS 0x0000000709800000, 0x0000000709800000| Untracked 
|  30|0x0000000709a00000, 0x0000000709a00000, 0x0000000709c00000|  0%| F|  |TAMS 0x0000000709a00000, 0x0000000709a00000| Untracked 
|  31|0x0000000709c00000, 0x0000000709c00000, 0x0000000709e00000|  0%| F|  |TAMS 0x0000000709c00000, 0x0000000709c00000| Untracked 
|  32|0x0000000709e00000, 0x0000000709e00000, 0x000000070a000000|  0%| F|  |TAMS 0x0000000709e00000, 0x0000000709e00000| Untracked 
|  33|0x000000070a000000, 0x000000070a000000, 0x000000070a200000|  0%| F|  |TAMS 0x000000070a000000, 0x000000070a000000| Untracked 
|  34|0x000000070a200000, 0x000000070a200000, 0x000000070a400000|  0%| F|  |TAMS 0x000000070a200000, 0x000000070a200000| Untracked 
|  35|0x000000070a400000, 0x000000070a400000, 0x000000070a600000|  0%| F|  |TAMS 0x000000070a400000, 0x000000070a400000| Untracked 
|  36|0x000000070a600000, 0x000000070a600000, 0x000000070a800000|  0%| F|  |TAMS 0x000000070a600000, 0x000000070a600000| Untracked 
|  37|0x000000070a800000, 0x000000070a800000, 0x000000070aa00000|  0%| F|  |TAMS 0x000000070a800000, 0x000000070a800000| Untracked 
|  38|0x000000070aa00000, 0x000000070aa00000, 0x000000070ac00000|  0%| F|  |TAMS 0x000000070aa00000, 0x000000070aa00000| Untracked 
|  39|0x000000070ac00000, 0x000000070ac00000, 0x000000070ae00000|  0%| F|  |TAMS 0x000000070ac00000, 0x000000070ac00000| Untracked 
|  40|0x000000070ae00000, 0x000000070ae00000, 0x000000070b000000|  0%| F|  |TAMS 0x000000070ae00000, 0x000000070ae00000| Untracked 
|  41|0x000000070b000000, 0x000000070b000000, 0x000000070b200000|  0%| F|  |TAMS 0x000000070b000000, 0x000000070b000000| Untracked 
|  42|0x000000070b200000, 0x000000070b200000, 0x000000070b400000|  0%| F|  |TAMS 0x000000070b200000, 0x000000070b200000| Untracked 
|  43|0x000000070b400000, 0x000000070b400000, 0x000000070b600000|  0%| F|  |TAMS 0x000000070b400000, 0x000000070b400000| Untracked 
|  44|0x000000070b600000, 0x000000070b600000, 0x000000070b800000|  0%| F|  |TAMS 0x000000070b600000, 0x000000070b600000| Untracked 
|  45|0x000000070b800000, 0x000000070b800000, 0x000000070ba00000|  0%| F|  |TAMS 0x000000070b800000, 0x000000070b800000| Untracked 
|  46|0x000000070ba00000, 0x000000070ba00000, 0x000000070bc00000|  0%| F|  |TAMS 0x000000070ba00000, 0x000000070ba00000| Untracked 
|  47|0x000000070bc00000, 0x000000070bc00000, 0x000000070be00000|  0%| F|  |TAMS 0x000000070bc00000, 0x000000070bc00000| Untracked 
|  48|0x000000070be00000, 0x000000070be00000, 0x000000070c000000|  0%| F|  |TAMS 0x000000070be00000, 0x000000070be00000| Untracked 
|  49|0x000000070c000000, 0x000000070c000000, 0x000000070c200000|  0%| F|  |TAMS 0x000000070c000000, 0x000000070c000000| Untracked 
|  50|0x000000070c200000, 0x000000070c200000, 0x000000070c400000|  0%| F|  |TAMS 0x000000070c200000, 0x000000070c200000| Untracked 
|  51|0x000000070c400000, 0x000000070c400000, 0x000000070c600000|  0%| F|  |TAMS 0x000000070c400000, 0x000000070c400000| Untracked 
|  52|0x000000070c600000, 0x000000070c600000, 0x000000070c800000|  0%| F|  |TAMS 0x000000070c600000, 0x000000070c600000| Untracked 
|  53|0x000000070c800000, 0x000000070c800000, 0x000000070ca00000|  0%| F|  |TAMS 0x000000070c800000, 0x000000070c800000| Untracked 
|  54|0x000000070ca00000, 0x000000070ca00000, 0x000000070cc00000|  0%| F|  |TAMS 0x000000070ca00000, 0x000000070ca00000| Untracked 
|  55|0x000000070cc00000, 0x000000070cc00000, 0x000000070ce00000|  0%| F|  |TAMS 0x000000070cc00000, 0x000000070cc00000| Untracked 
|  56|0x000000070ce00000, 0x000000070ce00000, 0x000000070d000000|  0%| F|  |TAMS 0x000000070ce00000, 0x000000070ce00000| Untracked 
|  57|0x000000070d000000, 0x000000070d000000, 0x000000070d200000|  0%| F|  |TAMS 0x000000070d000000, 0x000000070d000000| Untracked 
|  58|0x000000070d200000, 0x000000070d200000, 0x000000070d400000|  0%| F|  |TAMS 0x000000070d200000, 0x000000070d200000| Untracked 
|  59|0x000000070d400000, 0x000000070d400000, 0x000000070d600000|  0%| F|  |TAMS 0x000000070d400000, 0x000000070d400000| Untracked 
|  60|0x000000070d600000, 0x000000070d6bde70, 0x000000070d800000| 37%| S|CS|TAMS 0x000000070d600000, 0x000000070d600000| Complete 
|  61|0x000000070d800000, 0x000000070d800000, 0x000000070da00000|  0%| F|  |TAMS 0x000000070d800000, 0x000000070d800000| Untracked 
|  62|0x000000070da00000, 0x000000070da00000, 0x000000070dc00000|  0%| F|  |TAMS 0x000000070da00000, 0x000000070da00000| Untracked 
|  63|0x000000070dc00000, 0x000000070dc00000, 0x000000070de00000|  0%| F|  |TAMS 0x000000070dc00000, 0x000000070dc00000| Untracked 
|  64|0x000000070de00000, 0x000000070de00000, 0x000000070e000000|  0%| F|  |TAMS 0x000000070de00000, 0x000000070de00000| Untracked 
|  65|0x000000070e000000, 0x000000070e000000, 0x000000070e200000|  0%| F|  |TAMS 0x000000070e000000, 0x000000070e000000| Untracked 
|  66|0x000000070e200000, 0x000000070e200000, 0x000000070e400000|  0%| F|  |TAMS 0x000000070e200000, 0x000000070e200000| Untracked 
|  67|0x000000070e400000, 0x000000070e400000, 0x000000070e600000|  0%| F|  |TAMS 0x000000070e400000, 0x000000070e400000| Untracked 
|  68|0x000000070e600000, 0x000000070e600000, 0x000000070e800000|  0%| F|  |TAMS 0x000000070e600000, 0x000000070e600000| Untracked 
|  69|0x000000070e800000, 0x000000070e800000, 0x000000070ea00000|  0%| F|  |TAMS 0x000000070e800000, 0x000000070e800000| Untracked 
|  70|0x000000070ea00000, 0x000000070ea00000, 0x000000070ec00000|  0%| F|  |TAMS 0x000000070ea00000, 0x000000070ea00000| Untracked 
|  71|0x000000070ec00000, 0x000000070ec00000, 0x000000070ee00000|  0%| F|  |TAMS 0x000000070ec00000, 0x000000070ec00000| Untracked 
|  72|0x000000070ee00000, 0x000000070ee00000, 0x000000070f000000|  0%| F|  |TAMS 0x000000070ee00000, 0x000000070ee00000| Untracked 
|  73|0x000000070f000000, 0x000000070f000000, 0x000000070f200000|  0%| F|  |TAMS 0x000000070f000000, 0x000000070f000000| Untracked 
|  74|0x000000070f200000, 0x000000070f200000, 0x000000070f400000|  0%| F|  |TAMS 0x000000070f200000, 0x000000070f200000| Untracked 
|  75|0x000000070f400000, 0x000000070f400000, 0x000000070f600000|  0%| F|  |TAMS 0x000000070f400000, 0x000000070f400000| Untracked 
|  76|0x000000070f600000, 0x000000070f600000, 0x000000070f800000|  0%| F|  |TAMS 0x000000070f600000, 0x000000070f600000| Untracked 
|  77|0x000000070f800000, 0x000000070f800000, 0x000000070fa00000|  0%| F|  |TAMS 0x000000070f800000, 0x000000070f800000| Untracked 
|  78|0x000000070fa00000, 0x000000070fa00000, 0x000000070fc00000|  0%| F|  |TAMS 0x000000070fa00000, 0x000000070fa00000| Untracked 
|  79|0x000000070fc00000, 0x000000070fc00000, 0x000000070fe00000|  0%| F|  |TAMS 0x000000070fc00000, 0x000000070fc00000| Untracked 
|  80|0x000000070fe00000, 0x000000070fe00000, 0x0000000710000000|  0%| F|  |TAMS 0x000000070fe00000, 0x000000070fe00000| Untracked 
|  81|0x0000000710000000, 0x0000000710000000, 0x0000000710200000|  0%| F|  |TAMS 0x0000000710000000, 0x0000000710000000| Untracked 
|  82|0x0000000710200000, 0x0000000710200000, 0x0000000710400000|  0%| F|  |TAMS 0x0000000710200000, 0x0000000710200000| Untracked 
|  83|0x0000000710400000, 0x0000000710400000, 0x0000000710600000|  0%| F|  |TAMS 0x0000000710400000, 0x0000000710400000| Untracked 
|  84|0x0000000710600000, 0x0000000710600000, 0x0000000710800000|  0%| F|  |TAMS 0x0000000710600000, 0x0000000710600000| Untracked 
|  85|0x0000000710800000, 0x0000000710800000, 0x0000000710a00000|  0%| F|  |TAMS 0x0000000710800000, 0x0000000710800000| Untracked 
|  86|0x0000000710a00000, 0x0000000710a00000, 0x0000000710c00000|  0%| F|  |TAMS 0x0000000710a00000, 0x0000000710a00000| Untracked 
|  87|0x0000000710c00000, 0x0000000710c00000, 0x0000000710e00000|  0%| F|  |TAMS 0x0000000710c00000, 0x0000000710c00000| Untracked 
|  88|0x0000000710e00000, 0x0000000710e00000, 0x0000000711000000|  0%| F|  |TAMS 0x0000000710e00000, 0x0000000710e00000| Untracked 
|  89|0x0000000711000000, 0x0000000711000000, 0x0000000711200000|  0%| F|  |TAMS 0x0000000711000000, 0x0000000711000000| Untracked 
|  90|0x0000000711200000, 0x0000000711200000, 0x0000000711400000|  0%| F|  |TAMS 0x0000000711200000, 0x0000000711200000| Untracked 
|  91|0x0000000711400000, 0x0000000711400000, 0x0000000711600000|  0%| F|  |TAMS 0x0000000711400000, 0x0000000711400000| Untracked 
|  92|0x0000000711600000, 0x0000000711600000, 0x0000000711800000|  0%| F|  |TAMS 0x0000000711600000, 0x0000000711600000| Untracked 
|  93|0x0000000711800000, 0x0000000711800000, 0x0000000711a00000|  0%| F|  |TAMS 0x0000000711800000, 0x0000000711800000| Untracked 
|  94|0x0000000711a00000, 0x0000000711a00000, 0x0000000711c00000|  0%| F|  |TAMS 0x0000000711a00000, 0x0000000711a00000| Untracked 
|  95|0x0000000711c00000, 0x0000000711c00000, 0x0000000711e00000|  0%| F|  |TAMS 0x0000000711c00000, 0x0000000711c00000| Untracked 
|  96|0x0000000711e00000, 0x0000000711e00000, 0x0000000712000000|  0%| F|  |TAMS 0x0000000711e00000, 0x0000000711e00000| Untracked 
|  97|0x0000000712000000, 0x0000000712000000, 0x0000000712200000|  0%| F|  |TAMS 0x0000000712000000, 0x0000000712000000| Untracked 
|  98|0x0000000712200000, 0x0000000712200000, 0x0000000712400000|  0%| F|  |TAMS 0x0000000712200000, 0x0000000712200000| Untracked 
|  99|0x0000000712400000, 0x0000000712400000, 0x0000000712600000|  0%| F|  |TAMS 0x0000000712400000, 0x0000000712400000| Untracked 
| 100|0x0000000712600000, 0x0000000712600000, 0x0000000712800000|  0%| F|  |TAMS 0x0000000712600000, 0x0000000712600000| Untracked 
| 101|0x0000000712800000, 0x0000000712800000, 0x0000000712a00000|  0%| F|  |TAMS 0x0000000712800000, 0x0000000712800000| Untracked 
| 102|0x0000000712a00000, 0x0000000712a00000, 0x0000000712c00000|  0%| F|  |TAMS 0x0000000712a00000, 0x0000000712a00000| Untracked 
| 103|0x0000000712c00000, 0x0000000712c00000, 0x0000000712e00000|  0%| F|  |TAMS 0x0000000712c00000, 0x0000000712c00000| Untracked 
| 104|0x0000000712e00000, 0x0000000712e00000, 0x0000000713000000|  0%| F|  |TAMS 0x0000000712e00000, 0x0000000712e00000| Untracked 
| 105|0x0000000713000000, 0x0000000713000000, 0x0000000713200000|  0%| F|  |TAMS 0x0000000713000000, 0x0000000713000000| Untracked 
| 106|0x0000000713200000, 0x0000000713200000, 0x0000000713400000|  0%| F|  |TAMS 0x0000000713200000, 0x0000000713200000| Untracked 
| 107|0x0000000713400000, 0x0000000713400000, 0x0000000713600000|  0%| F|  |TAMS 0x0000000713400000, 0x0000000713400000| Untracked 
| 108|0x0000000713600000, 0x0000000713600000, 0x0000000713800000|  0%| F|  |TAMS 0x0000000713600000, 0x0000000713600000| Untracked 
| 109|0x0000000713800000, 0x0000000713800000, 0x0000000713a00000|  0%| F|  |TAMS 0x0000000713800000, 0x0000000713800000| Untracked 
| 110|0x0000000713a00000, 0x0000000713a00000, 0x0000000713c00000|  0%| F|  |TAMS 0x0000000713a00000, 0x0000000713a00000| Untracked 
| 111|0x0000000713c00000, 0x0000000713c00000, 0x0000000713e00000|  0%| F|  |TAMS 0x0000000713c00000, 0x0000000713c00000| Untracked 
| 112|0x0000000713e00000, 0x0000000713e00000, 0x0000000714000000|  0%| F|  |TAMS 0x0000000713e00000, 0x0000000713e00000| Untracked 
| 113|0x0000000714000000, 0x0000000714000000, 0x0000000714200000|  0%| F|  |TAMS 0x0000000714000000, 0x0000000714000000| Untracked 
| 114|0x0000000714200000, 0x0000000714200000, 0x0000000714400000|  0%| F|  |TAMS 0x0000000714200000, 0x0000000714200000| Untracked 
| 115|0x0000000714400000, 0x0000000714400000, 0x0000000714600000|  0%| F|  |TAMS 0x0000000714400000, 0x0000000714400000| Untracked 
| 116|0x0000000714600000, 0x0000000714600000, 0x0000000714800000|  0%| F|  |TAMS 0x0000000714600000, 0x0000000714600000| Untracked 
| 117|0x0000000714800000, 0x0000000714800000, 0x0000000714a00000|  0%| F|  |TAMS 0x0000000714800000, 0x0000000714800000| Untracked 
| 118|0x0000000714a00000, 0x0000000714a00000, 0x0000000714c00000|  0%| F|  |TAMS 0x0000000714a00000, 0x0000000714a00000| Untracked 
| 119|0x0000000714c00000, 0x0000000714c00000, 0x0000000714e00000|  0%| F|  |TAMS 0x0000000714c00000, 0x0000000714c00000| Untracked 
| 120|0x0000000714e00000, 0x0000000714e00000, 0x0000000715000000|  0%| F|  |TAMS 0x0000000714e00000, 0x0000000714e00000| Untracked 
| 121|0x0000000715000000, 0x0000000715000000, 0x0000000715200000|  0%| F|  |TAMS 0x0000000715000000, 0x0000000715000000| Untracked 
| 122|0x0000000715200000, 0x0000000715200000, 0x0000000715400000|  0%| F|  |TAMS 0x0000000715200000, 0x0000000715200000| Untracked 
| 123|0x0000000715400000, 0x0000000715400000, 0x0000000715600000|  0%| F|  |TAMS 0x0000000715400000, 0x0000000715400000| Untracked 
| 124|0x0000000715600000, 0x0000000715600000, 0x0000000715800000|  0%| F|  |TAMS 0x0000000715600000, 0x0000000715600000| Untracked 
| 125|0x0000000715800000, 0x0000000715800000, 0x0000000715a00000|  0%| F|  |TAMS 0x0000000715800000, 0x0000000715800000| Untracked 
| 126|0x0000000715a00000, 0x0000000715a00000, 0x0000000715c00000|  0%| F|  |TAMS 0x0000000715a00000, 0x0000000715a00000| Untracked 
| 127|0x0000000715c00000, 0x0000000715c00000, 0x0000000715e00000|  0%| F|  |TAMS 0x0000000715c00000, 0x0000000715c00000| Untracked 
| 128|0x0000000715e00000, 0x0000000715e00000, 0x0000000716000000|  0%| F|  |TAMS 0x0000000715e00000, 0x0000000715e00000| Untracked 
| 129|0x0000000716000000, 0x0000000716000000, 0x0000000716200000|  0%| F|  |TAMS 0x0000000716000000, 0x0000000716000000| Untracked 
| 130|0x0000000716200000, 0x0000000716200000, 0x0000000716400000|  0%| F|  |TAMS 0x0000000716200000, 0x0000000716200000| Untracked 
| 131|0x0000000716400000, 0x0000000716400000, 0x0000000716600000|  0%| F|  |TAMS 0x0000000716400000, 0x0000000716400000| Untracked 
| 132|0x0000000716600000, 0x0000000716600000, 0x0000000716800000|  0%| F|  |TAMS 0x0000000716600000, 0x0000000716600000| Untracked 
| 133|0x0000000716800000, 0x0000000716800000, 0x0000000716a00000|  0%| F|  |TAMS 0x0000000716800000, 0x0000000716800000| Untracked 
| 134|0x0000000716a00000, 0x0000000716a00000, 0x0000000716c00000|  0%| F|  |TAMS 0x0000000716a00000, 0x0000000716a00000| Untracked 
| 135|0x0000000716c00000, 0x0000000716c00000, 0x0000000716e00000|  0%| F|  |TAMS 0x0000000716c00000, 0x0000000716c00000| Untracked 
| 136|0x0000000716e00000, 0x0000000716e00000, 0x0000000717000000|  0%| F|  |TAMS 0x0000000716e00000, 0x0000000716e00000| Untracked 
| 137|0x0000000717000000, 0x0000000717000000, 0x0000000717200000|  0%| F|  |TAMS 0x0000000717000000, 0x0000000717000000| Untracked 
| 138|0x0000000717200000, 0x0000000717200000, 0x0000000717400000|  0%| F|  |TAMS 0x0000000717200000, 0x0000000717200000| Untracked 
| 139|0x0000000717400000, 0x0000000717400000, 0x0000000717600000|  0%| F|  |TAMS 0x0000000717400000, 0x0000000717400000| Untracked 
| 140|0x0000000717600000, 0x0000000717600000, 0x0000000717800000|  0%| F|  |TAMS 0x0000000717600000, 0x0000000717600000| Untracked 
| 141|0x0000000717800000, 0x0000000717800000, 0x0000000717a00000|  0%| F|  |TAMS 0x0000000717800000, 0x0000000717800000| Untracked 
| 142|0x0000000717a00000, 0x0000000717a00000, 0x0000000717c00000|  0%| F|  |TAMS 0x0000000717a00000, 0x0000000717a00000| Untracked 
| 143|0x0000000717c00000, 0x0000000717c00000, 0x0000000717e00000|  0%| F|  |TAMS 0x0000000717c00000, 0x0000000717c00000| Untracked 
| 144|0x0000000717e00000, 0x0000000717e00000, 0x0000000718000000|  0%| F|  |TAMS 0x0000000717e00000, 0x0000000717e00000| Untracked 
| 145|0x0000000718000000, 0x0000000718000000, 0x0000000718200000|  0%| F|  |TAMS 0x0000000718000000, 0x0000000718000000| Untracked 
| 146|0x0000000718200000, 0x0000000718200000, 0x0000000718400000|  0%| F|  |TAMS 0x0000000718200000, 0x0000000718200000| Untracked 
| 147|0x0000000718400000, 0x0000000718400000, 0x0000000718600000|  0%| F|  |TAMS 0x0000000718400000, 0x0000000718400000| Untracked 
| 148|0x0000000718600000, 0x0000000718600000, 0x0000000718800000|  0%| F|  |TAMS 0x0000000718600000, 0x0000000718600000| Untracked 
| 149|0x0000000718800000, 0x0000000718800000, 0x0000000718a00000|  0%| F|  |TAMS 0x0000000718800000, 0x0000000718800000| Untracked 
| 150|0x0000000718a00000, 0x0000000718a00000, 0x0000000718c00000|  0%| F|  |TAMS 0x0000000718a00000, 0x0000000718a00000| Untracked 
| 151|0x0000000718c00000, 0x0000000718c00000, 0x0000000718e00000|  0%| F|  |TAMS 0x0000000718c00000, 0x0000000718c00000| Untracked 

Card table byte_map: [0x000001f56aea0000,0x000001f56b680000] _byte_map_base: 0x000001f567671000

Marking Bits (Prev, Next): (CMBitMap*) 0x000001f551039750, (CMBitMap*) 0x000001f551039790
 Prev Bits: [0x000001f56be60000, 0x000001f56fce8000)
 Next Bits: [0x000001f56fcf0000, 0x000001f573b78000)

Polling page: 0x000001f55a6d0000

Metaspace:

Usage:
  Non-class:      1.83 MB used.
      Class:    145.65 KB used.
       Both:      1.97 MB used.

Virtual space:
  Non-class space:       64.00 MB reserved,       1.88 MB (  3%) committed,  1 nodes.
      Class space:        1.00 GB reserved,     256.00 KB ( <1%) committed,  1 nodes.
             Both:        1.06 GB reserved,       2.12 MB ( <1%) committed. 

Chunk freelists:
   Non-Class:  3.88 MB
       Class:  3.72 MB
        Both:  7.61 MB

MaxMetaspaceSize: unlimited
CompressedClassSpaceSize: 1.00 GB
Initial GC threshold: 21.00 MB
Current GC threshold: 21.00 MB
CDS: on
MetaspaceReclaimPolicy: balanced
 - commit_granule_bytes: 65536.
 - commit_granule_words: 8192.
 - virtual_space_node_default_size: 8388608.
 - enlarge_chunks_in_place: 1.
 - new_chunks_are_fully_committed: 0.
 - uncommit_free_chunks: 1.
 - use_allocation_guard: 0.


Internal statistics:

num_allocs_failed_limit: 0.
num_arena_births: 40.
num_arena_deaths: 0.
num_vsnodes_births: 2.
num_vsnodes_deaths: 0.
num_space_committed: 34.
num_space_uncommitted: 0.
num_chunks_returned_to_freelist: 0.
num_chunks_taken_from_freelist: 52.
num_chunk_merges: 0.
num_chunk_splits: 35.
num_chunks_enlarged: 21.
num_inconsistent_stats: 0.

CodeHeap 'non-profiled nmethods': size=119168Kb used=456Kb max_used=456Kb free=118711Kb
 bounds [0x000001f562290000, 0x000001f562500000, 0x000001f5696f0000]
CodeHeap 'profiled nmethods': size=119104Kb used=1279Kb max_used=1279Kb free=117824Kb
 bounds [0x000001f55a6f0000, 0x000001f55a960000, 0x000001f561b40000]
CodeHeap 'non-nmethods': size=7488Kb used=2925Kb max_used=2968Kb free=4563Kb
 bounds [0x000001f561b40000, 0x000001f561e30000, 0x000001f562290000]
 total_blobs=1311 nmethods=865 adapters=354
 compilation: enabled
              stopped_count=0, restarted_count=0
 full_count=0

Compilation events (20 events):
Event: 1.159 Thread 0x000001f5769d7370  822       4       java.lang.StringUTF16::compress (50 bytes)
Event: 1.160 Thread 0x000001f5769e1b30 nmethod 821 0x000001f5622f7b90 code [0x000001f5622f7d60, 0x000001f5622f8598]
Event: 1.160 Thread 0x000001f5769e1b30  857       4       java.lang.String::coder (15 bytes)
Event: 1.160 Thread 0x000001f5769e1b30 nmethod 857 0x000001f5622f8d10 code [0x000001f5622f8e80, 0x000001f5622f8ef8]
Event: 1.160 Thread 0x000001f5769e1b30  829       4       java.util.Objects::requireNonNull (15 bytes)
Event: 1.161 Thread 0x000001f5769e1b30 nmethod 829 0x000001f5622f9010 code [0x000001f5622f9180, 0x000001f5622f91f8]
Event: 1.161 Thread 0x000001f5769e1b30  831       4       java.time.ZonedDateTime::<init> (20 bytes)
Event: 1.161 Thread 0x000001f5769e15a0 nmethod 819 0x000001f5622f9310 code [0x000001f5622f94e0, 0x000001f5622f9e88]
Event: 1.161 Thread 0x000001f5769e15a0  824   !   4       java.io.BufferedInputStream::read (54 bytes)
Event: 1.162 Thread 0x000001f5769e20c0 nmethod 820 0x000001f5622fa890 code [0x000001f5622faa80, 0x000001f5622fb4a8]
Event: 1.162 Thread 0x000001f5769e20c0  825       4       java.io.BufferedInputStream::implRead (49 bytes)
Event: 1.163 Thread 0x000001f5769e1b30 nmethod 831 0x000001f5622fbe90 code [0x000001f5622fc000, 0x000001f5622fc318]
Event: 1.163 Thread 0x000001f5769e1b30  866       4       java.lang.StringBuilder::toString (9 bytes)
Event: 1.163 Thread 0x000001f5769e20c0 nmethod 825 0x000001f5622fc390 code [0x000001f5622fc520, 0x000001f5622fc648]
Event: 1.163 Thread 0x000001f5769e20c0  841       4       java.lang.ref.Reference::reachabilityFence (1 bytes)
Event: 1.163 Thread 0x000001f5769d7370 nmethod 822 0x000001f5622fc790 code [0x000001f5622fc920, 0x000001f5622fcb98]
Event: 1.163 Thread 0x000001f5769e20c0 nmethod 841 0x000001f5622fcc90 code [0x000001f5622fce00, 0x000001f5622fce58]
Event: 1.165 Thread 0x000001f5769e15a0 nmethod 824 0x000001f5622fcf90 code [0x000001f5622fd160, 0x000001f5622fd5f0]
Event: 1.165 Thread 0x000001f5769e1b30 nmethod 866 0x000001f5622fda10 code [0x000001f5622fdba0, 0x000001f5622fdff8]
Event: 1.183 Thread 0x000001f5769e4220 nmethod 842% 0x000001f5622fe210 code [0x000001f5622fe4a0, 0x000001f5623003a8]

GC Heap History (20 events):
Event: 1.392 GC heap after
{Heap after GC invocations=21 (full 0):
 garbage-first heap   total 311296K, used 7444K [0x0000000705e00000, 0x0000000800000000)
  region size 2048K, 1 young (2048K), 1 survivors (2048K)
 Metaspace       used 2017K, committed 2176K, reserved 1114112K
  class space    used 145K, committed 256K, reserved 1048576K
}
Event: 1.473 GC heap before
{Heap before GC invocations=21 (full 0):
 garbage-first heap   total 311296K, used 191764K [0x0000000705e00000, 0x0000000800000000)
  region size 2048K, 91 young (186368K), 1 survivors (2048K)
 Metaspace       used 2017K, committed 2176K, reserved 1114112K
  class space    used 145K, committed 256K, reserved 1048576K
}
Event: 1.474 GC heap after
{Heap after GC invocations=22 (full 0):
 garbage-first heap   total 311296K, used 7450K [0x0000000705e00000, 0x0000000800000000)
  region size 2048K, 1 young (2048K), 1 survivors (2048K)
 Metaspace       used 2017K, committed 2176K, reserved 1114112K
  class space    used 145K, committed 256K, reserved 1048576K
}
Event: 1.542 GC heap before
{Heap before GC invocations=22 (full 0):
 garbage-first heap   total 311296K, used 191770K [0x0000000705e00000, 0x0000000800000000)
  region size 2048K, 91 young (186368K), 1 survivors (2048K)
 Metaspace       used 2017K, committed 2176K, reserved 1114112K
  class space    used 145K, committed 256K, reserved 1048576K
}
Event: 1.542 GC heap after
{Heap after GC invocations=23 (full 0):
 garbage-first heap   total 311296K, used 7449K [0x0000000705e00000, 0x0000000800000000)
  region size 2048K, 1 young (2048K), 1 survivors (2048K)
 Metaspace       used 2017K, committed 2176K, reserved 1114112K
  class space    used 145K, committed 256K, reserved 1048576K
}
Event: 1.611 GC heap before
{Heap before GC invocations=23 (full 0):
 garbage-first heap   total 311296K, used 191769K [0x0000000705e00000, 0x0000000800000000)
  region size 2048K, 91 young (186368K), 1 survivors (2048K)
 Metaspace       used 2017K, committed 2176K, reserved 1114112K
  class space    used 145K, committed 256K, reserved 1048576K
}
Event: 1.611 GC heap after
{Heap after GC invocations=24 (full 0):
 garbage-first heap   total 311296K, used 7456K [0x0000000705e00000, 0x0000000800000000)
  region size 2048K, 1 young (2048K), 1 survivors (2048K)
 Metaspace       used 2017K, committed 2176K, reserved 1114112K
  class space    used 145K, committed 256K, reserved 1048576K
}
Event: 1.680 GC heap before
{Heap before GC invocations=24 (full 0):
 garbage-first heap   total 311296K, used 191776K [0x0000000705e00000, 0x0000000800000000)
  region size 2048K, 91 young (186368K), 1 survivors (2048K)
 Metaspace       used 2017K, committed 2176K, reserved 1114112K
  class space    used 145K, committed 256K, reserved 1048576K
}
Event: 1.681 GC heap after
{Heap after GC invocations=25 (full 0):
 garbage-first heap   total 311296K, used 7441K [0x0000000705e00000, 0x0000000800000000)
  region size 2048K, 1 young (2048K), 1 survivors (2048K)
 Metaspace       used 2017K, committed 2176K, reserved 1114112K
  class space    used 145K, committed 256K, reserved 1048576K
}
Event: 1.750 GC heap before
{Heap before GC invocations=25 (full 0):
 garbage-first heap   total 311296K, used 191761K [0x0000000705e00000, 0x0000000800000000)
  region size 2048K, 91 young (186368K), 1 survivors (2048K)
 Metaspace       used 2017K, committed 2176K, reserved 1114112K
  class space    used 145K, committed 256K, reserved 1048576K
}
Event: 1.751 GC heap after
{Heap after GC invocations=26 (full 0):
 garbage-first heap   total 311296K, used 7442K [0x0000000705e00000, 0x0000000800000000)
  region size 2048K, 1 young (2048K), 1 survivors (2048K)
 Metaspace       used 2017K, committed 2176K, reserved 1114112K
  class space    used 145K, committed 256K, reserved 1048576K
}
Event: 1.819 GC heap before
{Heap before GC invocations=26 (full 0):
 garbage-first heap   total 311296K, used 191762K [0x0000000705e00000, 0x0000000800000000)
  region size 2048K, 91 young (186368K), 1 survivors (2048K)
 Metaspace       used 2017K, committed 2176K, reserved 1114112K
  class space    used 145K, committed 256K, reserved 1048576K
}
Event: 1.820 GC heap after
{Heap after GC invocations=27 (full 0):
 garbage-first heap   total 311296K, used 7451K [0x0000000705e00000, 0x0000000800000000)
  region size 2048K, 1 young (2048K), 1 survivors (2048K)
 Metaspace       used 2017K, committed 2176K, reserved 1114112K
  class space    used 145K, committed 256K, reserved 1048576K
}
Event: 1.888 GC heap before
{Heap before GC invocations=27 (full 0):
 garbage-first heap   total 311296K, used 191771K [0x0000000705e00000, 0x0000000800000000)
  region size 2048K, 91 young (186368K), 1 survivors (2048K)
 Metaspace       used 2017K, committed 2176K, reserved 1114112K
  class space    used 145K, committed 256K, reserved 1048576K
}
Event: 1.889 GC heap after
{Heap after GC invocations=28 (full 0):
 garbage-first heap   total 311296K, used 7440K [0x0000000705e00000, 0x0000000800000000)
  region size 2048K, 1 young (2048K), 1 survivors (2048K)
 Metaspace       used 2017K, committed 2176K, reserved 1114112K
  class space    used 145K, committed 256K, reserved 1048576K
}
Event: 1.958 GC heap before
{Heap before GC invocations=28 (full 0):
 garbage-first heap   total 311296K, used 191760K [0x0000000705e00000, 0x0000000800000000)
  region size 2048K, 91 young (186368K), 1 survivors (2048K)
 Metaspace       used 2017K, committed 2176K, reserved 1114112K
  class space    used 145K, committed 256K, reserved 1048576K
}
Event: 1.958 GC heap after
{Heap after GC invocations=29 (full 0):
 garbage-first heap   total 311296K, used 7458K [0x0000000705e00000, 0x0000000800000000)
  region size 2048K, 1 young (2048K), 1 survivors (2048K)
 Metaspace       used 2017K, committed 2176K, reserved 1114112K
  class space    used 145K, committed 256K, reserved 1048576K
}
Event: 2.026 GC heap before
{Heap before GC invocations=29 (full 0):
 garbage-first heap   total 311296K, used 191778K [0x0000000705e00000, 0x0000000800000000)
  region size 2048K, 91 young (186368K), 1 survivors (2048K)
 Metaspace       used 2017K, committed 2176K, reserved 1114112K
  class space    used 145K, committed 256K, reserved 1048576K
}
Event: 2.027 GC heap after
{Heap after GC invocations=30 (full 0):
 garbage-first heap   total 311296K, used 7441K [0x0000000705e00000, 0x0000000800000000)
  region size 2048K, 1 young (2048K), 1 survivors (2048K)
 Metaspace       used 2017K, committed 2176K, reserved 1114112K
  class space    used 145K, committed 256K, reserved 1048576K
}
Event: 2.095 GC heap before
{Heap before GC invocations=30 (full 0):
 garbage-first heap   total 311296K, used 191761K [0x0000000705e00000, 0x0000000800000000)
  region size 2048K, 91 young (186368K), 1 survivors (2048K)
 Metaspace       used 2017K, committed 2176K, reserved 1114112K
  class space    used 145K, committed 256K, reserved 1048576K
}

Dll operation events (10 events):
Event: 0.004 Loaded shared library C:\Program Files\Java\jdk-19\bin\java.dll
Event: 0.010 Loaded shared library C:\Program Files\Java\jdk-19\bin\jsvml.dll
Event: 0.065 Loaded shared library C:\Program Files\Java\jdk-19\bin\zip.dll
Event: 0.067 Loaded shared library C:\Program Files\Java\jdk-19\bin\instrument.dll
Event: 0.070 Loaded shared library C:\Program Files\Java\jdk-19\bin\net.dll
Event: 0.071 Loaded shared library C:\Program Files\Java\jdk-19\bin\nio.dll
Event: 0.072 Loaded shared library C:\Program Files\Java\jdk-19\bin\zip.dll
Event: 0.116 Loaded shared library C:\Program Files\JetBrains\IntelliJ IDEA 2022.1.2\bin\breakgen64.dll
Event: 0.119 Loaded shared library C:\Program Files\Java\jdk-19\bin\jimage.dll
Event: 0.120 Loaded shared library C:\Program Files\Java\jdk-19\bin\extnet.dll

Deoptimization events (20 events):
Event: 1.151 Thread 0x000001f5769cd410 Uncommon trap: trap_request=0xffffff45 fr.pc=0x000001f5622d0408 relative=0x00000000000001e8
Event: 1.151 Thread 0x000001f5769cd410 Uncommon trap: reason=unstable_if action=reinterpret pc=0x000001f5622d0408 method=java.time.LocalTime.create(IIII)Ljava/time/LocalTime; @ 5 c2
Event: 1.151 Thread 0x000001f5769cd410 DEOPT PACKING pc=0x000001f5622d0408 sp=0x0000006c51cfdf40
Event: 1.151 Thread 0x000001f5769cd410 DEOPT UNPACKING pc=0x000001f561ba6da3 sp=0x0000006c51cfde60 mode 2
Event: 1.151 Thread 0x000001f5769cd410 Uncommon trap: trap_request=0xffffff45 fr.pc=0x000001f5622c7a30 relative=0x0000000000000090
Event: 1.151 Thread 0x000001f5769cd410 Uncommon trap: reason=unstable_if action=reinterpret pc=0x000001f5622c7a30 method=java.lang.Math.floorDiv(JJ)J @ 10 c2
Event: 1.151 Thread 0x000001f5769cd410 DEOPT PACKING pc=0x000001f5622c7a30 sp=0x0000006c51cfdf10
Event: 1.151 Thread 0x000001f5769cd410 DEOPT UNPACKING pc=0x000001f561ba6da3 sp=0x0000006c51cfde90 mode 2
Event: 1.151 Thread 0x000001f5769cd410 Uncommon trap: trap_request=0xffffff45 fr.pc=0x000001f5622ce860 relative=0x00000000000000c0
Event: 1.151 Thread 0x000001f5769cd410 Uncommon trap: reason=unstable_if action=reinterpret pc=0x000001f5622ce860 method=java.time.LocalTime.create(IIII)Ljava/time/LocalTime; @ 5 c2
Event: 1.152 Thread 0x000001f5769cd410 DEOPT PACKING pc=0x000001f5622ce860 sp=0x0000006c51cfded0
Event: 1.152 Thread 0x000001f5769cd410 DEOPT UNPACKING pc=0x000001f561ba6da3 sp=0x0000006c51cfde70 mode 2
Event: 1.154 Thread 0x000001f5769cd410 Uncommon trap: trap_request=0xffffff45 fr.pc=0x000001f5622c1ba0 relative=0x0000000000000080
Event: 1.154 Thread 0x000001f5769cd410 Uncommon trap: reason=unstable_if action=reinterpret pc=0x000001f5622c1ba0 method=java.lang.Integer.numberOfLeadingZeros(I)I @ 5 c2
Event: 1.154 Thread 0x000001f5769cd410 DEOPT PACKING pc=0x000001f5622c1ba0 sp=0x0000006c51cfe1e0
Event: 1.154 Thread 0x000001f5769cd410 DEOPT UNPACKING pc=0x000001f561ba6da3 sp=0x0000006c51cfe178 mode 2
Event: 1.156 Thread 0x000001f5769cd410 Uncommon trap: trap_request=0xffffff45 fr.pc=0x000001f5622f3064 relative=0x0000000000000144
Event: 1.156 Thread 0x000001f5769cd410 Uncommon trap: reason=unstable_if action=reinterpret pc=0x000001f5622f3064 method=java.util.concurrent.locks.ReentrantLock$NonfairSync.initialTryLock()Z @ 10 c2
Event: 1.156 Thread 0x000001f5769cd410 DEOPT PACKING pc=0x000001f5622f3064 sp=0x0000006c51cfed00
Event: 1.156 Thread 0x000001f5769cd410 DEOPT UNPACKING pc=0x000001f561ba6da3 sp=0x0000006c51cfeca8 mode 2

Classes loaded (20 events):
Event: 1.146 Loading class sun/util/resources/cldr/TimeZoneNames_en_US
Event: 1.146 Loading class sun/util/resources/cldr/TimeZoneNames_en_US done
Event: 1.147 Loading class java/time/zone/ZoneRulesProvider
Event: 1.147 Loading class java/time/zone/ZoneRulesProvider done
Event: 1.147 Loading class java/time/zone/ZoneRulesProvider$1
Event: 1.147 Loading class java/time/zone/ZoneRulesProvider$1 done
Event: 1.147 Loading class java/time/zone/TzdbZoneRulesProvider
Event: 1.147 Loading class java/time/zone/TzdbZoneRulesProvider done
Event: 1.149 Loading class java/time/zone/Ser
Event: 1.150 Loading class java/io/Externalizable
Event: 1.150 Loading class java/io/Externalizable done
Event: 1.150 Loading class java/time/zone/Ser done
Event: 1.150 Loading class java/time/zone/ZoneOffsetTransition
Event: 1.150 Loading class java/time/zone/ZoneOffsetTransition done
Event: 1.152 Loading class sun/util/cldr/CLDRBaseLocaleDataMetaInfo$TZCanonicalIDMapHolder
Event: 1.152 Loading class sun/util/cldr/CLDRBaseLocaleDataMetaInfo$TZCanonicalIDMapHolder done
Event: 1.153 Loading class sun/util/resources/TimeZoneNames
Event: 1.154 Loading class sun/util/resources/TimeZoneNames done
Event: 1.154 Loading class sun/util/resources/TimeZoneNames_en
Event: 1.154 Loading class sun/util/resources/TimeZoneNames_en done

Classes unloaded (0 events):
No events

Classes redefined (0 events):
No events

Internal exceptions (4 events):
Event: 0.110 Thread 0x000001f550fc8570 Exception <a 'java/lang/NoSuchMethodError'{0x0000000714f6d6f0}: 'void java.lang.invoke.DirectMethodHandle$Holder.invokeStatic(java.lang.Object, java.lang.Object, java.lang.Object)'> (0x0000000714f6d6f0) 
thrown [s\open\src\hotspot\share\interpreter\linkResolver.cpp, line 774]
Event: 0.113 Thread 0x000001f550fc8570 Exception <a 'java/lang/NoSuchMethodError'{0x0000000714f85ce8}: 'java.lang.Object java.lang.invoke.Invokers$Holder.invokeExact_MT(java.lang.Object, java.lang.Object, java.lang.Object, java.lang.Object, java.lang.Object)'> (0x0000000714f85ce8) 
thrown [s\open\src\hotspot\share\interpreter\linkResolver.cpp, line 774]
Event: 0.121 Thread 0x000001f57b7b3800 Exception <a 'java/lang/NoSuchMethodError'{0x0000000714c78518}: 'void java.lang.invoke.DirectMethodHandle$Holder.invokeStatic(java.lang.Object, java.lang.Object)'> (0x0000000714c78518) 
thrown [s\open\src\hotspot\share\interpreter\linkResolver.cpp, line 774]
Event: 1.155 Thread 0x000001f5769cd410 Exception <a 'java/lang/NoSuchMethodError'{0x000000070eaf2600}: 'java.lang.Object java.lang.invoke.Invokers$Holder.invokeExact_MT(java.lang.Object, java.lang.Object, java.lang.Object, java.lang.Object, java.lang.Object, java.lang.Object)'> (0x000000070eaf2600) 
thrown [s\open\src\hotspot\share\interpreter\linkResolver.cpp, line 774]

VM Operations (20 events):
Event: 1.392 Executing VM operation: G1CollectForAllocation done
Event: 1.473 Executing VM operation: G1CollectForAllocation
Event: 1.474 Executing VM operation: G1CollectForAllocation done
Event: 1.541 Executing VM operation: G1CollectForAllocation
Event: 1.542 Executing VM operation: G1CollectForAllocation done
Event: 1.611 Executing VM operation: G1CollectForAllocation
Event: 1.611 Executing VM operation: G1CollectForAllocation done
Event: 1.680 Executing VM operation: G1CollectForAllocation
Event: 1.681 Executing VM operation: G1CollectForAllocation done
Event: 1.750 Executing VM operation: G1CollectForAllocation
Event: 1.751 Executing VM operation: G1CollectForAllocation done
Event: 1.819 Executing VM operation: G1CollectForAllocation
Event: 1.820 Executing VM operation: G1CollectForAllocation done
Event: 1.888 Executing VM operation: G1CollectForAllocation
Event: 1.889 Executing VM operation: G1CollectForAllocation done
Event: 1.957 Executing VM operation: G1CollectForAllocation
Event: 1.958 Executing VM operation: G1CollectForAllocation done
Event: 2.026 Executing VM operation: G1CollectForAllocation
Event: 2.027 Executing VM operation: G1CollectForAllocation done
Event: 2.094 Executing VM operation: G1CollectForAllocation

Events (20 events):
Event: 0.017 Thread 0x000001f5769ced10 Thread added: 0x000001f5769ced10
Event: 0.017 Thread 0x000001f5769d7370 Thread added: 0x000001f5769d7370
Event: 0.017 Thread 0x000001f5769e3c90 Thread added: 0x000001f5769e3c90
Event: 0.017 Thread 0x000001f5769eaa70 Thread added: 0x000001f5769eaa70
Event: 0.055 Thread 0x000001f57b0f5910 Thread added: 0x000001f57b0f5910
Event: 0.059 Thread 0x000001f5769e0a80 Thread added: 0x000001f5769e0a80
Event: 0.059 Thread 0x000001f5769e2be0 Thread added: 0x000001f5769e2be0
Event: 0.059 Thread 0x000001f5769e1010 Thread added: 0x000001f5769e1010
Event: 0.082 Thread 0x000001f5769e4220 Thread added: 0x000001f5769e4220
Event: 0.082 Thread 0x000001f5769e15a0 Thread added: 0x000001f5769e15a0
Event: 0.116 Thread 0x000001f57b7b3800 Thread added: 0x000001f57b7b3800
Event: 0.116 Thread 0x000001f57b7b3d40 Thread added: 0x000001f57b7b3d40
Event: 0.144 Thread 0x000001f5769e1b30 Thread added: 0x000001f5769e1b30
Event: 0.146 Thread 0x000001f5769e20c0 Thread added: 0x000001f5769e20c0
Event: 0.148 Thread 0x000001f5769e3700 Thread added: 0x000001f5769e3700
Event: 0.150 Thread 0x000001f5769e2650 Thread added: 0x000001f5769e2650
Event: 0.183 Thread 0x000001f5769e3170 Thread added: 0x000001f5769e3170
Event: 1.051 Thread 0x000001f5769e3170 Thread exited: 0x000001f5769e3170
Event: 1.051 Thread 0x000001f5769e2650 Thread exited: 0x000001f5769e2650
Event: 1.053 Thread 0x000001f5769e3700 Thread exited: 0x000001f5769e3700


Dynamic libraries:
0x00007ff62ec40000 - 0x00007ff62ec50000 	C:\Program Files\Java\jdk-19\bin\java.exe
0x00007ffb22c30000 - 0x00007ffb22e47000 	C:\WINDOWS\SYSTEM32\ntdll.dll
0x00007ffb22520000 - 0x00007ffb225e4000 	C:\WINDOWS\System32\KERNEL32.DLL
0x00007ffb203b0000 - 0x00007ffb20756000 	C:\WINDOWS\System32\KERNELBASE.dll
0x00007ffb20790000 - 0x00007ffb208a1000 	C:\WINDOWS\System32\ucrtbase.dll
0x00007ffb1a310000 - 0x00007ffb1a32b000 	C:\Program Files\Java\jdk-19\bin\VCRUNTIME140.dll
0x00007ffb17b10000 - 0x00007ffb17b28000 	C:\Program Files\Java\jdk-19\bin\jli.dll
0x00007ffb21090000 - 0x00007ffb21141000 	C:\WINDOWS\System32\ADVAPI32.dll
0x00007ffb21e80000 - 0x00007ffb21f27000 	C:\WINDOWS\System32\msvcrt.dll
0x00007ffb21bd0000 - 0x00007ffb21c75000 	C:\WINDOWS\System32\sechost.dll
0x00007ffb209c0000 - 0x00007ffb20ad7000 	C:\WINDOWS\System32\RPCRT4.dll
0x00007ffb21150000 - 0x00007ffb212fe000 	C:\WINDOWS\System32\USER32.dll
0x00007ffb20760000 - 0x00007ffb20786000 	C:\WINDOWS\System32\win32u.dll
0x00007ffb06880000 - 0x00007ffb06b13000 	C:\WINDOWS\WinSxS\amd64_microsoft.windows.common-controls_6595b64144ccf1df_6.0.22621.2506_none_270c5ae97388e100\COMCTL32.dll
0x00007ffb20950000 - 0x00007ffb20979000 	C:\WINDOWS\System32\GDI32.dll
0x00007ffb20220000 - 0x00007ffb20338000 	C:\WINDOWS\System32\gdi32full.dll
0x00007ffb208b0000 - 0x00007ffb2094a000 	C:\WINDOWS\System32\msvcp_win.dll
0x00007ffb18b20000 - 0x00007ffb18b2a000 	C:\WINDOWS\SYSTEM32\VERSION.dll
0x00007ffb20980000 - 0x00007ffb209b1000 	C:\WINDOWS\System32\IMM32.DLL
0x00007ffb19ac0000 - 0x00007ffb19acc000 	C:\Program Files\Java\jdk-19\bin\vcruntime140_1.dll
0x00007ffb10650000 - 0x00007ffb106de000 	C:\Program Files\Java\jdk-19\bin\msvcp140.dll
0x00007ffa9eee0000 - 0x00007ffa9fba0000 	C:\Program Files\Java\jdk-19\bin\server\jvm.dll
0x00007ffb19200000 - 0x00007ffb19234000 	C:\WINDOWS\SYSTEM32\WINMM.dll
0x00007ffb17fb0000 - 0x00007ffb17fb9000 	C:\WINDOWS\SYSTEM32\WSOCK32.dll
0x00007ffb225f0000 - 0x00007ffb22661000 	C:\WINDOWS\System32\WS2_32.dll
0x00007ffb1f040000 - 0x00007ffb1f058000 	C:\WINDOWS\SYSTEM32\kernel.appcore.dll
0x00007ffb17c00000 - 0x00007ffb17c0a000 	C:\Program Files\Java\jdk-19\bin\jimage.dll
0x00007ffb1d750000 - 0x00007ffb1d983000 	C:\WINDOWS\SYSTEM32\DBGHELP.DLL
0x00007ffb20c90000 - 0x00007ffb21019000 	C:\WINDOWS\System32\combase.dll
0x00007ffb229f0000 - 0x00007ffb22ac7000 	C:\WINDOWS\System32\OLEAUT32.dll
0x00007ffb18530000 - 0x00007ffb18562000 	C:\WINDOWS\SYSTEM32\dbgcore.DLL
0x00007ffb20030000 - 0x00007ffb200aa000 	C:\WINDOWS\System32\bcryptPrimitives.dll
0x00007ffb18af0000 - 0x00007ffb18afe000 	C:\Program Files\Java\jdk-19\bin\instrument.dll
0x00007ffb146d0000 - 0x00007ffb146f6000 	C:\Program Files\Java\jdk-19\bin\java.dll
0x00007ffb10570000 - 0x00007ffb10647000 	C:\Program Files\Java\jdk-19\bin\jsvml.dll
0x00007ffb21300000 - 0x00007ffb21b5a000 	C:\WINDOWS\System32\SHELL32.dll
0x00007ffb1de50000 - 0x00007ffb1e746000 	C:\WINDOWS\SYSTEM32\windows.storage.dll
0x00007ffb1dd10000 - 0x00007ffb1de4e000 	C:\WINDOWS\SYSTEM32\wintypes.dll
0x00007ffb22730000 - 0x00007ffb22823000 	C:\WINDOWS\System32\SHCORE.dll
0x00007ffb21b70000 - 0x00007ffb21bce000 	C:\WINDOWS\System32\shlwapi.dll
0x00007ffb1fea0000 - 0x00007ffb1fec6000 	C:\WINDOWS\SYSTEM32\profapi.dll
0x00007ffb10530000 - 0x00007ffb10548000 	C:\Program Files\Java\jdk-19\bin\zip.dll
0x00007ffb17af0000 - 0x00007ffb17b03000 	C:\Program Files\Java\jdk-19\bin\net.dll
0x00007ffb1ab80000 - 0x00007ffb1acb7000 	C:\WINDOWS\SYSTEM32\WINHTTP.dll
0x00007ffb1f4e0000 - 0x00007ffb1f549000 	C:\WINDOWS\system32\mswsock.dll
0x00007ffb10550000 - 0x00007ffb10566000 	C:\Program Files\Java\jdk-19\bin\nio.dll
0x00007ffb18260000 - 0x00007ffb1827a000 	C:\Program Files\JetBrains\IntelliJ IDEA 2022.1.2\bin\breakgen64.dll
0x00007ffb10230000 - 0x00007ffb10238000 	C:\Program Files\Java\jdk-19\bin\extnet.dll

dbghelp: loaded successfully - version: 4.0.5 - missing functions: none
symbol engine: initialized successfully - sym options: 0x614 - pdb path: .;C:\Program Files\Java\jdk-19\bin;C:\WINDOWS\SYSTEM32;C:\WINDOWS\WinSxS\amd64_microsoft.windows.common-controls_6595b64144ccf1df_6.0.22621.2506_none_270c5ae97388e100;C:\Program Files\Java\jdk-19\bin\server;C:\Program Files\JetBrains\IntelliJ IDEA 2022.1.2\bin

VM Arguments:
jvm_args: -javaagent:C:\Program Files\JetBrains\IntelliJ IDEA 2022.1.2\lib\idea_rt.jar=56117:C:\Program Files\JetBrains\IntelliJ IDEA 2022.1.2\bin -Dfile.encoding=UTF-8 
java_command: unitted_states_of_mankind.BitcoinAlgo
java_class_path (initial): D:\unitedStates duplicates original\target\test-classes;D:\unitedStates duplicates original\target\classes;C:\Users\99293\.m2\repository\org\springframework\boot\spring-boot-starter-thymeleaf\2.7.5\spring-boot-starter-thymeleaf-2.7.5.jar;C:\Users\99293\.m2\repository\org\springframework\boot\spring-boot-starter\2.7.5\spring-boot-starter-2.7.5.jar;C:\Users\99293\.m2\repository\org\springframework\boot\spring-boot-starter-logging\2.7.5\spring-boot-starter-logging-2.7.5.jar;C:\Users\99293\.m2\repository\ch\qos\logback\logback-classic\1.2.11\logback-classic-1.2.11.jar;C:\Users\99293\.m2\repository\ch\qos\logback\logback-core\1.2.11\logback-core-1.2.11.jar;C:\Users\99293\.m2\repository\org\apache\logging\log4j\log4j-to-slf4j\2.17.2\log4j-to-slf4j-2.17.2.jar;C:\Users\99293\.m2\repository\org\apache\logging\log4j\log4j-api\2.17.2\log4j-api-2.17.2.jar;C:\Users\99293\.m2\repository\org\slf4j\jul-to-slf4j\1.7.36\jul-to-slf4j-1.7.36.jar;C:\Users\99293\.m2\repository\jakarta\annotation\jakarta.annotation-api\1.3.5\jakarta.annotation-api-1.3.5.jar;C:\Users\99293\.m2\repository\org\yaml\snakeyaml\1.30\snakeyaml-1.30.jar;C:\Users\99293\.m2\repository\org\thymeleaf\thymeleaf-spring5\3.0.15.RELEASE\thymeleaf-spring5-3.0.15.RELEASE.jar;C:\Users\99293\.m2\repository\org\thymeleaf\thymeleaf\3.0.15.RELEASE\thymeleaf-3.0.15.RELEASE.jar;C:\Users\99293\.m2\repository\org\attoparser\attoparser\2.0.5.RELEASE\attoparser-2.0.5.RELEASE.jar;C:\Users\99293\.m2\repository\org\unbescape\unbescape\1.1.6.RELEASE\unbescape-1.1.6.RELEASE.jar;C:\Users\99293\.m2\repository\org\slf4j\slf4j-api\1.7.36\slf4j-api-1.7.36.jar;C:\Users\99293\.m2\repository\org\thymeleaf\extras\thymeleaf-extras-java8time\3.0.4.RELEASE\thymeleaf-extras-java8time-3.0.4.RELEASE.jar;C:\Users\99293\.m2\repository\org\springframework\boot\spring-boot-starter-web\2.7.5\spring-boot-starter-web-2.7.5.jar;C:\Users\99293\.m2\repository\org\springframework\boot\spring-boot-starter-json\2.7.5\spring-boot-starter-json-2.7.5.jar;C:\Users\99293\.m2\repository\com\fasterxml\jackson\datatype\jackson-datatype-jdk8\2.13.4\jackson-datatype-jdk8-2.13.4.jar;C:\Users\99293\.m2\repository\com\fasterxml\jackson\datatype\jackson-datatype-jsr310\2.13.4\jackson-datatype-jsr310-2.13.4.jar;C:\Users\99293\.m2\repository\com\fasterxml\jackson\module\jackson-module-parameter-names\2.13.4\jackson-module-parameter-names-2.13.4.jar;C:\Users\99293\.m2\repository\org\springframework\boot\spring-boot-starter-tomcat\2.7.5\spring-boot-starter-tomcat-2.7.5.jar;C:\Users\99293\.m2\repository\org\apache\tomcat\embed\tomcat-embed-core\9.0.68\tomcat-embed-core-9.0.68.jar;C:\Users\99293\.m2\repository\org\apache\tomcat\embed\tomcat-embed-el\9.0.68\tomcat-embed-el-9.0.68.jar;C:\Users\99293\.m2\repository\org\apache\tomcat\embed\tomcat-embed-websocket\9.0.68\tomcat-embed-websocket-9.0.68.jar;C:\Users\99293\.m2\repository\org\springframework\spring-web\5.3.23\spring-web-5.3.23.jar;C:\Users\99293\.m2\repository\org\springframework\spring-beans\5.3.23\spring-beans-5.3.23.jar;C:\Users\99293\.m2\repository\org\springframework\spring-webmvc\5.3.23\spring-webmvc-5.3.23.jar;C:\Users\99293\.m2\repository\org\springframework\spring-aop\5.3.23\spring-aop-5.3.23.jar;C:\Users\99293\.m2\repository\org\springframework\spring-context\5.3.23\spring-context-5.3.23.jar;C:\Users\99293\.m2\repository\org\springframework\spring-expression\5.3.23\spring-expression-5.3.23.jar;C:\Users\99293\.m2\repository\org\springframework\boot\spring-boot-devtools\2.7.5\spring-boot-devtools-2.7.5.jar;C:\Users\99293\.m2\repository\org\springframework\boot\spring-boot\2.7.5\spring-boot-2.7.5.jar;C:\Users\99293\.m2\repository\org\springframework\boot\spring-boot-autoconfigure\2.7.5\spring-boot-autoconfigure-2.7.5.jar;C:\Users\99293\.m2\repository\org\projectlombok\lombok\1.18.24\lombok-1.18.24.jar;C:\Users\99293\.m2\repository\org\springframework\boot\spring-boot-starter-test\2.7.5\spring-boot-starter-test-2.7.5.jar;C:\Users\99293\.m2\repository\org\springframework\boot\spring-boot-test\2.7.5\spring-boot-test-2.7.5.jar;C:\Users\99293\.m2\repository\org\springframework\boot\spring-boot-test-autoconfigure\2.7.5\spring-boot-test-autoconfigure-2.7.5.jar;C:\Users\99293\.m2\repository\com\jayway\jsonpath\json-path\2.7.0\json-path-2.7.0.jar;C:\Users\99293\.m2\repository\net\minidev\json-smart\2.4.8\json-smart-2.4.8.jar;C:\Users\99293\.m2\repository\net\minidev\accessors-smart\2.4.8\accessors-smart-2.4.8.jar;C:\Users\99293\.m2\repository\org\ow2\asm\asm\9.1\asm-9.1.jar;C:\Users\99293\.m2\repository\jakarta\xml\bind\jakarta.xml.bind-api\2.3.3\jakarta.xml.bind-api-2.3.3.jar;C:\Users\99293\.m2\repository\jakarta\activation\jakarta.activation-api\1.2.2\jakarta.activation-api-1.2.2.jar;C:\Users\99293\.m2\repository\org\assertj\assertj-core\3.22.0\assertj-core-3.22.0.jar;C:\Users\99293\.m2\repository\org\hamcrest\hamcrest\2.2\hamcrest-2.2.jar;C:\Users\99293\.m2\repository\org\junit\jupiter\junit-jupiter\5.8.2\junit-jupiter-5.8.2.jar;C:\Users\99293\.m2\repository\org\junit\jupiter\junit-jupiter-api\5.8.2\junit-jupiter-api-5.8.2.jar;C:\Users\99293\.m2\repository\org\opentest4j\opentest4j\1.2.0\opentest4j-1.2.0.jar;C:\Users\99293\.m2\repository\org\junit\platform\junit-platform-commons\1.8.2\junit-platform-commons-1.8.2.jar;C:\Users\99293\.m2\repository\org\apiguardian\apiguardian-api\1.1.2\apiguardian-api-1.1.2.jar;C:\Users\99293\.m2\repository\org\junit\jupiter\junit-jupiter-params\5.8.2\junit-jupiter-params-5.8.2.jar;C:\Users\99293\.m2\repository\org\junit\jupiter\junit-jupiter-engine\5.8.2\junit-jupiter-engine-5.8.2.jar;C:\Users\99293\.m2\repository\org\junit\platform\junit-platform-engine\1.8.2\junit-platform-engine-1.8.2.jar;C:\Users\99293\.m2\repository\org\mockito\mockito-core\4.5.1\mockito-core-4.5.1.jar;C:\Users\99293\.m2\repository\net\bytebuddy\byte-buddy\1.12.18\byte-buddy-1.12.18.jar;C:\Users\99293\.m2\repository\net\bytebuddy\byte-buddy-agent\1.12.18\byte-buddy-agent-1.12.18.jar;C:\Users\99293\.m2\repository\org\objenesis\objenesis\3.2\objenesis-3.2.jar;C:\Users\99293\.m2\repository\org\mockito\mockito-junit-jupiter\4.5.1\mockito-junit-jupiter-4.5.1.jar;C:\Users\99293\.m2\repository\org\skyscreamer\jsonassert\1.5.1\jsonassert-1.5.1.jar;C:\Users\99293\.m2\repository\org\springframework\spring-core\5.3.23\spring-core-5.3.23.jar;C:\Users\99293\.m2\repository\org\springframework\spring-jcl\5.3.23\spring-jcl-5.3.23.jar;C:\Users\99293\.m2\repository\org\xmlunit\xmlunit-core\2.9.0\xmlunit-core-2.9.0.jar;C:\Users\99293\.m2\repository\log4j\log4j\1.2.17\log4j-1.2.17.jar;C:\Users\99293\.m2\repository\com\fasterxml\jackson\core\jackson-databind\2.13.3\jackson-databind-2.13.3.jar;C:\Users\99293\.m2\repository\com\fasterxml\jackson\core\jackson-annotations\2.13.4\jackson-annotations-2.13.4.jar;C:\Users\99293\.m2\repository\com\fasterxml\jackson\core\jackson-core\2.13.4\jackson-core-2.13.4.jar;C:\Users\99293\.m2\repository\junit\junit\4.12\junit-4.12.jar;C:\Users\99293\.m2\repository\org\hamcrest\hamcrest-core\2.2\hamcrest-core-2.2.jar;C:\Users\99293\.m2\repository\com\vaadin\external\google\android-json\0.0.20131108.vaadin1\android-json-0.0.20131108.vaadin1.jar;C:\Users\99293\.m2\repository\org\bouncycastle\bcprov-jdk15on\1.70\bcprov-jdk15on-1.70.jar;C:\Users\99293\.m2\repository\org\apache\httpcomponents\httpclient\4.5.14\httpclient-4.5.14.jar;C:\Users\99293\.m2\repository\org\apache\httpcomponents\httpcore\4.4.15\httpcore-4.4.15.jar;C:\Users\99293\.m2\repository\commons-codec\commons-codec\1.15\commons-codec-1.15.jar;C:\Users\99293\.m2\repository\org\springframework\boot\spring-boot-starter-websocket\2.4.0\spring-boot-starter-websocket-2.4.0.jar;C:\Users\99293\.m2\repository\org\springframework\spring-messaging\5.3.23\spring-messaging-5.3.23.jar;C:\Users\99293\.m2\repository\org\springframework\spring-websocket\5.3.23\spring-websocket-5.3.23.jar;C:\Users\99293\.m2\repository\org\springframework\spring-test\5.3.23\spring-test-5.3.23.jar;C:\Users\99293\.m2\repository\org\webjars\bootstrap\5.2.2\bootstrap-5.2.2.jar;C:\Users\99293\.m2\repository\com\h2database\h2\2.1.214\h2-2.1.214.jar;C:\Users\99293\.m2\repository\org\springframework\boot\spring-boot-starter-data-jpa\2.7.5\spring-boot-starter-data-jpa-2.7.5.jar;C:\Users\99293\.m2\repository\org\springframework\boot\spring-boot-starter-aop\2.7.5\spring-boot-starter-aop-2.7.5.jar;C:\Users\99293\.m2\repository\org\aspectj\aspectjweaver\1.9.7\aspectjweaver-1.9.7.jar;C:\Users\99293\.m2\repository\org\springframework\boot\spring-boot-starter-jdbc\2.7.5\spring-boot-starter-jdbc-2.7.5.jar;C:\Users\99293\.m2\repository\com\zaxxer\HikariCP\4.0.3\HikariCP-4.0.3.jar;C:\Users\99293\.m2\repository\org\springframework\spring-jdbc\5.3.23\spring-jdbc-5.3.23.jar;C:\Users\99293\.m2\repository\jakarta\transaction\jakarta.transaction-api\1.3.3\jakarta.transaction-api-1.3.3.jar;C:\Users\99293\.m2\repository\jakarta\persistence\jakarta.persistence-api\2.2.3\jakarta.persistence-api-2.2.3.jar;C:\Users\99293\.m2\repository\org\hibernate\hibernate-core\5.6.12.Final\hibernate-core-5.6.12.Final.jar;C:\Users\99293\.m2\repository\org\jboss\logging\jboss-logging\3.4.3.Final\jboss-logging-3.4.3.Final.jar;C:\Users\99293\.m2\repository\antlr\antlr\2.7.7\antlr-2.7.7.jar;C:\Users\99293\.m2\repository\org\jboss\jandex\2.4.2.Final\jandex-2.4.2.Final.jar;C:\Users\99293\.m2\repository\com\fasterxml\classmate\1.5.1\classmate-1.5.1.jar;C:\Users\99293\.m2\repository\org\hibernate\common\hibernate-commons-annotations\5.1.2.Final\hibernate-commons-annotations-5.1.2.Final.jar;C:\Users\99293\.m2\repository\org\glassfish\jaxb\jaxb-runtime\2.3.7\jaxb-runtime-2.3.7.jar;C:\Users\99293\.m2\repository\org\glassfish\jaxb\txw2\2.3.7\txw2-2.3.7.jar;C:\Users\99293\.m2\repository\com\sun\istack\istack-commons-runtime\3.0.12\istack-commons-runtime-3.0.12.jar;C:\Users\99293\.m2\repository\com\sun\activation\jakarta.activation\1.2.2\jakarta.activation-1.2.2.jar;C:\Users\99293\.m2\repository\org\springframework\data\spring-data-jpa\2.7.5\spring-data-jpa-2.7.5.jar;C:\Users\99293\.m2\repository\org\springframework\data\spring-data-commons\2.7.5\spring-data-commons-2.7.5.jar;C:\Users\99293\.m2\repository\org\springframework\spring-orm\5.3.23\spring-orm-5.3.23.jar;C:\Users\99293\.m2\repository\org\springframework\spring-tx\5.3.23\spring-tx-5.3.23.jar;C:\Users\99293\.m2\repository\org\springframework\spring-aspects\5.3.23\spring-aspects-5.3.23.jar
Launcher Type: SUN_STANDARD

[Global flags]
     intx CICompilerCount                          = 12                                        {product} {ergonomic}
     uint ConcGCThreads                            = 3                                         {product} {ergonomic}
     uint G1ConcRefinementThreads                  = 13                                        {product} {ergonomic}
   size_t G1HeapRegionSize                         = 2097152                                   {product} {ergonomic}
    uintx GCDrainStackTargetSize                   = 64                                        {product} {ergonomic}
   size_t InitialHeapSize                          = 264241152                                 {product} {ergonomic}
   size_t MarkStackSize                            = 4194304                                   {product} {ergonomic}
   size_t MaxHeapSize                              = 4196401152                                {product} {ergonomic}
   size_t MaxNewSize                               = 2516582400                                {product} {ergonomic}
   size_t MinHeapDeltaBytes                        = 2097152                                   {product} {ergonomic}
   size_t MinHeapSize                              = 8388608                                   {product} {ergonomic}
    uintx NonNMethodCodeHeapSize                   = 7602480                                {pd product} {ergonomic}
    uintx NonProfiledCodeHeapSize                  = 122027880                              {pd product} {ergonomic}
    uintx ProfiledCodeHeapSize                     = 122027880                              {pd product} {ergonomic}
    uintx ReservedCodeCacheSize                    = 251658240                              {pd product} {ergonomic}
     bool SegmentedCodeCache                       = true                                      {product} {ergonomic}
   size_t SoftMaxHeapSize                          = 4196401152                             {manageable} {ergonomic}
     bool UseCompressedClassPointers               = true                           {product lp64_product} {ergonomic}
     bool UseCompressedOops                        = true                           {product lp64_product} {ergonomic}
     bool UseG1GC                                  = true                                      {product} {ergonomic}
     bool UseLargePagesIndividualAllocation        = false                                  {pd product} {ergonomic}

Logging:
Log output configuration:
 #0: stdout all=warning uptime,level,tags foldmultilines=false
 #1: stderr all=off uptime,level,tags foldmultilines=false

Environment Variables:
PATH=C:\Program Files\Common Files\Oracle\Java\javapath;C:\Windows\system32;C:\Windows;C:\Windows\System32\Wbem;C:\Windows\System32\WindowsPowerShell\v1.0\;C:\Windows\System32\OpenSSH\;C:\Program Files (x86)\NVIDIA Corporation\PhysX\Common;C:\Program Files\NVIDIA Corporation\NVIDIA NvDLISR;C:\Program Files\Git\cmd;C:\Program Files (x86)\dotnet\;%SystemRoot%\system32;%SystemRoot%;%SystemRoot%\System32\Wbem;%SYSTEMROOT%\System32\WindowsPowerShell\v1.0\;%SYSTEMROOT%\System32\OpenSSH\;C:\Users\99293\AppData\Local\Programs\Python\Python311\Scripts\;C:\Users\99293\AppData\Local\Programs\Python\Python311\;C:\Users\99293\AppData\Local\Microsoft\WindowsApps;;C:\Program Files\JetBrains\IntelliJ IDEA 2022.1.2\bin;;C:\Program Files\heroku\bin
USERNAME=ASUS
OS=Windows_NT
PROCESSOR_IDENTIFIER=Intel64 Family 6 Model 154 Stepping 3, GenuineIntel
TMP=C:\Users\99293\AppData\Local\Temp
TEMP=C:\Users\99293\AppData\Local\Temp



---------------  S Y S T E M  ---------------

OS:
 Windows 11 , 64 bit Build 22621 (10.0.22621.2506)
OS uptime: 0 days 6:05 hours
Hyper-V role detected

CPU: total 16 (initial active 16) (8 cores per cpu, 2 threads per core) family 6 model 154 stepping 3 microcode 0x41c, cx8, cmov, fxsr, ht, mmx, 3dnowpref, sse, sse2, sse3, ssse3, sse4.1, sse4.2, popcnt, lzcnt, tsc, tscinvbit, avx, avx2, aes, erms, clmul, bmi1, bmi2, adx, sha, fma, vzeroupper, clflush, clflushopt, clwb, hv, serialize, rdtscp, rdpid, fsrm

Memory: 4k page, system-wide physical 16005M (3382M free)
TotalPageFile size 18051M (AvailPageFile size 46M)
current process WorkingSet (physical memory assigned to process): 262M, peak: 262M
current process commit charge ("private bytes"): 422M, peak: 484M

vm_info: Java HotSpot(TM) 64-Bit Server VM (19.0.2+7-44) for windows-amd64 JRE (19.0.2+7-44), built on 2022-11-30T18:02:09Z by "mach5one" with MS VC++ 17.1 (VS2022)

END.
