#
# There is insufficient memory for the Java Runtime Environment to continue.
# Native memory allocation (malloc) failed to allocate 1741776 bytes for Chunk::new
# Possible reasons:
#   The system is out of physical RAM or swap space
#   The process is running with CompressedOops enabled, and the Java Heap may be blocking the growth of the native heap
# Possible solutions:
#   Reduce memory load on the system
#   Increase physical memory or swap space
#   Check if swap backing store is full
#   Decrease Java heap size (-Xmx/-Xms)
#   Decrease number of Java threads
#   Decrease Java thread stack sizes (-Xss)
#   Set larger code cache with -XX:ReservedCodeCacheSize=
#   JVM is running with Zero Based Compressed Oops mode in which the Java heap is
#     placed in the first 32GB address space. The Java Heap base address is the
#     maximum limit for the native heap growth. Please use -XX:HeapBaseMinAddress
#     to set the Java Heap base and to place the Java Heap above 32GB virtual address.
# This output file may be truncated or incomplete.
#
#  Out of Memory Error (arena.cpp:184), pid=15772, tid=22792
#
# JRE version: Java(TM) SE Runtime Environment (19.0.2+7) (build 19.0.2+7-44)
# Java VM: Java HotSpot(TM) 64-Bit Server VM (19.0.2+7-44, mixed mode, sharing, tiered, compressed oops, compressed class ptrs, g1 gc, windows-amd64)
# No core dump will be written. Minidumps are not enabled by default on client versions of Windows
#

---------------  S U M M A R Y ------------

Command Line: -Dmaven.multiModuleProjectDirectory=D:\unitedStates duplicates original -Dmaven.home=C:\Users\99293\.m2\wrapper\dists\apache-maven-3.8.6-bin\1ks0nkde5v1pk9vtc31i9d0lcd\apache-maven-3.8.6 -Dclassworlds.conf=C:\Users\99293\.m2\wrapper\dists\apache-maven-3.8.6-bin\1ks0nkde5v1pk9vtc31i9d0lcd\apache-maven-3.8.6\bin\m2.conf -Dmaven.ext.class.path=C:\Program Files\JetBrains\IntelliJ IDEA 2022.1.2\plugins\maven\lib\maven-event-listener.jar -javaagent:C:\Program Files\JetBrains\IntelliJ IDEA 2022.1.2\lib\idea_rt.jar=60174:C:\Program Files\JetBrains\IntelliJ IDEA 2022.1.2\bin -Dfile.encoding=UTF-8 org.codehaus.classworlds.Launcher -Didea.version=2022.1.2 package

Host: 12th Gen Intel(R) Core(TM) i7-12650H, 16 cores, 15G,  Windows 11 , 64 bit Build 22621 (10.0.22621.3672)
Time: Wed Jul  3 14:17:27 2024  Windows 11 , 64 bit Build 22621 (10.0.22621.3672) elapsed time: 7.097453 seconds (0d 0h 0m 7s)

---------------  T H R E A D  ---------------

Current thread (0x000002cb9474a0e0):  JavaThread "C2 CompilerThread3" daemon [_thread_in_native, id=22792, stack(0x000000ff1d200000,0x000000ff1d300000)]


Current CompileTask:
C2:   7097 11501       4       lombok.javac.JavacAST::buildStatementOrExpression (104 bytes)

Stack: [0x000000ff1d200000,0x000000ff1d300000]
Native frames: (J=compiled Java code, j=interpreted, Vv=VM code, C=native code)
V  [jvm.dll+0x6ee21a]
V  [jvm.dll+0x85765e]
V  [jvm.dll+0x85904e]
V  [jvm.dll+0x859703]
V  [jvm.dll+0x28298f]
V  [jvm.dll+0xc9adf]
V  [jvm.dll+0xc9e65]
V  [jvm.dll+0x3bca12]
V  [jvm.dll+0x1ee29a]
V  [jvm.dll+0x24c52b]
V  [jvm.dll+0x24b781]
V  [jvm.dll+0x1d6ce1]
V  [jvm.dll+0x25b25a]
V  [jvm.dll+0x2596e8]
V  [jvm.dll+0x807588]
V  [jvm.dll+0x80125a]
V  [jvm.dll+0x6ecf0b]
C  [ucrtbase.dll+0x29333]
C  [KERNEL32.DLL+0x1257d]
C  [ntdll.dll+0x5af28]


---------------  P R O C E S S  ---------------

Threads class SMR info:
_java_thread_list=0x000002cb987475c0, length=23, elements={
0x000002cbe995ec30, 0x000002cbffae5690, 0x000002cbffae6480, 0x000002cbffaec2a0,
0x000002cbffaee060, 0x000002cbffaf09a0, 0x000002cbffaf92e0, 0x000002cbffafd440,
0x000002cbffafddb0, 0x000002cb938320d0, 0x000002cb938e5d90, 0x000002cb9395f1e0,
0x000002cb939640c0, 0x000002cb93964a50, 0x000002cb939e8570, 0x000002cb939e8ab0,
0x000002cb93d3e380, 0x000002cb940c93b0, 0x000002cb9474a0e0, 0x000002cb9474a660,
0x000002cb94a79740, 0x000002cb967914e0, 0x000002cb967909c0
}

Java Threads: ( => current thread )
  0x000002cbe995ec30 JavaThread "main" [_thread_in_native, id=21964, stack(0x000000ff1b900000,0x000000ff1ba00000)]
  0x000002cbffae5690 JavaThread "Reference Handler" daemon [_thread_blocked, id=1592, stack(0x000000ff1c000000,0x000000ff1c100000)]
  0x000002cbffae6480 JavaThread "Finalizer" daemon [_thread_blocked, id=5436, stack(0x000000ff1c100000,0x000000ff1c200000)]
  0x000002cbffaec2a0 JavaThread "Signal Dispatcher" daemon [_thread_blocked, id=14944, stack(0x000000ff1c200000,0x000000ff1c300000)]
  0x000002cbffaee060 JavaThread "Attach Listener" daemon [_thread_blocked, id=18164, stack(0x000000ff1c300000,0x000000ff1c400000)]
  0x000002cbffaf09a0 JavaThread "Service Thread" daemon [_thread_blocked, id=20920, stack(0x000000ff1c400000,0x000000ff1c500000)]
  0x000002cbffaf92e0 JavaThread "Monitor Deflation Thread" daemon [_thread_blocked, id=13192, stack(0x000000ff1c500000,0x000000ff1c600000)]
  0x000002cbffafd440 JavaThread "C2 CompilerThread0" daemon [_thread_in_native, id=22968, stack(0x000000ff1c600000,0x000000ff1c700000)]
  0x000002cbffafddb0 JavaThread "C1 CompilerThread0" daemon [_thread_blocked, id=23684, stack(0x000000ff1c700000,0x000000ff1c800000)]
  0x000002cb938320d0 JavaThread "Sweeper thread" daemon [_thread_blocked, id=4156, stack(0x000000ff1c800000,0x000000ff1c900000)]
  0x000002cb938e5d90 JavaThread "C1 CompilerThread1" daemon [_thread_blocked, id=15228, stack(0x000000ff1c900000,0x000000ff1ca00000)]
  0x000002cb9395f1e0 JavaThread "Common-Cleaner" daemon [_thread_blocked, id=16188, stack(0x000000ff1ca00000,0x000000ff1cb00000)]
  0x000002cb939640c0 JavaThread "C1 CompilerThread2" daemon [_thread_blocked, id=28084, stack(0x000000ff1cb00000,0x000000ff1cc00000)]
  0x000002cb93964a50 JavaThread "C1 CompilerThread3" daemon [_thread_blocked, id=27808, stack(0x000000ff1cc00000,0x000000ff1cd00000)]
  0x000002cb939e8570 JavaThread "Monitor Ctrl-Break" daemon [_thread_in_native, id=17684, stack(0x000000ff1cd00000,0x000000ff1ce00000)]
  0x000002cb939e8ab0 JavaThread "Notification Thread" daemon [_thread_blocked, id=28584, stack(0x000000ff1ce00000,0x000000ff1cf00000)]
  0x000002cb93d3e380 JavaThread "C2 CompilerThread1" daemon [_thread_in_native, id=18424, stack(0x000000ff1d000000,0x000000ff1d100000)]
  0x000002cb940c93b0 JavaThread "C2 CompilerThread2" daemon [_thread_in_native, id=22912, stack(0x000000ff1d100000,0x000000ff1d200000)]
=>0x000002cb9474a0e0 JavaThread "C2 CompilerThread3" daemon [_thread_in_native, id=22792, stack(0x000000ff1d200000,0x000000ff1d300000)]
  0x000002cb9474a660 JavaThread "C2 CompilerThread4" daemon [_thread_in_native, id=8268, stack(0x000000ff1d300000,0x000000ff1d400000)]
  0x000002cb94a79740 JavaThread "C2 CompilerThread5" daemon [_thread_in_native, id=22752, stack(0x000000ff1d400000,0x000000ff1d500000)]
  0x000002cb967914e0 JavaThread "C2 CompilerThread6" daemon [_thread_in_native, id=19676, stack(0x000000ff1d500000,0x000000ff1d600000)]
  0x000002cb967909c0 JavaThread "C2 CompilerThread7" daemon [_thread_in_native, id=14128, stack(0x000000ff1d600000,0x000000ff1d700000)]

Other Threads:
  0x000002cbffacc5a0 VMThread "VM Thread" [stack: 0x000000ff1bf00000,0x000000ff1c000000] [id=27180]
  0x000002cb939ed820 WatcherThread "VM Periodic Task Thread" [stack: 0x000000ff1cf00000,0x000000ff1d000000] [id=28840]
  0x000002cbe99d17f0 WorkerThread "GC Thread#0" [stack: 0x000000ff1ba00000,0x000000ff1bb00000] [id=26896]
  0x000002cb93d3c420 WorkerThread "GC Thread#1" [stack: 0x000000ff1d700000,0x000000ff1d800000] [id=17292]
  0x000002cb93d3c9c0 WorkerThread "GC Thread#2" [stack: 0x000000ff1d800000,0x000000ff1d900000] [id=14404]
  0x000002cb93d3d500 WorkerThread "GC Thread#3" [stack: 0x000000ff1d900000,0x000000ff1da00000] [id=24760]
  0x000002cb93d3d7d0 WorkerThread "GC Thread#4" [stack: 0x000000ff1da00000,0x000000ff1db00000] [id=21092]
  0x000002cb93d3bbb0 WorkerThread "GC Thread#5" [stack: 0x000000ff1db00000,0x000000ff1dc00000] [id=19136]
  0x000002cb93d3be80 WorkerThread "GC Thread#6" [stack: 0x000000ff1dc00000,0x000000ff1dd00000] [id=26340]
  0x000002cb93d3c150 WorkerThread "GC Thread#7" [stack: 0x000000ff1dd00000,0x000000ff1de00000] [id=18068]
  0x000002cb94b00c80 WorkerThread "GC Thread#8" [stack: 0x000000ff1de00000,0x000000ff1df00000] [id=28512]
  0x000002cb94b006e0 WorkerThread "GC Thread#9" [stack: 0x000000ff1df00000,0x000000ff1e000000] [id=20856]
  0x000002cb94b014f0 WorkerThread "GC Thread#10" [stack: 0x000000ff1e000000,0x000000ff1e100000] [id=7972]
  0x000002cb94b01220 WorkerThread "GC Thread#11" [stack: 0x000000ff1e100000,0x000000ff1e200000] [id=24896]
  0x000002cb94aff060 WorkerThread "GC Thread#12" [stack: 0x000000ff1e200000,0x000000ff1e300000] [id=15564]
  0x000002cbe99e2160 ConcurrentGCThread "G1 Main Marker" [stack: 0x000000ff1bb00000,0x000000ff1bc00000] [id=9116]
  0x000002cbe99e2b90 WorkerThread "G1 Conc#0" [stack: 0x000000ff1bc00000,0x000000ff1bd00000] [id=15120]
  0x000002cb94aff600 WorkerThread "G1 Conc#1" [stack: 0x000000ff1e300000,0x000000ff1e400000] [id=26168]
  0x000002cb94affe70 WorkerThread "G1 Conc#2" [stack: 0x000000ff1e400000,0x000000ff1e500000] [id=9560]
  0x000002cbe9a1e490 ConcurrentGCThread "G1 Refine#0" [stack: 0x000000ff1bd00000,0x000000ff1be00000] [id=22512]
  0x000002cbff988400 ConcurrentGCThread "G1 Service" [stack: 0x000000ff1be00000,0x000000ff1bf00000] [id=26092]

Threads with active compile tasks:
C2 CompilerThread0     7116 11507       4       lombok.javac.JavacAST::buildTree (176 bytes)
C2 CompilerThread1     7116 11642       4       com.sun.tools.javac.comp.Check::getApplicableTargets (836 bytes)
C2 CompilerThread2     7116 11687   !   4       com.sun.tools.javac.code.Type$UndetVar::substBounds (362 bytes)
C2 CompilerThread3     7116 11501       4       lombok.javac.JavacAST::buildStatementOrExpression (104 bytes)
C2 CompilerThread4     7116 11502       4       lombok.core.AST::buildWithField (21 bytes)
C2 CompilerThread5     7116 11504   !   4       lombok.javac.JavacAST::drill (146 bytes)
C2 CompilerThread6     7116 11528       4       lombok.core.AST::buildWithCollection (128 bytes)
C2 CompilerThread7     7116 11505   !   4       lombok.core.AST::buildWithField0 (121 bytes)

VM state: not at safepoint (normal execution)

VM Mutex/Monitor currently owned by a thread: None

Heap address: 0x0000000705e00000, size: 4002 MB, Compressed Oops mode: Zero based, Oop shift amount: 3

CDS archive(s) mapped at: [0x0000000800000000-0x0000000800c40000-0x0000000800c40000), size 12845056, SharedBaseAddress: 0x0000000800000000, ArchiveRelocationMode: 0.
Compressed class space mapped at: 0x0000000801000000-0x0000000841000000, reserved size: 1073741824
Narrow klass base: 0x0000000800000000, Narrow klass shift: 0, Narrow klass range: 0x100000000

GC Precious Log:
 CardTable entry size: 512
 Card Set container configuration: InlinePtr #cards 4 size 8 Array Of Cards #cards 16 size 48 Howl #buckets 8 coarsen threshold 3686 Howl Bitmap #cards 512 size 80 coarsen threshold 460 Card regions per heap region 1 cards per card region 4096
 CPUs: 16 total, 16 available
 Memory: 16005M
 Large Page Support: Disabled
 NUMA Support: Disabled
 Compressed Oops: Enabled (Zero based)
 Heap Region Size: 2M
 Heap Min Capacity: 8M
 Heap Initial Capacity: 252M
 Heap Max Capacity: 4002M
 Pre-touch: Disabled
 Parallel Workers: 13
 Concurrent Workers: 3
 Concurrent Refinement Workers: 13
 Periodic GC: Disabled

Heap:
 garbage-first heap   total 221184K, used 135102K [0x0000000705e00000, 0x0000000800000000)
  region size 2048K, 27 young (55296K), 5 survivors (10240K)
 Metaspace       used 33727K, committed 34304K, reserved 1114112K
  class space    used 3444K, committed 3776K, reserved 1048576K

Heap Regions: E=young(eden), S=young(survivor), O=old, HS=humongous(starts), HC=humongous(continues), CS=collection set, F=free, OA=open archive, CA=closed archive, TAMS=top-at-mark-start (previous, next)
|   0|0x0000000705e00000, 0x0000000706000000, 0x0000000706000000|100%| O|  |TAMS 0x0000000706000000, 0x0000000705e00000| Untracked 
|   1|0x0000000706000000, 0x0000000706200000, 0x0000000706200000|100%| O|  |TAMS 0x0000000706000000, 0x0000000706000000| Untracked 
|   2|0x0000000706200000, 0x0000000706400000, 0x0000000706400000|100%| O|  |TAMS 0x0000000706200000, 0x0000000706200000| Untracked 
|   3|0x0000000706400000, 0x0000000706600000, 0x0000000706600000|100%| O|  |TAMS 0x0000000706400000, 0x0000000706400000| Untracked 
|   4|0x0000000706600000, 0x0000000706800000, 0x0000000706800000|100%| O|  |TAMS 0x0000000706600000, 0x0000000706600000| Untracked 
|   5|0x0000000706800000, 0x0000000706a00000, 0x0000000706a00000|100%| O|  |TAMS 0x0000000706800000, 0x0000000706800000| Untracked 
|   6|0x0000000706a00000, 0x0000000706c00000, 0x0000000706c00000|100%| O|  |TAMS 0x0000000706a00000, 0x0000000706a00000| Untracked 
|   7|0x0000000706c00000, 0x0000000706e00000, 0x0000000706e00000|100%| O|  |TAMS 0x0000000706c00000, 0x0000000706c00000| Untracked 
|   8|0x0000000706e00000, 0x0000000707000000, 0x0000000707000000|100%| O|  |TAMS 0x0000000706e00000, 0x0000000706e00000| Untracked 
|   9|0x0000000707000000, 0x0000000707200000, 0x0000000707200000|100%| O|  |TAMS 0x0000000707000000, 0x0000000707000000| Untracked 
|  10|0x0000000707200000, 0x0000000707400000, 0x0000000707400000|100%| O|  |TAMS 0x0000000707200000, 0x0000000707200000| Untracked 
|  11|0x0000000707400000, 0x0000000707600000, 0x0000000707600000|100%| O|  |TAMS 0x0000000707400000, 0x0000000707400000| Untracked 
|  12|0x0000000707600000, 0x0000000707800000, 0x0000000707800000|100%| O|  |TAMS 0x0000000707600000, 0x0000000707600000| Untracked 
|  13|0x0000000707800000, 0x0000000707a00000, 0x0000000707a00000|100%| O|  |TAMS 0x0000000707800000, 0x0000000707800000| Untracked 
|  14|0x0000000707a00000, 0x0000000707c00000, 0x0000000707c00000|100%| O|  |TAMS 0x0000000707a00000, 0x0000000707a00000| Untracked 
|  15|0x0000000707c00000, 0x0000000707e00000, 0x0000000707e00000|100%| O|  |TAMS 0x0000000707c00000, 0x0000000707c00000| Untracked 
|  16|0x0000000707e00000, 0x0000000708000000, 0x0000000708000000|100%| O|  |TAMS 0x0000000707e00000, 0x0000000707e00000| Untracked 
|  17|0x0000000708000000, 0x0000000708200000, 0x0000000708200000|100%| O|  |TAMS 0x0000000708000000, 0x0000000708000000| Untracked 
|  18|0x0000000708200000, 0x0000000708400000, 0x0000000708400000|100%| O|  |TAMS 0x0000000708200000, 0x0000000708200000| Untracked 
|  19|0x0000000708400000, 0x0000000708600000, 0x0000000708600000|100%| O|  |TAMS 0x0000000708400000, 0x0000000708400000| Untracked 
|  20|0x0000000708600000, 0x0000000708800000, 0x0000000708800000|100%| O|  |TAMS 0x0000000708600000, 0x0000000708600000| Untracked 
|  21|0x0000000708800000, 0x0000000708a00000, 0x0000000708a00000|100%| O|  |TAMS 0x0000000708800000, 0x0000000708800000| Untracked 
|  22|0x0000000708a00000, 0x0000000708c00000, 0x0000000708c00000|100%|HS|  |TAMS 0x0000000708a00000, 0x0000000708a00000| Complete 
|  23|0x0000000708c00000, 0x0000000708e00000, 0x0000000708e00000|100%|HC|  |TAMS 0x0000000708c00000, 0x0000000708c00000| Complete 
|  24|0x0000000708e00000, 0x0000000709000000, 0x0000000709000000|100%| O|  |TAMS 0x0000000708e00000, 0x0000000708e00000| Untracked 
|  25|0x0000000709000000, 0x0000000709200000, 0x0000000709200000|100%| O|  |TAMS 0x0000000709000000, 0x0000000709000000| Untracked 
|  26|0x0000000709200000, 0x0000000709400000, 0x0000000709400000|100%| O|  |TAMS 0x0000000709200000, 0x0000000709200000| Untracked 
|  27|0x0000000709400000, 0x0000000709600000, 0x0000000709600000|100%| O|  |TAMS 0x0000000709400000, 0x0000000709400000| Untracked 
|  28|0x0000000709600000, 0x0000000709800000, 0x0000000709800000|100%| O|  |TAMS 0x0000000709600000, 0x0000000709600000| Untracked 
|  29|0x0000000709800000, 0x0000000709a00000, 0x0000000709a00000|100%| O|  |TAMS 0x0000000709800000, 0x0000000709800000| Untracked 
|  30|0x0000000709a00000, 0x0000000709c00000, 0x0000000709c00000|100%| O|  |TAMS 0x0000000709a00000, 0x0000000709a00000| Untracked 
|  31|0x0000000709c00000, 0x0000000709e00000, 0x0000000709e00000|100%| O|  |TAMS 0x0000000709c00000, 0x0000000709c00000| Untracked 
|  32|0x0000000709e00000, 0x000000070a000000, 0x000000070a000000|100%| O|  |TAMS 0x0000000709e00000, 0x0000000709e00000| Untracked 
|  33|0x000000070a000000, 0x000000070a000000, 0x000000070a200000|  0%| F|  |TAMS 0x000000070a000000, 0x000000070a000000| Untracked 
|  34|0x000000070a200000, 0x000000070a200000, 0x000000070a400000|  0%| F|  |TAMS 0x000000070a200000, 0x000000070a200000| Untracked 
|  35|0x000000070a400000, 0x000000070a600000, 0x000000070a600000|100%| O|  |TAMS 0x000000070a400000, 0x000000070a400000| Untracked 
|  36|0x000000070a600000, 0x000000070a800000, 0x000000070a800000|100%| O|  |TAMS 0x000000070a600000, 0x000000070a600000| Untracked 
|  37|0x000000070a800000, 0x000000070aa00000, 0x000000070aa00000|100%| O|  |TAMS 0x000000070a800000, 0x000000070a800000| Untracked 
|  38|0x000000070aa00000, 0x000000070aa00000, 0x000000070ac00000|  0%| F|  |TAMS 0x000000070aa00000, 0x000000070aa00000| Untracked 
|  39|0x000000070ac00000, 0x000000070ac00000, 0x000000070ae00000|  0%| F|  |TAMS 0x000000070ac00000, 0x000000070ac00000| Untracked 
|  40|0x000000070ae00000, 0x000000070af39000, 0x000000070b000000| 61%| O|  |TAMS 0x000000070ae00000, 0x000000070ae00000| Untracked 
|  41|0x000000070b000000, 0x000000070b000000, 0x000000070b200000|  0%| F|  |TAMS 0x000000070b000000, 0x000000070b000000| Untracked 
|  42|0x000000070b200000, 0x000000070b200000, 0x000000070b400000|  0%| F|  |TAMS 0x000000070b200000, 0x000000070b200000| Untracked 
|  43|0x000000070b400000, 0x000000070b400000, 0x000000070b600000|  0%| F|  |TAMS 0x000000070b400000, 0x000000070b400000| Untracked 
|  44|0x000000070b600000, 0x000000070b600000, 0x000000070b800000|  0%| F|  |TAMS 0x000000070b600000, 0x000000070b600000| Untracked 
|  45|0x000000070b800000, 0x000000070b800000, 0x000000070ba00000|  0%| F|  |TAMS 0x000000070b800000, 0x000000070b800000| Untracked 
|  46|0x000000070ba00000, 0x000000070ba00000, 0x000000070bc00000|  0%| F|  |TAMS 0x000000070ba00000, 0x000000070ba00000| Untracked 
|  47|0x000000070bc00000, 0x000000070bc00000, 0x000000070be00000|  0%| F|  |TAMS 0x000000070bc00000, 0x000000070bc00000| Untracked 
|  48|0x000000070be00000, 0x000000070be00000, 0x000000070c000000|  0%| F|  |TAMS 0x000000070be00000, 0x000000070be00000| Untracked 
|  49|0x000000070c000000, 0x000000070c000000, 0x000000070c200000|  0%| F|  |TAMS 0x000000070c000000, 0x000000070c000000| Untracked 
|  50|0x000000070c200000, 0x000000070c200000, 0x000000070c400000|  0%| F|  |TAMS 0x000000070c200000, 0x000000070c200000| Untracked 
|  51|0x000000070c400000, 0x000000070c400000, 0x000000070c600000|  0%| F|  |TAMS 0x000000070c400000, 0x000000070c400000| Untracked 
|  52|0x000000070c600000, 0x000000070c600000, 0x000000070c800000|  0%| F|  |TAMS 0x000000070c600000, 0x000000070c600000| Untracked 
|  53|0x000000070c800000, 0x000000070c800000, 0x000000070ca00000|  0%| F|  |TAMS 0x000000070c800000, 0x000000070c800000| Untracked 
|  54|0x000000070ca00000, 0x000000070ca00000, 0x000000070cc00000|  0%| F|  |TAMS 0x000000070ca00000, 0x000000070ca00000| Untracked 
|  55|0x000000070cc00000, 0x000000070cc00000, 0x000000070ce00000|  0%| F|  |TAMS 0x000000070cc00000, 0x000000070cc00000| Untracked 
|  56|0x000000070ce00000, 0x000000070ceb6b80, 0x000000070d000000| 35%| S|CS|TAMS 0x000000070ce00000, 0x000000070ce00000| Complete 
|  57|0x000000070d000000, 0x000000070d200000, 0x000000070d200000|100%| S|CS|TAMS 0x000000070d000000, 0x000000070d000000| Complete 
|  58|0x000000070d200000, 0x000000070d400000, 0x000000070d400000|100%| S|CS|TAMS 0x000000070d200000, 0x000000070d200000| Complete 
|  59|0x000000070d400000, 0x000000070d600000, 0x000000070d600000|100%| S|CS|TAMS 0x000000070d400000, 0x000000070d400000| Complete 
|  60|0x000000070d600000, 0x000000070d800000, 0x000000070d800000|100%| S|CS|TAMS 0x000000070d600000, 0x000000070d600000| Complete 
|  61|0x000000070d800000, 0x000000070d800000, 0x000000070da00000|  0%| F|  |TAMS 0x000000070d800000, 0x000000070d800000| Untracked 
|  62|0x000000070da00000, 0x000000070da00000, 0x000000070dc00000|  0%| F|  |TAMS 0x000000070da00000, 0x000000070da00000| Untracked 
|  63|0x000000070dc00000, 0x000000070dc00000, 0x000000070de00000|  0%| F|  |TAMS 0x000000070dc00000, 0x000000070dc00000| Untracked 
|  64|0x000000070de00000, 0x000000070de00000, 0x000000070e000000|  0%| F|  |TAMS 0x000000070de00000, 0x000000070de00000| Untracked 
|  65|0x000000070e000000, 0x000000070e000000, 0x000000070e200000|  0%| F|  |TAMS 0x000000070e000000, 0x000000070e000000| Untracked 
|  66|0x000000070e200000, 0x000000070e200000, 0x000000070e400000|  0%| F|  |TAMS 0x000000070e200000, 0x000000070e200000| Untracked 
|  67|0x000000070e400000, 0x000000070e400000, 0x000000070e600000|  0%| F|  |TAMS 0x000000070e400000, 0x000000070e400000| Untracked 
|  68|0x000000070e600000, 0x000000070e600000, 0x000000070e800000|  0%| F|  |TAMS 0x000000070e600000, 0x000000070e600000| Untracked 
|  69|0x000000070e800000, 0x000000070e800000, 0x000000070ea00000|  0%| F|  |TAMS 0x000000070e800000, 0x000000070e800000| Untracked 
|  70|0x000000070ea00000, 0x000000070ea00000, 0x000000070ec00000|  0%| F|  |TAMS 0x000000070ea00000, 0x000000070ea00000| Untracked 
|  71|0x000000070ec00000, 0x000000070ec00000, 0x000000070ee00000|  0%| F|  |TAMS 0x000000070ec00000, 0x000000070ec00000| Untracked 
|  72|0x000000070ee00000, 0x000000070ee00000, 0x000000070f000000|  0%| F|  |TAMS 0x000000070ee00000, 0x000000070ee00000| Untracked 
|  73|0x000000070f000000, 0x000000070f000000, 0x000000070f200000|  0%| F|  |TAMS 0x000000070f000000, 0x000000070f000000| Untracked 
|  74|0x000000070f200000, 0x000000070f200000, 0x000000070f400000|  0%| F|  |TAMS 0x000000070f200000, 0x000000070f200000| Untracked 
|  75|0x000000070f400000, 0x000000070f400000, 0x000000070f600000|  0%| F|  |TAMS 0x000000070f400000, 0x000000070f400000| Untracked 
|  76|0x000000070f600000, 0x000000070f600000, 0x000000070f800000|  0%| F|  |TAMS 0x000000070f600000, 0x000000070f600000| Untracked 
|  77|0x000000070f800000, 0x000000070f800000, 0x000000070fa00000|  0%| F|  |TAMS 0x000000070f800000, 0x000000070f800000| Untracked 
|  78|0x000000070fa00000, 0x000000070fa00000, 0x000000070fc00000|  0%| F|  |TAMS 0x000000070fa00000, 0x000000070fa00000| Untracked 
|  79|0x000000070fc00000, 0x000000070fc00000, 0x000000070fe00000|  0%| F|  |TAMS 0x000000070fc00000, 0x000000070fc00000| Untracked 
|  80|0x000000070fe00000, 0x000000070fe00000, 0x0000000710000000|  0%| F|  |TAMS 0x000000070fe00000, 0x000000070fe00000| Untracked 
|  81|0x0000000710000000, 0x0000000710000000, 0x0000000710200000|  0%| F|  |TAMS 0x0000000710000000, 0x0000000710000000| Untracked 
|  82|0x0000000710200000, 0x0000000710300800, 0x0000000710400000| 50%| E|  |TAMS 0x0000000710200000, 0x0000000710200000| Complete 
|  83|0x0000000710400000, 0x0000000710600000, 0x0000000710600000|100%| E|CS|TAMS 0x0000000710400000, 0x0000000710400000| Complete 
|  84|0x0000000710600000, 0x0000000710800000, 0x0000000710800000|100%| E|CS|TAMS 0x0000000710600000, 0x0000000710600000| Complete 
|  85|0x0000000710800000, 0x0000000710a00000, 0x0000000710a00000|100%| E|CS|TAMS 0x0000000710800000, 0x0000000710800000| Complete 
|  86|0x0000000710a00000, 0x0000000710c00000, 0x0000000710c00000|100%| E|CS|TAMS 0x0000000710a00000, 0x0000000710a00000| Complete 
|  87|0x0000000710c00000, 0x0000000710e00000, 0x0000000710e00000|100%| E|CS|TAMS 0x0000000710c00000, 0x0000000710c00000| Complete 
|  88|0x0000000710e00000, 0x0000000711000000, 0x0000000711000000|100%| E|CS|TAMS 0x0000000710e00000, 0x0000000710e00000| Complete 
|  89|0x0000000711000000, 0x0000000711200000, 0x0000000711200000|100%| E|CS|TAMS 0x0000000711000000, 0x0000000711000000| Complete 
|  90|0x0000000711200000, 0x0000000711400000, 0x0000000711400000|100%| E|CS|TAMS 0x0000000711200000, 0x0000000711200000| Complete 
|  91|0x0000000711400000, 0x0000000711600000, 0x0000000711600000|100%| E|CS|TAMS 0x0000000711400000, 0x0000000711400000| Complete 
|  92|0x0000000711600000, 0x0000000711800000, 0x0000000711800000|100%| E|CS|TAMS 0x0000000711600000, 0x0000000711600000| Complete 
|  93|0x0000000711800000, 0x0000000711a00000, 0x0000000711a00000|100%| E|CS|TAMS 0x0000000711800000, 0x0000000711800000| Complete 
|  94|0x0000000711a00000, 0x0000000711c00000, 0x0000000711c00000|100%| E|CS|TAMS 0x0000000711a00000, 0x0000000711a00000| Complete 
|  95|0x0000000711c00000, 0x0000000711e00000, 0x0000000711e00000|100%| E|CS|TAMS 0x0000000711c00000, 0x0000000711c00000| Complete 
|  96|0x0000000711e00000, 0x0000000712000000, 0x0000000712000000|100%| E|CS|TAMS 0x0000000711e00000, 0x0000000711e00000| Complete 
|  97|0x0000000712000000, 0x0000000712200000, 0x0000000712200000|100%| E|CS|TAMS 0x0000000712000000, 0x0000000712000000| Complete 
|  98|0x0000000712200000, 0x0000000712400000, 0x0000000712400000|100%| E|CS|TAMS 0x0000000712200000, 0x0000000712200000| Complete 
|  99|0x0000000712400000, 0x0000000712600000, 0x0000000712600000|100%| E|CS|TAMS 0x0000000712400000, 0x0000000712400000| Complete 
| 100|0x0000000712600000, 0x0000000712800000, 0x0000000712800000|100%| E|CS|TAMS 0x0000000712600000, 0x0000000712600000| Complete 
| 101|0x0000000712800000, 0x0000000712a00000, 0x0000000712a00000|100%| E|CS|TAMS 0x0000000712800000, 0x0000000712800000| Complete 
| 102|0x0000000712a00000, 0x0000000712c00000, 0x0000000712c00000|100%| E|CS|TAMS 0x0000000712a00000, 0x0000000712a00000| Complete 
| 125|0x0000000715800000, 0x0000000715a00000, 0x0000000715a00000|100%| E|CS|TAMS 0x0000000715800000, 0x0000000715800000| Complete 
|1997|0x00000007ff800000, 0x00000007ffa00000, 0x00000007ffa00000|100%| O|  |TAMS 0x00000007ff800000, 0x00000007ff800000| Untracked 
|1998|0x00000007ffa00000, 0x00000007ffc00000, 0x00000007ffc00000|100%| O|  |TAMS 0x00000007ffa00000, 0x00000007ffa00000| Untracked 
|1999|0x00000007ffc00000, 0x00000007ffe00000, 0x00000007ffe00000|100%| O|  |TAMS 0x00000007ffc00000, 0x00000007ffc00000| Untracked 
|2000|0x00000007ffe00000, 0x0000000800000000, 0x0000000800000000|100%| O|  |TAMS 0x00000007ffe00000, 0x00000007ffe00000| Untracked 

Card table byte_map: [0x000002cbf4830000,0x000002cbf5010000] _byte_map_base: 0x000002cbf1001000

Marking Bits (Prev, Next): (CMBitMap*) 0x000002cbe99d1e60, (CMBitMap*) 0x000002cbe99d1e20
 Prev Bits: [0x000002cbf9680000, 0x000002cbfd508000)
 Next Bits: [0x000002cbf57f0000, 0x000002cbf9678000)

Polling page: 0x000002cbe9a20000

Metaspace:

Usage:
  Non-class:     29.58 MB used.
      Class:      3.37 MB used.
       Both:     32.94 MB used.

Virtual space:
  Non-class space:       64.00 MB reserved,      29.81 MB ( 47%) committed,  1 nodes.
      Class space:        1.00 GB reserved,       3.69 MB ( <1%) committed,  1 nodes.
             Both:        1.06 GB reserved,      33.50 MB (  3%) committed. 

Chunk freelists:
   Non-Class:  1.81 MB
       Class:  303.00 KB
        Both:  2.11 MB

MaxMetaspaceSize: unlimited
CompressedClassSpaceSize: 1.00 GB
Initial GC threshold: 21.00 MB
Current GC threshold: 35.25 MB
CDS: on
MetaspaceReclaimPolicy: balanced
 - commit_granule_bytes: 65536.
 - commit_granule_words: 8192.
 - virtual_space_node_default_size: 8388608.
 - enlarge_chunks_in_place: 1.
 - new_chunks_are_fully_committed: 0.
 - uncommit_free_chunks: 1.
 - use_allocation_guard: 0.


Internal statistics:

num_allocs_failed_limit: 3.
num_arena_births: 748.
num_arena_deaths: 0.
num_vsnodes_births: 2.
num_vsnodes_deaths: 0.
num_space_committed: 536.
num_space_uncommitted: 0.
num_chunks_returned_to_freelist: 3.
num_chunks_taken_from_freelist: 2074.
num_chunk_merges: 3.
num_chunk_splits: 1432.
num_chunks_enlarged: 1013.
num_inconsistent_stats: 0.

CodeHeap 'non-profiled nmethods': size=119168Kb used=7521Kb max_used=7521Kb free=111646Kb
 bounds [0x000002cb87ba0000, 0x000002cb88300000, 0x000002cb8f000000]
CodeHeap 'profiled nmethods': size=119104Kb used=21622Kb max_used=21643Kb free=97481Kb
 bounds [0x000002cb80000000, 0x000002cb81570000, 0x000002cb87450000]
CodeHeap 'non-nmethods': size=7488Kb used=3006Kb max_used=3136Kb free=4481Kb
 bounds [0x000002cb87450000, 0x000002cb87770000, 0x000002cb87ba0000]
 total_blobs=10010 nmethods=9466 adapters=451
 compilation: enabled
              stopped_count=0, restarted_count=0
 full_count=0

Compilation events (20 events):
Event: 7.058 Thread 0x000002cb93964a50 11659       3       lombok.javac.JavacAST::buildTry (165 bytes)
Event: 7.058 Thread 0x000002cb938e5d90 nmethod 11658 0x000002cb810a8190 code [0x000002cb810a8340, 0x000002cb810a8608]
Event: 7.058 Thread 0x000002cbffafddb0 nmethod 11657 0x000002cb810a7a10 code [0x000002cb810a7be0, 0x000002cb810a8028]
Event: 7.059 Thread 0x000002cb939640c0 11660   !   3       lombok.javac.handlers.HandleVal::endVisitLocal (989 bytes)
Event: 7.061 Thread 0x000002cb93964a50 nmethod 11659 0x000002cb81008c90 code [0x000002cb81009120, 0x000002cb8100bf78]
Event: 7.069 Thread 0x000002cb939640c0 nmethod 11660 0x000002cb8021e390 code [0x000002cb8021f120, 0x000002cb80227a08]
Event: 7.076 Thread 0x000002cb93d3e380 nmethod 11643 0x000002cb882f2310 code [0x000002cb882f2640, 0x000002cb882f34c8]
Event: 7.076 Thread 0x000002cbffafddb0 11666       3       com.sun.tools.javac.comp.Attr::visitTypeArray (47 bytes)
Event: 7.077 Thread 0x000002cbffafddb0 nmethod 11666 0x000002cb81008090 code [0x000002cb810082a0, 0x000002cb81008918]
Event: 7.078 Thread 0x000002cb93d3e380 11642       4       com.sun.tools.javac.comp.Check::getApplicableTargets (836 bytes)
Event: 7.087 Thread 0x000002cb940c93b0 nmethod 11612 0x000002cb882f4690 code [0x000002cb882f49c0, 0x000002cb882f5f10]
Event: 7.089 Thread 0x000002cb940c93b0 11639       4       com.sun.tools.javac.tree.JCTree$JCCompilationUnit::getImports (88 bytes)
Event: 7.091 Thread 0x000002cb93964a50 11674       3       com.sun.tools.javac.comp.TypeEnter::defaultConstructor (195 bytes)
Event: 7.091 Thread 0x000002cb939640c0 11675       3       com.sun.tools.javac.comp.TypeEnter$DefaultConstructorHelper::finalAdjustment (2 bytes)
Event: 7.092 Thread 0x000002cb939640c0 nmethod 11675 0x000002cb81268a10 code [0x000002cb81268ba0, 0x000002cb81268cb8]
Event: 7.094 Thread 0x000002cb93964a50 nmethod 11674 0x000002cb80539b90 code [0x000002cb80539f80, 0x000002cb8053bcf8]
Event: 7.094 Thread 0x000002cb938e5d90 11679       3       java.util.EnumSet::of (22 bytes)
Event: 7.095 Thread 0x000002cb938e5d90 nmethod 11679 0x000002cb80c80e10 code [0x000002cb80c81000, 0x000002cb80c813f8]
Event: 7.095 Thread 0x000002cb938e5d90 11680       3       com.sun.tools.javac.jvm.ClassReader$4::read (35 bytes)
Event: 7.095 Thread 0x000002cb938e5d90 nmethod 11680 0x000002cb80ce2a10 code [0x000002cb80ce2bc0, 0x000002cb80ce2d58]

GC Heap History (20 events):
Event: 3.698 GC heap before
{Heap before GC invocations=9 (full 0):
 garbage-first heap   total 153600K, used 110134K [0x0000000705e00000, 0x0000000800000000)
  region size 2048K, 33 young (67584K), 5 survivors (10240K)
 Metaspace       used 27667K, committed 28160K, reserved 1114112K
  class space    used 2869K, committed 3136K, reserved 1048576K
}
Event: 3.703 GC heap after
{Heap after GC invocations=10 (full 0):
 garbage-first heap   total 153600K, used 54576K [0x0000000705e00000, 0x0000000800000000)
  region size 2048K, 1 young (2048K), 1 survivors (2048K)
 Metaspace       used 27667K, committed 28160K, reserved 1114112K
  class space    used 2869K, committed 3136K, reserved 1048576K
}
Event: 3.913 GC heap before
{Heap before GC invocations=10 (full 0):
 garbage-first heap   total 153600K, used 113968K [0x0000000705e00000, 0x0000000800000000)
  region size 2048K, 30 young (61440K), 1 survivors (2048K)
 Metaspace       used 28074K, committed 28608K, reserved 1114112K
  class space    used 2933K, committed 3200K, reserved 1048576K
}
Event: 3.914 GC heap after
{Heap after GC invocations=11 (full 0):
 garbage-first heap   total 153600K, used 53957K [0x0000000705e00000, 0x0000000800000000)
  region size 2048K, 1 young (2048K), 1 survivors (2048K)
 Metaspace       used 28074K, committed 28608K, reserved 1114112K
  class space    used 2933K, committed 3200K, reserved 1048576K
}
Event: 4.128 GC heap before
{Heap before GC invocations=11 (full 0):
 garbage-first heap   total 153600K, used 117445K [0x0000000705e00000, 0x0000000800000000)
  region size 2048K, 32 young (65536K), 1 survivors (2048K)
 Metaspace       used 28493K, committed 29056K, reserved 1114112K
  class space    used 2968K, committed 3264K, reserved 1048576K
}
Event: 4.131 GC heap after
{Heap after GC invocations=12 (full 0):
 garbage-first heap   total 153600K, used 55207K [0x0000000705e00000, 0x0000000800000000)
  region size 2048K, 2 young (4096K), 2 survivors (4096K)
 Metaspace       used 28493K, committed 29056K, reserved 1114112K
  class space    used 2968K, committed 3264K, reserved 1048576K
}
Event: 4.227 GC heap before
{Heap before GC invocations=12 (full 0):
 garbage-first heap   total 153600K, used 118695K [0x0000000705e00000, 0x0000000800000000)
  region size 2048K, 33 young (67584K), 2 survivors (4096K)
 Metaspace       used 28583K, committed 29120K, reserved 1114112K
  class space    used 2970K, committed 3264K, reserved 1048576K
}
Event: 4.229 GC heap after
{Heap after GC invocations=13 (full 0):
 garbage-first heap   total 184320K, used 55996K [0x0000000705e00000, 0x0000000800000000)
  region size 2048K, 2 young (4096K), 2 survivors (4096K)
 Metaspace       used 28583K, committed 29120K, reserved 1114112K
  class space    used 2970K, committed 3264K, reserved 1048576K
}
Event: 4.431 GC heap before
{Heap before GC invocations=13 (full 0):
 garbage-first heap   total 184320K, used 146108K [0x0000000705e00000, 0x0000000800000000)
  region size 2048K, 46 young (94208K), 2 survivors (4096K)
 Metaspace       used 28730K, committed 29312K, reserved 1114112K
  class space    used 2972K, committed 3264K, reserved 1048576K
}
Event: 4.434 GC heap after
{Heap after GC invocations=14 (full 0):
 garbage-first heap   total 184320K, used 57599K [0x0000000705e00000, 0x0000000800000000)
  region size 2048K, 3 young (6144K), 3 survivors (6144K)
 Metaspace       used 28730K, committed 29312K, reserved 1114112K
  class space    used 2972K, committed 3264K, reserved 1048576K
}
Event: 4.587 GC heap before
{Heap before GC invocations=14 (full 0):
 garbage-first heap   total 184320K, used 149759K [0x0000000705e00000, 0x0000000800000000)
  region size 2048K, 48 young (98304K), 3 survivors (6144K)
 Metaspace       used 28820K, committed 29376K, reserved 1114112K
  class space    used 2972K, committed 3264K, reserved 1048576K
}
Event: 4.591 GC heap after
{Heap after GC invocations=15 (full 0):
 garbage-first heap   total 184320K, used 57681K [0x0000000705e00000, 0x0000000800000000)
  region size 2048K, 3 young (6144K), 3 survivors (6144K)
 Metaspace       used 28820K, committed 29376K, reserved 1114112K
  class space    used 2972K, committed 3264K, reserved 1048576K
}
Event: 5.444 GC heap before
{Heap before GC invocations=15 (full 0):
 garbage-first heap   total 184320K, used 151889K [0x0000000705e00000, 0x0000000800000000)
  region size 2048K, 49 young (100352K), 3 survivors (6144K)
 Metaspace       used 31485K, committed 32000K, reserved 1114112K
  class space    used 3234K, committed 3520K, reserved 1048576K
}
Event: 5.450 GC heap after
{Heap after GC invocations=16 (full 0):
 garbage-first heap   total 184320K, used 59366K [0x0000000705e00000, 0x0000000800000000)
  region size 2048K, 4 young (8192K), 4 survivors (8192K)
 Metaspace       used 31485K, committed 32000K, reserved 1114112K
  class space    used 3234K, committed 3520K, reserved 1048576K
}
Event: 5.854 GC heap before
{Heap before GC invocations=16 (full 0):
 garbage-first heap   total 184320K, used 155622K [0x0000000705e00000, 0x0000000800000000)
  region size 2048K, 49 young (100352K), 4 survivors (8192K)
 Metaspace       used 31777K, committed 32320K, reserved 1114112K
  class space    used 3244K, committed 3520K, reserved 1048576K
}
Event: 5.860 GC heap after
{Heap after GC invocations=17 (full 0):
 garbage-first heap   total 184320K, used 64377K [0x0000000705e00000, 0x0000000800000000)
  region size 2048K, 5 young (10240K), 5 survivors (10240K)
 Metaspace       used 31777K, committed 32320K, reserved 1114112K
  class space    used 3244K, committed 3520K, reserved 1048576K
}
Event: 6.430 GC heap before
{Heap before GC invocations=17 (full 0):
 garbage-first heap   total 184320K, used 152441K [0x0000000705e00000, 0x0000000800000000)
  region size 2048K, 48 young (98304K), 5 survivors (10240K)
 Metaspace       used 32017K, committed 32640K, reserved 1114112K
  class space    used 3255K, committed 3584K, reserved 1048576K
}
Event: 6.440 GC heap after
{Heap after GC invocations=18 (full 0):
 garbage-first heap   total 221184K, used 82150K [0x0000000705e00000, 0x0000000800000000)
  region size 2048K, 6 young (12288K), 6 survivors (12288K)
 Metaspace       used 32017K, committed 32640K, reserved 1114112K
  class space    used 3255K, committed 3584K, reserved 1048576K
}
Event: 7.006 GC heap before
{Heap before GC invocations=18 (full 0):
 garbage-first heap   total 221184K, used 170214K [0x0000000705e00000, 0x0000000800000000)
  region size 2048K, 49 young (100352K), 6 survivors (12288K)
 Metaspace       used 33635K, committed 34240K, reserved 1114112K
  class space    used 3437K, committed 3776K, reserved 1048576K
}
Event: 7.014 GC heap after
{Heap after GC invocations=19 (full 0):
 garbage-first heap   total 221184K, used 92094K [0x0000000705e00000, 0x0000000800000000)
  region size 2048K, 5 young (10240K), 5 survivors (10240K)
 Metaspace       used 33635K, committed 34240K, reserved 1114112K
  class space    used 3437K, committed 3776K, reserved 1048576K
}

Dll operation events (12 events):
Event: 0.005 Loaded shared library C:\Program Files\Java\jdk-19\bin\java.dll
Event: 0.011 Loaded shared library C:\Program Files\Java\jdk-19\bin\jsvml.dll
Event: 0.041 Loaded shared library C:\Program Files\Java\jdk-19\bin\zip.dll
Event: 0.043 Loaded shared library C:\Program Files\Java\jdk-19\bin\instrument.dll
Event: 0.046 Loaded shared library C:\Program Files\Java\jdk-19\bin\net.dll
Event: 0.047 Loaded shared library C:\Program Files\Java\jdk-19\bin\nio.dll
Event: 0.049 Loaded shared library C:\Program Files\Java\jdk-19\bin\zip.dll
Event: 0.058 Loaded shared library C:\Program Files\JetBrains\IntelliJ IDEA 2022.1.2\bin\breakgen64.dll
Event: 0.063 Loaded shared library C:\Program Files\Java\jdk-19\bin\extnet.dll
Event: 0.116 Loaded shared library C:\Program Files\Java\jdk-19\bin\jimage.dll
Event: 0.165 Loaded shared library C:\Users\99293\AppData\Local\Temp\jansi-2.4.0-5c6fa58461902875-jansi.dll
Event: 0.171 Loaded shared library C:\Program Files\Java\jdk-19\bin\verify.dll

Deoptimization events (20 events):
Event: 7.049 Thread 0x000002cbe995ec30 DEOPT PACKING pc=0x000002cb882e4268 sp=0x000000ff1b9fd210
Event: 7.049 Thread 0x000002cbe995ec30 DEOPT UNPACKING pc=0x000002cb874b6da3 sp=0x000000ff1b9fd198 mode 2
Event: 7.092 Thread 0x000002cbe995ec30 Uncommon trap: trap_request=0xffffff45 fr.pc=0x000002cb87c21bc0 relative=0x0000000000000ac0
Event: 7.092 Thread 0x000002cbe995ec30 Uncommon trap: reason=unstable_if action=reinterpret pc=0x000002cb87c21bc0 method=com.sun.tools.javac.code.Lint$AugmentVisitor.initSyms()V @ 4 c2
Event: 7.093 Thread 0x000002cbe995ec30 DEOPT PACKING pc=0x000002cb87c21bc0 sp=0x000000ff1b9fd7c0
Event: 7.093 Thread 0x000002cbe995ec30 DEOPT UNPACKING pc=0x000002cb874b6da3 sp=0x000000ff1b9fd758 mode 2
Event: 7.095 Thread 0x000002cbe995ec30 Uncommon trap: trap_request=0xffffffd6 fr.pc=0x000002cb881c0c78 relative=0x00000000000001d8
Event: 7.095 Thread 0x000002cbe995ec30 Uncommon trap: reason=array_check action=maybe_recompile pc=0x000002cb881c0c78 method=java.util.stream.Nodes$FixedNodeBuilder.accept(Ljava/lang/Object;)V @ 28 c2
Event: 7.095 Thread 0x000002cbe995ec30 DEOPT PACKING pc=0x000002cb881c0c78 sp=0x000000ff1b9fbe70
Event: 7.095 Thread 0x000002cbe995ec30 DEOPT UNPACKING pc=0x000002cb874b6da3 sp=0x000000ff1b9fbe20 mode 2
Event: 7.095 Thread 0x000002cbe995ec30 Uncommon trap: trap_request=0xffffffd6 fr.pc=0x000002cb881c0c78 relative=0x00000000000001d8
Event: 7.096 Thread 0x000002cbe995ec30 Uncommon trap: reason=array_check action=maybe_recompile pc=0x000002cb881c0c78 method=java.util.stream.Nodes$FixedNodeBuilder.accept(Ljava/lang/Object;)V @ 28 c2
Event: 7.096 Thread 0x000002cbe995ec30 DEOPT PACKING pc=0x000002cb881c0c78 sp=0x000000ff1b9fbe70
Event: 7.096 Thread 0x000002cbe995ec30 DEOPT UNPACKING pc=0x000002cb874b6da3 sp=0x000000ff1b9fbe20 mode 2
Event: 7.096 Thread 0x000002cbe995ec30 Uncommon trap: trap_request=0xffffffd6 fr.pc=0x000002cb881c0c78 relative=0x00000000000001d8
Event: 7.096 Thread 0x000002cbe995ec30 Uncommon trap: reason=array_check action=maybe_recompile pc=0x000002cb881c0c78 method=java.util.stream.Nodes$FixedNodeBuilder.accept(Ljava/lang/Object;)V @ 28 c2
Event: 7.096 Thread 0x000002cbe995ec30 DEOPT PACKING pc=0x000002cb881c0c78 sp=0x000000ff1b9fbe70
Event: 7.096 Thread 0x000002cbe995ec30 DEOPT UNPACKING pc=0x000002cb874b6da3 sp=0x000000ff1b9fbe20 mode 2
Event: 7.096 Thread 0x000002cbe995ec30 Uncommon trap: trap_request=0xffffffd6 fr.pc=0x000002cb881c0c78 relative=0x00000000000001d8
Event: 7.096 Thread 0x000002cbe995ec30 Uncommon trap: reason=array_check action=maybe_recompile pc=0x000002cb881c0c78 method=java.util.stream.Nodes$FixedNodeBuilder.accept(Ljava/lang/Object;)V @ 28 c2

Classes loaded (20 events):
Event: 4.912 Loading class java/util/stream/ReduceOps$2ReducingSink
Event: 4.912 Loading class java/util/stream/ReduceOps$2ReducingSink done
Event: 4.925 Loading class java/io/DataOutputStream
Event: 4.925 Loading class java/io/DataOutputStream done
Event: 4.937 Loading class java/lang/invoke/MethodHandleImpl$CountingWrapper
Event: 4.937 Loading class java/lang/invoke/MethodHandleImpl$CountingWrapper done
Event: 5.312 Loading class java/lang/invoke/MethodHandleImpl$CountingWrapper$1
Event: 5.312 Loading class java/lang/invoke/MethodHandleImpl$CountingWrapper$1 done
Event: 5.988 Loading class java/util/EnumMap$Values
Event: 5.988 Loading class java/util/EnumMap$Values done
Event: 5.988 Loading class java/util/EnumMap$ValueIterator
Event: 5.988 Loading class java/util/EnumMap$ValueIterator done
Event: 5.990 Loading class java/util/WeakHashMap$KeyIterator
Event: 5.990 Loading class java/util/WeakHashMap$KeyIterator done
Event: 5.993 Loading class java/text/MessageFormat$Field
Event: 5.993 Loading class java/text/MessageFormat$Field done
Event: 6.225 Loading class jdk/internal/math/FDBigInteger
Event: 6.225 Loading class jdk/internal/math/FDBigInteger done
Event: 6.624 Loading class jdk/internal/module/IllegalAccessLogger
Event: 6.624 Loading class jdk/internal/module/IllegalAccessLogger done

Classes unloaded (0 events):
No events

Classes redefined (0 events):
No events

Internal exceptions (20 events):
Event: 7.033 Thread 0x000002cbe995ec30 Exception <a 'sun/nio/fs/WindowsException'{0x00000007122f0478}> (0x00000007122f0478) 
thrown [s\open\src\hotspot\share\prims\jni.cpp, line 517]
Event: 7.033 Thread 0x000002cbe995ec30 Exception <a 'sun/nio/fs/WindowsException'{0x00000007122f0768}> (0x00000007122f0768) 
thrown [s\open\src\hotspot\share\prims\jni.cpp, line 517]
Event: 7.044 Thread 0x000002cbe995ec30 Exception <a 'sun/nio/fs/WindowsException'{0x0000000711ddc9c8}> (0x0000000711ddc9c8) 
thrown [s\open\src\hotspot\share\prims\jni.cpp, line 517]
Event: 7.044 Thread 0x000002cbe995ec30 Exception <a 'sun/nio/fs/WindowsException'{0x0000000711ddcc88}> (0x0000000711ddcc88) 
thrown [s\open\src\hotspot\share\prims\jni.cpp, line 517]
Event: 7.044 Thread 0x000002cbe995ec30 Exception <a 'sun/nio/fs/WindowsException'{0x0000000711dddbc0}> (0x0000000711dddbc0) 
thrown [s\open\src\hotspot\share\prims\jni.cpp, line 517]
Event: 7.044 Thread 0x000002cbe995ec30 Exception <a 'sun/nio/fs/WindowsException'{0x0000000711dddf48}> (0x0000000711dddf48) 
thrown [s\open\src\hotspot\share\prims\jni.cpp, line 517]
Event: 7.044 Thread 0x000002cbe995ec30 Exception <a 'sun/nio/fs/WindowsException'{0x0000000711ddef48}> (0x0000000711ddef48) 
thrown [s\open\src\hotspot\share\prims\jni.cpp, line 517]
Event: 7.044 Thread 0x000002cbe995ec30 Exception <a 'sun/nio/fs/WindowsException'{0x0000000711ddf238}> (0x0000000711ddf238) 
thrown [s\open\src\hotspot\share\prims\jni.cpp, line 517]
Event: 7.075 Thread 0x000002cbe995ec30 Exception <a 'sun/nio/fs/WindowsException'{0x0000000710c1b100}> (0x0000000710c1b100) 
thrown [s\open\src\hotspot\share\prims\jni.cpp, line 517]
Event: 7.075 Thread 0x000002cbe995ec30 Exception <a 'sun/nio/fs/WindowsException'{0x0000000710c1b3c0}> (0x0000000710c1b3c0) 
thrown [s\open\src\hotspot\share\prims\jni.cpp, line 517]
Event: 7.076 Thread 0x000002cbe995ec30 Exception <a 'sun/nio/fs/WindowsException'{0x0000000710c1c2f8}> (0x0000000710c1c2f8) 
thrown [s\open\src\hotspot\share\prims\jni.cpp, line 517]
Event: 7.076 Thread 0x000002cbe995ec30 Exception <a 'sun/nio/fs/WindowsException'{0x0000000710c1c680}> (0x0000000710c1c680) 
thrown [s\open\src\hotspot\share\prims\jni.cpp, line 517]
Event: 7.076 Thread 0x000002cbe995ec30 Exception <a 'sun/nio/fs/WindowsException'{0x0000000710c1d680}> (0x0000000710c1d680) 
thrown [s\open\src\hotspot\share\prims\jni.cpp, line 517]
Event: 7.076 Thread 0x000002cbe995ec30 Exception <a 'sun/nio/fs/WindowsException'{0x0000000710c1d970}> (0x0000000710c1d970) 
thrown [s\open\src\hotspot\share\prims\jni.cpp, line 517]
Event: 7.088 Thread 0x000002cbe995ec30 Exception <a 'sun/nio/fs/WindowsException'{0x0000000710ba1b00}> (0x0000000710ba1b00) 
thrown [s\open\src\hotspot\share\prims\jni.cpp, line 517]
Event: 7.088 Thread 0x000002cbe995ec30 Exception <a 'sun/nio/fs/WindowsException'{0x0000000710ba1dc0}> (0x0000000710ba1dc0) 
thrown [s\open\src\hotspot\share\prims\jni.cpp, line 517]
Event: 7.088 Thread 0x000002cbe995ec30 Exception <a 'sun/nio/fs/WindowsException'{0x0000000710ba2cf8}> (0x0000000710ba2cf8) 
thrown [s\open\src\hotspot\share\prims\jni.cpp, line 517]
Event: 7.088 Thread 0x000002cbe995ec30 Exception <a 'sun/nio/fs/WindowsException'{0x0000000710ba3080}> (0x0000000710ba3080) 
thrown [s\open\src\hotspot\share\prims\jni.cpp, line 517]
Event: 7.088 Thread 0x000002cbe995ec30 Exception <a 'sun/nio/fs/WindowsException'{0x0000000710ba4080}> (0x0000000710ba4080) 
thrown [s\open\src\hotspot\share\prims\jni.cpp, line 517]
Event: 7.088 Thread 0x000002cbe995ec30 Exception <a 'sun/nio/fs/WindowsException'{0x0000000710ba4370}> (0x0000000710ba4370) 
thrown [s\open\src\hotspot\share\prims\jni.cpp, line 517]

VM Operations (20 events):
Event: 5.831 Executing VM operation: HandshakeAllThreads
Event: 5.831 Executing VM operation: HandshakeAllThreads done
Event: 5.854 Executing VM operation: G1CollectForAllocation
Event: 5.860 Executing VM operation: G1CollectForAllocation done
Event: 5.865 Executing VM operation: HandshakeAllThreads
Event: 5.865 Executing VM operation: HandshakeAllThreads done
Event: 5.908 Executing VM operation: HandshakeAllThreads
Event: 5.908 Executing VM operation: HandshakeAllThreads done
Event: 5.989 Executing VM operation: HandshakeAllThreads
Event: 5.989 Executing VM operation: HandshakeAllThreads done
Event: 6.212 Executing VM operation: ICBufferFull
Event: 6.212 Executing VM operation: ICBufferFull done
Event: 6.430 Executing VM operation: G1CollectForAllocation
Event: 6.440 Executing VM operation: G1CollectForAllocation done
Event: 6.526 Executing VM operation: HandshakeAllThreads
Event: 6.526 Executing VM operation: HandshakeAllThreads done
Event: 6.979 Executing VM operation: ICBufferFull
Event: 6.980 Executing VM operation: ICBufferFull done
Event: 7.006 Executing VM operation: G1CollectForAllocation
Event: 7.014 Executing VM operation: G1CollectForAllocation done

Events (20 events):
Event: 5.889 Thread 0x000002cb938320d0 flushing nmethod 0x000002cb814a4a10
Event: 6.528 Thread 0x000002cb938320d0 flushing nmethod 0x000002cb87e54510
Event: 6.529 Thread 0x000002cb938320d0 flushing nmethod 0x000002cb880d0a10
Event: 6.529 Thread 0x000002cb938320d0 flushing nmethod 0x000002cb88112190
Event: 6.529 Thread 0x000002cb938320d0 flushing nmethod 0x000002cb88113810
Event: 6.531 Thread 0x000002cb938320d0 flushing nmethod 0x000002cb80012710
Event: 6.532 Thread 0x000002cb938320d0 flushing nmethod 0x000002cb800f3f90
Event: 6.533 Thread 0x000002cb938320d0 flushing nmethod 0x000002cb80284190
Event: 6.534 Thread 0x000002cb938320d0 flushing nmethod 0x000002cb80414c10
Event: 6.534 Thread 0x000002cb938320d0 flushing nmethod 0x000002cb80468110
Event: 6.536 Thread 0x000002cb938320d0 flushing nmethod 0x000002cb80616490
Event: 6.541 Thread 0x000002cb938320d0 flushing nmethod 0x000002cb80ab0490
Event: 6.541 Thread 0x000002cb938320d0 flushing nmethod 0x000002cb80ace710
Event: 6.541 Thread 0x000002cb938320d0 flushing nmethod 0x000002cb80ad3610
Event: 6.544 Thread 0x000002cb938320d0 flushing nmethod 0x000002cb80dff290
Event: 6.545 Thread 0x000002cb938320d0 flushing nmethod 0x000002cb80f22b10
Event: 6.546 Thread 0x000002cb938320d0 flushing nmethod 0x000002cb81079510
Event: 6.546 Thread 0x000002cb938320d0 flushing nmethod 0x000002cb8109d090
Event: 6.551 Thread 0x000002cb938320d0 flushing nmethod 0x000002cb814e5d10
Event: 6.551 Thread 0x000002cb938320d0 flushing nmethod 0x000002cb814e6190


Dynamic libraries:
0x00007ff7a5270000 - 0x00007ff7a5280000 	C:\Program Files\Java\jdk-19\bin\java.exe
0x00007ff9c9a50000 - 0x00007ff9c9c67000 	C:\WINDOWS\SYSTEM32\ntdll.dll
0x00007ff9c84d0000 - 0x00007ff9c8594000 	C:\WINDOWS\System32\KERNEL32.DLL
0x00007ff9c6ed0000 - 0x00007ff9c727c000 	C:\WINDOWS\System32\KERNELBASE.dll
0x00007ff9c7320000 - 0x00007ff9c7431000 	C:\WINDOWS\System32\ucrtbase.dll
0x00007ff9bee00000 - 0x00007ff9bee1b000 	C:\Program Files\Java\jdk-19\bin\VCRUNTIME140.dll
0x00007ff9b5890000 - 0x00007ff9b58a8000 	C:\Program Files\Java\jdk-19\bin\jli.dll
0x00007ff9c7860000 - 0x00007ff9c7912000 	C:\WINDOWS\System32\ADVAPI32.dll
0x00007ff9c77b0000 - 0x00007ff9c7857000 	C:\WINDOWS\System32\msvcrt.dll
0x00007ff9c96a0000 - 0x00007ff9c974a000 	C:\WINDOWS\System32\sechost.dll
0x00007ff9c6ea0000 - 0x00007ff9c6ec8000 	C:\WINDOWS\System32\bcrypt.dll
0x00007ff9c85f0000 - 0x00007ff9c8705000 	C:\WINDOWS\System32\RPCRT4.dll
0x00007ff9c94f0000 - 0x00007ff9c969e000 	C:\WINDOWS\System32\USER32.dll
0x00007ff9c72f0000 - 0x00007ff9c7316000 	C:\WINDOWS\System32\win32u.dll
0x00007ff9b4600000 - 0x00007ff9b4893000 	C:\WINDOWS\WinSxS\amd64_microsoft.windows.common-controls_6595b64144ccf1df_6.0.22621.3672_none_2713b9d173822955\COMCTL32.dll
0x00007ff9c7bd0000 - 0x00007ff9c7bf9000 	C:\WINDOWS\System32\GDI32.dll
0x00007ff9c6d80000 - 0x00007ff9c6e99000 	C:\WINDOWS\System32\gdi32full.dll
0x00007ff9c76f0000 - 0x00007ff9c778a000 	C:\WINDOWS\System32\msvcp_win.dll
0x00007ff9be650000 - 0x00007ff9be65a000 	C:\WINDOWS\SYSTEM32\VERSION.dll
0x00007ff9c7a90000 - 0x00007ff9c7ac1000 	C:\WINDOWS\System32\IMM32.DLL
0x00007ff9beea0000 - 0x00007ff9beeac000 	C:\Program Files\Java\jdk-19\bin\vcruntime140_1.dll
0x00007ff97b3b0000 - 0x00007ff97b43e000 	C:\Program Files\Java\jdk-19\bin\msvcp140.dll
0x00007ff94a580000 - 0x00007ff94b240000 	C:\Program Files\Java\jdk-19\bin\server\jvm.dll
0x00007ff9c1890000 - 0x00007ff9c1899000 	C:\WINDOWS\SYSTEM32\WSOCK32.dll
0x00007ff9bee20000 - 0x00007ff9bee54000 	C:\WINDOWS\SYSTEM32\WINMM.dll
0x00007ff9c8aa0000 - 0x00007ff9c8b11000 	C:\WINDOWS\System32\WS2_32.dll
0x00007ff9c5ea0000 - 0x00007ff9c5eb8000 	C:\WINDOWS\SYSTEM32\kernel.appcore.dll
0x00007ff9bedf0000 - 0x00007ff9bedfa000 	C:\Program Files\Java\jdk-19\bin\jimage.dll
0x00007ff9c45e0000 - 0x00007ff9c4812000 	C:\WINDOWS\SYSTEM32\DBGHELP.DLL
0x00007ff9c8710000 - 0x00007ff9c8a98000 	C:\WINDOWS\System32\combase.dll
0x00007ff9c8b30000 - 0x00007ff9c8c07000 	C:\WINDOWS\System32\OLEAUT32.dll
0x00007ff9bbf40000 - 0x00007ff9bbf72000 	C:\WINDOWS\SYSTEM32\dbgcore.DLL
0x00007ff9c75b0000 - 0x00007ff9c762b000 	C:\WINDOWS\System32\bcryptPrimitives.dll
0x00007ff9c18e0000 - 0x00007ff9c18ee000 	C:\Program Files\Java\jdk-19\bin\instrument.dll
0x00007ff9aded0000 - 0x00007ff9adef6000 	C:\Program Files\Java\jdk-19\bin\java.dll
0x00007ff97b2d0000 - 0x00007ff97b3a7000 	C:\Program Files\Java\jdk-19\bin\jsvml.dll
0x00007ff9c8c10000 - 0x00007ff9c946c000 	C:\WINDOWS\System32\SHELL32.dll
0x00007ff9c4ca0000 - 0x00007ff9c5597000 	C:\WINDOWS\SYSTEM32\windows.storage.dll
0x00007ff9c4b60000 - 0x00007ff9c4c9f000 	C:\WINDOWS\SYSTEM32\wintypes.dll
0x00007ff9c9750000 - 0x00007ff9c9844000 	C:\WINDOWS\System32\SHCORE.dll
0x00007ff9c7dc0000 - 0x00007ff9c7e1e000 	C:\WINDOWS\System32\shlwapi.dll
0x00007ff9c6cb0000 - 0x00007ff9c6cd1000 	C:\WINDOWS\SYSTEM32\profapi.dll
0x00007ff9a27f0000 - 0x00007ff9a2808000 	C:\Program Files\Java\jdk-19\bin\zip.dll
0x00007ff9ade50000 - 0x00007ff9ade63000 	C:\Program Files\Java\jdk-19\bin\net.dll
0x00007ff9c2580000 - 0x00007ff9c26b6000 	C:\WINDOWS\SYSTEM32\WINHTTP.dll
0x00007ff9c6310000 - 0x00007ff9c6379000 	C:\WINDOWS\system32\mswsock.dll
0x00007ff9ad200000 - 0x00007ff9ad216000 	C:\Program Files\Java\jdk-19\bin\nio.dll
0x00007ff996110000 - 0x00007ff99612a000 	C:\Program Files\JetBrains\IntelliJ IDEA 2022.1.2\bin\breakgen64.dll
0x00007ff9b62f0000 - 0x00007ff9b62f8000 	C:\Program Files\Java\jdk-19\bin\extnet.dll
0x0000000069ac0000 - 0x0000000069ae4000 	C:\Users\99293\AppData\Local\Temp\jansi-2.4.0-5c6fa58461902875-jansi.dll
0x00007ff9adec0000 - 0x00007ff9aded0000 	C:\Program Files\Java\jdk-19\bin\verify.dll

dbghelp: loaded successfully - version: 4.0.5 - missing functions: none
symbol engine: initialized successfully - sym options: 0x614 - pdb path: .;C:\Program Files\Java\jdk-19\bin;C:\WINDOWS\SYSTEM32;C:\WINDOWS\WinSxS\amd64_microsoft.windows.common-controls_6595b64144ccf1df_6.0.22621.3672_none_2713b9d173822955;C:\Program Files\Java\jdk-19\bin\server;C:\Program Files\JetBrains\IntelliJ IDEA 2022.1.2\bin;C:\Users\99293\AppData\Local\Temp

VM Arguments:
jvm_args: -Dmaven.multiModuleProjectDirectory=D:\unitedStates duplicates original -Dmaven.home=C:\Users\99293\.m2\wrapper\dists\apache-maven-3.8.6-bin\1ks0nkde5v1pk9vtc31i9d0lcd\apache-maven-3.8.6 -Dclassworlds.conf=C:\Users\99293\.m2\wrapper\dists\apache-maven-3.8.6-bin\1ks0nkde5v1pk9vtc31i9d0lcd\apache-maven-3.8.6\bin\m2.conf -Dmaven.ext.class.path=C:\Program Files\JetBrains\IntelliJ IDEA 2022.1.2\plugins\maven\lib\maven-event-listener.jar -javaagent:C:\Program Files\JetBrains\IntelliJ IDEA 2022.1.2\lib\idea_rt.jar=60174:C:\Program Files\JetBrains\IntelliJ IDEA 2022.1.2\bin -Dfile.encoding=UTF-8 
java_command: org.codehaus.classworlds.Launcher -Didea.version=2022.1.2 package
java_class_path (initial): C:\Users\99293\.m2\wrapper\dists\apache-maven-3.8.6-bin\1ks0nkde5v1pk9vtc31i9d0lcd\apache-maven-3.8.6\boot\plexus-classworlds-2.6.0.jar;C:\Users\99293\.m2\wrapper\dists\apache-maven-3.8.6-bin\1ks0nkde5v1pk9vtc31i9d0lcd\apache-maven-3.8.6\boot\plexus-classworlds.license
Launcher Type: SUN_STANDARD

[Global flags]
     intx CICompilerCount                          = 12                                        {product} {ergonomic}
     uint ConcGCThreads                            = 3                                         {product} {ergonomic}
     uint G1ConcRefinementThreads                  = 13                                        {product} {ergonomic}
   size_t G1HeapRegionSize                         = 2097152                                   {product} {ergonomic}
    uintx GCDrainStackTargetSize                   = 64                                        {product} {ergonomic}
   size_t InitialHeapSize                          = 264241152                                 {product} {ergonomic}
   size_t MarkStackSize                            = 4194304                                   {product} {ergonomic}
   size_t MaxHeapSize                              = 4196401152                                {product} {ergonomic}
   size_t MaxNewSize                               = 2516582400                                {product} {ergonomic}
   size_t MinHeapDeltaBytes                        = 2097152                                   {product} {ergonomic}
   size_t MinHeapSize                              = 8388608                                   {product} {ergonomic}
    uintx NonNMethodCodeHeapSize                   = 7602480                                {pd product} {ergonomic}
    uintx NonProfiledCodeHeapSize                  = 122027880                              {pd product} {ergonomic}
    uintx ProfiledCodeHeapSize                     = 122027880                              {pd product} {ergonomic}
    uintx ReservedCodeCacheSize                    = 251658240                              {pd product} {ergonomic}
     bool SegmentedCodeCache                       = true                                      {product} {ergonomic}
   size_t SoftMaxHeapSize                          = 4196401152                             {manageable} {ergonomic}
     bool UseCompressedClassPointers               = true                           {product lp64_product} {ergonomic}
     bool UseCompressedOops                        = true                           {product lp64_product} {ergonomic}
     bool UseG1GC                                  = true                                      {product} {ergonomic}
     bool UseLargePagesIndividualAllocation        = false                                  {pd product} {ergonomic}

Logging:
Log output configuration:
 #0: stdout all=warning uptime,level,tags foldmultilines=false
 #1: stderr all=off uptime,level,tags foldmultilines=false

Environment Variables:
JAVA_HOME=C:\Program Files\Java\jdk-19
PATH=C:\Program Files\Common Files\Oracle\Java\javapath;C:\Windows\system32;C:\Windows;C:\Windows\System32\Wbem;C:\Windows\System32\WindowsPowerShell\v1.0\;C:\Windows\System32\OpenSSH\;C:\Program Files (x86)\NVIDIA Corporation\PhysX\Common;C:\Program Files\NVIDIA Corporation\NVIDIA NvDLISR;C:\Program Files\Git\cmd;C:\Program Files (x86)\dotnet\;C:\WINDOWS\system32;C:\WINDOWS;C:\WINDOWS\System32\Wbem;C:\WINDOWS\System32\WindowsPowerShell\v1.0\;C:\WINDOWS\System32\OpenSSH\;C:\Program Files\Java\jdk-19\bin;C:\Users\99293\AppData\Local\Programs\Python\Python311\Scripts\;C:\Users\99293\AppData\Local\Programs\Python\Python311\;C:\Users\99293\AppData\Local\Microsoft\WindowsApps;;C:\Program Files\JetBrains\IntelliJ IDEA 2022.1.2\bin;;C:\Program Files\heroku\bin
USERNAME=ASUS
OS=Windows_NT
PROCESSOR_IDENTIFIER=Intel64 Family 6 Model 154 Stepping 3, GenuineIntel
TMP=C:\Users\99293\AppData\Local\Temp
TEMP=C:\Users\99293\AppData\Local\Temp



---------------  S Y S T E M  ---------------

OS:
 Windows 11 , 64 bit Build 22621 (10.0.22621.3672)
OS uptime: 5 days 18:30 hours
Hyper-V role detected

CPU: total 16 (initial active 16) (8 cores per cpu, 2 threads per core) family 6 model 154 stepping 3 microcode 0x41c, cx8, cmov, fxsr, ht, mmx, 3dnowpref, sse, sse2, sse3, ssse3, sse4.1, sse4.2, popcnt, lzcnt, tsc, tscinvbit, avx, avx2, aes, erms, clmul, bmi1, bmi2, adx, sha, fma, vzeroupper, clflush, clflushopt, clwb, hv, serialize, rdtscp, rdpid, fsrm

Memory: 4k page, system-wide physical 16005M (1750M free)
TotalPageFile size 18053M (AvailPageFile size 6M)
current process WorkingSet (physical memory assigned to process): 474M, peak: 479M
current process commit charge ("private bytes"): 531M, peak: 535M

vm_info: Java HotSpot(TM) 64-Bit Server VM (19.0.2+7-44) for windows-amd64 JRE (19.0.2+7-44), built on 2022-11-30T18:02:09Z by "mach5one" with MS VC++ 17.1 (VS2022)

END.
