#
# There is insufficient memory for the Java Runtime Environment to continue.
# Native memory allocation (malloc) failed to allocate 568976 bytes for Chunk::new
# Possible reasons:
#   The system is out of physical RAM or swap space
#   The process is running with CompressedOops enabled, and the Java Heap may be blocking the growth of the native heap
# Possible solutions:
#   Reduce memory load on the system
#   Increase physical memory or swap space
#   Check if swap backing store is full
#   Decrease Java heap size (-Xmx/-Xms)
#   Decrease number of Java threads
#   Decrease Java thread stack sizes (-Xss)
#   Set larger code cache with -XX:ReservedCodeCacheSize=
#   JVM is running with Zero Based Compressed Oops mode in which the Java heap is
#     placed in the first 32GB address space. The Java Heap base address is the
#     maximum limit for the native heap growth. Please use -XX:HeapBaseMinAddress
#     to set the Java Heap base and to place the Java Heap above 32GB virtual address.
# This output file may be truncated or incomplete.
#
#  Out of Memory Error (arena.cpp:184), pid=8664, tid=7788
#
# JRE version: Java(TM) SE Runtime Environment (19.0.2+7) (build 19.0.2+7-44)
# Java VM: Java HotSpot(TM) 64-Bit Server VM (19.0.2+7-44, mixed mode, sharing, tiered, compressed oops, compressed class ptrs, g1 gc, windows-amd64)
# No core dump will be written. Minidumps are not enabled by default on client versions of Windows
#

---------------  S U M M A R Y ------------

Command Line: -Dmaven.multiModuleProjectDirectory=D:\unitedStates duplicates original -Dmaven.home=C:\Users\99293\.m2\wrapper\dists\apache-maven-3.8.6-bin\1ks0nkde5v1pk9vtc31i9d0lcd\apache-maven-3.8.6 -Dclassworlds.conf=C:\Users\99293\.m2\wrapper\dists\apache-maven-3.8.6-bin\1ks0nkde5v1pk9vtc31i9d0lcd\apache-maven-3.8.6\bin\m2.conf -Dmaven.ext.class.path=C:\Program Files\JetBrains\IntelliJ IDEA 2022.1.2\plugins\maven\lib\maven-event-listener.jar -javaagent:C:\Program Files\JetBrains\IntelliJ IDEA 2022.1.2\lib\idea_rt.jar=58779:C:\Program Files\JetBrains\IntelliJ IDEA 2022.1.2\bin -Dfile.encoding=UTF-8 org.codehaus.classworlds.Launcher -Didea.version=2022.1.2 package

Host: 12th Gen Intel(R) Core(TM) i7-12650H, 16 cores, 15G,  Windows 11 , 64 bit Build 22621 (10.0.22621.3235)
Time: Fri Mar 29 17:31:32 2024  Windows 11 , 64 bit Build 22621 (10.0.22621.3235) elapsed time: 0.444863 seconds (0d 0h 0m 0s)

---------------  T H R E A D  ---------------

Current thread (0x000002a18bbd7820):  JavaThread "C2 CompilerThread6" daemon [_thread_in_native, id=7788, stack(0x000000f155100000,0x000000f155200000)]


Current CompileTask:
C2:    444 1139       4       java.io.Reader::read (21 bytes)

Stack: [0x000000f155100000,0x000000f155200000]
Native frames: (J=compiled Java code, j=interpreted, Vv=VM code, C=native code)
V  [jvm.dll+0x6ee21a]
V  [jvm.dll+0x85765e]
V  [jvm.dll+0x85904e]
V  [jvm.dll+0x859703]
V  [jvm.dll+0x28298f]
V  [jvm.dll+0xc9adf]
V  [jvm.dll+0xc9e65]
V  [jvm.dll+0x3bca12]
V  [jvm.dll+0x3860e1]
V  [jvm.dll+0x38555a]
V  [jvm.dll+0x24c3d9]
V  [jvm.dll+0x24b781]
V  [jvm.dll+0x1d6ce1]
V  [jvm.dll+0x25b25a]
V  [jvm.dll+0x2596e8]
V  [jvm.dll+0x807588]
V  [jvm.dll+0x80125a]
V  [jvm.dll+0x6ecf0b]
C  [ucrtbase.dll+0x29363]
C  [KERNEL32.DLL+0x1257d]
C  [ntdll.dll+0x5aa58]


---------------  P R O C E S S  ---------------

Threads class SMR info:
_java_thread_list=0x000002a18bc22ad0, length=23, elements={
0x000002a1e2abf8a0, 0x000002a1866cef00, 0x000002a1866cfaf0, 0x000002a1866d26f0,
0x000002a1866d4030, 0x000002a1866d5970, 0x000002a1866d62a0, 0x000002a1866d8f10,
0x000002a1866db8a0, 0x000002a1866de580, 0x000002a18ac9ea80, 0x000002a18ad35ac0,
0x000002a18ad3a5e0, 0x000002a18ad3af70, 0x000002a18ad3fb30, 0x000002a18ae3a360,
0x000002a18ae3ccb0, 0x000002a18b63bb30, 0x000002a18b8096f0, 0x000002a18b9dfa80,
0x000002a18bbd7000, 0x000002a18bbd7820, 0x000002a18bbd7da0
}

Java Threads: ( => current thread )
  0x000002a1e2abf8a0 JavaThread "main" [_thread_in_vm, id=18944, stack(0x000000f153500000,0x000000f153600000)]
  0x000002a1866cef00 JavaThread "Reference Handler" daemon [_thread_blocked, id=21852, stack(0x000000f153c00000,0x000000f153d00000)]
  0x000002a1866cfaf0 JavaThread "Finalizer" daemon [_thread_blocked, id=24256, stack(0x000000f153d00000,0x000000f153e00000)]
  0x000002a1866d26f0 JavaThread "Signal Dispatcher" daemon [_thread_blocked, id=9396, stack(0x000000f153e00000,0x000000f153f00000)]
  0x000002a1866d4030 JavaThread "Attach Listener" daemon [_thread_blocked, id=3116, stack(0x000000f153f00000,0x000000f154000000)]
  0x000002a1866d5970 JavaThread "Service Thread" daemon [_thread_blocked, id=20380, stack(0x000000f154000000,0x000000f154100000)]
  0x000002a1866d62a0 JavaThread "Monitor Deflation Thread" daemon [_thread_blocked, id=18536, stack(0x000000f154100000,0x000000f154200000)]
  0x000002a1866d8f10 JavaThread "C2 CompilerThread0" daemon [_thread_in_native, id=1436, stack(0x000000f154200000,0x000000f154300000)]
  0x000002a1866db8a0 JavaThread "C1 CompilerThread0" daemon [_thread_blocked, id=21156, stack(0x000000f154300000,0x000000f154400000)]
  0x000002a1866de580 JavaThread "Sweeper thread" daemon [_thread_blocked, id=20716, stack(0x000000f154400000,0x000000f154500000)]
  0x000002a18ac9ea80 JavaThread "C1 CompilerThread1" daemon [_thread_blocked, id=3784, stack(0x000000f154500000,0x000000f154600000)]
  0x000002a18ad35ac0 JavaThread "Common-Cleaner" daemon [_thread_blocked, id=7432, stack(0x000000f154600000,0x000000f154700000)]
  0x000002a18ad3a5e0 JavaThread "C1 CompilerThread2" daemon [_thread_blocked, id=17420, stack(0x000000f154700000,0x000000f154800000)]
  0x000002a18ad3af70 JavaThread "C1 CompilerThread3" daemon [_thread_blocked, id=9056, stack(0x000000f154800000,0x000000f154900000)]
  0x000002a18ad3fb30 JavaThread "C2 CompilerThread1" daemon [_thread_in_native, id=7988, stack(0x000000f154900000,0x000000f154a00000)]
  0x000002a18ae3a360 JavaThread "Monitor Ctrl-Break" daemon [_thread_in_native, id=4248, stack(0x000000f154a00000,0x000000f154b00000)]
  0x000002a18ae3ccb0 JavaThread "Notification Thread" daemon [_thread_blocked, id=17956, stack(0x000000f154b00000,0x000000f154c00000)]
  0x000002a18b63bb30 JavaThread "C2 CompilerThread2" daemon [_thread_in_native, id=23532, stack(0x000000f154d00000,0x000000f154e00000)]
  0x000002a18b8096f0 JavaThread "C2 CompilerThread3" daemon [_thread_in_native, id=4224, stack(0x000000f154e00000,0x000000f154f00000)]
  0x000002a18b9dfa80 JavaThread "C2 CompilerThread4" daemon [_thread_in_native, id=16972, stack(0x000000f154f00000,0x000000f155000000)]
  0x000002a18bbd7000 JavaThread "C2 CompilerThread5" daemon [_thread_in_native, id=2756, stack(0x000000f155000000,0x000000f155100000)]
=>0x000002a18bbd7820 JavaThread "C2 CompilerThread6" daemon [_thread_in_native, id=7788, stack(0x000000f155100000,0x000000f155200000)]
  0x000002a18bbd7da0 JavaThread "C2 CompilerThread7" daemon [_thread_in_native, id=7328, stack(0x000000f155200000,0x000000f155300000)]

Other Threads:
  0x000002a1866b7bf0 VMThread "VM Thread" [stack: 0x000000f153b00000,0x000000f153c00000] [id=2708]
  0x000002a18ae45ec0 WatcherThread "VM Periodic Task Thread" [stack: 0x000000f154c00000,0x000000f154d00000] [id=23352]
  0x000002a1e2b31f10 WorkerThread "GC Thread#0" [stack: 0x000000f153600000,0x000000f153700000] [id=21772]
  0x000002a18b137750 WorkerThread "GC Thread#1" [stack: 0x000000f155300000,0x000000f155400000] [id=21516]
  0x000002a18b135e00 WorkerThread "GC Thread#2" [stack: 0x000000f155400000,0x000000f155500000] [id=2356]
  0x000002a18b1360d0 WorkerThread "GC Thread#3" [stack: 0x000000f155500000,0x000000f155600000] [id=20956]
  0x000002a18b1363a0 WorkerThread "GC Thread#4" [stack: 0x000000f155600000,0x000000f155700000] [id=8200]
  0x000002a18b136670 WorkerThread "GC Thread#5" [stack: 0x000000f155700000,0x000000f155800000] [id=18368]
  0x000002a18b136940 WorkerThread "GC Thread#6" [stack: 0x000000f155800000,0x000000f155900000] [id=10924]
  0x000002a18b136ee0 WorkerThread "GC Thread#7" [stack: 0x000000f155900000,0x000000f155a00000] [id=7516]
  0x000002a1e2b42780 ConcurrentGCThread "G1 Main Marker" [stack: 0x000000f153700000,0x000000f153800000] [id=2052]
  0x000002a1e2b440c0 WorkerThread "G1 Conc#0" [stack: 0x000000f153800000,0x000000f153900000] [id=16272]
  0x000002a1865751e0 ConcurrentGCThread "G1 Refine#0" [stack: 0x000000f153900000,0x000000f153a00000] [id=6428]
  0x000002a186575c20 ConcurrentGCThread "G1 Service" [stack: 0x000000f153a00000,0x000000f153b00000] [id=11296]

Threads with active compile tasks:
C2 CompilerThread0      460 1192       4       org.codehaus.plexus.util.xml.pull.MXParser::parseEndTag (434 bytes)
C2 CompilerThread1      460 1157   !   4       java.nio.charset.CharsetDecoder::decode (275 bytes)
C2 CompilerThread2      460 1167   !   4       java.nio.CharBuffer::wrap (21 bytes)
C2 CompilerThread3      460 1133       4       org.codehaus.plexus.util.xml.XmlReader::read (11 bytes)
C2 CompilerThread4      460 1171       4       sun.nio.cs.StreamDecoder::lockedRead0 (95 bytes)
C2 CompilerThread5      460 1135       4       org.codehaus.plexus.util.InterpolationFilterReader::read (477 bytes)
C2 CompilerThread6      460 1139       4       java.io.Reader::read (21 bytes)
C2 CompilerThread7      460 1151   !   4       sun.nio.cs.StreamDecoder::read0 (59 bytes)

VM state: not at safepoint (normal execution)

VM Mutex/Monitor currently owned by a thread: None

Heap address: 0x0000000705e00000, size: 4002 MB, Compressed Oops mode: Zero based, Oop shift amount: 3

CDS archive(s) mapped at: [0x0000000800000000-0x0000000800c40000-0x0000000800c40000), size 12845056, SharedBaseAddress: 0x0000000800000000, ArchiveRelocationMode: 0.
Compressed class space mapped at: 0x0000000801000000-0x0000000841000000, reserved size: 1073741824
Narrow klass base: 0x0000000800000000, Narrow klass shift: 0, Narrow klass range: 0x100000000

GC Precious Log:
 CardTable entry size: 512
 Card Set container configuration: InlinePtr #cards 4 size 8 Array Of Cards #cards 16 size 48 Howl #buckets 8 coarsen threshold 3686 Howl Bitmap #cards 512 size 80 coarsen threshold 460 Card regions per heap region 1 cards per card region 4096
 CPUs: 16 total, 16 available
 Memory: 16005M
 Large Page Support: Disabled
 NUMA Support: Disabled
 Compressed Oops: Enabled (Zero based)
 Heap Region Size: 2M
 Heap Min Capacity: 8M
 Heap Initial Capacity: 252M
 Heap Max Capacity: 4002M
 Pre-touch: Disabled
 Parallel Workers: 13
 Concurrent Workers: 3
 Concurrent Refinement Workers: 13
 Periodic GC: Disabled

Heap:
 garbage-first heap   total 258048K, used 9952K [0x0000000705e00000, 0x0000000800000000)
  region size 2048K, 6 young (12288K), 2 survivors (4096K)
 Metaspace       used 5536K, committed 5632K, reserved 1114112K
  class space    used 616K, committed 640K, reserved 1048576K

Heap Regions: E=young(eden), S=young(survivor), O=old, HS=humongous(starts), HC=humongous(continues), CS=collection set, F=free, OA=open archive, CA=closed archive, TAMS=top-at-mark-start (previous, next)
|   0|0x0000000705e00000, 0x0000000705e00000, 0x0000000706000000|  0%| F|  |TAMS 0x0000000705e00000, 0x0000000705e00000| Untracked 
|   1|0x0000000706000000, 0x0000000706000000, 0x0000000706200000|  0%| F|  |TAMS 0x0000000706000000, 0x0000000706000000| Untracked 
|   2|0x0000000706200000, 0x0000000706200000, 0x0000000706400000|  0%| F|  |TAMS 0x0000000706200000, 0x0000000706200000| Untracked 
|   3|0x0000000706400000, 0x0000000706400000, 0x0000000706600000|  0%| F|  |TAMS 0x0000000706400000, 0x0000000706400000| Untracked 
|   4|0x0000000706600000, 0x0000000706600000, 0x0000000706800000|  0%| F|  |TAMS 0x0000000706600000, 0x0000000706600000| Untracked 
|   5|0x0000000706800000, 0x0000000706800000, 0x0000000706a00000|  0%| F|  |TAMS 0x0000000706800000, 0x0000000706800000| Untracked 
|   6|0x0000000706a00000, 0x0000000706a00000, 0x0000000706c00000|  0%| F|  |TAMS 0x0000000706a00000, 0x0000000706a00000| Untracked 
|   7|0x0000000706c00000, 0x0000000706c00000, 0x0000000706e00000|  0%| F|  |TAMS 0x0000000706c00000, 0x0000000706c00000| Untracked 
|   8|0x0000000706e00000, 0x0000000706e00000, 0x0000000707000000|  0%| F|  |TAMS 0x0000000706e00000, 0x0000000706e00000| Untracked 
|   9|0x0000000707000000, 0x0000000707000000, 0x0000000707200000|  0%| F|  |TAMS 0x0000000707000000, 0x0000000707000000| Untracked 
|  10|0x0000000707200000, 0x0000000707200000, 0x0000000707400000|  0%| F|  |TAMS 0x0000000707200000, 0x0000000707200000| Untracked 
|  11|0x0000000707400000, 0x0000000707400000, 0x0000000707600000|  0%| F|  |TAMS 0x0000000707400000, 0x0000000707400000| Untracked 
|  12|0x0000000707600000, 0x0000000707600000, 0x0000000707800000|  0%| F|  |TAMS 0x0000000707600000, 0x0000000707600000| Untracked 
|  13|0x0000000707800000, 0x0000000707800000, 0x0000000707a00000|  0%| F|  |TAMS 0x0000000707800000, 0x0000000707800000| Untracked 
|  14|0x0000000707a00000, 0x0000000707a00000, 0x0000000707c00000|  0%| F|  |TAMS 0x0000000707a00000, 0x0000000707a00000| Untracked 
|  15|0x0000000707c00000, 0x0000000707c00000, 0x0000000707e00000|  0%| F|  |TAMS 0x0000000707c00000, 0x0000000707c00000| Untracked 
|  16|0x0000000707e00000, 0x0000000707e00000, 0x0000000708000000|  0%| F|  |TAMS 0x0000000707e00000, 0x0000000707e00000| Untracked 
|  17|0x0000000708000000, 0x0000000708000000, 0x0000000708200000|  0%| F|  |TAMS 0x0000000708000000, 0x0000000708000000| Untracked 
|  18|0x0000000708200000, 0x0000000708200000, 0x0000000708400000|  0%| F|  |TAMS 0x0000000708200000, 0x0000000708200000| Untracked 
|  19|0x0000000708400000, 0x0000000708400000, 0x0000000708600000|  0%| F|  |TAMS 0x0000000708400000, 0x0000000708400000| Untracked 
|  20|0x0000000708600000, 0x0000000708600000, 0x0000000708800000|  0%| F|  |TAMS 0x0000000708600000, 0x0000000708600000| Untracked 
|  21|0x0000000708800000, 0x0000000708800000, 0x0000000708a00000|  0%| F|  |TAMS 0x0000000708800000, 0x0000000708800000| Untracked 
|  22|0x0000000708a00000, 0x0000000708a00000, 0x0000000708c00000|  0%| F|  |TAMS 0x0000000708a00000, 0x0000000708a00000| Untracked 
|  23|0x0000000708c00000, 0x0000000708c00000, 0x0000000708e00000|  0%| F|  |TAMS 0x0000000708c00000, 0x0000000708c00000| Untracked 
|  24|0x0000000708e00000, 0x0000000708e00000, 0x0000000709000000|  0%| F|  |TAMS 0x0000000708e00000, 0x0000000708e00000| Untracked 
|  25|0x0000000709000000, 0x0000000709000000, 0x0000000709200000|  0%| F|  |TAMS 0x0000000709000000, 0x0000000709000000| Untracked 
|  26|0x0000000709200000, 0x0000000709200000, 0x0000000709400000|  0%| F|  |TAMS 0x0000000709200000, 0x0000000709200000| Untracked 
|  27|0x0000000709400000, 0x0000000709400000, 0x0000000709600000|  0%| F|  |TAMS 0x0000000709400000, 0x0000000709400000| Untracked 
|  28|0x0000000709600000, 0x0000000709600000, 0x0000000709800000|  0%| F|  |TAMS 0x0000000709600000, 0x0000000709600000| Untracked 
|  29|0x0000000709800000, 0x0000000709800000, 0x0000000709a00000|  0%| F|  |TAMS 0x0000000709800000, 0x0000000709800000| Untracked 
|  30|0x0000000709a00000, 0x0000000709a00000, 0x0000000709c00000|  0%| F|  |TAMS 0x0000000709a00000, 0x0000000709a00000| Untracked 
|  31|0x0000000709c00000, 0x0000000709c00000, 0x0000000709e00000|  0%| F|  |TAMS 0x0000000709c00000, 0x0000000709c00000| Untracked 
|  32|0x0000000709e00000, 0x0000000709e00000, 0x000000070a000000|  0%| F|  |TAMS 0x0000000709e00000, 0x0000000709e00000| Untracked 
|  33|0x000000070a000000, 0x000000070a000000, 0x000000070a200000|  0%| F|  |TAMS 0x000000070a000000, 0x000000070a000000| Untracked 
|  34|0x000000070a200000, 0x000000070a200000, 0x000000070a400000|  0%| F|  |TAMS 0x000000070a200000, 0x000000070a200000| Untracked 
|  35|0x000000070a400000, 0x000000070a400000, 0x000000070a600000|  0%| F|  |TAMS 0x000000070a400000, 0x000000070a400000| Untracked 
|  36|0x000000070a600000, 0x000000070a600000, 0x000000070a800000|  0%| F|  |TAMS 0x000000070a600000, 0x000000070a600000| Untracked 
|  37|0x000000070a800000, 0x000000070a800000, 0x000000070aa00000|  0%| F|  |TAMS 0x000000070a800000, 0x000000070a800000| Untracked 
|  38|0x000000070aa00000, 0x000000070aa00000, 0x000000070ac00000|  0%| F|  |TAMS 0x000000070aa00000, 0x000000070aa00000| Untracked 
|  39|0x000000070ac00000, 0x000000070ac00000, 0x000000070ae00000|  0%| F|  |TAMS 0x000000070ac00000, 0x000000070ac00000| Untracked 
|  40|0x000000070ae00000, 0x000000070ae00000, 0x000000070b000000|  0%| F|  |TAMS 0x000000070ae00000, 0x000000070ae00000| Untracked 
|  41|0x000000070b000000, 0x000000070b000000, 0x000000070b200000|  0%| F|  |TAMS 0x000000070b000000, 0x000000070b000000| Untracked 
|  42|0x000000070b200000, 0x000000070b200000, 0x000000070b400000|  0%| F|  |TAMS 0x000000070b200000, 0x000000070b200000| Untracked 
|  43|0x000000070b400000, 0x000000070b400000, 0x000000070b600000|  0%| F|  |TAMS 0x000000070b400000, 0x000000070b400000| Untracked 
|  44|0x000000070b600000, 0x000000070b600000, 0x000000070b800000|  0%| F|  |TAMS 0x000000070b600000, 0x000000070b600000| Untracked 
|  45|0x000000070b800000, 0x000000070b800000, 0x000000070ba00000|  0%| F|  |TAMS 0x000000070b800000, 0x000000070b800000| Untracked 
|  46|0x000000070ba00000, 0x000000070ba00000, 0x000000070bc00000|  0%| F|  |TAMS 0x000000070ba00000, 0x000000070ba00000| Untracked 
|  47|0x000000070bc00000, 0x000000070bc00000, 0x000000070be00000|  0%| F|  |TAMS 0x000000070bc00000, 0x000000070bc00000| Untracked 
|  48|0x000000070be00000, 0x000000070be00000, 0x000000070c000000|  0%| F|  |TAMS 0x000000070be00000, 0x000000070be00000| Untracked 
|  49|0x000000070c000000, 0x000000070c000000, 0x000000070c200000|  0%| F|  |TAMS 0x000000070c000000, 0x000000070c000000| Untracked 
|  50|0x000000070c200000, 0x000000070c200000, 0x000000070c400000|  0%| F|  |TAMS 0x000000070c200000, 0x000000070c200000| Untracked 
|  51|0x000000070c400000, 0x000000070c400000, 0x000000070c600000|  0%| F|  |TAMS 0x000000070c400000, 0x000000070c400000| Untracked 
|  52|0x000000070c600000, 0x000000070c600000, 0x000000070c800000|  0%| F|  |TAMS 0x000000070c600000, 0x000000070c600000| Untracked 
|  53|0x000000070c800000, 0x000000070c800000, 0x000000070ca00000|  0%| F|  |TAMS 0x000000070c800000, 0x000000070c800000| Untracked 
|  54|0x000000070ca00000, 0x000000070ca00000, 0x000000070cc00000|  0%| F|  |TAMS 0x000000070ca00000, 0x000000070ca00000| Untracked 
|  55|0x000000070cc00000, 0x000000070cc00000, 0x000000070ce00000|  0%| F|  |TAMS 0x000000070cc00000, 0x000000070cc00000| Untracked 
|  56|0x000000070ce00000, 0x000000070ce00000, 0x000000070d000000|  0%| F|  |TAMS 0x000000070ce00000, 0x000000070ce00000| Untracked 
|  57|0x000000070d000000, 0x000000070d000000, 0x000000070d200000|  0%| F|  |TAMS 0x000000070d000000, 0x000000070d000000| Untracked 
|  58|0x000000070d200000, 0x000000070d200000, 0x000000070d400000|  0%| F|  |TAMS 0x000000070d200000, 0x000000070d200000| Untracked 
|  59|0x000000070d400000, 0x000000070d400000, 0x000000070d600000|  0%| F|  |TAMS 0x000000070d400000, 0x000000070d400000| Untracked 
|  60|0x000000070d600000, 0x000000070d600000, 0x000000070d800000|  0%| F|  |TAMS 0x000000070d600000, 0x000000070d600000| Untracked 
|  61|0x000000070d800000, 0x000000070d800000, 0x000000070da00000|  0%| F|  |TAMS 0x000000070d800000, 0x000000070d800000| Untracked 
|  62|0x000000070da00000, 0x000000070da00000, 0x000000070dc00000|  0%| F|  |TAMS 0x000000070da00000, 0x000000070da00000| Untracked 
|  63|0x000000070dc00000, 0x000000070dc00000, 0x000000070de00000|  0%| F|  |TAMS 0x000000070dc00000, 0x000000070dc00000| Untracked 
|  64|0x000000070de00000, 0x000000070de00000, 0x000000070e000000|  0%| F|  |TAMS 0x000000070de00000, 0x000000070de00000| Untracked 
|  65|0x000000070e000000, 0x000000070e000000, 0x000000070e200000|  0%| F|  |TAMS 0x000000070e000000, 0x000000070e000000| Untracked 
|  66|0x000000070e200000, 0x000000070e200000, 0x000000070e400000|  0%| F|  |TAMS 0x000000070e200000, 0x000000070e200000| Untracked 
|  67|0x000000070e400000, 0x000000070e400000, 0x000000070e600000|  0%| F|  |TAMS 0x000000070e400000, 0x000000070e400000| Untracked 
|  68|0x000000070e600000, 0x000000070e600000, 0x000000070e800000|  0%| F|  |TAMS 0x000000070e600000, 0x000000070e600000| Untracked 
|  69|0x000000070e800000, 0x000000070e800000, 0x000000070ea00000|  0%| F|  |TAMS 0x000000070e800000, 0x000000070e800000| Untracked 
|  70|0x000000070ea00000, 0x000000070ea00000, 0x000000070ec00000|  0%| F|  |TAMS 0x000000070ea00000, 0x000000070ea00000| Untracked 
|  71|0x000000070ec00000, 0x000000070ec00000, 0x000000070ee00000|  0%| F|  |TAMS 0x000000070ec00000, 0x000000070ec00000| Untracked 
|  72|0x000000070ee00000, 0x000000070ee00000, 0x000000070f000000|  0%| F|  |TAMS 0x000000070ee00000, 0x000000070ee00000| Untracked 
|  73|0x000000070f000000, 0x000000070f000000, 0x000000070f200000|  0%| F|  |TAMS 0x000000070f000000, 0x000000070f000000| Untracked 
|  74|0x000000070f200000, 0x000000070f200000, 0x000000070f400000|  0%| F|  |TAMS 0x000000070f200000, 0x000000070f200000| Untracked 
|  75|0x000000070f400000, 0x000000070f400000, 0x000000070f600000|  0%| F|  |TAMS 0x000000070f400000, 0x000000070f400000| Untracked 
|  76|0x000000070f600000, 0x000000070f600000, 0x000000070f800000|  0%| F|  |TAMS 0x000000070f600000, 0x000000070f600000| Untracked 
|  77|0x000000070f800000, 0x000000070f800000, 0x000000070fa00000|  0%| F|  |TAMS 0x000000070f800000, 0x000000070f800000| Untracked 
|  78|0x000000070fa00000, 0x000000070fa00000, 0x000000070fc00000|  0%| F|  |TAMS 0x000000070fa00000, 0x000000070fa00000| Untracked 
|  79|0x000000070fc00000, 0x000000070fc00000, 0x000000070fe00000|  0%| F|  |TAMS 0x000000070fc00000, 0x000000070fc00000| Untracked 
|  80|0x000000070fe00000, 0x000000070fe00000, 0x0000000710000000|  0%| F|  |TAMS 0x000000070fe00000, 0x000000070fe00000| Untracked 
|  81|0x0000000710000000, 0x0000000710000000, 0x0000000710200000|  0%| F|  |TAMS 0x0000000710000000, 0x0000000710000000| Untracked 
|  82|0x0000000710200000, 0x0000000710200000, 0x0000000710400000|  0%| F|  |TAMS 0x0000000710200000, 0x0000000710200000| Untracked 
|  83|0x0000000710400000, 0x0000000710400000, 0x0000000710600000|  0%| F|  |TAMS 0x0000000710400000, 0x0000000710400000| Untracked 
|  84|0x0000000710600000, 0x0000000710600000, 0x0000000710800000|  0%| F|  |TAMS 0x0000000710600000, 0x0000000710600000| Untracked 
|  85|0x0000000710800000, 0x0000000710800000, 0x0000000710a00000|  0%| F|  |TAMS 0x0000000710800000, 0x0000000710800000| Untracked 
|  86|0x0000000710a00000, 0x0000000710a00000, 0x0000000710c00000|  0%| F|  |TAMS 0x0000000710a00000, 0x0000000710a00000| Untracked 
|  87|0x0000000710c00000, 0x0000000710c00000, 0x0000000710e00000|  0%| F|  |TAMS 0x0000000710c00000, 0x0000000710c00000| Untracked 
|  88|0x0000000710e00000, 0x0000000710e00000, 0x0000000711000000|  0%| F|  |TAMS 0x0000000710e00000, 0x0000000710e00000| Untracked 
|  89|0x0000000711000000, 0x0000000711000000, 0x0000000711200000|  0%| F|  |TAMS 0x0000000711000000, 0x0000000711000000| Untracked 
|  90|0x0000000711200000, 0x0000000711200000, 0x0000000711400000|  0%| F|  |TAMS 0x0000000711200000, 0x0000000711200000| Untracked 
|  91|0x0000000711400000, 0x0000000711400000, 0x0000000711600000|  0%| F|  |TAMS 0x0000000711400000, 0x0000000711400000| Untracked 
|  92|0x0000000711600000, 0x0000000711600000, 0x0000000711800000|  0%| F|  |TAMS 0x0000000711600000, 0x0000000711600000| Untracked 
|  93|0x0000000711800000, 0x0000000711800000, 0x0000000711a00000|  0%| F|  |TAMS 0x0000000711800000, 0x0000000711800000| Untracked 
|  94|0x0000000711a00000, 0x0000000711a00000, 0x0000000711c00000|  0%| F|  |TAMS 0x0000000711a00000, 0x0000000711a00000| Untracked 
|  95|0x0000000711c00000, 0x0000000711c00000, 0x0000000711e00000|  0%| F|  |TAMS 0x0000000711c00000, 0x0000000711c00000| Untracked 
|  96|0x0000000711e00000, 0x0000000711e00000, 0x0000000712000000|  0%| F|  |TAMS 0x0000000711e00000, 0x0000000711e00000| Untracked 
|  97|0x0000000712000000, 0x0000000712000000, 0x0000000712200000|  0%| F|  |TAMS 0x0000000712000000, 0x0000000712000000| Untracked 
|  98|0x0000000712200000, 0x0000000712200000, 0x0000000712400000|  0%| F|  |TAMS 0x0000000712200000, 0x0000000712200000| Untracked 
|  99|0x0000000712400000, 0x0000000712400000, 0x0000000712600000|  0%| F|  |TAMS 0x0000000712400000, 0x0000000712400000| Untracked 
| 100|0x0000000712600000, 0x0000000712600000, 0x0000000712800000|  0%| F|  |TAMS 0x0000000712600000, 0x0000000712600000| Untracked 
| 101|0x0000000712800000, 0x0000000712800000, 0x0000000712a00000|  0%| F|  |TAMS 0x0000000712800000, 0x0000000712800000| Untracked 
| 102|0x0000000712a00000, 0x0000000712a00000, 0x0000000712c00000|  0%| F|  |TAMS 0x0000000712a00000, 0x0000000712a00000| Untracked 
| 103|0x0000000712c00000, 0x0000000712c00000, 0x0000000712e00000|  0%| F|  |TAMS 0x0000000712c00000, 0x0000000712c00000| Untracked 
| 104|0x0000000712e00000, 0x0000000712e00000, 0x0000000713000000|  0%| F|  |TAMS 0x0000000712e00000, 0x0000000712e00000| Untracked 
| 105|0x0000000713000000, 0x0000000713000000, 0x0000000713200000|  0%| F|  |TAMS 0x0000000713000000, 0x0000000713000000| Untracked 
| 106|0x0000000713200000, 0x0000000713200000, 0x0000000713400000|  0%| F|  |TAMS 0x0000000713200000, 0x0000000713200000| Untracked 
| 107|0x0000000713400000, 0x0000000713400000, 0x0000000713600000|  0%| F|  |TAMS 0x0000000713400000, 0x0000000713400000| Untracked 
| 108|0x0000000713600000, 0x0000000713600000, 0x0000000713800000|  0%| F|  |TAMS 0x0000000713600000, 0x0000000713600000| Untracked 
| 109|0x0000000713800000, 0x0000000713800000, 0x0000000713a00000|  0%| F|  |TAMS 0x0000000713800000, 0x0000000713800000| Untracked 
| 110|0x0000000713a00000, 0x0000000713a00000, 0x0000000713c00000|  0%| F|  |TAMS 0x0000000713a00000, 0x0000000713a00000| Untracked 
| 111|0x0000000713c00000, 0x0000000713c00000, 0x0000000713e00000|  0%| F|  |TAMS 0x0000000713c00000, 0x0000000713c00000| Untracked 
| 112|0x0000000713e00000, 0x0000000713e00000, 0x0000000714000000|  0%| F|  |TAMS 0x0000000713e00000, 0x0000000713e00000| Untracked 
| 113|0x0000000714000000, 0x00000007141b8180, 0x0000000714200000| 85%| S|CS|TAMS 0x0000000714000000, 0x0000000714000000| Complete 
| 114|0x0000000714200000, 0x0000000714400000, 0x0000000714400000|100%| S|CS|TAMS 0x0000000714200000, 0x0000000714200000| Complete 
| 115|0x0000000714400000, 0x0000000714400000, 0x0000000714600000|  0%| F|  |TAMS 0x0000000714400000, 0x0000000714400000| Untracked 
| 116|0x0000000714600000, 0x0000000714600000, 0x0000000714800000|  0%| F|  |TAMS 0x0000000714600000, 0x0000000714600000| Untracked 
| 117|0x0000000714800000, 0x0000000714800000, 0x0000000714a00000|  0%| F|  |TAMS 0x0000000714800000, 0x0000000714800000| Untracked 
| 118|0x0000000714a00000, 0x0000000714a00000, 0x0000000714c00000|  0%| F|  |TAMS 0x0000000714a00000, 0x0000000714a00000| Untracked 
| 119|0x0000000714c00000, 0x0000000714c00000, 0x0000000714e00000|  0%| F|  |TAMS 0x0000000714c00000, 0x0000000714c00000| Untracked 
| 120|0x0000000714e00000, 0x0000000714e00000, 0x0000000715000000|  0%| F|  |TAMS 0x0000000714e00000, 0x0000000714e00000| Untracked 
| 121|0x0000000715000000, 0x0000000715000000, 0x0000000715200000|  0%| F|  |TAMS 0x0000000715000000, 0x0000000715000000| Untracked 
| 122|0x0000000715200000, 0x000000071522e968, 0x0000000715400000|  9%| E|  |TAMS 0x0000000715200000, 0x0000000715200000| Complete 
| 123|0x0000000715400000, 0x0000000715600000, 0x0000000715600000|100%| E|CS|TAMS 0x0000000715400000, 0x0000000715400000| Complete 
| 124|0x0000000715600000, 0x0000000715800000, 0x0000000715800000|100%| E|CS|TAMS 0x0000000715600000, 0x0000000715600000| Complete 
| 125|0x0000000715800000, 0x0000000715a00000, 0x0000000715a00000|100%| E|CS|TAMS 0x0000000715800000, 0x0000000715800000| Complete 

Card table byte_map: [0x000002a1faa80000,0x000002a1fb260000] _byte_map_base: 0x000002a1f7251000

Marking Bits (Prev, Next): (CMBitMap*) 0x000002a1e2b32440, (CMBitMap*) 0x000002a1e2b32480
 Prev Bits: [0x000002a1fba40000, 0x000002a1ff8c8000)
 Next Bits: [0x000002a180000000, 0x000002a183e88000)

Polling page: 0x000002a1e09f0000

Metaspace:

Usage:
  Non-class:      4.82 MB used.
      Class:    616.95 KB used.
       Both:      5.42 MB used.

Virtual space:
  Non-class space:       64.00 MB reserved,       4.88 MB (  8%) committed,  1 nodes.
      Class space:        1.00 GB reserved,     640.00 KB ( <1%) committed,  1 nodes.
             Both:        1.06 GB reserved,       5.50 MB ( <1%) committed. 

Chunk freelists:
   Non-Class:  1.25 MB
       Class:  3.31 MB
        Both:  4.56 MB

MaxMetaspaceSize: unlimited
CompressedClassSpaceSize: 1.00 GB
Initial GC threshold: 21.00 MB
Current GC threshold: 21.00 MB
CDS: on
MetaspaceReclaimPolicy: balanced
 - commit_granule_bytes: 65536.
 - commit_granule_words: 8192.
 - virtual_space_node_default_size: 8388608.
 - enlarge_chunks_in_place: 1.
 - new_chunks_are_fully_committed: 0.
 - uncommit_free_chunks: 1.
 - use_allocation_guard: 0.


Internal statistics:

num_allocs_failed_limit: 0.
num_arena_births: 46.
num_arena_deaths: 0.
num_vsnodes_births: 2.
num_vsnodes_deaths: 0.
num_space_committed: 88.
num_space_uncommitted: 0.
num_chunks_returned_to_freelist: 0.
num_chunks_taken_from_freelist: 182.
num_chunk_merges: 0.
num_chunk_splits: 129.
num_chunks_enlarged: 110.
num_inconsistent_stats: 0.

CodeHeap 'non-profiled nmethods': size=119168Kb used=370Kb max_used=370Kb free=118797Kb
 bounds [0x000002a1f25c0000, 0x000002a1f2830000, 0x000002a1f9a20000]
CodeHeap 'profiled nmethods': size=119104Kb used=2371Kb max_used=2371Kb free=116732Kb
 bounds [0x000002a1eaa20000, 0x000002a1eac90000, 0x000002a1f1e70000]
CodeHeap 'non-nmethods': size=7488Kb used=2938Kb max_used=2990Kb free=4549Kb
 bounds [0x000002a1f1e70000, 0x000002a1f2160000, 0x000002a1f25c0000]
 total_blobs=1681 nmethods=1219 adapters=370
 compilation: enabled
              stopped_count=0, restarted_count=0
 full_count=0

Compilation events (20 events):
Event: 0.414 Thread 0x000002a18ad3a5e0 1184 %     3       org.codehaus.plexus.util.InterpolationFilterReader::read @ 3 (48 bytes)
Event: 0.414 Thread 0x000002a18ad3a5e0 nmethod 1184% 0x000002a1eac54990 code [0x000002a1eac54b60, 0x000002a1eac54f48]
Event: 0.417 Thread 0x000002a1866db8a0 1185       3       org.codehaus.plexus.util.xml.pull.MXParser::require (443 bytes)
Event: 0.417 Thread 0x000002a18ad3a5e0 1186       3       java.util.Collections::emptyMap (4 bytes)
Event: 0.418 Thread 0x000002a18ad3a5e0 nmethod 1186 0x000002a1eac55110 code [0x000002a1eac552a0, 0x000002a1eac55398]
Event: 0.421 Thread 0x000002a18ad3a5e0 1187       3       org.codehaus.plexus.util.InterpolationFilterReader::read (48 bytes)
Event: 0.421 Thread 0x000002a1866db8a0 nmethod 1185 0x000002a1eac55410 code [0x000002a1eac55c20, 0x000002a1eac59368]
Event: 0.421 Thread 0x000002a18ad3a5e0 nmethod 1187 0x000002a1eac5a790 code [0x000002a1eac5a960, 0x000002a1eac5ac88]
Event: 0.423 Thread 0x000002a18bbd7da0 nmethod 1166 0x000002a1f2616110 code [0x000002a1f26162c0, 0x000002a1f2616a68]
Event: 0.423 Thread 0x000002a18bbd7da0 1151   !   4       sun.nio.cs.StreamDecoder::read0 (59 bytes)
Event: 0.428 Thread 0x000002a18ad3a5e0 1188       3       java.lang.Float::isNaN (12 bytes)
Event: 0.428 Thread 0x000002a18ad3a5e0 nmethod 1188 0x000002a1eac5ae10 code [0x000002a1eac5afa0, 0x000002a1eac5b118]
Event: 0.430 Thread 0x000002a18ad3af70 1189       3       org.eclipse.sisu.space.URLClassSpace::deferLoadClass (10 bytes)
Event: 0.430 Thread 0x000002a18ac9ea80 1190       3       org.eclipse.sisu.space.NamedClass::<init> (15 bytes)
Event: 0.430 Thread 0x000002a18ad3a5e0 1191       3       org.eclipse.sisu.space.AbstractDeferredClass::<init> (5 bytes)
Event: 0.431 Thread 0x000002a18ad3a5e0 nmethod 1191 0x000002a1eac5b190 code [0x000002a1eac5b340, 0x000002a1eac5b498]
Event: 0.431 Thread 0x000002a18ac9ea80 nmethod 1190 0x000002a1eac5b590 code [0x000002a1eac5b740, 0x000002a1eac5b9d8]
Event: 0.431 Thread 0x000002a18ad3af70 nmethod 1189 0x000002a1eac5ba90 code [0x000002a1eac5bc40, 0x000002a1eac5bf98]
Event: 0.433 Thread 0x000002a18b9dfa80 nmethod 1183 0x000002a1f2617210 code [0x000002a1f2617460, 0x000002a1f2617fc8]
Event: 0.435 Thread 0x000002a18b9dfa80 1171       4       sun.nio.cs.StreamDecoder::lockedRead0 (95 bytes)

GC Heap History (2 events):
Event: 0.384 GC heap before
{Heap before GC invocations=0 (full 0):
 garbage-first heap   total 258048K, used 22528K [0x0000000705e00000, 0x0000000800000000)
  region size 2048K, 11 young (22528K), 0 survivors (0K)
 Metaspace       used 5286K, committed 5440K, reserved 1114112K
  class space    used 576K, committed 640K, reserved 1048576K
}
Event: 0.387 GC heap after
{Heap after GC invocations=1 (full 0):
 garbage-first heap   total 258048K, used 3808K [0x0000000705e00000, 0x0000000800000000)
  region size 2048K, 2 young (4096K), 2 survivors (4096K)
 Metaspace       used 5286K, committed 5440K, reserved 1114112K
  class space    used 576K, committed 640K, reserved 1048576K
}

Dll operation events (12 events):
Event: 0.005 Loaded shared library C:\Program Files\Java\jdk-19\bin\java.dll
Event: 0.011 Loaded shared library C:\Program Files\Java\jdk-19\bin\jsvml.dll
Event: 0.038 Loaded shared library C:\Program Files\Java\jdk-19\bin\zip.dll
Event: 0.039 Loaded shared library C:\Program Files\Java\jdk-19\bin\instrument.dll
Event: 0.042 Loaded shared library C:\Program Files\Java\jdk-19\bin\net.dll
Event: 0.043 Loaded shared library C:\Program Files\Java\jdk-19\bin\nio.dll
Event: 0.045 Loaded shared library C:\Program Files\Java\jdk-19\bin\zip.dll
Event: 0.053 Loaded shared library C:\Program Files\JetBrains\IntelliJ IDEA 2022.1.2\bin\breakgen64.dll
Event: 0.058 Loaded shared library C:\Program Files\Java\jdk-19\bin\extnet.dll
Event: 0.111 Loaded shared library C:\Program Files\Java\jdk-19\bin\jimage.dll
Event: 0.148 Loaded shared library C:\Users\99293\AppData\Local\Temp\jansi-2.4.0-c88e369ff5755f98-jansi.dll
Event: 0.154 Loaded shared library C:\Program Files\Java\jdk-19\bin\verify.dll

Deoptimization events (20 events):
Event: 0.356 Thread 0x000002a1e2abf8a0 DEOPT PACKING pc=0x000002a1f25f8020 sp=0x000000f1535fdee0
Event: 0.356 Thread 0x000002a1e2abf8a0 DEOPT UNPACKING pc=0x000002a1f1ed6da3 sp=0x000000f1535fde98 mode 2
Event: 0.356 Thread 0x000002a1e2abf8a0 Uncommon trap: trap_request=0xffffff45 fr.pc=0x000002a1f25eea50 relative=0x00000000000000b0
Event: 0.356 Thread 0x000002a1e2abf8a0 Uncommon trap: reason=unstable_if action=reinterpret pc=0x000002a1f25eea50 method=org.codehaus.plexus.util.xml.pull.MXParser.more()C @ 8 c2
Event: 0.356 Thread 0x000002a1e2abf8a0 DEOPT PACKING pc=0x000002a1f25eea50 sp=0x000000f1535fe360
Event: 0.356 Thread 0x000002a1e2abf8a0 DEOPT UNPACKING pc=0x000002a1f1ed6da3 sp=0x000000f1535fe2f0 mode 2
Event: 0.382 Thread 0x000002a1e2abf8a0 DEOPT PACKING pc=0x000002a1eaa8b2de sp=0x000000f1535fe030
Event: 0.382 Thread 0x000002a1e2abf8a0 DEOPT UNPACKING pc=0x000002a1f1ed7543 sp=0x000000f1535fd508 mode 0
Event: 0.388 Thread 0x000002a1866cef00 Uncommon trap: trap_request=0xffffff45 fr.pc=0x000002a1f2610708 relative=0x0000000000000168
Event: 0.388 Thread 0x000002a1866cef00 Uncommon trap: reason=unstable_if action=reinterpret pc=0x000002a1f2610708 method=java.util.concurrent.locks.ReentrantLock$NonfairSync.initialTryLock()Z @ 25 c2
Event: 0.388 Thread 0x000002a1866cef00 DEOPT PACKING pc=0x000002a1f2610708 sp=0x000000f153cff5c0
Event: 0.388 Thread 0x000002a1866cef00 DEOPT UNPACKING pc=0x000002a1f1ed6da3 sp=0x000000f153cff560 mode 2
Event: 0.437 Thread 0x000002a1e2abf8a0 Uncommon trap: trap_request=0xffffff45 fr.pc=0x000002a1f26131b8 relative=0x0000000000000598
Event: 0.437 Thread 0x000002a1e2abf8a0 Uncommon trap: reason=unstable_if action=reinterpret pc=0x000002a1f26131b8 method=sun.nio.cs.StreamDecoder.implRead([CII)I @ 197 c2
Event: 0.437 Thread 0x000002a1e2abf8a0 DEOPT PACKING pc=0x000002a1f26131b8 sp=0x000000f1535fd9f0
Event: 0.437 Thread 0x000002a1e2abf8a0 DEOPT UNPACKING pc=0x000002a1f1ed6da3 sp=0x000000f1535fd9b0 mode 2
Event: 0.442 Thread 0x000002a1e2abf8a0 Uncommon trap: trap_request=0xffffff45 fr.pc=0x000002a1f2617e24 relative=0x00000000000009c4
Event: 0.442 Thread 0x000002a1e2abf8a0 Uncommon trap: reason=unstable_if action=reinterpret pc=0x000002a1f2617e24 method=org.codehaus.plexus.util.xml.pull.MXParser.nextImpl()I @ 241 c2
Event: 0.442 Thread 0x000002a1e2abf8a0 DEOPT PACKING pc=0x000002a1f2617e24 sp=0x000000f1535fe470
Event: 0.442 Thread 0x000002a1e2abf8a0 DEOPT UNPACKING pc=0x000002a1f1ed6da3 sp=0x000000f1535fe3e8 mode 2

Classes loaded (20 events):
Event: 0.345 Loading class java/lang/reflect/TypeVariable
Event: 0.345 Loading class java/lang/reflect/TypeVariable done
Event: 0.345 Loading class sun/reflect/generics/tree/FormalTypeParameter
Event: 0.345 Loading class sun/reflect/generics/tree/FormalTypeParameter done
Event: 0.345 Loading class sun/reflect/generics/tree/ClassSignature
Event: 0.345 Loading class sun/reflect/generics/tree/Signature
Event: 0.345 Loading class sun/reflect/generics/tree/Signature done
Event: 0.345 Loading class sun/reflect/generics/tree/ClassSignature done
Event: 0.345 Loading class java/lang/reflect/WildcardType
Event: 0.345 Loading class java/lang/reflect/WildcardType done
Event: 0.346 Loading class sun/reflect/generics/tree/TypeVariableSignature
Event: 0.346 Loading class sun/reflect/generics/tree/TypeVariableSignature done
Event: 0.353 Loading class java/lang/annotation/IncompleteAnnotationException
Event: 0.353 Loading class java/lang/annotation/IncompleteAnnotationException done
Event: 0.370 Loading class java/lang/foreign/MemorySegment
Event: 0.371 Loading class java/lang/foreign/Addressable
Event: 0.371 Loading class java/lang/foreign/Addressable done
Event: 0.371 Loading class java/lang/foreign/MemorySegment done
Event: 0.387 Loading class java/util/concurrent/locks/AbstractQueuedSynchronizer$ExclusiveNode
Event: 0.388 Loading class java/util/concurrent/locks/AbstractQueuedSynchronizer$ExclusiveNode done

Classes unloaded (0 events):
No events

Classes redefined (0 events):
No events

Internal exceptions (14 events):
Event: 0.048 Thread 0x000002a1e2abf8a0 Exception <a 'java/lang/NoSuchMethodError'{0x00000007156ca8c0}: 'void java.lang.invoke.DirectMethodHandle$Holder.invokeStatic(java.lang.Object, java.lang.Object, java.lang.Object)'> (0x00000007156ca8c0) 
thrown [s\open\src\hotspot\share\interpreter\linkResolver.cpp, line 774]
Event: 0.052 Thread 0x000002a1e2abf8a0 Exception <a 'java/lang/NoSuchMethodError'{0x00000007156e3110}: 'java.lang.Object java.lang.invoke.Invokers$Holder.invokeExact_MT(java.lang.Object, java.lang.Object, java.lang.Object, java.lang.Object, java.lang.Object)'> (0x00000007156e3110) 
thrown [s\open\src\hotspot\share\interpreter\linkResolver.cpp, line 774]
Event: 0.059 Thread 0x000002a18ae3a360 Exception <a 'java/lang/NoSuchMethodError'{0x0000000715759f58}: 'void java.lang.invoke.DirectMethodHandle$Holder.invokeStatic(java.lang.Object, java.lang.Object)'> (0x0000000715759f58) 
thrown [s\open\src\hotspot\share\interpreter\linkResolver.cpp, line 774]
Event: 0.109 Thread 0x000002a1e2abf8a0 Exception <a 'java/lang/NullPointerException'{0x0000000715215c80}> (0x0000000715215c80) 
thrown [s\open\src\hotspot\share\interpreter\linkResolver.cpp, line 1374]
Event: 0.149 Thread 0x000002a1e2abf8a0 Exception <a 'java/lang/NullPointerException'{0x000000071536e680}> (0x000000071536e680) 
thrown [s\open\src\hotspot\share\interpreter\linkResolver.cpp, line 1374]
Event: 0.149 Thread 0x000002a1e2abf8a0 Exception <a 'java/lang/NullPointerException'{0x000000071536e960}> (0x000000071536e960) 
thrown [s\open\src\hotspot\share\interpreter\linkResolver.cpp, line 1374]
Event: 0.149 Thread 0x000002a1e2abf8a0 Exception <a 'java/lang/NullPointerException'{0x000000071536ec40}> (0x000000071536ec40) 
thrown [s\open\src\hotspot\share\interpreter\linkResolver.cpp, line 1374]
Event: 0.150 Thread 0x000002a1e2abf8a0 Exception <a 'java/lang/NullPointerException'{0x0000000715373f20}> (0x0000000715373f20) 
thrown [s\open\src\hotspot\share\interpreter\linkResolver.cpp, line 1374]
Event: 0.151 Thread 0x000002a1e2abf8a0 Exception <a 'java/lang/NullPointerException'{0x0000000715387488}> (0x0000000715387488) 
thrown [s\open\src\hotspot\share\interpreter\linkResolver.cpp, line 1374]
Event: 0.151 Thread 0x000002a1e2abf8a0 Exception <a 'java/lang/NullPointerException'{0x0000000715387768}> (0x0000000715387768) 
thrown [s\open\src\hotspot\share\interpreter\linkResolver.cpp, line 1374]
Event: 0.151 Thread 0x000002a1e2abf8a0 Exception <a 'java/lang/NullPointerException'{0x0000000715387a48}> (0x0000000715387a48) 
thrown [s\open\src\hotspot\share\interpreter\linkResolver.cpp, line 1374]
Event: 0.151 Thread 0x000002a1e2abf8a0 Exception <a 'java/lang/NullPointerException'{0x0000000715387d28}> (0x0000000715387d28) 
thrown [s\open\src\hotspot\share\interpreter\linkResolver.cpp, line 1374]
Event: 0.327 Thread 0x000002a1e2abf8a0 Exception <a 'java/lang/NoSuchMethodError'{0x00000007149f3738}: 'java.lang.Object java.lang.invoke.DirectMethodHandle$Holder.newInvokeSpecial(java.lang.Object, java.lang.Object, java.lang.Object, java.lang.Object, java.lang.Object)'> (0x00000007149f3738) 
thrown [s\open\src\hotspot\share\interpreter\linkResolver.cpp, line 774]
Event: 0.353 Thread 0x000002a1e2abf8a0 Exception <a 'java/lang/NoClassDefFoundError'{0x000000071474dcc8}: javax/enterprise/inject/Typed> (0x000000071474dcc8) 
thrown [s\open\src\hotspot\share\classfile\systemDictionary.cpp, line 244]

VM Operations (12 events):
Event: 0.056 Executing VM operation: HandshakeAllThreads
Event: 0.056 Executing VM operation: HandshakeAllThreads done
Event: 0.108 Executing VM operation: HandshakeAllThreads
Event: 0.108 Executing VM operation: HandshakeAllThreads done
Event: 0.112 Executing VM operation: HandshakeAllThreads
Event: 0.112 Executing VM operation: HandshakeAllThreads done
Event: 0.360 Executing VM operation: ICBufferFull
Event: 0.360 Executing VM operation: ICBufferFull done
Event: 0.384 Executing VM operation: G1CollectForAllocation
Event: 0.387 Executing VM operation: G1CollectForAllocation done
Event: 0.388 Executing VM operation: HandshakeAllThreads
Event: 0.388 Executing VM operation: HandshakeAllThreads done

Events (20 events):
Event: 0.018 Thread 0x000002a1866d26f0 Thread added: 0x000002a1866d26f0
Event: 0.018 Thread 0x000002a1866d4030 Thread added: 0x000002a1866d4030
Event: 0.018 Thread 0x000002a1866d5970 Thread added: 0x000002a1866d5970
Event: 0.018 Thread 0x000002a1866d62a0 Thread added: 0x000002a1866d62a0
Event: 0.018 Thread 0x000002a1866d8f10 Thread added: 0x000002a1866d8f10
Event: 0.018 Thread 0x000002a1866db8a0 Thread added: 0x000002a1866db8a0
Event: 0.018 Thread 0x000002a1866de580 Thread added: 0x000002a1866de580
Event: 0.021 Thread 0x000002a18ac9ea80 Thread added: 0x000002a18ac9ea80
Event: 0.029 Thread 0x000002a18ad35ac0 Thread added: 0x000002a18ad35ac0
Event: 0.032 Thread 0x000002a18ad3a5e0 Thread added: 0x000002a18ad3a5e0
Event: 0.033 Thread 0x000002a18ad3af70 Thread added: 0x000002a18ad3af70
Event: 0.035 Thread 0x000002a18ad3fb30 Thread added: 0x000002a18ad3fb30
Event: 0.054 Thread 0x000002a18ae3a360 Thread added: 0x000002a18ae3a360
Event: 0.054 Thread 0x000002a18ae3ccb0 Thread added: 0x000002a18ae3ccb0
Event: 0.362 Thread 0x000002a18b63bb30 Thread added: 0x000002a18b63bb30
Event: 0.373 Thread 0x000002a18b8096f0 Thread added: 0x000002a18b8096f0
Event: 0.373 Thread 0x000002a18b9dfa80 Thread added: 0x000002a18b9dfa80
Event: 0.380 Thread 0x000002a18bbd7000 Thread added: 0x000002a18bbd7000
Event: 0.380 Thread 0x000002a18bbd7820 Thread added: 0x000002a18bbd7820
Event: 0.380 Thread 0x000002a18bbd7da0 Thread added: 0x000002a18bbd7da0


Dynamic libraries:
0x00007ff7b4a20000 - 0x00007ff7b4a30000 	C:\Program Files\Java\jdk-19\bin\java.exe
0x00007ff8d01b0000 - 0x00007ff8d03c6000 	C:\WINDOWS\SYSTEM32\ntdll.dll
0x00007ff8ce570000 - 0x00007ff8ce634000 	C:\WINDOWS\System32\KERNEL32.DLL
0x00007ff8cd770000 - 0x00007ff8cdb16000 	C:\WINDOWS\System32\KERNELBASE.dll
0x00007ff8cdb20000 - 0x00007ff8cdc31000 	C:\WINDOWS\System32\ucrtbase.dll
0x00007ff8c2ae0000 - 0x00007ff8c2af8000 	C:\Program Files\Java\jdk-19\bin\jli.dll
0x00007ff8b9f20000 - 0x00007ff8b9f3b000 	C:\Program Files\Java\jdk-19\bin\VCRUNTIME140.dll
0x00007ff8cffb0000 - 0x00007ff8d0062000 	C:\WINDOWS\System32\ADVAPI32.dll
0x00007ff8cef80000 - 0x00007ff8cf027000 	C:\WINDOWS\System32\msvcrt.dll
0x00007ff8cfcd0000 - 0x00007ff8cfd78000 	C:\WINDOWS\System32\sechost.dll
0x00007ff8cdc40000 - 0x00007ff8cdc68000 	C:\WINDOWS\System32\bcrypt.dll
0x00007ff8cecf0000 - 0x00007ff8cee05000 	C:\WINDOWS\System32\RPCRT4.dll
0x00007ff8ceac0000 - 0x00007ff8cec6d000 	C:\WINDOWS\System32\USER32.dll
0x00007ff8cdc70000 - 0x00007ff8cdc96000 	C:\WINDOWS\System32\win32u.dll
0x00007ff8b5c70000 - 0x00007ff8b5f03000 	C:\WINDOWS\WinSxS\amd64_microsoft.windows.common-controls_6595b64144ccf1df_6.0.22621.3235_none_270f74e173860f98\COMCTL32.dll
0x00007ff8cff40000 - 0x00007ff8cff69000 	C:\WINDOWS\System32\GDI32.dll
0x00007ff8cddb0000 - 0x00007ff8cdec8000 	C:\WINDOWS\System32\gdi32full.dll
0x00007ff8cdd10000 - 0x00007ff8cddaa000 	C:\WINDOWS\System32\msvcp_win.dll
0x00007ff8c5640000 - 0x00007ff8c564a000 	C:\WINDOWS\SYSTEM32\VERSION.dll
0x00007ff8cff70000 - 0x00007ff8cffa1000 	C:\WINDOWS\System32\IMM32.DLL
0x00007ff8c4ec0000 - 0x00007ff8c4ecc000 	C:\Program Files\Java\jdk-19\bin\vcruntime140_1.dll
0x00007ff8b7850000 - 0x00007ff8b78de000 	C:\Program Files\Java\jdk-19\bin\msvcp140.dll
0x00007ff84e430000 - 0x00007ff84f0f0000 	C:\Program Files\Java\jdk-19\bin\server\jvm.dll
0x00007ff8c5410000 - 0x00007ff8c5444000 	C:\WINDOWS\SYSTEM32\WINMM.dll
0x00007ff8c8450000 - 0x00007ff8c8459000 	C:\WINDOWS\SYSTEM32\WSOCK32.dll
0x00007ff8cec70000 - 0x00007ff8cece1000 	C:\WINDOWS\System32\WS2_32.dll
0x00007ff8cc5f0000 - 0x00007ff8cc608000 	C:\WINDOWS\SYSTEM32\kernel.appcore.dll
0x00007ff8c2ad0000 - 0x00007ff8c2ada000 	C:\Program Files\Java\jdk-19\bin\jimage.dll
0x00007ff8ca7d0000 - 0x00007ff8caa03000 	C:\WINDOWS\SYSTEM32\DBGHELP.DLL
0x00007ff8ce720000 - 0x00007ff8ceaa8000 	C:\WINDOWS\System32\combase.dll
0x00007ff8cee70000 - 0x00007ff8cef47000 	C:\WINDOWS\System32\OLEAUT32.dll
0x00007ff8c2f00000 - 0x00007ff8c2f32000 	C:\WINDOWS\SYSTEM32\dbgcore.DLL
0x00007ff8cd6f0000 - 0x00007ff8cd76a000 	C:\WINDOWS\System32\bcryptPrimitives.dll
0x00007ff8b8e70000 - 0x00007ff8b8e7e000 	C:\Program Files\Java\jdk-19\bin\instrument.dll
0x00007ff8b8d70000 - 0x00007ff8b8d96000 	C:\Program Files\Java\jdk-19\bin\java.dll
0x00007ff886970000 - 0x00007ff886a47000 	C:\Program Files\Java\jdk-19\bin\jsvml.dll
0x00007ff8cf470000 - 0x00007ff8cfccd000 	C:\WINDOWS\System32\SHELL32.dll
0x00007ff8cb3f0000 - 0x00007ff8cbce8000 	C:\WINDOWS\SYSTEM32\windows.storage.dll
0x00007ff8cb2b0000 - 0x00007ff8cb3ee000 	C:\WINDOWS\SYSTEM32\wintypes.dll
0x00007ff8cf040000 - 0x00007ff8cf133000 	C:\WINDOWS\System32\SHCORE.dll
0x00007ff8ce090000 - 0x00007ff8ce0ee000 	C:\WINDOWS\System32\shlwapi.dll
0x00007ff8cd3f0000 - 0x00007ff8cd416000 	C:\WINDOWS\SYSTEM32\profapi.dll
0x00007ff8b8620000 - 0x00007ff8b8638000 	C:\Program Files\Java\jdk-19\bin\zip.dll
0x00007ff8b8d50000 - 0x00007ff8b8d63000 	C:\Program Files\Java\jdk-19\bin\net.dll
0x00007ff8c6d70000 - 0x00007ff8c6ea7000 	C:\WINDOWS\SYSTEM32\WINHTTP.dll
0x00007ff8cca70000 - 0x00007ff8ccad9000 	C:\WINDOWS\system32\mswsock.dll
0x00007ff8b8cd0000 - 0x00007ff8b8ce6000 	C:\Program Files\Java\jdk-19\bin\nio.dll
0x00007ff8b7d80000 - 0x00007ff8b7d9a000 	C:\Program Files\JetBrains\IntelliJ IDEA 2022.1.2\bin\breakgen64.dll
0x00007ff8b8380000 - 0x00007ff8b8388000 	C:\Program Files\Java\jdk-19\bin\extnet.dll
0x0000000069ac0000 - 0x0000000069ae4000 	C:\Users\99293\AppData\Local\Temp\jansi-2.4.0-c88e369ff5755f98-jansi.dll
0x00007ff8b8cc0000 - 0x00007ff8b8cd0000 	C:\Program Files\Java\jdk-19\bin\verify.dll

dbghelp: loaded successfully - version: 4.0.5 - missing functions: none
symbol engine: initialized successfully - sym options: 0x614 - pdb path: .;C:\Program Files\Java\jdk-19\bin;C:\WINDOWS\SYSTEM32;C:\WINDOWS\WinSxS\amd64_microsoft.windows.common-controls_6595b64144ccf1df_6.0.22621.3235_none_270f74e173860f98;C:\Program Files\Java\jdk-19\bin\server;C:\Program Files\JetBrains\IntelliJ IDEA 2022.1.2\bin;C:\Users\99293\AppData\Local\Temp

VM Arguments:
jvm_args: -Dmaven.multiModuleProjectDirectory=D:\unitedStates duplicates original -Dmaven.home=C:\Users\99293\.m2\wrapper\dists\apache-maven-3.8.6-bin\1ks0nkde5v1pk9vtc31i9d0lcd\apache-maven-3.8.6 -Dclassworlds.conf=C:\Users\99293\.m2\wrapper\dists\apache-maven-3.8.6-bin\1ks0nkde5v1pk9vtc31i9d0lcd\apache-maven-3.8.6\bin\m2.conf -Dmaven.ext.class.path=C:\Program Files\JetBrains\IntelliJ IDEA 2022.1.2\plugins\maven\lib\maven-event-listener.jar -javaagent:C:\Program Files\JetBrains\IntelliJ IDEA 2022.1.2\lib\idea_rt.jar=58779:C:\Program Files\JetBrains\IntelliJ IDEA 2022.1.2\bin -Dfile.encoding=UTF-8 
java_command: org.codehaus.classworlds.Launcher -Didea.version=2022.1.2 package
java_class_path (initial): C:\Users\99293\.m2\wrapper\dists\apache-maven-3.8.6-bin\1ks0nkde5v1pk9vtc31i9d0lcd\apache-maven-3.8.6\boot\plexus-classworlds-2.6.0.jar;C:\Users\99293\.m2\wrapper\dists\apache-maven-3.8.6-bin\1ks0nkde5v1pk9vtc31i9d0lcd\apache-maven-3.8.6\boot\plexus-classworlds.license
Launcher Type: SUN_STANDARD

[Global flags]
     intx CICompilerCount                          = 12                                        {product} {ergonomic}
     uint ConcGCThreads                            = 3                                         {product} {ergonomic}
     uint G1ConcRefinementThreads                  = 13                                        {product} {ergonomic}
   size_t G1HeapRegionSize                         = 2097152                                   {product} {ergonomic}
    uintx GCDrainStackTargetSize                   = 64                                        {product} {ergonomic}
   size_t InitialHeapSize                          = 264241152                                 {product} {ergonomic}
   size_t MarkStackSize                            = 4194304                                   {product} {ergonomic}
   size_t MaxHeapSize                              = 4196401152                                {product} {ergonomic}
   size_t MaxNewSize                               = 2516582400                                {product} {ergonomic}
   size_t MinHeapDeltaBytes                        = 2097152                                   {product} {ergonomic}
   size_t MinHeapSize                              = 8388608                                   {product} {ergonomic}
    uintx NonNMethodCodeHeapSize                   = 7602480                                {pd product} {ergonomic}
    uintx NonProfiledCodeHeapSize                  = 122027880                              {pd product} {ergonomic}
    uintx ProfiledCodeHeapSize                     = 122027880                              {pd product} {ergonomic}
    uintx ReservedCodeCacheSize                    = 251658240                              {pd product} {ergonomic}
     bool SegmentedCodeCache                       = true                                      {product} {ergonomic}
   size_t SoftMaxHeapSize                          = 4196401152                             {manageable} {ergonomic}
     bool UseCompressedClassPointers               = true                           {product lp64_product} {ergonomic}
     bool UseCompressedOops                        = true                           {product lp64_product} {ergonomic}
     bool UseG1GC                                  = true                                      {product} {ergonomic}
     bool UseLargePagesIndividualAllocation        = false                                  {pd product} {ergonomic}

Logging:
Log output configuration:
 #0: stdout all=warning uptime,level,tags foldmultilines=false
 #1: stderr all=off uptime,level,tags foldmultilines=false

Environment Variables:
PATH=C:\Program Files\Common Files\Oracle\Java\javapath;C:\Windows\system32;C:\Windows;C:\Windows\System32\Wbem;C:\Windows\System32\WindowsPowerShell\v1.0\;C:\Windows\System32\OpenSSH\;C:\Program Files (x86)\NVIDIA Corporation\PhysX\Common;C:\Program Files\NVIDIA Corporation\NVIDIA NvDLISR;C:\Program Files\Git\cmd;C:\Program Files (x86)\dotnet\;%SystemRoot%\system32;%SystemRoot%;%SystemRoot%\System32\Wbem;%SYSTEMROOT%\System32\WindowsPowerShell\v1.0\;%SYSTEMROOT%\System32\OpenSSH\;C:\Users\99293\AppData\Local\Programs\Python\Python311\Scripts\;C:\Users\99293\AppData\Local\Programs\Python\Python311\;C:\Users\99293\AppData\Local\Microsoft\WindowsApps;;C:\Program Files\JetBrains\IntelliJ IDEA 2022.1.2\bin;;C:\Program Files\heroku\bin
USERNAME=ASUS
OS=Windows_NT
PROCESSOR_IDENTIFIER=Intel64 Family 6 Model 154 Stepping 3, GenuineIntel
TMP=C:\Users\99293\AppData\Local\Temp
TEMP=C:\Users\99293\AppData\Local\Temp



---------------  S Y S T E M  ---------------

OS:
 Windows 11 , 64 bit Build 22621 (10.0.22621.3235)
OS uptime: 0 days 18:11 hours
Hyper-V role detected

CPU: total 16 (initial active 16) (8 cores per cpu, 2 threads per core) family 6 model 154 stepping 3 microcode 0x41c, cx8, cmov, fxsr, ht, mmx, 3dnowpref, sse, sse2, sse3, ssse3, sse4.1, sse4.2, popcnt, lzcnt, tsc, tscinvbit, avx, avx2, aes, erms, clmul, bmi1, bmi2, adx, sha, fma, vzeroupper, clflush, clflushopt, clwb, hv, serialize, rdtscp, rdpid, fsrm

Memory: 4k page, system-wide physical 16005M (3250M free)
TotalPageFile size 18053M (AvailPageFile size 5M)
current process WorkingSet (physical memory assigned to process): 113M, peak: 113M
current process commit charge ("private bytes"): 402M, peak: 403M

vm_info: Java HotSpot(TM) 64-Bit Server VM (19.0.2+7-44) for windows-amd64 JRE (19.0.2+7-44), built on 2022-11-30T18:02:09Z by "mach5one" with MS VC++ 17.1 (VS2022)

END.
