#
# There is insufficient memory for the Java Runtime Environment to continue.
# Native memory allocation (malloc) failed to allocate 632416 bytes for Chunk::new
# Possible reasons:
#   The system is out of physical RAM or swap space
#   The process is running with CompressedOops enabled, and the Java Heap may be blocking the growth of the native heap
# Possible solutions:
#   Reduce memory load on the system
#   Increase physical memory or swap space
#   Check if swap backing store is full
#   Decrease Java heap size (-Xmx/-Xms)
#   Decrease number of Java threads
#   Decrease Java thread stack sizes (-Xss)
#   Set larger code cache with -XX:ReservedCodeCacheSize=
#   JVM is running with Zero Based Compressed Oops mode in which the Java heap is
#     placed in the first 32GB address space. The Java Heap base address is the
#     maximum limit for the native heap growth. Please use -XX:HeapBaseMinAddress
#     to set the Java Heap base and to place the Java Heap above 32GB virtual address.
# This output file may be truncated or incomplete.
#
#  Out of Memory Error (arena.cpp:184), pid=14288, tid=14864
#
# JRE version: Java(TM) SE Runtime Environment (19.0.2+7) (build 19.0.2+7-44)
# Java VM: Java HotSpot(TM) 64-Bit Server VM (19.0.2+7-44, mixed mode, sharing, tiered, compressed oops, compressed class ptrs, g1 gc, windows-amd64)
# No core dump will be written. Minidumps are not enabled by default on client versions of Windows
#

---------------  S U M M A R Y ------------

Command Line: -Dmaven.multiModuleProjectDirectory=D:\unitedStates duplicates original -Dmaven.home=C:\Users\99293\.m2\wrapper\dists\apache-maven-3.8.6-bin\1ks0nkde5v1pk9vtc31i9d0lcd\apache-maven-3.8.6 -Dclassworlds.conf=C:\Users\99293\.m2\wrapper\dists\apache-maven-3.8.6-bin\1ks0nkde5v1pk9vtc31i9d0lcd\apache-maven-3.8.6\bin\m2.conf -Dmaven.ext.class.path=C:\Program Files\JetBrains\IntelliJ IDEA 2022.1.2\plugins\maven\lib\maven-event-listener.jar -javaagent:C:\Program Files\JetBrains\IntelliJ IDEA 2022.1.2\lib\idea_rt.jar=53692:C:\Program Files\JetBrains\IntelliJ IDEA 2022.1.2\bin -Dfile.encoding=UTF-8 org.codehaus.classworlds.Launcher -Didea.version=2022.1.2 package

Host: 12th Gen Intel(R) Core(TM) i7-12650H, 16 cores, 15G,  Windows 11 , 64 bit Build 22621 (10.0.22621.1928)
Time: Thu Aug 10 23:02:24 2023  Windows 11 , 64 bit Build 22621 (10.0.22621.1928) elapsed time: 1.270628 seconds (0d 0h 0m 1s)

---------------  T H R E A D  ---------------

Current thread (0x000001f2fb76d0c0):  JavaThread "C2 CompilerThread7" daemon [_thread_in_native, id=14864, stack(0x00000075d5700000,0x00000075d5800000)]


Current CompileTask:
C2:   1270 3839   !   4       org.apache.maven.model.ConfigurationContainer::clone (98 bytes)

Stack: [0x00000075d5700000,0x00000075d5800000]
Native frames: (J=compiled Java code, j=interpreted, Vv=VM code, C=native code)
V  [jvm.dll+0x6ee21a]
V  [jvm.dll+0x85765e]
V  [jvm.dll+0x85904e]
V  [jvm.dll+0x859703]
V  [jvm.dll+0x28298f]
V  [jvm.dll+0xc9adf]
V  [jvm.dll+0xc9e65]
V  [jvm.dll+0x2f7caf]
V  [jvm.dll+0x5f076b]
V  [jvm.dll+0x255483]
V  [jvm.dll+0x24dd00]
V  [jvm.dll+0x24b673]
V  [jvm.dll+0x1d6ce1]
V  [jvm.dll+0x25b25a]
V  [jvm.dll+0x2596e8]
V  [jvm.dll+0x807588]
V  [jvm.dll+0x80125a]
V  [jvm.dll+0x6ecf0b]
C  [ucrtbase.dll+0x29363]
C  [KERNEL32.DLL+0x126ad]
C  [ntdll.dll+0x5aa68]


---------------  P R O C E S S  ---------------

Threads class SMR info:
_java_thread_list=0x000001f2fd3b19a0, length=23, elements={
0x000001f2d85f8ef0, 0x000001f2fb75df60, 0x000001f2fb75e890, 0x000001f2fb762540,
0x000001f2fb767290, 0x000001f2fb767bc0, 0x000001f2fb7684f0, 0x000001f2fb76b160,
0x000001f2fb76f220, 0x000001f2fb770ee0, 0x000001f2fb76dbe0, 0x000001f2fb76f7b0,
0x000001f2fb7359b0, 0x000001f2fc619d60, 0x000001f2fc61a2a0, 0x000001f2fb76e170,
0x000001f2fb76d650, 0x000001f2fb76fd40, 0x000001f2fb76e700, 0x000001f2fb76ec90,
0x000001f2fb7702d0, 0x000001f2fb76cb30, 0x000001f2fb76d0c0
}

Java Threads: ( => current thread )
  0x000001f2d85f8ef0 JavaThread "main" [_thread_in_Java, id=13444, stack(0x00000075d3a00000,0x00000075d3b00000)]
  0x000001f2fb75df60 JavaThread "Reference Handler" daemon [_thread_blocked, id=10320, stack(0x00000075d4100000,0x00000075d4200000)]
  0x000001f2fb75e890 JavaThread "Finalizer" daemon [_thread_blocked, id=11080, stack(0x00000075d4200000,0x00000075d4300000)]
  0x000001f2fb762540 JavaThread "Signal Dispatcher" daemon [_thread_blocked, id=11620, stack(0x00000075d4300000,0x00000075d4400000)]
  0x000001f2fb767290 JavaThread "Attach Listener" daemon [_thread_blocked, id=7956, stack(0x00000075d4400000,0x00000075d4500000)]
  0x000001f2fb767bc0 JavaThread "Service Thread" daemon [_thread_blocked, id=7844, stack(0x00000075d4500000,0x00000075d4600000)]
  0x000001f2fb7684f0 JavaThread "Monitor Deflation Thread" daemon [_thread_blocked, id=18884, stack(0x00000075d4600000,0x00000075d4700000)]
  0x000001f2fb76b160 JavaThread "C2 CompilerThread0" daemon [_thread_in_native, id=13392, stack(0x00000075d4700000,0x00000075d4800000)]
  0x000001f2fb76f220 JavaThread "C1 CompilerThread0" daemon [_thread_blocked, id=16928, stack(0x00000075d4800000,0x00000075d4900000)]
  0x000001f2fb770ee0 JavaThread "Sweeper thread" daemon [_thread_blocked, id=14216, stack(0x00000075d4900000,0x00000075d4a00000)]
  0x000001f2fb76dbe0 JavaThread "C1 CompilerThread1" daemon [_thread_blocked, id=18184, stack(0x00000075d4a00000,0x00000075d4b00000)]
  0x000001f2fb76f7b0 JavaThread "C1 CompilerThread2" daemon [_thread_blocked, id=21292, stack(0x00000075d4b00000,0x00000075d4c00000)]
  0x000001f2fb7359b0 JavaThread "Common-Cleaner" daemon [_thread_blocked, id=16316, stack(0x00000075d4c00000,0x00000075d4d00000)]
  0x000001f2fc619d60 JavaThread "Monitor Ctrl-Break" daemon [_thread_in_native, id=13104, stack(0x00000075d4d00000,0x00000075d4e00000)]
  0x000001f2fc61a2a0 JavaThread "Notification Thread" daemon [_thread_blocked, id=3952, stack(0x00000075d4e00000,0x00000075d4f00000)]
  0x000001f2fb76e170 JavaThread "C2 CompilerThread1" daemon [_thread_in_native, id=8032, stack(0x00000075d5000000,0x00000075d5100000)]
  0x000001f2fb76d650 JavaThread "C1 CompilerThread3" daemon [_thread_blocked, id=10620, stack(0x00000075d5100000,0x00000075d5200000)]
  0x000001f2fb76fd40 JavaThread "C2 CompilerThread2" daemon [_thread_in_native, id=8944, stack(0x00000075d5200000,0x00000075d5300000)]
  0x000001f2fb76e700 JavaThread "C2 CompilerThread3" daemon [_thread_in_native, id=15000, stack(0x00000075d5300000,0x00000075d5400000)]
  0x000001f2fb76ec90 JavaThread "C2 CompilerThread4" daemon [_thread_in_native, id=2588, stack(0x00000075d5400000,0x00000075d5500000)]
  0x000001f2fb7702d0 JavaThread "C2 CompilerThread5" daemon [_thread_in_native, id=1380, stack(0x00000075d5500000,0x00000075d5600000)]
  0x000001f2fb76cb30 JavaThread "C2 CompilerThread6" daemon [_thread_in_native, id=21404, stack(0x00000075d5600000,0x00000075d5700000)]
=>0x000001f2fb76d0c0 JavaThread "C2 CompilerThread7" daemon [_thread_in_native, id=14864, stack(0x00000075d5700000,0x00000075d5800000)]

Other Threads:
  0x000001f2fb745f90 VMThread "VM Thread" [stack: 0x00000075d4000000,0x00000075d4100000] [id=20800]
  0x000001f2fc5f76a0 WatcherThread "VM Periodic Task Thread" [stack: 0x00000075d4f00000,0x00000075d5000000] [id=11384]
  0x000001f2d866aaa0 WorkerThread "GC Thread#0" [stack: 0x00000075d3b00000,0x00000075d3c00000] [id=9996]
  0x000001f2fc94cd30 WorkerThread "GC Thread#1" [stack: 0x00000075d5800000,0x00000075d5900000] [id=1180]
  0x000001f2fc94e0e0 WorkerThread "GC Thread#2" [stack: 0x00000075d5900000,0x00000075d5a00000] [id=3496]
  0x000001f2fc94d000 WorkerThread "GC Thread#3" [stack: 0x00000075d5a00000,0x00000075d5b00000] [id=13720]
  0x000001f2fc94e680 WorkerThread "GC Thread#4" [stack: 0x00000075d5b00000,0x00000075d5c00000] [id=15724]
  0x000001f2fc94d5a0 WorkerThread "GC Thread#5" [stack: 0x00000075d5c00000,0x00000075d5d00000] [id=16968]
  0x000001f2fc94d870 WorkerThread "GC Thread#6" [stack: 0x00000075d5d00000,0x00000075d5e00000] [id=1612]
  0x000001f2fc94ca60 WorkerThread "GC Thread#7" [stack: 0x00000075d5e00000,0x00000075d5f00000] [id=13004]
  0x000001f2fd0cc7c0 WorkerThread "GC Thread#8" [stack: 0x00000075d5f00000,0x00000075d6000000] [id=19848]
  0x000001f2fd0ca060 WorkerThread "GC Thread#9" [stack: 0x00000075d6000000,0x00000075d6100000] [id=18164]
  0x000001f2fd0cb140 WorkerThread "GC Thread#10" [stack: 0x00000075d6100000,0x00000075d6200000] [id=5300]
  0x000001f2d867b410 ConcurrentGCThread "G1 Main Marker" [stack: 0x00000075d3c00000,0x00000075d3d00000] [id=1928]
  0x000001f2d867ce50 WorkerThread "G1 Conc#0" [stack: 0x00000075d3d00000,0x00000075d3e00000] [id=18460]
  0x000001f2fb601440 ConcurrentGCThread "G1 Refine#0" [stack: 0x00000075d3e00000,0x00000075d3f00000] [id=376]
  0x000001f2fb604c50 ConcurrentGCThread "G1 Service" [stack: 0x00000075d3f00000,0x00000075d4000000] [id=18136]

Threads with active compile tasks:
C2 CompilerThread0     1279 3772       4       java.io.InputStreamReader::read (11 bytes)
C2 CompilerThread1     1279 3848       4       org.apache.maven.model.interpolation.StringVisitorModelInterpolator$ModelVisitor::visit (117 bytes)
C2 CompilerThread2     1279 3830   !   4       org.codehaus.plexus.interpolation.StringSearchInterpolator::interpolate (668 bytes)
C2 CompilerThread3     1279 3862       4       java.util.concurrent.ConcurrentHashMap::putAll (63 bytes)
C2 CompilerThread4     1279 3790       4       org.eclipse.sisu.inject.LocatedBeans$Itr::hasNext (161 bytes)
C2 CompilerThread5     1279 3810       4       java.io.WinNTFileSystem::normalize (224 bytes)
C2 CompilerThread6     1279 3796       4       org.codehaus.plexus.util.xml.XmlReader::read (11 bytes)
C2 CompilerThread7     1279 3839   !   4       org.apache.maven.model.ConfigurationContainer::clone (98 bytes)

VM state: not at safepoint (normal execution)

VM Mutex/Monitor currently owned by a thread: None

Heap address: 0x0000000705e00000, size: 4002 MB, Compressed Oops mode: Zero based, Oop shift amount: 3

CDS archive(s) mapped at: [0x0000000800000000-0x0000000800c40000-0x0000000800c40000), size 12845056, SharedBaseAddress: 0x0000000800000000, ArchiveRelocationMode: 0.
Compressed class space mapped at: 0x0000000801000000-0x0000000841000000, reserved size: 1073741824
Narrow klass base: 0x0000000800000000, Narrow klass shift: 0, Narrow klass range: 0x100000000

GC Precious Log:
 CardTable entry size: 512
 Card Set container configuration: InlinePtr #cards 4 size 8 Array Of Cards #cards 16 size 48 Howl #buckets 8 coarsen threshold 3686 Howl Bitmap #cards 512 size 80 coarsen threshold 460 Card regions per heap region 1 cards per card region 4096
 CPUs: 16 total, 16 available
 Memory: 16005M
 Large Page Support: Disabled
 NUMA Support: Disabled
 Compressed Oops: Enabled (Zero based)
 Heap Region Size: 2M
 Heap Min Capacity: 8M
 Heap Initial Capacity: 252M
 Heap Max Capacity: 4002M
 Pre-touch: Disabled
 Parallel Workers: 13
 Concurrent Workers: 3
 Concurrent Refinement Workers: 13
 Periodic GC: Disabled

Heap:
 garbage-first heap   total 258048K, used 69358K [0x0000000705e00000, 0x0000000800000000)
  region size 2048K, 34 young (69632K), 2 survivors (4096K)
 Metaspace       used 14294K, committed 14592K, reserved 1114112K
  class space    used 1534K, committed 1664K, reserved 1048576K

Heap Regions: E=young(eden), S=young(survivor), O=old, HS=humongous(starts), HC=humongous(continues), CS=collection set, F=free, OA=open archive, CA=closed archive, TAMS=top-at-mark-start (previous, next)
|   0|0x0000000705e00000, 0x0000000706000000, 0x0000000706000000|100%| O|  |TAMS 0x0000000705e00000, 0x0000000705e00000| Untracked 
|   1|0x0000000706000000, 0x0000000706157c00, 0x0000000706200000| 67%| O|  |TAMS 0x0000000706000000, 0x0000000706000000| Untracked 
|   2|0x0000000706200000, 0x0000000706200000, 0x0000000706400000|  0%| F|  |TAMS 0x0000000706200000, 0x0000000706200000| Untracked 
|   3|0x0000000706400000, 0x0000000706400000, 0x0000000706600000|  0%| F|  |TAMS 0x0000000706400000, 0x0000000706400000| Untracked 
|   4|0x0000000706600000, 0x0000000706600000, 0x0000000706800000|  0%| F|  |TAMS 0x0000000706600000, 0x0000000706600000| Untracked 
|   5|0x0000000706800000, 0x0000000706800000, 0x0000000706a00000|  0%| F|  |TAMS 0x0000000706800000, 0x0000000706800000| Untracked 
|   6|0x0000000706a00000, 0x0000000706a00000, 0x0000000706c00000|  0%| F|  |TAMS 0x0000000706a00000, 0x0000000706a00000| Untracked 
|   7|0x0000000706c00000, 0x0000000706c00000, 0x0000000706e00000|  0%| F|  |TAMS 0x0000000706c00000, 0x0000000706c00000| Untracked 
|   8|0x0000000706e00000, 0x0000000706e00000, 0x0000000707000000|  0%| F|  |TAMS 0x0000000706e00000, 0x0000000706e00000| Untracked 
|   9|0x0000000707000000, 0x0000000707000000, 0x0000000707200000|  0%| F|  |TAMS 0x0000000707000000, 0x0000000707000000| Untracked 
|  10|0x0000000707200000, 0x0000000707200000, 0x0000000707400000|  0%| F|  |TAMS 0x0000000707200000, 0x0000000707200000| Untracked 
|  11|0x0000000707400000, 0x0000000707400000, 0x0000000707600000|  0%| F|  |TAMS 0x0000000707400000, 0x0000000707400000| Untracked 
|  12|0x0000000707600000, 0x0000000707600000, 0x0000000707800000|  0%| F|  |TAMS 0x0000000707600000, 0x0000000707600000| Untracked 
|  13|0x0000000707800000, 0x0000000707800000, 0x0000000707a00000|  0%| F|  |TAMS 0x0000000707800000, 0x0000000707800000| Untracked 
|  14|0x0000000707a00000, 0x0000000707a00000, 0x0000000707c00000|  0%| F|  |TAMS 0x0000000707a00000, 0x0000000707a00000| Untracked 
|  15|0x0000000707c00000, 0x0000000707c00000, 0x0000000707e00000|  0%| F|  |TAMS 0x0000000707c00000, 0x0000000707c00000| Untracked 
|  16|0x0000000707e00000, 0x0000000707e00000, 0x0000000708000000|  0%| F|  |TAMS 0x0000000707e00000, 0x0000000707e00000| Untracked 
|  17|0x0000000708000000, 0x0000000708000000, 0x0000000708200000|  0%| F|  |TAMS 0x0000000708000000, 0x0000000708000000| Untracked 
|  18|0x0000000708200000, 0x0000000708200000, 0x0000000708400000|  0%| F|  |TAMS 0x0000000708200000, 0x0000000708200000| Untracked 
|  19|0x0000000708400000, 0x0000000708400000, 0x0000000708600000|  0%| F|  |TAMS 0x0000000708400000, 0x0000000708400000| Untracked 
|  20|0x0000000708600000, 0x0000000708600000, 0x0000000708800000|  0%| F|  |TAMS 0x0000000708600000, 0x0000000708600000| Untracked 
|  21|0x0000000708800000, 0x0000000708800000, 0x0000000708a00000|  0%| F|  |TAMS 0x0000000708800000, 0x0000000708800000| Untracked 
|  22|0x0000000708a00000, 0x0000000708a00000, 0x0000000708c00000|  0%| F|  |TAMS 0x0000000708a00000, 0x0000000708a00000| Untracked 
|  23|0x0000000708c00000, 0x0000000708c00000, 0x0000000708e00000|  0%| F|  |TAMS 0x0000000708c00000, 0x0000000708c00000| Untracked 
|  24|0x0000000708e00000, 0x0000000708e00000, 0x0000000709000000|  0%| F|  |TAMS 0x0000000708e00000, 0x0000000708e00000| Untracked 
|  25|0x0000000709000000, 0x0000000709000000, 0x0000000709200000|  0%| F|  |TAMS 0x0000000709000000, 0x0000000709000000| Untracked 
|  26|0x0000000709200000, 0x0000000709200000, 0x0000000709400000|  0%| F|  |TAMS 0x0000000709200000, 0x0000000709200000| Untracked 
|  27|0x0000000709400000, 0x0000000709400000, 0x0000000709600000|  0%| F|  |TAMS 0x0000000709400000, 0x0000000709400000| Untracked 
|  28|0x0000000709600000, 0x0000000709600000, 0x0000000709800000|  0%| F|  |TAMS 0x0000000709600000, 0x0000000709600000| Untracked 
|  29|0x0000000709800000, 0x0000000709800000, 0x0000000709a00000|  0%| F|  |TAMS 0x0000000709800000, 0x0000000709800000| Untracked 
|  30|0x0000000709a00000, 0x0000000709a00000, 0x0000000709c00000|  0%| F|  |TAMS 0x0000000709a00000, 0x0000000709a00000| Untracked 
|  31|0x0000000709c00000, 0x0000000709c00000, 0x0000000709e00000|  0%| F|  |TAMS 0x0000000709c00000, 0x0000000709c00000| Untracked 
|  32|0x0000000709e00000, 0x0000000709e00000, 0x000000070a000000|  0%| F|  |TAMS 0x0000000709e00000, 0x0000000709e00000| Untracked 
|  33|0x000000070a000000, 0x000000070a000000, 0x000000070a200000|  0%| F|  |TAMS 0x000000070a000000, 0x000000070a000000| Untracked 
|  34|0x000000070a200000, 0x000000070a200000, 0x000000070a400000|  0%| F|  |TAMS 0x000000070a200000, 0x000000070a200000| Untracked 
|  35|0x000000070a400000, 0x000000070a400000, 0x000000070a600000|  0%| F|  |TAMS 0x000000070a400000, 0x000000070a400000| Untracked 
|  36|0x000000070a600000, 0x000000070a600000, 0x000000070a800000|  0%| F|  |TAMS 0x000000070a600000, 0x000000070a600000| Untracked 
|  37|0x000000070a800000, 0x000000070a800000, 0x000000070aa00000|  0%| F|  |TAMS 0x000000070a800000, 0x000000070a800000| Untracked 
|  38|0x000000070aa00000, 0x000000070aa00000, 0x000000070ac00000|  0%| F|  |TAMS 0x000000070aa00000, 0x000000070aa00000| Untracked 
|  39|0x000000070ac00000, 0x000000070ac00000, 0x000000070ae00000|  0%| F|  |TAMS 0x000000070ac00000, 0x000000070ac00000| Untracked 
|  40|0x000000070ae00000, 0x000000070ae00000, 0x000000070b000000|  0%| F|  |TAMS 0x000000070ae00000, 0x000000070ae00000| Untracked 
|  41|0x000000070b000000, 0x000000070b000000, 0x000000070b200000|  0%| F|  |TAMS 0x000000070b000000, 0x000000070b000000| Untracked 
|  42|0x000000070b200000, 0x000000070b200000, 0x000000070b400000|  0%| F|  |TAMS 0x000000070b200000, 0x000000070b200000| Untracked 
|  43|0x000000070b400000, 0x000000070b400000, 0x000000070b600000|  0%| F|  |TAMS 0x000000070b400000, 0x000000070b400000| Untracked 
|  44|0x000000070b600000, 0x000000070b600000, 0x000000070b800000|  0%| F|  |TAMS 0x000000070b600000, 0x000000070b600000| Untracked 
|  45|0x000000070b800000, 0x000000070b800000, 0x000000070ba00000|  0%| F|  |TAMS 0x000000070b800000, 0x000000070b800000| Untracked 
|  46|0x000000070ba00000, 0x000000070ba00000, 0x000000070bc00000|  0%| F|  |TAMS 0x000000070ba00000, 0x000000070ba00000| Untracked 
|  47|0x000000070bc00000, 0x000000070bc00000, 0x000000070be00000|  0%| F|  |TAMS 0x000000070bc00000, 0x000000070bc00000| Untracked 
|  48|0x000000070be00000, 0x000000070be00000, 0x000000070c000000|  0%| F|  |TAMS 0x000000070be00000, 0x000000070be00000| Untracked 
|  49|0x000000070c000000, 0x000000070c000000, 0x000000070c200000|  0%| F|  |TAMS 0x000000070c000000, 0x000000070c000000| Untracked 
|  50|0x000000070c200000, 0x000000070c200000, 0x000000070c400000|  0%| F|  |TAMS 0x000000070c200000, 0x000000070c200000| Untracked 
|  51|0x000000070c400000, 0x000000070c400000, 0x000000070c600000|  0%| F|  |TAMS 0x000000070c400000, 0x000000070c400000| Untracked 
|  52|0x000000070c600000, 0x000000070c600000, 0x000000070c800000|  0%| F|  |TAMS 0x000000070c600000, 0x000000070c600000| Untracked 
|  53|0x000000070c800000, 0x000000070c800000, 0x000000070ca00000|  0%| F|  |TAMS 0x000000070c800000, 0x000000070c800000| Untracked 
|  54|0x000000070ca00000, 0x000000070ca00000, 0x000000070cc00000|  0%| F|  |TAMS 0x000000070ca00000, 0x000000070ca00000| Untracked 
|  55|0x000000070cc00000, 0x000000070cc00000, 0x000000070ce00000|  0%| F|  |TAMS 0x000000070cc00000, 0x000000070cc00000| Untracked 
|  56|0x000000070ce00000, 0x000000070ce00000, 0x000000070d000000|  0%| F|  |TAMS 0x000000070ce00000, 0x000000070ce00000| Untracked 
|  57|0x000000070d000000, 0x000000070d000000, 0x000000070d200000|  0%| F|  |TAMS 0x000000070d000000, 0x000000070d000000| Untracked 
|  58|0x000000070d200000, 0x000000070d200000, 0x000000070d400000|  0%| F|  |TAMS 0x000000070d200000, 0x000000070d200000| Untracked 
|  59|0x000000070d400000, 0x000000070d400000, 0x000000070d600000|  0%| F|  |TAMS 0x000000070d400000, 0x000000070d400000| Untracked 
|  60|0x000000070d600000, 0x000000070d600000, 0x000000070d800000|  0%| F|  |TAMS 0x000000070d600000, 0x000000070d600000| Untracked 
|  61|0x000000070d800000, 0x000000070d800000, 0x000000070da00000|  0%| F|  |TAMS 0x000000070d800000, 0x000000070d800000| Untracked 
|  62|0x000000070da00000, 0x000000070da00000, 0x000000070dc00000|  0%| F|  |TAMS 0x000000070da00000, 0x000000070da00000| Untracked 
|  63|0x000000070dc00000, 0x000000070dc00000, 0x000000070de00000|  0%| F|  |TAMS 0x000000070dc00000, 0x000000070dc00000| Untracked 
|  64|0x000000070de00000, 0x000000070de00000, 0x000000070e000000|  0%| F|  |TAMS 0x000000070de00000, 0x000000070de00000| Untracked 
|  65|0x000000070e000000, 0x000000070e000000, 0x000000070e200000|  0%| F|  |TAMS 0x000000070e000000, 0x000000070e000000| Untracked 
|  66|0x000000070e200000, 0x000000070e200000, 0x000000070e400000|  0%| F|  |TAMS 0x000000070e200000, 0x000000070e200000| Untracked 
|  67|0x000000070e400000, 0x000000070e400000, 0x000000070e600000|  0%| F|  |TAMS 0x000000070e400000, 0x000000070e400000| Untracked 
|  68|0x000000070e600000, 0x000000070e600000, 0x000000070e800000|  0%| F|  |TAMS 0x000000070e600000, 0x000000070e600000| Untracked 
|  69|0x000000070e800000, 0x000000070e800000, 0x000000070ea00000|  0%| F|  |TAMS 0x000000070e800000, 0x000000070e800000| Untracked 
|  70|0x000000070ea00000, 0x000000070ea00000, 0x000000070ec00000|  0%| F|  |TAMS 0x000000070ea00000, 0x000000070ea00000| Untracked 
|  71|0x000000070ec00000, 0x000000070ec00000, 0x000000070ee00000|  0%| F|  |TAMS 0x000000070ec00000, 0x000000070ec00000| Untracked 
|  72|0x000000070ee00000, 0x000000070ee00000, 0x000000070f000000|  0%| F|  |TAMS 0x000000070ee00000, 0x000000070ee00000| Untracked 
|  73|0x000000070f000000, 0x000000070f000000, 0x000000070f200000|  0%| F|  |TAMS 0x000000070f000000, 0x000000070f000000| Untracked 
|  74|0x000000070f200000, 0x000000070f200000, 0x000000070f400000|  0%| F|  |TAMS 0x000000070f200000, 0x000000070f200000| Untracked 
|  75|0x000000070f400000, 0x000000070f400000, 0x000000070f600000|  0%| F|  |TAMS 0x000000070f400000, 0x000000070f400000| Untracked 
|  76|0x000000070f600000, 0x000000070f600000, 0x000000070f800000|  0%| F|  |TAMS 0x000000070f600000, 0x000000070f600000| Untracked 
|  77|0x000000070f800000, 0x000000070f800000, 0x000000070fa00000|  0%| F|  |TAMS 0x000000070f800000, 0x000000070f800000| Untracked 
|  78|0x000000070fa00000, 0x000000070fa00000, 0x000000070fc00000|  0%| F|  |TAMS 0x000000070fa00000, 0x000000070fa00000| Untracked 
|  79|0x000000070fc00000, 0x000000070fc00000, 0x000000070fe00000|  0%| F|  |TAMS 0x000000070fc00000, 0x000000070fc00000| Untracked 
|  80|0x000000070fe00000, 0x000000070fe00000, 0x0000000710000000|  0%| F|  |TAMS 0x000000070fe00000, 0x000000070fe00000| Untracked 
|  81|0x0000000710000000, 0x0000000710000000, 0x0000000710200000|  0%| F|  |TAMS 0x0000000710000000, 0x0000000710000000| Untracked 
|  82|0x0000000710200000, 0x0000000710200000, 0x0000000710400000|  0%| F|  |TAMS 0x0000000710200000, 0x0000000710200000| Untracked 
|  83|0x0000000710400000, 0x0000000710400000, 0x0000000710600000|  0%| F|  |TAMS 0x0000000710400000, 0x0000000710400000| Untracked 
|  84|0x0000000710600000, 0x0000000710600000, 0x0000000710800000|  0%| F|  |TAMS 0x0000000710600000, 0x0000000710600000| Untracked 
|  85|0x0000000710800000, 0x0000000710800000, 0x0000000710a00000|  0%| F|  |TAMS 0x0000000710800000, 0x0000000710800000| Untracked 
|  86|0x0000000710a00000, 0x0000000710a00000, 0x0000000710c00000|  0%| F|  |TAMS 0x0000000710a00000, 0x0000000710a00000| Untracked 
|  87|0x0000000710c00000, 0x0000000710c00000, 0x0000000710e00000|  0%| F|  |TAMS 0x0000000710c00000, 0x0000000710c00000| Untracked 
|  88|0x0000000710e00000, 0x0000000710e00000, 0x0000000711000000|  0%| F|  |TAMS 0x0000000710e00000, 0x0000000710e00000| Untracked 
|  89|0x0000000711000000, 0x0000000711000000, 0x0000000711200000|  0%| F|  |TAMS 0x0000000711000000, 0x0000000711000000| Untracked 
|  90|0x0000000711200000, 0x0000000711200000, 0x0000000711400000|  0%| F|  |TAMS 0x0000000711200000, 0x0000000711200000| Untracked 
|  91|0x0000000711400000, 0x0000000711400000, 0x0000000711600000|  0%| F|  |TAMS 0x0000000711400000, 0x0000000711400000| Untracked 
|  92|0x0000000711600000, 0x000000071174f168, 0x0000000711800000| 65%| E|  |TAMS 0x0000000711600000, 0x0000000711600000| Complete 
|  93|0x0000000711800000, 0x0000000711a00000, 0x0000000711a00000|100%| E|CS|TAMS 0x0000000711800000, 0x0000000711800000| Complete 
|  94|0x0000000711a00000, 0x0000000711c00000, 0x0000000711c00000|100%| E|CS|TAMS 0x0000000711a00000, 0x0000000711a00000| Complete 
|  95|0x0000000711c00000, 0x0000000711e00000, 0x0000000711e00000|100%| E|CS|TAMS 0x0000000711c00000, 0x0000000711c00000| Complete 
|  96|0x0000000711e00000, 0x0000000712000000, 0x0000000712000000|100%| E|CS|TAMS 0x0000000711e00000, 0x0000000711e00000| Complete 
|  97|0x0000000712000000, 0x0000000712200000, 0x0000000712200000|100%| E|CS|TAMS 0x0000000712000000, 0x0000000712000000| Complete 
|  98|0x0000000712200000, 0x0000000712400000, 0x0000000712400000|100%| E|CS|TAMS 0x0000000712200000, 0x0000000712200000| Complete 
|  99|0x0000000712400000, 0x0000000712600000, 0x0000000712600000|100%| E|CS|TAMS 0x0000000712400000, 0x0000000712400000| Complete 
| 100|0x0000000712600000, 0x0000000712800000, 0x0000000712800000|100%| E|CS|TAMS 0x0000000712600000, 0x0000000712600000| Complete 
| 101|0x0000000712800000, 0x0000000712a00000, 0x0000000712a00000|100%| E|CS|TAMS 0x0000000712800000, 0x0000000712800000| Complete 
| 102|0x0000000712a00000, 0x0000000712c00000, 0x0000000712c00000|100%| E|CS|TAMS 0x0000000712a00000, 0x0000000712a00000| Complete 
| 103|0x0000000712c00000, 0x0000000712e00000, 0x0000000712e00000|100%| E|CS|TAMS 0x0000000712c00000, 0x0000000712c00000| Complete 
| 104|0x0000000712e00000, 0x0000000713000000, 0x0000000713000000|100%| E|CS|TAMS 0x0000000712e00000, 0x0000000712e00000| Complete 
| 105|0x0000000713000000, 0x0000000713063ce0, 0x0000000713200000| 19%| S|CS|TAMS 0x0000000713000000, 0x0000000713000000| Complete 
| 106|0x0000000713200000, 0x0000000713400000, 0x0000000713400000|100%| S|CS|TAMS 0x0000000713200000, 0x0000000713200000| Complete 
| 107|0x0000000713400000, 0x0000000713600000, 0x0000000713600000|100%| E|CS|TAMS 0x0000000713400000, 0x0000000713400000| Complete 
| 108|0x0000000713600000, 0x0000000713800000, 0x0000000713800000|100%| E|CS|TAMS 0x0000000713600000, 0x0000000713600000| Complete 
| 109|0x0000000713800000, 0x0000000713a00000, 0x0000000713a00000|100%| E|CS|TAMS 0x0000000713800000, 0x0000000713800000| Complete 
| 110|0x0000000713a00000, 0x0000000713c00000, 0x0000000713c00000|100%| E|CS|TAMS 0x0000000713a00000, 0x0000000713a00000| Complete 
| 111|0x0000000713c00000, 0x0000000713e00000, 0x0000000713e00000|100%| E|CS|TAMS 0x0000000713c00000, 0x0000000713c00000| Complete 
| 112|0x0000000713e00000, 0x0000000714000000, 0x0000000714000000|100%| E|CS|TAMS 0x0000000713e00000, 0x0000000713e00000| Complete 
| 113|0x0000000714000000, 0x0000000714200000, 0x0000000714200000|100%| E|CS|TAMS 0x0000000714000000, 0x0000000714000000| Complete 
| 114|0x0000000714200000, 0x0000000714400000, 0x0000000714400000|100%| E|CS|TAMS 0x0000000714200000, 0x0000000714200000| Complete 
| 115|0x0000000714400000, 0x0000000714600000, 0x0000000714600000|100%| E|CS|TAMS 0x0000000714400000, 0x0000000714400000| Complete 
| 116|0x0000000714600000, 0x0000000714800000, 0x0000000714800000|100%| E|CS|TAMS 0x0000000714600000, 0x0000000714600000| Complete 
| 117|0x0000000714800000, 0x0000000714a00000, 0x0000000714a00000|100%| E|CS|TAMS 0x0000000714800000, 0x0000000714800000| Complete 
| 118|0x0000000714a00000, 0x0000000714c00000, 0x0000000714c00000|100%| E|CS|TAMS 0x0000000714a00000, 0x0000000714a00000| Complete 
| 119|0x0000000714c00000, 0x0000000714e00000, 0x0000000714e00000|100%| E|CS|TAMS 0x0000000714c00000, 0x0000000714c00000| Complete 
| 120|0x0000000714e00000, 0x0000000715000000, 0x0000000715000000|100%| E|CS|TAMS 0x0000000714e00000, 0x0000000714e00000| Complete 
| 121|0x0000000715000000, 0x0000000715200000, 0x0000000715200000|100%| E|CS|TAMS 0x0000000715000000, 0x0000000715000000| Complete 
| 122|0x0000000715200000, 0x0000000715400000, 0x0000000715400000|100%| E|CS|TAMS 0x0000000715200000, 0x0000000715200000| Complete 
| 123|0x0000000715400000, 0x0000000715600000, 0x0000000715600000|100%| E|CS|TAMS 0x0000000715400000, 0x0000000715400000| Complete 
| 124|0x0000000715600000, 0x0000000715800000, 0x0000000715800000|100%| E|CS|TAMS 0x0000000715600000, 0x0000000715600000| Complete 
| 125|0x0000000715800000, 0x0000000715a00000, 0x0000000715a00000|100%| E|CS|TAMS 0x0000000715800000, 0x0000000715800000| Complete 

Card table byte_map: [0x000001f2f05c0000,0x000001f2f0da0000] _byte_map_base: 0x000001f2ecd91000

Marking Bits (Prev, Next): (CMBitMap*) 0x000001f2d866b0d0, (CMBitMap*) 0x000001f2d866b110
 Prev Bits: [0x000001f2f1580000, 0x000001f2f5408000)
 Next Bits: [0x000001f2f5410000, 0x000001f2f9298000)

Polling page: 0x000001f2d6600000

Metaspace:

Usage:
  Non-class:     12.47 MB used.
      Class:      1.50 MB used.
       Both:     13.96 MB used.

Virtual space:
  Non-class space:       64.00 MB reserved,      12.62 MB ( 20%) committed,  1 nodes.
      Class space:        1.00 GB reserved,       1.62 MB ( <1%) committed,  1 nodes.
             Both:        1.06 GB reserved,      14.25 MB (  1%) committed. 

Chunk freelists:
   Non-Class:  3.14 MB
       Class:  2.19 MB
        Both:  5.33 MB

MaxMetaspaceSize: unlimited
CompressedClassSpaceSize: 1.00 GB
Initial GC threshold: 21.00 MB
Current GC threshold: 21.00 MB
CDS: on
MetaspaceReclaimPolicy: balanced
 - commit_granule_bytes: 65536.
 - commit_granule_words: 8192.
 - virtual_space_node_default_size: 8388608.
 - enlarge_chunks_in_place: 1.
 - new_chunks_are_fully_committed: 0.
 - uncommit_free_chunks: 1.
 - use_allocation_guard: 0.


Internal statistics:

num_allocs_failed_limit: 0.
num_arena_births: 260.
num_arena_deaths: 0.
num_vsnodes_births: 2.
num_vsnodes_deaths: 0.
num_space_committed: 228.
num_space_uncommitted: 0.
num_chunks_returned_to_freelist: 0.
num_chunks_taken_from_freelist: 723.
num_chunk_merges: 0.
num_chunk_splits: 506.
num_chunks_enlarged: 375.
num_inconsistent_stats: 0.

CodeHeap 'non-profiled nmethods': size=119168Kb used=1667Kb max_used=1667Kb free=117501Kb
 bounds [0x000001f2e8100000, 0x000001f2e8370000, 0x000001f2ef560000]
CodeHeap 'profiled nmethods': size=119104Kb used=7838Kb max_used=7838Kb free=111266Kb
 bounds [0x000001f2e0560000, 0x000001f2e0d10000, 0x000001f2e79b0000]
CodeHeap 'non-nmethods': size=7488Kb used=2969Kb max_used=3010Kb free=4519Kb
 bounds [0x000001f2e79b0000, 0x000001f2e7cb0000, 0x000001f2e8100000]
 total_blobs=4379 nmethods=3885 adapters=401
 compilation: enabled
              stopped_count=0, restarted_count=0
 full_count=0

Compilation events (20 events):
Event: 1.254 Thread 0x000001f2fb76f7b0 3854       3       org.apache.maven.model.merge.ModelMerger::mergeReportPlugin (46 bytes)
Event: 1.254 Thread 0x000001f2fb76f220 3855       3       org.apache.maven.model.merge.ModelMerger::mergeReportPlugin_GroupId (41 bytes)
Event: 1.254 Thread 0x000001f2fb76f7b0 nmethod 3854 0x000001f2e0ce8c90 code [0x000001f2e0ce8e80, 0x000001f2e0ce93a8]
Event: 1.254 Thread 0x000001f2fb76f220 nmethod 3855 0x000001f2e0ce9510 code [0x000001f2e0ce96e0, 0x000001f2e0ce9b18]
Event: 1.254 Thread 0x000001f2fb76f7b0 3858       3       org.apache.maven.model.merge.MavenModelMerger::mergeReportPlugin_ReportSets (235 bytes)
Event: 1.254 Thread 0x000001f2fb76f220 3856       3       org.apache.maven.model.merge.ModelMerger::mergeReportPlugin_ArtifactId (41 bytes)
Event: 1.255 Thread 0x000001f2fb76dbe0 nmethod 3853 0x000001f2e0ce9c90 code [0x000001f2e0cea0c0, 0x000001f2e0ceb8c8]
Event: 1.255 Thread 0x000001f2fb76f220 nmethod 3856 0x000001f2e0cec190 code [0x000001f2e0cec360, 0x000001f2e0cec798]
Event: 1.255 Thread 0x000001f2fb76f220 3859       3       org.apache.maven.model.management.DefaultPluginManagementInjector$ManagementModelMerger::mergePlugin_Executions (208 bytes)
Event: 1.255 Thread 0x000001f2fb76dbe0 3857       3       org.apache.maven.model.merge.ModelMerger::mergeReportPlugin_Version (41 bytes)
Event: 1.255 Thread 0x000001f2fb76e170 nmethod 3794 0x000001f2e8298490 code [0x000001f2e8298660, 0x000001f2e8298a48]
Event: 1.256 Thread 0x000001f2fb76dbe0 nmethod 3857 0x000001f2e0cec910 code [0x000001f2e0cecae0, 0x000001f2e0cecf18]
Event: 1.256 Thread 0x000001f2fb76dbe0 3860       1       org.eclipse.aether.internal.impl.collect.DefaultDependencyCollectionContext::getDependency (5 bytes)
Event: 1.256 Thread 0x000001f2fb76dbe0 nmethod 3860 0x000001f2e8298e10 code [0x000001f2e8298fa0, 0x000001f2e8299078]
Event: 1.256 Thread 0x000001f2fb76e170 3848       4       org.apache.maven.model.interpolation.StringVisitorModelInterpolator$ModelVisitor::visit (117 bytes)
Event: 1.257 Thread 0x000001f2fb76d650 nmethod 3843 0x000001f2e0cdf710 code [0x000001f2e0ce0280, 0x000001f2e0ce7528]
Event: 1.257 Thread 0x000001f2fb76f7b0 nmethod 3858 0x000001f2e0ced090 code [0x000001f2e0ced4e0, 0x000001f2e0cefad8]
Event: 1.257 Thread 0x000001f2fb76f220 nmethod 3859 0x000001f2e0cf0610 code [0x000001f2e0cf0a00, 0x000001f2e0cf2a88]
Event: 1.260 Thread 0x000001f2fb76f220 3863       3       org.apache.maven.model.interpolation.StringVisitorModelInterpolator$ModelVisitor::visit (107 bytes)
Event: 1.260 Thread 0x000001f2fb76f220 nmethod 3863 0x000001f2e0cf3490 code [0x000001f2e0cf36c0, 0x000001f2e0cf4338]

GC Heap History (4 events):
Event: 0.338 GC heap before
{Heap before GC invocations=0 (full 0):
 garbage-first heap   total 258048K, used 22528K [0x0000000705e00000, 0x0000000800000000)
  region size 2048K, 11 young (22528K), 0 survivors (0K)
 Metaspace       used 5304K, committed 5440K, reserved 1114112K
  class space    used 578K, committed 640K, reserved 1048576K
}
Event: 0.340 GC heap after
{Heap after GC invocations=1 (full 0):
 garbage-first heap   total 258048K, used 3764K [0x0000000705e00000, 0x0000000800000000)
  region size 2048K, 2 young (4096K), 2 survivors (4096K)
 Metaspace       used 5304K, committed 5440K, reserved 1114112K
  class space    used 578K, committed 640K, reserved 1048576K
}
Event: 0.775 GC heap before
{Heap before GC invocations=1 (full 0):
 garbage-first heap   total 258048K, used 38580K [0x0000000705e00000, 0x0000000800000000)
  region size 2048K, 19 young (38912K), 2 survivors (4096K)
 Metaspace       used 10640K, committed 10816K, reserved 1114112K
  class space    used 1237K, committed 1344K, reserved 1048576K
}
Event: 0.778 GC heap after
{Heap after GC invocations=2 (full 0):
 garbage-first heap   total 258048K, used 5870K [0x0000000705e00000, 0x0000000800000000)
  region size 2048K, 2 young (4096K), 2 survivors (4096K)
 Metaspace       used 10640K, committed 10816K, reserved 1114112K
  class space    used 1237K, committed 1344K, reserved 1048576K
}

Dll operation events (12 events):
Event: 0.004 Loaded shared library C:\Program Files\Java\jdk-19\bin\java.dll
Event: 0.009 Loaded shared library C:\Program Files\Java\jdk-19\bin\jsvml.dll
Event: 0.041 Loaded shared library C:\Program Files\Java\jdk-19\bin\zip.dll
Event: 0.042 Loaded shared library C:\Program Files\Java\jdk-19\bin\instrument.dll
Event: 0.045 Loaded shared library C:\Program Files\Java\jdk-19\bin\net.dll
Event: 0.046 Loaded shared library C:\Program Files\Java\jdk-19\bin\nio.dll
Event: 0.047 Loaded shared library C:\Program Files\Java\jdk-19\bin\zip.dll
Event: 0.054 Loaded shared library C:\Program Files\JetBrains\IntelliJ IDEA 2022.1.2\bin\breakgen64.dll
Event: 0.059 Loaded shared library C:\Program Files\Java\jdk-19\bin\extnet.dll
Event: 0.099 Loaded shared library C:\Program Files\Java\jdk-19\bin\jimage.dll
Event: 0.128 Loaded shared library C:\Users\99293\AppData\Local\Temp\jansi-2.4.0-8c9626b4dd64d001-jansi.dll
Event: 0.135 Loaded shared library C:\Program Files\Java\jdk-19\bin\verify.dll

Deoptimization events (20 events):
Event: 1.182 Thread 0x000001f2d85f8ef0 DEOPT PACKING pc=0x000001f2e826e144 sp=0x00000075d3afd030
Event: 1.182 Thread 0x000001f2d85f8ef0 DEOPT UNPACKING pc=0x000001f2e7a16da3 sp=0x00000075d3afcfd0 mode 2
Event: 1.182 Thread 0x000001f2d85f8ef0 Uncommon trap: trap_request=0xffffffbe fr.pc=0x000001f2e826e144 relative=0x0000000000000c44
Event: 1.182 Thread 0x000001f2d85f8ef0 Uncommon trap: reason=profile_predicate action=maybe_recompile pc=0x000001f2e826e144 method=java.util.regex.Pattern$CharPropertyGreedy.match(Ljava/util/regex/Matcher;ILjava/lang/CharSequence;)Z @ 103 c2
Event: 1.182 Thread 0x000001f2d85f8ef0 DEOPT PACKING pc=0x000001f2e826e144 sp=0x00000075d3afd030
Event: 1.182 Thread 0x000001f2d85f8ef0 DEOPT UNPACKING pc=0x000001f2e7a16da3 sp=0x00000075d3afcfd0 mode 2
Event: 1.182 Thread 0x000001f2d85f8ef0 Uncommon trap: trap_request=0xffffffbe fr.pc=0x000001f2e826e144 relative=0x0000000000000c44
Event: 1.182 Thread 0x000001f2d85f8ef0 Uncommon trap: reason=profile_predicate action=maybe_recompile pc=0x000001f2e826e144 method=java.util.regex.Pattern$CharPropertyGreedy.match(Ljava/util/regex/Matcher;ILjava/lang/CharSequence;)Z @ 103 c2
Event: 1.182 Thread 0x000001f2d85f8ef0 DEOPT PACKING pc=0x000001f2e826e144 sp=0x00000075d3afce60
Event: 1.182 Thread 0x000001f2d85f8ef0 DEOPT UNPACKING pc=0x000001f2e7a16da3 sp=0x00000075d3afce00 mode 2
Event: 1.199 Thread 0x000001f2d85f8ef0 DEOPT PACKING pc=0x000001f2e0ac978c sp=0x00000075d3afc470
Event: 1.199 Thread 0x000001f2d85f8ef0 DEOPT UNPACKING pc=0x000001f2e7a17543 sp=0x00000075d3afb9c8 mode 0
Event: 1.203 Thread 0x000001f2d85f8ef0 Uncommon trap: trap_request=0xffffff45 fr.pc=0x000001f2e827bac4 relative=0x0000000000002264
Event: 1.203 Thread 0x000001f2d85f8ef0 Uncommon trap: reason=unstable_if action=reinterpret pc=0x000001f2e827bac4 method=org.codehaus.plexus.util.xml.pull.MXParser.parseAttribute()C @ 995 c2
Event: 1.203 Thread 0x000001f2d85f8ef0 DEOPT PACKING pc=0x000001f2e827bac4 sp=0x00000075d3afd240
Event: 1.203 Thread 0x000001f2d85f8ef0 DEOPT UNPACKING pc=0x000001f2e7a16da3 sp=0x00000075d3afd1c8 mode 2
Event: 1.226 Thread 0x000001f2d85f8ef0 DEOPT PACKING pc=0x000001f2e0ac978c sp=0x00000075d3afccf0
Event: 1.226 Thread 0x000001f2d85f8ef0 DEOPT UNPACKING pc=0x000001f2e7a17543 sp=0x00000075d3afc248 mode 0
Event: 1.228 Thread 0x000001f2d85f8ef0 DEOPT PACKING pc=0x000001f2e0608d51 sp=0x00000075d3afd780
Event: 1.228 Thread 0x000001f2d85f8ef0 DEOPT UNPACKING pc=0x000001f2e7a17543 sp=0x00000075d3afcc80 mode 0

Classes loaded (20 events):
Event: 1.096 Loading class java/time/zone/ZoneRulesProvider
Event: 1.096 Loading class java/time/zone/ZoneRulesProvider done
Event: 1.096 Loading class java/time/zone/ZoneRulesProvider$1
Event: 1.096 Loading class java/time/zone/ZoneRulesProvider$1 done
Event: 1.096 Loading class java/time/zone/TzdbZoneRulesProvider
Event: 1.096 Loading class java/time/zone/TzdbZoneRulesProvider done
Event: 1.098 Loading class java/time/zone/Ser
Event: 1.098 Loading class java/io/Externalizable
Event: 1.098 Loading class java/io/Externalizable done
Event: 1.098 Loading class java/time/zone/Ser done
Event: 1.099 Loading class java/time/zone/ZoneOffsetTransition
Event: 1.099 Loading class java/time/zone/ZoneOffsetTransition done
Event: 1.099 Loading class sun/util/cldr/CLDRBaseLocaleDataMetaInfo$TZCanonicalIDMapHolder
Event: 1.100 Loading class sun/util/cldr/CLDRBaseLocaleDataMetaInfo$TZCanonicalIDMapHolder done
Event: 1.101 Loading class sun/util/resources/TimeZoneNames
Event: 1.101 Loading class sun/util/resources/TimeZoneNames done
Event: 1.102 Loading class sun/util/resources/TimeZoneNames_en
Event: 1.102 Loading class sun/util/resources/TimeZoneNames_en done
Event: 1.202 Loading class sun/nio/cs/ISO_8859_1$Decoder
Event: 1.202 Loading class sun/nio/cs/ISO_8859_1$Decoder done

Classes unloaded (0 events):
No events

Classes redefined (0 events):
No events

Internal exceptions (20 events):
Event: 0.747 Thread 0x000001f2d85f8ef0 Exception <a 'java/lang/NoClassDefFoundError'{0x0000000713476870}: com/google/inject/servlet/ServletModuleTargetVisitor> (0x0000000713476870) 
thrown [s\open\src\hotspot\share\classfile\systemDictionary.cpp, line 244]
Event: 0.767 Thread 0x000001f2d85f8ef0 Exception <a 'java/lang/NoSuchMethodError'{0x0000000713558618}: 'java.lang.Object java.lang.invoke.DirectMethodHandle$Holder.invokeStatic(java.lang.Object, java.lang.Object, int)'> (0x0000000713558618) 
thrown [s\open\src\hotspot\share\interpreter\linkResolver.cpp, line 774]
Event: 0.767 Thread 0x000001f2d85f8ef0 Exception <a 'java/lang/NoSuchMethodError'{0x000000071355d8a0}: 'void java.lang.invoke.DirectMethodHandle$Holder.invokeStatic(java.lang.Object, java.lang.Object, int, java.lang.Object)'> (0x000000071355d8a0) 
thrown [s\open\src\hotspot\share\interpreter\linkResolver.cpp, line 774]
Event: 0.767 Thread 0x000001f2d85f8ef0 Exception <a 'java/lang/NoSuchMethodError'{0x0000000713565868}: 'void java.lang.invoke.DelegatingMethodHandle$Holder.delegate(java.lang.Object, java.lang.Object, int, java.lang.Object)'> (0x0000000713565868) 
thrown [s\open\src\hotspot\share\interpreter\linkResolver.cpp, line 774]
Event: 0.768 Thread 0x000001f2d85f8ef0 Exception <a 'java/lang/NoSuchMethodError'{0x000000071356a148}: 'int java.lang.invoke.DirectMethodHandle$Holder.invokeSpecial(java.lang.Object, java.lang.Object, java.lang.Object)'> (0x000000071356a148) 
thrown [s\open\src\hotspot\share\interpreter\linkResolver.cpp, line 774]
Event: 0.787 Thread 0x000001f2d85f8ef0 Exception <a 'java/lang/NoSuchMethodError'{0x000000071592e488}: 'java.lang.Object java.lang.invoke.DirectMethodHandle$Holder.newInvokeSpecial(java.lang.Object, java.lang.Object, java.lang.Object, java.lang.Object, java.lang.Object, java.lang.Object, java.lang.Object)'> (0x000000071592e488) 
thrown [s\open\src\hotspot\share\interpreter\linkResolver.cpp, line 774]
Event: 0.792 Thread 0x000001f2d85f8ef0 Exception <a 'java/lang/NoSuchMethodError'{0x000000071596b988}: 'java.lang.Object java.lang.invoke.DirectMethodHandle$Holder.newInvokeSpecial(java.lang.Object, java.lang.Object, java.lang.Object, java.lang.Object, java.lang.Object, java.lang.Object, java.lang.Object, java.lang.Object, java.lang.Object)'> (0x000000071596b988) 
thrown [s\open\src\hotspot\share\interpreter\linkResolver.cpp, line 774]
Event: 0.805 Thread 0x000001f2d85f8ef0 Exception <a 'java/lang/NoSuchMethodError'{0x0000000715667f08}: 'java.lang.Object java.lang.invoke.DirectMethodHandle$Holder.newInvokeSpecial(java.lang.Object, java.lang.Object, java.lang.Object, java.lang.Object, java.lang.Object, java.lang.Object, java.lang.Object, java.lang.Object, java.lang.Object, java.lang.Object, java.lang.Object, java.lang.Object)'> (0x0000000715667f08) 
thrown [s\open\src\hotspot\share\interpreter\linkResolver.cpp, line 774]
Event: 0.808 Thread 0x000001f2d85f8ef0 Exception <a 'java/lang/NoSuchMethodError'{0x00000007156afe00}: 'java.lang.Object java.lang.invoke.DirectMethodHandle$Holder.invokeStatic(java.lang.Object, java.lang.Object, java.lang.Object, java.lang.Object, java.lang.Object, java.lang.Object, java.lang.Object, java.lang.Object, java.lang.Object, java.lang.Object, java.lang.Object, java.lang.Object, java.lang.Object)'> (0x00000007156afe00) 
thrown [s\open\src\hotspot\share\interpreter\linkResolver.cpp, line 774]
Event: 0.809 Thread 0x000001f2d85f8ef0 Exception <a 'java/lang/NoSuchMethodError'{0x00000007156cf8a0}: 'java.lang.Object java.lang.invoke.DirectMethodHandle$Holder.invokeStatic(java.lang.Object, java.lang.Object, java.lang.Object, java.lang.Object, java.lang.Object, java.lang.Object, java.lang.Object, java.lang.Object, java.lang.Object, java.lang.Object, java.lang.Object, java.lang.Object, java.lang.Object, java.lang.Object)'> (0x00000007156cf8a0) 
thrown [s\open\src\hotspot\share\interpreter\linkResolver.cpp, line 774]
Event: 0.810 Thread 0x000001f2d85f8ef0 Exception <a 'java/lang/NoSuchMethodError'{0x00000007156f0d28}: 'java.lang.Object java.lang.invoke.DirectMethodHandle$Holder.invokeStatic(java.lang.Object, java.lang.Object, java.lang.Object, java.lang.Object, java.lang.Object, java.lang.Object, java.lang.Object, java.lang.Object, java.lang.Object, java.lang.Object, java.lang.Object, java.lang.Object, java.lang.Object, java.lang.Object, java.lang.Object)'> (0x00000007156f0d28) 
thrown [s\open\src\hotspot\share\interpreter\linkResolver.cpp, line 774]
Event: 0.821 Thread 0x000001f2d85f8ef0 Exception <a 'java/lang/NoSuchMethodError'{0x00000007157689f8}: 'java.lang.Object java.lang.invoke.DirectMethodHandle$Holder.invokeStaticInit(java.lang.Object, int, int, int, int)'> (0x00000007157689f8) 
thrown [s\open\src\hotspot\share\interpreter\linkResolver.cpp, line 774]
Event: 0.879 Thread 0x000001f2d85f8ef0 Implicit null exception at 0x000001f2e81696f2 to 0x000001f2e8169bf0
Event: 0.879 Thread 0x000001f2d85f8ef0 Implicit null exception at 0x000001f2e8144d72 to 0x000001f2e8145264
Event: 0.887 Thread 0x000001f2d85f8ef0 Implicit null exception at 0x000001f2e81d2c38 to 0x000001f2e81d33cc
Event: 0.933 Thread 0x000001f2d85f8ef0 Exception <a 'java/lang/NoSuchMethodError'{0x0000000714ec49d0}: 'void java.lang.invoke.DirectMethodHandle$Holder.invokeVirtual(java.lang.Object, java.lang.Object, int)'> (0x0000000714ec49d0) 
thrown [s\open\src\hotspot\share\interpreter\linkResolver.cpp, line 774]
Event: 0.933 Thread 0x000001f2d85f8ef0 Exception <a 'java/lang/NoSuchMethodError'{0x0000000714ec8de8}: 'int java.lang.invoke.DirectMethodHandle$Holder.invokeSpecial(java.lang.Object, java.lang.Object, java.lang.Object, int)'> (0x0000000714ec8de8) 
thrown [s\open\src\hotspot\share\interpreter\linkResolver.cpp, line 774]
Event: 0.934 Thread 0x000001f2d85f8ef0 Exception <a 'java/lang/NoSuchMethodError'{0x0000000714ed91f0}: 'java.lang.Object java.lang.invoke.DirectMethodHandle$Holder.invokeStatic(java.lang.Object, java.lang.Object, java.lang.Object, java.lang.Object, int)'> (0x0000000714ed91f0) 
thrown [s\open\src\hotspot\share\interpreter\linkResolver.cpp, line 774]
Event: 0.934 Thread 0x000001f2d85f8ef0 Exception <a 'java/lang/NoSuchMethodError'{0x0000000714ee4ab0}: 'void java.lang.invoke.DelegatingMethodHandle$Holder.reinvoke_L(java.lang.Object, java.lang.Object, int)'> (0x0000000714ee4ab0) 
thrown [s\open\src\hotspot\share\interpreter\linkResolver.cpp, line 774]
Event: 1.103 Thread 0x000001f2fb767290 Exception <a 'java/lang/NoSuchMethodError'{0x0000000713bf3430}: 'java.lang.Object java.lang.invoke.Invokers$Holder.invokeExact_MT(java.lang.Object, java.lang.Object, java.lang.Object, java.lang.Object, java.lang.Object, java.lang.Object)'> (0x0000000713bf3430) 
thrown [s\open\src\hotspot\share\interpreter\linkResolver.cpp, line 774]

VM Operations (20 events):
Event: 0.814 Executing VM operation: HandshakeAllThreads
Event: 0.815 Executing VM operation: HandshakeAllThreads done
Event: 0.830 Executing VM operation: HandshakeAllThreads
Event: 0.830 Executing VM operation: HandshakeAllThreads done
Event: 0.848 Executing VM operation: HandshakeAllThreads
Event: 0.848 Executing VM operation: HandshakeAllThreads done
Event: 0.869 Executing VM operation: HandshakeAllThreads
Event: 0.869 Executing VM operation: HandshakeAllThreads done
Event: 0.869 Executing VM operation: HandshakeAllThreads
Event: 0.869 Executing VM operation: HandshakeAllThreads done
Event: 0.946 Executing VM operation: ICBufferFull
Event: 0.947 Executing VM operation: ICBufferFull done
Event: 1.031 Executing VM operation: HandshakeAllThreads
Event: 1.032 Executing VM operation: HandshakeAllThreads done
Event: 1.032 Executing VM operation: HandshakeAllThreads
Event: 1.032 Executing VM operation: HandshakeAllThreads done
Event: 1.110 Executing VM operation: ICBufferFull
Event: 1.110 Executing VM operation: ICBufferFull done
Event: 1.187 Executing VM operation: HandshakeAllThreads
Event: 1.187 Executing VM operation: HandshakeAllThreads done

Events (20 events):
Event: 0.016 Thread 0x000001f2fb762540 Thread added: 0x000001f2fb762540
Event: 0.016 Thread 0x000001f2fb767290 Thread added: 0x000001f2fb767290
Event: 0.016 Thread 0x000001f2fb767bc0 Thread added: 0x000001f2fb767bc0
Event: 0.016 Thread 0x000001f2fb7684f0 Thread added: 0x000001f2fb7684f0
Event: 0.016 Thread 0x000001f2fb76b160 Thread added: 0x000001f2fb76b160
Event: 0.016 Thread 0x000001f2fb76f220 Thread added: 0x000001f2fb76f220
Event: 0.016 Thread 0x000001f2fb770ee0 Thread added: 0x000001f2fb770ee0
Event: 0.019 Thread 0x000001f2fb76dbe0 Thread added: 0x000001f2fb76dbe0
Event: 0.020 Thread 0x000001f2fb76f7b0 Thread added: 0x000001f2fb76f7b0
Event: 0.028 Thread 0x000001f2fb7359b0 Thread added: 0x000001f2fb7359b0
Event: 0.055 Thread 0x000001f2fc619d60 Thread added: 0x000001f2fc619d60
Event: 0.055 Thread 0x000001f2fc61a2a0 Thread added: 0x000001f2fc61a2a0
Event: 0.076 Thread 0x000001f2fb76e170 Thread added: 0x000001f2fb76e170
Event: 0.194 Thread 0x000001f2fb76d650 Thread added: 0x000001f2fb76d650
Event: 0.314 Thread 0x000001f2fb76fd40 Thread added: 0x000001f2fb76fd40
Event: 0.322 Thread 0x000001f2fb76e700 Thread added: 0x000001f2fb76e700
Event: 0.322 Thread 0x000001f2fb76ec90 Thread added: 0x000001f2fb76ec90
Event: 0.327 Thread 0x000001f2fb7702d0 Thread added: 0x000001f2fb7702d0
Event: 0.327 Thread 0x000001f2fb76cb30 Thread added: 0x000001f2fb76cb30
Event: 0.328 Thread 0x000001f2fb76d0c0 Thread added: 0x000001f2fb76d0c0


Dynamic libraries:
0x00007ff73da80000 - 0x00007ff73da90000 	C:\Program Files\Java\jdk-19\bin\java.exe
0x00007ff939f30000 - 0x00007ff93a144000 	C:\WINDOWS\SYSTEM32\ntdll.dll
0x00007ff9393f0000 - 0x00007ff9394b2000 	C:\WINDOWS\System32\KERNEL32.DLL
0x00007ff9377a0000 - 0x00007ff937b43000 	C:\WINDOWS\System32\KERNELBASE.dll
0x00007ff937300000 - 0x00007ff937411000 	C:\WINDOWS\System32\ucrtbase.dll
0x00007ff92ef10000 - 0x00007ff92ef2b000 	C:\Program Files\Java\jdk-19\bin\VCRUNTIME140.dll
0x00007ff92eef0000 - 0x00007ff92ef08000 	C:\Program Files\Java\jdk-19\bin\jli.dll
0x00007ff9397c0000 - 0x00007ff93986e000 	C:\WINDOWS\System32\ADVAPI32.dll
0x00007ff938f00000 - 0x00007ff938fa7000 	C:\WINDOWS\System32\msvcrt.dll
0x00007ff937ce0000 - 0x00007ff937d84000 	C:\WINDOWS\System32\sechost.dll
0x00007ff9392a0000 - 0x00007ff9393b7000 	C:\WINDOWS\System32\RPCRT4.dll
0x00007ff9390b0000 - 0x00007ff93925a000 	C:\WINDOWS\System32\USER32.dll
0x00007ff937420000 - 0x00007ff937446000 	C:\WINDOWS\System32\win32u.dll
0x00007ff918920000 - 0x00007ff918bae000 	C:\WINDOWS\WinSxS\amd64_microsoft.windows.common-controls_6595b64144ccf1df_6.0.22621.1635_none_270f70857386168e\COMCTL32.dll
0x00007ff939790000 - 0x00007ff9397b9000 	C:\WINDOWS\System32\GDI32.dll
0x00007ff937b50000 - 0x00007ff937c69000 	C:\WINDOWS\System32\gdi32full.dll
0x00007ff937450000 - 0x00007ff9374ea000 	C:\WINDOWS\System32\msvcp_win.dll
0x00007ff92fc30000 - 0x00007ff92fc3a000 	C:\WINDOWS\SYSTEM32\VERSION.dll
0x00007ff939260000 - 0x00007ff939291000 	C:\WINDOWS\System32\IMM32.DLL
0x00007ff92eee0000 - 0x00007ff92eeec000 	C:\Program Files\Java\jdk-19\bin\vcruntime140_1.dll
0x00007ff8ce670000 - 0x00007ff8ce6fe000 	C:\Program Files\Java\jdk-19\bin\msvcp140.dll
0x00007ff8cd9b0000 - 0x00007ff8ce670000 	C:\Program Files\Java\jdk-19\bin\server\jvm.dll
0x00007ff931b80000 - 0x00007ff931b89000 	C:\WINDOWS\SYSTEM32\WSOCK32.dll
0x00007ff939640000 - 0x00007ff9396b1000 	C:\WINDOWS\System32\WS2_32.dll
0x00007ff92d400000 - 0x00007ff92d434000 	C:\WINDOWS\SYSTEM32\WINMM.dll
0x00007ff936430000 - 0x00007ff936448000 	C:\WINDOWS\SYSTEM32\kernel.appcore.dll
0x00007ff917950000 - 0x00007ff91795a000 	C:\Program Files\Java\jdk-19\bin\jimage.dll
0x00007ff934750000 - 0x00007ff93497e000 	C:\WINDOWS\SYSTEM32\DBGHELP.DLL
0x00007ff938b70000 - 0x00007ff938ef9000 	C:\WINDOWS\System32\combase.dll
0x00007ff9394c0000 - 0x00007ff939597000 	C:\WINDOWS\System32\OLEAUT32.dll
0x00007ff931d90000 - 0x00007ff931dc2000 	C:\WINDOWS\SYSTEM32\dbgcore.DLL
0x00007ff9374f0000 - 0x00007ff93756a000 	C:\WINDOWS\System32\bcryptPrimitives.dll
0x00007ff930df0000 - 0x00007ff930dfe000 	C:\Program Files\Java\jdk-19\bin\instrument.dll
0x00007ff8d28d0000 - 0x00007ff8d28f6000 	C:\Program Files\Java\jdk-19\bin\java.dll
0x00007ff8cd5d0000 - 0x00007ff8cd6a7000 	C:\Program Files\Java\jdk-19\bin\jsvml.dll
0x00007ff938020000 - 0x00007ff938819000 	C:\WINDOWS\System32\SHELL32.dll
0x00007ff9352c0000 - 0x00007ff935b8e000 	C:\WINDOWS\SYSTEM32\windows.storage.dll
0x00007ff935180000 - 0x00007ff9352be000 	C:\WINDOWS\SYSTEM32\wintypes.dll
0x00007ff938a70000 - 0x00007ff938b61000 	C:\WINDOWS\System32\SHCORE.dll
0x00007ff937f30000 - 0x00007ff937f8e000 	C:\WINDOWS\System32\shlwapi.dll
0x00007ff937230000 - 0x00007ff937256000 	C:\WINDOWS\SYSTEM32\profapi.dll
0x00007ff8cd060000 - 0x00007ff8cd078000 	C:\Program Files\Java\jdk-19\bin\zip.dll
0x00007ff8cd470000 - 0x00007ff8cd483000 	C:\Program Files\Java\jdk-19\bin\net.dll
0x00007ff92eff0000 - 0x00007ff92f127000 	C:\WINDOWS\SYSTEM32\WINHTTP.dll
0x00007ff9368b0000 - 0x00007ff936919000 	C:\WINDOWS\system32\mswsock.dll
0x00007ff8cd450000 - 0x00007ff8cd466000 	C:\Program Files\Java\jdk-19\bin\nio.dll
0x00007ff92fdc0000 - 0x00007ff92fdda000 	C:\Program Files\JetBrains\IntelliJ IDEA 2022.1.2\bin\breakgen64.dll
0x00007ff911960000 - 0x00007ff911968000 	C:\Program Files\Java\jdk-19\bin\extnet.dll
0x0000000069ac0000 - 0x0000000069ae4000 	C:\Users\99293\AppData\Local\Temp\jansi-2.4.0-8c9626b4dd64d001-jansi.dll
0x00007ff910f60000 - 0x00007ff910f70000 	C:\Program Files\Java\jdk-19\bin\verify.dll

dbghelp: loaded successfully - version: 4.0.5 - missing functions: none
symbol engine: initialized successfully - sym options: 0x614 - pdb path: .;C:\Program Files\Java\jdk-19\bin;C:\WINDOWS\SYSTEM32;C:\WINDOWS\WinSxS\amd64_microsoft.windows.common-controls_6595b64144ccf1df_6.0.22621.1635_none_270f70857386168e;C:\Program Files\Java\jdk-19\bin\server;C:\Program Files\JetBrains\IntelliJ IDEA 2022.1.2\bin;C:\Users\99293\AppData\Local\Temp

VM Arguments:
jvm_args: -Dmaven.multiModuleProjectDirectory=D:\unitedStates duplicates original -Dmaven.home=C:\Users\99293\.m2\wrapper\dists\apache-maven-3.8.6-bin\1ks0nkde5v1pk9vtc31i9d0lcd\apache-maven-3.8.6 -Dclassworlds.conf=C:\Users\99293\.m2\wrapper\dists\apache-maven-3.8.6-bin\1ks0nkde5v1pk9vtc31i9d0lcd\apache-maven-3.8.6\bin\m2.conf -Dmaven.ext.class.path=C:\Program Files\JetBrains\IntelliJ IDEA 2022.1.2\plugins\maven\lib\maven-event-listener.jar -javaagent:C:\Program Files\JetBrains\IntelliJ IDEA 2022.1.2\lib\idea_rt.jar=53692:C:\Program Files\JetBrains\IntelliJ IDEA 2022.1.2\bin -Dfile.encoding=UTF-8 
java_command: org.codehaus.classworlds.Launcher -Didea.version=2022.1.2 package
java_class_path (initial): C:\Users\99293\.m2\wrapper\dists\apache-maven-3.8.6-bin\1ks0nkde5v1pk9vtc31i9d0lcd\apache-maven-3.8.6\boot\plexus-classworlds-2.6.0.jar;C:\Users\99293\.m2\wrapper\dists\apache-maven-3.8.6-bin\1ks0nkde5v1pk9vtc31i9d0lcd\apache-maven-3.8.6\boot\plexus-classworlds.license
Launcher Type: SUN_STANDARD

[Global flags]
     intx CICompilerCount                          = 12                                        {product} {ergonomic}
     uint ConcGCThreads                            = 3                                         {product} {ergonomic}
     uint G1ConcRefinementThreads                  = 13                                        {product} {ergonomic}
   size_t G1HeapRegionSize                         = 2097152                                   {product} {ergonomic}
    uintx GCDrainStackTargetSize                   = 64                                        {product} {ergonomic}
   size_t InitialHeapSize                          = 264241152                                 {product} {ergonomic}
   size_t MarkStackSize                            = 4194304                                   {product} {ergonomic}
   size_t MaxHeapSize                              = 4196401152                                {product} {ergonomic}
   size_t MaxNewSize                               = 2516582400                                {product} {ergonomic}
   size_t MinHeapDeltaBytes                        = 2097152                                   {product} {ergonomic}
   size_t MinHeapSize                              = 8388608                                   {product} {ergonomic}
    uintx NonNMethodCodeHeapSize                   = 7602480                                {pd product} {ergonomic}
    uintx NonProfiledCodeHeapSize                  = 122027880                              {pd product} {ergonomic}
    uintx ProfiledCodeHeapSize                     = 122027880                              {pd product} {ergonomic}
    uintx ReservedCodeCacheSize                    = 251658240                              {pd product} {ergonomic}
     bool SegmentedCodeCache                       = true                                      {product} {ergonomic}
   size_t SoftMaxHeapSize                          = 4196401152                             {manageable} {ergonomic}
     bool UseCompressedClassPointers               = true                           {product lp64_product} {ergonomic}
     bool UseCompressedOops                        = true                           {product lp64_product} {ergonomic}
     bool UseG1GC                                  = true                                      {product} {ergonomic}
     bool UseLargePagesIndividualAllocation        = false                                  {pd product} {ergonomic}

Logging:
Log output configuration:
 #0: stdout all=warning uptime,level,tags foldmultilines=false
 #1: stderr all=off uptime,level,tags foldmultilines=false

Environment Variables:
PATH=C:\Program Files\Common Files\Oracle\Java\javapath;C:\Windows\system32;C:\Windows;C:\Windows\System32\Wbem;C:\Windows\System32\WindowsPowerShell\v1.0\;C:\Windows\System32\OpenSSH\;C:\Program Files (x86)\NVIDIA Corporation\PhysX\Common;C:\Program Files\NVIDIA Corporation\NVIDIA NvDLISR;C:\Program Files\Git\cmd;C:\Program Files (x86)\dotnet\;%SystemRoot%\system32;%SystemRoot%;%SystemRoot%\System32\Wbem;%SYSTEMROOT%\System32\WindowsPowerShell\v1.0\;%SYSTEMROOT%\System32\OpenSSH\;C:\Users\99293\AppData\Local\Programs\Python\Python311\Scripts\;C:\Users\99293\AppData\Local\Programs\Python\Python311\;C:\Users\99293\AppData\Local\Microsoft\WindowsApps;;C:\Program Files\JetBrains\IntelliJ IDEA 2022.1.2\bin;;C:\Program Files\heroku\bin
USERNAME=ASUS
OS=Windows_NT
PROCESSOR_IDENTIFIER=Intel64 Family 6 Model 154 Stepping 3, GenuineIntel
TMP=C:\Users\99293\AppData\Local\Temp
TEMP=C:\Users\99293\AppData\Local\Temp



---------------  S Y S T E M  ---------------

OS:
 Windows 11 , 64 bit Build 22621 (10.0.22621.1928)
OS uptime: 1 days 4:55 hours
Hyper-V role detected

CPU: total 16 (initial active 16) (8 cores per cpu, 2 threads per core) family 6 model 154 stepping 3 microcode 0x41c, cx8, cmov, fxsr, ht, mmx, 3dnowpref, sse, sse2, sse3, ssse3, sse4.1, sse4.2, popcnt, lzcnt, tsc, tscinvbit, avx, avx2, aes, erms, clmul, bmi1, bmi2, adx, sha, fma, vzeroupper, clflush, clflushopt, clwb, hv, serialize, rdtscp, rdpid, fsrm

Memory: 4k page, system-wide physical 16005M (3244M free)
TotalPageFile size 18053M (AvailPageFile size 5M)
current process WorkingSet (physical memory assigned to process): 181M, peak: 181M
current process commit charge ("private bytes"): 424M, peak: 424M

vm_info: Java HotSpot(TM) 64-Bit Server VM (19.0.2+7-44) for windows-amd64 JRE (19.0.2+7-44), built on 2022-11-30T18:02:09Z by "mach5one" with MS VC++ 17.1 (VS2022)

END.
