#
# There is insufficient memory for the Java Runtime Environment to continue.
# Native memory allocation (malloc) failed to allocate 144496 bytes for Chunk::new
# Possible reasons:
#   The system is out of physical RAM or swap space
#   The process is running with CompressedOops enabled, and the Java Heap may be blocking the growth of the native heap
# Possible solutions:
#   Reduce memory load on the system
#   Increase physical memory or swap space
#   Check if swap backing store is full
#   Decrease Java heap size (-Xmx/-Xms)
#   Decrease number of Java threads
#   Decrease Java thread stack sizes (-Xss)
#   Set larger code cache with -XX:ReservedCodeCacheSize=
#   JVM is running with Zero Based Compressed Oops mode in which the Java heap is
#     placed in the first 32GB address space. The Java Heap base address is the
#     maximum limit for the native heap growth. Please use -XX:HeapBaseMinAddress
#     to set the Java Heap base and to place the Java Heap above 32GB virtual address.
# This output file may be truncated or incomplete.
#
#  Out of Memory Error (arena.cpp:184), pid=27332, tid=27548
#
# JRE version: Java(TM) SE Runtime Environment (19.0.2+7) (build 19.0.2+7-44)
# Java VM: Java HotSpot(TM) 64-Bit Server VM (19.0.2+7-44, mixed mode, sharing, tiered, compressed oops, compressed class ptrs, g1 gc, windows-amd64)
# No core dump will be written. Minidumps are not enabled by default on client versions of Windows
#

---------------  S U M M A R Y ------------

Command Line: -ea -Didea.test.cyclic.buffer.size=1048576 -javaagent:C:\Program Files\JetBrains\IntelliJ IDEA 2022.1.2\lib\idea_rt.jar=52052:C:\Program Files\JetBrains\IntelliJ IDEA 2022.1.2\bin -Dfile.encoding=UTF-8 com.intellij.rt.junit.JUnitStarter -ideVersion5 -junit4 unitted_states_of_mankind.utilsTest.UtilsBalanceTest,rollbackBalanceFr

Host: 12th Gen Intel(R) Core(TM) i7-12650H, 16 cores, 15G,  Windows 11 , 64 bit Build 22621 (10.0.22621.3672)
Time: Thu Aug 22 18:51:56 2024  Windows 11 , 64 bit Build 22621 (10.0.22621.3672) elapsed time: 2.287597 seconds (0d 0h 0m 2s)

---------------  T H R E A D  ---------------

Current thread (0x00000211e5d183d0):  JavaThread "C2 CompilerThread0" daemon [_thread_in_native, id=27548, stack(0x00000095b5500000,0x00000095b5600000)]


Current CompileTask:
C2:   2287 3541       4       java.lang.Long::getChars (195 bytes)

Stack: [0x00000095b5500000,0x00000095b5600000]
Native frames: (J=compiled Java code, j=interpreted, Vv=VM code, C=native code)
V  [jvm.dll+0x6ee21a]
V  [jvm.dll+0x85765e]
V  [jvm.dll+0x85904e]
V  [jvm.dll+0x859703]
V  [jvm.dll+0x28298f]
V  [jvm.dll+0xc9adf]
V  [jvm.dll+0xc9e65]
V  [jvm.dll+0x2f7caf]
V  [jvm.dll+0x5f076b]
V  [jvm.dll+0x25590c]
V  [jvm.dll+0x24e1a7]
V  [jvm.dll+0x24b673]
V  [jvm.dll+0x1d6ce1]
V  [jvm.dll+0x25b25a]
V  [jvm.dll+0x2596e8]
V  [jvm.dll+0x807588]
V  [jvm.dll+0x80125a]
V  [jvm.dll+0x6ecf0b]
C  [ucrtbase.dll+0x29333]
C  [KERNEL32.DLL+0x1257d]
C  [ntdll.dll+0x5af28]


---------------  P R O C E S S  ---------------

Threads class SMR info:
_java_thread_list=0x00000211eb6c26f0, length=17, elements={
0x00000211c24262b0, 0x00000211e5cfda90, 0x00000211e5cfe880, 0x00000211e5d06c60,
0x00000211e5d087a0, 0x00000211e5d0b0e0, 0x00000211e5d0ba10, 0x00000211e5d183d0,
0x00000211e5d15640, 0x00000211e5d163a0, 0x00000211ea51b850, 0x00000211ea51eb90,
0x00000211ea521d50, 0x00000211ea613250, 0x00000211ea6176f0, 0x00000211ea7e6b80,
0x00000211eab22870
}

Java Threads: ( => current thread )
  0x00000211c24262b0 JavaThread "main" [_thread_in_Java, id=25736, stack(0x00000095b4800000,0x00000095b4900000)]
  0x00000211e5cfda90 JavaThread "Reference Handler" daemon [_thread_blocked, id=11080, stack(0x00000095b4f00000,0x00000095b5000000)]
  0x00000211e5cfe880 JavaThread "Finalizer" daemon [_thread_blocked, id=17796, stack(0x00000095b5000000,0x00000095b5100000)]
  0x00000211e5d06c60 JavaThread "Signal Dispatcher" daemon [_thread_blocked, id=10728, stack(0x00000095b5100000,0x00000095b5200000)]
  0x00000211e5d087a0 JavaThread "Attach Listener" daemon [_thread_blocked, id=18396, stack(0x00000095b5200000,0x00000095b5300000)]
  0x00000211e5d0b0e0 JavaThread "Service Thread" daemon [_thread_blocked, id=25836, stack(0x00000095b5300000,0x00000095b5400000)]
  0x00000211e5d0ba10 JavaThread "Monitor Deflation Thread" daemon [_thread_blocked, id=26456, stack(0x00000095b5400000,0x00000095b5500000)]
=>0x00000211e5d183d0 JavaThread "C2 CompilerThread0" daemon [_thread_in_native, id=27548, stack(0x00000095b5500000,0x00000095b5600000)]
  0x00000211e5d15640 JavaThread "C1 CompilerThread0" daemon [_thread_blocked, id=4876, stack(0x00000095b5600000,0x00000095b5700000)]
  0x00000211e5d163a0 JavaThread "Sweeper thread" daemon [_thread_blocked, id=8492, stack(0x00000095b5700000,0x00000095b5800000)]
  0x00000211ea51b850 JavaThread "Common-Cleaner" daemon [_thread_blocked, id=18408, stack(0x00000095b5800000,0x00000095b5900000)]
  0x00000211ea51eb90 JavaThread "C1 CompilerThread1" daemon [_thread_blocked, id=2208, stack(0x00000095b5900000,0x00000095b5a00000)]
  0x00000211ea521d50 JavaThread "C1 CompilerThread2" daemon [_thread_blocked, id=2056, stack(0x00000095b5a00000,0x00000095b5b00000)]
  0x00000211ea613250 JavaThread "Monitor Ctrl-Break" daemon [_thread_in_native, id=26812, stack(0x00000095b5c00000,0x00000095b5d00000)]
  0x00000211ea6176f0 JavaThread "Notification Thread" daemon [_thread_blocked, id=25872, stack(0x00000095b5d00000,0x00000095b5e00000)]
  0x00000211ea7e6b80 JavaThread "C2 CompilerThread1" daemon [_thread_in_native, id=26700, stack(0x00000095b5f00000,0x00000095b6000000)]
  0x00000211eab22870 JavaThread "C2 CompilerThread2" daemon [_thread_in_native, id=12024, stack(0x00000095b6000000,0x00000095b6100000)]

Other Threads:
  0x00000211e5ce5830 VMThread "VM Thread" [stack: 0x00000095b4e00000,0x00000095b4f00000] [id=25168]
  0x00000211ea5e3610 WatcherThread "VM Periodic Task Thread" [stack: 0x00000095b5e00000,0x00000095b5f00000] [id=20840]
  0x00000211c2497810 WorkerThread "GC Thread#0" [stack: 0x00000095b4900000,0x00000095b4a00000] [id=13844]
  0x00000211eaf60700 WorkerThread "GC Thread#1" [stack: 0x00000095b6100000,0x00000095b6200000] [id=26968]
  0x00000211eaf60ca0 WorkerThread "GC Thread#2" [stack: 0x00000095b6200000,0x00000095b6300000] [id=14644]
  0x00000211eaf609d0 WorkerThread "GC Thread#3" [stack: 0x00000095b6300000,0x00000095b6400000] [id=17292]
  0x00000211eaf61240 WorkerThread "GC Thread#4" [stack: 0x00000095b6400000,0x00000095b6500000] [id=27160]
  0x00000211eaf60f70 WorkerThread "GC Thread#5" [stack: 0x00000095b6500000,0x00000095b6600000] [id=5568]
  0x00000211eaf617e0 WorkerThread "GC Thread#6" [stack: 0x00000095b6b00000,0x00000095b6c00000] [id=26008]
  0x00000211eaf62050 WorkerThread "GC Thread#7" [stack: 0x00000095b6c00000,0x00000095b6d00000] [id=8056]
  0x00000211eb1c2070 WorkerThread "GC Thread#8" [stack: 0x00000095b6d00000,0x00000095b6e00000] [id=23380]
  0x00000211eb1c09f0 WorkerThread "GC Thread#9" [stack: 0x00000095b6e00000,0x00000095b6f00000] [id=23924]
  0x00000211eb1c1530 WorkerThread "GC Thread#10" [stack: 0x00000095b6f00000,0x00000095b7000000] [id=19672]
  0x00000211eb1c1800 WorkerThread "GC Thread#11" [stack: 0x00000095b7000000,0x00000095b7100000] [id=2088]
  0x00000211eb1c0cc0 WorkerThread "GC Thread#12" [stack: 0x00000095b7100000,0x00000095b7200000] [id=21588]
  0x00000211c02be000 ConcurrentGCThread "G1 Main Marker" [stack: 0x00000095b4a00000,0x00000095b4b00000] [id=24072]
  0x00000211c02bea30 WorkerThread "G1 Conc#0" [stack: 0x00000095b4b00000,0x00000095b4c00000] [id=18368]
  0x00000211e5ba09e0 ConcurrentGCThread "G1 Refine#0" [stack: 0x00000095b4c00000,0x00000095b4d00000] [id=17064]
  0x00000211e5ba1520 ConcurrentGCThread "G1 Service" [stack: 0x00000095b4d00000,0x00000095b4e00000] [id=9416]

Threads with active compile tasks:
C2 CompilerThread0     2296 3541       4       java.lang.Long::getChars (195 bytes)
C1 CompilerThread2     2296 3558       3       java.lang.invoke.BoundMethodHandle$SpeciesData::extendWith (62 bytes)
C2 CompilerThread1     2296 3542       4       com.fasterxml.jackson.databind.ser.BeanPropertyWriter::serializeAsField (214 bytes)
C2 CompilerThread2     2296 3557       4       com.fasterxml.jackson.core.json.UTF8StreamJsonParser::_finishAndReturnString (137 bytes)

VM state: not at safepoint (normal execution)

VM Mutex/Monitor currently owned by a thread: None

Heap address: 0x0000000705e00000, size: 4002 MB, Compressed Oops mode: Zero based, Oop shift amount: 3

CDS archive(s) mapped at: [0x0000000800000000-0x0000000800c40000-0x0000000800c40000), size 12845056, SharedBaseAddress: 0x0000000800000000, ArchiveRelocationMode: 0.
Compressed class space mapped at: 0x0000000801000000-0x0000000841000000, reserved size: 1073741824
Narrow klass base: 0x0000000800000000, Narrow klass shift: 0, Narrow klass range: 0x100000000

GC Precious Log:
 CardTable entry size: 512
 Card Set container configuration: InlinePtr #cards 4 size 8 Array Of Cards #cards 16 size 48 Howl #buckets 8 coarsen threshold 3686 Howl Bitmap #cards 512 size 80 coarsen threshold 460 Card regions per heap region 1 cards per card region 4096
 CPUs: 16 total, 16 available
 Memory: 16005M
 Large Page Support: Disabled
 NUMA Support: Disabled
 Compressed Oops: Enabled (Zero based)
 Heap Region Size: 2M
 Heap Min Capacity: 8M
 Heap Initial Capacity: 252M
 Heap Max Capacity: 4002M
 Pre-touch: Disabled
 Parallel Workers: 13
 Concurrent Workers: 3
 Concurrent Refinement Workers: 13
 Periodic GC: Disabled

Heap:
 garbage-first heap   total 311296K, used 142096K [0x0000000705e00000, 0x0000000800000000)
  region size 2048K, 67 young (137216K), 6 survivors (12288K)
 Metaspace       used 14751K, committed 14976K, reserved 1114112K
  class space    used 1500K, committed 1600K, reserved 1048576K

Heap Regions: E=young(eden), S=young(survivor), O=old, HS=humongous(starts), HC=humongous(continues), CS=collection set, F=free, OA=open archive, CA=closed archive, TAMS=top-at-mark-start (previous, next)
|   0|0x0000000705e00000, 0x0000000706000000, 0x0000000706000000|100%| O|  |TAMS 0x0000000705e00000, 0x0000000705e00000| Untracked 
|   1|0x0000000706000000, 0x0000000706200000, 0x0000000706200000|100%| O|  |TAMS 0x0000000706000000, 0x0000000706000000| Untracked 
|   2|0x0000000706200000, 0x0000000706400000, 0x0000000706400000|100%| O|  |TAMS 0x0000000706200000, 0x0000000706200000| Untracked 
|   3|0x0000000706400000, 0x0000000706600000, 0x0000000706600000|100%| O|  |TAMS 0x0000000706400000, 0x0000000706400000| Untracked 
|   4|0x0000000706600000, 0x0000000706600000, 0x0000000706800000|  0%| F|  |TAMS 0x0000000706600000, 0x0000000706600000| Untracked 
|   5|0x0000000706800000, 0x0000000706800000, 0x0000000706a00000|  0%| F|  |TAMS 0x0000000706800000, 0x0000000706800000| Untracked 
|   6|0x0000000706a00000, 0x0000000706a00000, 0x0000000706c00000|  0%| F|  |TAMS 0x0000000706a00000, 0x0000000706a00000| Untracked 
|   7|0x0000000706c00000, 0x0000000706c00000, 0x0000000706e00000|  0%| F|  |TAMS 0x0000000706c00000, 0x0000000706c00000| Untracked 
|   8|0x0000000706e00000, 0x0000000706e00000, 0x0000000707000000|  0%| F|  |TAMS 0x0000000706e00000, 0x0000000706e00000| Untracked 
|   9|0x0000000707000000, 0x0000000707000000, 0x0000000707200000|  0%| F|  |TAMS 0x0000000707000000, 0x0000000707000000| Untracked 
|  10|0x0000000707200000, 0x0000000707200000, 0x0000000707400000|  0%| F|  |TAMS 0x0000000707200000, 0x0000000707200000| Untracked 
|  11|0x0000000707400000, 0x0000000707400000, 0x0000000707600000|  0%| F|  |TAMS 0x0000000707400000, 0x0000000707400000| Untracked 
|  12|0x0000000707600000, 0x0000000707600000, 0x0000000707800000|  0%| F|  |TAMS 0x0000000707600000, 0x0000000707600000| Untracked 
|  13|0x0000000707800000, 0x0000000707800000, 0x0000000707a00000|  0%| F|  |TAMS 0x0000000707800000, 0x0000000707800000| Untracked 
|  14|0x0000000707a00000, 0x0000000707a00000, 0x0000000707c00000|  0%| F|  |TAMS 0x0000000707a00000, 0x0000000707a00000| Untracked 
|  15|0x0000000707c00000, 0x0000000707c00000, 0x0000000707e00000|  0%| F|  |TAMS 0x0000000707c00000, 0x0000000707c00000| Untracked 
|  16|0x0000000707e00000, 0x0000000707e00000, 0x0000000708000000|  0%| F|  |TAMS 0x0000000707e00000, 0x0000000707e00000| Untracked 
|  17|0x0000000708000000, 0x0000000708000000, 0x0000000708200000|  0%| F|  |TAMS 0x0000000708000000, 0x0000000708000000| Untracked 
|  18|0x0000000708200000, 0x0000000708200000, 0x0000000708400000|  0%| F|  |TAMS 0x0000000708200000, 0x0000000708200000| Untracked 
|  19|0x0000000708400000, 0x0000000708400000, 0x0000000708600000|  0%| F|  |TAMS 0x0000000708400000, 0x0000000708400000| Untracked 
|  20|0x0000000708600000, 0x0000000708600000, 0x0000000708800000|  0%| F|  |TAMS 0x0000000708600000, 0x0000000708600000| Untracked 
|  21|0x0000000708800000, 0x0000000708800000, 0x0000000708a00000|  0%| F|  |TAMS 0x0000000708800000, 0x0000000708800000| Untracked 
|  22|0x0000000708a00000, 0x0000000708a00000, 0x0000000708c00000|  0%| F|  |TAMS 0x0000000708a00000, 0x0000000708a00000| Untracked 
|  23|0x0000000708c00000, 0x0000000708c00000, 0x0000000708e00000|  0%| F|  |TAMS 0x0000000708c00000, 0x0000000708c00000| Untracked 
|  24|0x0000000708e00000, 0x0000000708e00000, 0x0000000709000000|  0%| F|  |TAMS 0x0000000708e00000, 0x0000000708e00000| Untracked 
|  25|0x0000000709000000, 0x0000000709000000, 0x0000000709200000|  0%| F|  |TAMS 0x0000000709000000, 0x0000000709000000| Untracked 
|  26|0x0000000709200000, 0x0000000709200000, 0x0000000709400000|  0%| F|  |TAMS 0x0000000709200000, 0x0000000709200000| Untracked 
|  27|0x0000000709400000, 0x0000000709400000, 0x0000000709600000|  0%| F|  |TAMS 0x0000000709400000, 0x0000000709400000| Untracked 
|  28|0x0000000709600000, 0x0000000709600000, 0x0000000709800000|  0%| F|  |TAMS 0x0000000709600000, 0x0000000709600000| Untracked 
|  29|0x0000000709800000, 0x0000000709800000, 0x0000000709a00000|  0%| F|  |TAMS 0x0000000709800000, 0x0000000709800000| Untracked 
|  30|0x0000000709a00000, 0x0000000709a00000, 0x0000000709c00000|  0%| F|  |TAMS 0x0000000709a00000, 0x0000000709a00000| Untracked 
|  31|0x0000000709c00000, 0x0000000709c00000, 0x0000000709e00000|  0%| F|  |TAMS 0x0000000709c00000, 0x0000000709c00000| Untracked 
|  32|0x0000000709e00000, 0x0000000709e00000, 0x000000070a000000|  0%| F|  |TAMS 0x0000000709e00000, 0x0000000709e00000| Untracked 
|  33|0x000000070a000000, 0x000000070a000000, 0x000000070a200000|  0%| F|  |TAMS 0x000000070a000000, 0x000000070a000000| Untracked 
|  34|0x000000070a200000, 0x000000070a200000, 0x000000070a400000|  0%| F|  |TAMS 0x000000070a200000, 0x000000070a200000| Untracked 
|  35|0x000000070a400000, 0x000000070a400000, 0x000000070a600000|  0%| F|  |TAMS 0x000000070a400000, 0x000000070a400000| Untracked 
|  36|0x000000070a600000, 0x000000070a600000, 0x000000070a800000|  0%| F|  |TAMS 0x000000070a600000, 0x000000070a600000| Untracked 
|  37|0x000000070a800000, 0x000000070a800000, 0x000000070aa00000|  0%| F|  |TAMS 0x000000070a800000, 0x000000070a800000| Untracked 
|  38|0x000000070aa00000, 0x000000070aa00000, 0x000000070ac00000|  0%| F|  |TAMS 0x000000070aa00000, 0x000000070aa00000| Untracked 
|  39|0x000000070ac00000, 0x000000070ac00000, 0x000000070ae00000|  0%| F|  |TAMS 0x000000070ac00000, 0x000000070ac00000| Untracked 
|  40|0x000000070ae00000, 0x000000070ae00000, 0x000000070b000000|  0%| F|  |TAMS 0x000000070ae00000, 0x000000070ae00000| Untracked 
|  41|0x000000070b000000, 0x000000070b000000, 0x000000070b200000|  0%| F|  |TAMS 0x000000070b000000, 0x000000070b000000| Untracked 
|  42|0x000000070b200000, 0x000000070b200000, 0x000000070b400000|  0%| F|  |TAMS 0x000000070b200000, 0x000000070b200000| Untracked 
|  43|0x000000070b400000, 0x000000070b400000, 0x000000070b600000|  0%| F|  |TAMS 0x000000070b400000, 0x000000070b400000| Untracked 
|  44|0x000000070b600000, 0x000000070b600000, 0x000000070b800000|  0%| F|  |TAMS 0x000000070b600000, 0x000000070b600000| Untracked 
|  45|0x000000070b800000, 0x000000070b800000, 0x000000070ba00000|  0%| F|  |TAMS 0x000000070b800000, 0x000000070b800000| Untracked 
|  46|0x000000070ba00000, 0x000000070ba00000, 0x000000070bc00000|  0%| F|  |TAMS 0x000000070ba00000, 0x000000070ba00000| Untracked 
|  47|0x000000070bc00000, 0x000000070bc00000, 0x000000070be00000|  0%| F|  |TAMS 0x000000070bc00000, 0x000000070bc00000| Untracked 
|  48|0x000000070be00000, 0x000000070be00000, 0x000000070c000000|  0%| F|  |TAMS 0x000000070be00000, 0x000000070be00000| Untracked 
|  49|0x000000070c000000, 0x000000070c000000, 0x000000070c200000|  0%| F|  |TAMS 0x000000070c000000, 0x000000070c000000| Untracked 
|  50|0x000000070c200000, 0x000000070c200000, 0x000000070c400000|  0%| F|  |TAMS 0x000000070c200000, 0x000000070c200000| Untracked 
|  51|0x000000070c400000, 0x000000070c400000, 0x000000070c600000|  0%| F|  |TAMS 0x000000070c400000, 0x000000070c400000| Untracked 
|  52|0x000000070c600000, 0x000000070c600000, 0x000000070c800000|  0%| F|  |TAMS 0x000000070c600000, 0x000000070c600000| Untracked 
|  53|0x000000070c800000, 0x000000070c800000, 0x000000070ca00000|  0%| F|  |TAMS 0x000000070c800000, 0x000000070c800000| Untracked 
|  54|0x000000070ca00000, 0x000000070ca00000, 0x000000070cc00000|  0%| F|  |TAMS 0x000000070ca00000, 0x000000070ca00000| Untracked 
|  55|0x000000070cc00000, 0x000000070ccc4248, 0x000000070ce00000| 38%| S|CS|TAMS 0x000000070cc00000, 0x000000070cc00000| Complete 
|  56|0x000000070ce00000, 0x000000070d000000, 0x000000070d000000|100%| S|CS|TAMS 0x000000070ce00000, 0x000000070ce00000| Complete 
|  57|0x000000070d000000, 0x000000070d200000, 0x000000070d200000|100%| S|CS|TAMS 0x000000070d000000, 0x000000070d000000| Complete 
|  58|0x000000070d200000, 0x000000070d400000, 0x000000070d400000|100%| S|CS|TAMS 0x000000070d200000, 0x000000070d200000| Complete 
|  59|0x000000070d400000, 0x000000070d600000, 0x000000070d600000|100%| S|CS|TAMS 0x000000070d400000, 0x000000070d400000| Complete 
|  60|0x000000070d600000, 0x000000070d800000, 0x000000070d800000|100%| S|CS|TAMS 0x000000070d600000, 0x000000070d600000| Complete 
|  61|0x000000070d800000, 0x000000070d800000, 0x000000070da00000|  0%| F|  |TAMS 0x000000070d800000, 0x000000070d800000| Untracked 
|  62|0x000000070da00000, 0x000000070da00000, 0x000000070dc00000|  0%| F|  |TAMS 0x000000070da00000, 0x000000070da00000| Untracked 
|  63|0x000000070dc00000, 0x000000070dc00000, 0x000000070de00000|  0%| F|  |TAMS 0x000000070dc00000, 0x000000070dc00000| Untracked 
|  64|0x000000070de00000, 0x000000070de00000, 0x000000070e000000|  0%| F|  |TAMS 0x000000070de00000, 0x000000070de00000| Untracked 
|  65|0x000000070e000000, 0x000000070e000000, 0x000000070e200000|  0%| F|  |TAMS 0x000000070e000000, 0x000000070e000000| Untracked 
|  66|0x000000070e200000, 0x000000070e200000, 0x000000070e400000|  0%| F|  |TAMS 0x000000070e200000, 0x000000070e200000| Untracked 
|  67|0x000000070e400000, 0x000000070e400000, 0x000000070e600000|  0%| F|  |TAMS 0x000000070e400000, 0x000000070e400000| Untracked 
|  68|0x000000070e600000, 0x000000070e600000, 0x000000070e800000|  0%| F|  |TAMS 0x000000070e600000, 0x000000070e600000| Untracked 
|  69|0x000000070e800000, 0x000000070e800000, 0x000000070ea00000|  0%| F|  |TAMS 0x000000070e800000, 0x000000070e800000| Untracked 
|  70|0x000000070ea00000, 0x000000070ea00000, 0x000000070ec00000|  0%| F|  |TAMS 0x000000070ea00000, 0x000000070ea00000| Untracked 
|  71|0x000000070ec00000, 0x000000070ec00000, 0x000000070ee00000|  0%| F|  |TAMS 0x000000070ec00000, 0x000000070ec00000| Untracked 
|  72|0x000000070ee00000, 0x000000070ee00000, 0x000000070f000000|  0%| F|  |TAMS 0x000000070ee00000, 0x000000070ee00000| Untracked 
|  73|0x000000070f000000, 0x000000070f000000, 0x000000070f200000|  0%| F|  |TAMS 0x000000070f000000, 0x000000070f000000| Untracked 
|  74|0x000000070f200000, 0x000000070f200000, 0x000000070f400000|  0%| F|  |TAMS 0x000000070f200000, 0x000000070f200000| Untracked 
|  75|0x000000070f400000, 0x000000070f400000, 0x000000070f600000|  0%| F|  |TAMS 0x000000070f400000, 0x000000070f400000| Untracked 
|  76|0x000000070f600000, 0x000000070f600000, 0x000000070f800000|  0%| F|  |TAMS 0x000000070f600000, 0x000000070f600000| Untracked 
|  77|0x000000070f800000, 0x000000070f800000, 0x000000070fa00000|  0%| F|  |TAMS 0x000000070f800000, 0x000000070f800000| Untracked 
|  78|0x000000070fa00000, 0x000000070fa00000, 0x000000070fc00000|  0%| F|  |TAMS 0x000000070fa00000, 0x000000070fa00000| Untracked 
|  79|0x000000070fc00000, 0x000000070fc00000, 0x000000070fe00000|  0%| F|  |TAMS 0x000000070fc00000, 0x000000070fc00000| Untracked 
|  80|0x000000070fe00000, 0x000000070fe00000, 0x0000000710000000|  0%| F|  |TAMS 0x000000070fe00000, 0x000000070fe00000| Untracked 
|  81|0x0000000710000000, 0x0000000710000000, 0x0000000710200000|  0%| F|  |TAMS 0x0000000710000000, 0x0000000710000000| Untracked 
|  82|0x0000000710200000, 0x0000000710200000, 0x0000000710400000|  0%| F|  |TAMS 0x0000000710200000, 0x0000000710200000| Untracked 
|  83|0x0000000710400000, 0x0000000710400000, 0x0000000710600000|  0%| F|  |TAMS 0x0000000710400000, 0x0000000710400000| Untracked 
|  84|0x0000000710600000, 0x0000000710600000, 0x0000000710800000|  0%| F|  |TAMS 0x0000000710600000, 0x0000000710600000| Untracked 
|  85|0x0000000710800000, 0x0000000710800000, 0x0000000710a00000|  0%| F|  |TAMS 0x0000000710800000, 0x0000000710800000| Untracked 
|  86|0x0000000710a00000, 0x0000000710a00000, 0x0000000710c00000|  0%| F|  |TAMS 0x0000000710a00000, 0x0000000710a00000| Untracked 
|  87|0x0000000710c00000, 0x0000000710c00000, 0x0000000710e00000|  0%| F|  |TAMS 0x0000000710c00000, 0x0000000710c00000| Untracked 
|  88|0x0000000710e00000, 0x0000000710e00000, 0x0000000711000000|  0%| F|  |TAMS 0x0000000710e00000, 0x0000000710e00000| Untracked 
|  89|0x0000000711000000, 0x0000000711000000, 0x0000000711200000|  0%| F|  |TAMS 0x0000000711000000, 0x0000000711000000| Untracked 
|  90|0x0000000711200000, 0x0000000711200000, 0x0000000711400000|  0%| F|  |TAMS 0x0000000711200000, 0x0000000711200000| Untracked 
|  91|0x0000000711400000, 0x0000000711600000, 0x0000000711600000|100%| E|  |TAMS 0x0000000711400000, 0x0000000711400000| Complete 
|  92|0x0000000711600000, 0x0000000711800000, 0x0000000711800000|100%| E|CS|TAMS 0x0000000711600000, 0x0000000711600000| Complete 
|  93|0x0000000711800000, 0x0000000711a00000, 0x0000000711a00000|100%| E|CS|TAMS 0x0000000711800000, 0x0000000711800000| Complete 
|  94|0x0000000711a00000, 0x0000000711c00000, 0x0000000711c00000|100%| E|CS|TAMS 0x0000000711a00000, 0x0000000711a00000| Complete 
|  95|0x0000000711c00000, 0x0000000711e00000, 0x0000000711e00000|100%| E|CS|TAMS 0x0000000711c00000, 0x0000000711c00000| Complete 
|  96|0x0000000711e00000, 0x0000000712000000, 0x0000000712000000|100%| E|CS|TAMS 0x0000000711e00000, 0x0000000711e00000| Complete 
|  97|0x0000000712000000, 0x0000000712200000, 0x0000000712200000|100%| E|CS|TAMS 0x0000000712000000, 0x0000000712000000| Complete 
|  98|0x0000000712200000, 0x0000000712400000, 0x0000000712400000|100%| E|CS|TAMS 0x0000000712200000, 0x0000000712200000| Complete 
|  99|0x0000000712400000, 0x0000000712600000, 0x0000000712600000|100%| E|CS|TAMS 0x0000000712400000, 0x0000000712400000| Complete 
| 100|0x0000000712600000, 0x0000000712800000, 0x0000000712800000|100%| E|CS|TAMS 0x0000000712600000, 0x0000000712600000| Complete 
| 101|0x0000000712800000, 0x0000000712a00000, 0x0000000712a00000|100%| E|CS|TAMS 0x0000000712800000, 0x0000000712800000| Complete 
| 102|0x0000000712a00000, 0x0000000712c00000, 0x0000000712c00000|100%| E|CS|TAMS 0x0000000712a00000, 0x0000000712a00000| Complete 
| 103|0x0000000712c00000, 0x0000000712e00000, 0x0000000712e00000|100%| E|CS|TAMS 0x0000000712c00000, 0x0000000712c00000| Complete 
| 104|0x0000000712e00000, 0x0000000713000000, 0x0000000713000000|100%| E|CS|TAMS 0x0000000712e00000, 0x0000000712e00000| Complete 
| 105|0x0000000713000000, 0x0000000713200000, 0x0000000713200000|100%| E|CS|TAMS 0x0000000713000000, 0x0000000713000000| Complete 
| 106|0x0000000713200000, 0x0000000713400000, 0x0000000713400000|100%| E|CS|TAMS 0x0000000713200000, 0x0000000713200000| Complete 
| 107|0x0000000713400000, 0x0000000713600000, 0x0000000713600000|100%| E|CS|TAMS 0x0000000713400000, 0x0000000713400000| Complete 
| 108|0x0000000713600000, 0x0000000713800000, 0x0000000713800000|100%| E|CS|TAMS 0x0000000713600000, 0x0000000713600000| Complete 
| 109|0x0000000713800000, 0x0000000713a00000, 0x0000000713a00000|100%| E|CS|TAMS 0x0000000713800000, 0x0000000713800000| Complete 
| 110|0x0000000713a00000, 0x0000000713c00000, 0x0000000713c00000|100%| E|CS|TAMS 0x0000000713a00000, 0x0000000713a00000| Complete 
| 111|0x0000000713c00000, 0x0000000713e00000, 0x0000000713e00000|100%| E|CS|TAMS 0x0000000713c00000, 0x0000000713c00000| Complete 
| 112|0x0000000713e00000, 0x0000000714000000, 0x0000000714000000|100%| E|CS|TAMS 0x0000000713e00000, 0x0000000713e00000| Complete 
| 113|0x0000000714000000, 0x0000000714200000, 0x0000000714200000|100%| E|CS|TAMS 0x0000000714000000, 0x0000000714000000| Complete 
| 114|0x0000000714200000, 0x0000000714400000, 0x0000000714400000|100%| E|CS|TAMS 0x0000000714200000, 0x0000000714200000| Complete 
| 115|0x0000000714400000, 0x0000000714600000, 0x0000000714600000|100%| E|CS|TAMS 0x0000000714400000, 0x0000000714400000| Complete 
| 116|0x0000000714600000, 0x0000000714800000, 0x0000000714800000|100%| E|CS|TAMS 0x0000000714600000, 0x0000000714600000| Complete 
| 117|0x0000000714800000, 0x0000000714a00000, 0x0000000714a00000|100%| E|CS|TAMS 0x0000000714800000, 0x0000000714800000| Complete 
| 118|0x0000000714a00000, 0x0000000714c00000, 0x0000000714c00000|100%| E|CS|TAMS 0x0000000714a00000, 0x0000000714a00000| Complete 
| 119|0x0000000714c00000, 0x0000000714e00000, 0x0000000714e00000|100%| E|CS|TAMS 0x0000000714c00000, 0x0000000714c00000| Complete 
| 120|0x0000000714e00000, 0x0000000715000000, 0x0000000715000000|100%| E|CS|TAMS 0x0000000714e00000, 0x0000000714e00000| Complete 
| 121|0x0000000715000000, 0x0000000715200000, 0x0000000715200000|100%| E|CS|TAMS 0x0000000715000000, 0x0000000715000000| Complete 
| 122|0x0000000715200000, 0x0000000715400000, 0x0000000715400000|100%| E|CS|TAMS 0x0000000715200000, 0x0000000715200000| Complete 
| 123|0x0000000715400000, 0x0000000715600000, 0x0000000715600000|100%| E|CS|TAMS 0x0000000715400000, 0x0000000715400000| Complete 
| 124|0x0000000715600000, 0x0000000715800000, 0x0000000715800000|100%| E|CS|TAMS 0x0000000715600000, 0x0000000715600000| Complete 
| 125|0x0000000715800000, 0x0000000715a00000, 0x0000000715a00000|100%| E|CS|TAMS 0x0000000715800000, 0x0000000715800000| Complete 
| 126|0x0000000715a00000, 0x0000000715c00000, 0x0000000715c00000|100%| E|CS|TAMS 0x0000000715a00000, 0x0000000715a00000| Complete 
| 127|0x0000000715c00000, 0x0000000715e00000, 0x0000000715e00000|100%| E|CS|TAMS 0x0000000715c00000, 0x0000000715c00000| Complete 
| 128|0x0000000715e00000, 0x0000000716000000, 0x0000000716000000|100%| E|CS|TAMS 0x0000000715e00000, 0x0000000715e00000| Complete 
| 129|0x0000000716000000, 0x0000000716200000, 0x0000000716200000|100%| E|CS|TAMS 0x0000000716000000, 0x0000000716000000| Complete 
| 130|0x0000000716200000, 0x0000000716400000, 0x0000000716400000|100%| E|CS|TAMS 0x0000000716200000, 0x0000000716200000| Complete 
| 131|0x0000000716400000, 0x0000000716600000, 0x0000000716600000|100%| E|CS|TAMS 0x0000000716400000, 0x0000000716400000| Complete 
| 132|0x0000000716600000, 0x0000000716800000, 0x0000000716800000|100%| E|CS|TAMS 0x0000000716600000, 0x0000000716600000| Complete 
| 133|0x0000000716800000, 0x0000000716a00000, 0x0000000716a00000|100%| E|CS|TAMS 0x0000000716800000, 0x0000000716800000| Complete 
| 134|0x0000000716a00000, 0x0000000716c00000, 0x0000000716c00000|100%| E|CS|TAMS 0x0000000716a00000, 0x0000000716a00000| Complete 
| 135|0x0000000716c00000, 0x0000000716e00000, 0x0000000716e00000|100%| E|CS|TAMS 0x0000000716c00000, 0x0000000716c00000| Complete 
| 136|0x0000000716e00000, 0x0000000717000000, 0x0000000717000000|100%| E|CS|TAMS 0x0000000716e00000, 0x0000000716e00000| Complete 
| 137|0x0000000717000000, 0x0000000717200000, 0x0000000717200000|100%| E|CS|TAMS 0x0000000717000000, 0x0000000717000000| Complete 
| 138|0x0000000717200000, 0x0000000717400000, 0x0000000717400000|100%| E|CS|TAMS 0x0000000717200000, 0x0000000717200000| Complete 
| 139|0x0000000717400000, 0x0000000717600000, 0x0000000717600000|100%| E|CS|TAMS 0x0000000717400000, 0x0000000717400000| Complete 
| 140|0x0000000717600000, 0x0000000717800000, 0x0000000717800000|100%| E|CS|TAMS 0x0000000717600000, 0x0000000717600000| Complete 
| 141|0x0000000717800000, 0x0000000717a00000, 0x0000000717a00000|100%| E|CS|TAMS 0x0000000717800000, 0x0000000717800000| Complete 
| 142|0x0000000717a00000, 0x0000000717c00000, 0x0000000717c00000|100%| E|CS|TAMS 0x0000000717a00000, 0x0000000717a00000| Complete 
| 143|0x0000000717c00000, 0x0000000717e00000, 0x0000000717e00000|100%| E|CS|TAMS 0x0000000717c00000, 0x0000000717c00000| Complete 
| 144|0x0000000717e00000, 0x0000000718000000, 0x0000000718000000|100%| E|CS|TAMS 0x0000000717e00000, 0x0000000717e00000| Complete 
| 145|0x0000000718000000, 0x0000000718200000, 0x0000000718200000|100%| E|CS|TAMS 0x0000000718000000, 0x0000000718000000| Complete 
| 146|0x0000000718200000, 0x0000000718400000, 0x0000000718400000|100%| E|CS|TAMS 0x0000000718200000, 0x0000000718200000| Complete 
| 147|0x0000000718400000, 0x0000000718600000, 0x0000000718600000|100%| E|CS|TAMS 0x0000000718400000, 0x0000000718400000| Complete 
| 148|0x0000000718600000, 0x0000000718800000, 0x0000000718800000|100%| E|CS|TAMS 0x0000000718600000, 0x0000000718600000| Complete 
| 149|0x0000000718800000, 0x0000000718a00000, 0x0000000718a00000|100%| E|CS|TAMS 0x0000000718800000, 0x0000000718800000| Complete 
| 150|0x0000000718a00000, 0x0000000718c00000, 0x0000000718c00000|100%| E|CS|TAMS 0x0000000718a00000, 0x0000000718a00000| Complete 
| 151|0x0000000718c00000, 0x0000000718e00000, 0x0000000718e00000|100%| E|CS|TAMS 0x0000000718c00000, 0x0000000718c00000| Complete 

Card table byte_map: [0x00000211da3d0000,0x00000211dabb0000] _byte_map_base: 0x00000211d6ba1000

Marking Bits (Prev, Next): (CMBitMap*) 0x00000211c2498e50, (CMBitMap*) 0x00000211c2498e90
 Prev Bits: [0x00000211db390000, 0x00000211df218000)
 Next Bits: [0x00000211df220000, 0x00000211e30a8000)

Polling page: 0x00000211c03a0000

Metaspace:

Usage:
  Non-class:     12.95 MB used.
      Class:      1.47 MB used.
       Both:     14.42 MB used.

Virtual space:
  Non-class space:       64.00 MB reserved,      13.06 MB ( 20%) committed,  1 nodes.
      Class space:        1.00 GB reserved,       1.56 MB ( <1%) committed,  1 nodes.
             Both:        1.06 GB reserved,      14.62 MB (  1%) committed. 

Chunk freelists:
   Non-Class:  2.01 MB
       Class:  2.26 MB
        Both:  4.27 MB

MaxMetaspaceSize: unlimited
CompressedClassSpaceSize: 1.00 GB
Initial GC threshold: 21.00 MB
Current GC threshold: 21.00 MB
CDS: on
MetaspaceReclaimPolicy: balanced
 - commit_granule_bytes: 65536.
 - commit_granule_words: 8192.
 - virtual_space_node_default_size: 8388608.
 - enlarge_chunks_in_place: 1.
 - new_chunks_are_fully_committed: 0.
 - uncommit_free_chunks: 1.
 - use_allocation_guard: 0.


Internal statistics:

num_allocs_failed_limit: 0.
num_arena_births: 296.
num_arena_deaths: 0.
num_vsnodes_births: 2.
num_vsnodes_deaths: 0.
num_space_committed: 234.
num_space_uncommitted: 0.
num_chunks_returned_to_freelist: 0.
num_chunks_taken_from_freelist: 775.
num_chunk_merges: 0.
num_chunk_splits: 526.
num_chunks_enlarged: 361.
num_inconsistent_stats: 0.

CodeHeap 'non-profiled nmethods': size=119168Kb used=2290Kb max_used=2290Kb free=116877Kb
 bounds [0x00000211d1f10000, 0x00000211d2180000, 0x00000211d9370000]
CodeHeap 'profiled nmethods': size=119104Kb used=6929Kb max_used=6929Kb free=112174Kb
 bounds [0x00000211ca370000, 0x00000211caa40000, 0x00000211d17c0000]
CodeHeap 'non-nmethods': size=7488Kb used=2457Kb max_used=3079Kb free=5030Kb
 bounds [0x00000211d17c0000, 0x00000211d1ad0000, 0x00000211d1f10000]
 total_blobs=4112 nmethods=3551 adapters=469
 compilation: enabled
              stopped_count=0, restarted_count=0
 full_count=0

Compilation events (20 events):
Event: 2.282 Thread 0x00000211ea51eb90 3536       3       java.lang.invoke.LambdaForm$MH/0x00000008011b9000::invoke (42 bytes)
Event: 2.282 Thread 0x00000211ea521d50 nmethod 3535 0x00000211caa2b710 code [0x00000211caa2b940, 0x00000211caa2c2d8]
Event: 2.282 Thread 0x00000211ea51eb90 nmethod 3536 0x00000211caa2c590 code [0x00000211caa2c7c0, 0x00000211caa2d078]
Event: 2.283 Thread 0x00000211eab22870 3538       4       com.fasterxml.jackson.core.json.UTF8JsonGenerator::_verifyValueWrite (143 bytes)
Event: 2.283 Thread 0x00000211e5d183d0 nmethod 3537 0x00000211d2147790 code [0x00000211d2147920, 0x00000211d2147af8]
Event: 2.283 Thread 0x00000211e5d183d0 3539       4       com.fasterxml.jackson.core.json.JsonWriteContext::writeValue (90 bytes)
Event: 2.283 Thread 0x00000211e5d183d0 nmethod 3539 0x00000211d2147c10 code [0x00000211d2147da0, 0x00000211d2147e58]
Event: 2.283 Thread 0x00000211e5d183d0 3541       4       java.lang.Long::getChars (195 bytes)
Event: 2.284 Thread 0x00000211eab22870 nmethod 3538 0x00000211d2147f10 code [0x00000211d21480a0, 0x00000211d2148218]
Event: 2.284 Thread 0x00000211eab22870 3540       4       com.fasterxml.jackson.core.json.JsonWriteContext::writeFieldName (56 bytes)
Event: 2.284 Thread 0x00000211eab22870 nmethod 3540 0x00000211d2148410 code [0x00000211d21485a0, 0x00000211d2148758]
Event: 2.284 Thread 0x00000211eab22870 3543       4       jdk.internal.reflect.DirectMethodHandleAccessor::checkArgumentCount (59 bytes)
Event: 2.285 Thread 0x00000211ea7e6b80 nmethod 3519 0x00000211d2148810 code [0x00000211d2148a40, 0x00000211d2149100]
Event: 2.285 Thread 0x00000211ea7e6b80 3542       4       com.fasterxml.jackson.databind.ser.BeanPropertyWriter::serializeAsField (214 bytes)
Event: 2.285 Thread 0x00000211eab22870 nmethod 3543 0x00000211d2149890 code [0x00000211d2149a20, 0x00000211d2149ab8]
Event: 2.285 Thread 0x00000211eab22870 3544       4       com.fasterxml.jackson.core.json.UTF8JsonGenerator::writeFieldName (202 bytes)
Event: 2.286 Thread 0x00000211ea521d50 3548       3       unitted_states_of_mankind.utilsTest.UtilsBalanceTest$$Lambda$75/0x00000008011bf288::apply (11 bytes)
Event: 2.286 Thread 0x00000211e5d15640 3549       3       java.util.Collections$ReverseComparator2::compare (12 bytes)
Event: 2.286 Thread 0x00000211ea521d50 nmethod 3548 0x00000211caa2d310 code [0x00000211caa2d4c0, 0x00000211caa2d728]
Event: 2.286 Thread 0x00000211e5d15640 nmethod 3549 0x00000211caa2d810 code [0x00000211caa2d9c0, 0x00000211caa2dba8]

GC Heap History (20 events):
Event: 0.269 GC heap before
{Heap before GC invocations=0 (full 0):
 garbage-first heap   total 258048K, used 20480K [0x0000000705e00000, 0x0000000800000000)
  region size 2048K, 11 young (22528K), 0 survivors (0K)
 Metaspace       used 3570K, committed 3776K, reserved 1114112K
  class space    used 328K, committed 448K, reserved 1048576K
}
Event: 0.271 GC heap after
{Heap after GC invocations=1 (full 0):
 garbage-first heap   total 258048K, used 7486K [0x0000000705e00000, 0x0000000800000000)
  region size 2048K, 2 young (4096K), 2 survivors (4096K)
 Metaspace       used 3570K, committed 3776K, reserved 1114112K
  class space    used 328K, committed 448K, reserved 1048576K
}
Event: 0.505 GC heap before
{Heap before GC invocations=1 (full 0):
 garbage-first heap   total 258048K, used 30014K [0x0000000705e00000, 0x0000000800000000)
  region size 2048K, 13 young (26624K), 2 survivors (4096K)
 Metaspace       used 7903K, committed 8064K, reserved 1114112K
  class space    used 777K, committed 832K, reserved 1048576K
}
Event: 0.508 GC heap after
{Heap after GC invocations=2 (full 0):
 garbage-first heap   total 258048K, used 11148K [0x0000000705e00000, 0x0000000800000000)
  region size 2048K, 2 young (4096K), 2 survivors (4096K)
 Metaspace       used 7903K, committed 8064K, reserved 1114112K
  class space    used 777K, committed 832K, reserved 1048576K
}
Event: 0.929 GC heap before
{Heap before GC invocations=2 (full 0):
 garbage-first heap   total 258048K, used 60300K [0x0000000705e00000, 0x0000000800000000)
  region size 2048K, 26 young (53248K), 2 survivors (4096K)
 Metaspace       used 12298K, committed 12480K, reserved 1114112K
  class space    used 1307K, committed 1408K, reserved 1048576K
}
Event: 0.933 GC heap after
{Heap after GC invocations=3 (full 0):
 garbage-first heap   total 258048K, used 16384K [0x0000000705e00000, 0x0000000800000000)
  region size 2048K, 4 young (8192K), 4 survivors (8192K)
 Metaspace       used 12298K, committed 12480K, reserved 1114112K
  class space    used 1307K, committed 1408K, reserved 1048576K
}
Event: 1.326 GC heap before
{Heap before GC invocations=3 (full 0):
 garbage-first heap   total 258048K, used 159744K [0x0000000705e00000, 0x0000000800000000)
  region size 2048K, 75 young (153600K), 4 survivors (8192K)
 Metaspace       used 14296K, committed 14528K, reserved 1114112K
  class space    used 1468K, committed 1600K, reserved 1048576K
}
Event: 1.329 GC heap after
{Heap after GC invocations=4 (full 0):
 garbage-first heap   total 258048K, used 19113K [0x0000000705e00000, 0x0000000800000000)
  region size 2048K, 6 young (12288K), 6 survivors (12288K)
 Metaspace       used 14296K, committed 14528K, reserved 1114112K
  class space    used 1468K, committed 1600K, reserved 1048576K
}
Event: 1.454 GC heap before
{Heap before GC invocations=4 (full 0):
 garbage-first heap   total 258048K, used 160425K [0x0000000705e00000, 0x0000000800000000)
  region size 2048K, 75 young (153600K), 6 survivors (12288K)
 Metaspace       used 14385K, committed 14656K, reserved 1114112K
  class space    used 1468K, committed 1600K, reserved 1048576K
}
Event: 1.457 GC heap after
{Heap after GC invocations=5 (full 0):
 garbage-first heap   total 258048K, used 19310K [0x0000000705e00000, 0x0000000800000000)
  region size 2048K, 6 young (12288K), 6 survivors (12288K)
 Metaspace       used 14385K, committed 14656K, reserved 1114112K
  class space    used 1468K, committed 1600K, reserved 1048576K
}
Event: 1.598 GC heap before
{Heap before GC invocations=5 (full 0):
 garbage-first heap   total 258048K, used 160622K [0x0000000705e00000, 0x0000000800000000)
  region size 2048K, 75 young (153600K), 6 survivors (12288K)
 Metaspace       used 14385K, committed 14656K, reserved 1114112K
  class space    used 1468K, committed 1600K, reserved 1048576K
}
Event: 1.601 GC heap after
{Heap after GC invocations=6 (full 0):
 garbage-first heap   total 258048K, used 19368K [0x0000000705e00000, 0x0000000800000000)
  region size 2048K, 6 young (12288K), 6 survivors (12288K)
 Metaspace       used 14385K, committed 14656K, reserved 1114112K
  class space    used 1468K, committed 1600K, reserved 1048576K
}
Event: 1.725 GC heap before
{Heap before GC invocations=6 (full 0):
 garbage-first heap   total 258048K, used 160680K [0x0000000705e00000, 0x0000000800000000)
  region size 2048K, 75 young (153600K), 6 survivors (12288K)
 Metaspace       used 14389K, committed 14656K, reserved 1114112K
  class space    used 1468K, committed 1600K, reserved 1048576K
}
Event: 1.728 GC heap after
{Heap after GC invocations=7 (full 0):
 garbage-first heap   total 258048K, used 19388K [0x0000000705e00000, 0x0000000800000000)
  region size 2048K, 6 young (12288K), 6 survivors (12288K)
 Metaspace       used 14389K, committed 14656K, reserved 1114112K
  class space    used 1468K, committed 1600K, reserved 1048576K
}
Event: 1.857 GC heap before
{Heap before GC invocations=7 (full 0):
 garbage-first heap   total 258048K, used 160700K [0x0000000705e00000, 0x0000000800000000)
  region size 2048K, 75 young (153600K), 6 survivors (12288K)
 Metaspace       used 14389K, committed 14656K, reserved 1114112K
  class space    used 1468K, committed 1600K, reserved 1048576K
}
Event: 1.860 GC heap after
{Heap after GC invocations=8 (full 0):
 garbage-first heap   total 311296K, used 19696K [0x0000000705e00000, 0x0000000800000000)
  region size 2048K, 6 young (12288K), 6 survivors (12288K)
 Metaspace       used 14389K, committed 14656K, reserved 1114112K
  class space    used 1468K, committed 1600K, reserved 1048576K
}
Event: 2.010 GC heap before
{Heap before GC invocations=8 (full 0):
 garbage-first heap   total 311296K, used 193776K [0x0000000705e00000, 0x0000000800000000)
  region size 2048K, 91 young (186368K), 6 survivors (12288K)
 Metaspace       used 14389K, committed 14656K, reserved 1114112K
  class space    used 1468K, committed 1600K, reserved 1048576K
}
Event: 2.016 GC heap after
{Heap after GC invocations=9 (full 0):
 garbage-first heap   total 311296K, used 19246K [0x0000000705e00000, 0x0000000800000000)
  region size 2048K, 6 young (12288K), 6 survivors (12288K)
 Metaspace       used 14389K, committed 14656K, reserved 1114112K
  class space    used 1468K, committed 1600K, reserved 1048576K
}
Event: 2.163 GC heap before
{Heap before GC invocations=9 (full 0):
 garbage-first heap   total 311296K, used 193326K [0x0000000705e00000, 0x0000000800000000)
  region size 2048K, 91 young (186368K), 6 survivors (12288K)
 Metaspace       used 14389K, committed 14656K, reserved 1114112K
  class space    used 1468K, committed 1600K, reserved 1048576K
}
Event: 2.165 GC heap after
{Heap after GC invocations=10 (full 0):
 garbage-first heap   total 311296K, used 19216K [0x0000000705e00000, 0x0000000800000000)
  region size 2048K, 6 young (12288K), 6 survivors (12288K)
 Metaspace       used 14389K, committed 14656K, reserved 1114112K
  class space    used 1468K, committed 1600K, reserved 1048576K
}

Dll operation events (12 events):
Event: 0.005 Loaded shared library C:\Program Files\Java\jdk-19\bin\java.dll
Event: 0.011 Loaded shared library C:\Program Files\Java\jdk-19\bin\jsvml.dll
Event: 0.068 Loaded shared library C:\Program Files\Java\jdk-19\bin\zip.dll
Event: 0.069 Loaded shared library C:\Program Files\Java\jdk-19\bin\instrument.dll
Event: 0.072 Loaded shared library C:\Program Files\Java\jdk-19\bin\net.dll
Event: 0.073 Loaded shared library C:\Program Files\Java\jdk-19\bin\nio.dll
Event: 0.075 Loaded shared library C:\Program Files\Java\jdk-19\bin\zip.dll
Event: 0.081 Loaded shared library C:\Program Files\JetBrains\IntelliJ IDEA 2022.1.2\bin\breakgen64.dll
Event: 0.085 Loaded shared library C:\Program Files\Java\jdk-19\bin\extnet.dll
Event: 0.122 Loaded shared library C:\Program Files\Java\jdk-19\bin\verify.dll
Event: 0.281 Loaded shared library C:\Program Files\Java\jdk-19\bin\jimage.dll
Event: 0.863 Loaded shared library C:\Program Files\Java\jdk-19\bin\sunmscapi.dll

Deoptimization events (20 events):
Event: 1.735 Thread 0x00000211c24262b0 DEOPT PACKING pc=0x00000211ca96bf93 sp=0x00000095b48fddd0
Event: 1.735 Thread 0x00000211c24262b0 DEOPT UNPACKING pc=0x00000211d1827543 sp=0x00000095b48fd280 mode 0
Event: 1.846 Thread 0x00000211c24262b0 DEOPT PACKING pc=0x00000211ca8d4d79 sp=0x00000095b48fdd90
Event: 1.846 Thread 0x00000211c24262b0 DEOPT UNPACKING pc=0x00000211d1827543 sp=0x00000095b48fd220 mode 0
Event: 2.265 Thread 0x00000211c24262b0 Uncommon trap: trap_request=0xffffffc6 fr.pc=0x00000211d1fed684 relative=0x0000000000000324
Event: 2.265 Thread 0x00000211c24262b0 Uncommon trap: reason=bimorphic_or_optimized_type_check action=maybe_recompile pc=0x00000211d1fed684 method=java.util.HashMap.getNode(Ljava/lang/Object;)Ljava/util/HashMap$Node; @ 128 c2
Event: 2.265 Thread 0x00000211c24262b0 DEOPT PACKING pc=0x00000211d1fed684 sp=0x00000095b48fda90
Event: 2.265 Thread 0x00000211c24262b0 DEOPT UNPACKING pc=0x00000211d1826da3 sp=0x00000095b48fd9f8 mode 2
Event: 2.265 Thread 0x00000211c24262b0 Uncommon trap: trap_request=0xffffffc6 fr.pc=0x00000211d1fed684 relative=0x0000000000000324
Event: 2.265 Thread 0x00000211c24262b0 Uncommon trap: reason=bimorphic_or_optimized_type_check action=maybe_recompile pc=0x00000211d1fed684 method=java.util.HashMap.getNode(Ljava/lang/Object;)Ljava/util/HashMap$Node; @ 128 c2
Event: 2.265 Thread 0x00000211c24262b0 DEOPT PACKING pc=0x00000211d1fed684 sp=0x00000095b48fda90
Event: 2.265 Thread 0x00000211c24262b0 DEOPT UNPACKING pc=0x00000211d1826da3 sp=0x00000095b48fd9f8 mode 2
Event: 2.265 Thread 0x00000211c24262b0 Uncommon trap: trap_request=0xffffffc6 fr.pc=0x00000211d1fed684 relative=0x0000000000000324
Event: 2.265 Thread 0x00000211c24262b0 Uncommon trap: reason=bimorphic_or_optimized_type_check action=maybe_recompile pc=0x00000211d1fed684 method=java.util.HashMap.getNode(Ljava/lang/Object;)Ljava/util/HashMap$Node; @ 128 c2
Event: 2.265 Thread 0x00000211c24262b0 DEOPT PACKING pc=0x00000211d1fed684 sp=0x00000095b48fda90
Event: 2.265 Thread 0x00000211c24262b0 DEOPT UNPACKING pc=0x00000211d1826da3 sp=0x00000095b48fd9f8 mode 2
Event: 2.274 Thread 0x00000211c24262b0 Uncommon trap: trap_request=0xffffff45 fr.pc=0x00000211d1f80004 relative=0x0000000000000064
Event: 2.274 Thread 0x00000211c24262b0 Uncommon trap: reason=unstable_if action=reinterpret pc=0x00000211d1f80004 method=jdk.internal.reflect.DirectMethodHandleAccessor.checkArgumentCount(I[Ljava/lang/Object;)V @ 7 c2
Event: 2.274 Thread 0x00000211c24262b0 DEOPT PACKING pc=0x00000211d1f80004 sp=0x00000095b48fdcd0
Event: 2.274 Thread 0x00000211c24262b0 DEOPT UNPACKING pc=0x00000211d1826da3 sp=0x00000095b48fdc58 mode 2

Classes loaded (20 events):
Event: 1.281 Loading class java/time/zone/TzdbZoneRulesProvider
Event: 1.281 Loading class java/time/zone/TzdbZoneRulesProvider done
Event: 1.297 Loading class java/time/zone/Ser
Event: 1.297 Loading class java/time/zone/Ser done
Event: 1.297 Loading class sun/util/cldr/CLDRBaseLocaleDataMetaInfo$TZCanonicalIDMapHolder
Event: 1.297 Loading class sun/util/cldr/CLDRBaseLocaleDataMetaInfo$TZCanonicalIDMapHolder done
Event: 1.298 Loading class sun/util/resources/TimeZoneNames
Event: 1.298 Loading class sun/util/resources/TimeZoneNames done
Event: 1.298 Loading class sun/util/resources/TimeZoneNames_en
Event: 1.298 Loading class sun/util/resources/TimeZoneNames_en done
Event: 2.266 Loading class java/lang/Class$EnclosingMethodInfo
Event: 2.266 Loading class java/lang/Class$EnclosingMethodInfo done
Event: 2.284 Loading class java/io/FileOutputStream$1
Event: 2.285 Loading class java/io/FileOutputStream$1 done
Event: 2.285 Loading class java/util/Collections$ReverseComparator
Event: 2.285 Loading class java/util/Collections$ReverseComparator done
Event: 2.285 Loading class java/util/Comparators$NaturalOrderComparator
Event: 2.285 Loading class java/util/Comparators$NaturalOrderComparator done
Event: 2.285 Loading class java/util/Collections$ReverseComparator2
Event: 2.285 Loading class java/util/Collections$ReverseComparator2 done

Classes unloaded (0 events):
No events

Classes redefined (0 events):
No events

Internal exceptions (20 events):
Event: 0.206 Thread 0x00000211c24262b0 Exception <a 'java/lang/NoSuchMethodError'{0x0000000714dbfd48}: 'long java.lang.invoke.DirectMethodHandle$Holder.invokeSpecial(java.lang.Object, java.lang.Object)'> (0x0000000714dbfd48) 
thrown [s\open\src\hotspot\share\interpreter\linkResolver.cpp, line 774]
Event: 0.206 Thread 0x00000211c24262b0 Exception <a 'java/lang/NoSuchMethodError'{0x0000000714dc3508}: 'long java.lang.invoke.Invokers$Holder.invokeExact_MT(java.lang.Object, java.lang.Object)'> (0x0000000714dc3508) 
thrown [s\open\src\hotspot\share\interpreter\linkResolver.cpp, line 774]
Event: 0.214 Thread 0x00000211c24262b0 Exception <a 'java/lang/NoSuchMethodError'{0x0000000714df9b10}: 'void java.lang.invoke.DirectMethodHandle$Holder.invokeVirtual(java.lang.Object, java.lang.Object)'> (0x0000000714df9b10) 
thrown [s\open\src\hotspot\share\interpreter\linkResolver.cpp, line 774]
Event: 0.214 Thread 0x00000211c24262b0 Exception <a 'java/lang/NoSuchMethodError'{0x0000000714dfd520}: 'void java.lang.invoke.DirectMethodHandle$Holder.invokeSpecial(java.lang.Object, java.lang.Object, java.lang.Object)'> (0x0000000714dfd520) 
thrown [s\open\src\hotspot\share\interpreter\linkResolver.cpp, line 774]
Event: 0.393 Thread 0x00000211c24262b0 Exception <a 'java/lang/NoSuchMethodError'{0x0000000714daca18}: 'void java.lang.invoke.DirectMethodHandle$Holder.invokeVirtual(java.lang.Object, java.lang.Object, double)'> (0x0000000714daca18) 
thrown [s\open\src\hotspot\share\interpreter\linkResolver.cpp, line 774]
Event: 0.394 Thread 0x00000211c24262b0 Exception <a 'java/lang/NoSuchMethodError'{0x0000000714db8228}: 'double java.lang.invoke.DelegatingMethodHandle$Holder.reinvoke_L(java.lang.Object, java.lang.Object, int)'> (0x0000000714db8228) 
thrown [s\open\src\hotspot\share\interpreter\linkResolver.cpp, line 774]
Event: 0.395 Thread 0x00000211c24262b0 Exception <a 'java/lang/NoSuchMethodError'{0x0000000714dca608}: 'java.lang.Object java.lang.invoke.DirectMethodHandle$Holder.invokeStatic(java.lang.Object, java.lang.Object, java.lang.Object, java.lang.Object, int)'> (0x0000000714dca608) 
thrown [s\open\src\hotspot\share\interpreter\linkResolver.cpp, line 774]
Event: 0.396 Thread 0x00000211c24262b0 Exception <a 'java/lang/NoSuchMethodError'{0x0000000714dd5fe8}: 'void java.lang.invoke.DelegatingMethodHandle$Holder.reinvoke_L(java.lang.Object, java.lang.Object, double)'> (0x0000000714dd5fe8) 
thrown [s\open\src\hotspot\share\interpreter\linkResolver.cpp, line 774]
Event: 0.399 Thread 0x00000211c24262b0 Exception <a 'java/lang/NoSuchMethodError'{0x0000000714df75a0}: 'void java.lang.invoke.DirectMethodHandle$Holder.invokeSpecial(java.lang.Object, java.lang.Object, long)'> (0x0000000714df75a0) 
thrown [s\open\src\hotspot\share\interpreter\linkResolver.cpp, line 774]
Event: 0.399 Thread 0x00000211c24262b0 Exception <a 'java/lang/NoSuchMethodError'{0x0000000714dfb578}: 'long java.lang.invoke.DirectMethodHandle$Holder.invokeStatic(java.lang.Object, java.lang.Object, int)'> (0x0000000714dfb578) 
thrown [s\open\src\hotspot\share\interpreter\linkResolver.cpp, line 774]
Event: 0.400 Thread 0x00000211c24262b0 Exception <a 'java/lang/NoSuchMethodError'{0x0000000714a06c10}: 'void java.lang.invoke.DelegatingMethodHandle$Holder.reinvoke_L(java.lang.Object, java.lang.Object, long)'> (0x0000000714a06c10) 
thrown [s\open\src\hotspot\share\interpreter\linkResolver.cpp, line 774]
Event: 0.401 Thread 0x00000211c24262b0 Exception <a 'java/lang/NoSuchMethodError'{0x0000000714a15150}: 'void java.lang.invoke.DirectMethodHandle$Holder.invokeSpecial(java.lang.Object, java.lang.Object, double)'> (0x0000000714a15150) 
thrown [s\open\src\hotspot\share\interpreter\linkResolver.cpp, line 774]
Event: 0.466 Thread 0x00000211c24262b0 Exception <a 'java/lang/NoSuchMethodError'{0x00000007144d54a0}: 'java.lang.Object java.lang.invoke.Invokers$Holder.invokeExact_MT(java.lang.Object, java.lang.Object, java.lang.Object, java.lang.Object, java.lang.Object, java.lang.Object)'> (0x00000007144d54a0) 
thrown [s\open\src\hotspot\share\interpreter\linkResolver.cpp, line 774]
Event: 0.504 Thread 0x00000211c24262b0 Implicit null exception at 0x00000211d1fa2686 to 0x00000211d1fa2834
Event: 0.504 Thread 0x00000211c24262b0 Implicit null exception at 0x00000211d1f872ef to 0x00000211d1f87740
Event: 0.727 Thread 0x00000211c24262b0 Implicit null exception at 0x00000211d1f629d8 to 0x00000211d1f62a6e
Event: 0.728 Thread 0x00000211c24262b0 Implicit null exception at 0x00000211d1fcac2f to 0x00000211d1fcaca9
Event: 1.014 Thread 0x00000211c24262b0 Exception <a 'java/lang/NoSuchMethodError'{0x000000071483f050}: 'java.lang.Object java.lang.invoke.DirectMethodHandle$Holder.invokeStatic(java.lang.Object, java.lang.Object, java.lang.Object, java.lang.Object, java.lang.Object, java.lang.Object, java.lang.Object, java.lang.Object, java.lang.Object, java.lang.Object, java.lang.Object, java.lang.Object, java.lang.Object)'> (0x000000071483f050) 
thrown [s\open\src\hotspot\share\interpreter\linkResolver.cpp, line 774]
Event: 1.296 Thread 0x00000211e5d087a0 Implicit null exception at 0x00000211d201fcb3 to 0x00000211d201ffe4
Event: 2.274 Thread 0x00000211c24262b0 Implicit null exception at 0x00000211d1f7ffb1 to 0x00000211d1f7fff0

VM Operations (20 events):
Event: 0.966 Executing VM operation: HandshakeAllThreads
Event: 0.966 Executing VM operation: HandshakeAllThreads done
Event: 1.229 Executing VM operation: ICBufferFull
Event: 1.229 Executing VM operation: ICBufferFull done
Event: 1.326 Executing VM operation: G1CollectForAllocation
Event: 1.329 Executing VM operation: G1CollectForAllocation done
Event: 1.454 Executing VM operation: G1CollectForAllocation
Event: 1.457 Executing VM operation: G1CollectForAllocation done
Event: 1.598 Executing VM operation: G1CollectForAllocation
Event: 1.601 Executing VM operation: G1CollectForAllocation done
Event: 1.725 Executing VM operation: G1CollectForAllocation
Event: 1.728 Executing VM operation: G1CollectForAllocation done
Event: 1.857 Executing VM operation: G1CollectForAllocation
Event: 1.860 Executing VM operation: G1CollectForAllocation done
Event: 2.010 Executing VM operation: G1CollectForAllocation
Event: 2.016 Executing VM operation: G1CollectForAllocation done
Event: 2.162 Executing VM operation: G1CollectForAllocation
Event: 2.165 Executing VM operation: G1CollectForAllocation done
Event: 2.263 Executing VM operation: HandshakeAllThreads
Event: 2.263 Executing VM operation: HandshakeAllThreads done

Events (20 events):
Event: 0.018 Thread 0x00000211e5d163a0 Thread added: 0x00000211e5d163a0
Event: 0.057 Thread 0x00000211ea51b850 Thread added: 0x00000211ea51b850
Event: 0.061 Thread 0x00000211ea51eb90 Thread added: 0x00000211ea51eb90
Event: 0.061 Thread 0x00000211ea521d50 Thread added: 0x00000211ea521d50
Event: 0.061 Thread 0x00000211ea5222d0 Thread added: 0x00000211ea5222d0
Event: 0.081 Thread 0x00000211ea613250 Thread added: 0x00000211ea613250
Event: 0.081 Thread 0x00000211ea6176f0 Thread added: 0x00000211ea6176f0
Event: 0.102 Thread 0x00000211ea7e6b80 Thread added: 0x00000211ea7e6b80
Event: 0.186 Thread 0x00000211eab22870 Thread added: 0x00000211eab22870
Event: 0.440 Thread 0x00000211eb1ed360 Thread added: 0x00000211eb1ed360
Event: 0.445 Thread 0x00000211eb0f7570 Thread added: 0x00000211eb0f7570
Event: 0.451 Thread 0x00000211eb1f1120 Thread added: 0x00000211eb1f1120
Event: 0.460 Thread 0x00000211eb70fed0 Thread added: 0x00000211eb70fed0
Event: 0.460 Thread 0x00000211eb710450 Thread added: 0x00000211eb710450
Event: 1.735 Thread 0x00000211eb710450 Thread exited: 0x00000211eb710450
Event: 1.950 Thread 0x00000211eb1f1120 Thread exited: 0x00000211eb1f1120
Event: 1.950 Thread 0x00000211eb70fed0 Thread exited: 0x00000211eb70fed0
Event: 1.950 Thread 0x00000211eb0f7570 Thread exited: 0x00000211eb0f7570
Event: 1.950 Thread 0x00000211eb1ed360 Thread exited: 0x00000211eb1ed360
Event: 2.211 Thread 0x00000211ea5222d0 Thread exited: 0x00000211ea5222d0


Dynamic libraries:
0x00007ff738820000 - 0x00007ff738830000 	C:\Program Files\Java\jdk-19\bin\java.exe
0x00007ffcab210000 - 0x00007ffcab427000 	C:\WINDOWS\SYSTEM32\ntdll.dll
0x00007ffca95c0000 - 0x00007ffca9684000 	C:\WINDOWS\System32\KERNEL32.DLL
0x00007ffca8a50000 - 0x00007ffca8dfd000 	C:\WINDOWS\System32\KERNELBASE.dll
0x00007ffca8510000 - 0x00007ffca8621000 	C:\WINDOWS\System32\ucrtbase.dll
0x00007ffca2470000 - 0x00007ffca2488000 	C:\Program Files\Java\jdk-19\bin\jli.dll
0x00007ffca2170000 - 0x00007ffca218b000 	C:\Program Files\Java\jdk-19\bin\VCRUNTIME140.dll
0x00007ffcaabf0000 - 0x00007ffcaaca2000 	C:\WINDOWS\System32\ADVAPI32.dll
0x00007ffcaacb0000 - 0x00007ffcaad57000 	C:\WINDOWS\System32\msvcrt.dll
0x00007ffcaa170000 - 0x00007ffcaa219000 	C:\WINDOWS\System32\sechost.dll
0x00007ffca86f0000 - 0x00007ffca8718000 	C:\WINDOWS\System32\bcrypt.dll
0x00007ffcaaf20000 - 0x00007ffcab034000 	C:\WINDOWS\System32\RPCRT4.dll
0x00007ffca9290000 - 0x00007ffca943e000 	C:\WINDOWS\System32\USER32.dll
0x00007ffca8ef0000 - 0x00007ffca8f16000 	C:\WINDOWS\System32\win32u.dll
0x00007ffc90d70000 - 0x00007ffc91003000 	C:\WINDOWS\WinSxS\amd64_microsoft.windows.common-controls_6595b64144ccf1df_6.0.22621.3672_none_2713b9d173822955\COMCTL32.dll
0x00007ffca91f0000 - 0x00007ffca9219000 	C:\WINDOWS\System32\GDI32.dll
0x00007ffca8720000 - 0x00007ffca8839000 	C:\WINDOWS\System32\gdi32full.dll
0x00007ffca8840000 - 0x00007ffca88da000 	C:\WINDOWS\System32\msvcp_win.dll
0x00007ffc9fe60000 - 0x00007ffc9fe6a000 	C:\WINDOWS\SYSTEM32\VERSION.dll
0x00007ffcaa240000 - 0x00007ffcaa271000 	C:\WINDOWS\System32\IMM32.DLL
0x00007ffca3110000 - 0x00007ffca311c000 	C:\Program Files\Java\jdk-19\bin\vcruntime140_1.dll
0x00007ffc92430000 - 0x00007ffc924be000 	C:\Program Files\Java\jdk-19\bin\msvcp140.dll
0x00007ffc18b50000 - 0x00007ffc19810000 	C:\Program Files\Java\jdk-19\bin\server\jvm.dll
0x00007ffca2530000 - 0x00007ffca2539000 	C:\WINDOWS\SYSTEM32\WSOCK32.dll
0x00007ffca2100000 - 0x00007ffca2134000 	C:\WINDOWS\SYSTEM32\WINMM.dll
0x00007ffca9540000 - 0x00007ffca95b1000 	C:\WINDOWS\System32\WS2_32.dll
0x00007ffca7630000 - 0x00007ffca7648000 	C:\WINDOWS\SYSTEM32\kernel.appcore.dll
0x00007ffca2390000 - 0x00007ffca239a000 	C:\Program Files\Java\jdk-19\bin\jimage.dll
0x00007ffca5800000 - 0x00007ffca5a32000 	C:\WINDOWS\SYSTEM32\DBGHELP.DLL
0x00007ffca9690000 - 0x00007ffca9a18000 	C:\WINDOWS\System32\combase.dll
0x00007ffca9a20000 - 0x00007ffca9af7000 	C:\WINDOWS\System32\OLEAUT32.dll
0x00007ffc9fa30000 - 0x00007ffc9fa62000 	C:\WINDOWS\SYSTEM32\dbgcore.DLL
0x00007ffca8e70000 - 0x00007ffca8eeb000 	C:\WINDOWS\System32\bcryptPrimitives.dll
0x00007ffca4ee0000 - 0x00007ffca4eee000 	C:\Program Files\Java\jdk-19\bin\instrument.dll
0x00007ffc93110000 - 0x00007ffc93136000 	C:\Program Files\Java\jdk-19\bin\java.dll
0x00007ffc873a0000 - 0x00007ffc87477000 	C:\Program Files\Java\jdk-19\bin\jsvml.dll
0x00007ffcaa390000 - 0x00007ffcaabef000 	C:\WINDOWS\System32\SHELL32.dll
0x00007ffca6430000 - 0x00007ffca6d2c000 	C:\WINDOWS\SYSTEM32\windows.storage.dll
0x00007ffca62f0000 - 0x00007ffca642f000 	C:\WINDOWS\SYSTEM32\wintypes.dll
0x00007ffcaa290000 - 0x00007ffcaa384000 	C:\WINDOWS\System32\SHCORE.dll
0x00007ffca9c00000 - 0x00007ffca9c5e000 	C:\WINDOWS\System32\shlwapi.dll
0x00007ffca8440000 - 0x00007ffca8461000 	C:\WINDOWS\SYSTEM32\profapi.dll
0x00007ffc935c0000 - 0x00007ffc935d8000 	C:\Program Files\Java\jdk-19\bin\zip.dll
0x00007ffc948d0000 - 0x00007ffc948e3000 	C:\Program Files\Java\jdk-19\bin\net.dll
0x00007ffca3d10000 - 0x00007ffca3e46000 	C:\WINDOWS\SYSTEM32\WINHTTP.dll
0x00007ffca7aa0000 - 0x00007ffca7b09000 	C:\WINDOWS\system32\mswsock.dll
0x00007ffc93da0000 - 0x00007ffc93db6000 	C:\Program Files\Java\jdk-19\bin\nio.dll
0x00007ffca1f50000 - 0x00007ffca1f6a000 	C:\Program Files\JetBrains\IntelliJ IDEA 2022.1.2\bin\breakgen64.dll
0x00007ffca1fb0000 - 0x00007ffca1fb8000 	C:\Program Files\Java\jdk-19\bin\extnet.dll
0x00007ffca2330000 - 0x00007ffca2340000 	C:\Program Files\Java\jdk-19\bin\verify.dll
0x00007ffca1fc0000 - 0x00007ffca1fce000 	C:\Program Files\Java\jdk-19\bin\sunmscapi.dll
0x00007ffca88e0000 - 0x00007ffca8a47000 	C:\WINDOWS\System32\CRYPT32.dll
0x00007ffca7ec0000 - 0x00007ffca7eee000 	C:\WINDOWS\SYSTEM32\ncrypt.dll
0x00007ffca7e80000 - 0x00007ffca7eb7000 	C:\WINDOWS\SYSTEM32\NTASN1.dll

dbghelp: loaded successfully - version: 4.0.5 - missing functions: none
symbol engine: initialized successfully - sym options: 0x614 - pdb path: .;C:\Program Files\Java\jdk-19\bin;C:\WINDOWS\SYSTEM32;C:\WINDOWS\WinSxS\amd64_microsoft.windows.common-controls_6595b64144ccf1df_6.0.22621.3672_none_2713b9d173822955;C:\Program Files\Java\jdk-19\bin\server;C:\Program Files\JetBrains\IntelliJ IDEA 2022.1.2\bin

VM Arguments:
jvm_args: -ea -Didea.test.cyclic.buffer.size=1048576 -javaagent:C:\Program Files\JetBrains\IntelliJ IDEA 2022.1.2\lib\idea_rt.jar=52052:C:\Program Files\JetBrains\IntelliJ IDEA 2022.1.2\bin -Dfile.encoding=UTF-8 
java_command: com.intellij.rt.junit.JUnitStarter -ideVersion5 -junit4 unitted_states_of_mankind.utilsTest.UtilsBalanceTest,rollbackBalanceFr
java_class_path (initial): C:\Program Files\JetBrains\IntelliJ IDEA 2022.1.2\lib\idea_rt.jar;C:\Program Files\JetBrains\IntelliJ IDEA 2022.1.2\plugins\junit\lib\junit5-rt.jar;C:\Program Files\JetBrains\IntelliJ IDEA 2022.1.2\plugins\junit\lib\junit-rt.jar;D:\unitedStates duplicates original\target\test-classes;D:\unitedStates duplicates original\target\classes;C:\Users\99293\.m2\repository\org\springframework\boot\spring-boot-starter-thymeleaf\2.7.5\spring-boot-starter-thymeleaf-2.7.5.jar;C:\Users\99293\.m2\repository\org\springframework\boot\spring-boot-starter\2.7.5\spring-boot-starter-2.7.5.jar;C:\Users\99293\.m2\repository\org\springframework\boot\spring-boot-starter-logging\2.7.5\spring-boot-starter-logging-2.7.5.jar;C:\Users\99293\.m2\repository\ch\qos\logback\logback-classic\1.2.11\logback-classic-1.2.11.jar;C:\Users\99293\.m2\repository\ch\qos\logback\logback-core\1.2.11\logback-core-1.2.11.jar;C:\Users\99293\.m2\repository\org\apache\logging\log4j\log4j-to-slf4j\2.17.2\log4j-to-slf4j-2.17.2.jar;C:\Users\99293\.m2\repository\org\apache\logging\log4j\log4j-api\2.17.2\log4j-api-2.17.2.jar;C:\Users\99293\.m2\repository\org\slf4j\jul-to-slf4j\1.7.36\jul-to-slf4j-1.7.36.jar;C:\Users\99293\.m2\repository\jakarta\annotation\jakarta.annotation-api\1.3.5\jakarta.annotation-api-1.3.5.jar;C:\Users\99293\.m2\repository\org\yaml\snakeyaml\1.30\snakeyaml-1.30.jar;C:\Users\99293\.m2\repository\org\thymeleaf\thymeleaf-spring5\3.0.15.RELEASE\thymeleaf-spring5-3.0.15.RELEASE.jar;C:\Users\99293\.m2\repository\org\thymeleaf\thymeleaf\3.0.15.RELEASE\thymeleaf-3.0.15.RELEASE.jar;C:\Users\99293\.m2\repository\org\attoparser\attoparser\2.0.5.RELEASE\attoparser-2.0.5.RELEASE.jar;C:\Users\99293\.m2\repository\org\unbescape\unbescape\1.1.6.RELEASE\unbescape-1.1.6.RELEASE.jar;C:\Users\99293\.m2\repository\org\slf4j\slf4j-api\1.7.36\slf4j-api-1.7.36.jar;C:\Users\99293\.m2\repository\org\thymeleaf\extras\thymeleaf-extras-java8time\3.0.4.RELEASE\thymeleaf-extras-java8time-3.0.4.RELEASE.jar;C:\Users\99293\.m2\repository\org\springframework\boot\spring-boot-starter-web\2.7.5\spring-boot-starter-web-2.7.5.jar;C:\Users\99293\.m2\repository\org\springframework\boot\spring-boot-starter-json\2.7.5\spring-boot-starter-json-2.7.5.jar;C:\Users\99293\.m2\repository\com\fasterxml\jackson\datatype\jackson-datatype-jdk8\2.13.4\jackson-datatype-jdk8-2.13.4.jar;C:\Users\99293\.m2\repository\com\fasterxml\jackson\datatype\jackson-datatype-jsr310\2.13.4\jackson-datatype-jsr310-2.13.4.jar;C:\Users\99293\.m2\repository\com\fasterxml\jackson\module\jackson-module-parameter-names\2.13.4\jackson-module-parameter-names-2.13.4.jar;C:\Users\99293\.m2\repository\org\springframework\boot\spring-boot-starter-tomcat\2.7.5\spring-boot-starter-tomcat-2.7.5.jar;C:\Users\99293\.m2\repository\org\apache\tomcat\embed\tomcat-embed-core\9.0.68\tomcat-embed-core-9.0.68.jar;C:\Users\99293\.m2\repository\org\apache\tomcat\embed\tomcat-embed-el\9.0.68\tomcat-embed-el-9.0.68.jar;C:\Users\99293\.m2\repository\org\apache\tomcat\embed\tomcat-embed-websocket\9.0.68\tomcat-embed-websocket-9.0.68.jar;C:\Users\99293\.m2\repository\org\springframework\spring-web\5.3.23\spring-web-5.3.23.jar;C:\Users\99293\.m2\repository\org\springframework\spring-beans\5.3.23\spring-beans-5.3.23.jar;C:\Users\99293\.m2\repository\org\springframework\spring-webmvc\5.3.23\spring-webmvc-5.3.23.jar;C:\Users\99293\.m2\repository\org\springframework\spring-aop\5.3.23\spring-aop-5.3.23.jar;C:\Users\99293\.m2\repository\org\springframework\spring-context\5.3.23\spring-context-5.3.23.jar;C:\Users\99293\.m2\repository\org\springframework\spring-expression\5.3.23\spring-expression-5.3.23.jar;C:\Users\99293\.m2\repository\org\springframework\boot\spring-boot-devtools\2.7.5\spring-boot-devtools-2.7.5.jar;C:\Users\99293\.m2\repository\org\springframework\boot\spring-boot\2.7.5\spring-boot-2.7.5.jar;C:\Users\99293\.m2\repository\org\springframework\boot\spring-boot-autoconfigure\2.7.5\spring-boot-autoconfigure-2.7.5.jar;C:\Users\99293\.m2\repository\org\projectlombok\lombok\1.18.24\lombok-1.18.24.jar;C:\Users\99293\.m2\repository\org\springframework\boot\spring-boot-starter-test\2.7.5\spring-boot-starter-test-2.7.5.jar;C:\Users\99293\.m2\repository\org\springframework\boot\spring-boot-test\2.7.5\spring-boot-test-2.7.5.jar;C:\Users\99293\.m2\repository\org\springframework\boot\spring-boot-test-autoconfigure\2.7.5\spring-boot-test-autoconfigure-2.7.5.jar;C:\Users\99293\.m2\repository\com\jayway\jsonpath\json-path\2.7.0\json-path-2.7.0.jar;C:\Users\99293\.m2\repository\net\minidev\json-smart\2.4.8\json-smart-2.4.8.jar;C:\Users\99293\.m2\repository\net\minidev\accessors-smart\2.4.8\accessors-smart-2.4.8.jar;C:\Users\99293\.m2\repository\org\ow2\asm\asm\9.1\asm-9.1.jar;C:\Users\99293\.m2\repository\jakarta\xml\bind\jakarta.xml.bind-api\2.3.3\jakarta.xml.bind-api-2.3.3.jar;C:\Users\99293\.m2\repository\jakarta\activation\jakarta.activation-api\1.2.2\jakarta.activation-api-1.2.2.jar;C:\Users\99293\.m2\repository\org\assertj\assertj-core\3.22.0\assertj-core-3.22.0.jar;C:\Users\99293\.m2\repository\org\hamcrest\hamcrest\2.2\hamcrest-2.2.jar;C:\Users\99293\.m2\repository\org\junit\jupiter\junit-jupiter\5.8.2\junit-jupiter-5.8.2.jar;C:\Users\99293\.m2\repository\org\junit\jupiter\junit-jupiter-api\5.8.2\junit-jupiter-api-5.8.2.jar;C:\Users\99293\.m2\repository\org\opentest4j\opentest4j\1.2.0\opentest4j-1.2.0.jar;C:\Users\99293\.m2\repository\org\junit\platform\junit-platform-commons\1.8.2\junit-platform-commons-1.8.2.jar;C:\Users\99293\.m2\repository\org\apiguardian\apiguardian-api\1.1.2\apiguardian-api-1.1.2.jar;C:\Users\99293\.m2\repository\org\junit\jupiter\junit-jupiter-params\5.8.2\junit-jupiter-params-5.8.2.jar;C:\Users\99293\.m2\repository\org\junit\jupiter\junit-jupiter-engine\5.8.2\junit-jupiter-engine-5.8.2.jar;C:\Users\99293\.m2\repository\org\junit\platform\junit-platform-engine\1.8.2\junit-platform-engine-1.8.2.jar;C:\Users\99293\.m2\repository\org\mockito\mockito-core\4.5.1\mockito-core-4.5.1.jar;C:\Users\99293\.m2\repository\net\bytebuddy\byte-buddy\1.12.18\byte-buddy-1.12.18.jar;C:\Users\99293\.m2\repository\net\bytebuddy\byte-buddy-agent\1.12.18\byte-buddy-agent-1.12.18.jar;C:\Users\99293\.m2\repository\org\objenesis\objenesis\3.2\objenesis-3.2.jar;C:\Users\99293\.m2\repository\org\mockito\mockito-junit-jupiter\4.5.1\mockito-junit-jupiter-4.5.1.jar;C:\Users\99293\.m2\repository\org\skyscreamer\jsonassert\1.5.1\jsonassert-1.5.1.jar;C:\Users\99293\.m2\repository\org\springframework\spring-core\5.3.23\spring-core-5.3.23.jar;C:\Users\99293\.m2\repository\org\springframework\spring-jcl\5.3.23\spring-jcl-5.3.23.jar;C:\Users\99293\.m2\repository\org\xmlunit\xmlunit-core\2.9.0\xmlunit-core-2.9.0.jar;C:\Users\99293\.m2\repository\log4j\log4j\1.2.17\log4j-1.2.17.jar;C:\Users\99293\.m2\repository\com\fasterxml\jackson\core\jackson-databind\2.13.3\jackson-databind-2.13.3.jar;C:\Users\99293\.m2\repository\com\fasterxml\jackson\core\jackson-annotations\2.13.4\jackson-annotations-2.13.4.jar;C:\Users\99293\.m2\repository\com\fasterxml\jackson\core\jackson-core\2.13.4\jackson-core-2.13.4.jar;C:\Users\99293\.m2\repository\junit\junit\4.12\junit-4.12.jar;C:\Users\99293\.m2\repository\org\hamcrest\hamcrest-core\2.2\hamcrest-core-2.2.jar;C:\Users\99293\.m2\repository\com\vaadin\external\google\android-json\0.0.20131108.vaadin1\android-json-0.0.20131108.vaadin1.jar;C:\Users\99293\.m2\repository\org\bouncycastle\bcprov-jdk15on\1.70\bcprov-jdk15on-1.70.jar;C:\Users\99293\.m2\repository\org\apache\httpcomponents\httpclient\4.5.14\httpclient-4.5.14.jar;C:\Users\99293\.m2\repository\org\apache\httpcomponents\httpcore\4.4.15\httpcore-4.4.15.jar;C:\Users\99293\.m2\repository\commons-codec\commons-codec\1.15\commons-codec-1.15.jar;C:\Users\99293\.m2\repository\org\springframework\boot\spring-boot-starter-websocket\2.4.0\spring-boot-starter-websocket-2.4.0.jar;C:\Users\99293\.m2\repository\org\springframework\spring-messaging\5.3.23\spring-messaging-5.3.23.jar;C:\Users\99293\.m2\repository\org\springframework\spring-websocket\5.3.23\spring-websocket-5.3.23.jar;C:\Users\99293\.m2\repository\org\springframework\spring-test\5.3.23\spring-test-5.3.23.jar;C:\Users\99293\.m2\repository\org\webjars\bootstrap\5.2.2\bootstrap-5.2.2.jar;C:\Users\99293\.m2\repository\com\h2database\h2\2.1.214\h2-2.1.214.jar;C:\Users\99293\.m2\repository\org\springframework\boot\spring-boot-starter-data-jpa\2.7.5\spring-boot-starter-data-jpa-2.7.5.jar;C:\Users\99293\.m2\repository\org\springframework\boot\spring-boot-starter-aop\2.7.5\spring-boot-starter-aop-2.7.5.jar;C:\Users\99293\.m2\repository\org\aspectj\aspectjweaver\1.9.7\aspectjweaver-1.9.7.jar;C:\Users\99293\.m2\repository\org\springframework\boot\spring-boot-starter-jdbc\2.7.5\spring-boot-starter-jdbc-2.7.5.jar;C:\Users\99293\.m2\repository\com\zaxxer\HikariCP\4.0.3\HikariCP-4.0.3.jar;C:\Users\99293\.m2\repository\org\springframework\spring-jdbc\5.3.23\spring-jdbc-5.3.23.jar;C:\Users\99293\.m2\repository\jakarta\transaction\jakarta.transaction-api\1.3.3\jakarta.transaction-api-1.3.3.jar;C:\Users\99293\.m2\repository\jakarta\persistence\jakarta.persistence-api\2.2.3\jakarta.persistence-api-2.2.3.jar;C:\Users\99293\.m2\repository\org\hibernate\hibernate-core\5.6.12.Final\hibernate-core-5.6.12.Final.jar;C:\Users\99293\.m2\repository\org\jboss\logging\jboss-logging\3.4.3.Final\jboss-logging-3.4.3.Final.jar;C:\Users\99293\.m2\repository\antlr\antlr\2.7.7\antlr-2.7.7.jar;C:\Users\99293\.m2\repository\org\jboss\jandex\2.4.2.Final\jandex-2.4.2.Final.jar;C:\Users\99293\.m2\repository\com\fasterxml\classmate\1.5.1\classmate-1.5.1.jar;C:\Users\99293\.m2\repository\org\hibernate\common\hibernate-commons-annotations\5.1.2.Final\hibernate-commons-annotations-5.1.2.Final.jar;C:\Users\99293\.m2\repository\org\glassfish\jaxb\jaxb-runtime\2.3.7\jaxb-runtime-2.3.7.jar;C:\Users\99293\.m2\repository\org\glassfish\jaxb\txw2\2.3.7\txw2-2.3.7.jar;C:\Users\99293\.m2\repository\com\sun\istack\istack-commons-runtime\3.0.12\istack-commons-runtime-3.0.12.jar;C:\Users\99293\.m2\repository\com\sun\activation\jakarta.activation\1.2.2\jakarta.activation-1.2.2.jar;C:\Users\99293\.m2\repository\org\springframework\data\spring-data-jpa\2.7.5\spring-data-jpa-2.7.5.jar;C:\Users\99293\.m2\repository\org\springframework\data\spring-data-commons\2.7.5\spring-data-commons-2.7.5.jar;C:\Users\99293\.m2\repository\org\springframework\spring-orm\5.3.23\spring-orm-5.3.23.jar;C:\Users\99293\.m2\repository\org\springframework\spring-tx\5.3.23\spring-tx-5.3.23.jar;C:\Users\99293\.m2\repository\org\springframework\spring-aspects\5.3.23\spring-aspects-5.3.23.jar
Launcher Type: SUN_STANDARD

[Global flags]
     intx CICompilerCount                          = 12                                        {product} {ergonomic}
     uint ConcGCThreads                            = 3                                         {product} {ergonomic}
     uint G1ConcRefinementThreads                  = 13                                        {product} {ergonomic}
   size_t G1HeapRegionSize                         = 2097152                                   {product} {ergonomic}
    uintx GCDrainStackTargetSize                   = 64                                        {product} {ergonomic}
   size_t InitialHeapSize                          = 264241152                                 {product} {ergonomic}
   size_t MarkStackSize                            = 4194304                                   {product} {ergonomic}
   size_t MaxHeapSize                              = 4196401152                                {product} {ergonomic}
   size_t MaxNewSize                               = 2516582400                                {product} {ergonomic}
   size_t MinHeapDeltaBytes                        = 2097152                                   {product} {ergonomic}
   size_t MinHeapSize                              = 8388608                                   {product} {ergonomic}
    uintx NonNMethodCodeHeapSize                   = 7602480                                {pd product} {ergonomic}
    uintx NonProfiledCodeHeapSize                  = 122027880                              {pd product} {ergonomic}
    uintx ProfiledCodeHeapSize                     = 122027880                              {pd product} {ergonomic}
    uintx ReservedCodeCacheSize                    = 251658240                              {pd product} {ergonomic}
     bool SegmentedCodeCache                       = true                                      {product} {ergonomic}
   size_t SoftMaxHeapSize                          = 4196401152                             {manageable} {ergonomic}
     bool UseCompressedClassPointers               = true                           {product lp64_product} {ergonomic}
     bool UseCompressedOops                        = true                           {product lp64_product} {ergonomic}
     bool UseG1GC                                  = true                                      {product} {ergonomic}
     bool UseLargePagesIndividualAllocation        = false                                  {pd product} {ergonomic}

Logging:
Log output configuration:
 #0: stdout all=warning uptime,level,tags foldmultilines=false
 #1: stderr all=off uptime,level,tags foldmultilines=false

Environment Variables:
JAVA_HOME=C:\Program Files\Java\jdk-19
PATH=C:\Program Files\Common Files\Oracle\Java\javapath;C:\Windows\system32;C:\Windows;C:\Windows\System32\Wbem;C:\Windows\System32\WindowsPowerShell\v1.0\;C:\Windows\System32\OpenSSH\;C:\Program Files (x86)\NVIDIA Corporation\PhysX\Common;C:\Program Files\NVIDIA Corporation\NVIDIA NvDLISR;C:\Program Files\Git\cmd;C:\Program Files (x86)\dotnet\;C:\WINDOWS\system32;C:\WINDOWS;C:\WINDOWS\System32\Wbem;C:\WINDOWS\System32\WindowsPowerShell\v1.0\;C:\WINDOWS\System32\OpenSSH\;C:\Program Files\Java\jdk-19\bin;C:\Users\99293\AppData\Local\Programs\Python\Python311\Scripts\;C:\Users\99293\AppData\Local\Programs\Python\Python311\;C:\Users\99293\AppData\Local\Microsoft\WindowsApps;;C:\Program Files\JetBrains\IntelliJ IDEA 2022.1.2\bin;;C:\Program Files\heroku\bin
USERNAME=ASUS
OS=Windows_NT
PROCESSOR_IDENTIFIER=Intel64 Family 6 Model 154 Stepping 3, GenuineIntel
TMP=C:\Users\99293\AppData\Local\Temp
TEMP=C:\Users\99293\AppData\Local\Temp



---------------  S Y S T E M  ---------------

OS:
 Windows 11 , 64 bit Build 22621 (10.0.22621.3672)
OS uptime: 1 days 7:58 hours
Hyper-V role detected

CPU: total 16 (initial active 16) (8 cores per cpu, 2 threads per core) family 6 model 154 stepping 3 microcode 0x41c, cx8, cmov, fxsr, ht, mmx, 3dnowpref, sse, sse2, sse3, ssse3, sse4.1, sse4.2, popcnt, lzcnt, tsc, tscinvbit, avx, avx2, aes, erms, clmul, bmi1, bmi2, adx, sha, fma, vzeroupper, clflush, clflushopt, clwb, hv, serialize, rdtscp, rdpid, fsrm

Memory: 4k page, system-wide physical 16005M (1876M free)
TotalPageFile size 18053M (AvailPageFile size 3M)
current process WorkingSet (physical memory assigned to process): 319M, peak: 319M
current process commit charge ("private bytes"): 463M, peak: 463M

vm_info: Java HotSpot(TM) 64-Bit Server VM (19.0.2+7-44) for windows-amd64 JRE (19.0.2+7-44), built on 2022-11-30T18:02:09Z by "mach5one" with MS VC++ 17.1 (VS2022)

END.
