#
# There is insufficient memory for the Java Runtime Environment to continue.
# Native memory allocation (mmap) failed to map 264241152 bytes for G1 virtual space
# Possible reasons:
#   The system is out of physical RAM or swap space
#   The process is running with CompressedOops enabled, and the Java Heap may be blocking the growth of the native heap
# Possible solutions:
#   Reduce memory load on the system
#   Increase physical memory or swap space
#   Check if swap backing store is full
#   Decrease Java heap size (-Xmx/-Xms)
#   Decrease number of Java threads
#   Decrease Java thread stack sizes (-Xss)
#   Set larger code cache with -XX:ReservedCodeCacheSize=
#   JVM is running with Zero Based Compressed Oops mode in which the Java heap is
#     placed in the first 32GB address space. The Java Heap base address is the
#     maximum limit for the native heap growth. Please use -XX:HeapBaseMinAddress
#     to set the Java Heap base and to place the Java Heap above 32GB virtual address.
# This output file may be truncated or incomplete.
#
#  Out of Memory Error (os_windows.cpp:3536), pid=3968, tid=13708
#
# JRE version:  (19.0.2+7) (build )
# Java VM: Java HotSpot(TM) 64-Bit Server VM (19.0.2+7-44, mixed mode, sharing, tiered, compressed oops, compressed class ptrs, g1 gc, windows-amd64)
# No core dump will be written. Minidumps are not enabled by default on client versions of Windows
#

---------------  S U M M A R Y ------------

Command Line: C:\Users\99293\AppData\Local\Temp\surefire9378558732180964181\surefirebooter8391813547499244853.jar C:\Users\99293\AppData\Local\Temp\surefire9378558732180964181 2024-04-11T16-14-44_690-jvmRun1 surefire10890967121146652240tmp surefire_014234773955932055565tmp

Host: 12th Gen Intel(R) Core(TM) i7-12650H, 16 cores, 15G,  Windows 11 , 64 bit Build 22621 (10.0.22621.3374)
Time: Thu Apr 11 16:14:44 2024  Windows 11 , 64 bit Build 22621 (10.0.22621.3374) elapsed time: 0.007113 seconds (0d 0h 0m 0s)

---------------  T H R E A D  ---------------

Current thread (0x0000028eeb2cbe10):  JavaThread "Unknown thread" [_thread_in_vm, id=13708, stack(0x000000a437600000,0x000000a437700000)]

Stack: [0x000000a437600000,0x000000a437700000]
Native frames: (J=compiled Java code, j=interpreted, Vv=VM code, C=native code)
V  [jvm.dll+0x6ee21a]
V  [jvm.dll+0x85765e]
V  [jvm.dll+0x85904e]
V  [jvm.dll+0x859703]
V  [jvm.dll+0x28298f]
V  [jvm.dll+0x6eb009]
V  [jvm.dll+0x6dfbaa]
V  [jvm.dll+0x3573f6]
V  [jvm.dll+0x35ee56]
V  [jvm.dll+0x3b541e]
V  [jvm.dll+0x3b564f]
V  [jvm.dll+0x32c9ea]
V  [jvm.dll+0x32d89e]
V  [jvm.dll+0x821780]
V  [jvm.dll+0x3c2661]
V  [jvm.dll+0x801f51]
V  [jvm.dll+0x44ae8f]
V  [jvm.dll+0x44c811]
C  [jli.dll+0x5287]
C  [ucrtbase.dll+0x29333]
C  [KERNEL32.DLL+0x1257d]
C  [ntdll.dll+0x5aa48]


---------------  P R O C E S S  ---------------

Threads class SMR info:
_java_thread_list=0x00007ffb5e0fd048, length=0, elements={
}

Java Threads: ( => current thread )

Other Threads:
  0x0000028eeb33e9d0 WorkerThread "GC Thread#0" [stack: 0x000000a437700000,0x000000a437800000] [id=13128]
  0x0000028eeb34f340 ConcurrentGCThread "G1 Main Marker" [stack: 0x000000a437800000,0x000000a437900000] [id=3052]
  0x0000028eeb350f20 WorkerThread "G1 Conc#0" [stack: 0x000000a437900000,0x000000a437a00000] [id=3688]

[error occurred during error reporting (printing all threads), id 0xc0000005, EXCEPTION_ACCESS_VIOLATION (0xc0000005) at pc=0x00007ffb5d8bd427]

VM state: not at safepoint (not fully initialized)

VM Mutex/Monitor currently owned by a thread:  ([mutex/lock_event])
[0x0000028eeb2c6f20] Heap_lock - owner thread: 0x0000028eeb2cbe10

Heap address: 0x0000000705e00000, size: 4002 MB, Compressed Oops mode: Zero based, Oop shift amount: 3

CDS archive(s) mapped at: [0x0000000000000000-0x0000000000000000-0x0000000000000000), size 0, SharedBaseAddress: 0x0000000800000000, ArchiveRelocationMode: 0.
Narrow klass base: 0x0000000000000000, Narrow klass shift: 0, Narrow klass range: 0x0

GC Precious Log:
 CardTable entry size: 512
 Card Set container configuration: InlinePtr #cards 4 size 8 Array Of Cards #cards 16 size 48 Howl #buckets 8 coarsen threshold 3686 Howl Bitmap #cards 512 size 80 coarsen threshold 460 Card regions per heap region 1 cards per card region 4096

Heap:
 garbage-first heap   total 0K, used 0K [0x0000000705e00000, 0x0000000800000000)
  region size 2048K, 0 young (0K), 0 survivors (0K)

[error occurred during error reporting (printing heap information), id 0xc0000005, EXCEPTION_ACCESS_VIOLATION (0xc0000005) at pc=0x00007ffb5dcc6649]

GC Heap History (0 events):
No events

Dll operation events (1 events):
Event: 0.004 Loaded shared library C:\Program Files\Java\jdk-19\bin\java.dll

Deoptimization events (0 events):
No events

Classes loaded (0 events):
No events

Classes unloaded (0 events):
No events

Classes redefined (0 events):
No events

Internal exceptions (0 events):
No events

VM Operations (0 events):
No events

Events (0 events):
No events


Dynamic libraries:
0x00007ff648230000 - 0x00007ff648240000 	C:\Program Files\Java\jdk-19\bin\java.exe
0x00007ffbe1f50000 - 0x00007ffbe2166000 	C:\WINDOWS\SYSTEM32\ntdll.dll
0x00007ffbe09e0000 - 0x00007ffbe0aa4000 	C:\WINDOWS\System32\KERNEL32.DLL
0x00007ffbdf240000 - 0x00007ffbdf5e7000 	C:\WINDOWS\System32\KERNELBASE.dll
0x00007ffbdf740000 - 0x00007ffbdf851000 	C:\WINDOWS\System32\ucrtbase.dll
0x00007ffbd4500000 - 0x00007ffbd4518000 	C:\Program Files\Java\jdk-19\bin\jli.dll
0x00007ffbe13a0000 - 0x00007ffbe1452000 	C:\WINDOWS\System32\ADVAPI32.dll
0x00007ffbd4480000 - 0x00007ffbd449b000 	C:\Program Files\Java\jdk-19\bin\VCRUNTIME140.dll
0x00007ffbe0f90000 - 0x00007ffbe1037000 	C:\WINDOWS\System32\msvcrt.dll
0x00007ffbdfe70000 - 0x00007ffbdff18000 	C:\WINDOWS\System32\sechost.dll
0x00007ffbdf860000 - 0x00007ffbdf888000 	C:\WINDOWS\System32\bcrypt.dll
0x00007ffbe18f0000 - 0x00007ffbe1a05000 	C:\WINDOWS\System32\RPCRT4.dll
0x00007ffbdffb0000 - 0x00007ffbe015e000 	C:\WINDOWS\System32\USER32.dll
0x00007ffbdf710000 - 0x00007ffbdf736000 	C:\WINDOWS\System32\win32u.dll
0x00007ffbe1040000 - 0x00007ffbe1069000 	C:\WINDOWS\System32\GDI32.dll
0x00007ffbc6ee0000 - 0x00007ffbc7173000 	C:\WINDOWS\WinSxS\amd64_microsoft.windows.common-controls_6595b64144ccf1df_6.0.22621.3235_none_270f74e173860f98\COMCTL32.dll
0x00007ffbdf5f0000 - 0x00007ffbdf709000 	C:\WINDOWS\System32\gdi32full.dll
0x00007ffbdf890000 - 0x00007ffbdf92a000 	C:\WINDOWS\System32\msvcp_win.dll
0x00007ffbd6be0000 - 0x00007ffbd6bea000 	C:\WINDOWS\SYSTEM32\VERSION.dll
0x00007ffbe0eb0000 - 0x00007ffbe0ee1000 	C:\WINDOWS\System32\IMM32.DLL
0x00007ffbd4a50000 - 0x00007ffbd4a5c000 	C:\Program Files\Java\jdk-19\bin\vcruntime140_1.dll
0x00007ffbc2520000 - 0x00007ffbc25ae000 	C:\Program Files\Java\jdk-19\bin\msvcp140.dll
0x00007ffb5d580000 - 0x00007ffb5e240000 	C:\Program Files\Java\jdk-19\bin\server\jvm.dll
0x00007ffbdb280000 - 0x00007ffbdb289000 	C:\WINDOWS\SYSTEM32\WSOCK32.dll
0x00007ffbd72c0000 - 0x00007ffbd72f4000 	C:\WINDOWS\SYSTEM32\WINMM.dll
0x00007ffbe1070000 - 0x00007ffbe10e1000 	C:\WINDOWS\System32\WS2_32.dll
0x00007ffbde340000 - 0x00007ffbde358000 	C:\WINDOWS\SYSTEM32\kernel.appcore.dll
0x00007ffbd4710000 - 0x00007ffbd471a000 	C:\Program Files\Java\jdk-19\bin\jimage.dll
0x00007ffbdca60000 - 0x00007ffbdcc93000 	C:\WINDOWS\SYSTEM32\DBGHELP.DLL
0x00007ffbe1560000 - 0x00007ffbe18e8000 	C:\WINDOWS\System32\combase.dll
0x00007ffbe0ab0000 - 0x00007ffbe0b87000 	C:\WINDOWS\System32\OLEAUT32.dll
0x00007ffbd5f50000 - 0x00007ffbd5f82000 	C:\WINDOWS\SYSTEM32\dbgcore.DLL
0x00007ffbdfb10000 - 0x00007ffbdfb89000 	C:\WINDOWS\System32\bcryptPrimitives.dll
0x00007ffbd33f0000 - 0x00007ffbd3416000 	C:\Program Files\Java\jdk-19\bin\java.dll

dbghelp: loaded successfully - version: 4.0.5 - missing functions: none
symbol engine: initialized successfully - sym options: 0x614 - pdb path: .;C:\Program Files\Java\jdk-19\bin;C:\WINDOWS\SYSTEM32;C:\WINDOWS\WinSxS\amd64_microsoft.windows.common-controls_6595b64144ccf1df_6.0.22621.3235_none_270f74e173860f98;C:\Program Files\Java\jdk-19\bin\server

VM Arguments:
java_command: C:\Users\99293\AppData\Local\Temp\surefire9378558732180964181\surefirebooter8391813547499244853.jar C:\Users\99293\AppData\Local\Temp\surefire9378558732180964181 2024-04-11T16-14-44_690-jvmRun1 surefire10890967121146652240tmp surefire_014234773955932055565tmp
java_class_path (initial): C:\Users\99293\AppData\Local\Temp\surefire9378558732180964181\surefirebooter8391813547499244853.jar
Launcher Type: SUN_STANDARD

[Global flags]
     intx CICompilerCount                          = 12                                        {product} {ergonomic}
     uint ConcGCThreads                            = 3                                         {product} {ergonomic}
     uint G1ConcRefinementThreads                  = 13                                        {product} {ergonomic}
   size_t G1HeapRegionSize                         = 2097152                                   {product} {ergonomic}
    uintx GCDrainStackTargetSize                   = 64                                        {product} {ergonomic}
   size_t InitialHeapSize                          = 264241152                                 {product} {ergonomic}
   size_t MarkStackSize                            = 4194304                                   {product} {ergonomic}
   size_t MaxHeapSize                              = 4196401152                                {product} {ergonomic}
   size_t MinHeapDeltaBytes                        = 2097152                                   {product} {ergonomic}
   size_t MinHeapSize                              = 8388608                                   {product} {ergonomic}
    uintx NonNMethodCodeHeapSize                   = 7602480                                {pd product} {ergonomic}
    uintx NonProfiledCodeHeapSize                  = 122027880                              {pd product} {ergonomic}
    uintx ProfiledCodeHeapSize                     = 122027880                              {pd product} {ergonomic}
    uintx ReservedCodeCacheSize                    = 251658240                              {pd product} {ergonomic}
     bool SegmentedCodeCache                       = true                                      {product} {ergonomic}
   size_t SoftMaxHeapSize                          = 4196401152                             {manageable} {ergonomic}
     bool UseCompressedClassPointers               = true                           {product lp64_product} {ergonomic}
     bool UseCompressedOops                        = true                           {product lp64_product} {ergonomic}
     bool UseG1GC                                  = true                                      {product} {ergonomic}
     bool UseLargePagesIndividualAllocation        = false                                  {pd product} {ergonomic}

Logging:
Log output configuration:
 #0: stdout all=warning uptime,level,tags foldmultilines=false
 #1: stderr all=off uptime,level,tags foldmultilines=false

Environment Variables:
PATH=C:\Program Files\Common Files\Oracle\Java\javapath;C:\Windows\system32;C:\Windows;C:\Windows\System32\Wbem;C:\Windows\System32\WindowsPowerShell\v1.0\;C:\Windows\System32\OpenSSH\;C:\Program Files (x86)\NVIDIA Corporation\PhysX\Common;C:\Program Files\NVIDIA Corporation\NVIDIA NvDLISR;C:\Program Files\Git\cmd;C:\Program Files (x86)\dotnet\;%SystemRoot%\system32;%SystemRoot%;%SystemRoot%\System32\Wbem;%SYSTEMROOT%\System32\WindowsPowerShell\v1.0\;%SYSTEMROOT%\System32\OpenSSH\;C:\Users\99293\AppData\Local\Programs\Python\Python311\Scripts\;C:\Users\99293\AppData\Local\Programs\Python\Python311\;C:\Users\99293\AppData\Local\Microsoft\WindowsApps;;C:\Program Files\JetBrains\IntelliJ IDEA 2022.1.2\bin;;C:\Program Files\heroku\bin
USERNAME=ASUS
OS=Windows_NT
PROCESSOR_IDENTIFIER=Intel64 Family 6 Model 154 Stepping 3, GenuineIntel
TMP=C:\Users\99293\AppData\Local\Temp
TEMP=C:\Users\99293\AppData\Local\Temp



---------------  S Y S T E M  ---------------

OS:
 Windows 11 , 64 bit Build 22621 (10.0.22621.3374)
OS uptime: 0 days 5:30 hours
Hyper-V role detected

CPU: total 16 (initial active 16) (8 cores per cpu, 2 threads per core) family 6 model 154 stepping 3 microcode 0x41c, cx8, cmov, fxsr, ht, mmx, 3dnowpref, sse, sse2, sse3, ssse3, sse4.1, sse4.2, popcnt, lzcnt, tsc, tscinvbit, avx, avx2, aes, erms, clmul, bmi1, bmi2, adx, sha, fma, vzeroupper, clflush, clflushopt, clwb, hv, serialize, rdtscp, rdpid, fsrm

Memory: 4k page, system-wide physical 16005M (2674M free)
TotalPageFile size 18053M (AvailPageFile size 59M)
current process WorkingSet (physical memory assigned to process): 11M, peak: 11M
current process commit charge ("private bytes"): 71M, peak: 323M

vm_info: Java HotSpot(TM) 64-Bit Server VM (19.0.2+7-44) for windows-amd64 JRE (19.0.2+7-44), built on 2022-11-30T18:02:09Z by "mach5one" with MS VC++ 17.1 (VS2022)

END.
