#
# There is insufficient memory for the Java Runtime Environment to continue.
# Native memory allocation (malloc) failed to allocate 1091136 bytes for Chunk::new
# Possible reasons:
#   The system is out of physical RAM or swap space
#   The process is running with CompressedOops enabled, and the Java Heap may be blocking the growth of the native heap
# Possible solutions:
#   Reduce memory load on the system
#   Increase physical memory or swap space
#   Check if swap backing store is full
#   Decrease Java heap size (-Xmx/-Xms)
#   Decrease number of Java threads
#   Decrease Java thread stack sizes (-Xss)
#   Set larger code cache with -XX:ReservedCodeCacheSize=
#   JVM is running with Zero Based Compressed Oops mode in which the Java heap is
#     placed in the first 32GB address space. The Java Heap base address is the
#     maximum limit for the native heap growth. Please use -XX:HeapBaseMinAddress
#     to set the Java Heap base and to place the Java Heap above 32GB virtual address.
# This output file may be truncated or incomplete.
#
#  Out of Memory Error (arena.cpp:184), pid=2964, tid=5968
#
# JRE version: Java(TM) SE Runtime Environment (19.0.2+7) (build 19.0.2+7-44)
# Java VM: Java HotSpot(TM) 64-Bit Server VM (19.0.2+7-44, mixed mode, sharing, tiered, compressed oops, compressed class ptrs, g1 gc, windows-amd64)
# No core dump will be written. Minidumps are not enabled by default on client versions of Windows
#

---------------  S U M M A R Y ------------

Command Line: -Dmaven.multiModuleProjectDirectory=D:\unitedStates duplicates original -Dmaven.home=C:\Users\99293\.m2\wrapper\dists\apache-maven-3.8.6-bin\1ks0nkde5v1pk9vtc31i9d0lcd\apache-maven-3.8.6 -Dclassworlds.conf=C:\Users\99293\.m2\wrapper\dists\apache-maven-3.8.6-bin\1ks0nkde5v1pk9vtc31i9d0lcd\apache-maven-3.8.6\bin\m2.conf -Dmaven.ext.class.path=C:\Program Files\JetBrains\IntelliJ IDEA 2022.1.2\plugins\maven\lib\maven-event-listener.jar -javaagent:C:\Program Files\JetBrains\IntelliJ IDEA 2022.1.2\lib\idea_rt.jar=54099:C:\Program Files\JetBrains\IntelliJ IDEA 2022.1.2\bin -Dfile.encoding=UTF-8 org.codehaus.classworlds.Launcher -Didea.version=2022.1.2 package

Host: 12th Gen Intel(R) Core(TM) i7-12650H, 16 cores, 15G,  Windows 11 , 64 bit Build 22621 (10.0.22621.3672)
Time: Mon Aug 26 12:40:15 2024  Windows 11 , 64 bit Build 22621 (10.0.22621.3672) elapsed time: 2.304594 seconds (0d 0h 0m 2s)

---------------  T H R E A D  ---------------

Current thread (0x00000217dae62230):  JavaThread "C2 CompilerThread3" daemon [_thread_in_native, id=5968, stack(0x00000076b2a00000,0x00000076b2b00000)]


Current CompileTask:
C2:   2304 4789       4       org.apache.maven.model.inheritance.DefaultInheritanceAssembler$InheritanceModelMerger::mergePluginContainer_Plugins (430 bytes)

Stack: [0x00000076b2a00000,0x00000076b2b00000]
Native frames: (J=compiled Java code, j=interpreted, Vv=VM code, C=native code)
V  [jvm.dll+0x6ee21a]
V  [jvm.dll+0x85765e]
V  [jvm.dll+0x85904e]
V  [jvm.dll+0x859703]
V  [jvm.dll+0x28298f]
V  [jvm.dll+0xc9adf]
V  [jvm.dll+0xc9e65]
V  [jvm.dll+0x2f7caf]
V  [jvm.dll+0x5f076b]
V  [jvm.dll+0x25590c]
V  [jvm.dll+0x24e1a7]
V  [jvm.dll+0x24b673]
V  [jvm.dll+0x1d6ce1]
V  [jvm.dll+0x25b25a]
V  [jvm.dll+0x2596e8]
V  [jvm.dll+0x807588]
V  [jvm.dll+0x80125a]
V  [jvm.dll+0x6ecf0b]
C  [ucrtbase.dll+0x29333]
C  [KERNEL32.DLL+0x1257d]
C  [ntdll.dll+0x5af28]


---------------  P R O C E S S  ---------------

Threads class SMR info:
_java_thread_list=0x00000217ddc08140, length=34, elements={
0x00000217b22b2c90, 0x00000217d5e0f840, 0x00000217d5e10630, 0x00000217d5e16bf0,
0x00000217d5e18ed0, 0x00000217d5e1d920, 0x00000217d5e1e4d0, 0x00000217d5e29220,
0x00000217d5e297a0, 0x00000217d5e2e520, 0x00000217da1cfbc0, 0x00000217da2516c0,
0x00000217da252160, 0x00000217da250c20, 0x00000217da706650, 0x00000217da795770,
0x00000217da796100, 0x00000217dae632e0, 0x00000217dae62230, 0x00000217dae63870,
0x00000217dae62d50, 0x00000217dae61180, 0x00000217dae61710, 0x00000217da2526b0,
0x00000217ddc0e410, 0x00000217ddc11e80, 0x00000217ddc0eeb0, 0x00000217ddc0bee0,
0x00000217ddc0f400, 0x00000217ddc0e960, 0x00000217ddc0f950, 0x00000217ddc11930,
0x00000217ddc123d0, 0x00000217ddc0c430
}

Java Threads: ( => current thread )
  0x00000217b22b2c90 JavaThread "main" [_thread_in_native, id=11736, stack(0x00000076b1100000,0x00000076b1200000)]
  0x00000217d5e0f840 JavaThread "Reference Handler" daemon [_thread_blocked, id=20380, stack(0x00000076b1800000,0x00000076b1900000)]
  0x00000217d5e10630 JavaThread "Finalizer" daemon [_thread_blocked, id=10016, stack(0x00000076b1900000,0x00000076b1a00000)]
  0x00000217d5e16bf0 JavaThread "Signal Dispatcher" daemon [_thread_blocked, id=12052, stack(0x00000076b1a00000,0x00000076b1b00000)]
  0x00000217d5e18ed0 JavaThread "Attach Listener" daemon [_thread_blocked, id=19856, stack(0x00000076b1b00000,0x00000076b1c00000)]
  0x00000217d5e1d920 JavaThread "Service Thread" daemon [_thread_blocked, id=22988, stack(0x00000076b1c00000,0x00000076b1d00000)]
  0x00000217d5e1e4d0 JavaThread "Monitor Deflation Thread" daemon [_thread_blocked, id=9888, stack(0x00000076b1d00000,0x00000076b1e00000)]
  0x00000217d5e29220 JavaThread "C2 CompilerThread0" daemon [_thread_blocked, id=21732, stack(0x00000076b1e00000,0x00000076b1f00000)]
  0x00000217d5e297a0 JavaThread "C1 CompilerThread0" daemon [_thread_blocked, id=21396, stack(0x00000076b1f00000,0x00000076b2000000)]
  0x00000217d5e2e520 JavaThread "Sweeper thread" daemon [_thread_blocked, id=7068, stack(0x00000076b2000000,0x00000076b2100000)]
  0x00000217da1cfbc0 JavaThread "C1 CompilerThread1" daemon [_thread_blocked, id=14460, stack(0x00000076b2100000,0x00000076b2200000)]
  0x00000217da2516c0 JavaThread "Common-Cleaner" daemon [_thread_blocked, id=14560, stack(0x00000076b2200000,0x00000076b2300000)]
  0x00000217da252160 JavaThread "Monitor Ctrl-Break" daemon [_thread_in_native, id=18188, stack(0x00000076b2300000,0x00000076b2400000)]
  0x00000217da250c20 JavaThread "Notification Thread" daemon [_thread_blocked, id=17588, stack(0x00000076b2400000,0x00000076b2500000)]
  0x00000217da706650 JavaThread "C2 CompilerThread1" daemon [_thread_blocked, id=5964, stack(0x00000076b2600000,0x00000076b2700000)]
  0x00000217da795770 JavaThread "C1 CompilerThread2" daemon [_thread_blocked, id=15272, stack(0x00000076b2700000,0x00000076b2800000)]
  0x00000217da796100 JavaThread "C1 CompilerThread3" daemon [_thread_blocked, id=3936, stack(0x00000076b2800000,0x00000076b2900000)]
  0x00000217dae632e0 JavaThread "C2 CompilerThread2" daemon [_thread_blocked, id=17132, stack(0x00000076b2900000,0x00000076b2a00000)]
=>0x00000217dae62230 JavaThread "C2 CompilerThread3" daemon [_thread_in_native, id=5968, stack(0x00000076b2a00000,0x00000076b2b00000)]
  0x00000217dae63870 JavaThread "C2 CompilerThread4" daemon [_thread_blocked, id=1804, stack(0x00000076b2b00000,0x00000076b2c00000)]
  0x00000217dae62d50 JavaThread "C2 CompilerThread5" daemon [_thread_blocked, id=20088, stack(0x00000076b3300000,0x00000076b3400000)]
  0x00000217dae61180 JavaThread "C2 CompilerThread6" daemon [_thread_blocked, id=428, stack(0x00000076b3400000,0x00000076b3500000)]
  0x00000217dae61710 JavaThread "C2 CompilerThread7" daemon [_thread_blocked, id=11044, stack(0x00000076b3500000,0x00000076b3600000)]
  0x00000217da2526b0 JavaThread "resolver-1" daemon [_thread_blocked, id=21276, stack(0x00000076b3b00000,0x00000076b3c00000)]
  0x00000217ddc0e410 JavaThread "resolver-2" daemon [_thread_blocked, id=15516, stack(0x00000076b3c00000,0x00000076b3d00000)]
  0x00000217ddc11e80 JavaThread "resolver-3" daemon [_thread_blocked, id=11680, stack(0x00000076b3d00000,0x00000076b3e00000)]
  0x00000217ddc0eeb0 JavaThread "resolver-4" daemon [_thread_blocked, id=18964, stack(0x00000076b3e00000,0x00000076b3f00000)]
  0x00000217ddc0bee0 JavaThread "resolver-5" daemon [_thread_blocked, id=3616, stack(0x00000076b3f00000,0x00000076b4000000)]
  0x00000217ddc0f400 JavaThread "timeout-check-timer" daemon [_thread_blocked, id=3672, stack(0x00000076b4000000,0x00000076b4100000)]
  0x00000217ddc0e960 JavaThread "ping-timer-10s" daemon [_thread_blocked, id=18496, stack(0x00000076b4100000,0x00000076b4200000)]
  0x00000217ddc0f950 JavaThread "ThreadedStreamConsumer" daemon [_thread_blocked, id=4760, stack(0x00000076b4200000,0x00000076b4300000)]
  0x00000217ddc11930 JavaThread "Thread-2" [_thread_blocked, id=22692, stack(0x00000076b4300000,0x00000076b4400000)]
  0x00000217ddc123d0 JavaThread "Thread-3" [_thread_in_native, id=19936, stack(0x00000076b4400000,0x00000076b4500000)]
  0x00000217ddc0c430 JavaThread "Thread-4" [_thread_in_native, id=8836, stack(0x00000076b4500000,0x00000076b4600000)]

Other Threads:
  0x00000217d5df9130 VMThread "VM Thread" [stack: 0x00000076b1700000,0x00000076b1800000] [id=18468]
  0x00000217da2e7a60 WatcherThread "VM Periodic Task Thread" [stack: 0x00000076b2500000,0x00000076b2600000] [id=6660]
  0x00000217b2322e60 WorkerThread "GC Thread#0" [stack: 0x00000076b1200000,0x00000076b1300000] [id=21684]
  0x00000217da682460 WorkerThread "GC Thread#1" [stack: 0x00000076b2c00000,0x00000076b2d00000] [id=4612]
  0x00000217da682730 WorkerThread "GC Thread#2" [stack: 0x00000076b2d00000,0x00000076b2e00000] [id=17084]
  0x00000217da682fa0 WorkerThread "GC Thread#3" [stack: 0x00000076b2e00000,0x00000076b2f00000] [id=17444]
  0x00000217da683270 WorkerThread "GC Thread#4" [stack: 0x00000076b2f00000,0x00000076b3000000] [id=19008]
  0x00000217da681650 WorkerThread "GC Thread#5" [stack: 0x00000076b3000000,0x00000076b3100000] [id=23880]
  0x00000217da681920 WorkerThread "GC Thread#6" [stack: 0x00000076b3100000,0x00000076b3200000] [id=2724]
  0x00000217da681bf0 WorkerThread "GC Thread#7" [stack: 0x00000076b3200000,0x00000076b3300000] [id=21016]
  0x00000217dc26e9d0 WorkerThread "GC Thread#8" [stack: 0x00000076b3600000,0x00000076b3700000] [id=18956]
  0x00000217dc26f510 WorkerThread "GC Thread#9" [stack: 0x00000076b3700000,0x00000076b3800000] [id=16680]
  0x00000217dc26fab0 WorkerThread "GC Thread#10" [stack: 0x00000076b3800000,0x00000076b3900000] [id=4356]
  0x00000217dc270b90 WorkerThread "GC Thread#11" [stack: 0x00000076b3900000,0x00000076b3a00000] [id=13080]
  0x00000217dc271400 WorkerThread "GC Thread#12" [stack: 0x00000076b3a00000,0x00000076b3b00000] [id=23324]
  0x00000217b23357f0 ConcurrentGCThread "G1 Main Marker" [stack: 0x00000076b1300000,0x00000076b1400000] [id=18848]
  0x00000217b23363c0 WorkerThread "G1 Conc#0" [stack: 0x00000076b1400000,0x00000076b1500000] [id=15656]
  0x00000217d5cb3c20 ConcurrentGCThread "G1 Refine#0" [stack: 0x00000076b1500000,0x00000076b1600000] [id=4768]
  0x00000217d5cb4570 ConcurrentGCThread "G1 Service" [stack: 0x00000076b1600000,0x00000076b1700000] [id=10884]

Threads with active compile tasks:
C2 CompilerThread3     2314 4789       4       org.apache.maven.model.inheritance.DefaultInheritanceAssembler$InheritanceModelMerger::mergePluginContainer_Plugins (430 bytes)

VM state: not at safepoint (normal execution)

VM Mutex/Monitor currently owned by a thread: None

Heap address: 0x0000000705e00000, size: 4002 MB, Compressed Oops mode: Zero based, Oop shift amount: 3

CDS archive(s) mapped at: [0x0000000800000000-0x0000000800c40000-0x0000000800c40000), size 12845056, SharedBaseAddress: 0x0000000800000000, ArchiveRelocationMode: 0.
Compressed class space mapped at: 0x0000000801000000-0x0000000841000000, reserved size: 1073741824
Narrow klass base: 0x0000000800000000, Narrow klass shift: 0, Narrow klass range: 0x100000000

GC Precious Log:
 CardTable entry size: 512
 Card Set container configuration: InlinePtr #cards 4 size 8 Array Of Cards #cards 16 size 48 Howl #buckets 8 coarsen threshold 3686 Howl Bitmap #cards 512 size 80 coarsen threshold 460 Card regions per heap region 1 cards per card region 4096
 CPUs: 16 total, 16 available
 Memory: 16005M
 Large Page Support: Disabled
 NUMA Support: Disabled
 Compressed Oops: Enabled (Zero based)
 Heap Region Size: 2M
 Heap Min Capacity: 8M
 Heap Initial Capacity: 252M
 Heap Max Capacity: 4002M
 Pre-touch: Disabled
 Parallel Workers: 13
 Concurrent Workers: 3
 Concurrent Refinement Workers: 13
 Periodic GC: Disabled

Heap:
 garbage-first heap   total 258048K, used 39410K [0x0000000705e00000, 0x0000000800000000)
  region size 2048K, 19 young (38912K), 7 survivors (14336K)
 Metaspace       used 18765K, committed 19136K, reserved 1114112K
  class space    used 1892K, committed 2048K, reserved 1048576K

Heap Regions: E=young(eden), S=young(survivor), O=old, HS=humongous(starts), HC=humongous(continues), CS=collection set, F=free, OA=open archive, CA=closed archive, TAMS=top-at-mark-start (previous, next)
|   0|0x0000000705e00000, 0x0000000706000000, 0x0000000706000000|100%| O|  |TAMS 0x0000000705e00000, 0x0000000705e00000| Untracked 
|   1|0x0000000706000000, 0x0000000706154000, 0x0000000706200000| 66%| O|  |TAMS 0x0000000706000000, 0x0000000706000000| Untracked 
|   2|0x0000000706200000, 0x0000000706200000, 0x0000000706400000|  0%| F|  |TAMS 0x0000000706200000, 0x0000000706200000| Untracked 
|   3|0x0000000706400000, 0x0000000706400000, 0x0000000706600000|  0%| F|  |TAMS 0x0000000706400000, 0x0000000706400000| Untracked 
|   4|0x0000000706600000, 0x0000000706600000, 0x0000000706800000|  0%| F|  |TAMS 0x0000000706600000, 0x0000000706600000| Untracked 
|   5|0x0000000706800000, 0x0000000706800000, 0x0000000706a00000|  0%| F|  |TAMS 0x0000000706800000, 0x0000000706800000| Untracked 
|   6|0x0000000706a00000, 0x0000000706a00000, 0x0000000706c00000|  0%| F|  |TAMS 0x0000000706a00000, 0x0000000706a00000| Untracked 
|   7|0x0000000706c00000, 0x0000000706c00000, 0x0000000706e00000|  0%| F|  |TAMS 0x0000000706c00000, 0x0000000706c00000| Untracked 
|   8|0x0000000706e00000, 0x0000000706e00000, 0x0000000707000000|  0%| F|  |TAMS 0x0000000706e00000, 0x0000000706e00000| Untracked 
|   9|0x0000000707000000, 0x0000000707000000, 0x0000000707200000|  0%| F|  |TAMS 0x0000000707000000, 0x0000000707000000| Untracked 
|  10|0x0000000707200000, 0x0000000707200000, 0x0000000707400000|  0%| F|  |TAMS 0x0000000707200000, 0x0000000707200000| Untracked 
|  11|0x0000000707400000, 0x0000000707400000, 0x0000000707600000|  0%| F|  |TAMS 0x0000000707400000, 0x0000000707400000| Untracked 
|  12|0x0000000707600000, 0x0000000707600000, 0x0000000707800000|  0%| F|  |TAMS 0x0000000707600000, 0x0000000707600000| Untracked 
|  13|0x0000000707800000, 0x0000000707800000, 0x0000000707a00000|  0%| F|  |TAMS 0x0000000707800000, 0x0000000707800000| Untracked 
|  14|0x0000000707a00000, 0x0000000707a00000, 0x0000000707c00000|  0%| F|  |TAMS 0x0000000707a00000, 0x0000000707a00000| Untracked 
|  15|0x0000000707c00000, 0x0000000707c00000, 0x0000000707e00000|  0%| F|  |TAMS 0x0000000707c00000, 0x0000000707c00000| Untracked 
|  16|0x0000000707e00000, 0x0000000707e00000, 0x0000000708000000|  0%| F|  |TAMS 0x0000000707e00000, 0x0000000707e00000| Untracked 
|  17|0x0000000708000000, 0x0000000708000000, 0x0000000708200000|  0%| F|  |TAMS 0x0000000708000000, 0x0000000708000000| Untracked 
|  18|0x0000000708200000, 0x0000000708200000, 0x0000000708400000|  0%| F|  |TAMS 0x0000000708200000, 0x0000000708200000| Untracked 
|  19|0x0000000708400000, 0x0000000708400000, 0x0000000708600000|  0%| F|  |TAMS 0x0000000708400000, 0x0000000708400000| Untracked 
|  20|0x0000000708600000, 0x0000000708600000, 0x0000000708800000|  0%| F|  |TAMS 0x0000000708600000, 0x0000000708600000| Untracked 
|  21|0x0000000708800000, 0x0000000708800000, 0x0000000708a00000|  0%| F|  |TAMS 0x0000000708800000, 0x0000000708800000| Untracked 
|  22|0x0000000708a00000, 0x0000000708a00000, 0x0000000708c00000|  0%| F|  |TAMS 0x0000000708a00000, 0x0000000708a00000| Untracked 
|  23|0x0000000708c00000, 0x0000000708c00000, 0x0000000708e00000|  0%| F|  |TAMS 0x0000000708c00000, 0x0000000708c00000| Untracked 
|  24|0x0000000708e00000, 0x0000000708e00000, 0x0000000709000000|  0%| F|  |TAMS 0x0000000708e00000, 0x0000000708e00000| Untracked 
|  25|0x0000000709000000, 0x0000000709000000, 0x0000000709200000|  0%| F|  |TAMS 0x0000000709000000, 0x0000000709000000| Untracked 
|  26|0x0000000709200000, 0x0000000709200000, 0x0000000709400000|  0%| F|  |TAMS 0x0000000709200000, 0x0000000709200000| Untracked 
|  27|0x0000000709400000, 0x0000000709400000, 0x0000000709600000|  0%| F|  |TAMS 0x0000000709400000, 0x0000000709400000| Untracked 
|  28|0x0000000709600000, 0x0000000709600000, 0x0000000709800000|  0%| F|  |TAMS 0x0000000709600000, 0x0000000709600000| Untracked 
|  29|0x0000000709800000, 0x0000000709800000, 0x0000000709a00000|  0%| F|  |TAMS 0x0000000709800000, 0x0000000709800000| Untracked 
|  30|0x0000000709a00000, 0x0000000709a00000, 0x0000000709c00000|  0%| F|  |TAMS 0x0000000709a00000, 0x0000000709a00000| Untracked 
|  31|0x0000000709c00000, 0x0000000709c00000, 0x0000000709e00000|  0%| F|  |TAMS 0x0000000709c00000, 0x0000000709c00000| Untracked 
|  32|0x0000000709e00000, 0x0000000709e00000, 0x000000070a000000|  0%| F|  |TAMS 0x0000000709e00000, 0x0000000709e00000| Untracked 
|  33|0x000000070a000000, 0x000000070a000000, 0x000000070a200000|  0%| F|  |TAMS 0x000000070a000000, 0x000000070a000000| Untracked 
|  34|0x000000070a200000, 0x000000070a200000, 0x000000070a400000|  0%| F|  |TAMS 0x000000070a200000, 0x000000070a200000| Untracked 
|  35|0x000000070a400000, 0x000000070a400000, 0x000000070a600000|  0%| F|  |TAMS 0x000000070a400000, 0x000000070a400000| Untracked 
|  36|0x000000070a600000, 0x000000070a600000, 0x000000070a800000|  0%| F|  |TAMS 0x000000070a600000, 0x000000070a600000| Untracked 
|  37|0x000000070a800000, 0x000000070a800000, 0x000000070aa00000|  0%| F|  |TAMS 0x000000070a800000, 0x000000070a800000| Untracked 
|  38|0x000000070aa00000, 0x000000070aa00000, 0x000000070ac00000|  0%| F|  |TAMS 0x000000070aa00000, 0x000000070aa00000| Untracked 
|  39|0x000000070ac00000, 0x000000070ac00000, 0x000000070ae00000|  0%| F|  |TAMS 0x000000070ac00000, 0x000000070ac00000| Untracked 
|  40|0x000000070ae00000, 0x000000070ae00000, 0x000000070b000000|  0%| F|  |TAMS 0x000000070ae00000, 0x000000070ae00000| Untracked 
|  41|0x000000070b000000, 0x000000070b000000, 0x000000070b200000|  0%| F|  |TAMS 0x000000070b000000, 0x000000070b000000| Untracked 
|  42|0x000000070b200000, 0x000000070b200000, 0x000000070b400000|  0%| F|  |TAMS 0x000000070b200000, 0x000000070b200000| Untracked 
|  43|0x000000070b400000, 0x000000070b400000, 0x000000070b600000|  0%| F|  |TAMS 0x000000070b400000, 0x000000070b400000| Untracked 
|  44|0x000000070b600000, 0x000000070b728980, 0x000000070b800000| 57%| S|CS|TAMS 0x000000070b600000, 0x000000070b600000| Complete 
|  45|0x000000070b800000, 0x000000070ba00000, 0x000000070ba00000|100%| S|CS|TAMS 0x000000070b800000, 0x000000070b800000| Complete 
|  46|0x000000070ba00000, 0x000000070bc00000, 0x000000070bc00000|100%| S|CS|TAMS 0x000000070ba00000, 0x000000070ba00000| Complete 
|  47|0x000000070bc00000, 0x000000070be00000, 0x000000070be00000|100%| S|CS|TAMS 0x000000070bc00000, 0x000000070bc00000| Complete 
|  48|0x000000070be00000, 0x000000070c000000, 0x000000070c000000|100%| S|CS|TAMS 0x000000070be00000, 0x000000070be00000| Complete 
|  49|0x000000070c000000, 0x000000070c200000, 0x000000070c200000|100%| S|CS|TAMS 0x000000070c000000, 0x000000070c000000| Complete 
|  50|0x000000070c200000, 0x000000070c400000, 0x000000070c400000|100%| S|CS|TAMS 0x000000070c200000, 0x000000070c200000| Complete 
|  51|0x000000070c400000, 0x000000070c400000, 0x000000070c600000|  0%| F|  |TAMS 0x000000070c400000, 0x000000070c400000| Untracked 
|  52|0x000000070c600000, 0x000000070c600000, 0x000000070c800000|  0%| F|  |TAMS 0x000000070c600000, 0x000000070c600000| Untracked 
|  53|0x000000070c800000, 0x000000070c800000, 0x000000070ca00000|  0%| F|  |TAMS 0x000000070c800000, 0x000000070c800000| Untracked 
|  54|0x000000070ca00000, 0x000000070ca00000, 0x000000070cc00000|  0%| F|  |TAMS 0x000000070ca00000, 0x000000070ca00000| Untracked 
|  55|0x000000070cc00000, 0x000000070cc00000, 0x000000070ce00000|  0%| F|  |TAMS 0x000000070cc00000, 0x000000070cc00000| Untracked 
|  56|0x000000070ce00000, 0x000000070ce00000, 0x000000070d000000|  0%| F|  |TAMS 0x000000070ce00000, 0x000000070ce00000| Untracked 
|  57|0x000000070d000000, 0x000000070d000000, 0x000000070d200000|  0%| F|  |TAMS 0x000000070d000000, 0x000000070d000000| Untracked 
|  58|0x000000070d200000, 0x000000070d200000, 0x000000070d400000|  0%| F|  |TAMS 0x000000070d200000, 0x000000070d200000| Untracked 
|  59|0x000000070d400000, 0x000000070d400000, 0x000000070d600000|  0%| F|  |TAMS 0x000000070d400000, 0x000000070d400000| Untracked 
|  60|0x000000070d600000, 0x000000070d600000, 0x000000070d800000|  0%| F|  |TAMS 0x000000070d600000, 0x000000070d600000| Untracked 
|  61|0x000000070d800000, 0x000000070d800000, 0x000000070da00000|  0%| F|  |TAMS 0x000000070d800000, 0x000000070d800000| Untracked 
|  62|0x000000070da00000, 0x000000070da00000, 0x000000070dc00000|  0%| F|  |TAMS 0x000000070da00000, 0x000000070da00000| Untracked 
|  63|0x000000070dc00000, 0x000000070dc00000, 0x000000070de00000|  0%| F|  |TAMS 0x000000070dc00000, 0x000000070dc00000| Untracked 
|  64|0x000000070de00000, 0x000000070de00000, 0x000000070e000000|  0%| F|  |TAMS 0x000000070de00000, 0x000000070de00000| Untracked 
|  65|0x000000070e000000, 0x000000070e000000, 0x000000070e200000|  0%| F|  |TAMS 0x000000070e000000, 0x000000070e000000| Untracked 
|  66|0x000000070e200000, 0x000000070e200000, 0x000000070e400000|  0%| F|  |TAMS 0x000000070e200000, 0x000000070e200000| Untracked 
|  67|0x000000070e400000, 0x000000070e400000, 0x000000070e600000|  0%| F|  |TAMS 0x000000070e400000, 0x000000070e400000| Untracked 
|  68|0x000000070e600000, 0x000000070e600000, 0x000000070e800000|  0%| F|  |TAMS 0x000000070e600000, 0x000000070e600000| Untracked 
|  69|0x000000070e800000, 0x000000070e800000, 0x000000070ea00000|  0%| F|  |TAMS 0x000000070e800000, 0x000000070e800000| Untracked 
|  70|0x000000070ea00000, 0x000000070ea00000, 0x000000070ec00000|  0%| F|  |TAMS 0x000000070ea00000, 0x000000070ea00000| Untracked 
|  71|0x000000070ec00000, 0x000000070ec00000, 0x000000070ee00000|  0%| F|  |TAMS 0x000000070ec00000, 0x000000070ec00000| Untracked 
|  72|0x000000070ee00000, 0x000000070ee00000, 0x000000070f000000|  0%| F|  |TAMS 0x000000070ee00000, 0x000000070ee00000| Untracked 
|  73|0x000000070f000000, 0x000000070f000000, 0x000000070f200000|  0%| F|  |TAMS 0x000000070f000000, 0x000000070f000000| Untracked 
|  74|0x000000070f200000, 0x000000070f200000, 0x000000070f400000|  0%| F|  |TAMS 0x000000070f200000, 0x000000070f200000| Untracked 
|  75|0x000000070f400000, 0x000000070f400000, 0x000000070f600000|  0%| F|  |TAMS 0x000000070f400000, 0x000000070f400000| Untracked 
|  76|0x000000070f600000, 0x000000070f600000, 0x000000070f800000|  0%| F|  |TAMS 0x000000070f600000, 0x000000070f600000| Untracked 
|  77|0x000000070f800000, 0x000000070f800000, 0x000000070fa00000|  0%| F|  |TAMS 0x000000070f800000, 0x000000070f800000| Untracked 
|  78|0x000000070fa00000, 0x000000070fa00000, 0x000000070fc00000|  0%| F|  |TAMS 0x000000070fa00000, 0x000000070fa00000| Untracked 
|  79|0x000000070fc00000, 0x000000070fc00000, 0x000000070fe00000|  0%| F|  |TAMS 0x000000070fc00000, 0x000000070fc00000| Untracked 
|  80|0x000000070fe00000, 0x000000070fe00000, 0x0000000710000000|  0%| F|  |TAMS 0x000000070fe00000, 0x000000070fe00000| Untracked 
|  81|0x0000000710000000, 0x0000000710000000, 0x0000000710200000|  0%| F|  |TAMS 0x0000000710000000, 0x0000000710000000| Untracked 
|  82|0x0000000710200000, 0x0000000710200000, 0x0000000710400000|  0%| F|  |TAMS 0x0000000710200000, 0x0000000710200000| Untracked 
|  83|0x0000000710400000, 0x0000000710400000, 0x0000000710600000|  0%| F|  |TAMS 0x0000000710400000, 0x0000000710400000| Untracked 
|  84|0x0000000710600000, 0x0000000710600000, 0x0000000710800000|  0%| F|  |TAMS 0x0000000710600000, 0x0000000710600000| Untracked 
|  85|0x0000000710800000, 0x0000000710800000, 0x0000000710a00000|  0%| F|  |TAMS 0x0000000710800000, 0x0000000710800000| Untracked 
|  86|0x0000000710a00000, 0x0000000710a00000, 0x0000000710c00000|  0%| F|  |TAMS 0x0000000710a00000, 0x0000000710a00000| Untracked 
|  87|0x0000000710c00000, 0x0000000710c00000, 0x0000000710e00000|  0%| F|  |TAMS 0x0000000710c00000, 0x0000000710c00000| Untracked 
|  88|0x0000000710e00000, 0x0000000710e00000, 0x0000000711000000|  0%| F|  |TAMS 0x0000000710e00000, 0x0000000710e00000| Untracked 
|  89|0x0000000711000000, 0x0000000711000000, 0x0000000711200000|  0%| F|  |TAMS 0x0000000711000000, 0x0000000711000000| Untracked 
|  90|0x0000000711200000, 0x0000000711200000, 0x0000000711400000|  0%| F|  |TAMS 0x0000000711200000, 0x0000000711200000| Untracked 
|  91|0x0000000711400000, 0x0000000711400000, 0x0000000711600000|  0%| F|  |TAMS 0x0000000711400000, 0x0000000711400000| Untracked 
|  92|0x0000000711600000, 0x0000000711600000, 0x0000000711800000|  0%| F|  |TAMS 0x0000000711600000, 0x0000000711600000| Untracked 
|  93|0x0000000711800000, 0x0000000711800000, 0x0000000711a00000|  0%| F|  |TAMS 0x0000000711800000, 0x0000000711800000| Untracked 
|  94|0x0000000711a00000, 0x0000000711a00000, 0x0000000711c00000|  0%| F|  |TAMS 0x0000000711a00000, 0x0000000711a00000| Untracked 
|  95|0x0000000711c00000, 0x0000000711c00000, 0x0000000711e00000|  0%| F|  |TAMS 0x0000000711c00000, 0x0000000711c00000| Untracked 
|  96|0x0000000711e00000, 0x0000000711e00000, 0x0000000712000000|  0%| F|  |TAMS 0x0000000711e00000, 0x0000000711e00000| Untracked 
|  97|0x0000000712000000, 0x0000000712000000, 0x0000000712200000|  0%| F|  |TAMS 0x0000000712000000, 0x0000000712000000| Untracked 
|  98|0x0000000712200000, 0x0000000712200000, 0x0000000712400000|  0%| F|  |TAMS 0x0000000712200000, 0x0000000712200000| Untracked 
|  99|0x0000000712400000, 0x0000000712400000, 0x0000000712600000|  0%| F|  |TAMS 0x0000000712400000, 0x0000000712400000| Untracked 
| 100|0x0000000712600000, 0x0000000712600000, 0x0000000712800000|  0%| F|  |TAMS 0x0000000712600000, 0x0000000712600000| Untracked 
| 101|0x0000000712800000, 0x0000000712800000, 0x0000000712a00000|  0%| F|  |TAMS 0x0000000712800000, 0x0000000712800000| Untracked 
| 102|0x0000000712a00000, 0x0000000712a00000, 0x0000000712c00000|  0%| F|  |TAMS 0x0000000712a00000, 0x0000000712a00000| Untracked 
| 103|0x0000000712c00000, 0x0000000712c00000, 0x0000000712e00000|  0%| F|  |TAMS 0x0000000712c00000, 0x0000000712c00000| Untracked 
| 104|0x0000000712e00000, 0x0000000712e00000, 0x0000000713000000|  0%| F|  |TAMS 0x0000000712e00000, 0x0000000712e00000| Untracked 
| 105|0x0000000713000000, 0x0000000713000000, 0x0000000713200000|  0%| F|  |TAMS 0x0000000713000000, 0x0000000713000000| Untracked 
| 106|0x0000000713200000, 0x0000000713200000, 0x0000000713400000|  0%| F|  |TAMS 0x0000000713200000, 0x0000000713200000| Untracked 
| 107|0x0000000713400000, 0x0000000713400000, 0x0000000713600000|  0%| F|  |TAMS 0x0000000713400000, 0x0000000713400000| Untracked 
| 108|0x0000000713600000, 0x0000000713600000, 0x0000000713800000|  0%| F|  |TAMS 0x0000000713600000, 0x0000000713600000| Untracked 
| 109|0x0000000713800000, 0x0000000713800000, 0x0000000713a00000|  0%| F|  |TAMS 0x0000000713800000, 0x0000000713800000| Untracked 
| 110|0x0000000713a00000, 0x0000000713a00000, 0x0000000713c00000|  0%| F|  |TAMS 0x0000000713a00000, 0x0000000713a00000| Untracked 
| 111|0x0000000713c00000, 0x0000000713c00000, 0x0000000713e00000|  0%| F|  |TAMS 0x0000000713c00000, 0x0000000713c00000| Untracked 
| 112|0x0000000713e00000, 0x0000000713e00000, 0x0000000714000000|  0%| F|  |TAMS 0x0000000713e00000, 0x0000000713e00000| Untracked 
| 113|0x0000000714000000, 0x0000000714000000, 0x0000000714200000|  0%| F|  |TAMS 0x0000000714000000, 0x0000000714000000| Untracked 
| 114|0x0000000714200000, 0x0000000714263fc8, 0x0000000714400000| 19%| E|  |TAMS 0x0000000714200000, 0x0000000714200000| Complete 
| 115|0x0000000714400000, 0x0000000714600000, 0x0000000714600000|100%| E|CS|TAMS 0x0000000714400000, 0x0000000714400000| Complete 
| 116|0x0000000714600000, 0x0000000714800000, 0x0000000714800000|100%| E|CS|TAMS 0x0000000714600000, 0x0000000714600000| Complete 
| 117|0x0000000714800000, 0x0000000714a00000, 0x0000000714a00000|100%| E|CS|TAMS 0x0000000714800000, 0x0000000714800000| Complete 
| 118|0x0000000714a00000, 0x0000000714c00000, 0x0000000714c00000|100%| E|CS|TAMS 0x0000000714a00000, 0x0000000714a00000| Complete 
| 119|0x0000000714c00000, 0x0000000714e00000, 0x0000000714e00000|100%| E|CS|TAMS 0x0000000714c00000, 0x0000000714c00000| Complete 
| 120|0x0000000714e00000, 0x0000000715000000, 0x0000000715000000|100%| E|CS|TAMS 0x0000000714e00000, 0x0000000714e00000| Complete 
| 121|0x0000000715000000, 0x0000000715200000, 0x0000000715200000|100%| E|CS|TAMS 0x0000000715000000, 0x0000000715000000| Complete 
| 122|0x0000000715200000, 0x0000000715400000, 0x0000000715400000|100%| E|CS|TAMS 0x0000000715200000, 0x0000000715200000| Complete 
| 123|0x0000000715400000, 0x0000000715600000, 0x0000000715600000|100%| E|CS|TAMS 0x0000000715400000, 0x0000000715400000| Complete 
| 124|0x0000000715600000, 0x0000000715800000, 0x0000000715800000|100%| E|CS|TAMS 0x0000000715600000, 0x0000000715600000| Complete 
| 125|0x0000000715800000, 0x0000000715a00000, 0x0000000715a00000|100%| E|CS|TAMS 0x0000000715800000, 0x0000000715800000| Complete 

Card table byte_map: [0x00000217ca280000,0x00000217caa60000] _byte_map_base: 0x00000217c6a51000

Marking Bits (Prev, Next): (CMBitMap*) 0x00000217b23244a0, (CMBitMap*) 0x00000217b23244e0
 Prev Bits: [0x00000217cb240000, 0x00000217cf0c8000)
 Next Bits: [0x00000217cf0d0000, 0x00000217d2f58000)

Polling page: 0x00000217b0230000

Metaspace:

Usage:
  Non-class:     16.48 MB used.
      Class:      1.85 MB used.
       Both:     18.33 MB used.

Virtual space:
  Non-class space:       64.00 MB reserved,      16.69 MB ( 26%) committed,  1 nodes.
      Class space:        1.00 GB reserved,       2.00 MB ( <1%) committed,  1 nodes.
             Both:        1.06 GB reserved,      18.69 MB (  2%) committed. 

Chunk freelists:
   Non-Class:  3.23 MB
       Class:  1.89 MB
        Both:  5.12 MB

MaxMetaspaceSize: unlimited
CompressedClassSpaceSize: 1.00 GB
Initial GC threshold: 21.00 MB
Current GC threshold: 21.00 MB
CDS: on
MetaspaceReclaimPolicy: balanced
 - commit_granule_bytes: 65536.
 - commit_granule_words: 8192.
 - virtual_space_node_default_size: 8388608.
 - enlarge_chunks_in_place: 1.
 - new_chunks_are_fully_committed: 0.
 - uncommit_free_chunks: 1.
 - use_allocation_guard: 0.


Internal statistics:

num_allocs_failed_limit: 0.
num_arena_births: 310.
num_arena_deaths: 0.
num_vsnodes_births: 2.
num_vsnodes_deaths: 0.
num_space_committed: 299.
num_space_uncommitted: 0.
num_chunks_returned_to_freelist: 0.
num_chunks_taken_from_freelist: 927.
num_chunk_merges: 0.
num_chunk_splits: 658.
num_chunks_enlarged: 491.
num_inconsistent_stats: 0.

CodeHeap 'non-profiled nmethods': size=119168Kb used=2870Kb max_used=2870Kb free=116297Kb
 bounds [0x00000217c1db0000, 0x00000217c2080000, 0x00000217c9210000]
CodeHeap 'profiled nmethods': size=119104Kb used=11458Kb max_used=11458Kb free=107645Kb
 bounds [0x00000217ba210000, 0x00000217bad50000, 0x00000217c1660000]
CodeHeap 'non-nmethods': size=7488Kb used=3005Kb max_used=3061Kb free=4482Kb
 bounds [0x00000217c1660000, 0x00000217c1960000, 0x00000217c1db0000]
 total_blobs=5750 nmethods=5211 adapters=446
 compilation: enabled
              stopped_count=0, restarted_count=0
 full_count=0

Compilation events (20 events):
Event: 2.180 Thread 0x00000217d5e297a0 nmethod 5204 0x00000217bad3ab10 code [0x00000217bad3ad80, 0x00000217bad3b8d8]
Event: 2.180 Thread 0x00000217d5e297a0 5209       3       java.util.zip.DeflaterOutputStream::write (21 bytes)
Event: 2.180 Thread 0x00000217da795770 nmethod 5207 0x00000217bad3c410 code [0x00000217bad3c5a0, 0x00000217bad3c6f8]
Event: 2.180 Thread 0x00000217da1cfbc0 nmethod 5208 0x00000217bad3e610 code [0x00000217bad3e7c0, 0x00000217bad3eae8]
Event: 2.180 Thread 0x00000217d5e297a0 nmethod 5209 0x00000217bad3ec10 code [0x00000217bad3edc0, 0x00000217bad3f048]
Event: 2.180 Thread 0x00000217da796100 nmethod 5201 0x00000217bad3c790 code [0x00000217bad3ca60, 0x00000217bad3dd08]
Event: 2.180 Thread 0x00000217dae62d50 nmethod 5210 0x00000217c2071990 code [0x00000217c2071b20, 0x00000217c2071bd8]
Event: 2.183 Thread 0x00000217da1cfbc0 5211       3       java.util.Arrays::binarySearch (9 bytes)
Event: 2.183 Thread 0x00000217da796100 5212       3       java.util.Arrays::binarySearch0 (72 bytes)
Event: 2.183 Thread 0x00000217da1cfbc0 nmethod 5211 0x00000217bad3f110 code [0x00000217bad3f2c0, 0x00000217bad3f3e8]
Event: 2.183 Thread 0x00000217da796100 nmethod 5212 0x00000217bad3f490 code [0x00000217bad3f640, 0x00000217bad3f8d8]
Event: 2.184 Thread 0x00000217dae61180 5213       4       java.util.Collections$UnmodifiableMap$UnmodifiableEntrySet$1::hasNext (10 bytes)
Event: 2.185 Thread 0x00000217dae61180 nmethod 5213 0x00000217c2071c90 code [0x00000217c2071e20, 0x00000217c2071f18]
Event: 2.185 Thread 0x00000217d5e297a0 5214       3       java.lang.ProcessEnvironment$CheckedEntry::getKey (5 bytes)
Event: 2.185 Thread 0x00000217d5e297a0 nmethod 5214 0x00000217bad3fa10 code [0x00000217bad3fbc0, 0x00000217bad3ff08]
Event: 2.185 Thread 0x00000217da795770 5215       3       java.lang.ProcessEnvironment$CheckedEntry::getKey (13 bytes)
Event: 2.185 Thread 0x00000217da795770 nmethod 5215 0x00000217bad40010 code [0x00000217bad401c0, 0x00000217bad40488]
Event: 2.236 Thread 0x00000217d5e297a0 5217       3       java.lang.System::lineSeparator (4 bytes)
Event: 2.236 Thread 0x00000217d5e297a0 nmethod 5217 0x00000217bad40590 code [0x00000217bad40720, 0x00000217bad40818]
Event: 2.242 Thread 0x00000217dae61710 nmethod 5190 0x00000217c2072310 code [0x00000217c2072a20, 0x00000217c2079bf8]

GC Heap History (6 events):
Event: 0.362 GC heap before
{Heap before GC invocations=0 (full 0):
 garbage-first heap   total 258048K, used 22528K [0x0000000705e00000, 0x0000000800000000)
  region size 2048K, 11 young (22528K), 0 survivors (0K)
 Metaspace       used 5277K, committed 5376K, reserved 1114112K
  class space    used 572K, committed 640K, reserved 1048576K
}
Event: 0.365 GC heap after
{Heap after GC invocations=1 (full 0):
 garbage-first heap   total 258048K, used 3789K [0x0000000705e00000, 0x0000000800000000)
  region size 2048K, 2 young (4096K), 2 survivors (4096K)
 Metaspace       used 5277K, committed 5376K, reserved 1114112K
  class space    used 572K, committed 640K, reserved 1048576K
}
Event: 0.833 GC heap before
{Heap before GC invocations=1 (full 0):
 garbage-first heap   total 258048K, used 38605K [0x0000000705e00000, 0x0000000800000000)
  region size 2048K, 19 young (38912K), 2 survivors (4096K)
 Metaspace       used 10464K, committed 10688K, reserved 1114112K
  class space    used 1223K, committed 1344K, reserved 1048576K
}
Event: 0.836 GC heap after
{Heap after GC invocations=2 (full 0):
 garbage-first heap   total 258048K, used 5656K [0x0000000705e00000, 0x0000000800000000)
  region size 2048K, 2 young (4096K), 2 survivors (4096K)
 Metaspace       used 10464K, committed 10688K, reserved 1114112K
  class space    used 1223K, committed 1344K, reserved 1048576K
}
Event: 2.096 GC heap before
{Heap before GC invocations=2 (full 0):
 garbage-first heap   total 258048K, used 187928K [0x0000000705e00000, 0x0000000800000000)
  region size 2048K, 75 young (153600K), 2 survivors (4096K)
 Metaspace       used 17938K, committed 18368K, reserved 1114112K
  class space    used 1818K, committed 2048K, reserved 1048576K
}
Event: 2.102 GC heap after
{Heap after GC invocations=3 (full 0):
 garbage-first heap   total 258048K, used 16882K [0x0000000705e00000, 0x0000000800000000)
  region size 2048K, 7 young (14336K), 7 survivors (14336K)
 Metaspace       used 17938K, committed 18368K, reserved 1114112K
  class space    used 1818K, committed 2048K, reserved 1048576K
}

Dll operation events (12 events):
Event: 0.005 Loaded shared library C:\Program Files\Java\jdk-19\bin\java.dll
Event: 0.010 Loaded shared library C:\Program Files\Java\jdk-19\bin\jsvml.dll
Event: 0.042 Loaded shared library C:\Program Files\Java\jdk-19\bin\zip.dll
Event: 0.043 Loaded shared library C:\Program Files\Java\jdk-19\bin\instrument.dll
Event: 0.048 Loaded shared library C:\Program Files\Java\jdk-19\bin\net.dll
Event: 0.049 Loaded shared library C:\Program Files\Java\jdk-19\bin\nio.dll
Event: 0.052 Loaded shared library C:\Program Files\Java\jdk-19\bin\zip.dll
Event: 0.062 Loaded shared library C:\Program Files\JetBrains\IntelliJ IDEA 2022.1.2\bin\breakgen64.dll
Event: 0.066 Loaded shared library C:\Program Files\Java\jdk-19\bin\extnet.dll
Event: 0.115 Loaded shared library C:\Program Files\Java\jdk-19\bin\jimage.dll
Event: 0.161 Loaded shared library C:\Users\99293\AppData\Local\Temp\jansi-2.4.0-33120ca3793a0099-jansi.dll
Event: 0.167 Loaded shared library C:\Program Files\Java\jdk-19\bin\verify.dll

Deoptimization events (20 events):
Event: 2.184 Thread 0x00000217b22b2c90 Uncommon trap: trap_request=0xffffffde fr.pc=0x00000217c1f0e090 relative=0x0000000000000070
Event: 2.184 Thread 0x00000217b22b2c90 Uncommon trap: reason=class_check action=maybe_recompile pc=0x00000217c1f0e090 method=java.util.Collections$UnmodifiableMap$UnmodifiableEntrySet$UnmodifiableEntry.getKey()Ljava/lang/Object; @ 4 c2
Event: 2.184 Thread 0x00000217b22b2c90 DEOPT PACKING pc=0x00000217c1f0e090 sp=0x00000076b11fdc60
Event: 2.184 Thread 0x00000217b22b2c90 DEOPT UNPACKING pc=0x00000217c16c6da3 sp=0x00000076b11fdbf0 mode 2
Event: 2.184 Thread 0x00000217b22b2c90 Uncommon trap: trap_request=0xffffffde fr.pc=0x00000217c1f0e390 relative=0x0000000000000070
Event: 2.184 Thread 0x00000217b22b2c90 Uncommon trap: reason=class_check action=maybe_recompile pc=0x00000217c1f0e390 method=java.util.Collections$UnmodifiableMap$UnmodifiableEntrySet$UnmodifiableEntry.getValue()Ljava/lang/Object; @ 4 c2
Event: 2.184 Thread 0x00000217b22b2c90 DEOPT PACKING pc=0x00000217c1f0e390 sp=0x00000076b11fdc50
Event: 2.184 Thread 0x00000217b22b2c90 DEOPT UNPACKING pc=0x00000217c16c6da3 sp=0x00000076b11fdbe0 mode 2
Event: 2.235 Thread 0x00000217ddc0f950 Uncommon trap: trap_request=0xffffff45 fr.pc=0x00000217c200a8b8 relative=0x0000000000000038
Event: 2.235 Thread 0x00000217ddc0f950 Uncommon trap: reason=unstable_if action=reinterpret pc=0x00000217c200a8b8 method=java.util.Formatter$Conversion.isValid(C)Z @ 1 c2
Event: 2.235 Thread 0x00000217ddc0f950 DEOPT PACKING pc=0x00000217c200a8b8 sp=0x00000076b42feb00
Event: 2.235 Thread 0x00000217ddc0f950 DEOPT UNPACKING pc=0x00000217c16c6da3 sp=0x00000076b42fea88 mode 2
Event: 2.235 Thread 0x00000217ddc0f950 Uncommon trap: trap_request=0xffffff45 fr.pc=0x00000217c200d458 relative=0x00000000000004f8
Event: 2.235 Thread 0x00000217ddc0f950 Uncommon trap: reason=unstable_if action=reinterpret pc=0x00000217c200d458 method=java.util.Formatter$FormatSpecifier.print(Ljava/util/Formatter;Ljava/lang/Object;Ljava/util/Locale;)V @ 19 c2
Event: 2.235 Thread 0x00000217ddc0f950 DEOPT PACKING pc=0x00000217c200d458 sp=0x00000076b42febe0
Event: 2.235 Thread 0x00000217ddc0f950 DEOPT UNPACKING pc=0x00000217c16c6da3 sp=0x00000076b42febc0 mode 2
Event: 2.235 Thread 0x00000217ddc0f950 Uncommon trap: trap_request=0xffffffde fr.pc=0x00000217c200c834 relative=0x0000000000000574
Event: 2.235 Thread 0x00000217ddc0f950 Uncommon trap: reason=class_check action=maybe_recompile pc=0x00000217c200c834 method=java.lang.AbstractStringBuilder.append(Ljava/lang/CharSequence;)Ljava/lang/AbstractStringBuilder; @ 10 c2
Event: 2.235 Thread 0x00000217ddc0f950 DEOPT PACKING pc=0x00000217c200c834 sp=0x00000076b42fe9b0
Event: 2.235 Thread 0x00000217ddc0f950 DEOPT UNPACKING pc=0x00000217c16c6da3 sp=0x00000076b42fe860 mode 2

Classes loaded (20 events):
Event: 2.185 Loading class java/lang/Process done
Event: 2.185 Loading class java/lang/ProcessImpl done
Event: 2.191 Loading class java/lang/ProcessImpl$2
Event: 2.191 Loading class java/lang/ProcessImpl$2 done
Event: 2.191 Loading class java/lang/Process$PipeInputStream
Event: 2.191 Loading class java/lang/Process$PipeInputStream done
Event: 2.192 Loading class jdk/internal/event/ProcessStartEvent
Event: 2.192 Loading class jdk/internal/event/Event
Event: 2.192 Loading class jdk/internal/event/Event done
Event: 2.192 Loading class jdk/internal/event/ProcessStartEvent done
Event: 2.193 Loading class java/io/PrintWriter
Event: 2.193 Loading class java/io/PrintWriter done
Event: 2.236 Loading class java/io/PrintWriter$1
Event: 2.236 Loading class jdk/internal/access/JavaIOPrintWriterAccess
Event: 2.236 Loading class jdk/internal/access/JavaIOPrintWriterAccess done
Event: 2.236 Loading class java/io/PrintWriter$1 done
Event: 2.236 Loading class java/lang/Throwable$WrappedPrintWriter
Event: 2.236 Loading class java/lang/Throwable$PrintStreamOrWriter
Event: 2.236 Loading class java/lang/Throwable$PrintStreamOrWriter done
Event: 2.236 Loading class java/lang/Throwable$WrappedPrintWriter done

Classes unloaded (0 events):
No events

Classes redefined (0 events):
No events

Internal exceptions (20 events):
Event: 1.012 Thread 0x00000217b22b2c90 Exception <a 'java/lang/NoSuchMethodError'{0x0000000714c64ea0}: 'java.lang.Object java.lang.invoke.DirectMethodHandle$Holder.invokeStatic(java.lang.Object, java.lang.Object, java.lang.Object, java.lang.Object, int)'> (0x0000000714c64ea0) 
thrown [s\open\src\hotspot\share\interpreter\linkResolver.cpp, line 774]
Event: 1.012 Thread 0x00000217b22b2c90 Exception <a 'java/lang/NoSuchMethodError'{0x0000000714c70760}: 'void java.lang.invoke.DelegatingMethodHandle$Holder.reinvoke_L(java.lang.Object, java.lang.Object, int)'> (0x0000000714c70760) 
thrown [s\open\src\hotspot\share\interpreter\linkResolver.cpp, line 774]
Event: 1.269 Thread 0x00000217d5e18ed0 Exception <a 'java/lang/NoSuchMethodError'{0x0000000712f55b60}: 'java.lang.Object java.lang.invoke.Invokers$Holder.invokeExact_MT(java.lang.Object, java.lang.Object, java.lang.Object, java.lang.Object, java.lang.Object, java.lang.Object)'> (0x0000000712f55b60) 
thrown [s\open\src\hotspot\share\interpreter\linkResolver.cpp, line 774]
Event: 1.481 Thread 0x00000217b22b2c90 Implicit null exception at 0x00000217c1e33e0d to 0x00000217c1e34064
Event: 1.482 Thread 0x00000217b22b2c90 Implicit null exception at 0x00000217c1e862ed to 0x00000217c1e864c0
Event: 1.482 Thread 0x00000217b22b2c90 Implicit null exception at 0x00000217c1e7e9af to 0x00000217c1e7ea29
Event: 1.730 Thread 0x00000217b22b2c90 Exception <a 'java/lang/NoSuchMethodError'{0x000000070ec38dd0}: 'void java.lang.invoke.Invokers$Holder.invokeExact_MT(java.lang.Object, java.lang.Object, int, java.lang.Object)'> (0x000000070ec38dd0) 
thrown [s\open\src\hotspot\share\interpreter\linkResolver.cpp, line 774]
Event: 2.031 Thread 0x00000217b22b2c90 Exception <a 'java/lang/NoSuchMethodError'{0x000000070c8d9be0}: 'int java.lang.invoke.DirectMethodHandle$Holder.invokeVirtual(java.lang.Object, java.lang.Object)'> (0x000000070c8d9be0) 
thrown [s\open\src\hotspot\share\interpreter\linkResolver.cpp, line 774]
Event: 2.032 Thread 0x00000217da2526b0 Exception <a 'java/lang/NoSuchMethodError'{0x000000070c826228}: 'java.lang.Object java.lang.invoke.DirectMethodHandle$Holder.invokeStaticInit(java.lang.Object)'> (0x000000070c826228) 
thrown [s\open\src\hotspot\share\interpreter\linkResolver.cpp, line 774]
Event: 2.032 Thread 0x00000217da2526b0 Exception <a 'java/lang/NoSuchMethodError'{0x000000070c82c8a0}: 'java.lang.Object java.lang.invoke.DirectMethodHandle$Holder.invokeStatic(java.lang.Object, long, java.lang.Object)'> (0x000000070c82c8a0) 
thrown [s\open\src\hotspot\share\interpreter\linkResolver.cpp, line 774]
Event: 2.032 Thread 0x00000217da2526b0 Exception <a 'java/lang/NoSuchMethodError'{0x000000070c830020}: 'java.lang.Object java.lang.invoke.DirectMethodHandle$Holder.invokeStaticInit(java.lang.Object, long, java.lang.Object)'> (0x000000070c830020) 
thrown [s\open\src\hotspot\share\interpreter\linkResolver.cpp, line 774]
Event: 2.033 Thread 0x00000217da2526b0 Exception <a 'java/lang/NoSuchMethodError'{0x000000070c835dd8}: 'java.lang.Object java.lang.invoke.DirectMethodHandle$Holder.newInvokeSpecial(java.lang.Object, long)'> (0x000000070c835dd8) 
thrown [s\open\src\hotspot\share\interpreter\linkResolver.cpp, line 774]
Event: 2.034 Thread 0x00000217da2526b0 Exception <a 'java/lang/NoSuchMethodError'{0x000000070c83ad68}: 'long java.lang.invoke.DirectMethodHandle$Holder.invokeInterface(java.lang.Object, java.lang.Object)'> (0x000000070c83ad68) 
thrown [s\open\src\hotspot\share\interpreter\linkResolver.cpp, line 774]
Event: 2.034 Thread 0x00000217da2526b0 Exception <a 'java/lang/NoSuchMethodError'{0x000000070c83f300}: 'long java.lang.invoke.DelegatingMethodHandle$Holder.reinvoke_L(java.lang.Object, java.lang.Object)'> (0x000000070c83f300) 
thrown [s\open\src\hotspot\share\interpreter\linkResolver.cpp, line 774]
Event: 2.037 Thread 0x00000217b22b2c90 Exception <a 'java/lang/NoSuchMethodError'{0x000000070c9e3f38}: 'java.lang.String org.apache.maven.execution.MavenExecutionRequest.getFailureBehavior()'> (0x000000070c9e3f38) 
thrown [s\open\src\hotspot\share\interpreter\linkResolver.cpp, line 870]
Event: 2.084 Thread 0x00000217b22b2c90 Exception <a 'java/lang/NoSuchMethodError'{0x000000070c777dc0}: 'java.lang.Object java.lang.invoke.DirectMethodHandle$Holder.invokeStaticInit(java.lang.Object, java.lang.Object, int, int, int, int)'> (0x000000070c777dc0) 
thrown [s\open\src\hotspot\share\interpreter\linkResolver.cpp, line 774]
Event: 2.086 Thread 0x00000217b22b2c90 Exception <a 'java/lang/NoSuchMethodError'{0x000000070c780ff8}: 'java.lang.Object java.lang.invoke.DirectMethodHandle$Holder.invokeInterface(java.lang.Object, java.lang.Object)'> (0x000000070c780ff8) 
thrown [s\open\src\hotspot\share\interpreter\linkResolver.cpp, line 774]
Event: 2.103 Thread 0x00000217b22b2c90 Implicit null exception at 0x00000217c1fe668a to 0x00000217c1fea90c
Event: 2.103 Thread 0x00000217b22b2c90 Implicit null exception at 0x00000217c1faf116 to 0x00000217c1fb0368
Event: 2.191 Thread 0x00000217b22b2c90 Exception <a 'java/lang/NoSuchMethodError'{0x000000071452bbb8}: 'void java.lang.invoke.DirectMethodHandle$Holder.invokeStatic(java.lang.Object, long)'> (0x000000071452bbb8) 
thrown [s\open\src\hotspot\share\interpreter\linkResolver.cpp, line 774]

VM Operations (20 events):
Event: 1.727 Executing VM operation: HandshakeAllThreads
Event: 1.727 Executing VM operation: HandshakeAllThreads done
Event: 1.730 Executing VM operation: HandshakeAllThreads
Event: 1.730 Executing VM operation: HandshakeAllThreads done
Event: 1.835 Executing VM operation: HandshakeAllThreads
Event: 1.835 Executing VM operation: HandshakeAllThreads done
Event: 1.959 Executing VM operation: ICBufferFull
Event: 1.959 Executing VM operation: ICBufferFull done
Event: 2.023 Executing VM operation: HandshakeAllThreads
Event: 2.023 Executing VM operation: HandshakeAllThreads done
Event: 2.077 Executing VM operation: HandshakeAllThreads
Event: 2.077 Executing VM operation: HandshakeAllThreads done
Event: 2.096 Executing VM operation: G1CollectForAllocation
Event: 2.102 Executing VM operation: G1CollectForAllocation done
Event: 2.165 Executing VM operation: HandshakeAllThreads
Event: 2.165 Executing VM operation: HandshakeAllThreads done
Event: 2.182 Executing VM operation: HandshakeAllThreads
Event: 2.182 Executing VM operation: HandshakeAllThreads done
Event: 2.192 Executing VM operation: HandshakeAllThreads
Event: 2.192 Executing VM operation: HandshakeAllThreads done

Events (20 events):
Event: 0.225 Thread 0x00000217da796100 Thread added: 0x00000217da796100
Event: 0.354 Thread 0x00000217dae632e0 Thread added: 0x00000217dae632e0
Event: 0.356 Thread 0x00000217dae62230 Thread added: 0x00000217dae62230
Event: 0.358 Thread 0x00000217dae63870 Thread added: 0x00000217dae63870
Event: 0.367 Thread 0x00000217dae62d50 Thread added: 0x00000217dae62d50
Event: 0.367 Thread 0x00000217dae61180 Thread added: 0x00000217dae61180
Event: 0.367 Thread 0x00000217dae61710 Thread added: 0x00000217dae61710
Event: 2.024 Thread 0x00000217da2526b0 Thread added: 0x00000217da2526b0
Event: 2.035 Thread 0x00000217da2526b0 Thread exited: 0x00000217da2526b0
Event: 2.122 Thread 0x00000217da2526b0 Thread added: 0x00000217da2526b0
Event: 2.122 Thread 0x00000217ddc0e410 Thread added: 0x00000217ddc0e410
Event: 2.122 Thread 0x00000217ddc11e80 Thread added: 0x00000217ddc11e80
Event: 2.154 Thread 0x00000217ddc0eeb0 Thread added: 0x00000217ddc0eeb0
Event: 2.155 Thread 0x00000217ddc0bee0 Thread added: 0x00000217ddc0bee0
Event: 2.162 Thread 0x00000217ddc0f400 Thread added: 0x00000217ddc0f400
Event: 2.164 Thread 0x00000217ddc0e960 Thread added: 0x00000217ddc0e960
Event: 2.182 Thread 0x00000217ddc0f950 Thread added: 0x00000217ddc0f950
Event: 2.193 Thread 0x00000217ddc11930 Thread added: 0x00000217ddc11930
Event: 2.193 Thread 0x00000217ddc123d0 Thread added: 0x00000217ddc123d0
Event: 2.193 Thread 0x00000217ddc0c430 Thread added: 0x00000217ddc0c430


Dynamic libraries:
0x00007ff7d17a0000 - 0x00007ff7d17b0000 	C:\Program Files\Java\jdk-19\bin\java.exe
0x00007ff8634f0000 - 0x00007ff863707000 	C:\WINDOWS\SYSTEM32\ntdll.dll
0x00007ff861ba0000 - 0x00007ff861c64000 	C:\WINDOWS\System32\KERNEL32.DLL
0x00007ff860cc0000 - 0x00007ff86106d000 	C:\WINDOWS\System32\KERNELBASE.dll
0x00007ff8607f0000 - 0x00007ff860901000 	C:\WINDOWS\System32\ucrtbase.dll
0x00007ff850e40000 - 0x00007ff850e58000 	C:\Program Files\Java\jdk-19\bin\jli.dll
0x00007ff850e20000 - 0x00007ff850e3b000 	C:\Program Files\Java\jdk-19\bin\VCRUNTIME140.dll
0x00007ff862ef0000 - 0x00007ff862fa2000 	C:\WINDOWS\System32\ADVAPI32.dll
0x00007ff861860000 - 0x00007ff861907000 	C:\WINDOWS\System32\msvcrt.dll
0x00007ff861c70000 - 0x00007ff861d19000 	C:\WINDOWS\System32\sechost.dll
0x00007ff8611d0000 - 0x00007ff8611f8000 	C:\WINDOWS\System32\bcrypt.dll
0x00007ff862cf0000 - 0x00007ff862e04000 	C:\WINDOWS\System32\RPCRT4.dll
0x00007ff861200000 - 0x00007ff8613ae000 	C:\WINDOWS\System32\USER32.dll
0x00007ff860b20000 - 0x00007ff860b46000 	C:\WINDOWS\System32\win32u.dll
0x00007ff84de90000 - 0x00007ff84e123000 	C:\WINDOWS\WinSxS\amd64_microsoft.windows.common-controls_6595b64144ccf1df_6.0.22621.3672_none_2713b9d173822955\COMCTL32.dll
0x00007ff8614b0000 - 0x00007ff8614d9000 	C:\WINDOWS\System32\GDI32.dll
0x00007ff860910000 - 0x00007ff860a29000 	C:\WINDOWS\System32\gdi32full.dll
0x00007ff861130000 - 0x00007ff8611ca000 	C:\WINDOWS\System32\msvcp_win.dll
0x00007ff8581b0000 - 0x00007ff8581ba000 	C:\WINDOWS\SYSTEM32\VERSION.dll
0x00007ff863440000 - 0x00007ff863471000 	C:\WINDOWS\System32\IMM32.DLL
0x00007ff857550000 - 0x00007ff85755c000 	C:\Program Files\Java\jdk-19\bin\vcruntime140_1.dll
0x00007ff843ce0000 - 0x00007ff843d6e000 	C:\Program Files\Java\jdk-19\bin\msvcp140.dll
0x00007ffff3900000 - 0x00007ffff45c0000 	C:\Program Files\Java\jdk-19\bin\server\jvm.dll
0x00007ff85a3c0000 - 0x00007ff85a3f4000 	C:\WINDOWS\SYSTEM32\WINMM.dll
0x00007ff85d220000 - 0x00007ff85d229000 	C:\WINDOWS\SYSTEM32\WSOCK32.dll
0x00007ff861b00000 - 0x00007ff861b71000 	C:\WINDOWS\System32\WS2_32.dll
0x00007ff85f910000 - 0x00007ff85f928000 	C:\WINDOWS\SYSTEM32\kernel.appcore.dll
0x00007ff856c20000 - 0x00007ff856c2a000 	C:\Program Files\Java\jdk-19\bin\jimage.dll
0x00007ff85dff0000 - 0x00007ff85e222000 	C:\WINDOWS\SYSTEM32\DBGHELP.DLL
0x00007ff862030000 - 0x00007ff8623b8000 	C:\WINDOWS\System32\combase.dll
0x00007ff862e10000 - 0x00007ff862ee7000 	C:\WINDOWS\System32\OLEAUT32.dll
0x00007ff857d10000 - 0x00007ff857d42000 	C:\WINDOWS\SYSTEM32\dbgcore.DLL
0x00007ff860aa0000 - 0x00007ff860b1b000 	C:\WINDOWS\System32\bcryptPrimitives.dll
0x00007ff8575b0000 - 0x00007ff8575be000 	C:\Program Files\Java\jdk-19\bin\instrument.dll
0x00007ff850a70000 - 0x00007ff850a96000 	C:\Program Files\Java\jdk-19\bin\java.dll
0x00007ff843c00000 - 0x00007ff843cd7000 	C:\Program Files\Java\jdk-19\bin\jsvml.dll
0x00007ff8623c0000 - 0x00007ff862c1f000 	C:\WINDOWS\System32\SHELL32.dll
0x00007ff85e710000 - 0x00007ff85f00c000 	C:\WINDOWS\SYSTEM32\windows.storage.dll
0x00007ff85e5c0000 - 0x00007ff85e6ff000 	C:\WINDOWS\SYSTEM32\wintypes.dll
0x00007ff861760000 - 0x00007ff861854000 	C:\WINDOWS\System32\SHCORE.dll
0x00007ff861d90000 - 0x00007ff861dee000 	C:\WINDOWS\System32\shlwapi.dll
0x00007ff860720000 - 0x00007ff860741000 	C:\WINDOWS\SYSTEM32\profapi.dll
0x00007ff850230000 - 0x00007ff850248000 	C:\Program Files\Java\jdk-19\bin\zip.dll
0x00007ff850a50000 - 0x00007ff850a63000 	C:\Program Files\Java\jdk-19\bin\net.dll
0x00007ff85bff0000 - 0x00007ff85c126000 	C:\WINDOWS\SYSTEM32\WINHTTP.dll
0x00007ff85fd80000 - 0x00007ff85fde9000 	C:\WINDOWS\system32\mswsock.dll
0x00007ff850a30000 - 0x00007ff850a46000 	C:\Program Files\Java\jdk-19\bin\nio.dll
0x00007ff857590000 - 0x00007ff8575aa000 	C:\Program Files\JetBrains\IntelliJ IDEA 2022.1.2\bin\breakgen64.dll
0x00007ff855ee0000 - 0x00007ff855ee8000 	C:\Program Files\Java\jdk-19\bin\extnet.dll
0x0000000069ac0000 - 0x0000000069ae4000 	C:\Users\99293\AppData\Local\Temp\jansi-2.4.0-33120ca3793a0099-jansi.dll
0x00007ff850a20000 - 0x00007ff850a30000 	C:\Program Files\Java\jdk-19\bin\verify.dll
0x00007ff85ffe0000 - 0x00007ff85fffb000 	C:\WINDOWS\SYSTEM32\CRYPTSP.dll
0x00007ff85f870000 - 0x00007ff85f8a5000 	C:\WINDOWS\system32\rsaenh.dll
0x00007ff85fe80000 - 0x00007ff85fea8000 	C:\WINDOWS\SYSTEM32\USERENV.dll
0x00007ff860000000 - 0x00007ff86000c000 	C:\WINDOWS\SYSTEM32\CRYPTBASE.dll
0x00007ff85f320000 - 0x00007ff85f34d000 	C:\WINDOWS\SYSTEM32\IPHLPAPI.DLL
0x00007ff861df0000 - 0x00007ff861df9000 	C:\WINDOWS\System32\NSI.dll
0x00007ff85be20000 - 0x00007ff85be39000 	C:\WINDOWS\SYSTEM32\dhcpcsvc6.DLL
0x00007ff85bdd0000 - 0x00007ff85bdef000 	C:\WINDOWS\SYSTEM32\dhcpcsvc.DLL
0x00007ff85f350000 - 0x00007ff85f448000 	C:\WINDOWS\SYSTEM32\DNSAPI.dll

dbghelp: loaded successfully - version: 4.0.5 - missing functions: none
symbol engine: initialized successfully - sym options: 0x614 - pdb path: .;C:\Program Files\Java\jdk-19\bin;C:\WINDOWS\SYSTEM32;C:\WINDOWS\WinSxS\amd64_microsoft.windows.common-controls_6595b64144ccf1df_6.0.22621.3672_none_2713b9d173822955;C:\Program Files\Java\jdk-19\bin\server;C:\Program Files\JetBrains\IntelliJ IDEA 2022.1.2\bin;C:\Users\99293\AppData\Local\Temp

VM Arguments:
jvm_args: -Dmaven.multiModuleProjectDirectory=D:\unitedStates duplicates original -Dmaven.home=C:\Users\99293\.m2\wrapper\dists\apache-maven-3.8.6-bin\1ks0nkde5v1pk9vtc31i9d0lcd\apache-maven-3.8.6 -Dclassworlds.conf=C:\Users\99293\.m2\wrapper\dists\apache-maven-3.8.6-bin\1ks0nkde5v1pk9vtc31i9d0lcd\apache-maven-3.8.6\bin\m2.conf -Dmaven.ext.class.path=C:\Program Files\JetBrains\IntelliJ IDEA 2022.1.2\plugins\maven\lib\maven-event-listener.jar -javaagent:C:\Program Files\JetBrains\IntelliJ IDEA 2022.1.2\lib\idea_rt.jar=54099:C:\Program Files\JetBrains\IntelliJ IDEA 2022.1.2\bin -Dfile.encoding=UTF-8 
java_command: org.codehaus.classworlds.Launcher -Didea.version=2022.1.2 package
java_class_path (initial): C:\Users\99293\.m2\wrapper\dists\apache-maven-3.8.6-bin\1ks0nkde5v1pk9vtc31i9d0lcd\apache-maven-3.8.6\boot\plexus-classworlds-2.6.0.jar;C:\Users\99293\.m2\wrapper\dists\apache-maven-3.8.6-bin\1ks0nkde5v1pk9vtc31i9d0lcd\apache-maven-3.8.6\boot\plexus-classworlds.license
Launcher Type: SUN_STANDARD

[Global flags]
     intx CICompilerCount                          = 12                                        {product} {ergonomic}
     uint ConcGCThreads                            = 3                                         {product} {ergonomic}
     uint G1ConcRefinementThreads                  = 13                                        {product} {ergonomic}
   size_t G1HeapRegionSize                         = 2097152                                   {product} {ergonomic}
    uintx GCDrainStackTargetSize                   = 64                                        {product} {ergonomic}
   size_t InitialHeapSize                          = 264241152                                 {product} {ergonomic}
   size_t MarkStackSize                            = 4194304                                   {product} {ergonomic}
   size_t MaxHeapSize                              = 4196401152                                {product} {ergonomic}
   size_t MaxNewSize                               = 2516582400                                {product} {ergonomic}
   size_t MinHeapDeltaBytes                        = 2097152                                   {product} {ergonomic}
   size_t MinHeapSize                              = 8388608                                   {product} {ergonomic}
    uintx NonNMethodCodeHeapSize                   = 7602480                                {pd product} {ergonomic}
    uintx NonProfiledCodeHeapSize                  = 122027880                              {pd product} {ergonomic}
    uintx ProfiledCodeHeapSize                     = 122027880                              {pd product} {ergonomic}
    uintx ReservedCodeCacheSize                    = 251658240                              {pd product} {ergonomic}
     bool SegmentedCodeCache                       = true                                      {product} {ergonomic}
   size_t SoftMaxHeapSize                          = 4196401152                             {manageable} {ergonomic}
     bool UseCompressedClassPointers               = true                           {product lp64_product} {ergonomic}
     bool UseCompressedOops                        = true                           {product lp64_product} {ergonomic}
     bool UseG1GC                                  = true                                      {product} {ergonomic}
     bool UseLargePagesIndividualAllocation        = false                                  {pd product} {ergonomic}

Logging:
Log output configuration:
 #0: stdout all=warning uptime,level,tags foldmultilines=false
 #1: stderr all=off uptime,level,tags foldmultilines=false

Environment Variables:
JAVA_HOME=C:\Program Files\Java\jdk-19
PATH=C:\Program Files\Common Files\Oracle\Java\javapath;C:\Windows\system32;C:\Windows;C:\Windows\System32\Wbem;C:\Windows\System32\WindowsPowerShell\v1.0\;C:\Windows\System32\OpenSSH\;C:\Program Files (x86)\NVIDIA Corporation\PhysX\Common;C:\Program Files\NVIDIA Corporation\NVIDIA NvDLISR;C:\Program Files\Git\cmd;C:\Program Files (x86)\dotnet\;C:\WINDOWS\system32;C:\WINDOWS;C:\WINDOWS\System32\Wbem;C:\WINDOWS\System32\WindowsPowerShell\v1.0\;C:\WINDOWS\System32\OpenSSH\;C:\Program Files\Java\jdk-19\bin;C:\Users\99293\AppData\Local\Programs\Python\Python311\Scripts\;C:\Users\99293\AppData\Local\Programs\Python\Python311\;C:\Users\99293\AppData\Local\Microsoft\WindowsApps;;C:\Program Files\JetBrains\IntelliJ IDEA 2022.1.2\bin;;C:\Program Files\heroku\bin
USERNAME=ASUS
OS=Windows_NT
PROCESSOR_IDENTIFIER=Intel64 Family 6 Model 154 Stepping 3, GenuineIntel
TMP=C:\Users\99293\AppData\Local\Temp
TEMP=C:\Users\99293\AppData\Local\Temp



---------------  S Y S T E M  ---------------

OS:
 Windows 11 , 64 bit Build 22621 (10.0.22621.3672)
OS uptime: 0 days 15:26 hours
Hyper-V role detected

CPU: total 16 (initial active 16) (8 cores per cpu, 2 threads per core) family 6 model 154 stepping 3 microcode 0x41c, cx8, cmov, fxsr, ht, mmx, 3dnowpref, sse, sse2, sse3, ssse3, sse4.1, sse4.2, popcnt, lzcnt, tsc, tscinvbit, avx, avx2, aes, erms, clmul, bmi1, bmi2, adx, sha, fma, vzeroupper, clflush, clflushopt, clwb, hv, serialize, rdtscp, rdpid, fsrm

Memory: 4k page, system-wide physical 16005M (1716M free)
TotalPageFile size 18053M (AvailPageFile size 4M)
current process WorkingSet (physical memory assigned to process): 322M, peak: 324M
current process commit charge ("private bytes"): 438M, peak: 441M

vm_info: Java HotSpot(TM) 64-Bit Server VM (19.0.2+7-44) for windows-amd64 JRE (19.0.2+7-44), built on 2022-11-30T18:02:09Z by "mach5one" with MS VC++ 17.1 (VS2022)

END.
