#
# There is insufficient memory for the Java Runtime Environment to continue.
# Native memory allocation (malloc) failed to allocate 1048576 bytes for AllocateHeap
# Possible reasons:
#   The system is out of physical RAM or swap space
#   The process is running with CompressedOops enabled, and the Java Heap may be blocking the growth of the native heap
# Possible solutions:
#   Reduce memory load on the system
#   Increase physical memory or swap space
#   Check if swap backing store is full
#   Decrease Java heap size (-Xmx/-Xms)
#   Decrease number of Java threads
#   Decrease Java thread stack sizes (-Xss)
#   Set larger code cache with -XX:ReservedCodeCacheSize=
#   JVM is running with Unscaled Compressed Oops mode in which the Java heap is
#     placed in the first 4GB address space. The Java Heap base address is the
#     maximum limit for the native heap growth. Please use -XX:HeapBaseMinAddress
#     to set the Java Heap base and to place the Java Heap above 4GB virtual address.
# This output file may be truncated or incomplete.
#
#  Out of Memory Error (src/hotspot/share/memory/allocation.cpp:46), pid=6772, tid=21240
#
# JRE version:  (11.0.15+10) (build )
# Java VM: OpenJDK 64-Bit Server VM (11.0.15+10-b2043.56, mixed mode, sharing, tiered, compressed oops, g1 gc, windows-amd64)
# No core dump will be written. Minidumps are not enabled by default on client versions of Windows
#

---------------  S U M M A R Y ------------

Command Line: git4idea.http.GitAskPassApp Username for 'https://github.com': 

Host: 12th Gen Intel(R) Core(TM) i7-12650H, 16 cores, 15G,  Windows 11 , 64 bit Build 22621 (10.0.22621.2506)
Time: Mon Dec 25 20:31:05 2023  Windows 11 , 64 bit Build 22621 (10.0.22621.2506) elapsed time: 0.008014 seconds (0d 0h 0m 0s)

---------------  T H R E A D  ---------------

Current thread (0x00000252bb7d9000):  JavaThread "Unknown thread" [_thread_in_vm, id=21240, stack(0x000000cf86900000,0x000000cf86a00000)]

Stack: [0x000000cf86900000,0x000000cf86a00000]
Native frames: (J=compiled Java code, j=interpreted, Vv=VM code, C=native code)
V  [jvm.dll+0x61612a]
V  [jvm.dll+0x79c450]
V  [jvm.dll+0x79da6d]
V  [jvm.dll+0x79e143]
V  [jvm.dll+0x24cc18]
V  [jvm.dll+0xb8a64]
V  [jvm.dll+0x2e1aa8]
V  [jvm.dll+0x7794e7]
V  [jvm.dll+0x77acec]
V  [jvm.dll+0x368a59]
V  [jvm.dll+0x75ce8e]
V  [jvm.dll+0x3d6a33]
V  [jvm.dll+0x3d9001]
C  [jli.dll+0x536b]
C  [ucrtbase.dll+0x29363]
C  [KERNEL32.DLL+0x1257d]
C  [ntdll.dll+0x5aa58]


---------------  P R O C E S S  ---------------

Threads class SMR info:
_java_thread_list=0x00000252b96b3a20, length=0, elements={
}

Java Threads: ( => current thread )

Other Threads:

=>0x00000252bb7d9000 (exited) JavaThread "Unknown thread" [_thread_in_vm, id=21240, stack(0x000000cf86900000,0x000000cf86a00000)]

Threads with active compile tasks:

VM state:not at safepoint (not fully initialized)

VM Mutex/Monitor currently owned by a thread: None


[error occurred during error reporting (printing compressed oops mode), id 0xc0000005, EXCEPTION_ACCESS_VIOLATION (0xc0000005) at pc=0x00007ff9f5eda337]

GC Heap History (0 events):
No events

Deoptimization events (0 events):
No events

Classes redefined (0 events):
No events

Internal exceptions (0 events):
No events

Events (1 events):
Event: 0.004 Loaded shared library C:\Program Files\JetBrains\IntelliJ IDEA 2022.1.2\jbr\bin\zip.dll


Dynamic libraries:
0x00007ff6d1c80000 - 0x00007ff6d1c8a000 	C:\Program Files\JetBrains\IntelliJ IDEA 2022.1.2\jbr\bin\java.exe
0x00007ffa71890000 - 0x00007ffa71aa7000 	C:\WINDOWS\SYSTEM32\ntdll.dll
0x00007ffa6f790000 - 0x00007ffa6f854000 	C:\WINDOWS\System32\KERNEL32.DLL
0x00007ffa6efc0000 - 0x00007ffa6f366000 	C:\WINDOWS\System32\KERNELBASE.dll
0x00007ffa5fc80000 - 0x00007ffa5fc96000 	C:\Program Files\JetBrains\IntelliJ IDEA 2022.1.2\jbr\bin\VCRUNTIME140.dll
0x00007ffa6ec50000 - 0x00007ffa6ed61000 	C:\WINDOWS\System32\ucrtbase.dll
0x00007ffa6b0a0000 - 0x00007ffa6b0b9000 	C:\Program Files\JetBrains\IntelliJ IDEA 2022.1.2\jbr\bin\jli.dll
0x00007ffa554f0000 - 0x00007ffa55783000 	C:\WINDOWS\WinSxS\amd64_microsoft.windows.common-controls_6595b64144ccf1df_6.0.22621.2506_none_270c5ae97388e100\COMCTL32.dll
0x00007ffa6fdc0000 - 0x00007ffa6ff6e000 	C:\WINDOWS\System32\USER32.dll
0x00007ffa6f580000 - 0x00007ffa6f5a6000 	C:\WINDOWS\System32\win32u.dll
0x00007ffa6f870000 - 0x00007ffa6f917000 	C:\WINDOWS\System32\msvcrt.dll
0x00007ffa70ec0000 - 0x00007ffa70ee9000 	C:\WINDOWS\System32\GDI32.dll
0x00007ffa6eea0000 - 0x00007ffa6efb8000 	C:\WINDOWS\System32\gdi32full.dll
0x00007ffa6f4e0000 - 0x00007ffa6f57a000 	C:\WINDOWS\System32\msvcp_win.dll
0x00007ffa70000000 - 0x00007ffa70031000 	C:\WINDOWS\System32\IMM32.DLL
0x00007ffa299a0000 - 0x00007ffa29a4a000 	C:\Program Files\JetBrains\IntelliJ IDEA 2022.1.2\jbr\bin\msvcp140.dll
0x00007ff9f5760000 - 0x00007ff9f62db000 	C:\Program Files\JetBrains\IntelliJ IDEA 2022.1.2\jbr\bin\server\jvm.dll
0x00007ffa6f9f0000 - 0x00007ffa6faa1000 	C:\WINDOWS\System32\ADVAPI32.dll
0x00007ffa6f920000 - 0x00007ffa6f9c5000 	C:\WINDOWS\System32\sechost.dll
0x00007ffa6fc30000 - 0x00007ffa6fd47000 	C:\WINDOWS\System32\RPCRT4.dll
0x00007ffa71530000 - 0x00007ffa71538000 	C:\WINDOWS\System32\PSAPI.DLL
0x00007ffa69370000 - 0x00007ffa69379000 	C:\WINDOWS\SYSTEM32\WSOCK32.dll
0x00007ffa677e0000 - 0x00007ffa67814000 	C:\WINDOWS\SYSTEM32\WINMM.dll
0x00007ffa66420000 - 0x00007ffa6642a000 	C:\WINDOWS\SYSTEM32\VERSION.dll
0x00007ffa6ff80000 - 0x00007ffa6fff1000 	C:\WINDOWS\System32\WS2_32.dll
0x00007ffa6dcc0000 - 0x00007ffa6dcd8000 	C:\WINDOWS\SYSTEM32\kernel.appcore.dll
0x00007ffa6b110000 - 0x00007ffa6b121000 	C:\Program Files\JetBrains\IntelliJ IDEA 2022.1.2\jbr\bin\verify.dll
0x00007ffa6c3b0000 - 0x00007ffa6c5e3000 	C:\WINDOWS\SYSTEM32\DBGHELP.DLL
0x00007ffa70950000 - 0x00007ffa70cd9000 	C:\WINDOWS\System32\combase.dll
0x00007ffa70de0000 - 0x00007ffa70eb7000 	C:\WINDOWS\System32\OLEAUT32.dll
0x00007ffa654c0000 - 0x00007ffa654f2000 	C:\WINDOWS\SYSTEM32\dbgcore.DLL
0x00007ffa6ebd0000 - 0x00007ffa6ec4a000 	C:\WINDOWS\System32\bcryptPrimitives.dll
0x00007ffa6b0e0000 - 0x00007ffa6b109000 	C:\Program Files\JetBrains\IntelliJ IDEA 2022.1.2\jbr\bin\java.dll
0x00007ffa6b0d0000 - 0x00007ffa6b0db000 	C:\Program Files\JetBrains\IntelliJ IDEA 2022.1.2\jbr\bin\jimage.dll
0x00007ffa6b080000 - 0x00007ffa6b099000 	C:\Program Files\JetBrains\IntelliJ IDEA 2022.1.2\jbr\bin\zip.dll

dbghelp: loaded successfully - version: 4.0.5 - missing functions: none
symbol engine: initialized successfully - sym options: 0x614 - pdb path: .;C:\Program Files\JetBrains\IntelliJ IDEA 2022.1.2\jbr\bin;C:\WINDOWS\SYSTEM32;C:\WINDOWS\WinSxS\amd64_microsoft.windows.common-controls_6595b64144ccf1df_6.0.22621.2506_none_270c5ae97388e100;C:\Program Files\JetBrains\IntelliJ IDEA 2022.1.2\jbr\bin\server

VM Arguments:
java_command: git4idea.http.GitAskPassApp Username for 'https://github.com': 
java_class_path (initial): C:/Program Files/JetBrains/IntelliJ IDEA 2022.1.2/plugins/git4idea/lib/git4idea-rt.jar;C:/Program Files/JetBrains/IntelliJ IDEA 2022.1.2/lib/externalProcess-rt.jar;C:/Program Files/JetBrains/IntelliJ IDEA 2022.1.2/lib/app.jar;C:/Program Files/JetBrains/IntelliJ IDEA 2022.1.2/lib/3rd-party-rt.jar
Launcher Type: SUN_STANDARD

[Global flags]
     intx CICompilerCount                          = 12                                        {product} {ergonomic}
     uint G1ConcRefinementThreads                  = 13                                        {product} {ergonomic}
   size_t G1HeapRegionSize                         = 1048576                                   {product} {ergonomic}
    uintx GCDrainStackTargetSize                   = 64                                        {product} {ergonomic}
   size_t InitialHeapSize                          = 264241152                                 {product} {ergonomic}
   size_t MaxHeapSize                              = 4196401152                                {product} {ergonomic}
   size_t MinHeapDeltaBytes                        = 1048576                                   {product} {ergonomic}
    uintx NonNMethodCodeHeapSize                   = 7594288                                {pd product} {ergonomic}
    uintx NonProfiledCodeHeapSize                  = 122031976                              {pd product} {ergonomic}
    uintx ProfiledCodeHeapSize                     = 122031976                              {pd product} {ergonomic}
    uintx ReservedCodeCacheSize                    = 251658240                              {pd product} {ergonomic}
     bool SegmentedCodeCache                       = true                                      {product} {ergonomic}
     bool UseCompressedClassPointers               = true                                 {lp64_product} {ergonomic}
     bool UseCompressedOops                        = true                                 {lp64_product} {ergonomic}
     bool UseG1GC                                  = true                                      {product} {ergonomic}
     bool UseLargePagesIndividualAllocation        = false                                  {pd product} {ergonomic}

Logging:
Log output configuration:
 #0: stdout all=warning uptime,level,tags
 #1: stderr all=off uptime,level,tags

Environment Variables:
PATH=C:\Program Files\Git\mingw64\libexec\git-core;C:\Program Files\Git\mingw64\libexec\git-core;C:\Program Files\Git\mingw64\bin;C:\Program Files\Git\usr\bin;C:\Users\99293\bin;C:\Program Files\Common Files\Oracle\Java\javapath;C:\Windows\system32;C:\Windows;C:\Windows\System32\Wbem;C:\Windows\System32\WindowsPowerShell\v1.0;C:\Windows\System32\OpenSSH;C:\Program Files (x86)\NVIDIA Corporation\PhysX\Common;C:\Program Files\NVIDIA Corporation\NVIDIA NvDLISR;C:\Program Files\Git\cmd;C:\Program Files (x86)\dotnet;%SystemRoot%\system32;%SystemRoot%;%SystemRoot%\System32\Wbem;%SYSTEMROOT%\System32\WindowsPowerShell\v1.0;%SYSTEMROOT%\System32\OpenSSH;C:\Users\99293\AppData\Local\Programs\Python\Python311\Scripts;C:\Users\99293\AppData\Local\Programs\Python\Python311;C:\Users\99293\AppData\Local\Microsoft\WindowsApps;C:\Program Files\JetBrains\IntelliJ IDEA 2022.1.2\bin;C:\Program Files\heroku\bin
USERNAME=ASUS
DISPLAY=:0.0
LC_ALL=en_US.UTF-8
OS=Windows_NT
PROCESSOR_IDENTIFIER=Intel64 Family 6 Model 154 Stepping 3, GenuineIntel



---------------  S Y S T E M  ---------------

OS: Windows 11 , 64 bit Build 22621 (10.0.22621.2506)
OS uptime: 1 days 22:17 hours
Hyper-V role detected

CPU:total 16 (initial active 16) (8 cores per cpu, 2 threads per core) family 6 model 154 stepping 3 microcode 0x41c, cmov, cx8, fxsr, mmx, sse, sse2, sse3, ssse3, sse4.1, sse4.2, popcnt, avx, avx2, aes, clmul, erms, 3dnowpref, lzcnt, ht, tsc, tscinvbit, bmi1, bmi2, adx, sha, fma

Memory: 4k page, system-wide physical 16005M (2140M free)
TotalPageFile size 18053M (AvailPageFile size 5M)
current process WorkingSet (physical memory assigned to process): 10M, peak: 10M
current process commit charge ("private bytes"): 20M, peak: 21M

vm_info: OpenJDK 64-Bit Server VM (11.0.15+10-b2043.56) for windows-amd64 JRE (11.0.15+10-b2043.56), built on May 16 2022 02:28:12 by "" with MS VC++ 14.0 (VS2015)

END.
