#
# There is insufficient memory for the Java Runtime Environment to continue.
# Native memory allocation (mmap) failed to map 56623104 bytes for G1 virtual space
# Possible reasons:
#   The system is out of physical RAM or swap space
#   The process is running with CompressedOops enabled, and the Java Heap may be blocking the growth of the native heap
# Possible solutions:
#   Reduce memory load on the system
#   Increase physical memory or swap space
#   Check if swap backing store is full
#   Decrease Java heap size (-Xmx/-Xms)
#   Decrease number of Java threads
#   Decrease Java thread stack sizes (-Xss)
#   Set larger code cache with -XX:ReservedCodeCacheSize=
#   JVM is running with Zero Based Compressed Oops mode in which the Java heap is
#     placed in the first 32GB address space. The Java Heap base address is the
#     maximum limit for the native heap growth. Please use -XX:HeapBaseMinAddress
#     to set the Java Heap base and to place the Java Heap above 32GB virtual address.
# This output file may be truncated or incomplete.
#
#  Out of Memory Error (os_windows.cpp:3536), pid=16084, tid=1204
#
# JRE version: Java(TM) SE Runtime Environment (19.0.2+7) (build 19.0.2+7-44)
# Java VM: Java HotSpot(TM) 64-Bit Server VM (19.0.2+7-44, mixed mode, sharing, tiered, compressed oops, compressed class ptrs, g1 gc, windows-amd64)
# No core dump will be written. Minidumps are not enabled by default on client versions of Windows
#

---------------  S U M M A R Y ------------

Command Line: -Dmaven.multiModuleProjectDirectory=D:\unitedStates duplicates original -Dmaven.home=C:\Users\99293\.m2\wrapper\dists\apache-maven-3.8.6-bin\1ks0nkde5v1pk9vtc31i9d0lcd\apache-maven-3.8.6 -Dclassworlds.conf=C:\Users\99293\.m2\wrapper\dists\apache-maven-3.8.6-bin\1ks0nkde5v1pk9vtc31i9d0lcd\apache-maven-3.8.6\bin\m2.conf -Dmaven.ext.class.path=C:\Program Files\JetBrains\IntelliJ IDEA 2022.1.2\plugins\maven\lib\maven-event-listener.jar -javaagent:C:\Program Files\JetBrains\IntelliJ IDEA 2022.1.2\lib\idea_rt.jar=57150:C:\Program Files\JetBrains\IntelliJ IDEA 2022.1.2\bin -Dfile.encoding=UTF-8 org.codehaus.classworlds.Launcher -Didea.version=2022.1.2 package

Host: 12th Gen Intel(R) Core(TM) i7-12650H, 16 cores, 15G,  Windows 11 , 64 bit Build 22621 (10.0.22621.1928)
Time: Thu Aug 10 19:02:02 2023  Windows 11 , 64 bit Build 22621 (10.0.22621.1928) elapsed time: 3.661872 seconds (0d 0h 0m 3s)

---------------  T H R E A D  ---------------

Current thread (0x00000163d7365aa0):  VMThread "VM Thread" [stack: 0x00000012eda00000,0x00000012edb00000] [id=1204]

Stack: [0x00000012eda00000,0x00000012edb00000]
Native frames: (J=compiled Java code, j=interpreted, Vv=VM code, C=native code)
V  [jvm.dll+0x6ee21a]
V  [jvm.dll+0x85765e]
V  [jvm.dll+0x85904e]
V  [jvm.dll+0x859703]
V  [jvm.dll+0x28298f]
V  [jvm.dll+0x6eb009]
V  [jvm.dll+0x6dfbaa]
V  [jvm.dll+0x3573f6]
V  [jvm.dll+0x35ee56]
V  [jvm.dll+0x3b541e]
V  [jvm.dll+0x3b564f]
V  [jvm.dll+0x32c9ea]
V  [jvm.dll+0x32ca97]
V  [jvm.dll+0x374cd2]
V  [jvm.dll+0x37340f]
V  [jvm.dll+0x32c210]
V  [jvm.dll+0x3729ab]
V  [jvm.dll+0x85ebc3]
V  [jvm.dll+0x85f989]
V  [jvm.dll+0x85febd]
V  [jvm.dll+0x86034b]
V  [jvm.dll+0x860407]
V  [jvm.dll+0x80125a]
V  [jvm.dll+0x6ecf0b]
C  [ucrtbase.dll+0x29363]
C  [KERNEL32.DLL+0x126ad]
C  [ntdll.dll+0x5aa68]

VM_Operation (0x00000012ed4fbce0): G1CollectForAllocation, mode: safepoint, requested by thread 0x00000163b42d9050


---------------  P R O C E S S  ---------------

Threads class SMR info:
_java_thread_list=0x00000163e1099f60, length=23, elements={
0x00000163b42d9050, 0x00000163d737bc60, 0x00000163d737c790, 0x00000163d737f2d0,
0x00000163d7386130, 0x00000163d7386dc0, 0x00000163d73876f0, 0x00000163d739a390,
0x00000163dc130090, 0x00000163d739ad00, 0x00000163dc1dc070, 0x00000163d73548b0,
0x00000163dc2c3e60, 0x00000163dc331380, 0x00000163dc3318c0, 0x00000163dc6fe3e0,
0x00000163dc72cd80, 0x00000163dc9836a0, 0x00000163dcd92a90, 0x00000163dcdbc820,
0x00000163dcfedea0, 0x00000163dcfee420, 0x00000163e1bd59f0
}

Java Threads: ( => current thread )
  0x00000163b42d9050 JavaThread "main" [_thread_blocked, id=5816, stack(0x00000012ed400000,0x00000012ed500000)]
  0x00000163d737bc60 JavaThread "Reference Handler" daemon [_thread_blocked, id=5008, stack(0x00000012edb00000,0x00000012edc00000)]
  0x00000163d737c790 JavaThread "Finalizer" daemon [_thread_blocked, id=12024, stack(0x00000012edc00000,0x00000012edd00000)]
  0x00000163d737f2d0 JavaThread "Signal Dispatcher" daemon [_thread_blocked, id=2508, stack(0x00000012edd00000,0x00000012ede00000)]
  0x00000163d7386130 JavaThread "Attach Listener" daemon [_thread_blocked, id=7312, stack(0x00000012ede00000,0x00000012edf00000)]
  0x00000163d7386dc0 JavaThread "Service Thread" daemon [_thread_blocked, id=20772, stack(0x00000012edf00000,0x00000012ee000000)]
  0x00000163d73876f0 JavaThread "Monitor Deflation Thread" daemon [_thread_blocked, id=5596, stack(0x00000012ee000000,0x00000012ee100000)]
  0x00000163d739a390 JavaThread "C2 CompilerThread0" daemon [_thread_blocked, id=9680, stack(0x00000012ee100000,0x00000012ee200000)]
  0x00000163dc130090 JavaThread "C1 CompilerThread0" daemon [_thread_blocked, id=2128, stack(0x00000012ee200000,0x00000012ee300000)]
  0x00000163d739ad00 JavaThread "Sweeper thread" daemon [_thread_blocked, id=16744, stack(0x00000012ee300000,0x00000012ee400000)]
  0x00000163dc1dc070 JavaThread "C1 CompilerThread1" daemon [_thread_blocked, id=16140, stack(0x00000012ee400000,0x00000012ee500000)]
  0x00000163d73548b0 JavaThread "Common-Cleaner" daemon [_thread_blocked, id=15260, stack(0x00000012ee500000,0x00000012ee600000)]
  0x00000163dc2c3e60 JavaThread "C1 CompilerThread2" daemon [_thread_blocked, id=14536, stack(0x00000012ee600000,0x00000012ee700000)]
  0x00000163dc331380 JavaThread "Monitor Ctrl-Break" daemon [_thread_in_native, id=868, stack(0x00000012ee700000,0x00000012ee800000)]
  0x00000163dc3318c0 JavaThread "Notification Thread" daemon [_thread_blocked, id=10024, stack(0x00000012ee800000,0x00000012ee900000)]
  0x00000163dc6fe3e0 JavaThread "C2 CompilerThread1" daemon [_thread_in_native, id=14404, stack(0x00000012eea00000,0x00000012eeb00000)]
  0x00000163dc72cd80 JavaThread "C1 CompilerThread3" daemon [_thread_blocked, id=8408, stack(0x00000012eeb00000,0x00000012eec00000)]
  0x00000163dc9836a0 JavaThread "C2 CompilerThread2" daemon [_thread_blocked, id=14636, stack(0x00000012eec00000,0x00000012eed00000)]
  0x00000163dcd92a90 JavaThread "C2 CompilerThread3" daemon [_thread_blocked, id=1920, stack(0x00000012eed00000,0x00000012eee00000)]
  0x00000163dcdbc820 JavaThread "C2 CompilerThread4" daemon [_thread_blocked, id=17020, stack(0x00000012eee00000,0x00000012eef00000)]
  0x00000163dcfedea0 JavaThread "C2 CompilerThread5" daemon [_thread_blocked, id=18104, stack(0x00000012eef00000,0x00000012ef000000)]
  0x00000163dcfee420 JavaThread "C2 CompilerThread6" daemon [_thread_blocked, id=13872, stack(0x00000012ef000000,0x00000012ef100000)]
  0x00000163e1bd59f0 JavaThread "C2 CompilerThread7" daemon [_thread_blocked, id=20500, stack(0x00000012ef100000,0x00000012ef200000)]

Other Threads:
=>0x00000163d7365aa0 VMThread "VM Thread" [stack: 0x00000012eda00000,0x00000012edb00000] [id=1204]
  0x00000163dc333e10 WatcherThread "VM Periodic Task Thread" [stack: 0x00000012ee900000,0x00000012eea00000] [id=16928]
  0x00000163b434bb70 WorkerThread "GC Thread#0" [stack: 0x00000012ed500000,0x00000012ed600000] [id=20852]
  0x00000163dc6c1cf0 WorkerThread "GC Thread#1" [stack: 0x00000012ef200000,0x00000012ef300000] [id=14584]
  0x00000163dc6c0670 WorkerThread "GC Thread#2" [stack: 0x00000012ef300000,0x00000012ef400000] [id=10272]
  0x00000163dc6c0c10 WorkerThread "GC Thread#3" [stack: 0x00000012ef400000,0x00000012ef500000] [id=10776]
  0x00000163dc6c1fc0 WorkerThread "GC Thread#4" [stack: 0x00000012ef500000,0x00000012ef600000] [id=16272]
  0x00000163dc6c2290 WorkerThread "GC Thread#5" [stack: 0x00000012ef600000,0x00000012ef700000] [id=316]
  0x00000163dc6c0ee0 WorkerThread "GC Thread#6" [stack: 0x00000012ef700000,0x00000012ef800000] [id=11892]
  0x00000163dc6c0940 WorkerThread "GC Thread#7" [stack: 0x00000012ef800000,0x00000012ef900000] [id=9676]
  0x00000163de334510 WorkerThread "GC Thread#8" [stack: 0x00000012ef900000,0x00000012efa00000] [id=6244]
  0x00000163de335b90 WorkerThread "GC Thread#9" [stack: 0x00000012efa00000,0x00000012efb00000] [id=7420]
  0x00000163de333700 WorkerThread "GC Thread#10" [stack: 0x00000012efb00000,0x00000012efc00000] [id=7864]
  0x00000163de334d80 WorkerThread "GC Thread#11" [stack: 0x00000012efc00000,0x00000012efd00000] [id=16728]
  0x00000163de3339d0 WorkerThread "GC Thread#12" [stack: 0x00000012efd00000,0x00000012efe00000] [id=18228]
  0x00000163b435c3f0 ConcurrentGCThread "G1 Main Marker" [stack: 0x00000012ed600000,0x00000012ed700000] [id=3828]
  0x00000163b435dd40 WorkerThread "G1 Conc#0" [stack: 0x00000012ed700000,0x00000012ed800000] [id=16328]
  0x00000163de336130 WorkerThread "G1 Conc#1" [stack: 0x00000012efe00000,0x00000012eff00000] [id=2804]
  0x00000163de333ca0 WorkerThread "G1 Conc#2" [stack: 0x00000012eff00000,0x00000012f0000000] [id=5256]
  0x00000163b439e810 ConcurrentGCThread "G1 Refine#0" [stack: 0x00000012ed800000,0x00000012ed900000] [id=9620]
  0x00000163d72213f0 ConcurrentGCThread "G1 Service" [stack: 0x00000012ed900000,0x00000012eda00000] [id=11584]

Threads with active compile tasks:
C2 CompilerThread0     3673 7406       4       lombok.javac.handlers.JavacHandlerUtil::annotationTypeMatches (28 bytes)
C2 CompilerThread1     3673 7645       4       lombok.javac.handlers.JavacHandlerUtil::getAccessorsForField (163 bytes)
C2 CompilerThread2     3673 7927       4       lombok.javac.JavacNode::traverse (774 bytes)
C2 CompilerThread3     3673 7759       4       com.sun.tools.javac.comp.Attr$ResultInfo::check (21 bytes)
C2 CompilerThread4     3673 7675       4       lombok.javac.JavacAST::buildMethod (192 bytes)
C2 CompilerThread5     3673 7622       4       com.sun.tools.javac.comp.Check::checkType (168 bytes)
C2 CompilerThread6     3673 7764   !   4       com.sun.tools.javac.comp.Resolve::loadClass (83 bytes)
C2 CompilerThread7     3673 7756       4       com.sun.tools.javac.comp.Attr::check (219 bytes)

VM state: at safepoint (normal execution)

VM Mutex/Monitor currently owned by a thread:  ([mutex/lock_event])
[0x00000163b42d3270] Threads_lock - owner thread: 0x00000163d7365aa0
[0x00000163b42d34b0] Heap_lock - owner thread: 0x00000163b42d9050

Heap address: 0x0000000705e00000, size: 4002 MB, Compressed Oops mode: Zero based, Oop shift amount: 3

CDS archive(s) mapped at: [0x0000000800000000-0x0000000800c40000-0x0000000800c40000), size 12845056, SharedBaseAddress: 0x0000000800000000, ArchiveRelocationMode: 0.
Compressed class space mapped at: 0x0000000801000000-0x0000000841000000, reserved size: 1073741824
Narrow klass base: 0x0000000800000000, Narrow klass shift: 0, Narrow klass range: 0x100000000

GC Precious Log:
 CardTable entry size: 512
 Card Set container configuration: InlinePtr #cards 4 size 8 Array Of Cards #cards 16 size 48 Howl #buckets 8 coarsen threshold 3686 Howl Bitmap #cards 512 size 80 coarsen threshold 460 Card regions per heap region 1 cards per card region 4096
 CPUs: 16 total, 16 available
 Memory: 16005M
 Large Page Support: Disabled
 NUMA Support: Disabled
 Compressed Oops: Enabled (Zero based)
 Heap Region Size: 2M
 Heap Min Capacity: 8M
 Heap Initial Capacity: 252M
 Heap Max Capacity: 4002M
 Pre-touch: Disabled
 Parallel Workers: 13
 Concurrent Workers: 3
 Concurrent Refinement Workers: 13
 Periodic GC: Disabled

Heap:
 garbage-first heap   total 147456K, used 45098K [0x0000000705e00000, 0x0000000800000000)
  region size 2048K, 2 young (4096K), 2 survivors (4096K)
 Metaspace       used 28369K, committed 28928K, reserved 1114112K
  class space    used 2954K, committed 3264K, reserved 1048576K

Heap Regions: E=young(eden), S=young(survivor), O=old, HS=humongous(starts), HC=humongous(continues), CS=collection set, F=free, OA=open archive, CA=closed archive, TAMS=top-at-mark-start (previous, next)
|   0|0x0000000705e00000, 0x0000000706000000, 0x0000000706000000|100%| O|  |TAMS 0x0000000706000000, 0x0000000705e00000| Untracked 
|   1|0x0000000706000000, 0x0000000706000000, 0x0000000706200000|  0%| F|  |TAMS 0x0000000706000000, 0x0000000706000000| Untracked 
|   2|0x0000000706200000, 0x0000000706400000, 0x0000000706400000|100%| O|  |TAMS 0x0000000706400000, 0x0000000706200000| Untracked 
|   3|0x0000000706400000, 0x0000000706600000, 0x0000000706600000|100%| O|  |TAMS 0x0000000706600000, 0x0000000706400000| Untracked 
|   4|0x0000000706600000, 0x0000000706800000, 0x0000000706800000|100%| O|  |TAMS 0x0000000706800000, 0x0000000706600000| Untracked 
|   5|0x0000000706800000, 0x0000000706a00000, 0x0000000706a00000|100%| O|  |TAMS 0x0000000706a00000, 0x0000000706800000| Untracked 
|   6|0x0000000706a00000, 0x0000000706c00000, 0x0000000706c00000|100%| O|  |TAMS 0x0000000706b97400, 0x0000000706a00000| Untracked 
|   7|0x0000000706c00000, 0x0000000706e00000, 0x0000000706e00000|100%| O|  |TAMS 0x0000000706c00000, 0x0000000706c00000| Untracked 
|   8|0x0000000706e00000, 0x0000000707000000, 0x0000000707000000|100%| O|  |TAMS 0x0000000707000000, 0x0000000706e00000| Untracked 
|   9|0x0000000707000000, 0x0000000707200000, 0x0000000707200000|100%| O|  |TAMS 0x0000000707200000, 0x0000000707000000| Untracked 
|  10|0x0000000707200000, 0x0000000707400000, 0x0000000707400000|100%| O|  |TAMS 0x0000000707400000, 0x0000000707200000| Untracked 
|  11|0x0000000707400000, 0x0000000707600000, 0x0000000707600000|100%| O|  |TAMS 0x0000000707600000, 0x0000000707400000| Untracked 
|  12|0x0000000707600000, 0x0000000707800000, 0x0000000707800000|100%| O|  |TAMS 0x0000000707600000, 0x0000000707600000| Untracked 
|  13|0x0000000707800000, 0x0000000707a00000, 0x0000000707a00000|100%|HS|  |TAMS 0x0000000707800000, 0x0000000707800000| Complete 
|  14|0x0000000707a00000, 0x0000000707c00000, 0x0000000707c00000|100%| O|  |TAMS 0x0000000707a00000, 0x0000000707a00000| Untracked 
|  15|0x0000000707c00000, 0x0000000707e00000, 0x0000000707e00000|100%| O|  |TAMS 0x0000000707c00000, 0x0000000707c00000| Untracked 
|  16|0x0000000707e00000, 0x0000000707f02600, 0x0000000708000000| 50%| O|  |TAMS 0x0000000707e00000, 0x0000000707e00000| Untracked 
|  17|0x0000000708000000, 0x0000000708000000, 0x0000000708200000|  0%| F|  |TAMS 0x0000000708000000, 0x0000000708000000| Untracked 
|  18|0x0000000708200000, 0x0000000708200000, 0x0000000708400000|  0%| F|  |TAMS 0x0000000708200000, 0x0000000708200000| Untracked 
|  19|0x0000000708400000, 0x0000000708400000, 0x0000000708600000|  0%| F|  |TAMS 0x0000000708400000, 0x0000000708400000| Untracked 
|  20|0x0000000708600000, 0x0000000708600000, 0x0000000708800000|  0%| F|  |TAMS 0x0000000708600000, 0x0000000708600000| Untracked 
|  21|0x0000000708800000, 0x0000000708800000, 0x0000000708a00000|  0%| F|  |TAMS 0x0000000708800000, 0x0000000708800000| Untracked 
|  22|0x0000000708a00000, 0x0000000708a00000, 0x0000000708c00000|  0%| F|  |TAMS 0x0000000708a00000, 0x0000000708a00000| Untracked 
|  23|0x0000000708c00000, 0x0000000708c00000, 0x0000000708e00000|  0%| F|  |TAMS 0x0000000708c00000, 0x0000000708c00000| Untracked 
|  24|0x0000000708e00000, 0x0000000708e00000, 0x0000000709000000|  0%| F|  |TAMS 0x0000000708e00000, 0x0000000708e00000| Untracked 
|  25|0x0000000709000000, 0x0000000709108420, 0x0000000709200000| 51%| S|CS|TAMS 0x0000000709000000, 0x0000000709000000| Complete 
|  26|0x0000000709200000, 0x0000000709200000, 0x0000000709400000|  0%| F|  |TAMS 0x0000000709200000, 0x0000000709200000| Untracked 
|  27|0x0000000709400000, 0x0000000709400000, 0x0000000709600000|  0%| F|  |TAMS 0x0000000709400000, 0x0000000709400000| Untracked 
|  28|0x0000000709600000, 0x0000000709800000, 0x0000000709800000|100%| S|CS|TAMS 0x0000000709600000, 0x0000000709600000| Complete 
|  29|0x0000000709800000, 0x0000000709800000, 0x0000000709a00000|  0%| F|  |TAMS 0x0000000709800000, 0x0000000709800000| Untracked 
|  30|0x0000000709a00000, 0x0000000709a00000, 0x0000000709c00000|  0%| F|  |TAMS 0x0000000709a00000, 0x0000000709a00000| Untracked 
|  31|0x0000000709c00000, 0x0000000709c00000, 0x0000000709e00000|  0%| F|  |TAMS 0x0000000709c00000, 0x0000000709c00000| Untracked 
|  32|0x0000000709e00000, 0x0000000709e00000, 0x000000070a000000|  0%| F|  |TAMS 0x0000000709e00000, 0x0000000709e00000| Untracked 
|  33|0x000000070a000000, 0x000000070a000000, 0x000000070a200000|  0%| F|  |TAMS 0x000000070a000000, 0x000000070a000000| Untracked 
|  34|0x000000070a200000, 0x000000070a200000, 0x000000070a400000|  0%| F|  |TAMS 0x000000070a200000, 0x000000070a200000| Untracked 
|  35|0x000000070a400000, 0x000000070a400000, 0x000000070a600000|  0%| F|  |TAMS 0x000000070a400000, 0x000000070a400000| Untracked 
|  36|0x000000070a600000, 0x000000070a600000, 0x000000070a800000|  0%| F|  |TAMS 0x000000070a600000, 0x000000070a600000| Untracked 
|  37|0x000000070a800000, 0x000000070a800000, 0x000000070aa00000|  0%| F|  |TAMS 0x000000070a800000, 0x000000070a800000| Untracked 
|  38|0x000000070aa00000, 0x000000070aa00000, 0x000000070ac00000|  0%| F|  |TAMS 0x000000070aa00000, 0x000000070aa00000| Untracked 
|  39|0x000000070ac00000, 0x000000070ac00000, 0x000000070ae00000|  0%| F|  |TAMS 0x000000070ac00000, 0x000000070ac00000| Untracked 
|  40|0x000000070ae00000, 0x000000070ae00000, 0x000000070b000000|  0%| F|  |TAMS 0x000000070ae00000, 0x000000070ae00000| Untracked 
|  41|0x000000070b000000, 0x000000070b000000, 0x000000070b200000|  0%| F|  |TAMS 0x000000070b000000, 0x000000070b000000| Untracked 
|  42|0x000000070b200000, 0x000000070b200000, 0x000000070b400000|  0%| F|  |TAMS 0x000000070b200000, 0x000000070b200000| Untracked 
|  43|0x000000070b400000, 0x000000070b400000, 0x000000070b600000|  0%| F|  |TAMS 0x000000070b400000, 0x000000070b400000| Untracked 
|  44|0x000000070b600000, 0x000000070b600000, 0x000000070b800000|  0%| F|  |TAMS 0x000000070b600000, 0x000000070b600000| Untracked 
|  45|0x000000070b800000, 0x000000070b800000, 0x000000070ba00000|  0%| F|  |TAMS 0x000000070b800000, 0x000000070b800000| Untracked 
|  46|0x000000070ba00000, 0x000000070ba00000, 0x000000070bc00000|  0%| F|  |TAMS 0x000000070ba00000, 0x000000070ba00000| Untracked 
|  47|0x000000070bc00000, 0x000000070bc00000, 0x000000070be00000|  0%| F|  |TAMS 0x000000070bc00000, 0x000000070bc00000| Untracked 
|  48|0x000000070be00000, 0x000000070be00000, 0x000000070c000000|  0%| F|  |TAMS 0x000000070be00000, 0x000000070be00000| Untracked 
|  49|0x000000070c000000, 0x000000070c000000, 0x000000070c200000|  0%| F|  |TAMS 0x000000070c000000, 0x000000070c000000| Untracked 
|  50|0x000000070c200000, 0x000000070c200000, 0x000000070c400000|  0%| F|  |TAMS 0x000000070c200000, 0x000000070c200000| Untracked 
|  51|0x000000070c400000, 0x000000070c400000, 0x000000070c600000|  0%| F|  |TAMS 0x000000070c400000, 0x000000070c400000| Untracked 
|  52|0x000000070c600000, 0x000000070c600000, 0x000000070c800000|  0%| F|  |TAMS 0x000000070c600000, 0x000000070c600000| Untracked 
|  53|0x000000070c800000, 0x000000070c800000, 0x000000070ca00000|  0%| F|  |TAMS 0x000000070c800000, 0x000000070c800000| Untracked 
|  54|0x000000070ca00000, 0x000000070ca00000, 0x000000070cc00000|  0%| F|  |TAMS 0x000000070ca00000, 0x000000070ca00000| Untracked 
|  55|0x000000070cc00000, 0x000000070cc00000, 0x000000070ce00000|  0%| F|  |TAMS 0x000000070cc00000, 0x000000070cc00000| Untracked 
|  56|0x000000070ce00000, 0x000000070ce00000, 0x000000070d000000|  0%| F|  |TAMS 0x000000070ce00000, 0x000000070ce00000| Untracked 
|  57|0x000000070d000000, 0x000000070d000000, 0x000000070d200000|  0%| F|  |TAMS 0x000000070d000000, 0x000000070d000000| Untracked 
|  58|0x000000070d200000, 0x000000070d200000, 0x000000070d400000|  0%| F|  |TAMS 0x000000070d200000, 0x000000070d200000| Untracked 
|  59|0x000000070d400000, 0x000000070d400000, 0x000000070d600000|  0%| F|  |TAMS 0x000000070d400000, 0x000000070d400000| Untracked 
|  60|0x000000070d600000, 0x000000070d600000, 0x000000070d800000|  0%| F|  |TAMS 0x000000070d600000, 0x000000070d600000| Untracked 
|  61|0x000000070d800000, 0x000000070d800000, 0x000000070da00000|  0%| F|  |TAMS 0x000000070d800000, 0x000000070d800000| Untracked 
|  62|0x000000070da00000, 0x000000070da00000, 0x000000070dc00000|  0%| F|  |TAMS 0x000000070da00000, 0x000000070da00000| Untracked 
|  63|0x000000070dc00000, 0x000000070dc00000, 0x000000070de00000|  0%| F|  |TAMS 0x000000070dc00000, 0x000000070dc00000| Untracked 
|  64|0x000000070de00000, 0x000000070de00000, 0x000000070e000000|  0%| F|  |TAMS 0x000000070de00000, 0x000000070de00000| Untracked 
|  65|0x000000070e000000, 0x000000070e000000, 0x000000070e200000|  0%| F|  |TAMS 0x000000070e000000, 0x000000070e000000| Untracked 
| 125|0x0000000715800000, 0x0000000715800000, 0x0000000715a00000|  0%| F|  |TAMS 0x0000000715800000, 0x0000000715800000| Untracked 
|1996|0x00000007ff600000, 0x00000007ff800000, 0x00000007ff800000|100%| O|  |TAMS 0x00000007ff800000, 0x00000007ff600000| Untracked 
|1997|0x00000007ff800000, 0x00000007ffa00000, 0x00000007ffa00000|100%| O|  |TAMS 0x00000007ffa00000, 0x00000007ff800000| Untracked 
|1998|0x00000007ffa00000, 0x00000007ffc00000, 0x00000007ffc00000|100%| O|  |TAMS 0x00000007ffc00000, 0x00000007ffa00000| Untracked 
|1999|0x00000007ffc00000, 0x00000007ffe00000, 0x00000007ffe00000|100%| O|  |TAMS 0x00000007ffe00000, 0x00000007ffc00000| Untracked 
|2000|0x00000007ffe00000, 0x0000000800000000, 0x0000000800000000|100%| O|  |TAMS 0x0000000800000000, 0x00000007ffe00000| Untracked 

Card table byte_map: [0x00000163cc2a0000,0x00000163cca80000] _byte_map_base: 0x00000163c8a71000

Marking Bits (Prev, Next): (CMBitMap*) 0x00000163b434c0b0, (CMBitMap*) 0x00000163b434c0f0
 Prev Bits: [0x00000163cd260000, 0x00000163d10e8000)
 Next Bits: [0x00000163d10f0000, 0x00000163d4f78000)

Polling page: 0x00000163b2230000

Metaspace:

Usage:
  Non-class:     24.82 MB used.
      Class:      2.88 MB used.
       Both:     27.70 MB used.

Virtual space:
  Non-class space:       64.00 MB reserved,      25.06 MB ( 39%) committed,  1 nodes.
      Class space:        1.00 GB reserved,       3.19 MB ( <1%) committed,  1 nodes.
             Both:        1.06 GB reserved,      28.25 MB (  3%) committed. 

Chunk freelists:
   Non-Class:  2.22 MB
       Class:  822.00 KB
        Both:  3.03 MB

MaxMetaspaceSize: unlimited
CompressedClassSpaceSize: 1.00 GB
Initial GC threshold: 21.00 MB
Current GC threshold: 41.56 MB
CDS: on
MetaspaceReclaimPolicy: balanced
 - commit_granule_bytes: 65536.
 - commit_granule_words: 8192.
 - virtual_space_node_default_size: 8388608.
 - enlarge_chunks_in_place: 1.
 - new_chunks_are_fully_committed: 0.
 - uncommit_free_chunks: 1.
 - use_allocation_guard: 0.


Internal statistics:

num_allocs_failed_limit: 3.
num_arena_births: 596.
num_arena_deaths: 0.
num_vsnodes_births: 2.
num_vsnodes_deaths: 0.
num_space_committed: 452.
num_space_uncommitted: 0.
num_chunks_returned_to_freelist: 3.
num_chunks_taken_from_freelist: 1677.
num_chunk_merges: 3.
num_chunk_splits: 1169.
num_chunks_enlarged: 822.
num_inconsistent_stats: 0.

CodeHeap 'non-profiled nmethods': size=119168Kb used=4145Kb max_used=4145Kb free=115022Kb
 bounds [0x00000163c3de0000, 0x00000163c41f0000, 0x00000163cb240000]
CodeHeap 'profiled nmethods': size=119104Kb used=15704Kb max_used=15704Kb free=103399Kb
 bounds [0x00000163bc240000, 0x00000163bd1a0000, 0x00000163c3690000]
CodeHeap 'non-nmethods': size=7488Kb used=3005Kb max_used=3136Kb free=4482Kb
 bounds [0x00000163c3690000, 0x00000163c39b0000, 0x00000163c3de0000]
 total_blobs=7516 nmethods=6977 adapters=446
 compilation: enabled
              stopped_count=0, restarted_count=0
 full_count=0

Compilation events (20 events):
Event: 3.635 Thread 0x00000163dc2c3e60 7923       2       lombok.javac.handlers.HandleVal::eq (58 bytes)
Event: 3.636 Thread 0x00000163dc2c3e60 nmethod 7923 0x00000163bd183290 code [0x00000163bd1834c0, 0x00000163bd183908]
Event: 3.637 Thread 0x00000163dc2c3e60 7924   !   2       lombok.javac.handlers.HandleVal::endVisitLocal (989 bytes)
Event: 3.637 Thread 0x00000163dc1dc070 7925       2       lombok.javac.JavacImportList::getFullyQualifiedNameForSimpleNameNoAliasing (90 bytes)
Event: 3.638 Thread 0x00000163dc130090 7926       2       lombok.javac.JavacASTAdapter::visitAnnotationOnMethod (1 bytes)
Event: 3.638 Thread 0x00000163dc1dc070 nmethod 7925 0x00000163bd18e410 code [0x00000163bd18e620, 0x00000163bd18ebe8]
Event: 3.638 Thread 0x00000163dc130090 nmethod 7926 0x00000163bc618210 code [0x00000163bc6183a0, 0x00000163bc618498]
Event: 3.638 Thread 0x00000163dc72cd80 nmethod 7919 0x00000163bd183b90 code [0x00000163bd184420, 0x00000163bd18cb08]
Event: 3.639 Thread 0x00000163dc130090 7928       2       com.sun.tools.javac.tree.Pretty::printExprs (55 bytes)
Event: 3.639 Thread 0x00000163dc1dc070 7929   !   2       com.sun.tools.javac.tree.Pretty::visitTypeApply (42 bytes)
Event: 3.639 Thread 0x00000163dc72cd80 7930       2       com.sun.tools.javac.tree.Pretty::printExprs (8 bytes)
Event: 3.639 Thread 0x00000163dc72cd80 nmethod 7930 0x00000163bd18ef10 code [0x00000163bd18f0c0, 0x00000163bd18f1e8]
Event: 3.640 Thread 0x00000163dc1dc070 nmethod 7929 0x00000163bd18f290 code [0x00000163bd18f4a0, 0x00000163bd18f7a8]
Event: 3.640 Thread 0x00000163dc130090 nmethod 7928 0x00000163bd18fa90 code [0x00000163bd18fc60, 0x00000163bd18ff78]
Event: 3.641 Thread 0x00000163dc9836a0 nmethod 7762 0x00000163c41e2390 code [0x00000163c41e2520, 0x00000163c41e2a18]
Event: 3.641 Thread 0x00000163dc9836a0 7927       4       lombok.javac.JavacNode::traverse (774 bytes)
Event: 3.644 Thread 0x00000163dc2c3e60 nmethod 7924 0x00000163bd190190 code [0x00000163bd1909a0, 0x00000163bd1937f8]
Event: 3.647 Thread 0x00000163dc2c3e60 7931       3       lombok.javac.handlers.HandleVal::eq (58 bytes)
Event: 3.648 Thread 0x00000163dc2c3e60 nmethod 7931 0x00000163bd196190 code [0x00000163bd196400, 0x00000163bd196ca8]
Event: 3.658 Thread 0x00000163d739a390 nmethod 7406 0x00000163c41e2b10 code [0x00000163c41e2fe0, 0x00000163c41e8fc8]

GC Heap History (20 events):
Event: 2.186 GC heap after
{Heap after GC invocations=6 (full 0):
 garbage-first heap   total 71680K, used 26866K [0x0000000705e00000, 0x0000000800000000)
  region size 2048K, 1 young (2048K), 1 survivors (2048K)
 Metaspace       used 24230K, committed 24576K, reserved 1114112K
  class space    used 2578K, committed 2752K, reserved 1048576K
}
Event: 2.326 GC heap before
{Heap before GC invocations=6 (full 0):
 garbage-first heap   total 71680K, used 47346K [0x0000000705e00000, 0x0000000800000000)
  region size 2048K, 12 young (24576K), 1 survivors (2048K)
 Metaspace       used 24477K, committed 24832K, reserved 1114112K
  class space    used 2601K, committed 2752K, reserved 1048576K
}
Event: 2.329 GC heap after
{Heap after GC invocations=7 (full 0):
 garbage-first heap   total 71680K, used 32078K [0x0000000705e00000, 0x0000000800000000)
  region size 2048K, 2 young (4096K), 2 survivors (4096K)
 Metaspace       used 24477K, committed 24832K, reserved 1114112K
  class space    used 2601K, committed 2752K, reserved 1048576K
}
Event: 2.411 GC heap before
{Heap before GC invocations=7 (full 0):
 garbage-first heap   total 71680K, used 48462K [0x0000000705e00000, 0x0000000800000000)
  region size 2048K, 11 young (22528K), 2 survivors (4096K)
 Metaspace       used 24834K, committed 25280K, reserved 1114112K
  class space    used 2639K, committed 2880K, reserved 1048576K
}
Event: 2.415 GC heap after
{Heap after GC invocations=8 (full 0):
 garbage-first heap   total 71680K, used 35247K [0x0000000705e00000, 0x0000000800000000)
  region size 2048K, 2 young (4096K), 2 survivors (4096K)
 Metaspace       used 24834K, committed 25280K, reserved 1114112K
  class space    used 2639K, committed 2880K, reserved 1048576K
}
Event: 2.494 GC heap before
{Heap before GC invocations=8 (full 0):
 garbage-first heap   total 71680K, used 51631K [0x0000000705e00000, 0x0000000800000000)
  region size 2048K, 10 young (20480K), 2 survivors (4096K)
 Metaspace       used 25111K, committed 25536K, reserved 1114112K
  class space    used 2641K, committed 2880K, reserved 1048576K
}
Event: 2.499 GC heap after
{Heap after GC invocations=9 (full 0):
 garbage-first heap   total 118784K, used 38380K [0x0000000705e00000, 0x0000000800000000)
  region size 2048K, 2 young (4096K), 2 survivors (4096K)
 Metaspace       used 25111K, committed 25536K, reserved 1114112K
  class space    used 2641K, committed 2880K, reserved 1048576K
}
Event: 2.963 GC heap before
{Heap before GC invocations=10 (full 0):
 garbage-first heap   total 118784K, used 81388K [0x0000000705e00000, 0x0000000800000000)
  region size 2048K, 23 young (47104K), 2 survivors (4096K)
 Metaspace       used 27166K, committed 27648K, reserved 1114112K
  class space    used 2851K, committed 3072K, reserved 1048576K
}
Event: 2.969 GC heap after
{Heap after GC invocations=11 (full 0):
 garbage-first heap   total 118784K, used 42548K [0x0000000705e00000, 0x0000000800000000)
  region size 2048K, 2 young (4096K), 2 survivors (4096K)
 Metaspace       used 27166K, committed 27648K, reserved 1114112K
  class space    used 2851K, committed 3072K, reserved 1048576K
}
Event: 2.986 GC heap before
{Heap before GC invocations=11 (full 0):
 garbage-first heap   total 118784K, used 44596K [0x0000000705e00000, 0x0000000800000000)
  region size 2048K, 3 young (6144K), 2 survivors (4096K)
 Metaspace       used 27185K, committed 27648K, reserved 1114112K
  class space    used 2853K, committed 3072K, reserved 1048576K
}
Event: 2.989 GC heap after
{Heap after GC invocations=12 (full 0):
 garbage-first heap   total 118784K, used 42477K [0x0000000705e00000, 0x0000000800000000)
  region size 2048K, 1 young (2048K), 1 survivors (2048K)
 Metaspace       used 27185K, committed 27648K, reserved 1114112K
  class space    used 2853K, committed 3072K, reserved 1048576K
}
Event: 3.107 GC heap before
{Heap before GC invocations=12 (full 0):
 garbage-first heap   total 118784K, used 81389K [0x0000000705e00000, 0x0000000800000000)
  region size 2048K, 21 young (43008K), 1 survivors (2048K)
 Metaspace       used 27345K, committed 27840K, reserved 1114112K
  class space    used 2861K, committed 3136K, reserved 1048576K
}
Event: 3.107 GC heap after
{Heap after GC invocations=13 (full 0):
 garbage-first heap   total 118784K, used 42118K [0x0000000705e00000, 0x0000000800000000)
  region size 2048K, 1 young (2048K), 1 survivors (2048K)
 Metaspace       used 27345K, committed 27840K, reserved 1114112K
  class space    used 2861K, committed 3136K, reserved 1048576K
}
Event: 3.354 GC heap before
{Heap before GC invocations=13 (full 0):
 garbage-first heap   total 118784K, used 87174K [0x0000000705e00000, 0x0000000800000000)
  region size 2048K, 23 young (47104K), 1 survivors (2048K)
 Metaspace       used 27988K, committed 28480K, reserved 1114112K
  class space    used 2944K, committed 3200K, reserved 1048576K
}
Event: 3.356 GC heap after
{Heap after GC invocations=14 (full 0):
 garbage-first heap   total 118784K, used 42979K [0x0000000705e00000, 0x0000000800000000)
  region size 2048K, 1 young (2048K), 1 survivors (2048K)
 Metaspace       used 27988K, committed 28480K, reserved 1114112K
  class space    used 2944K, committed 3200K, reserved 1048576K
}
Event: 3.466 GC heap before
{Heap before GC invocations=14 (full 0):
 garbage-first heap   total 118784K, used 90083K [0x0000000705e00000, 0x0000000800000000)
  region size 2048K, 24 young (49152K), 1 survivors (2048K)
 Metaspace       used 28178K, committed 28736K, reserved 1114112K
  class space    used 2950K, committed 3264K, reserved 1048576K
}
Event: 3.470 GC heap after
{Heap after GC invocations=15 (full 0):
 garbage-first heap   total 118784K, used 44041K [0x0000000705e00000, 0x0000000800000000)
  region size 2048K, 1 young (2048K), 1 survivors (2048K)
 Metaspace       used 28178K, committed 28736K, reserved 1114112K
  class space    used 2950K, committed 3264K, reserved 1048576K
}
Event: 3.562 GC heap before
{Heap before GC invocations=15 (full 0):
 garbage-first heap   total 118784K, used 93193K [0x0000000705e00000, 0x0000000800000000)
  region size 2048K, 25 young (51200K), 1 survivors (2048K)
 Metaspace       used 28255K, committed 28800K, reserved 1114112K
  class space    used 2953K, committed 3264K, reserved 1048576K
}
Event: 3.567 GC heap after
{Heap after GC invocations=16 (full 0):
 garbage-first heap   total 118784K, used 45158K [0x0000000705e00000, 0x0000000800000000)
  region size 2048K, 2 young (4096K), 2 survivors (4096K)
 Metaspace       used 28255K, committed 28800K, reserved 1114112K
  class space    used 2953K, committed 3264K, reserved 1048576K
}
Event: 3.655 GC heap before
{Heap before GC invocations=16 (full 0):
 garbage-first heap   total 118784K, used 94310K [0x0000000705e00000, 0x0000000800000000)
  region size 2048K, 26 young (53248K), 2 survivors (4096K)
 Metaspace       used 28369K, committed 28928K, reserved 1114112K
  class space    used 2954K, committed 3264K, reserved 1048576K
}

Dll operation events (12 events):
Event: 0.004 Loaded shared library C:\Program Files\Java\jdk-19\bin\java.dll
Event: 0.009 Loaded shared library C:\Program Files\Java\jdk-19\bin\jsvml.dll
Event: 0.038 Loaded shared library C:\Program Files\Java\jdk-19\bin\zip.dll
Event: 0.039 Loaded shared library C:\Program Files\Java\jdk-19\bin\instrument.dll
Event: 0.042 Loaded shared library C:\Program Files\Java\jdk-19\bin\net.dll
Event: 0.043 Loaded shared library C:\Program Files\Java\jdk-19\bin\nio.dll
Event: 0.044 Loaded shared library C:\Program Files\Java\jdk-19\bin\zip.dll
Event: 0.053 Loaded shared library C:\Program Files\JetBrains\IntelliJ IDEA 2022.1.2\bin\breakgen64.dll
Event: 0.057 Loaded shared library C:\Program Files\Java\jdk-19\bin\extnet.dll
Event: 0.095 Loaded shared library C:\Program Files\Java\jdk-19\bin\jimage.dll
Event: 0.120 Loaded shared library C:\Users\99293\AppData\Local\Temp\jansi-2.4.0-54d070c4a7f9c321-jansi.dll
Event: 0.127 Loaded shared library C:\Program Files\Java\jdk-19\bin\verify.dll

Deoptimization events (20 events):
Event: 3.632 Thread 0x00000163b42d9050 Uncommon trap: trap_request=0xffffffc6 fr.pc=0x00000163c41277c0 relative=0x0000000000000b00
Event: 3.632 Thread 0x00000163b42d9050 Uncommon trap: reason=bimorphic_or_optimized_type_check action=maybe_recompile pc=0x00000163c41277c0 method=lombok.javac.JavacNode.traverse(Llombok/javac/JavacASTVisitor;)V @ 113 c2
Event: 3.632 Thread 0x00000163b42d9050 DEOPT PACKING pc=0x00000163c41277c0 sp=0x00000012ed4fd880
Event: 3.632 Thread 0x00000163b42d9050 DEOPT UNPACKING pc=0x00000163c36f6da3 sp=0x00000012ed4fd808 mode 2
Event: 3.632 Thread 0x00000163b42d9050 Uncommon trap: trap_request=0xffffffc6 fr.pc=0x00000163c4126ee0 relative=0x0000000000000220
Event: 3.632 Thread 0x00000163b42d9050 Uncommon trap: reason=bimorphic_or_optimized_type_check action=maybe_recompile pc=0x00000163c4126ee0 method=lombok.javac.JavacNode.traverse(Llombok/javac/JavacASTVisitor;)V @ 193 c2
Event: 3.632 Thread 0x00000163b42d9050 DEOPT PACKING pc=0x00000163c4126ee0 sp=0x00000012ed4fd7a0
Event: 3.632 Thread 0x00000163b42d9050 DEOPT UNPACKING pc=0x00000163c36f6da3 sp=0x00000012ed4fd728 mode 2
Event: 3.632 Thread 0x00000163b42d9050 Uncommon trap: trap_request=0xffffffc6 fr.pc=0x00000163c4127450 relative=0x0000000000000790
Event: 3.632 Thread 0x00000163b42d9050 Uncommon trap: reason=bimorphic_or_optimized_type_check action=maybe_recompile pc=0x00000163c4127450 method=lombok.javac.JavacNode.traverse(Llombok/javac/JavacASTVisitor;)V @ 288 c2
Event: 3.632 Thread 0x00000163b42d9050 DEOPT PACKING pc=0x00000163c4127450 sp=0x00000012ed4fd6c0
Event: 3.632 Thread 0x00000163b42d9050 DEOPT UNPACKING pc=0x00000163c36f6da3 sp=0x00000012ed4fd640 mode 2
Event: 3.632 Thread 0x00000163b42d9050 Uncommon trap: trap_request=0xffffffc6 fr.pc=0x00000163c41274fc relative=0x000000000000083c
Event: 3.632 Thread 0x00000163b42d9050 Uncommon trap: reason=bimorphic_or_optimized_type_check action=maybe_recompile pc=0x00000163c41274fc method=lombok.javac.JavacNode.traverse(Llombok/javac/JavacASTVisitor;)V @ 715 c2
Event: 3.632 Thread 0x00000163b42d9050 DEOPT PACKING pc=0x00000163c41274fc sp=0x00000012ed4fd5e0
Event: 3.632 Thread 0x00000163b42d9050 DEOPT UNPACKING pc=0x00000163c36f6da3 sp=0x00000012ed4fd568 mode 2
Event: 3.632 Thread 0x00000163b42d9050 Uncommon trap: trap_request=0xffffffc6 fr.pc=0x00000163c4126ee0 relative=0x0000000000000220
Event: 3.632 Thread 0x00000163b42d9050 Uncommon trap: reason=bimorphic_or_optimized_type_check action=maybe_recompile pc=0x00000163c4126ee0 method=lombok.javac.JavacNode.traverse(Llombok/javac/JavacASTVisitor;)V @ 193 c2
Event: 3.632 Thread 0x00000163b42d9050 DEOPT PACKING pc=0x00000163c4126ee0 sp=0x00000012ed4fd7a0
Event: 3.632 Thread 0x00000163b42d9050 DEOPT UNPACKING pc=0x00000163c36f6da3 sp=0x00000012ed4fd728 mode 2

Classes loaded (20 events):
Event: 2.744 Loading class java/util/Vector$1
Event: 2.744 Loading class java/util/Vector$1 done
Event: 2.747 Loading class java/io/PushbackInputStream
Event: 2.747 Loading class java/io/PushbackInputStream done
Event: 2.837 Loading class java/util/Collections$UnmodifiableSortedSet
Event: 2.837 Loading class java/util/Collections$UnmodifiableSortedSet done
Event: 2.906 Loading class java/util/IdentityHashMap$EntrySet
Event: 2.906 Loading class java/util/IdentityHashMap$EntrySet done
Event: 2.907 Loading class java/util/IdentityHashMap$EntryIterator
Event: 2.907 Loading class java/util/IdentityHashMap$EntryIterator done
Event: 2.907 Loading class java/util/IdentityHashMap$EntryIterator$Entry
Event: 2.907 Loading class java/util/IdentityHashMap$EntryIterator$Entry done
Event: 3.139 Loading class java/util/regex/Pattern$SliceI
Event: 3.139 Loading class java/util/regex/Pattern$SliceI done
Event: 3.178 Loading class java/util/regex/Pattern$Loop
Event: 3.179 Loading class java/util/regex/Pattern$Loop done
Event: 3.179 Loading class java/util/regex/Pattern$Prolog
Event: 3.179 Loading class java/util/regex/Pattern$Prolog done
Event: 3.194 Loading class java/util/regex/Pattern$LazyLoop
Event: 3.194 Loading class java/util/regex/Pattern$LazyLoop done

Classes unloaded (0 events):
No events

Classes redefined (0 events):
No events

Internal exceptions (20 events):
Event: 3.177 Thread 0x00000163b42d9050 Exception <a 'java/lang/NoSuchMethodError'{0x000000070d78e810}: 'java.lang.Object java.lang.invoke.DirectMethodHandle$Holder.invokeSpecial(java.lang.Object, java.lang.Object, java.lang.Object, long, java.lang.Object)'> (0x000000070d78e810) 
thrown [s\open\src\hotspot\share\interpreter\linkResolver.cpp, line 774]
Event: 3.177 Thread 0x00000163b42d9050 Exception <a 'java/lang/NoSuchMethodError'{0x000000070d792760}: 'java.lang.Object java.lang.invoke.DelegatingMethodHandle$Holder.reinvoke_L(java.lang.Object, java.lang.Object, long, java.lang.Object)'> (0x000000070d792760) 
thrown [s\open\src\hotspot\share\interpreter\linkResolver.cpp, line 774]
Event: 3.180 Thread 0x00000163b42d9050 Exception <a 'java/lang/NoSuchMethodError'{0x000000070d7ab3b0}: 'java.lang.Object java.lang.invoke.DirectMethodHandle$Holder.invokeVirtual(java.lang.Object, java.lang.Object, java.lang.Object, java.lang.Object, java.lang.Object, java.lang.Object, java.lang.Object, java.lang.Object, java.lang.Object, java.lang.Object)'> (0x000000070d7ab3b0) 
thrown [s\open\src\hotspot\share\interpreter\linkResolver.cpp, line 774]
Event: 3.200 Thread 0x00000163b42d9050 Exception <a 'java/lang/NoSuchMethodError'{0x000000070b8d1ba0}: 'void java.lang.invoke.DirectMethodHandle$Holder.invokeVirtual(java.lang.Object, java.lang.Object)'> (0x000000070b8d1ba0) 
thrown [s\open\src\hotspot\share\interpreter\linkResolver.cpp, line 774]
Event: 3.202 Thread 0x00000163b42d9050 Exception <a 'java/lang/NoSuchMethodError'{0x000000070b8dc438}: 'void java.lang.invoke.DirectMethodHandle$Holder.invokeVirtual(java.lang.Object, java.lang.Object, java.lang.Object, java.lang.Object)'> (0x000000070b8dc438) 
thrown [s\open\src\hotspot\share\interpreter\linkResolver.cpp, line 774]
Event: 3.210 Thread 0x00000163b42d9050 Exception <a 'java/lang/NoSuchMethodError'{0x000000070b937810}: 'java.lang.Object java.lang.invoke.DirectMethodHandle$Holder.invokeVirtual(java.lang.Object, java.lang.Object, java.lang.Object, java.lang.Object, java.lang.Object, java.lang.Object)'> (0x000000070b937810) 
thrown [s\open\src\hotspot\share\interpreter\linkResolver.cpp, line 774]
Event: 3.225 Thread 0x00000163b42d9050 Exception <a 'java/lang/NoSuchMethodError'{0x000000070b6261c8}: 'java.lang.Object java.lang.invoke.DirectMethodHandle$Holder.invokeVirtual(java.lang.Object, java.lang.Object, java.lang.Object, java.lang.Object, java.lang.Object)'> (0x000000070b6261c8) 
thrown [s\open\src\hotspot\share\interpreter\linkResolver.cpp, line 774]
Event: 3.228 Thread 0x00000163b42d9050 Exception <a 'java/lang/NoSuchMethodError'{0x000000070b644d38}: 'java.lang.Object java.lang.invoke.DirectMethodHandle$Holder.invokeVirtual(java.lang.Object, java.lang.Object, long)'> (0x000000070b644d38) 
thrown [s\open\src\hotspot\share\interpreter\linkResolver.cpp, line 774]
Event: 3.525 Thread 0x00000163b42d9050 Exception <a 'sun/nio/fs/WindowsException'{0x000000070a4940c0}> (0x000000070a4940c0) 
thrown [s\open\src\hotspot\share\prims\jni.cpp, line 517]
Event: 3.525 Thread 0x00000163b42d9050 Exception <a 'sun/nio/fs/WindowsException'{0x000000070a494380}> (0x000000070a494380) 
thrown [s\open\src\hotspot\share\prims\jni.cpp, line 517]
Event: 3.525 Thread 0x00000163b42d9050 Exception <a 'sun/nio/fs/WindowsException'{0x000000070a495280}> (0x000000070a495280) 
thrown [s\open\src\hotspot\share\prims\jni.cpp, line 517]
Event: 3.525 Thread 0x00000163b42d9050 Exception <a 'sun/nio/fs/WindowsException'{0x000000070a4955d0}> (0x000000070a4955d0) 
thrown [s\open\src\hotspot\share\prims\jni.cpp, line 517]
Event: 3.525 Thread 0x00000163b42d9050 Exception <a 'sun/nio/fs/WindowsException'{0x000000070a4965b0}> (0x000000070a4965b0) 
thrown [s\open\src\hotspot\share\prims\jni.cpp, line 517]
Event: 3.525 Thread 0x00000163b42d9050 Exception <a 'sun/nio/fs/WindowsException'{0x000000070a496880}> (0x000000070a496880) 
thrown [s\open\src\hotspot\share\prims\jni.cpp, line 517]
Event: 3.590 Thread 0x00000163b42d9050 Exception <a 'sun/nio/fs/WindowsException'{0x000000070b8d7470}> (0x000000070b8d7470) 
thrown [s\open\src\hotspot\share\prims\jni.cpp, line 517]
Event: 3.590 Thread 0x00000163b42d9050 Exception <a 'sun/nio/fs/WindowsException'{0x000000070b8d7730}> (0x000000070b8d7730) 
thrown [s\open\src\hotspot\share\prims\jni.cpp, line 517]
Event: 3.591 Thread 0x00000163b42d9050 Exception <a 'sun/nio/fs/WindowsException'{0x000000070b8d8630}> (0x000000070b8d8630) 
thrown [s\open\src\hotspot\share\prims\jni.cpp, line 517]
Event: 3.591 Thread 0x00000163b42d9050 Exception <a 'sun/nio/fs/WindowsException'{0x000000070b8d8980}> (0x000000070b8d8980) 
thrown [s\open\src\hotspot\share\prims\jni.cpp, line 517]
Event: 3.591 Thread 0x00000163b42d9050 Exception <a 'sun/nio/fs/WindowsException'{0x000000070b8d9960}> (0x000000070b8d9960) 
thrown [s\open\src\hotspot\share\prims\jni.cpp, line 517]
Event: 3.591 Thread 0x00000163b42d9050 Exception <a 'sun/nio/fs/WindowsException'{0x000000070b8d9c30}> (0x000000070b8d9c30) 
thrown [s\open\src\hotspot\share\prims\jni.cpp, line 517]

VM Operations (20 events):
Event: 2.513 Executing VM operation: G1PauseRemark done
Event: 2.517 Executing VM operation: G1PauseCleanup
Event: 2.517 Executing VM operation: G1PauseCleanup done
Event: 2.849 Executing VM operation: ICBufferFull
Event: 2.849 Executing VM operation: ICBufferFull done
Event: 2.963 Executing VM operation: G1CollectForAllocation
Event: 2.970 Executing VM operation: G1CollectForAllocation done
Event: 2.986 Executing VM operation: G1CollectForAllocation
Event: 2.990 Executing VM operation: G1CollectForAllocation done
Event: 3.107 Executing VM operation: G1CollectForAllocation
Event: 3.108 Executing VM operation: G1CollectForAllocation done
Event: 3.353 Executing VM operation: G1CollectForAllocation
Event: 3.356 Executing VM operation: G1CollectForAllocation done
Event: 3.424 Executing VM operation: HandshakeAllThreads
Event: 3.438 Executing VM operation: HandshakeAllThreads done
Event: 3.466 Executing VM operation: G1CollectForAllocation
Event: 3.470 Executing VM operation: G1CollectForAllocation done
Event: 3.562 Executing VM operation: G1CollectForAllocation
Event: 3.567 Executing VM operation: G1CollectForAllocation done
Event: 3.655 Executing VM operation: G1CollectForAllocation

Events (20 events):
Event: 2.247 Thread 0x00000163d739ad00 flushing nmethod 0x00000163bcdb7090
Event: 2.247 Thread 0x00000163d739ad00 flushing nmethod 0x00000163bcdb7410
Event: 2.247 Thread 0x00000163d739ad00 flushing nmethod 0x00000163bcdbc010
Event: 2.247 Thread 0x00000163d739ad00 flushing nmethod 0x00000163bcdc0510
Event: 2.247 Thread 0x00000163d739ad00 flushing nmethod 0x00000163bcdc3810
Event: 2.247 Thread 0x00000163d739ad00 flushing nmethod 0x00000163bcdc6a10
Event: 2.247 Thread 0x00000163d739ad00 flushing nmethod 0x00000163bcdc6f10
Event: 2.247 Thread 0x00000163d739ad00 flushing nmethod 0x00000163bcdc7710
Event: 2.836 Thread 0x00000163e01cb010 Thread exited: 0x00000163e01cb010
Event: 3.067 Thread 0x00000163e1bd59f0 Thread added: 0x00000163e1bd59f0
Event: 3.452 Thread 0x00000163d739ad00 flushing nmethod 0x00000163bcdba310
Event: 3.452 Thread 0x00000163d739ad00 flushing nmethod 0x00000163bcdbb310
Event: 3.452 Thread 0x00000163d739ad00 flushing nmethod 0x00000163bcdbec90
Event: 3.452 Thread 0x00000163d739ad00 flushing nmethod 0x00000163bcdc1d10
Event: 3.452 Thread 0x00000163d739ad00 flushing nmethod 0x00000163bcdc9210
Event: 3.452 Thread 0x00000163d739ad00 flushing nmethod 0x00000163bcdc9d10
Event: 3.452 Thread 0x00000163d739ad00 flushing nmethod 0x00000163bcdca590
Event: 3.452 Thread 0x00000163d739ad00 flushing nmethod 0x00000163bcdddb10
Event: 3.452 Thread 0x00000163d739ad00 flushing nmethod 0x00000163bcdddf10
Event: 3.452 Thread 0x00000163d739ad00 flushing nmethod 0x00000163bcdde510


Dynamic libraries:
0x00007ff73da80000 - 0x00007ff73da90000 	C:\Program Files\Java\jdk-19\bin\java.exe
0x00007ff939f30000 - 0x00007ff93a144000 	C:\WINDOWS\SYSTEM32\ntdll.dll
0x00007ff9393f0000 - 0x00007ff9394b2000 	C:\WINDOWS\System32\KERNEL32.DLL
0x00007ff9377a0000 - 0x00007ff937b43000 	C:\WINDOWS\System32\KERNELBASE.dll
0x00007ff92ef10000 - 0x00007ff92ef2b000 	C:\Program Files\Java\jdk-19\bin\VCRUNTIME140.dll
0x00007ff937300000 - 0x00007ff937411000 	C:\WINDOWS\System32\ucrtbase.dll
0x00007ff92eef0000 - 0x00007ff92ef08000 	C:\Program Files\Java\jdk-19\bin\jli.dll
0x00007ff9397c0000 - 0x00007ff93986e000 	C:\WINDOWS\System32\ADVAPI32.dll
0x00007ff938f00000 - 0x00007ff938fa7000 	C:\WINDOWS\System32\msvcrt.dll
0x00007ff937ce0000 - 0x00007ff937d84000 	C:\WINDOWS\System32\sechost.dll
0x00007ff9392a0000 - 0x00007ff9393b7000 	C:\WINDOWS\System32\RPCRT4.dll
0x00007ff9390b0000 - 0x00007ff93925a000 	C:\WINDOWS\System32\USER32.dll
0x00007ff937420000 - 0x00007ff937446000 	C:\WINDOWS\System32\win32u.dll
0x00007ff918920000 - 0x00007ff918bae000 	C:\WINDOWS\WinSxS\amd64_microsoft.windows.common-controls_6595b64144ccf1df_6.0.22621.1635_none_270f70857386168e\COMCTL32.dll
0x00007ff939790000 - 0x00007ff9397b9000 	C:\WINDOWS\System32\GDI32.dll
0x00007ff937b50000 - 0x00007ff937c69000 	C:\WINDOWS\System32\gdi32full.dll
0x00007ff937450000 - 0x00007ff9374ea000 	C:\WINDOWS\System32\msvcp_win.dll
0x00007ff92fc30000 - 0x00007ff92fc3a000 	C:\WINDOWS\SYSTEM32\VERSION.dll
0x00007ff939260000 - 0x00007ff939291000 	C:\WINDOWS\System32\IMM32.DLL
0x00007ff92eee0000 - 0x00007ff92eeec000 	C:\Program Files\Java\jdk-19\bin\vcruntime140_1.dll
0x00007ff8ce670000 - 0x00007ff8ce6fe000 	C:\Program Files\Java\jdk-19\bin\msvcp140.dll
0x00007ff8cd9b0000 - 0x00007ff8ce670000 	C:\Program Files\Java\jdk-19\bin\server\jvm.dll
0x00007ff92d400000 - 0x00007ff92d434000 	C:\WINDOWS\SYSTEM32\WINMM.dll
0x00007ff931b80000 - 0x00007ff931b89000 	C:\WINDOWS\SYSTEM32\WSOCK32.dll
0x00007ff939640000 - 0x00007ff9396b1000 	C:\WINDOWS\System32\WS2_32.dll
0x00007ff936430000 - 0x00007ff936448000 	C:\WINDOWS\SYSTEM32\kernel.appcore.dll
0x00007ff917950000 - 0x00007ff91795a000 	C:\Program Files\Java\jdk-19\bin\jimage.dll
0x00007ff934750000 - 0x00007ff93497e000 	C:\WINDOWS\SYSTEM32\DBGHELP.DLL
0x00007ff938b70000 - 0x00007ff938ef9000 	C:\WINDOWS\System32\combase.dll
0x00007ff9394c0000 - 0x00007ff939597000 	C:\WINDOWS\System32\OLEAUT32.dll
0x00007ff931d90000 - 0x00007ff931dc2000 	C:\WINDOWS\SYSTEM32\dbgcore.DLL
0x00007ff9374f0000 - 0x00007ff93756a000 	C:\WINDOWS\System32\bcryptPrimitives.dll
0x00007ff930de0000 - 0x00007ff930dee000 	C:\Program Files\Java\jdk-19\bin\instrument.dll
0x00007ff8d28d0000 - 0x00007ff8d28f6000 	C:\Program Files\Java\jdk-19\bin\java.dll
0x00007ff8cd5d0000 - 0x00007ff8cd6a7000 	C:\Program Files\Java\jdk-19\bin\jsvml.dll
0x00007ff938020000 - 0x00007ff938819000 	C:\WINDOWS\System32\SHELL32.dll
0x00007ff9352c0000 - 0x00007ff935b8e000 	C:\WINDOWS\SYSTEM32\windows.storage.dll
0x00007ff935180000 - 0x00007ff9352be000 	C:\WINDOWS\SYSTEM32\wintypes.dll
0x00007ff938a70000 - 0x00007ff938b61000 	C:\WINDOWS\System32\SHCORE.dll
0x00007ff937f30000 - 0x00007ff937f8e000 	C:\WINDOWS\System32\shlwapi.dll
0x00007ff937230000 - 0x00007ff937256000 	C:\WINDOWS\SYSTEM32\profapi.dll
0x00007ff8cd060000 - 0x00007ff8cd078000 	C:\Program Files\Java\jdk-19\bin\zip.dll
0x00007ff8cd470000 - 0x00007ff8cd483000 	C:\Program Files\Java\jdk-19\bin\net.dll
0x00007ff92eff0000 - 0x00007ff92f127000 	C:\WINDOWS\SYSTEM32\WINHTTP.dll
0x00007ff9368b0000 - 0x00007ff936919000 	C:\WINDOWS\system32\mswsock.dll
0x00007ff8cd450000 - 0x00007ff8cd466000 	C:\Program Files\Java\jdk-19\bin\nio.dll
0x00007ff9245e0000 - 0x00007ff9245fa000 	C:\Program Files\JetBrains\IntelliJ IDEA 2022.1.2\bin\breakgen64.dll
0x00007ff911960000 - 0x00007ff911968000 	C:\Program Files\Java\jdk-19\bin\extnet.dll
0x0000000069ac0000 - 0x0000000069ae4000 	C:\Users\99293\AppData\Local\Temp\jansi-2.4.0-54d070c4a7f9c321-jansi.dll
0x00007ff910f60000 - 0x00007ff910f70000 	C:\Program Files\Java\jdk-19\bin\verify.dll

dbghelp: loaded successfully - version: 4.0.5 - missing functions: none
symbol engine: initialized successfully - sym options: 0x614 - pdb path: .;C:\Program Files\Java\jdk-19\bin;C:\WINDOWS\SYSTEM32;C:\WINDOWS\WinSxS\amd64_microsoft.windows.common-controls_6595b64144ccf1df_6.0.22621.1635_none_270f70857386168e;C:\Program Files\Java\jdk-19\bin\server;C:\Program Files\JetBrains\IntelliJ IDEA 2022.1.2\bin;C:\Users\99293\AppData\Local\Temp

VM Arguments:
jvm_args: -Dmaven.multiModuleProjectDirectory=D:\unitedStates duplicates original -Dmaven.home=C:\Users\99293\.m2\wrapper\dists\apache-maven-3.8.6-bin\1ks0nkde5v1pk9vtc31i9d0lcd\apache-maven-3.8.6 -Dclassworlds.conf=C:\Users\99293\.m2\wrapper\dists\apache-maven-3.8.6-bin\1ks0nkde5v1pk9vtc31i9d0lcd\apache-maven-3.8.6\bin\m2.conf -Dmaven.ext.class.path=C:\Program Files\JetBrains\IntelliJ IDEA 2022.1.2\plugins\maven\lib\maven-event-listener.jar -javaagent:C:\Program Files\JetBrains\IntelliJ IDEA 2022.1.2\lib\idea_rt.jar=57150:C:\Program Files\JetBrains\IntelliJ IDEA 2022.1.2\bin -Dfile.encoding=UTF-8 
java_command: org.codehaus.classworlds.Launcher -Didea.version=2022.1.2 package
java_class_path (initial): C:\Users\99293\.m2\wrapper\dists\apache-maven-3.8.6-bin\1ks0nkde5v1pk9vtc31i9d0lcd\apache-maven-3.8.6\boot\plexus-classworlds-2.6.0.jar;C:\Users\99293\.m2\wrapper\dists\apache-maven-3.8.6-bin\1ks0nkde5v1pk9vtc31i9d0lcd\apache-maven-3.8.6\boot\plexus-classworlds.license
Launcher Type: SUN_STANDARD

[Global flags]
     intx CICompilerCount                          = 12                                        {product} {ergonomic}
     uint ConcGCThreads                            = 3                                         {product} {ergonomic}
     uint G1ConcRefinementThreads                  = 13                                        {product} {ergonomic}
   size_t G1HeapRegionSize                         = 2097152                                   {product} {ergonomic}
    uintx GCDrainStackTargetSize                   = 64                                        {product} {ergonomic}
   size_t InitialHeapSize                          = 264241152                                 {product} {ergonomic}
   size_t MarkStackSize                            = 4194304                                   {product} {ergonomic}
   size_t MaxHeapSize                              = 4196401152                                {product} {ergonomic}
   size_t MaxNewSize                               = 2516582400                                {product} {ergonomic}
   size_t MinHeapDeltaBytes                        = 2097152                                   {product} {ergonomic}
   size_t MinHeapSize                              = 8388608                                   {product} {ergonomic}
    uintx NonNMethodCodeHeapSize                   = 7602480                                {pd product} {ergonomic}
    uintx NonProfiledCodeHeapSize                  = 122027880                              {pd product} {ergonomic}
    uintx ProfiledCodeHeapSize                     = 122027880                              {pd product} {ergonomic}
    uintx ReservedCodeCacheSize                    = 251658240                              {pd product} {ergonomic}
     bool SegmentedCodeCache                       = true                                      {product} {ergonomic}
   size_t SoftMaxHeapSize                          = 4196401152                             {manageable} {ergonomic}
     bool UseCompressedClassPointers               = true                           {product lp64_product} {ergonomic}
     bool UseCompressedOops                        = true                           {product lp64_product} {ergonomic}
     bool UseG1GC                                  = true                                      {product} {ergonomic}
     bool UseLargePagesIndividualAllocation        = false                                  {pd product} {ergonomic}

Logging:
Log output configuration:
 #0: stdout all=warning uptime,level,tags foldmultilines=false
 #1: stderr all=off uptime,level,tags foldmultilines=false

Environment Variables:
PATH=C:\Program Files\Common Files\Oracle\Java\javapath;C:\Windows\system32;C:\Windows;C:\Windows\System32\Wbem;C:\Windows\System32\WindowsPowerShell\v1.0\;C:\Windows\System32\OpenSSH\;C:\Program Files (x86)\NVIDIA Corporation\PhysX\Common;C:\Program Files\NVIDIA Corporation\NVIDIA NvDLISR;C:\Program Files\Git\cmd;C:\Program Files (x86)\dotnet\;%SystemRoot%\system32;%SystemRoot%;%SystemRoot%\System32\Wbem;%SYSTEMROOT%\System32\WindowsPowerShell\v1.0\;%SYSTEMROOT%\System32\OpenSSH\;C:\Users\99293\AppData\Local\Programs\Python\Python311\Scripts\;C:\Users\99293\AppData\Local\Programs\Python\Python311\;C:\Users\99293\AppData\Local\Microsoft\WindowsApps;;C:\Program Files\JetBrains\IntelliJ IDEA 2022.1.2\bin;;C:\Program Files\heroku\bin
USERNAME=ASUS
OS=Windows_NT
PROCESSOR_IDENTIFIER=Intel64 Family 6 Model 154 Stepping 3, GenuineIntel
TMP=C:\Users\99293\AppData\Local\Temp
TEMP=C:\Users\99293\AppData\Local\Temp



---------------  S Y S T E M  ---------------

OS:
 Windows 11 , 64 bit Build 22621 (10.0.22621.1928)
OS uptime: 1 days 0:54 hours
Hyper-V role detected

CPU: total 16 (initial active 16) (8 cores per cpu, 2 threads per core) family 6 model 154 stepping 3 microcode 0x41c, cx8, cmov, fxsr, ht, mmx, 3dnowpref, sse, sse2, sse3, ssse3, sse4.1, sse4.2, popcnt, lzcnt, tsc, tscinvbit, avx, avx2, aes, erms, clmul, bmi1, bmi2, adx, sha, fma, vzeroupper, clflush, clflushopt, clwb, hv, serialize, rdtscp, rdpid, fsrm

Memory: 4k page, system-wide physical 16005M (2958M free)
TotalPageFile size 18053M (AvailPageFile size 26M)
current process WorkingSet (physical memory assigned to process): 345M, peak: 351M
current process commit charge ("private bytes"): 424M, peak: 478M

vm_info: Java HotSpot(TM) 64-Bit Server VM (19.0.2+7-44) for windows-amd64 JRE (19.0.2+7-44), built on 2022-11-30T18:02:09Z by "mach5one" with MS VC++ 17.1 (VS2022)

END.
